
============================= C1-compiled nmethod ==============================
----------------------------------- Assembly -----------------------------------

Compiled method (c1) 74    1       3       java.lang.Byte::toUnsignedInt (6 bytes)
 total in heap  [0x0,0x0] = 464
 main code      [0x0,0x0] = 184
 stub code      [0x0,0x0] = 32
 mutable data [0x0,0x0] = 48
 relocation     [0x0,0x0] = 40
 metadata       [0x0,0x0] = 8
 immutable data [0x0,0x0] = 100
 dependencies   [0x0,0x0] = 8
 scopes pcs     [0x0,0x0] = 64
 scopes data    [0x0,0x0] = 24

[Disassembly]
--------------------------------------------------------------------------------
[Constant Pool (empty)]

--------------------------------------------------------------------------------

[Verified Entry Point]
  # {method} {0x0} &apos;toUnsignedInt&apos; &apos;(B)I&apos; in &apos;java/lang/Byte&apos;
  # parm0:    rsi       = byte
  #           [sp+0x0]  (sp of caller)
  0x0:   mov    %eax,-0x0(%rsp)
  0x0:   push   %rbp
  0x0:   sub    $0x0,%rsp
  0x0:   cmpl   $0x0,0x0(%r15)
  0x0:   je     0x0
  0x0:   call   Stub::method_entry_barrier_stub (stub gen)
                                                            ;   {runtime_call Stub::method_entry_barrier_stub (stub gen)}
  0x0:   movabs $0x0,%rax         ;   {metadata(method data for {method} {0x0} &apos;toUnsignedInt&apos; &apos;(B)I&apos; in &apos;java/lang/Byte&apos;)}
  0x0:   mov    0x0(%rax),%edi
  0x0:   add    $0x0,%edi
  0x0:   mov    %edi,0x0(%rax)
  0x0:   and    $0x0,%edi
  0x0:   test   %edi,%edi
  0x0:   je     0x0           ;*iload_0 {reexecute=0 rethrow=0 return_oop=0}
                                                            ; - java.lang.Byte::toUnsignedInt@0 (line 554)
  0x0:   and    $0x0,%esi
  0x0:   mov    %rsi,%rax
  0x0:   add    $0x0,%rsp
  0x0:   pop    %rbp
  0x0:   cmp    0x0(%r15),%rsp              ;   {poll_return}
  0x0:   ja     0x0
  0x0:   ret    
  0x0:   movabs $0x0,%r10             ;   {metadata({method} {0x0} &apos;toUnsignedInt&apos; &apos;(B)I&apos; in &apos;java/lang/Byte&apos;)}
  0x0:   mov    %r10,0x0(%rsp)
  0x0:   movq   $0x0,(%rsp)
  0x0:   call   0x0           ; ImmutableOopMap {}
                                                            ;*synchronization entry
                                                            ; - java.lang.Byte::toUnsignedInt@-1 (line 554)
                                                            ;   {runtime_call counter_overflow_blob (C1 runtime)}
  0x0:   jmp    0x0
  0x0:   movabs $0x0,%r10         ;   {internal_word}
  0x0:   mov    %r10,0x0(%r15)
  0x0:   jmp    0x0           ;   {runtime_call SafepointBlob}
  0x0:   mov    0x0(%r15),%rax
  0x0:   movq   $0x0,0x0(%r15)
  0x0:   movq   $0x0,0x0(%r15)
  0x0:   add    $0x0,%rsp
  0x0:   pop    %rbp
  0x0:   jmp    0x0           ;   {runtime_call unwind_exception_blob (C1 runtime)}
  0x0:   hlt    
  0x0:   hlt    
[Exception Handler]
  0x0:   call   0x0           ;   {runtime_call handle_exception_from_callee_blob (C1 runtime)}
  0x0:   movabs $0x0,%rdi         ;   {external_word}
  0x0:   and    $0x0,%rsp
  0x0:   call   0x0           ;   {runtime_call MacroAssembler::debug64(char*, long, long*)}
  0x0:   hlt    
  0x0:   call   0x0           ;   {runtime_call DeoptimizationBlob}
[Deopt Handler Entry Point]
  0x0:   jmp    0x0
--------------------------------------------------------------------------------
[/Disassembly]
