
============================= C1-compiled nmethod ==============================
----------------------------------- Assembly -----------------------------------

Compiled method (c1) 1740  104       3       java.util.concurrent.ConcurrentHashMap::setTabAt (19 bytes)
 total in heap  [0x000077b45800fc88,0x000077b45800ffc8] = 832
 main code      [0x000077b45800fd80,0x000077b45800ff98] = 536
 stub code      [0x000077b45800ff98,0x000077b45800ffc8] = 48
 mutable data [0x000077b3e8016940,0x000077b3e8016980] = 64
 relocation     [0x000077b3e8016940,0x000077b3e8016978] = 56
 metadata       [0x000077b3e8016978,0x000077b3e8016980] = 8
 immutable data [0x000077b3e8016dc0,0x000077b3e8016e6c] = 172
 dependencies   [0x000077b3e8016dc0,0x000077b3e8016dc8] = 8
 scopes pcs     [0x000077b3e8016dc8,0x000077b3e8016e38] = 112
 scopes data    [0x000077b3e8016e38,0x000077b3e8016e68] = 48

[Disassembly]
--------------------------------------------------------------------------------
[Constant Pool (empty)]

--------------------------------------------------------------------------------

[Verified Entry Point]
  # {method} {0x0000000046484b20} &apos;setTabAt&apos; &apos;([Ljava/util/concurrent/ConcurrentHashMap$Node;ILjava/util/concurrent/ConcurrentHashMap$Node;)V&apos; in &apos;java/util/concurrent/ConcurrentHashMap&apos;
  # parm0:    rsi:rsi   = &apos;[Ljava/util/concurrent/ConcurrentHashMap$Node;&apos;
  # parm1:    rdx       = int
  # parm2:    rcx:rcx   = &apos;java/util/concurrent/ConcurrentHashMap$Node&apos;
  #           [sp+0x50]  (sp of caller)
  0x000077b45800fd80:   mov    %eax,-0x14000(%rsp)
  0x000077b45800fd87:   push   %rbp
  0x000077b45800fd88:   sub    $0x40,%rsp
  0x000077b45800fd8c:   cmpl   $0x1,0x20(%r15)
  0x000077b45800fd94:   je     0x000077b45800fd9b
  0x000077b45800fd96:   call   Stub::method_entry_barrier_stub (stub gen)
                                                            ;   {runtime_call Stub::method_entry_barrier_stub (stub gen)}
  0x000077b45800fd9b:   mov    %rcx,%r8
  0x000077b45800fd9e:   movabs $0x77b414028cd0,%rcx         ;   {metadata(method data for {method} {0x0000000046484b20} &apos;setTabAt&apos; &apos;([Ljava/util/concurrent/ConcurrentHashMap$Node;ILjava/util/concurrent/ConcurrentHashMap$Node;)V&apos; in &apos;java/util/concurrent/ConcurrentHashMap&apos;)}
  0x000077b45800fda8:   mov    0x90(%rcx),%edi
  0x000077b45800fdae:   add    $0x2,%edi
  0x000077b45800fdb1:   mov    %edi,0x90(%rcx)
  0x000077b45800fdb7:   and    $0x7fe,%edi
  0x000077b45800fdbd:   test   %edi,%edi
  0x000077b45800fdbf:   je     0x000077b45800ff34           ;*getstatic U {reexecute=0 rethrow=0 return_oop=0}
                                                            ; - java.util.concurrent.ConcurrentHashMap::setTabAt@0 (line 783)
  0x000077b45800fdc5:   movabs $0x77b414028cd0,%rcx         ;   {metadata(method data for {method} {0x0000000046484b20} &apos;setTabAt&apos; &apos;([Ljava/util/concurrent/ConcurrentHashMap$Node;ILjava/util/concurrent/ConcurrentHashMap$Node;)V&apos; in &apos;java/util/concurrent/ConcurrentHashMap&apos;)}
  0x000077b45800fdcf:   lea    0x108(%rcx),%rcx
  0x000077b45800fdd6:   test   %rsi,%rsi
  0x000077b45800fdd9:   jne    0x000077b45800fde9
  0x000077b45800fddb:   testb  $0x1,0x8(%rcx)
  0x000077b45800fddf:   jne    0x000077b45800fe30
  0x000077b45800fde1:   lock orq $0x1,0x8(%rcx)
  0x000077b45800fde7:   jmp    0x000077b45800fe30
  0x000077b45800fde9:   mov    0x8(%rsi),%edi
  0x000077b45800fdec:   mov    $0x46000000,%r10d
  0x000077b45800fdf2:   add    %r10,%rdi
  0x000077b45800fdf5:   mov    %rdi,%r10
  0x000077b45800fdf8:   xor    0x8(%rcx),%rdi
  0x000077b45800fdfc:   test   $0xfffffffffffffffc,%rdi
  0x000077b45800fe03:   je     0x000077b45800fe30
  0x000077b45800fe05:   test   $0x2,%dil
  0x000077b45800fe09:   jne    0x000077b45800fe30
  0x000077b45800fe0b:   testq  $0xfffffffffffffffe,0x8(%rcx)
  0x000077b45800fe13:   je     0x000077b45800fe2c
  0x000077b45800fe15:   mov    %r10,%rdi
  0x000077b45800fe18:   xor    0x8(%rcx),%rdi
  0x000077b45800fe1c:   test   $0xfffffffffffffffc,%rdi
  0x000077b45800fe23:   je     0x000077b45800fe30
  0x000077b45800fe25:   orq    $0x2,0x8(%rcx)
  0x000077b45800fe2a:   jmp    0x000077b45800fe30
  0x000077b45800fe2c:   mov    %rdi,0x8(%rcx)
  0x000077b45800fe30:   test   %r8,%r8
  0x000077b45800fe33:   jne    0x000077b45800fe43
  0x000077b45800fe35:   testb  $0x1,0x18(%rcx)
  0x000077b45800fe39:   jne    0x000077b45800fe8b
  0x000077b45800fe3b:   lock orq $0x1,0x18(%rcx)
  0x000077b45800fe41:   jmp    0x000077b45800fe8b
  0x000077b45800fe43:   mov    0x8(%r8),%edi
  0x000077b45800fe47:   mov    $0x46000000,%r10d
  0x000077b45800fe4d:   add    %r10,%rdi
  0x000077b45800fe50:   mov    %rdi,%r10
  0x000077b45800fe53:   xor    0x18(%rcx),%rdi
  0x000077b45800fe57:   test   $0xfffffffffffffffc,%rdi
  0x000077b45800fe5e:   je     0x000077b45800fe8b
  0x000077b45800fe60:   test   $0x2,%dil
  0x000077b45800fe64:   jne    0x000077b45800fe8b
  0x000077b45800fe66:   testq  $0xfffffffffffffffe,0x18(%rcx)
  0x000077b45800fe6e:   je     0x000077b45800fe87
  0x000077b45800fe70:   mov    %r10,%rdi
  0x000077b45800fe73:   xor    0x18(%rcx),%rdi
  0x000077b45800fe77:   test   $0xfffffffffffffffc,%rdi
  0x000077b45800fe7e:   je     0x000077b45800fe8b
  0x000077b45800fe80:   orq    $0x2,0x18(%rcx)
  0x000077b45800fe85:   jmp    0x000077b45800fe8b
  0x000077b45800fe87:   mov    %rdi,0x18(%rcx)
  0x000077b45800fe8b:   movabs $0x41f801628,%rdi            ;   {oop(a &apos;jdk/internal/misc/Unsafe&apos;{0x000000041f801628})}
  0x000077b45800fe95:   mov    %rdi,%rcx
  0x000077b45800fe98:   movabs $0x77b414028cd0,%rbx         ;   {metadata(method data for {method} {0x0000000046484b20} &apos;setTabAt&apos; &apos;([Ljava/util/concurrent/ConcurrentHashMap$Node;ILjava/util/concurrent/ConcurrentHashMap$Node;)V&apos; in &apos;java/util/concurrent/ConcurrentHashMap&apos;)}
  0x000077b45800fea2:   mov    0x8(%rcx),%ecx
  0x000077b45800fea5:   mov    $0x46000000,%r10d
  0x000077b45800feab:   add    %r10,%rcx
  0x000077b45800feae:   mov    $0x1c,%r10d
  0x000077b45800feb4:   cmp    (%rbx,%r10,8),%rcx
  0x000077b45800feb8:   je     0x000077b45800fef1
  0x000077b45800feba:   add    $0x2,%r10
  0x000077b45800febe:   cmp    $0x20,%r10
  0x000077b45800fec2:   jne    0x000077b45800feb4
  0x000077b45800fec4:   mov    $0x1c,%r10d
  0x000077b45800feca:   cmpq   $0x0,(%rbx,%r10,8)
  0x000077b45800fecf:   je     0x000077b45800fedd
  0x000077b45800fed1:   add    $0x2,%r10
  0x000077b45800fed5:   cmp    $0x20,%r10
  0x000077b45800fed9:   jne    0x000077b45800feca
  0x000077b45800fedb:   jmp    0x000077b45800fee9
  0x000077b45800fedd:   push   %rax
  0x000077b45800fede:   xor    %rax,%rax
  0x000077b45800fee1:   cmpxchg %rcx,(%rbx,%r10,8)
  0x000077b45800fee6:   pop    %rax
  0x000077b45800fee7:   jmp    0x000077b45800feae
  0x000077b45800fee9:   mov    $0x1b,%r10d
  0x000077b45800feef:   jmp    0x000077b45800fef5
  0x000077b45800fef1:   add    $0x1,%r10
  0x000077b45800fef5:   addq   $0x1,(%rbx,%r10,8)
  0x000077b45800fefa:   movslq %edx,%rdx
  0x000077b45800fefd:   mov    $0x2,%ecx
  0x000077b45800ff02:   shl    %cl,%rdx
  0x000077b45800ff05:   mov    %rdx,%rcx
  0x000077b45800ff08:   mov    $0x10,%r10d
  0x000077b45800ff0e:   add    %r10,%rcx
  0x000077b45800ff11:   mov    %rsi,%rdx
  0x000077b45800ff14:   mov    %rdi,%rsi                    ;*invokevirtual putReferenceRelease {reexecute=0 rethrow=0 return_oop=0}
                                                            ; - java.util.concurrent.ConcurrentHashMap::setTabAt@15 (line 783)
  0x000077b45800ff17:   call   0x000077b45f4ad9e0           ; ImmutableOopMap {}
                                                            ;*invokevirtual putReferenceRelease {reexecute=0 rethrow=0 return_oop=0}
                                                            ; - java.util.concurrent.ConcurrentHashMap::setTabAt@15 (line 783)
                                                            ;   {optimized virtual_call}
  0x000077b45800ff1c:   nopl   0x294(%rax,%rax,1)           ;*invokevirtual putReferenceRelease {reexecute=0 rethrow=0 return_oop=0}
                                                            ; - java.util.concurrent.ConcurrentHashMap::setTabAt@15 (line 783)
                                                            ;   {post_call_nop}
  0x000077b45800ff24:   add    $0x40,%rsp
  0x000077b45800ff28:   pop    %rbp
  0x000077b45800ff29:   cmp    0x28(%r15),%rsp              ;   {poll_return}
  0x000077b45800ff2d:   ja     0x000077b45800ff55
  0x000077b45800ff33:   ret    
  0x000077b45800ff34:   movabs $0x46484b20,%r10             ;   {metadata({method} {0x0000000046484b20} &apos;setTabAt&apos; &apos;([Ljava/util/concurrent/ConcurrentHashMap$Node;ILjava/util/concurrent/ConcurrentHashMap$Node;)V&apos; in &apos;java/util/concurrent/ConcurrentHashMap&apos;)}
  0x000077b45800ff3e:   mov    %r10,0x8(%rsp)
  0x000077b45800ff43:   movq   $0xffffffffffffffff,(%rsp)
  0x000077b45800ff4b:   call   0x000077b45f582fe0           ; ImmutableOopMap {rsi=Oop r8=Oop }
                                                            ;*synchronization entry
                                                            ; - java.util.concurrent.ConcurrentHashMap::setTabAt@-1 (line 783)
                                                            ;   {runtime_call counter_overflow_blob (C1 runtime)}
  0x000077b45800ff50:   jmp    0x000077b45800fdc5
  0x000077b45800ff55:   movabs $0x77b45800ff29,%r10         ;   {internal_word}
  0x000077b45800ff5f:   mov    %r10,0x510(%r15)
  0x000077b45800ff66:   jmp    0x000077b45f4afb60           ;   {runtime_call SafepointBlob}
  0x000077b45800ff6b:   mov    0x5c0(%r15),%rax
  0x000077b45800ff72:   movq   $0x0,0x5c0(%r15)
  0x000077b45800ff7d:   movq   $0x0,0x5c8(%r15)
  0x000077b45800ff88:   add    $0x40,%rsp
  0x000077b45800ff8c:   pop    %rbp
  0x000077b45800ff8d:   jmp    0x000077b45f57b760           ;   {runtime_call unwind_exception_blob (C1 runtime)}
  0x000077b45800ff92:   hlt    
  0x000077b45800ff93:   hlt    
  0x000077b45800ff94:   hlt    
  0x000077b45800ff95:   hlt    
  0x000077b45800ff96:   hlt    
  0x000077b45800ff97:   hlt    
[Stub Code]
  0x000077b45800ff98:   movabs $0x0,%rbx                    ;   {static_stub}
  0x000077b45800ffa2:   jmp    0x000077b45800ffa2           ;   {runtime_call nmethod}
[Exception Handler]
  0x000077b45800ffa7:   call   0x000077b45f57ede0           ;   {runtime_call handle_exception_from_callee_blob (C1 runtime)}
  0x000077b45800ffac:   movabs $0x77b478d3aec4,%rdi         ;   {external_word}
  0x000077b45800ffb6:   and    $0xfffffffffffffff0,%rsp
  0x000077b45800ffba:   call   0x000077b478791cc0           ;   {runtime_call MacroAssembler::debug64(char*, long, long*)}
  0x000077b45800ffbf:   hlt    
  0x000077b45800ffc0:   call   0x000077b45f4afe60           ;   {runtime_call DeoptimizationBlob}
[Deopt Handler Entry Point]
  0x000077b45800ffc5:   jmp    0x000077b45800ffc0
  0x000077b45800ffc7:   hlt    
--------------------------------------------------------------------------------
[/Disassembly]
