
============================= C1-compiled nmethod ==============================
----------------------------------- Assembly -----------------------------------

Compiled method (c1) 19462 1078       3       jdk.internal.classfile.impl.AbstractPoolEntry$ClassEntryImpl::&lt;init&gt; (22 bytes)
 total in heap  [0x000077b4580ae888,0x000077b4580aeb38] = 688
 main code      [0x000077b4580ae980,0x000077b4580aeb08] = 392
 stub code      [0x000077b4580aeb08,0x000077b4580aeb38] = 48
 mutable data [0x000077b3e8292470,0x000077b3e82924b0] = 64
 relocation     [0x000077b3e8292470,0x000077b3e82924a8] = 56
 metadata       [0x000077b3e82924a8,0x000077b3e82924b0] = 8
 immutable data [0x000077b3e82922b0,0x000077b3e8292394] = 228
 dependencies   [0x000077b3e82922b0,0x000077b3e82922b8] = 8
 scopes pcs     [0x000077b3e82922b8,0x000077b3e8292348] = 144
 scopes data    [0x000077b3e8292348,0x000077b3e8292390] = 72

[Disassembly]
--------------------------------------------------------------------------------
[Constant Pool (empty)]

--------------------------------------------------------------------------------

[Instructions begin]
  0x000077b4580ae980:   data16 data16 nopw 0x0(%rax,%rax,1)
  0x000077b4580ae98b:   data16 data16 xchg %ax,%ax
  0x000077b4580ae98f:   data16 xchg %ax,%ax
[Entry Point]
  # {method} {0x00000000463416e0} &apos;&lt;init&gt;&apos; &apos;(Ljava/lang/classfile/constantpool/ConstantPool;ILjdk/internal/classfile/impl/AbstractPoolEntry$Utf8EntryImpl;ILjava/lang/constant/ClassDesc;)V&apos; in &apos;jdk/internal/classfile/impl/AbstractPoolEntry$ClassEntryImpl&apos;
  # this:     rsi:rsi   = &apos;jdk/internal/classfile/impl/AbstractPoolEntry$ClassEntryImpl&apos;
  # parm0:    rdx:rdx   = &apos;java/lang/classfile/constantpool/ConstantPool&apos;
  # parm1:    rcx       = int
  # parm2:    r8:r8     = &apos;jdk/internal/classfile/impl/AbstractPoolEntry$Utf8EntryImpl&apos;
  # parm3:    r9        = int
  # parm4:    rdi:rdi   = &apos;java/lang/constant/ClassDesc&apos;
  #           [sp+0x60]  (sp of caller)
  0x000077b4580ae992:   mov    0x8(%rsi),%r10d
  0x000077b4580ae996:   cmp    0x8(%rax),%r10d
  0x000077b4580ae99a:   jne    0x000077b45f4ad6e0           ;   {runtime_call ic_miss_blob (shared runtime)}
[Verified Entry Point]
  0x000077b4580ae9a0:   mov    %eax,-0x14000(%rsp)
  0x000077b4580ae9a7:   push   %rbp
  0x000077b4580ae9a8:   sub    $0x50,%rsp
  0x000077b4580ae9ac:   cmpl   $0x1,0x20(%r15)
  0x000077b4580ae9b4:   je     0x000077b4580ae9bb
  0x000077b4580ae9b6:   call   Stub::method_entry_barrier_stub (stub gen)
                                                            ;   {runtime_call Stub::method_entry_barrier_stub (stub gen)}
  0x000077b4580ae9bb:   mov    %rcx,%rbx
  0x000077b4580ae9be:   mov    %r8,%rax
  0x000077b4580ae9c1:   movabs $0x77b41422b670,%rcx         ;   {metadata(method data for {method} {0x00000000463416e0} &apos;&lt;init&gt;&apos; &apos;(Ljava/lang/classfile/constantpool/ConstantPool;ILjdk/internal/classfile/impl/AbstractPoolEntry$Utf8EntryImpl;ILjava/lang/constant/ClassDesc;)V&apos; in &apos;jdk/internal/classfile/impl/AbstractPoolEntry$ClassEntryImpl&apos;)}
  0x000077b4580ae9cb:   mov    0x90(%rcx),%r8d
  0x000077b4580ae9d2:   add    $0x2,%r8d
  0x000077b4580ae9d6:   mov    %r8d,0x90(%rcx)
  0x000077b4580ae9dd:   and    $0x7fe,%r8d
  0x000077b4580ae9e4:   test   %r8d,%r8d
  0x000077b4580ae9e7:   je     0x000077b4580aea93           ;*aload_0 {reexecute=0 rethrow=0 return_oop=0}
                                                            ; - jdk.internal.classfile.impl.AbstractPoolEntry$ClassEntryImpl::&lt;init&gt;@0 (line 598)
  0x000077b4580ae9ed:   mov    %rdi,0x40(%rsp)
  0x000077b4580ae9f2:   mov    %r9d,0x38(%rsp)
  0x000077b4580ae9f7:   mov    %rsi,%rcx
  0x000077b4580ae9fa:   movabs $0x77b41422b670,%r8          ;   {metadata(method data for {method} {0x00000000463416e0} &apos;&lt;init&gt;&apos; &apos;(Ljava/lang/classfile/constantpool/ConstantPool;ILjdk/internal/classfile/impl/AbstractPoolEntry$Utf8EntryImpl;ILjava/lang/constant/ClassDesc;)V&apos; in &apos;jdk/internal/classfile/impl/AbstractPoolEntry$ClassEntryImpl&apos;)}
  0x000077b4580aea04:   addq   $0x1,0xd8(%r8)
  0x000077b4580aea0c:   mov    $0x7,%ecx
  0x000077b4580aea11:   mov    %rbx,%r8
  0x000077b4580aea14:   mov    %rax,%r9
  0x000077b4580aea17:   mov    %rsi,%rax
  0x000077b4580aea1a:   mov    %rax,%rsi                    ;*invokespecial &lt;init&gt; {reexecute=0 rethrow=0 return_oop=0}
                                                            ; - jdk.internal.classfile.impl.AbstractPoolEntry$ClassEntryImpl::&lt;init&gt;@6 (line 598)
  0x000077b4580aea1d:   mov    %rax,0x30(%rsp)
  0x000077b4580aea22:   nopl   0x0(%rax,%rax,1)
  0x000077b4580aea27:   call   0x000077b45f4ad9e0           ; ImmutableOopMap {[48]=Oop [64]=Oop }
                                                            ;*invokespecial &lt;init&gt; {reexecute=0 rethrow=0 return_oop=0}
                                                            ; - jdk.internal.classfile.impl.AbstractPoolEntry$ClassEntryImpl::&lt;init&gt;@6 (line 598)
                                                            ;   {optimized virtual_call}
  0x000077b4580aea2c:   nopl   0x1a4(%rax,%rax,1)           ;*invokespecial &lt;init&gt; {reexecute=0 rethrow=0 return_oop=0}
                                                            ; - jdk.internal.classfile.impl.AbstractPoolEntry$ClassEntryImpl::&lt;init&gt;@6 (line 598)
                                                            ;   {post_call_nop}
  0x000077b4580aea34:   mov    0x30(%rsp),%rsi
  0x000077b4580aea39:   mov    0x38(%rsp),%r9d
  0x000077b4580aea3e:   mov    %r9d,0x20(%rsi)              ;*putfield hash {reexecute=0 rethrow=0 return_oop=0}
                                                            ; - jdk.internal.classfile.impl.AbstractPoolEntry$ClassEntryImpl::&lt;init&gt;@12 (line 599)
  0x000077b4580aea42:   movsbl 0x48(%r15),%edi
  0x000077b4580aea47:   test   %edi,%edi
  0x000077b4580aea49:   jne    0x000077b4580aeab4
  0x000077b4580aea4f:   mov    0x40(%rsp),%rdi
  0x000077b4580aea54:   mov    %rdi,%r10
  0x000077b4580aea57:   shr    $0x3,%r10
  0x000077b4580aea5b:   mov    %r10d,0x1c(%rsi)
  0x000077b4580aea5f:   mov    %rsi,%rax
  0x000077b4580aea62:   xor    %rdi,%rax
  0x000077b4580aea65:   shr    $0x17,%rax
  0x000077b4580aea69:   je     0x000077b4580aea83
  0x000077b4580aea6b:   test   %rdi,%rdi
  0x000077b4580aea6e:   je     0x000077b4580aea83
  0x000077b4580aea70:   mov    %rsi,%rax
  0x000077b4580aea73:   shr    $0x9,%rax
  0x000077b4580aea77:   add    0x50(%r15),%rax
  0x000077b4580aea7b:   cmpb   $0xff,(%rax)
  0x000077b4580aea7e:   jne    0x000077b4580aea83
  0x000077b4580aea80:   movb   $0x0,(%rax)                  ;*putfield sym {reexecute=0 rethrow=0 return_oop=0}
                                                            ; - jdk.internal.classfile.impl.AbstractPoolEntry$ClassEntryImpl::&lt;init&gt;@18 (line 600)
  0x000077b4580aea83:   add    $0x50,%rsp
  0x000077b4580aea87:   pop    %rbp
  0x000077b4580aea88:   cmp    0x28(%r15),%rsp              ;   {poll_return}
  0x000077b4580aea8c:   ja     0x000077b4580aeacb
  0x000077b4580aea92:   ret    
  0x000077b4580aea93:   movabs $0x463416e0,%r10             ;   {metadata({method} {0x00000000463416e0} &apos;&lt;init&gt;&apos; &apos;(Ljava/lang/classfile/constantpool/ConstantPool;ILjdk/internal/classfile/impl/AbstractPoolEntry$Utf8EntryImpl;ILjava/lang/constant/ClassDesc;)V&apos; in &apos;jdk/internal/classfile/impl/AbstractPoolEntry$ClassEntryImpl&apos;)}
  0x000077b4580aea9d:   mov    %r10,0x8(%rsp)
  0x000077b4580aeaa2:   movq   $0xffffffffffffffff,(%rsp)
  0x000077b4580aeaaa:   call   0x000077b45f582fe0           ; ImmutableOopMap {rsi=Oop rdx=Oop rax=Oop rdi=Oop }
                                                            ;*synchronization entry
                                                            ; - jdk.internal.classfile.impl.AbstractPoolEntry$ClassEntryImpl::&lt;init&gt;@-1 (line 598)
                                                            ;   {runtime_call counter_overflow_blob (C1 runtime)}
  0x000077b4580aeaaf:   jmp    0x000077b4580ae9ed
  0x000077b4580aeab4:   mov    0x1c(%rsi),%edi
  0x000077b4580aeab7:   shl    $0x3,%rdi
  0x000077b4580aeabb:   test   %rdi,%rdi
  0x000077b4580aeabe:   je     0x000077b4580aea4f
  0x000077b4580aeac0:   mov    %rdi,(%rsp)
  0x000077b4580aeac4:   call   0x000077b45f583a60           ;   {runtime_call g1_pre_barrier_slow}
  0x000077b4580aeac9:   jmp    0x000077b4580aea4f
  0x000077b4580aeacb:   movabs $0x77b4580aea88,%r10         ;   {internal_word}
  0x000077b4580aead5:   mov    %r10,0x510(%r15)
  0x000077b4580aeadc:   jmp    0x000077b45f4afb60           ;   {runtime_call SafepointBlob}
  0x000077b4580aeae1:   mov    0x5c0(%r15),%rax
  0x000077b4580aeae8:   movq   $0x0,0x5c0(%r15)
  0x000077b4580aeaf3:   movq   $0x0,0x5c8(%r15)
  0x000077b4580aeafe:   add    $0x50,%rsp
  0x000077b4580aeb02:   pop    %rbp
  0x000077b4580aeb03:   jmp    0x000077b45f57b760           ;   {runtime_call unwind_exception_blob (C1 runtime)}
[Stub Code]
  0x000077b4580aeb08:   movabs $0x0,%rbx                    ;   {static_stub}
  0x000077b4580aeb12:   jmp    0x000077b4580aeb12           ;   {runtime_call nmethod}
[Exception Handler]
  0x000077b4580aeb17:   call   0x000077b45f57ede0           ;   {runtime_call handle_exception_from_callee_blob (C1 runtime)}
  0x000077b4580aeb1c:   movabs $0x77b478d3aec4,%rdi         ;   {external_word}
  0x000077b4580aeb26:   and    $0xfffffffffffffff0,%rsp
  0x000077b4580aeb2a:   call   0x000077b478791cc0           ;   {runtime_call MacroAssembler::debug64(char*, long, long*)}
  0x000077b4580aeb2f:   hlt    
  0x000077b4580aeb30:   call   0x000077b45f4afe60           ;   {runtime_call DeoptimizationBlob}
[Deopt Handler Entry Point]
  0x000077b4580aeb35:   jmp    0x000077b4580aeb30
  0x000077b4580aeb37:   hlt    
--------------------------------------------------------------------------------
[/Disassembly]
