
============================= C1-compiled nmethod ==============================
----------------------------------- Assembly -----------------------------------

Compiled method (c1) 19570 1085       3       java.lang.classfile.constantpool.ConstantPoolBuilder::nameAndTypeEntry (21 bytes)
 total in heap  [0x000077b4580afc88,0x000077b4580b0060] = 984
 main code      [0x000077b4580afd80,0x000077b4580b0008] = 648
 stub code      [0x000077b4580b0008,0x000077b4580b0060] = 88
 mutable data [0x000077b3fc10c870,0x000077b3fc10c8d8] = 104
 relocation     [0x000077b3fc10c870,0x000077b3fc10c8d0] = 96
 metadata       [0x000077b3fc10c8d0,0x000077b3fc10c8d8] = 8
 immutable data [0x000077b470285fa0,0x000077b4702860d4] = 308
 dependencies   [0x000077b470285fa0,0x000077b470285fa8] = 8
 scopes pcs     [0x000077b470285fa8,0x000077b470286078] = 208
 scopes data    [0x000077b470286078,0x000077b4702860d0] = 88

[Disassembly]
--------------------------------------------------------------------------------
[Constant Pool (empty)]

--------------------------------------------------------------------------------

[Instructions begin]
  0x000077b4580afd80:   data16 data16 nopw 0x0(%rax,%rax,1)
  0x000077b4580afd8b:   data16 data16 xchg %ax,%ax
  0x000077b4580afd8f:   data16 xchg %ax,%ax
[Entry Point]
  # {method} {0x000000004633cfa0} &apos;nameAndTypeEntry&apos; &apos;(Ljava/lang/String;Ljava/lang/constant/ClassDesc;)Ljava/lang/classfile/constantpool/NameAndTypeEntry;&apos; in &apos;java/lang/classfile/constantpool/ConstantPoolBuilder&apos;
  # this:     rsi:rsi   = &apos;java/lang/classfile/constantpool/ConstantPoolBuilder&apos;
  # parm0:    rdx:rdx   = &apos;java/lang/String&apos;
  # parm1:    rcx:rcx   = &apos;java/lang/constant/ClassDesc&apos;
  #           [sp+0x60]  (sp of caller)
  0x000077b4580afd92:   mov    0x8(%rsi),%r10d
  0x000077b4580afd96:   cmp    0x8(%rax),%r10d
  0x000077b4580afd9a:   jne    0x000077b45f4ad6e0           ;   {runtime_call ic_miss_blob (shared runtime)}
[Verified Entry Point]
  0x000077b4580afda0:   mov    %eax,-0x14000(%rsp)
  0x000077b4580afda7:   push   %rbp
  0x000077b4580afda8:   sub    $0x50,%rsp
  0x000077b4580afdac:   cmpl   $0x1,0x20(%r15)
  0x000077b4580afdb4:   je     0x000077b4580afdbb
  0x000077b4580afdb6:   call   Stub::method_entry_barrier_stub (stub gen)
                                                            ;   {runtime_call Stub::method_entry_barrier_stub (stub gen)}
  0x000077b4580afdbb:   movabs $0x77b4145b9020,%rdi         ;   {metadata(method data for {method} {0x000000004633cfa0} &apos;nameAndTypeEntry&apos; &apos;(Ljava/lang/String;Ljava/lang/constant/ClassDesc;)Ljava/lang/classfile/constantpool/NameAndTypeEntry;&apos; in &apos;java/lang/classfile/constantpool/ConstantPoolBuilder&apos;)}
  0x000077b4580afdc5:   mov    0x90(%rdi),%ebx
  0x000077b4580afdcb:   add    $0x2,%ebx
  0x000077b4580afdce:   mov    %ebx,0x90(%rdi)
  0x000077b4580afdd4:   and    $0x7fe,%ebx
  0x000077b4580afdda:   test   %ebx,%ebx
  0x000077b4580afddc:   je     0x000077b4580affa4           ;*aload_0 {reexecute=0 rethrow=0 return_oop=0}
                                                            ; - java.lang.classfile.constantpool.ConstantPoolBuilder::nameAndTypeEntry@0 (line 262)
  0x000077b4580afde2:   mov    %rcx,0x30(%rsp)
  0x000077b4580afde7:   mov    %rsi,%rdi
  0x000077b4580afdea:   movabs $0x77b4145b9020,%rbx         ;   {metadata(method data for {method} {0x000000004633cfa0} &apos;nameAndTypeEntry&apos; &apos;(Ljava/lang/String;Ljava/lang/constant/ClassDesc;)Ljava/lang/classfile/constantpool/NameAndTypeEntry;&apos; in &apos;java/lang/classfile/constantpool/ConstantPoolBuilder&apos;)}
  0x000077b4580afdf4:   mov    0x8(%rdi),%edi
  0x000077b4580afdf7:   mov    $0x46000000,%r10d
  0x000077b4580afdfd:   add    %r10,%rdi
  0x000077b4580afe00:   mov    $0x1c,%r10d
  0x000077b4580afe06:   cmp    (%rbx,%r10,8),%rdi
  0x000077b4580afe0a:   je     0x000077b4580afe43
  0x000077b4580afe0c:   add    $0x2,%r10
  0x000077b4580afe10:   cmp    $0x20,%r10
  0x000077b4580afe14:   jne    0x000077b4580afe06
  0x000077b4580afe16:   mov    $0x1c,%r10d
  0x000077b4580afe1c:   cmpq   $0x0,(%rbx,%r10,8)
  0x000077b4580afe21:   je     0x000077b4580afe2f
  0x000077b4580afe23:   add    $0x2,%r10
  0x000077b4580afe27:   cmp    $0x20,%r10
  0x000077b4580afe2b:   jne    0x000077b4580afe1c
  0x000077b4580afe2d:   jmp    0x000077b4580afe3b
  0x000077b4580afe2f:   push   %rax
  0x000077b4580afe30:   xor    %rax,%rax
  0x000077b4580afe33:   cmpxchg %rdi,(%rbx,%r10,8)
  0x000077b4580afe38:   pop    %rax
  0x000077b4580afe39:   jmp    0x000077b4580afe00
  0x000077b4580afe3b:   mov    $0x1b,%r10d
  0x000077b4580afe41:   jmp    0x000077b4580afe47
  0x000077b4580afe43:   add    $0x1,%r10
  0x000077b4580afe47:   addq   $0x1,(%rbx,%r10,8)
  0x000077b4580afe4c:   mov    %rsi,%rdi
  0x000077b4580afe4f:   mov    %rdi,%rsi                    ;*invokeinterface utf8Entry {reexecute=0 rethrow=0 return_oop=0}
                                                            ; - java.lang.classfile.constantpool.ConstantPoolBuilder::nameAndTypeEntry@3 (line 262)
  0x000077b4580afe52:   mov    %rdi,0x28(%rsp)
  0x000077b4580afe57:   nopw   0x0(%rax,%rax,1)
  0x000077b4580afe5d:   movabs $0x77b3fc10aca0,%rax
  0x000077b4580afe67:   call   0x000077b45f4adce0           ; ImmutableOopMap {[40]=Oop [48]=Oop }
                                                            ;*invokeinterface utf8Entry {reexecute=0 rethrow=0 return_oop=0}
                                                            ; - java.lang.classfile.constantpool.ConstantPoolBuilder::nameAndTypeEntry@3 (line 262)
                                                            ;   {virtual_call}
  0x000077b4580afe6c:   nopl   0x1e4(%rax,%rax,1)           ;*invokeinterface utf8Entry {reexecute=0 rethrow=0 return_oop=0}
                                                            ; - java.lang.classfile.constantpool.ConstantPoolBuilder::nameAndTypeEntry@3 (line 262)
                                                            ;   {post_call_nop}
  0x000077b4580afe74:   mov    0x28(%rsp),%rsi
  0x000077b4580afe79:   movabs $0x77b4145b9020,%rdx         ;   {metadata(method data for {method} {0x000000004633cfa0} &apos;nameAndTypeEntry&apos; &apos;(Ljava/lang/String;Ljava/lang/constant/ClassDesc;)Ljava/lang/classfile/constantpool/NameAndTypeEntry;&apos; in &apos;java/lang/classfile/constantpool/ConstantPoolBuilder&apos;)}
  0x000077b4580afe83:   mov    0x8(%rsi),%esi
  0x000077b4580afe86:   mov    $0x46000000,%r10d
  0x000077b4580afe8c:   add    %r10,%rsi
  0x000077b4580afe8f:   mov    $0x22,%r10d
  0x000077b4580afe95:   cmp    (%rdx,%r10,8),%rsi
  0x000077b4580afe99:   je     0x000077b4580afed2
  0x000077b4580afe9b:   add    $0x2,%r10
  0x000077b4580afe9f:   cmp    $0x26,%r10
  0x000077b4580afea3:   jne    0x000077b4580afe95
  0x000077b4580afea5:   mov    $0x22,%r10d
  0x000077b4580afeab:   cmpq   $0x0,(%rdx,%r10,8)
  0x000077b4580afeb0:   je     0x000077b4580afebe
  0x000077b4580afeb2:   add    $0x2,%r10
  0x000077b4580afeb6:   cmp    $0x26,%r10
  0x000077b4580afeba:   jne    0x000077b4580afeab
  0x000077b4580afebc:   jmp    0x000077b4580afeca
  0x000077b4580afebe:   push   %rax
  0x000077b4580afebf:   xor    %rax,%rax
  0x000077b4580afec2:   cmpxchg %rsi,(%rdx,%r10,8)
  0x000077b4580afec7:   pop    %rax
  0x000077b4580afec8:   jmp    0x000077b4580afe8f
  0x000077b4580afeca:   mov    $0x21,%r10d
  0x000077b4580afed0:   jmp    0x000077b4580afed6
  0x000077b4580afed2:   add    $0x1,%r10
  0x000077b4580afed6:   addq   $0x1,(%rdx,%r10,8)
  0x000077b4580afedb:   mov    0x30(%rsp),%rdx
  0x000077b4580afee0:   mov    0x28(%rsp),%rsi              ;*invokeinterface utf8Entry {reexecute=0 rethrow=0 return_oop=0}
                                                            ; - java.lang.classfile.constantpool.ConstantPoolBuilder::nameAndTypeEntry@10 (line 262)
  0x000077b4580afee5:   mov    %rax,0x38(%rsp)
  0x000077b4580afeea:   data16 xchg %ax,%ax
  0x000077b4580afeed:   movabs $0x77b3fc10acc8,%rax
  0x000077b4580afef7:   call   0x000077b45f4adce0           ; ImmutableOopMap {[40]=Oop [56]=Oop }
                                                            ;*invokeinterface utf8Entry {reexecute=0 rethrow=0 return_oop=0}
                                                            ; - java.lang.classfile.constantpool.ConstantPoolBuilder::nameAndTypeEntry@10 (line 262)
                                                            ;   {virtual_call}
  0x000077b4580afefc:   nopl   0x1000274(%rax,%rax,1)       ;*invokeinterface utf8Entry {reexecute=0 rethrow=0 return_oop=0}
                                                            ; - java.lang.classfile.constantpool.ConstantPoolBuilder::nameAndTypeEntry@10 (line 262)
                                                            ;   {post_call_nop}
  0x000077b4580aff04:   mov    0x28(%rsp),%rsi
  0x000077b4580aff09:   movabs $0x77b4145b9020,%rdx         ;   {metadata(method data for {method} {0x000000004633cfa0} &apos;nameAndTypeEntry&apos; &apos;(Ljava/lang/String;Ljava/lang/constant/ClassDesc;)Ljava/lang/classfile/constantpool/NameAndTypeEntry;&apos; in &apos;java/lang/classfile/constantpool/ConstantPoolBuilder&apos;)}
  0x000077b4580aff13:   mov    0x8(%rsi),%esi
  0x000077b4580aff16:   mov    $0x46000000,%r10d
  0x000077b4580aff1c:   add    %r10,%rsi
  0x000077b4580aff1f:   mov    $0x28,%r10d
  0x000077b4580aff25:   cmp    (%rdx,%r10,8),%rsi
  0x000077b4580aff29:   je     0x000077b4580aff62
  0x000077b4580aff2b:   add    $0x2,%r10
  0x000077b4580aff2f:   cmp    $0x2c,%r10
  0x000077b4580aff33:   jne    0x000077b4580aff25
  0x000077b4580aff35:   mov    $0x28,%r10d
  0x000077b4580aff3b:   cmpq   $0x0,(%rdx,%r10,8)
  0x000077b4580aff40:   je     0x000077b4580aff4e
  0x000077b4580aff42:   add    $0x2,%r10
  0x000077b4580aff46:   cmp    $0x2c,%r10
  0x000077b4580aff4a:   jne    0x000077b4580aff3b
  0x000077b4580aff4c:   jmp    0x000077b4580aff5a
  0x000077b4580aff4e:   push   %rax
  0x000077b4580aff4f:   xor    %rax,%rax
  0x000077b4580aff52:   cmpxchg %rsi,(%rdx,%r10,8)
  0x000077b4580aff57:   pop    %rax
  0x000077b4580aff58:   jmp    0x000077b4580aff1f
  0x000077b4580aff5a:   mov    $0x27,%r10d
  0x000077b4580aff60:   jmp    0x000077b4580aff66
  0x000077b4580aff62:   add    $0x1,%r10
  0x000077b4580aff66:   addq   $0x1,(%rdx,%r10,8)
  0x000077b4580aff6b:   mov    0x38(%rsp),%rdx
  0x000077b4580aff70:   mov    %rax,%rcx
  0x000077b4580aff73:   mov    0x28(%rsp),%rsi              ;*invokeinterface nameAndTypeEntry {reexecute=0 rethrow=0 return_oop=0}
                                                            ; - java.lang.classfile.constantpool.ConstantPoolBuilder::nameAndTypeEntry@15 (line 262)
  0x000077b4580aff78:   nopl   0x0(%rax,%rax,1)
  0x000077b4580aff7d:   movabs $0x77b3fc10acf0,%rax
  0x000077b4580aff87:   call   0x000077b45f4adce0           ; ImmutableOopMap {}
                                                            ;*invokeinterface nameAndTypeEntry {reexecute=0 rethrow=0 return_oop=0}
                                                            ; - java.lang.classfile.constantpool.ConstantPoolBuilder::nameAndTypeEntry@15 (line 262)
                                                            ;   {virtual_call}
  0x000077b4580aff8c:   nopl   0x2000304(%rax,%rax,1)       ;*invokeinterface nameAndTypeEntry {reexecute=0 rethrow=0 return_oop=0}
                                                            ; - java.lang.classfile.constantpool.ConstantPoolBuilder::nameAndTypeEntry@15 (line 262)
                                                            ;   {post_call_nop}
  0x000077b4580aff94:   add    $0x50,%rsp
  0x000077b4580aff98:   pop    %rbp
  0x000077b4580aff99:   cmp    0x28(%r15),%rsp              ;   {poll_return}
  0x000077b4580aff9d:   ja     0x000077b4580affc5
  0x000077b4580affa3:   ret    
  0x000077b4580affa4:   movabs $0x4633cfa0,%r10             ;   {metadata({method} {0x000000004633cfa0} &apos;nameAndTypeEntry&apos; &apos;(Ljava/lang/String;Ljava/lang/constant/ClassDesc;)Ljava/lang/classfile/constantpool/NameAndTypeEntry;&apos; in &apos;java/lang/classfile/constantpool/ConstantPoolBuilder&apos;)}
  0x000077b4580affae:   mov    %r10,0x8(%rsp)
  0x000077b4580affb3:   movq   $0xffffffffffffffff,(%rsp)
  0x000077b4580affbb:   call   0x000077b45f582fe0           ; ImmutableOopMap {rsi=Oop rdx=Oop rcx=Oop }
                                                            ;*synchronization entry
                                                            ; - java.lang.classfile.constantpool.ConstantPoolBuilder::nameAndTypeEntry@-1 (line 262)
                                                            ;   {runtime_call counter_overflow_blob (C1 runtime)}
  0x000077b4580affc0:   jmp    0x000077b4580afde2
  0x000077b4580affc5:   movabs $0x77b4580aff99,%r10         ;   {internal_word}
  0x000077b4580affcf:   mov    %r10,0x510(%r15)
  0x000077b4580affd6:   jmp    0x000077b45f4afb60           ;   {runtime_call SafepointBlob}
  0x000077b4580affdb:   mov    0x5c0(%r15),%rax
  0x000077b4580affe2:   movq   $0x0,0x5c0(%r15)
  0x000077b4580affed:   movq   $0x0,0x5c8(%r15)
  0x000077b4580afff8:   add    $0x50,%rsp
  0x000077b4580afffc:   pop    %rbp
  0x000077b4580afffd:   jmp    0x000077b45f57b760           ;   {runtime_call unwind_exception_blob (C1 runtime)}
  0x000077b4580b0002:   hlt    
  0x000077b4580b0003:   hlt    
  0x000077b4580b0004:   hlt    
  0x000077b4580b0005:   hlt    
  0x000077b4580b0006:   hlt    
  0x000077b4580b0007:   hlt    
[Stub Code]
  0x000077b4580b0008:   nopl   0x0(%rax,%rax,1)             ;   {other}
  0x000077b4580b000d:   movabs $0x0,%rbx                    ;   {static_stub}
  0x000077b4580b0017:   jmp    0x000077b4580b0017           ;   {runtime_call nmethod}
  0x000077b4580b001c:   nop
  0x000077b4580b001d:   movabs $0x0,%rbx                    ;   {static_stub}
  0x000077b4580b0027:   jmp    0x000077b4580b0027           ;   {runtime_call nmethod}
  0x000077b4580b002c:   nop
  0x000077b4580b002d:   movabs $0x0,%rbx                    ;   {static_stub}
  0x000077b4580b0037:   jmp    0x000077b4580b0037           ;   {runtime_call nmethod}
[Exception Handler]
  0x000077b4580b003c:   call   0x000077b45f57ede0           ;   {runtime_call handle_exception_from_callee_blob (C1 runtime)}
  0x000077b4580b0041:   movabs $0x77b478d3aec4,%rdi         ;   {external_word}
  0x000077b4580b004b:   and    $0xfffffffffffffff0,%rsp
  0x000077b4580b004f:   call   0x000077b478791cc0           ;   {runtime_call MacroAssembler::debug64(char*, long, long*)}
  0x000077b4580b0054:   hlt    
  0x000077b4580b0055:   call   0x000077b45f4afe60           ;   {runtime_call DeoptimizationBlob}
[Deopt Handler Entry Point]
  0x000077b4580b005a:   jmp    0x000077b4580b0055
  0x000077b4580b005c:   hlt    
  0x000077b4580b005d:   hlt    
  0x000077b4580b005e:   hlt    
  0x000077b4580b005f:   hlt    
--------------------------------------------------------------------------------
[/Disassembly]
