
============================= C1-compiled nmethod ==============================
----------------------------------- Assembly -----------------------------------

Compiled method (c1) 19684 1091       3       jdk.internal.classfile.impl.AbstractPoolEntry$AbstractRefEntry::writeTo (18 bytes)
 total in heap  [0x000077b4580b0508,0x000077b4580b08e0] = 984
 main code      [0x000077b4580b0600,0x000077b4580b0888] = 648
 stub code      [0x000077b4580b0888,0x000077b4580b08e0] = 88
 mutable data [0x000077b3fc10e120,0x000077b3fc10e188] = 104
 relocation     [0x000077b3fc10e120,0x000077b3fc10e180] = 96
 metadata       [0x000077b3fc10e180,0x000077b3fc10e188] = 8
 immutable data [0x000077b3fc04aa80,0x000077b3fc04ac04] = 388
 dependencies   [0x000077b3fc04aa80,0x000077b3fc04aa88] = 8
 nul chk table  [0x000077b3fc04aa88,0x000077b3fc04aaa0] = 24
 scopes pcs     [0x000077b3fc04aaa0,0x000077b3fc04aba0] = 256
 scopes data    [0x000077b3fc04aba0,0x000077b3fc04ac00] = 96

[Disassembly]
--------------------------------------------------------------------------------
[Constant Pool (empty)]

--------------------------------------------------------------------------------

[Instructions begin]
  0x000077b4580b0600:   data16 data16 nopw 0x0(%rax,%rax,1)
  0x000077b4580b060b:   data16 data16 xchg %ax,%ax
  0x000077b4580b060f:   data16 xchg %ax,%ax
[Entry Point]
  # {method} {0x0000000046340eb8} &apos;writeTo&apos; &apos;(Ljdk/internal/classfile/impl/BufWriterImpl;)V&apos; in &apos;jdk/internal/classfile/impl/AbstractPoolEntry$AbstractRefEntry&apos;
  # this:     rsi:rsi   = &apos;jdk/internal/classfile/impl/AbstractPoolEntry$AbstractRefEntry&apos;
  # parm0:    rdx:rdx   = &apos;jdk/internal/classfile/impl/BufWriterImpl&apos;
  #           [sp+0x50]  (sp of caller)
  0x000077b4580b0612:   mov    0x8(%rsi),%r10d
  0x000077b4580b0616:   cmp    0x8(%rax),%r10d
  0x000077b4580b061a:   jne    0x000077b45f4ad6e0           ;   {runtime_call ic_miss_blob (shared runtime)}
[Verified Entry Point]
  0x000077b4580b0620:   mov    %eax,-0x14000(%rsp)
  0x000077b4580b0627:   push   %rbp
  0x000077b4580b0628:   sub    $0x40,%rsp
  0x000077b4580b062c:   cmpl   $0x1,0x20(%r15)
  0x000077b4580b0634:   je     0x000077b4580b063b
  0x000077b4580b0636:   call   Stub::method_entry_barrier_stub (stub gen)
                                                            ;   {runtime_call Stub::method_entry_barrier_stub (stub gen)}
  0x000077b4580b063b:   movabs $0x77b41427f0a8,%rdi         ;   {metadata(method data for {method} {0x0000000046340eb8} &apos;writeTo&apos; &apos;(Ljdk/internal/classfile/impl/BufWriterImpl;)V&apos; in &apos;jdk/internal/classfile/impl/AbstractPoolEntry$AbstractRefEntry&apos;)}
  0x000077b4580b0645:   mov    0x90(%rdi),%ebx
  0x000077b4580b064b:   add    $0x2,%ebx
  0x000077b4580b064e:   mov    %ebx,0x90(%rdi)
  0x000077b4580b0654:   and    $0x7fe,%ebx
  0x000077b4580b065a:   test   %ebx,%ebx
  0x000077b4580b065c:   je     0x000077b4580b081c           ;*aload_1 {reexecute=0 rethrow=0 return_oop=0}
                                                            ; - jdk.internal.classfile.impl.AbstractPoolEntry$AbstractRefEntry::writeTo@0 (line 535)
  0x000077b4580b0662:   mov    %rdx,0x28(%rsp)
  0x000077b4580b0667:   mov    %rsi,%rdi
  0x000077b4580b066a:   movabs $0x77b41427f0a8,%rbx         ;   {metadata(method data for {method} {0x0000000046340eb8} &apos;writeTo&apos; &apos;(Ljdk/internal/classfile/impl/BufWriterImpl;)V&apos; in &apos;jdk/internal/classfile/impl/AbstractPoolEntry$AbstractRefEntry&apos;)}
  0x000077b4580b0674:   mov    0x8(%rdi),%edi
  0x000077b4580b0677:   mov    $0x46000000,%r10d
  0x000077b4580b067d:   add    %r10,%rdi
  0x000077b4580b0680:   mov    $0x1c,%r10d
  0x000077b4580b0686:   cmp    (%rbx,%r10,8),%rdi
  0x000077b4580b068a:   je     0x000077b4580b06c3
  0x000077b4580b068c:   add    $0x2,%r10
  0x000077b4580b0690:   cmp    $0x20,%r10
  0x000077b4580b0694:   jne    0x000077b4580b0686
  0x000077b4580b0696:   mov    $0x1c,%r10d
  0x000077b4580b069c:   cmpq   $0x0,(%rbx,%r10,8)
  0x000077b4580b06a1:   je     0x000077b4580b06af
  0x000077b4580b06a3:   add    $0x2,%r10
  0x000077b4580b06a7:   cmp    $0x20,%r10
  0x000077b4580b06ab:   jne    0x000077b4580b069c
  0x000077b4580b06ad:   jmp    0x000077b4580b06bb
  0x000077b4580b06af:   push   %rax
  0x000077b4580b06b0:   xor    %rax,%rax
  0x000077b4580b06b3:   cmpxchg %rdi,(%rbx,%r10,8)
  0x000077b4580b06b8:   pop    %rax
  0x000077b4580b06b9:   jmp    0x000077b4580b0680
  0x000077b4580b06bb:   mov    $0x1b,%r10d
  0x000077b4580b06c1:   jmp    0x000077b4580b06c7
  0x000077b4580b06c3:   add    $0x1,%r10
  0x000077b4580b06c7:   addq   $0x1,(%rbx,%r10,8)
  0x000077b4580b06cc:   mov    %rsi,%rdi
  0x000077b4580b06cf:   mov    %rdi,%rsi                    ;*invokevirtual tag {reexecute=0 rethrow=0 return_oop=0}
                                                            ; - jdk.internal.classfile.impl.AbstractPoolEntry$AbstractRefEntry::writeTo@2 (line 535)
  0x000077b4580b06d2:   mov    %rdi,0x20(%rsp)
  0x000077b4580b06d7:   nopw   0x0(%rax,%rax,1)
  0x000077b4580b06dd:   movabs $0x77b3fc10cbe0,%rax
  0x000077b4580b06e7:   call   0x000077b45f4adce0           ; ImmutableOopMap {[32]=Oop [40]=Oop }
                                                            ;*invokevirtual tag {reexecute=0 rethrow=0 return_oop=0}
                                                            ; - jdk.internal.classfile.impl.AbstractPoolEntry$AbstractRefEntry::writeTo@2 (line 535)
                                                            ;   {virtual_call}
  0x000077b4580b06ec:   nopl   0x1e4(%rax,%rax,1)           ;*invokevirtual tag {reexecute=0 rethrow=0 return_oop=0}
                                                            ; - jdk.internal.classfile.impl.AbstractPoolEntry$AbstractRefEntry::writeTo@2 (line 535)
                                                            ;   {post_call_nop}
  0x000077b4580b06f4:   mov    0x20(%rsp),%rsi
  0x000077b4580b06f9:   mov    0x18(%rsi),%esi
  0x000077b4580b06fc:   shl    $0x3,%rsi                    ;*getfield ref1 {reexecute=0 rethrow=0 return_oop=0}
                                                            ; - jdk.internal.classfile.impl.AbstractPoolEntry$AbstractRefEntry::writeTo@6 (line 535)
  0x000077b4580b0700:   cmp    (%rsi),%rax                  ; implicit exception: dispatches to 0x000077b4580b083d
                                                            ;*invokeinterface index {reexecute=0 rethrow=0 return_oop=0}
                                                            ; - jdk.internal.classfile.impl.AbstractPoolEntry$AbstractRefEntry::writeTo@9 (line 535)
  0x000077b4580b0703:   mov    %rsi,%rdi
  0x000077b4580b0706:   movabs $0x77b41427f0a8,%rbx         ;   {metadata(method data for {method} {0x0000000046340eb8} &apos;writeTo&apos; &apos;(Ljdk/internal/classfile/impl/BufWriterImpl;)V&apos; in &apos;jdk/internal/classfile/impl/AbstractPoolEntry$AbstractRefEntry&apos;)}
  0x000077b4580b0710:   mov    0x8(%rdi),%edi
  0x000077b4580b0713:   mov    $0x46000000,%r10d
  0x000077b4580b0719:   add    %r10,%rdi
  0x000077b4580b071c:   mov    $0x22,%r10d
  0x000077b4580b0722:   cmp    (%rbx,%r10,8),%rdi
  0x000077b4580b0726:   je     0x000077b4580b075f
  0x000077b4580b0728:   add    $0x2,%r10
  0x000077b4580b072c:   cmp    $0x26,%r10
  0x000077b4580b0730:   jne    0x000077b4580b0722
  0x000077b4580b0732:   mov    $0x22,%r10d
  0x000077b4580b0738:   cmpq   $0x0,(%rbx,%r10,8)
  0x000077b4580b073d:   je     0x000077b4580b074b
  0x000077b4580b073f:   add    $0x2,%r10
  0x000077b4580b0743:   cmp    $0x26,%r10
  0x000077b4580b0747:   jne    0x000077b4580b0738
  0x000077b4580b0749:   jmp    0x000077b4580b0757
  0x000077b4580b074b:   push   %rax
  0x000077b4580b074c:   xor    %rax,%rax
  0x000077b4580b074f:   cmpxchg %rdi,(%rbx,%r10,8)
  0x000077b4580b0754:   pop    %rax
  0x000077b4580b0755:   jmp    0x000077b4580b071c
  0x000077b4580b0757:   mov    $0x21,%r10d
  0x000077b4580b075d:   jmp    0x000077b4580b0763
  0x000077b4580b075f:   add    $0x1,%r10
  0x000077b4580b0763:   addq   $0x1,(%rbx,%r10,8)
  0x000077b4580b0768:   mov    %eax,0x30(%rsp)
  0x000077b4580b076c:   nop
  0x000077b4580b076d:   movabs $0x77b3fc10cc08,%rax
  0x000077b4580b0777:   call   0x000077b45f4adce0           ; ImmutableOopMap {[40]=Oop }
                                                            ;*invokeinterface index {reexecute=0 rethrow=0 return_oop=0}
                                                            ; - jdk.internal.classfile.impl.AbstractPoolEntry$AbstractRefEntry::writeTo@9 (line 535)
                                                            ;   {virtual_call}
  0x000077b4580b077c:   nopl   0x1000274(%rax,%rax,1)       ;*invokeinterface index {reexecute=0 rethrow=0 return_oop=0}
                                                            ; - jdk.internal.classfile.impl.AbstractPoolEntry$AbstractRefEntry::writeTo@9 (line 535)
                                                            ;   {post_call_nop}
  0x000077b4580b0784:   mov    0x28(%rsp),%rsi
  0x000077b4580b0789:   cmp    (%rsi),%rax                  ; implicit exception: dispatches to 0x000077b4580b0842
  0x000077b4580b078c:   mov    %rsi,%rdx
  0x000077b4580b078f:   movabs $0x77b41427f0a8,%rcx         ;   {metadata(method data for {method} {0x0000000046340eb8} &apos;writeTo&apos; &apos;(Ljdk/internal/classfile/impl/BufWriterImpl;)V&apos; in &apos;jdk/internal/classfile/impl/AbstractPoolEntry$AbstractRefEntry&apos;)}
  0x000077b4580b0799:   mov    0x8(%rdx),%edx
  0x000077b4580b079c:   mov    $0x46000000,%r10d
  0x000077b4580b07a2:   add    %r10,%rdx
  0x000077b4580b07a5:   mov    $0x28,%r10d
  0x000077b4580b07ab:   cmp    (%rcx,%r10,8),%rdx
  0x000077b4580b07af:   je     0x000077b4580b07e8
  0x000077b4580b07b1:   add    $0x2,%r10
  0x000077b4580b07b5:   cmp    $0x2c,%r10
  0x000077b4580b07b9:   jne    0x000077b4580b07ab
  0x000077b4580b07bb:   mov    $0x28,%r10d
  0x000077b4580b07c1:   cmpq   $0x0,(%rcx,%r10,8)
  0x000077b4580b07c6:   je     0x000077b4580b07d4
  0x000077b4580b07c8:   add    $0x2,%r10
  0x000077b4580b07cc:   cmp    $0x2c,%r10
  0x000077b4580b07d0:   jne    0x000077b4580b07c1
  0x000077b4580b07d2:   jmp    0x000077b4580b07e0
  0x000077b4580b07d4:   push   %rax
  0x000077b4580b07d5:   xor    %rax,%rax
  0x000077b4580b07d8:   cmpxchg %rdx,(%rcx,%r10,8)
  0x000077b4580b07dd:   pop    %rax
  0x000077b4580b07de:   jmp    0x000077b4580b07a5
  0x000077b4580b07e0:   mov    $0x27,%r10d
  0x000077b4580b07e6:   jmp    0x000077b4580b07ec
  0x000077b4580b07e8:   add    $0x1,%r10
  0x000077b4580b07ec:   addq   $0x1,(%rcx,%r10,8)
  0x000077b4580b07f1:   mov    0x30(%rsp),%edx
  0x000077b4580b07f5:   mov    %rax,%rcx                    ;*invokevirtual writeU1U2 {reexecute=0 rethrow=0 return_oop=0}
                                                            ; - jdk.internal.classfile.impl.AbstractPoolEntry$AbstractRefEntry::writeTo@14 (line 535)
  0x000077b4580b07f8:   nopl   0x0(%rax)
  0x000077b4580b07ff:   call   0x000077b45f4ad9e0           ; ImmutableOopMap {}
                                                            ;*invokevirtual writeU1U2 {reexecute=0 rethrow=0 return_oop=0}
                                                            ; - jdk.internal.classfile.impl.AbstractPoolEntry$AbstractRefEntry::writeTo@14 (line 535)
                                                            ;   {optimized virtual_call}
  0x000077b4580b0804:   nopl   0x20002fc(%rax,%rax,1)       ;*invokevirtual writeU1U2 {reexecute=0 rethrow=0 return_oop=0}
                                                            ; - jdk.internal.classfile.impl.AbstractPoolEntry$AbstractRefEntry::writeTo@14 (line 535)
                                                            ;   {post_call_nop}
  0x000077b4580b080c:   add    $0x40,%rsp
  0x000077b4580b0810:   pop    %rbp
  0x000077b4580b0811:   cmp    0x28(%r15),%rsp              ;   {poll_return}
  0x000077b4580b0815:   ja     0x000077b4580b0847
  0x000077b4580b081b:   ret    
  0x000077b4580b081c:   movabs $0x46340eb8,%r10             ;   {metadata({method} {0x0000000046340eb8} &apos;writeTo&apos; &apos;(Ljdk/internal/classfile/impl/BufWriterImpl;)V&apos; in &apos;jdk/internal/classfile/impl/AbstractPoolEntry$AbstractRefEntry&apos;)}
  0x000077b4580b0826:   mov    %r10,0x8(%rsp)
  0x000077b4580b082b:   movq   $0xffffffffffffffff,(%rsp)
  0x000077b4580b0833:   call   0x000077b45f582fe0           ; ImmutableOopMap {rsi=Oop rdx=Oop }
                                                            ;*synchronization entry
                                                            ; - jdk.internal.classfile.impl.AbstractPoolEntry$AbstractRefEntry::writeTo@-1 (line 535)
                                                            ;   {runtime_call counter_overflow_blob (C1 runtime)}
  0x000077b4580b0838:   jmp    0x000077b4580b0662
  0x000077b4580b083d:   call   0x000077b45f57c660           ; ImmutableOopMap {rsi=Oop [40]=Oop }
                                                            ;*invokeinterface index {reexecute=0 rethrow=0 return_oop=0}
                                                            ; - jdk.internal.classfile.impl.AbstractPoolEntry$AbstractRefEntry::writeTo@9 (line 535)
                                                            ;   {runtime_call throw_null_pointer_exception_blob (C1 runtime)}
  0x000077b4580b0842:   call   0x000077b45f57c660           ; ImmutableOopMap {rsi=Oop }
                                                            ;*invokevirtual writeU1U2 {reexecute=0 rethrow=0 return_oop=0}
                                                            ; - jdk.internal.classfile.impl.AbstractPoolEntry$AbstractRefEntry::writeTo@14 (line 535)
                                                            ;   {runtime_call throw_null_pointer_exception_blob (C1 runtime)}
  0x000077b4580b0847:   movabs $0x77b4580b0811,%r10         ;   {internal_word}
  0x000077b4580b0851:   mov    %r10,0x510(%r15)
  0x000077b4580b0858:   jmp    0x000077b45f4afb60           ;   {runtime_call SafepointBlob}
  0x000077b4580b085d:   mov    0x5c0(%r15),%rax
  0x000077b4580b0864:   movq   $0x0,0x5c0(%r15)
  0x000077b4580b086f:   movq   $0x0,0x5c8(%r15)
  0x000077b4580b087a:   add    $0x40,%rsp
  0x000077b4580b087e:   pop    %rbp
  0x000077b4580b087f:   jmp    0x000077b45f57b760           ;   {runtime_call unwind_exception_blob (C1 runtime)}
  0x000077b4580b0884:   hlt    
  0x000077b4580b0885:   hlt    
  0x000077b4580b0886:   hlt    
  0x000077b4580b0887:   hlt    
[Stub Code]
  0x000077b4580b0888:   nopl   0x0(%rax,%rax,1)             ;   {other}
  0x000077b4580b088d:   movabs $0x0,%rbx                    ;   {static_stub}
  0x000077b4580b0897:   jmp    0x000077b4580b0897           ;   {runtime_call nmethod}
  0x000077b4580b089c:   nop
  0x000077b4580b089d:   movabs $0x0,%rbx                    ;   {static_stub}
  0x000077b4580b08a7:   jmp    0x000077b4580b08a7           ;   {runtime_call nmethod}
  0x000077b4580b08ac:   movabs $0x0,%rbx                    ;   {static_stub}
  0x000077b4580b08b6:   jmp    0x000077b4580b08b6           ;   {runtime_call nmethod}
[Exception Handler]
  0x000077b4580b08bb:   call   0x000077b45f57ede0           ;   {runtime_call handle_exception_from_callee_blob (C1 runtime)}
  0x000077b4580b08c0:   movabs $0x77b478d3aec4,%rdi         ;   {external_word}
  0x000077b4580b08ca:   and    $0xfffffffffffffff0,%rsp
  0x000077b4580b08ce:   call   0x000077b478791cc0           ;   {runtime_call MacroAssembler::debug64(char*, long, long*)}
  0x000077b4580b08d3:   hlt    
  0x000077b4580b08d4:   call   0x000077b45f4afe60           ;   {runtime_call DeoptimizationBlob}
[Deopt Handler Entry Point]
  0x000077b4580b08d9:   jmp    0x000077b4580b08d4
  0x000077b4580b08db:   hlt    
  0x000077b4580b08dc:   hlt    
  0x000077b4580b08dd:   hlt    
  0x000077b4580b08de:   hlt    
  0x000077b4580b08df:   hlt    
--------------------------------------------------------------------------------
[/Disassembly]
