
============================= C1-compiled nmethod ==============================
----------------------------------- Assembly -----------------------------------

Compiled method (c1) 20345 1108       3       jdk.internal.classfile.impl.StackMapGenerator$Frame::decStack (29 bytes)
 total in heap  [0x000077b4580b5b88,0x000077b4580b5e78] = 752
 main code      [0x000077b4580b5c80,0x000077b4580b5e40] = 448
 stub code      [0x000077b4580b5e40,0x000077b4580b5e70] = 48
 oops           [0x000077b4580b5e70,0x000077b4580b5e78] = 8
 mutable data [0x000077b3e860a770,0x000077b3e860a7c8] = 88
 relocation     [0x000077b3e860a770,0x000077b3e860a7b8] = 72
 metadata       [0x000077b3e860a7b8,0x000077b3e860a7c8] = 16
 immutable data [0x000077b3e8509760,0x000077b3e8509934] = 468
 dependencies   [0x000077b3e8509760,0x000077b3e8509768] = 8
 nul chk table  [0x000077b3e8509768,0x000077b3e8509788] = 32
 scopes pcs     [0x000077b3e8509788,0x000077b3e85098b8] = 304
 scopes data    [0x000077b3e85098b8,0x000077b3e8509930] = 120

[Disassembly]
--------------------------------------------------------------------------------
[Constant Pool (empty)]

--------------------------------------------------------------------------------

[Instructions begin]
  0x000077b4580b5c80:   data16 data16 nopw 0x0(%rax,%rax,1)
  0x000077b4580b5c8b:   data16 data16 xchg %ax,%ax
  0x000077b4580b5c8f:   data16 xchg %ax,%ax
[Entry Point]
  # {method} {0x0000000046458bc0} &apos;decStack&apos; &apos;(I)Ljdk/internal/classfile/impl/StackMapGenerator$Frame;&apos; in &apos;jdk/internal/classfile/impl/StackMapGenerator$Frame&apos;
  # this:     rsi:rsi   = &apos;jdk/internal/classfile/impl/StackMapGenerator$Frame&apos;
  # parm0:    rdx       = int
  #           [sp+0x60]  (sp of caller)
  0x000077b4580b5c92:   mov    0x8(%rsi),%r10d
  0x000077b4580b5c96:   cmp    0x8(%rax),%r10d
  0x000077b4580b5c9a:   jne    0x000077b45f4ad6e0           ;   {runtime_call ic_miss_blob (shared runtime)}
[Verified Entry Point]
  0x000077b4580b5ca0:   mov    %eax,-0x14000(%rsp)
  0x000077b4580b5ca7:   push   %rbp
  0x000077b4580b5ca8:   sub    $0x50,%rsp
  0x000077b4580b5cac:   cmpl   $0x1,0x20(%r15)
  0x000077b4580b5cb4:   je     0x000077b4580b5cbb
  0x000077b4580b5cb6:   call   Stub::method_entry_barrier_stub (stub gen)
                                                            ;   {runtime_call Stub::method_entry_barrier_stub (stub gen)}
  0x000077b4580b5cbb:   movabs $0x77b4142a6a58,%rax         ;   {metadata(method data for {method} {0x0000000046458bc0} &apos;decStack&apos; &apos;(I)Ljdk/internal/classfile/impl/StackMapGenerator$Frame;&apos; in &apos;jdk/internal/classfile/impl/StackMapGenerator$Frame&apos;)}
  0x000077b4580b5cc5:   mov    0x90(%rax),%ecx
  0x000077b4580b5ccb:   add    $0x2,%ecx
  0x000077b4580b5cce:   mov    %ecx,0x90(%rax)
  0x000077b4580b5cd4:   and    $0x7fe,%ecx
  0x000077b4580b5cda:   test   %ecx,%ecx
  0x000077b4580b5cdc:   je     0x000077b4580b5dac           ;*aload_0 {reexecute=0 rethrow=0 return_oop=0}
                                                            ; - jdk.internal.classfile.impl.StackMapGenerator$Frame::decStack@0 (line 1022)
  0x000077b4580b5ce2:   mov    0x14(%rsi),%eax              ;*getfield stackSize {reexecute=0 rethrow=0 return_oop=0}
                                                            ; - jdk.internal.classfile.impl.StackMapGenerator$Frame::decStack@2 (line 1022)
  0x000077b4580b5ce5:   sub    %edx,%eax
  0x000077b4580b5ce7:   mov    %eax,0x14(%rsi)              ;*putfield stackSize {reexecute=0 rethrow=0 return_oop=0}
                                                            ; - jdk.internal.classfile.impl.StackMapGenerator$Frame::decStack@7 (line 1022)
  0x000077b4580b5cea:   test   %eax,%eax
  0x000077b4580b5cec:   movabs $0x77b4142a6a58,%rax         ;   {metadata(method data for {method} {0x0000000046458bc0} &apos;decStack&apos; &apos;(I)Ljdk/internal/classfile/impl/StackMapGenerator$Frame;&apos; in &apos;jdk/internal/classfile/impl/StackMapGenerator$Frame&apos;)}
  0x000077b4580b5cf6:   mov    $0xe8,%edx
  0x000077b4580b5cfb:   jl     0x000077b4580b5d02
  0x000077b4580b5cfd:   mov    $0xd8,%edx
  0x000077b4580b5d02:   mov    (%rax,%rdx,1),%rcx
  0x000077b4580b5d06:   lea    0x1(%rcx),%rcx
  0x000077b4580b5d0a:   mov    %rcx,(%rax,%rdx,1)
  0x000077b4580b5d0e:   jl     0x000077b4580b5d27           ;*ifge {reexecute=0 rethrow=0 return_oop=0}
                                                            ; - jdk.internal.classfile.impl.StackMapGenerator$Frame::decStack@14 (line 1023)
  0x000077b4580b5d14:   mov    %rsi,%rax
  0x000077b4580b5d17:   add    $0x50,%rsp
  0x000077b4580b5d1b:   pop    %rbp
  0x000077b4580b5d1c:   cmp    0x28(%r15),%rsp              ;   {poll_return}
  0x000077b4580b5d20:   ja     0x000077b4580b5dcd
  0x000077b4580b5d26:   ret                                 ;*areturn {reexecute=0 rethrow=0 return_oop=0}
                                                            ; - jdk.internal.classfile.impl.StackMapGenerator$Frame::decStack@28 (line 1024)
  0x000077b4580b5d27:   mov    0x34(%rsi),%esi
  0x000077b4580b5d2a:   shl    $0x3,%rsi                    ;*getfield this$0 {reexecute=0 rethrow=0 return_oop=0}
                                                            ; - jdk.internal.classfile.impl.StackMapGenerator$Frame::decStack@18 (line 1023)
  0x000077b4580b5d2e:   cmp    (%rsi),%rax                  ; implicit exception: dispatches to 0x000077b4580b5de3
                                                            ;*invokevirtual generatorError {reexecute=0 rethrow=0 return_oop=0}
                                                            ; - jdk.internal.classfile.impl.StackMapGenerator$Frame::decStack@23 (line 1023)
  0x000077b4580b5d31:   mov    %rsi,%rdx
  0x000077b4580b5d34:   movabs $0x77b4142a6a58,%rcx         ;   {metadata(method data for {method} {0x0000000046458bc0} &apos;decStack&apos; &apos;(I)Ljdk/internal/classfile/impl/StackMapGenerator$Frame;&apos; in &apos;jdk/internal/classfile/impl/StackMapGenerator$Frame&apos;)}
  0x000077b4580b5d3e:   addq   $0x1,0xf8(%rcx)
  0x000077b4580b5d46:   movabs $0x77b4142a6bc8,%rdx         ;   {metadata(method data for {method} {0x0000000046366770} &apos;generatorError&apos; &apos;(Ljava/lang/String;)Ljava/lang/IllegalArgumentException;&apos; in &apos;jdk/internal/classfile/impl/StackMapGenerator&apos;)}
  0x000077b4580b5d50:   mov    0x90(%rdx),%ecx
  0x000077b4580b5d56:   add    $0x2,%ecx
  0x000077b4580b5d59:   mov    %ecx,0x90(%rdx)
  0x000077b4580b5d5f:   and    $0x1ffffe,%ecx
  0x000077b4580b5d65:   test   %ecx,%ecx
  0x000077b4580b5d67:   je     0x000077b4580b5de8
  0x000077b4580b5d6d:   mov    0x4c(%rsi),%edx
  0x000077b4580b5d70:   shl    $0x3,%rdx                    ;*getfield currentFrame {reexecute=0 rethrow=0 return_oop=0}
                                                            ; - jdk.internal.classfile.impl.StackMapGenerator::generatorError@3 (line 851)
                                                            ; - jdk.internal.classfile.impl.StackMapGenerator$Frame::decStack@23 (line 1023)
  0x000077b4580b5d74:   mov    0xc(%rdx),%ecx               ; implicit exception: dispatches to 0x000077b4580b5e09
                                                            ;*getfield offset {reexecute=0 rethrow=0 return_oop=0}
                                                            ; - jdk.internal.classfile.impl.StackMapGenerator::generatorError@6 (line 851)
                                                            ; - jdk.internal.classfile.impl.StackMapGenerator$Frame::decStack@23 (line 1023)
  0x000077b4580b5d77:   mov    %rsi,%rdx
  0x000077b4580b5d7a:   movabs $0x77b4142a6bc8,%rdi         ;   {metadata(method data for {method} {0x0000000046366770} &apos;generatorError&apos; &apos;(Ljava/lang/String;)Ljava/lang/IllegalArgumentException;&apos; in &apos;jdk/internal/classfile/impl/StackMapGenerator&apos;)}
  0x000077b4580b5d84:   addq   $0x1,0xd8(%rdi)
  0x000077b4580b5d8c:   movabs $0x7ff89d670,%rdx            ;*invokevirtual generatorError {reexecute=0 rethrow=0 return_oop=0}
                                                            ; - jdk.internal.classfile.impl.StackMapGenerator::generatorError@9 (line 851)
                                                            ; - jdk.internal.classfile.impl.StackMapGenerator$Frame::decStack@23 (line 1023)
                                                            ;   {oop(&quot;Operand stack underflow&quot;{0x00000007ff89d670})}
  0x000077b4580b5d96:   nop
  0x000077b4580b5d97:   call   0x000077b45f4ad9e0           ; ImmutableOopMap {}
                                                            ;*invokevirtual generatorError {reexecute=0 rethrow=0 return_oop=0}
                                                            ; - jdk.internal.classfile.impl.StackMapGenerator::generatorError@9 (line 851)
                                                            ; - jdk.internal.classfile.impl.StackMapGenerator$Frame::decStack@23 (line 1023)
                                                            ;   {optimized virtual_call}
  0x000077b4580b5d9c:   nopl   0x214(%rax,%rax,1)           ;*invokevirtual generatorError {reexecute=0 rethrow=0 return_oop=0}
                                                            ; - jdk.internal.classfile.impl.StackMapGenerator::generatorError@9 (line 851)
                                                            ; - jdk.internal.classfile.impl.StackMapGenerator$Frame::decStack@23 (line 1023)
                                                            ;   {post_call_nop}
  0x000077b4580b5da4:   cmp    (%rax),%rax                  ; implicit exception: dispatches to 0x000077b4580b5e0e
  0x000077b4580b5da7:   jmp    0x000077b4580b5e30
  0x000077b4580b5dac:   movabs $0x46458bc0,%r10             ;   {metadata({method} {0x0000000046458bc0} &apos;decStack&apos; &apos;(I)Ljdk/internal/classfile/impl/StackMapGenerator$Frame;&apos; in &apos;jdk/internal/classfile/impl/StackMapGenerator$Frame&apos;)}
  0x000077b4580b5db6:   mov    %r10,0x8(%rsp)
  0x000077b4580b5dbb:   movq   $0xffffffffffffffff,(%rsp)
  0x000077b4580b5dc3:   call   0x000077b45f582fe0           ; ImmutableOopMap {rsi=Oop }
                                                            ;*synchronization entry
                                                            ; - jdk.internal.classfile.impl.StackMapGenerator$Frame::decStack@-1 (line 1022)
                                                            ;   {runtime_call counter_overflow_blob (C1 runtime)}
  0x000077b4580b5dc8:   jmp    0x000077b4580b5ce2
  0x000077b4580b5dcd:   movabs $0x77b4580b5d1c,%r10         ;   {internal_word}
  0x000077b4580b5dd7:   mov    %r10,0x510(%r15)
  0x000077b4580b5dde:   jmp    0x000077b45f4afb60           ;   {runtime_call SafepointBlob}
  0x000077b4580b5de3:   call   0x000077b45f57c660           ; ImmutableOopMap {rsi=Oop }
                                                            ;*invokevirtual generatorError {reexecute=0 rethrow=0 return_oop=0}
                                                            ; - jdk.internal.classfile.impl.StackMapGenerator$Frame::decStack@23 (line 1023)
                                                            ;   {runtime_call throw_null_pointer_exception_blob (C1 runtime)}
  0x000077b4580b5de8:   movabs $0x46366770,%r10             ;   {metadata({method} {0x0000000046366770} &apos;generatorError&apos; &apos;(Ljava/lang/String;)Ljava/lang/IllegalArgumentException;&apos; in &apos;jdk/internal/classfile/impl/StackMapGenerator&apos;)}
  0x000077b4580b5df2:   mov    %r10,0x8(%rsp)
  0x000077b4580b5df7:   movq   $0xffffffffffffffff,(%rsp)
  0x000077b4580b5dff:   call   0x000077b45f582fe0           ; ImmutableOopMap {rsi=Oop }
                                                            ;*synchronization entry
                                                            ; - jdk.internal.classfile.impl.StackMapGenerator::generatorError@-1 (line 851)
                                                            ; - jdk.internal.classfile.impl.StackMapGenerator$Frame::decStack@23 (line 1023)
                                                            ;   {runtime_call counter_overflow_blob (C1 runtime)}
  0x000077b4580b5e04:   jmp    0x000077b4580b5d6d
  0x000077b4580b5e09:   call   0x000077b45f57c660           ; ImmutableOopMap {rsi=Oop }
                                                            ;*getfield offset {reexecute=1 rethrow=0 return_oop=0}
                                                            ; - (reexecute) jdk.internal.classfile.impl.StackMapGenerator::generatorError@6 (line 851)
                                                            ; - jdk.internal.classfile.impl.StackMapGenerator$Frame::decStack@23 (line 1023)
                                                            ;   {runtime_call throw_null_pointer_exception_blob (C1 runtime)}
  0x000077b4580b5e0e:   call   0x000077b45f57c660           ; ImmutableOopMap {rax=Oop }
                                                            ;*athrow {reexecute=1 rethrow=0 return_oop=0}
                                                            ; - (reexecute) jdk.internal.classfile.impl.StackMapGenerator$Frame::decStack@26 (line 1023)
                                                            ;   {runtime_call throw_null_pointer_exception_blob (C1 runtime)}
  0x000077b4580b5e13:   mov    0x5c0(%r15),%rax
  0x000077b4580b5e1a:   movq   $0x0,0x5c0(%r15)
  0x000077b4580b5e25:   movq   $0x0,0x5c8(%r15)
  0x000077b4580b5e30:   add    $0x50,%rsp
  0x000077b4580b5e34:   pop    %rbp
  0x000077b4580b5e35:   jmp    0x000077b45f57b760           ;   {runtime_call unwind_exception_blob (C1 runtime)}
  0x000077b4580b5e3a:   hlt    
  0x000077b4580b5e3b:   hlt    
  0x000077b4580b5e3c:   hlt    
  0x000077b4580b5e3d:   hlt    
  0x000077b4580b5e3e:   hlt    
  0x000077b4580b5e3f:   hlt    
[Stub Code]
  0x000077b4580b5e40:   movabs $0x0,%rbx                    ;   {static_stub}
  0x000077b4580b5e4a:   jmp    0x000077b4580b5e4a           ;   {runtime_call nmethod}
[Exception Handler]
  0x000077b4580b5e4f:   call   0x000077b45f57ede0           ;   {runtime_call handle_exception_from_callee_blob (C1 runtime)}
  0x000077b4580b5e54:   movabs $0x77b478d3aec4,%rdi         ;   {external_word}
  0x000077b4580b5e5e:   and    $0xfffffffffffffff0,%rsp
  0x000077b4580b5e62:   call   0x000077b478791cc0           ;   {runtime_call MacroAssembler::debug64(char*, long, long*)}
  0x000077b4580b5e67:   hlt    
  0x000077b4580b5e68:   call   0x000077b45f4afe60           ;   {runtime_call DeoptimizationBlob}
[Deopt Handler Entry Point]
  0x000077b4580b5e6d:   jmp    0x000077b4580b5e68
  0x000077b4580b5e6f:   hlt    
--------------------------------------------------------------------------------
[/Disassembly]
