
============================= C1-compiled nmethod ==============================
----------------------------------- Assembly -----------------------------------

Compiled method (c1) 20542 1119       3       java.lang.invoke.MethodType::erase (8 bytes)
 total in heap  [0x000077b4580b7788,0x000077b4580b79f0] = 616
 main code      [0x000077b4580b7880,0x000077b4580b79d0] = 336
 stub code      [0x000077b4580b79d0,0x000077b4580b79f0] = 32
 mutable data [0x000077b3f0118260,0x000077b3f0118298] = 56
 relocation     [0x000077b3f0118260,0x000077b3f0118288] = 40
 metadata       [0x000077b3f0118288,0x000077b3f0118298] = 16
 immutable data [0x000077b3f0117da0,0x000077b3f0117e6c] = 204
 dependencies   [0x000077b3f0117da0,0x000077b3f0117da8] = 8
 nul chk table  [0x000077b3f0117da8,0x000077b3f0117db8] = 16
 scopes pcs     [0x000077b3f0117db8,0x000077b3f0117e38] = 128
 scopes data    [0x000077b3f0117e38,0x000077b3f0117e68] = 48

[Disassembly]
--------------------------------------------------------------------------------
[Constant Pool (empty)]

--------------------------------------------------------------------------------

[Instructions begin]
  0x000077b4580b7880:   data16 data16 nopw 0x0(%rax,%rax,1)
  0x000077b4580b788b:   data16 data16 xchg %ax,%ax
  0x000077b4580b788f:   data16 xchg %ax,%ax
[Entry Point]
  # {method} {0x000000004647f870} &apos;erase&apos; &apos;()Ljava/lang/invoke/MethodType;&apos; in &apos;java/lang/invoke/MethodType&apos;
  #           [sp+0x40]  (sp of caller)
  0x000077b4580b7892:   mov    0x8(%rsi),%r10d
  0x000077b4580b7896:   cmp    0x8(%rax),%r10d
  0x000077b4580b789a:   jne    0x000077b45f4ad6e0           ;   {runtime_call ic_miss_blob (shared runtime)}
[Verified Entry Point]
  0x000077b4580b78a0:   mov    %eax,-0x14000(%rsp)
  0x000077b4580b78a7:   push   %rbp
  0x000077b4580b78a8:   sub    $0x30,%rsp
  0x000077b4580b78ac:   cmpl   $0x1,0x20(%r15)
  0x000077b4580b78b4:   je     0x000077b4580b78bb
  0x000077b4580b78b6:   call   Stub::method_entry_barrier_stub (stub gen)
                                                            ;   {runtime_call Stub::method_entry_barrier_stub (stub gen)}
  0x000077b4580b78bb:   movabs $0x77b41460b498,%rax         ;   {metadata(method data for {method} {0x000000004647f870} &apos;erase&apos; &apos;()Ljava/lang/invoke/MethodType;&apos; in &apos;java/lang/invoke/MethodType&apos;)}
  0x000077b4580b78c5:   mov    0x90(%rax),%edi
  0x000077b4580b78cb:   add    $0x2,%edi
  0x000077b4580b78ce:   mov    %edi,0x90(%rax)
  0x000077b4580b78d4:   and    $0x7fe,%edi
  0x000077b4580b78da:   test   %edi,%edi
  0x000077b4580b78dc:   je     0x000077b4580b7968           ;*aload_0 {reexecute=0 rethrow=0 return_oop=0}
                                                            ; - java.lang.invoke.MethodType::erase@0 (line 728)
  0x000077b4580b78e2:   mov    0x14(%rsi),%eax
  0x000077b4580b78e5:   shl    $0x3,%rax                    ;*getfield form {reexecute=0 rethrow=0 return_oop=0}
                                                            ; - java.lang.invoke.MethodType::erase@1 (line 728)
  0x000077b4580b78e9:   cmp    (%rax),%rax                  ; implicit exception: dispatches to 0x000077b4580b7989
                                                            ;*invokevirtual erasedType {reexecute=0 rethrow=0 return_oop=0}
                                                            ; - java.lang.invoke.MethodType::erase@4 (line 728)
  0x000077b4580b78ec:   mov    %rax,%rsi
  0x000077b4580b78ef:   movabs $0x77b41460b498,%rdi         ;   {metadata(method data for {method} {0x000000004647f870} &apos;erase&apos; &apos;()Ljava/lang/invoke/MethodType;&apos; in &apos;java/lang/invoke/MethodType&apos;)}
  0x000077b4580b78f9:   mov    0x8(%rsi),%esi
  0x000077b4580b78fc:   mov    $0x46000000,%r10d
  0x000077b4580b7902:   add    %r10,%rsi
  0x000077b4580b7905:   mov    $0x1c,%r10d
  0x000077b4580b790b:   cmp    (%rdi,%r10,8),%rsi
  0x000077b4580b790f:   je     0x000077b4580b7948
  0x000077b4580b7911:   add    $0x2,%r10
  0x000077b4580b7915:   cmp    $0x20,%r10
  0x000077b4580b7919:   jne    0x000077b4580b790b
  0x000077b4580b791b:   mov    $0x1c,%r10d
  0x000077b4580b7921:   cmpq   $0x0,(%rdi,%r10,8)
  0x000077b4580b7926:   je     0x000077b4580b7934
  0x000077b4580b7928:   add    $0x2,%r10
  0x000077b4580b792c:   cmp    $0x20,%r10
  0x000077b4580b7930:   jne    0x000077b4580b7921
  0x000077b4580b7932:   jmp    0x000077b4580b7940
  0x000077b4580b7934:   push   %rax
  0x000077b4580b7935:   xor    %rax,%rax
  0x000077b4580b7938:   cmpxchg %rsi,(%rdi,%r10,8)
  0x000077b4580b793d:   pop    %rax
  0x000077b4580b793e:   jmp    0x000077b4580b7905
  0x000077b4580b7940:   mov    $0x1b,%r10d
  0x000077b4580b7946:   jmp    0x000077b4580b794c
  0x000077b4580b7948:   add    $0x1,%r10
  0x000077b4580b794c:   addq   $0x1,(%rdi,%r10,8)
  0x000077b4580b7951:   mov    0x10(%rax),%eax
  0x000077b4580b7954:   shl    $0x3,%rax                    ;*getfield erasedType {reexecute=0 rethrow=0 return_oop=0}
                                                            ; - java.lang.invoke.MethodTypeForm::erasedType@1 (line 101)
                                                            ; - java.lang.invoke.MethodType::erase@4 (line 728)
  0x000077b4580b7958:   add    $0x30,%rsp
  0x000077b4580b795c:   pop    %rbp
  0x000077b4580b795d:   cmp    0x28(%r15),%rsp              ;   {poll_return}
  0x000077b4580b7961:   ja     0x000077b4580b798e
  0x000077b4580b7967:   ret    
  0x000077b4580b7968:   movabs $0x4647f870,%r10             ;   {metadata({method} {0x000000004647f870} &apos;erase&apos; &apos;()Ljava/lang/invoke/MethodType;&apos; in &apos;java/lang/invoke/MethodType&apos;)}
  0x000077b4580b7972:   mov    %r10,0x8(%rsp)
  0x000077b4580b7977:   movq   $0xffffffffffffffff,(%rsp)
  0x000077b4580b797f:   call   0x000077b45f582fe0           ; ImmutableOopMap {rsi=Oop }
                                                            ;*synchronization entry
                                                            ; - java.lang.invoke.MethodType::erase@-1 (line 728)
                                                            ;   {runtime_call counter_overflow_blob (C1 runtime)}
  0x000077b4580b7984:   jmp    0x000077b4580b78e2
  0x000077b4580b7989:   call   0x000077b45f57c660           ; ImmutableOopMap {rax=Oop }
                                                            ;*invokevirtual erasedType {reexecute=0 rethrow=0 return_oop=0}
                                                            ; - java.lang.invoke.MethodType::erase@4 (line 728)
                                                            ;   {runtime_call throw_null_pointer_exception_blob (C1 runtime)}
  0x000077b4580b798e:   movabs $0x77b4580b795d,%r10         ;   {internal_word}
  0x000077b4580b7998:   mov    %r10,0x510(%r15)
  0x000077b4580b799f:   jmp    0x000077b45f4afb60           ;   {runtime_call SafepointBlob}
  0x000077b4580b79a4:   mov    0x5c0(%r15),%rax
  0x000077b4580b79ab:   movq   $0x0,0x5c0(%r15)
  0x000077b4580b79b6:   movq   $0x0,0x5c8(%r15)
  0x000077b4580b79c1:   add    $0x30,%rsp
  0x000077b4580b79c5:   pop    %rbp
  0x000077b4580b79c6:   jmp    0x000077b45f57b760           ;   {runtime_call unwind_exception_blob (C1 runtime)}
  0x000077b4580b79cb:   hlt    
  0x000077b4580b79cc:   hlt    
  0x000077b4580b79cd:   hlt    
  0x000077b4580b79ce:   hlt    
  0x000077b4580b79cf:   hlt    
[Exception Handler]
  0x000077b4580b79d0:   call   0x000077b45f57ede0           ;   {runtime_call handle_exception_from_callee_blob (C1 runtime)}
  0x000077b4580b79d5:   movabs $0x77b478d3aec4,%rdi         ;   {external_word}
  0x000077b4580b79df:   and    $0xfffffffffffffff0,%rsp
  0x000077b4580b79e3:   call   0x000077b478791cc0           ;   {runtime_call MacroAssembler::debug64(char*, long, long*)}
  0x000077b4580b79e8:   hlt    
  0x000077b4580b79e9:   call   0x000077b45f4afe60           ;   {runtime_call DeoptimizationBlob}
[Deopt Handler Entry Point]
  0x000077b4580b79ee:   jmp    0x000077b4580b79e9
--------------------------------------------------------------------------------
[/Disassembly]
