
============================= C1-compiled nmethod ==============================
----------------------------------- Assembly -----------------------------------

Compiled method (c1) 21395 1130       3       java.lang.invoke.InvokerBytecodeGenerator::classDesc (88 bytes)
 total in heap  [0x000077b4580c0808,0x000077b4580c1468] = 3168
 main code      [0x000077b4580c0900,0x000077b4580c1400] = 2816
 stub code      [0x000077b4580c1400,0x000077b4580c1460] = 96
 oops           [0x000077b4580c1460,0x000077b4580c1468] = 8
 mutable data [0x000077b3e82909c0,0x000077b3e8290b60] = 416
 relocation     [0x000077b3e82909c0,0x000077b3e8290af8] = 312
 metadata       [0x000077b3e8290af8,0x000077b3e8290b60] = 104
 immutable data [0x000077b3e8621540,0x000077b3e8621bec] = 1708
 dependencies   [0x000077b3e8621540,0x000077b3e8621560] = 32
 nul chk table  [0x000077b3e8621560,0x000077b3e8621590] = 48
 scopes pcs     [0x000077b3e8621590,0x000077b3e86219b0] = 1056
 scopes data    [0x000077b3e86219b0,0x000077b3e8621be8] = 568

[Disassembly]
--------------------------------------------------------------------------------
[Constant Pool (empty)]

--------------------------------------------------------------------------------

[Verified Entry Point]
  # {method} {0x0000000046286950} &apos;classDesc&apos; &apos;(Ljava/lang/Class;)Ljava/lang/constant/ClassDesc;&apos; in &apos;java/lang/invoke/InvokerBytecodeGenerator&apos;
  # parm0:    rsi:rsi   = &apos;java/lang/Class&apos;
  #           [sp+0xb0]  (sp of caller)
  0x000077b4580c0900:   mov    %eax,-0x14000(%rsp)
  0x000077b4580c0907:   push   %rbp
  0x000077b4580c0908:   sub    $0xa0,%rsp
  0x000077b4580c090f:   nop
  0x000077b4580c0910:   cmpl   $0x1,0x20(%r15)
  0x000077b4580c0918:   je     0x000077b4580c091f
  0x000077b4580c091a:   call   Stub::method_entry_barrier_stub (stub gen)
                                                            ;   {runtime_call Stub::method_entry_barrier_stub (stub gen)}
  0x000077b4580c091f:   movabs $0x77b41460f8c8,%rdi         ;   {metadata(method data for {method} {0x0000000046286950} &apos;classDesc&apos; &apos;(Ljava/lang/Class;)Ljava/lang/constant/ClassDesc;&apos; in &apos;java/lang/invoke/InvokerBytecodeGenerator&apos;)}
  0x000077b4580c0929:   mov    0x90(%rdi),%ebx
  0x000077b4580c092f:   add    $0x2,%ebx
  0x000077b4580c0932:   mov    %ebx,0x90(%rdi)
  0x000077b4580c0938:   and    $0x7fe,%ebx
  0x000077b4580c093e:   test   %ebx,%ebx
  0x000077b4580c0940:   je     0x000077b4580c1177           ;*aload_0 {reexecute=0 rethrow=0 return_oop=0}
                                                            ; - java.lang.invoke.InvokerBytecodeGenerator::classDesc@0 (line 1655)
  0x000077b4580c0946:   movabs $0x7ff847368,%r10            ;   {oop(a &apos;java/lang/Class&apos;{0x00000007ff847368} = &apos;java/lang/invoke/MethodHandle&apos;)}
  0x000077b4580c0950:   cmp    %r10,%rsi
  0x000077b4580c0953:   movabs $0x77b41460f8c8,%rdi         ;   {metadata(method data for {method} {0x0000000046286950} &apos;classDesc&apos; &apos;(Ljava/lang/Class;)Ljava/lang/constant/ClassDesc;&apos; in &apos;java/lang/invoke/InvokerBytecodeGenerator&apos;)}
  0x000077b4580c095d:   mov    $0xe8,%ebx
  0x000077b4580c0962:   je     0x000077b4580c0969
  0x000077b4580c0964:   mov    $0xd8,%ebx
  0x000077b4580c0969:   mov    (%rdi,%rbx,1),%rax
  0x000077b4580c096d:   lea    0x1(%rax),%rax
  0x000077b4580c0971:   mov    %rax,(%rdi,%rbx,1)
  0x000077b4580c0975:   je     0x000077b4580c114a           ;*if_acmpne {reexecute=0 rethrow=0 return_oop=0}
                                                            ; - java.lang.invoke.InvokerBytecodeGenerator::classDesc@4 (line 1655)
  0x000077b4580c097b:   movabs $0x7ff847638,%r10            ;   {oop(a &apos;java/lang/Class&apos;{0x00000007ff847638} = &apos;java/lang/invoke/DirectMethodHandle&apos;)}
  0x000077b4580c0985:   cmp    %r10,%rsi
  0x000077b4580c0988:   movabs $0x77b41460f8c8,%rdi         ;   {metadata(method data for {method} {0x0000000046286950} &apos;classDesc&apos; &apos;(Ljava/lang/Class;)Ljava/lang/constant/ClassDesc;&apos; in &apos;java/lang/invoke/InvokerBytecodeGenerator&apos;)}
  0x000077b4580c0992:   mov    $0x120,%ebx
  0x000077b4580c0997:   je     0x000077b4580c099e
  0x000077b4580c0999:   mov    $0x110,%ebx
  0x000077b4580c099e:   mov    (%rdi,%rbx,1),%rax
  0x000077b4580c09a2:   lea    0x1(%rax),%rax
  0x000077b4580c09a6:   mov    %rax,(%rdi,%rbx,1)
  0x000077b4580c09aa:   je     0x000077b4580c111d           ;*if_acmpne {reexecute=0 rethrow=0 return_oop=0}
                                                            ; - java.lang.invoke.InvokerBytecodeGenerator::classDesc@17 (line 1656)
  0x000077b4580c09b0:   movabs $0x7ff83ab28,%r10            ;   {oop(a &apos;java/lang/Class&apos;{0x00000007ff83ab28} = &apos;java/lang/Object&apos;)}
  0x000077b4580c09ba:   cmp    %r10,%rsi
  0x000077b4580c09bd:   movabs $0x77b41460f8c8,%rdi         ;   {metadata(method data for {method} {0x0000000046286950} &apos;classDesc&apos; &apos;(Ljava/lang/Class;)Ljava/lang/constant/ClassDesc;&apos; in &apos;java/lang/invoke/InvokerBytecodeGenerator&apos;)}
  0x000077b4580c09c7:   mov    $0x158,%ebx
  0x000077b4580c09cc:   je     0x000077b4580c09d3
  0x000077b4580c09ce:   mov    $0x148,%ebx
  0x000077b4580c09d3:   mov    (%rdi,%rbx,1),%rax
  0x000077b4580c09d7:   lea    0x1(%rax),%rax
  0x000077b4580c09db:   mov    %rax,(%rdi,%rbx,1)
  0x000077b4580c09df:   je     0x000077b4580c10f0           ;*if_acmpne {reexecute=0 rethrow=0 return_oop=0}
                                                            ; - java.lang.invoke.InvokerBytecodeGenerator::classDesc@29 (line 1657)
  0x000077b4580c09e5:   movabs $0x7ff854840,%r10            ;   {oop(a &apos;java/lang/Class&apos;{0x00000007ff854840} = &apos;java/lang/invoke/MemberName&apos;)}
  0x000077b4580c09ef:   cmp    %r10,%rsi
  0x000077b4580c09f2:   movabs $0x77b41460f8c8,%rdi         ;   {metadata(method data for {method} {0x0000000046286950} &apos;classDesc&apos; &apos;(Ljava/lang/Class;)Ljava/lang/constant/ClassDesc;&apos; in &apos;java/lang/invoke/InvokerBytecodeGenerator&apos;)}
  0x000077b4580c09fc:   mov    $0x190,%ebx
  0x000077b4580c0a01:   je     0x000077b4580c0a08
  0x000077b4580c0a03:   mov    $0x180,%ebx
  0x000077b4580c0a08:   mov    (%rdi,%rbx,1),%rax
  0x000077b4580c0a0c:   lea    0x1(%rax),%rax
  0x000077b4580c0a10:   mov    %rax,(%rdi,%rbx,1)
  0x000077b4580c0a14:   je     0x000077b4580c10c3           ;*if_acmpne {reexecute=0 rethrow=0 return_oop=0}
                                                            ; - java.lang.invoke.InvokerBytecodeGenerator::classDesc@42 (line 1658)
  0x000077b4580c0a1a:   movabs $0x7ff852160,%r10            ;   {oop(a &apos;java/lang/Class&apos;{0x00000007ff852160} = &apos;java/lang/invoke/MethodType&apos;)}
  0x000077b4580c0a24:   cmp    %r10,%rsi
  0x000077b4580c0a27:   movabs $0x77b41460f8c8,%rdi         ;   {metadata(method data for {method} {0x0000000046286950} &apos;classDesc&apos; &apos;(Ljava/lang/Class;)Ljava/lang/constant/ClassDesc;&apos; in &apos;java/lang/invoke/InvokerBytecodeGenerator&apos;)}
  0x000077b4580c0a31:   mov    $0x1c8,%ebx
  0x000077b4580c0a36:   je     0x000077b4580c0a3d
  0x000077b4580c0a38:   mov    $0x1b8,%ebx
  0x000077b4580c0a3d:   mov    (%rdi,%rbx,1),%rax
  0x000077b4580c0a41:   lea    0x1(%rax),%rax
  0x000077b4580c0a45:   mov    %rax,(%rdi,%rbx,1)
  0x000077b4580c0a49:   je     0x000077b4580c1096           ;*if_acmpne {reexecute=0 rethrow=0 return_oop=0}
                                                            ; - java.lang.invoke.InvokerBytecodeGenerator::classDesc@54 (line 1659)
  0x000077b4580c0a4f:   cmp    (%rsi),%rax                  ; implicit exception: dispatches to 0x000077b4580c1198
                                                            ;*invokevirtual isPrimitive {reexecute=0 rethrow=0 return_oop=0}
                                                            ; - java.lang.invoke.InvokerBytecodeGenerator::classDesc@64 (line 1660)
  0x000077b4580c0a52:   mov    %rsi,%rdi
  0x000077b4580c0a55:   movabs $0x77b41460f8c8,%rbx         ;   {metadata(method data for {method} {0x0000000046286950} &apos;classDesc&apos; &apos;(Ljava/lang/Class;)Ljava/lang/constant/ClassDesc;&apos; in &apos;java/lang/invoke/InvokerBytecodeGenerator&apos;)}
  0x000077b4580c0a5f:   mov    0x8(%rdi),%edi
  0x000077b4580c0a62:   mov    $0x46000000,%r10d
  0x000077b4580c0a68:   add    %r10,%rdi
  0x000077b4580c0a6b:   mov    $0x3f,%r10d
  0x000077b4580c0a71:   cmp    (%rbx,%r10,8),%rdi
  0x000077b4580c0a75:   je     0x000077b4580c0aae
  0x000077b4580c0a77:   add    $0x2,%r10
  0x000077b4580c0a7b:   cmp    $0x43,%r10
  0x000077b4580c0a7f:   jne    0x000077b4580c0a71
  0x000077b4580c0a81:   mov    $0x3f,%r10d
  0x000077b4580c0a87:   cmpq   $0x0,(%rbx,%r10,8)
  0x000077b4580c0a8c:   je     0x000077b4580c0a9a
  0x000077b4580c0a8e:   add    $0x2,%r10
  0x000077b4580c0a92:   cmp    $0x43,%r10
  0x000077b4580c0a96:   jne    0x000077b4580c0a87
  0x000077b4580c0a98:   jmp    0x000077b4580c0aa6
  0x000077b4580c0a9a:   push   %rax
  0x000077b4580c0a9b:   xor    %rax,%rax
  0x000077b4580c0a9e:   cmpxchg %rdi,(%rbx,%r10,8)
  0x000077b4580c0aa3:   pop    %rax
  0x000077b4580c0aa4:   jmp    0x000077b4580c0a6b
  0x000077b4580c0aa6:   mov    $0x3e,%r10d
  0x000077b4580c0aac:   jmp    0x000077b4580c0ab2
  0x000077b4580c0aae:   add    $0x1,%r10
  0x000077b4580c0ab2:   addq   $0x1,(%rbx,%r10,8)
  0x000077b4580c0ab7:   movsbl 0x2c(%rsi),%edi              ;*getfield primitive {reexecute=0 rethrow=0 return_oop=0}
                                                            ; - java.lang.Class::isPrimitive@1 (line 860)
                                                            ; - java.lang.invoke.InvokerBytecodeGenerator::classDesc@64 (line 1660)
  0x000077b4580c0abb:   and    $0x1,%edi
  0x000077b4580c0abe:   test   %edi,%edi
  0x000077b4580c0ac0:   movabs $0x77b41460f8c8,%rdi         ;   {metadata(method data for {method} {0x0000000046286950} &apos;classDesc&apos; &apos;(Ljava/lang/Class;)Ljava/lang/constant/ClassDesc;&apos; in &apos;java/lang/invoke/InvokerBytecodeGenerator&apos;)}
  0x000077b4580c0aca:   mov    $0x230,%ebx
  0x000077b4580c0acf:   jne    0x000077b4580c0ad6
  0x000077b4580c0ad1:   mov    $0x220,%ebx
  0x000077b4580c0ad6:   mov    (%rdi,%rbx,1),%rax
  0x000077b4580c0ada:   lea    0x1(%rax),%rax
  0x000077b4580c0ade:   mov    %rax,(%rdi,%rbx,1)
  0x000077b4580c0ae2:   jne    0x000077b4580c0fdf           ;*ifeq {reexecute=0 rethrow=0 return_oop=0}
                                                            ; - java.lang.invoke.InvokerBytecodeGenerator::classDesc@67 (line 1660)
  0x000077b4580c0ae8:   mov    %rsi,%rdi
  0x000077b4580c0aeb:   movabs $0x77b41460f8c8,%rbx         ;   {metadata(method data for {method} {0x0000000046286950} &apos;classDesc&apos; &apos;(Ljava/lang/Class;)Ljava/lang/constant/ClassDesc;&apos; in &apos;java/lang/invoke/InvokerBytecodeGenerator&apos;)}
  0x000077b4580c0af5:   mov    0x8(%rdi),%edi
  0x000077b4580c0af8:   mov    $0x46000000,%r10d
  0x000077b4580c0afe:   add    %r10,%rdi
  0x000077b4580c0b01:   mov    $0x54,%r10d
  0x000077b4580c0b07:   cmp    (%rbx,%r10,8),%rdi
  0x000077b4580c0b0b:   je     0x000077b4580c0b44
  0x000077b4580c0b0d:   add    $0x2,%r10
  0x000077b4580c0b11:   cmp    $0x58,%r10
  0x000077b4580c0b15:   jne    0x000077b4580c0b07
  0x000077b4580c0b17:   mov    $0x54,%r10d
  0x000077b4580c0b1d:   cmpq   $0x0,(%rbx,%r10,8)
  0x000077b4580c0b22:   je     0x000077b4580c0b30
  0x000077b4580c0b24:   add    $0x2,%r10
  0x000077b4580c0b28:   cmp    $0x58,%r10
  0x000077b4580c0b2c:   jne    0x000077b4580c0b1d
  0x000077b4580c0b2e:   jmp    0x000077b4580c0b3c
  0x000077b4580c0b30:   push   %rax
  0x000077b4580c0b31:   xor    %rax,%rax
  0x000077b4580c0b34:   cmpxchg %rdi,(%rbx,%r10,8)
  0x000077b4580c0b39:   pop    %rax
  0x000077b4580c0b3a:   jmp    0x000077b4580c0b01
  0x000077b4580c0b3c:   mov    $0x53,%r10d
  0x000077b4580c0b42:   jmp    0x000077b4580c0b48
  0x000077b4580c0b44:   add    $0x1,%r10
  0x000077b4580c0b48:   addq   $0x1,(%rbx,%r10,8)
  0x000077b4580c0b4d:   xchg   %ax,%ax
  0x000077b4580c0b4f:   call   0x000077b45f4ad9e0           ; ImmutableOopMap {}
                                                            ;*invokevirtual descriptorString {reexecute=0 rethrow=0 return_oop=0}
                                                            ; - java.lang.invoke.InvokerBytecodeGenerator::classDesc@81 (line 1661)
                                                            ;   {optimized virtual_call}
  0x000077b4580c0b54:   nopl   0x34c(%rax,%rax,1)           ;*invokevirtual descriptorString {reexecute=0 rethrow=0 return_oop=0}
                                                            ; - java.lang.invoke.InvokerBytecodeGenerator::classDesc@81 (line 1661)
                                                            ;   {post_call_nop}
  0x000077b4580c0b5c:   movabs $0x77b41460f8c8,%rsi         ;   {metadata(method data for {method} {0x0000000046286950} &apos;classDesc&apos; &apos;(Ljava/lang/Class;)Ljava/lang/constant/ClassDesc;&apos; in &apos;java/lang/invoke/InvokerBytecodeGenerator&apos;)}
  0x000077b4580c0b66:   addq   $0x1,0x2c8(%rsi)
  0x000077b4580c0b6e:   movabs $0x77b41427d4a0,%rsi         ;   {metadata(method data for {method} {0x000000004624ce28} &apos;referenceClassDesc&apos; &apos;(Ljava/lang/String;)Ljava/lang/constant/ClassDesc;&apos; in &apos;jdk/internal/constant/ConstantUtils&apos;)}
  0x000077b4580c0b78:   mov    0x90(%rsi),%edi
  0x000077b4580c0b7e:   add    $0x2,%edi
  0x000077b4580c0b81:   mov    %edi,0x90(%rsi)
  0x000077b4580c0b87:   and    $0x1ffffe,%edi
  0x000077b4580c0b8d:   test   %edi,%edi
  0x000077b4580c0b8f:   je     0x000077b4580c119d
  0x000077b4580c0b95:   cmp    (%rax),%rax                  ; implicit exception: dispatches to 0x000077b4580c11be
                                                            ;*invokevirtual charAt {reexecute=0 rethrow=0 return_oop=0}
                                                            ; - jdk.internal.constant.ConstantUtils::referenceClassDesc@2 (line 118)
                                                            ; - java.lang.invoke.InvokerBytecodeGenerator::classDesc@84 (line 1661)
  0x000077b4580c0b98:   mov    %rax,%rsi
  0x000077b4580c0b9b:   movabs $0x77b41427d4a0,%rdi         ;   {metadata(method data for {method} {0x000000004624ce28} &apos;referenceClassDesc&apos; &apos;(Ljava/lang/String;)Ljava/lang/constant/ClassDesc;&apos; in &apos;jdk/internal/constant/ConstantUtils&apos;)}
  0x000077b4580c0ba5:   mov    0x8(%rsi),%esi
  0x000077b4580c0ba8:   mov    $0x46000000,%r10d
  0x000077b4580c0bae:   add    %r10,%rsi
  0x000077b4580c0bb1:   mov    $0x1c,%r10d
  0x000077b4580c0bb7:   cmp    (%rdi,%r10,8),%rsi
  0x000077b4580c0bbb:   je     0x000077b4580c0bf4
  0x000077b4580c0bbd:   add    $0x2,%r10
  0x000077b4580c0bc1:   cmp    $0x20,%r10
  0x000077b4580c0bc5:   jne    0x000077b4580c0bb7
  0x000077b4580c0bc7:   mov    $0x1c,%r10d
  0x000077b4580c0bcd:   cmpq   $0x0,(%rdi,%r10,8)
  0x000077b4580c0bd2:   je     0x000077b4580c0be0
  0x000077b4580c0bd4:   add    $0x2,%r10
  0x000077b4580c0bd8:   cmp    $0x20,%r10
  0x000077b4580c0bdc:   jne    0x000077b4580c0bcd
  0x000077b4580c0bde:   jmp    0x000077b4580c0bec
  0x000077b4580c0be0:   push   %rax
  0x000077b4580c0be1:   xor    %rax,%rax
  0x000077b4580c0be4:   cmpxchg %rsi,(%rdi,%r10,8)
  0x000077b4580c0be9:   pop    %rax
  0x000077b4580c0bea:   jmp    0x000077b4580c0bb1
  0x000077b4580c0bec:   mov    $0x1b,%r10d
  0x000077b4580c0bf2:   jmp    0x000077b4580c0bf8
  0x000077b4580c0bf4:   add    $0x1,%r10
  0x000077b4580c0bf8:   addq   $0x1,(%rdi,%r10,8)
  0x000077b4580c0bfd:   movabs $0x77b41401e888,%rsi         ;   {metadata(method data for {method} {0x0000000046179898} &apos;charAt&apos; &apos;(I)C&apos; in &apos;java/lang/String&apos;)}
  0x000077b4580c0c07:   mov    0x90(%rsi),%edi
  0x000077b4580c0c0d:   add    $0x2,%edi
  0x000077b4580c0c10:   mov    %edi,0x90(%rsi)
  0x000077b4580c0c16:   and    $0x1ffffe,%edi
  0x000077b4580c0c1c:   test   %edi,%edi
  0x000077b4580c0c1e:   je     0x000077b4580c11c3
  0x000077b4580c0c24:   mov    %rax,%rsi
  0x000077b4580c0c27:   movabs $0x77b41401e888,%rdi         ;   {metadata(method data for {method} {0x0000000046179898} &apos;charAt&apos; &apos;(I)C&apos; in &apos;java/lang/String&apos;)}
  0x000077b4580c0c31:   mov    0x8(%rsi),%esi
  0x000077b4580c0c34:   mov    $0x46000000,%r10d
  0x000077b4580c0c3a:   add    %r10,%rsi
  0x000077b4580c0c3d:   mov    $0x1c,%r10d
  0x000077b4580c0c43:   cmp    (%rdi,%r10,8),%rsi
  0x000077b4580c0c47:   je     0x000077b4580c0c80
  0x000077b4580c0c49:   add    $0x2,%r10
  0x000077b4580c0c4d:   cmp    $0x20,%r10
  0x000077b4580c0c51:   jne    0x000077b4580c0c43
  0x000077b4580c0c53:   mov    $0x1c,%r10d
  0x000077b4580c0c59:   cmpq   $0x0,(%rdi,%r10,8)
  0x000077b4580c0c5e:   je     0x000077b4580c0c6c
  0x000077b4580c0c60:   add    $0x2,%r10
  0x000077b4580c0c64:   cmp    $0x20,%r10
  0x000077b4580c0c68:   jne    0x000077b4580c0c59
  0x000077b4580c0c6a:   jmp    0x000077b4580c0c78
  0x000077b4580c0c6c:   push   %rax
  0x000077b4580c0c6d:   xor    %rax,%rax
  0x000077b4580c0c70:   cmpxchg %rsi,(%rdi,%r10,8)
  0x000077b4580c0c75:   pop    %rax
  0x000077b4580c0c76:   jmp    0x000077b4580c0c3d
  0x000077b4580c0c78:   mov    $0x1b,%r10d
  0x000077b4580c0c7e:   jmp    0x000077b4580c0c84
  0x000077b4580c0c80:   add    $0x1,%r10
  0x000077b4580c0c84:   addq   $0x1,(%rdi,%r10,8)
  0x000077b4580c0c89:   movabs $0x77b41400ca88,%rsi         ;   {metadata(method data for {method} {0x00000000464a0708} &apos;isLatin1&apos; &apos;()Z&apos; in &apos;java/lang/String&apos;)}
  0x000077b4580c0c93:   mov    0x90(%rsi),%edi
  0x000077b4580c0c99:   add    $0x2,%edi
  0x000077b4580c0c9c:   mov    %edi,0x90(%rsi)
  0x000077b4580c0ca2:   and    $0x1ffffe,%edi
  0x000077b4580c0ca8:   test   %edi,%edi
  0x000077b4580c0caa:   je     0x000077b4580c11e4
  0x000077b4580c0cb0:   movabs $0x77b41400ca88,%rsi         ;   {metadata(method data for {method} {0x00000000464a0708} &apos;isLatin1&apos; &apos;()Z&apos; in &apos;java/lang/String&apos;)}
  0x000077b4580c0cba:   incl   0xe8(%rsi)                   ;*ifeq {reexecute=0 rethrow=0 return_oop=0}
                                                            ; - java.lang.String::isLatin1@3 (line 5187)
                                                            ; - java.lang.String::charAt@1 (line 1784)
                                                            ; - jdk.internal.constant.ConstantUtils::referenceClassDesc@2 (line 118)
                                                            ; - java.lang.invoke.InvokerBytecodeGenerator::classDesc@84 (line 1661)
  0x000077b4580c0cc0:   movsbl 0x10(%rax),%esi              ;*getfield coder {reexecute=0 rethrow=0 return_oop=0}
                                                            ; - java.lang.String::isLatin1@7 (line 5187)
                                                            ; - java.lang.String::charAt@1 (line 1784)
                                                            ; - jdk.internal.constant.ConstantUtils::referenceClassDesc@2 (line 118)
                                                            ; - java.lang.invoke.InvokerBytecodeGenerator::classDesc@84 (line 1661)
  0x000077b4580c0cc4:   test   %esi,%esi
  0x000077b4580c0cc6:   movabs $0x77b41400ca88,%rsi         ;   {metadata(method data for {method} {0x00000000464a0708} &apos;isLatin1&apos; &apos;()Z&apos; in &apos;java/lang/String&apos;)}
  0x000077b4580c0cd0:   mov    $0xf8,%edi
  0x000077b4580c0cd5:   jne    0x000077b4580c0cdc
  0x000077b4580c0cd7:   mov    $0x108,%edi
  0x000077b4580c0cdc:   mov    (%rsi,%rdi,1),%rbx
  0x000077b4580c0ce0:   lea    0x1(%rbx),%rbx
  0x000077b4580c0ce4:   mov    %rbx,(%rsi,%rdi,1)
  0x000077b4580c0ce8:   jne    0x000077b4580c0d08           ;*ifne {reexecute=0 rethrow=0 return_oop=0}
                                                            ; - java.lang.String::isLatin1@10 (line 5187)
                                                            ; - java.lang.String::charAt@1 (line 1784)
                                                            ; - jdk.internal.constant.ConstantUtils::referenceClassDesc@2 (line 118)
                                                            ; - java.lang.invoke.InvokerBytecodeGenerator::classDesc@84 (line 1661)
  0x000077b4580c0cee:   movabs $0x77b41400ca88,%rsi         ;   {metadata(method data for {method} {0x00000000464a0708} &apos;isLatin1&apos; &apos;()Z&apos; in &apos;java/lang/String&apos;)}
  0x000077b4580c0cf8:   incl   0x118(%rsi)
  0x000077b4580c0cfe:   mov    $0x1,%esi
  0x000077b4580c0d03:   jmp    0x000077b4580c0d0d           ;*goto {reexecute=0 rethrow=0 return_oop=0}
                                                            ; - java.lang.String::isLatin1@14 (line 5187)
                                                            ; - java.lang.String::charAt@1 (line 1784)
                                                            ; - jdk.internal.constant.ConstantUtils::referenceClassDesc@2 (line 118)
                                                            ; - java.lang.invoke.InvokerBytecodeGenerator::classDesc@84 (line 1661)
  0x000077b4580c0d08:   mov    $0x0,%esi                    ;*ireturn {reexecute=0 rethrow=0 return_oop=0}
                                                            ; - java.lang.String::isLatin1@18 (line 5187)
                                                            ; - java.lang.String::charAt@1 (line 1784)
                                                            ; - jdk.internal.constant.ConstantUtils::referenceClassDesc@2 (line 118)
                                                            ; - java.lang.invoke.InvokerBytecodeGenerator::classDesc@84 (line 1661)
  0x000077b4580c0d0d:   and    $0x1,%esi
  0x000077b4580c0d10:   test   %esi,%esi
  0x000077b4580c0d12:   movabs $0x77b41401e888,%rsi         ;   {metadata(method data for {method} {0x0000000046179898} &apos;charAt&apos; &apos;(I)C&apos; in &apos;java/lang/String&apos;)}
  0x000077b4580c0d1c:   mov    $0x108,%edi
  0x000077b4580c0d21:   je     0x000077b4580c0d28
  0x000077b4580c0d23:   mov    $0x118,%edi
  0x000077b4580c0d28:   mov    (%rsi,%rdi,1),%rbx
  0x000077b4580c0d2c:   lea    0x1(%rbx),%rbx
  0x000077b4580c0d30:   mov    %rbx,(%rsi,%rdi,1)
  0x000077b4580c0d34:   je     0x000077b4580c0e0f           ;*ifeq {reexecute=0 rethrow=0 return_oop=0}
                                                            ; - java.lang.String::charAt@4 (line 1784)
                                                            ; - jdk.internal.constant.ConstantUtils::referenceClassDesc@2 (line 118)
                                                            ; - java.lang.invoke.InvokerBytecodeGenerator::classDesc@84 (line 1661)
  0x000077b4580c0d3a:   mov    0x14(%rax),%esi
  0x000077b4580c0d3d:   shl    $0x3,%rsi                    ;*getfield value {reexecute=0 rethrow=0 return_oop=0}
                                                            ; - java.lang.String::charAt@8 (line 1785)
                                                            ; - jdk.internal.constant.ConstantUtils::referenceClassDesc@2 (line 118)
                                                            ; - java.lang.invoke.InvokerBytecodeGenerator::classDesc@84 (line 1661)
  0x000077b4580c0d41:   movabs $0x77b41401e888,%rdi         ;   {metadata(method data for {method} {0x0000000046179898} &apos;charAt&apos; &apos;(I)C&apos; in &apos;java/lang/String&apos;)}
  0x000077b4580c0d4b:   addq   $0x1,0x128(%rdi)
  0x000077b4580c0d53:   movabs $0x77b41401ea18,%rdi         ;   {metadata(method data for {method} {0x0000000046190618} &apos;charAt&apos; &apos;([BI)C&apos; in &apos;java/lang/StringLatin1&apos;)}
  0x000077b4580c0d5d:   mov    0x90(%rdi),%ebx
  0x000077b4580c0d63:   add    $0x2,%ebx
  0x000077b4580c0d66:   mov    %ebx,0x90(%rdi)
  0x000077b4580c0d6c:   and    $0x1ffffe,%ebx
  0x000077b4580c0d72:   test   %ebx,%ebx
  0x000077b4580c0d74:   je     0x000077b4580c1205
  0x000077b4580c0d7a:   mov    0xc(%rsi),%edi               ; implicit exception: dispatches to 0x000077b4580c1226
                                                            ;*arraylength {reexecute=0 rethrow=0 return_oop=0}
                                                            ; - java.lang.StringLatin1::charAt@2 (line 47)
                                                            ; - java.lang.String::charAt@12 (line 1785)
                                                            ; - jdk.internal.constant.ConstantUtils::referenceClassDesc@2 (line 118)
                                                            ; - java.lang.invoke.InvokerBytecodeGenerator::classDesc@84 (line 1661)
  0x000077b4580c0d7d:   movabs $0x77b41401ea18,%rbx         ;   {metadata(method data for {method} {0x0000000046190618} &apos;charAt&apos; &apos;([BI)C&apos; in &apos;java/lang/StringLatin1&apos;)}
  0x000077b4580c0d87:   addq   $0x1,0xd8(%rbx)
  0x000077b4580c0d8f:   movabs $0x77b41401eb48,%rbx         ;   {metadata(method data for {method} {0x00000000464a1c00} &apos;checkIndex&apos; &apos;(II)V&apos; in &apos;java/lang/String&apos;)}
  0x000077b4580c0d99:   mov    0x90(%rbx),%edx
  0x000077b4580c0d9f:   add    $0x2,%edx
  0x000077b4580c0da2:   mov    %edx,0x90(%rbx)
  0x000077b4580c0da8:   and    $0x1ffffe,%edx
  0x000077b4580c0dae:   test   %edx,%edx
  0x000077b4580c0db0:   je     0x000077b4580c122b
  0x000077b4580c0db6:   movabs $0x77b41401eb48,%rbx         ;   {metadata(method data for {method} {0x00000000464a1c00} &apos;checkIndex&apos; &apos;(II)V&apos; in &apos;java/lang/String&apos;)}
  0x000077b4580c0dc0:   addq   $0x1,0xd8(%rbx)
  0x000077b4580c0dc8:   mov    $0x0,%ebx
  0x000077b4580c0dcd:   movabs $0x4200afbc8,%rdx            ;   {oop(a &apos;jdk/internal/util/Preconditions$4&apos;{0x00000004200afbc8})}
  0x000077b4580c0dd7:   mov    $0x0,%edx
  0x000077b4580c0ddc:   cmp    %edx,%ebx
  0x000077b4580c0dde:   jl     0x000077b4580c124c
  0x000077b4580c0de4:   cmp    %edi,%ebx
  0x000077b4580c0de6:   jge    0x000077b4580c1259           ;*invokestatic checkIndex {reexecute=0 rethrow=0 return_oop=0}
                                                            ; - java.lang.String::checkIndex@5 (line 5198)
                                                            ; - java.lang.StringLatin1::charAt@3 (line 47)
                                                            ; - java.lang.String::charAt@12 (line 1785)
                                                            ; - jdk.internal.constant.ConstantUtils::referenceClassDesc@2 (line 118)
                                                            ; - java.lang.invoke.InvokerBytecodeGenerator::classDesc@84 (line 1661)
  0x000077b4580c0dec:   test   %edi,%edi
  0x000077b4580c0dee:   jbe    0x000077b4580c1266
  0x000077b4580c0df4:   movsbl 0x10(%rsi),%esi              ;*baload {reexecute=0 rethrow=0 return_oop=0}
                                                            ; - java.lang.StringLatin1::charAt@8 (line 48)
                                                            ; - java.lang.String::charAt@12 (line 1785)
                                                            ; - jdk.internal.constant.ConstantUtils::referenceClassDesc@2 (line 118)
                                                            ; - java.lang.invoke.InvokerBytecodeGenerator::classDesc@84 (line 1661)
  0x000077b4580c0df8:   and    $0xff,%esi
  0x000077b4580c0dfe:   and    $0xffff,%esi
  0x000077b4580c0e04:   and    $0xffff,%esi
  0x000077b4580c0e0a:   jmp    0x000077b4580c0f45           ;*bipush {reexecute=0 rethrow=0 return_oop=0}
                                                            ; - jdk.internal.constant.ConstantUtils::referenceClassDesc@5 (line 118)
                                                            ; - java.lang.invoke.InvokerBytecodeGenerator::classDesc@84 (line 1661)
  0x000077b4580c0e0f:   mov    0x14(%rax),%esi
  0x000077b4580c0e12:   shl    $0x3,%rsi                    ;*getfield value {reexecute=0 rethrow=0 return_oop=0}
                                                            ; - java.lang.String::charAt@17 (line 1787)
                                                            ; - jdk.internal.constant.ConstantUtils::referenceClassDesc@2 (line 118)
                                                            ; - java.lang.invoke.InvokerBytecodeGenerator::classDesc@84 (line 1661)
  0x000077b4580c0e16:   movabs $0x77b41401e888,%rdi         ;   {metadata(method data for {method} {0x0000000046179898} &apos;charAt&apos; &apos;(I)C&apos; in &apos;java/lang/String&apos;)}
  0x000077b4580c0e20:   addq   $0x1,0x138(%rdi)
  0x000077b4580c0e28:   movabs $0x77b4141f4780,%rdi         ;   {metadata(method data for {method} {0x0000000046191e70} &apos;charAt&apos; &apos;([BI)C&apos; in &apos;java/lang/StringUTF16&apos;)}
  0x000077b4580c0e32:   mov    0x90(%rdi),%ebx
  0x000077b4580c0e38:   add    $0x2,%ebx
  0x000077b4580c0e3b:   mov    %ebx,0x90(%rdi)
  0x000077b4580c0e41:   and    $0x1ffffe,%ebx
  0x000077b4580c0e47:   test   %ebx,%ebx
  0x000077b4580c0e49:   je     0x000077b4580c1278
  0x000077b4580c0e4f:   movabs $0x77b4141f4780,%rdi         ;   {metadata(method data for {method} {0x0000000046191e70} &apos;charAt&apos; &apos;([BI)C&apos; in &apos;java/lang/StringUTF16&apos;)}
  0x000077b4580c0e59:   addq   $0x1,0xd8(%rdi)
  0x000077b4580c0e61:   movabs $0x77b4141f48c0,%rdi         ;   {metadata(method data for {method} {0x0000000046191478} &apos;checkIndex&apos; &apos;(I[B)V&apos; in &apos;java/lang/StringUTF16&apos;)}
  0x000077b4580c0e6b:   mov    0x90(%rdi),%ebx
  0x000077b4580c0e71:   add    $0x2,%ebx
  0x000077b4580c0e74:   mov    %ebx,0x90(%rdi)
  0x000077b4580c0e7a:   and    $0x1ffffe,%ebx
  0x000077b4580c0e80:   test   %ebx,%ebx
  0x000077b4580c0e82:   je     0x000077b4580c1299
  0x000077b4580c0e88:   movabs $0x77b4141f48c0,%rdi         ;   {metadata(method data for {method} {0x0000000046191478} &apos;checkIndex&apos; &apos;(I[B)V&apos; in &apos;java/lang/StringUTF16&apos;)}
  0x000077b4580c0e92:   addq   $0x1,0xd8(%rdi)
  0x000077b4580c0e9a:   movabs $0x77b4141f4a00,%rdi         ;   {metadata(method data for {method} {0x0000000046191420} &apos;length&apos; &apos;([B)I&apos; in &apos;java/lang/StringUTF16&apos;)}
  0x000077b4580c0ea4:   mov    0x90(%rdi),%ebx
  0x000077b4580c0eaa:   add    $0x2,%ebx
  0x000077b4580c0ead:   mov    %ebx,0x90(%rdi)
  0x000077b4580c0eb3:   and    $0x1ffffe,%ebx
  0x000077b4580c0eb9:   test   %ebx,%ebx
  0x000077b4580c0ebb:   je     0x000077b4580c12ba
  0x000077b4580c0ec1:   mov    0xc(%rsi),%edi               ; implicit exception: dispatches to 0x000077b4580c12db
                                                            ;*arraylength {reexecute=0 rethrow=0 return_oop=0}
                                                            ; - java.lang.StringUTF16::length@1 (line 94)
                                                            ; - java.lang.StringUTF16::checkIndex@2 (line 1734)
                                                            ; - java.lang.StringUTF16::charAt@2 (line 1632)
                                                            ; - java.lang.String::charAt@21 (line 1787)
                                                            ; - jdk.internal.constant.ConstantUtils::referenceClassDesc@2 (line 118)
                                                            ; - java.lang.invoke.InvokerBytecodeGenerator::classDesc@84 (line 1661)
  0x000077b4580c0ec4:   movabs $0x77b4141f48c0,%rbx         ;   {metadata(method data for {method} {0x0000000046191478} &apos;checkIndex&apos; &apos;(I[B)V&apos; in &apos;java/lang/StringUTF16&apos;)}
  0x000077b4580c0ece:   addq   $0x1,0xe8(%rbx)
  0x000077b4580c0ed6:   sar    %edi
  0x000077b4580c0ed8:   movabs $0x77b41401eb48,%rbx         ;   {metadata(method data for {method} {0x00000000464a1c00} &apos;checkIndex&apos; &apos;(II)V&apos; in &apos;java/lang/String&apos;)}
  0x000077b4580c0ee2:   mov    0x90(%rbx),%edx
  0x000077b4580c0ee8:   add    $0x2,%edx
  0x000077b4580c0eeb:   mov    %edx,0x90(%rbx)
  0x000077b4580c0ef1:   and    $0x1ffffe,%edx
  0x000077b4580c0ef7:   test   %edx,%edx
  0x000077b4580c0ef9:   je     0x000077b4580c12e0
  0x000077b4580c0eff:   movabs $0x77b41401eb48,%rbx         ;   {metadata(method data for {method} {0x00000000464a1c00} &apos;checkIndex&apos; &apos;(II)V&apos; in &apos;java/lang/String&apos;)}
  0x000077b4580c0f09:   addq   $0x1,0xd8(%rbx)
  0x000077b4580c0f11:   mov    $0x0,%ebx
  0x000077b4580c0f16:   movabs $0x4200afbc8,%rdx            ;   {oop(a &apos;jdk/internal/util/Preconditions$4&apos;{0x00000004200afbc8})}
  0x000077b4580c0f20:   mov    $0x0,%edx
  0x000077b4580c0f25:   cmp    %edx,%ebx
  0x000077b4580c0f27:   jl     0x000077b4580c1301
  0x000077b4580c0f2d:   cmp    %edi,%ebx
  0x000077b4580c0f2f:   jge    0x000077b4580c130e           ;*invokestatic checkIndex {reexecute=0 rethrow=0 return_oop=0}
                                                            ; - java.lang.String::checkIndex@5 (line 5198)
                                                            ; - java.lang.StringUTF16::checkIndex@5 (line 1734)
                                                            ; - java.lang.StringUTF16::charAt@2 (line 1632)
                                                            ; - java.lang.String::charAt@21 (line 1787)
                                                            ; - jdk.internal.constant.ConstantUtils::referenceClassDesc@2 (line 118)
                                                            ; - java.lang.invoke.InvokerBytecodeGenerator::classDesc@84 (line 1661)
  0x000077b4580c0f35:   movzwl 0x10(%rsi),%esi              ;*invokestatic getChar {reexecute=0 rethrow=0 return_oop=0}
                                                            ; - java.lang.StringUTF16::charAt@7 (line 1633)
                                                            ; - java.lang.String::charAt@21 (line 1787)
                                                            ; - jdk.internal.constant.ConstantUtils::referenceClassDesc@2 (line 118)
                                                            ; - java.lang.invoke.InvokerBytecodeGenerator::classDesc@84 (line 1661)
  0x000077b4580c0f39:   and    $0xffff,%esi
  0x000077b4580c0f3f:   and    $0xffff,%esi
  0x000077b4580c0f45:   cmp    $0x5b,%esi
  0x000077b4580c0f48:   movabs $0x77b41427d4a0,%rsi         ;   {metadata(method data for {method} {0x000000004624ce28} &apos;referenceClassDesc&apos; &apos;(Ljava/lang/String;)Ljava/lang/constant/ClassDesc;&apos; in &apos;jdk/internal/constant/ConstantUtils&apos;)}
  0x000077b4580c0f52:   mov    $0x108,%edi
  0x000077b4580c0f57:   jne    0x000077b4580c0f5e
  0x000077b4580c0f59:   mov    $0x118,%edi
  0x000077b4580c0f5e:   mov    (%rsi,%rdi,1),%rbx
  0x000077b4580c0f62:   lea    0x1(%rbx),%rbx
  0x000077b4580c0f66:   mov    %rbx,(%rsi,%rdi,1)
  0x000077b4580c0f6a:   jne    0x000077b4580c0fa7           ;*if_icmpne {reexecute=0 rethrow=0 return_oop=0}
                                                            ; - jdk.internal.constant.ConstantUtils::referenceClassDesc@7 (line 118)
                                                            ; - java.lang.invoke.InvokerBytecodeGenerator::classDesc@84 (line 1661)
  0x000077b4580c0f70:   movabs $0x77b41427d4a0,%rsi         ;   {metadata(method data for {method} {0x000000004624ce28} &apos;referenceClassDesc&apos; &apos;(Ljava/lang/String;)Ljava/lang/constant/ClassDesc;&apos; in &apos;jdk/internal/constant/ConstantUtils&apos;)}
  0x000077b4580c0f7a:   addq   $0x1,0x128(%rsi)
  0x000077b4580c0f82:   mov    %rax,%rsi                    ;*invokestatic ofValidatedDescriptor {reexecute=0 rethrow=0 return_oop=0}
                                                            ; - jdk.internal.constant.ConstantUtils::referenceClassDesc@11 (line 119)
                                                            ; - java.lang.invoke.InvokerBytecodeGenerator::classDesc@84 (line 1661)
  0x000077b4580c0f85:   xchg   %ax,%ax
  0x000077b4580c0f87:   call   0x000077b45f4adfe0           ; ImmutableOopMap {}
                                                            ;*invokestatic ofValidatedDescriptor {reexecute=0 rethrow=0 return_oop=0}
                                                            ; - jdk.internal.constant.ConstantUtils::referenceClassDesc@11 (line 119)
                                                            ; - java.lang.invoke.InvokerBytecodeGenerator::classDesc@84 (line 1661)
                                                            ;   {static_call}
  0x000077b4580c0f8c:   nopl   0x1000784(%rax,%rax,1)       ;*invokestatic ofValidatedDescriptor {reexecute=0 rethrow=0 return_oop=0}
                                                            ; - jdk.internal.constant.ConstantUtils::referenceClassDesc@11 (line 119)
                                                            ; - java.lang.invoke.InvokerBytecodeGenerator::classDesc@84 (line 1661)
                                                            ;   {post_call_nop}
  0x000077b4580c0f94:   add    $0xa0,%rsp
  0x000077b4580c0f9b:   pop    %rbp
  0x000077b4580c0f9c:   cmp    0x28(%r15),%rsp              ;   {poll_return}
  0x000077b4580c0fa0:   ja     0x000077b4580c131b
  0x000077b4580c0fa6:   ret    
  0x000077b4580c0fa7:   movabs $0x77b41427d4a0,%rsi         ;   {metadata(method data for {method} {0x000000004624ce28} &apos;referenceClassDesc&apos; &apos;(Ljava/lang/String;)Ljava/lang/constant/ClassDesc;&apos; in &apos;jdk/internal/constant/ConstantUtils&apos;)}
  0x000077b4580c0fb1:   addq   $0x1,0x138(%rsi)
  0x000077b4580c0fb9:   mov    %rax,%rsi                    ;*invokestatic ofValidated {reexecute=0 rethrow=0 return_oop=0}
                                                            ; - jdk.internal.constant.ConstantUtils::referenceClassDesc@16 (line 121)
                                                            ; - java.lang.invoke.InvokerBytecodeGenerator::classDesc@84 (line 1661)
  0x000077b4580c0fbc:   data16 xchg %ax,%ax
  0x000077b4580c0fbf:   call   0x000077b45f4adfe0           ; ImmutableOopMap {}
                                                            ;*invokestatic ofValidated {reexecute=0 rethrow=0 return_oop=0}
                                                            ; - jdk.internal.constant.ConstantUtils::referenceClassDesc@16 (line 121)
                                                            ; - java.lang.invoke.InvokerBytecodeGenerator::classDesc@84 (line 1661)
                                                            ;   {static_call}
  0x000077b4580c0fc4:   nopl   0x20007bc(%rax,%rax,1)       ;*invokestatic ofValidated {reexecute=0 rethrow=0 return_oop=0}
                                                            ; - jdk.internal.constant.ConstantUtils::referenceClassDesc@16 (line 121)
                                                            ; - java.lang.invoke.InvokerBytecodeGenerator::classDesc@84 (line 1661)
                                                            ;   {post_call_nop}
  0x000077b4580c0fcc:   add    $0xa0,%rsp
  0x000077b4580c0fd3:   pop    %rbp
  0x000077b4580c0fd4:   cmp    0x28(%r15),%rsp              ;   {poll_return}
  0x000077b4580c0fd8:   ja     0x000077b4580c1331
  0x000077b4580c0fde:   ret    
  0x000077b4580c0fdf:   movabs $0x77b41460f8c8,%rdi         ;   {metadata(method data for {method} {0x0000000046286950} &apos;classDesc&apos; &apos;(Ljava/lang/Class;)Ljava/lang/constant/ClassDesc;&apos; in &apos;java/lang/invoke/InvokerBytecodeGenerator&apos;)}
  0x000077b4580c0fe9:   addq   $0x1,0x240(%rdi)
  0x000077b4580c0ff1:   nopw   0x0(%rax,%rax,1)
  0x000077b4580c0ff7:   call   0x000077b45f4adfe0           ; ImmutableOopMap {}
                                                            ;*invokestatic forPrimitiveType {reexecute=0 rethrow=0 return_oop=0}
                                                            ; - java.lang.invoke.InvokerBytecodeGenerator::classDesc@71 (line 1660)
                                                            ;   {static_call}
  0x000077b4580c0ffc:   nopl   0x30007f4(%rax,%rax,1)       ;*invokestatic forPrimitiveType {reexecute=0 rethrow=0 return_oop=0}
                                                            ; - java.lang.invoke.InvokerBytecodeGenerator::classDesc@71 (line 1660)
                                                            ;   {post_call_nop}
  0x000077b4580c1004:   cmp    (%rax),%rax                  ; implicit exception: dispatches to 0x000077b4580c1347
                                                            ;*invokevirtual basicClassDescriptor {reexecute=0 rethrow=0 return_oop=0}
                                                            ; - java.lang.invoke.InvokerBytecodeGenerator::classDesc@74 (line 1660)
  0x000077b4580c1007:   mov    %rax,%rsi
  0x000077b4580c100a:   movabs $0x77b41460f8c8,%rdi         ;   {metadata(method data for {method} {0x0000000046286950} &apos;classDesc&apos; &apos;(Ljava/lang/Class;)Ljava/lang/constant/ClassDesc;&apos; in &apos;java/lang/invoke/InvokerBytecodeGenerator&apos;)}
  0x000077b4580c1014:   mov    0x8(%rsi),%esi
  0x000077b4580c1017:   mov    $0x46000000,%r10d
  0x000077b4580c101d:   add    %r10,%rsi
  0x000077b4580c1020:   mov    $0x4b,%r10d
  0x000077b4580c1026:   cmp    (%rdi,%r10,8),%rsi
  0x000077b4580c102a:   je     0x000077b4580c1063
  0x000077b4580c102c:   add    $0x2,%r10
  0x000077b4580c1030:   cmp    $0x4f,%r10
  0x000077b4580c1034:   jne    0x000077b4580c1026
  0x000077b4580c1036:   mov    $0x4b,%r10d
  0x000077b4580c103c:   cmpq   $0x0,(%rdi,%r10,8)
  0x000077b4580c1041:   je     0x000077b4580c104f
  0x000077b4580c1043:   add    $0x2,%r10
  0x000077b4580c1047:   cmp    $0x4f,%r10
  0x000077b4580c104b:   jne    0x000077b4580c103c
  0x000077b4580c104d:   jmp    0x000077b4580c105b
  0x000077b4580c104f:   push   %rax
  0x000077b4580c1050:   xor    %rax,%rax
  0x000077b4580c1053:   cmpxchg %rsi,(%rdi,%r10,8)
  0x000077b4580c1058:   pop    %rax
  0x000077b4580c1059:   jmp    0x000077b4580c1020
  0x000077b4580c105b:   mov    $0x4a,%r10d
  0x000077b4580c1061:   jmp    0x000077b4580c1067
  0x000077b4580c1063:   add    $0x1,%r10
  0x000077b4580c1067:   addq   $0x1,(%rdi,%r10,8)
  0x000077b4580c106c:   mov    0x30(%rax),%eax
  0x000077b4580c106f:   shl    $0x3,%rax                    ;*getfield basicClassDesc {reexecute=0 rethrow=0 return_oop=0}
                                                            ; - sun.invoke.util.Wrapper::basicClassDescriptor@1 (line 392)
                                                            ; - java.lang.invoke.InvokerBytecodeGenerator::classDesc@74 (line 1660)
  0x000077b4580c1073:   movabs $0x77b41460f8c8,%rsi         ;   {metadata(method data for {method} {0x0000000046286950} &apos;classDesc&apos; &apos;(Ljava/lang/Class;)Ljava/lang/constant/ClassDesc;&apos; in &apos;java/lang/invoke/InvokerBytecodeGenerator&apos;)}
  0x000077b4580c107d:   incl   0x280(%rsi)                  ;*goto {reexecute=0 rethrow=0 return_oop=0}
                                                            ; - java.lang.invoke.InvokerBytecodeGenerator::classDesc@77 (line 1660)
  0x000077b4580c1083:   add    $0xa0,%rsp
  0x000077b4580c108a:   pop    %rbp
  0x000077b4580c108b:   cmp    0x28(%r15),%rsp              ;   {poll_return}
  0x000077b4580c108f:   ja     0x000077b4580c134c
  0x000077b4580c1095:   ret    
  0x000077b4580c1096:   movabs $0x77b41460f8c8,%rax         ;   {metadata(method data for {method} {0x0000000046286950} &apos;classDesc&apos; &apos;(Ljava/lang/Class;)Ljava/lang/constant/ClassDesc;&apos; in &apos;java/lang/invoke/InvokerBytecodeGenerator&apos;)}
  0x000077b4580c10a0:   incl   0x1d8(%rax)
  0x000077b4580c10a6:   movabs $0x4200efec0,%rax            ;*goto {reexecute=0 rethrow=0 return_oop=0}
                                                            ; - java.lang.invoke.InvokerBytecodeGenerator::classDesc@60 (line 1659)
                                                            ;   {oop(a &apos;jdk/internal/constant/ClassOrInterfaceDescImpl&apos;{0x00000004200efec0})}
  0x000077b4580c10b0:   add    $0xa0,%rsp
  0x000077b4580c10b7:   pop    %rbp
  0x000077b4580c10b8:   cmp    0x28(%r15),%rsp              ;   {poll_return}
  0x000077b4580c10bc:   ja     0x000077b4580c1362
  0x000077b4580c10c2:   ret    
  0x000077b4580c10c3:   movabs $0x77b41460f8c8,%rax         ;   {metadata(method data for {method} {0x0000000046286950} &apos;classDesc&apos; &apos;(Ljava/lang/Class;)Ljava/lang/constant/ClassDesc;&apos; in &apos;java/lang/invoke/InvokerBytecodeGenerator&apos;)}
  0x000077b4580c10cd:   incl   0x1a0(%rax)
  0x000077b4580c10d3:   movabs $0x4201da8b8,%rax            ;*goto {reexecute=0 rethrow=0 return_oop=0}
                                                            ; - java.lang.invoke.InvokerBytecodeGenerator::classDesc@48 (line 1658)
                                                            ;   {oop(a &apos;jdk/internal/constant/ClassOrInterfaceDescImpl&apos;{0x00000004201da8b8})}
  0x000077b4580c10dd:   add    $0xa0,%rsp
  0x000077b4580c10e4:   pop    %rbp
  0x000077b4580c10e5:   cmp    0x28(%r15),%rsp              ;   {poll_return}
  0x000077b4580c10e9:   ja     0x000077b4580c1378
  0x000077b4580c10ef:   ret    
  0x000077b4580c10f0:   movabs $0x77b41460f8c8,%rax         ;   {metadata(method data for {method} {0x0000000046286950} &apos;classDesc&apos; &apos;(Ljava/lang/Class;)Ljava/lang/constant/ClassDesc;&apos; in &apos;java/lang/invoke/InvokerBytecodeGenerator&apos;)}
  0x000077b4580c10fa:   incl   0x168(%rax)
  0x000077b4580c1100:   movabs $0x4200039b8,%rax            ;*goto {reexecute=0 rethrow=0 return_oop=0}
                                                            ; - java.lang.invoke.InvokerBytecodeGenerator::classDesc@35 (line 1657)
                                                            ;   {oop(a &apos;jdk/internal/constant/ClassOrInterfaceDescImpl&apos;{0x00000004200039b8})}
  0x000077b4580c110a:   add    $0xa0,%rsp
  0x000077b4580c1111:   pop    %rbp
  0x000077b4580c1112:   cmp    0x28(%r15),%rsp              ;   {poll_return}
  0x000077b4580c1116:   ja     0x000077b4580c138e
  0x000077b4580c111c:   ret    
  0x000077b4580c111d:   movabs $0x77b41460f8c8,%rax         ;   {metadata(method data for {method} {0x0000000046286950} &apos;classDesc&apos; &apos;(Ljava/lang/Class;)Ljava/lang/constant/ClassDesc;&apos; in &apos;java/lang/invoke/InvokerBytecodeGenerator&apos;)}
  0x000077b4580c1127:   incl   0x130(%rax)
  0x000077b4580c112d:   movabs $0x4201da918,%rax            ;*goto {reexecute=0 rethrow=0 return_oop=0}
                                                            ; - java.lang.invoke.InvokerBytecodeGenerator::classDesc@23 (line 1656)
                                                            ;   {oop(a &apos;jdk/internal/constant/ClassOrInterfaceDescImpl&apos;{0x00000004201da918})}
  0x000077b4580c1137:   add    $0xa0,%rsp
  0x000077b4580c113e:   pop    %rbp
  0x000077b4580c113f:   cmp    0x28(%r15),%rsp              ;   {poll_return}
  0x000077b4580c1143:   ja     0x000077b4580c13a4
  0x000077b4580c1149:   ret    
  0x000077b4580c114a:   movabs $0x77b41460f8c8,%rax         ;   {metadata(method data for {method} {0x0000000046286950} &apos;classDesc&apos; &apos;(Ljava/lang/Class;)Ljava/lang/constant/ClassDesc;&apos; in &apos;java/lang/invoke/InvokerBytecodeGenerator&apos;)}
  0x000077b4580c1154:   incl   0xf8(%rax)
  0x000077b4580c115a:   movabs $0x4201da798,%rax            ;*goto {reexecute=0 rethrow=0 return_oop=0}
                                                            ; - java.lang.invoke.InvokerBytecodeGenerator::classDesc@10 (line 1655)
                                                            ;   {oop(a &apos;jdk/internal/constant/ClassOrInterfaceDescImpl&apos;{0x00000004201da798})}
  0x000077b4580c1164:   add    $0xa0,%rsp
  0x000077b4580c116b:   pop    %rbp
  0x000077b4580c116c:   cmp    0x28(%r15),%rsp              ;   {poll_return}
  0x000077b4580c1170:   ja     0x000077b4580c13ba
  0x000077b4580c1176:   ret    
  0x000077b4580c1177:   movabs $0x46286950,%r10             ;   {metadata({method} {0x0000000046286950} &apos;classDesc&apos; &apos;(Ljava/lang/Class;)Ljava/lang/constant/ClassDesc;&apos; in &apos;java/lang/invoke/InvokerBytecodeGenerator&apos;)}
  0x000077b4580c1181:   mov    %r10,0x8(%rsp)
  0x000077b4580c1186:   movq   $0xffffffffffffffff,(%rsp)
  0x000077b4580c118e:   call   0x000077b45f582fe0           ; ImmutableOopMap {rsi=Oop }
                                                            ;*synchronization entry
                                                            ; - java.lang.invoke.InvokerBytecodeGenerator::classDesc@-1 (line 1655)
                                                            ;   {runtime_call counter_overflow_blob (C1 runtime)}
  0x000077b4580c1193:   jmp    0x000077b4580c0946
  0x000077b4580c1198:   call   0x000077b45f57c660           ; ImmutableOopMap {rsi=Oop }
                                                            ;*invokevirtual isPrimitive {reexecute=0 rethrow=0 return_oop=0}
                                                            ; - java.lang.invoke.InvokerBytecodeGenerator::classDesc@64 (line 1660)
                                                            ;   {runtime_call throw_null_pointer_exception_blob (C1 runtime)}
  0x000077b4580c119d:   movabs $0x4624ce28,%r10             ;   {metadata({method} {0x000000004624ce28} &apos;referenceClassDesc&apos; &apos;(Ljava/lang/String;)Ljava/lang/constant/ClassDesc;&apos; in &apos;jdk/internal/constant/ConstantUtils&apos;)}
  0x000077b4580c11a7:   mov    %r10,0x8(%rsp)
  0x000077b4580c11ac:   movq   $0xffffffffffffffff,(%rsp)
  0x000077b4580c11b4:   call   0x000077b45f582fe0           ; ImmutableOopMap {rax=Oop }
                                                            ;*synchronization entry
                                                            ; - jdk.internal.constant.ConstantUtils::referenceClassDesc@-1 (line 118)
                                                            ; - java.lang.invoke.InvokerBytecodeGenerator::classDesc@84 (line 1661)
                                                            ;   {runtime_call counter_overflow_blob (C1 runtime)}
  0x000077b4580c11b9:   jmp    0x000077b4580c0b95
  0x000077b4580c11be:   call   0x000077b45f57c660           ; ImmutableOopMap {rax=Oop }
                                                            ;*invokevirtual charAt {reexecute=0 rethrow=0 return_oop=0}
                                                            ; - jdk.internal.constant.ConstantUtils::referenceClassDesc@2 (line 118)
                                                            ; - java.lang.invoke.InvokerBytecodeGenerator::classDesc@84 (line 1661)
                                                            ;   {runtime_call throw_null_pointer_exception_blob (C1 runtime)}
  0x000077b4580c11c3:   movabs $0x46179898,%r10             ;   {metadata({method} {0x0000000046179898} &apos;charAt&apos; &apos;(I)C&apos; in &apos;java/lang/String&apos;)}
  0x000077b4580c11cd:   mov    %r10,0x8(%rsp)
  0x000077b4580c11d2:   movq   $0xffffffffffffffff,(%rsp)
  0x000077b4580c11da:   call   0x000077b45f582fe0           ; ImmutableOopMap {rax=Oop }
                                                            ;*synchronization entry
                                                            ; - java.lang.String::charAt@-1 (line 1784)
                                                            ; - jdk.internal.constant.ConstantUtils::referenceClassDesc@2 (line 118)
                                                            ; - java.lang.invoke.InvokerBytecodeGenerator::classDesc@84 (line 1661)
                                                            ;   {runtime_call counter_overflow_blob (C1 runtime)}
  0x000077b4580c11df:   jmp    0x000077b4580c0c24
  0x000077b4580c11e4:   movabs $0x464a0708,%r10             ;   {metadata({method} {0x00000000464a0708} &apos;isLatin1&apos; &apos;()Z&apos; in &apos;java/lang/String&apos;)}
  0x000077b4580c11ee:   mov    %r10,0x8(%rsp)
  0x000077b4580c11f3:   movq   $0xffffffffffffffff,(%rsp)
  0x000077b4580c11fb:   call   0x000077b45f582fe0           ; ImmutableOopMap {rax=Oop }
                                                            ;*synchronization entry
                                                            ; - java.lang.String::isLatin1@-1 (line 5187)
                                                            ; - java.lang.String::charAt@1 (line 1784)
                                                            ; - jdk.internal.constant.ConstantUtils::referenceClassDesc@2 (line 118)
                                                            ; - java.lang.invoke.InvokerBytecodeGenerator::classDesc@84 (line 1661)
                                                            ;   {runtime_call counter_overflow_blob (C1 runtime)}
  0x000077b4580c1200:   jmp    0x000077b4580c0cb0
  0x000077b4580c1205:   movabs $0x46190618,%r10             ;   {metadata({method} {0x0000000046190618} &apos;charAt&apos; &apos;([BI)C&apos; in &apos;java/lang/StringLatin1&apos;)}
  0x000077b4580c120f:   mov    %r10,0x8(%rsp)
  0x000077b4580c1214:   movq   $0xffffffffffffffff,(%rsp)
  0x000077b4580c121c:   call   0x000077b45f582fe0           ; ImmutableOopMap {rax=Oop rsi=Oop }
                                                            ;*synchronization entry
                                                            ; - java.lang.StringLatin1::charAt@-1 (line 47)
                                                            ; - java.lang.String::charAt@12 (line 1785)
                                                            ; - jdk.internal.constant.ConstantUtils::referenceClassDesc@2 (line 118)
                                                            ; - java.lang.invoke.InvokerBytecodeGenerator::classDesc@84 (line 1661)
                                                            ;   {runtime_call counter_overflow_blob (C1 runtime)}
  0x000077b4580c1221:   jmp    0x000077b4580c0d7a
  0x000077b4580c1226:   call   0x000077b45f57c660           ; ImmutableOopMap {rax=Oop rsi=Oop }
                                                            ;*arraylength {reexecute=0 rethrow=0 return_oop=0}
                                                            ; - java.lang.StringLatin1::charAt@2 (line 47)
                                                            ; - java.lang.String::charAt@12 (line 1785)
                                                            ; - jdk.internal.constant.ConstantUtils::referenceClassDesc@2 (line 118)
                                                            ; - java.lang.invoke.InvokerBytecodeGenerator::classDesc@84 (line 1661)
                                                            ;   {runtime_call throw_null_pointer_exception_blob (C1 runtime)}
  0x000077b4580c122b:   movabs $0x464a1c00,%r10             ;   {metadata({method} {0x00000000464a1c00} &apos;checkIndex&apos; &apos;(II)V&apos; in &apos;java/lang/String&apos;)}
  0x000077b4580c1235:   mov    %r10,0x8(%rsp)
  0x000077b4580c123a:   movq   $0xffffffffffffffff,(%rsp)
  0x000077b4580c1242:   call   0x000077b45f582fe0           ; ImmutableOopMap {rax=Oop rsi=Oop }
                                                            ;*synchronization entry
                                                            ; - java.lang.String::checkIndex@-1 (line 5198)
                                                            ; - java.lang.StringLatin1::charAt@3 (line 47)
                                                            ; - java.lang.String::charAt@12 (line 1785)
                                                            ; - jdk.internal.constant.ConstantUtils::referenceClassDesc@2 (line 118)
                                                            ; - java.lang.invoke.InvokerBytecodeGenerator::classDesc@84 (line 1661)
                                                            ;   {runtime_call counter_overflow_blob (C1 runtime)}
  0x000077b4580c1247:   jmp    0x000077b4580c0db6
  0x000077b4580c124c:   movq   $0xffffffffffffffe4,(%rsp)
  0x000077b4580c1254:   call   0x000077b45f5810e0           ; ImmutableOopMap {rax=Oop rsi=Oop }
                                                            ;*invokestatic checkIndex {reexecute=0 rethrow=0 return_oop=0}
                                                            ; - java.lang.String::checkIndex@5 (line 5198)
                                                            ; - java.lang.StringLatin1::charAt@3 (line 47)
                                                            ; - java.lang.String::charAt@12 (line 1785)
                                                            ; - jdk.internal.constant.ConstantUtils::referenceClassDesc@2 (line 118)
                                                            ; - java.lang.invoke.InvokerBytecodeGenerator::classDesc@84 (line 1661)
                                                            ;   {runtime_call deoptimize_blob (C1 runtime)}
  0x000077b4580c1259:   movq   $0xffffffffffffffe4,(%rsp)
  0x000077b4580c1261:   call   0x000077b45f5810e0           ; ImmutableOopMap {rax=Oop rsi=Oop }
                                                            ;*invokestatic checkIndex {reexecute=0 rethrow=0 return_oop=0}
                                                            ; - java.lang.String::checkIndex@5 (line 5198)
                                                            ; - java.lang.StringLatin1::charAt@3 (line 47)
                                                            ; - java.lang.String::charAt@12 (line 1785)
                                                            ; - jdk.internal.constant.ConstantUtils::referenceClassDesc@2 (line 118)
                                                            ; - java.lang.invoke.InvokerBytecodeGenerator::classDesc@84 (line 1661)
                                                            ;   {runtime_call deoptimize_blob (C1 runtime)}
  0x000077b4580c1266:   movq   $0x0,(%rsp)
  0x000077b4580c126e:   mov    %rsi,0x8(%rsp)
  0x000077b4580c1273:   call   0x000077b45f57bd60           ; ImmutableOopMap {rax=Oop rsi=Oop }
                                                            ;*baload {reexecute=0 rethrow=0 return_oop=0}
                                                            ; - java.lang.StringLatin1::charAt@8 (line 48)
                                                            ; - java.lang.String::charAt@12 (line 1785)
                                                            ; - jdk.internal.constant.ConstantUtils::referenceClassDesc@2 (line 118)
                                                            ; - java.lang.invoke.InvokerBytecodeGenerator::classDesc@84 (line 1661)
                                                            ;   {runtime_call throw_range_check_failed_blob (C1 runtime)}
  0x000077b4580c1278:   movabs $0x46191e70,%r10             ;   {metadata({method} {0x0000000046191e70} &apos;charAt&apos; &apos;([BI)C&apos; in &apos;java/lang/StringUTF16&apos;)}
  0x000077b4580c1282:   mov    %r10,0x8(%rsp)
  0x000077b4580c1287:   movq   $0xffffffffffffffff,(%rsp)
  0x000077b4580c128f:   call   0x000077b45f582fe0           ; ImmutableOopMap {rax=Oop rsi=Oop }
                                                            ;*synchronization entry
                                                            ; - java.lang.StringUTF16::charAt@-1 (line 1632)
                                                            ; - java.lang.String::charAt@21 (line 1787)
                                                            ; - jdk.internal.constant.ConstantUtils::referenceClassDesc@2 (line 118)
                                                            ; - java.lang.invoke.InvokerBytecodeGenerator::classDesc@84 (line 1661)
                                                            ;   {runtime_call counter_overflow_blob (C1 runtime)}
  0x000077b4580c1294:   jmp    0x000077b4580c0e4f
  0x000077b4580c1299:   movabs $0x46191478,%r10             ;   {metadata({method} {0x0000000046191478} &apos;checkIndex&apos; &apos;(I[B)V&apos; in &apos;java/lang/StringUTF16&apos;)}
  0x000077b4580c12a3:   mov    %r10,0x8(%rsp)
  0x000077b4580c12a8:   movq   $0xffffffffffffffff,(%rsp)
  0x000077b4580c12b0:   call   0x000077b45f582fe0           ; ImmutableOopMap {rax=Oop rsi=Oop }
                                                            ;*synchronization entry
                                                            ; - java.lang.StringUTF16::checkIndex@-1 (line 1734)
                                                            ; - java.lang.StringUTF16::charAt@2 (line 1632)
                                                            ; - java.lang.String::charAt@21 (line 1787)
                                                            ; - jdk.internal.constant.ConstantUtils::referenceClassDesc@2 (line 118)
                                                            ; - java.lang.invoke.InvokerBytecodeGenerator::classDesc@84 (line 1661)
                                                            ;   {runtime_call counter_overflow_blob (C1 runtime)}
  0x000077b4580c12b5:   jmp    0x000077b4580c0e88
  0x000077b4580c12ba:   movabs $0x46191420,%r10             ;   {metadata({method} {0x0000000046191420} &apos;length&apos; &apos;([B)I&apos; in &apos;java/lang/StringUTF16&apos;)}
  0x000077b4580c12c4:   mov    %r10,0x8(%rsp)
  0x000077b4580c12c9:   movq   $0xffffffffffffffff,(%rsp)
  0x000077b4580c12d1:   call   0x000077b45f582fe0           ; ImmutableOopMap {rax=Oop rsi=Oop }
                                                            ;*synchronization entry
                                                            ; - java.lang.StringUTF16::length@-1 (line 94)
                                                            ; - java.lang.StringUTF16::checkIndex@2 (line 1734)
                                                            ; - java.lang.StringUTF16::charAt@2 (line 1632)
                                                            ; - java.lang.String::charAt@21 (line 1787)
                                                            ; - jdk.internal.constant.ConstantUtils::referenceClassDesc@2 (line 118)
                                                            ; - java.lang.invoke.InvokerBytecodeGenerator::classDesc@84 (line 1661)
                                                            ;   {runtime_call counter_overflow_blob (C1 runtime)}
  0x000077b4580c12d6:   jmp    0x000077b4580c0ec1
  0x000077b4580c12db:   call   0x000077b45f57c660           ; ImmutableOopMap {rax=Oop rsi=Oop }
                                                            ;*arraylength {reexecute=0 rethrow=0 return_oop=0}
                                                            ; - java.lang.StringUTF16::length@1 (line 94)
                                                            ; - java.lang.StringUTF16::checkIndex@2 (line 1734)
                                                            ; - java.lang.StringUTF16::charAt@2 (line 1632)
                                                            ; - java.lang.String::charAt@21 (line 1787)
                                                            ; - jdk.internal.constant.ConstantUtils::referenceClassDesc@2 (line 118)
                                                            ; - java.lang.invoke.InvokerBytecodeGenerator::classDesc@84 (line 1661)
                                                            ;   {runtime_call throw_null_pointer_exception_blob (C1 runtime)}
  0x000077b4580c12e0:   movabs $0x464a1c00,%r10             ;   {metadata({method} {0x00000000464a1c00} &apos;checkIndex&apos; &apos;(II)V&apos; in &apos;java/lang/String&apos;)}
  0x000077b4580c12ea:   mov    %r10,0x8(%rsp)
  0x000077b4580c12ef:   movq   $0xffffffffffffffff,(%rsp)
  0x000077b4580c12f7:   call   0x000077b45f582fe0           ; ImmutableOopMap {rax=Oop rsi=Oop }
                                                            ;*synchronization entry
                                                            ; - java.lang.String::checkIndex@-1 (line 5198)
                                                            ; - java.lang.StringUTF16::checkIndex@5 (line 1734)
                                                            ; - java.lang.StringUTF16::charAt@2 (line 1632)
                                                            ; - java.lang.String::charAt@21 (line 1787)
                                                            ; - jdk.internal.constant.ConstantUtils::referenceClassDesc@2 (line 118)
                                                            ; - java.lang.invoke.InvokerBytecodeGenerator::classDesc@84 (line 1661)
                                                            ;   {runtime_call counter_overflow_blob (C1 runtime)}
  0x000077b4580c12fc:   jmp    0x000077b4580c0eff
  0x000077b4580c1301:   movq   $0xffffffffffffffe4,(%rsp)
  0x000077b4580c1309:   call   0x000077b45f5810e0           ; ImmutableOopMap {rax=Oop rsi=Oop }
                                                            ;*invokestatic checkIndex {reexecute=0 rethrow=0 return_oop=0}
                                                            ; - java.lang.String::checkIndex@5 (line 5198)
                                                            ; - java.lang.StringUTF16::checkIndex@5 (line 1734)
                                                            ; - java.lang.StringUTF16::charAt@2 (line 1632)
                                                            ; - java.lang.String::charAt@21 (line 1787)
                                                            ; - jdk.internal.constant.ConstantUtils::referenceClassDesc@2 (line 118)
                                                            ; - java.lang.invoke.InvokerBytecodeGenerator::classDesc@84 (line 1661)
                                                            ;   {runtime_call deoptimize_blob (C1 runtime)}
  0x000077b4580c130e:   movq   $0xffffffffffffffe4,(%rsp)
  0x000077b4580c1316:   call   0x000077b45f5810e0           ; ImmutableOopMap {rax=Oop rsi=Oop }
                                                            ;*invokestatic checkIndex {reexecute=0 rethrow=0 return_oop=0}
                                                            ; - java.lang.String::checkIndex@5 (line 5198)
                                                            ; - java.lang.StringUTF16::checkIndex@5 (line 1734)
                                                            ; - java.lang.StringUTF16::charAt@2 (line 1632)
                                                            ; - java.lang.String::charAt@21 (line 1787)
                                                            ; - jdk.internal.constant.ConstantUtils::referenceClassDesc@2 (line 118)
                                                            ; - java.lang.invoke.InvokerBytecodeGenerator::classDesc@84 (line 1661)
                                                            ;   {runtime_call deoptimize_blob (C1 runtime)}
  0x000077b4580c131b:   movabs $0x77b4580c0f9c,%r10         ;   {internal_word}
  0x000077b4580c1325:   mov    %r10,0x510(%r15)
  0x000077b4580c132c:   jmp    0x000077b45f4afb60           ;   {runtime_call SafepointBlob}
  0x000077b4580c1331:   movabs $0x77b4580c0fd4,%r10         ;   {internal_word}
  0x000077b4580c133b:   mov    %r10,0x510(%r15)
  0x000077b4580c1342:   jmp    0x000077b45f4afb60           ;   {runtime_call SafepointBlob}
  0x000077b4580c1347:   call   0x000077b45f57c660           ; ImmutableOopMap {rax=Oop }
                                                            ;*invokevirtual basicClassDescriptor {reexecute=0 rethrow=0 return_oop=0}
                                                            ; - java.lang.invoke.InvokerBytecodeGenerator::classDesc@74 (line 1660)
                                                            ;   {runtime_call throw_null_pointer_exception_blob (C1 runtime)}
  0x000077b4580c134c:   movabs $0x77b4580c108b,%r10         ;   {internal_word}
  0x000077b4580c1356:   mov    %r10,0x510(%r15)
  0x000077b4580c135d:   jmp    0x000077b45f4afb60           ;   {runtime_call SafepointBlob}
  0x000077b4580c1362:   movabs $0x77b4580c10b8,%r10         ;   {internal_word}
  0x000077b4580c136c:   mov    %r10,0x510(%r15)
  0x000077b4580c1373:   jmp    0x000077b45f4afb60           ;   {runtime_call SafepointBlob}
  0x000077b4580c1378:   movabs $0x77b4580c10e5,%r10         ;   {internal_word}
  0x000077b4580c1382:   mov    %r10,0x510(%r15)
  0x000077b4580c1389:   jmp    0x000077b45f4afb60           ;   {runtime_call SafepointBlob}
  0x000077b4580c138e:   movabs $0x77b4580c1112,%r10         ;   {internal_word}
  0x000077b4580c1398:   mov    %r10,0x510(%r15)
  0x000077b4580c139f:   jmp    0x000077b45f4afb60           ;   {runtime_call SafepointBlob}
  0x000077b4580c13a4:   movabs $0x77b4580c113f,%r10         ;   {internal_word}
  0x000077b4580c13ae:   mov    %r10,0x510(%r15)
  0x000077b4580c13b5:   jmp    0x000077b45f4afb60           ;   {runtime_call SafepointBlob}
  0x000077b4580c13ba:   movabs $0x77b4580c116c,%r10         ;   {internal_word}
  0x000077b4580c13c4:   mov    %r10,0x510(%r15)
  0x000077b4580c13cb:   jmp    0x000077b45f4afb60           ;   {runtime_call SafepointBlob}
  0x000077b4580c13d0:   mov    0x5c0(%r15),%rax
  0x000077b4580c13d7:   movq   $0x0,0x5c0(%r15)
  0x000077b4580c13e2:   movq   $0x0,0x5c8(%r15)
  0x000077b4580c13ed:   add    $0xa0,%rsp
  0x000077b4580c13f4:   pop    %rbp
  0x000077b4580c13f5:   jmp    0x000077b45f57b760           ;   {runtime_call unwind_exception_blob (C1 runtime)}
  0x000077b4580c13fa:   hlt    
  0x000077b4580c13fb:   hlt    
  0x000077b4580c13fc:   hlt    
  0x000077b4580c13fd:   hlt    
  0x000077b4580c13fe:   hlt    
  0x000077b4580c13ff:   hlt    
[Stub Code]
  0x000077b4580c1400:   movabs $0x0,%rbx                    ;   {static_stub}
  0x000077b4580c140a:   jmp    0x000077b4580c140a           ;   {runtime_call nmethod}
  0x000077b4580c140f:   movabs $0x0,%rbx                    ;   {static_stub}
  0x000077b4580c1419:   jmp    0x000077b4580c1419           ;   {runtime_call nmethod}
  0x000077b4580c141e:   movabs $0x0,%rbx                    ;   {static_stub}
  0x000077b4580c1428:   jmp    0x000077b4580c1428           ;   {runtime_call nmethod}
  0x000077b4580c142d:   movabs $0x0,%rbx                    ;   {static_stub}
  0x000077b4580c1437:   jmp    0x000077b4580c1437           ;   {runtime_call nmethod}
[Exception Handler]
  0x000077b4580c143c:   call   0x000077b45f57ede0           ;   {runtime_call handle_exception_from_callee_blob (C1 runtime)}
  0x000077b4580c1441:   movabs $0x77b478d3aec4,%rdi         ;   {external_word}
  0x000077b4580c144b:   and    $0xfffffffffffffff0,%rsp
  0x000077b4580c144f:   call   0x000077b478791cc0           ;   {runtime_call MacroAssembler::debug64(char*, long, long*)}
  0x000077b4580c1454:   hlt    
  0x000077b4580c1455:   call   0x000077b45f4afe60           ;   {runtime_call DeoptimizationBlob}
[Deopt Handler Entry Point]
  0x000077b4580c145a:   jmp    0x000077b4580c1455
  0x000077b4580c145c:   hlt    
  0x000077b4580c145d:   hlt    
  0x000077b4580c145e:   hlt    
  0x000077b4580c145f:   hlt    
--------------------------------------------------------------------------------
[/Disassembly]
