
============================= C1-compiled nmethod ==============================
----------------------------------- Assembly -----------------------------------

Compiled method (c1) 22092 1159       3       sun.invoke.util.VerifyAccess::isClassAccessible (230 bytes)
 total in heap  [0x000077b4580c5788,0x000077b4580c6af8] = 4976
 main code      [0x000077b4580c5880,0x000077b4580c6a88] = 4616
 stub code      [0x000077b4580c6a88,0x000077b4580c6af8] = 112
 mutable data [0x000077b3fc163c70,0x000077b3fc163e88] = 536
 relocation     [0x000077b3fc163c70,0x000077b3fc163e10] = 416
 metadata       [0x000077b3fc163e10,0x000077b3fc163e88] = 120
 immutable data [0x000077b3fc1631e0,0x000077b3fc163c64] = 2692
 dependencies   [0x000077b3fc1631e0,0x000077b3fc163200] = 32
 nul chk table  [0x000077b3fc163200,0x000077b3fc163230] = 48
 scopes pcs     [0x000077b3fc163230,0x000077b3fc1638b0] = 1664
 scopes data    [0x000077b3fc1638b0,0x000077b3fc163c60] = 944

[Disassembly]
--------------------------------------------------------------------------------
[Constant Pool (empty)]

--------------------------------------------------------------------------------

[Verified Entry Point]
  # {method} {0x0000000046285490} &apos;isClassAccessible&apos; &apos;(Ljava/lang/Class;Ljava/lang/Class;Ljava/lang/Class;I)Z&apos; in &apos;sun/invoke/util/VerifyAccess&apos;
  # parm0:    rsi:rsi   = &apos;java/lang/Class&apos;
  # parm1:    rdx:rdx   = &apos;java/lang/Class&apos;
  # parm2:    rcx:rcx   = &apos;java/lang/Class&apos;
  # parm3:    r8        = int
  #           [sp+0xd0]  (sp of caller)
  0x000077b4580c5880:   mov    %eax,-0x14000(%rsp)
  0x000077b4580c5887:   push   %rbp
  0x000077b4580c5888:   sub    $0xc0,%rsp
  0x000077b4580c588f:   nop
  0x000077b4580c5890:   cmpl   $0x1,0x20(%r15)
  0x000077b4580c5898:   je     0x000077b4580c589f
  0x000077b4580c589a:   call   Stub::method_entry_barrier_stub (stub gen)
                                                            ;   {runtime_call Stub::method_entry_barrier_stub (stub gen)}
  0x000077b4580c589f:   movabs $0x77b414613a40,%rdi         ;   {metadata(method data for {method} {0x0000000046285490} &apos;isClassAccessible&apos; &apos;(Ljava/lang/Class;Ljava/lang/Class;Ljava/lang/Class;I)Z&apos; in &apos;sun/invoke/util/VerifyAccess&apos;)}
  0x000077b4580c58a9:   mov    0x90(%rdi),%ebx
  0x000077b4580c58af:   add    $0x2,%ebx
  0x000077b4580c58b2:   mov    %ebx,0x90(%rdi)
  0x000077b4580c58b8:   and    $0x7fe,%ebx
  0x000077b4580c58be:   test   %ebx,%ebx
  0x000077b4580c58c0:   je     0x000077b4580c67a1           ;*iload_3 {reexecute=0 rethrow=0 return_oop=0}
                                                            ; - sun.invoke.util.VerifyAccess::isClassAccessible@0 (line 191)
  0x000077b4580c58c6:   test   %r8d,%r8d
  0x000077b4580c58c9:   movabs $0x77b414613a40,%rdi         ;   {metadata(method data for {method} {0x0000000046285490} &apos;isClassAccessible&apos; &apos;(Ljava/lang/Class;Ljava/lang/Class;Ljava/lang/Class;I)Z&apos; in &apos;sun/invoke/util/VerifyAccess&apos;)}
  0x000077b4580c58d3:   mov    $0xe8,%ebx
  0x000077b4580c58d8:   je     0x000077b4580c58df
  0x000077b4580c58da:   mov    $0xd8,%ebx
  0x000077b4580c58df:   mov    (%rdi,%rbx,1),%rax
  0x000077b4580c58e3:   lea    0x1(%rax),%rax
  0x000077b4580c58e7:   mov    %rax,(%rdi,%rbx,1)
  0x000077b4580c58eb:   je     0x000077b4580c663d           ;*ifne {reexecute=0 rethrow=0 return_oop=0}
                                                            ; - sun.invoke.util.VerifyAccess::isClassAccessible@1 (line 191)
  0x000077b4580c58f1:   movabs $0x77b414613a40,%rdi         ;   {metadata(method data for {method} {0x0000000046285490} &apos;isClassAccessible&apos; &apos;(Ljava/lang/Class;Ljava/lang/Class;Ljava/lang/Class;I)Z&apos; in &apos;sun/invoke/util/VerifyAccess&apos;)}
  0x000077b4580c58fb:   incl   0xf8(%rdi)                   ;*ifne {reexecute=0 rethrow=0 return_oop=0}
                                                            ; - sun.invoke.util.VerifyAccess::isClassAccessible@9 (line 192)
  0x000077b4580c5901:   mov    %r8,%rdi
  0x000077b4580c5904:   and    $0x8,%edi
  0x000077b4580c5907:   test   %edi,%edi
  0x000077b4580c5909:   movabs $0x77b414613a40,%rdi         ;   {metadata(method data for {method} {0x0000000046285490} &apos;isClassAccessible&apos; &apos;(Ljava/lang/Class;Ljava/lang/Class;Ljava/lang/Class;I)Z&apos; in &apos;sun/invoke/util/VerifyAccess&apos;)}
  0x000077b4580c5913:   mov    $0x158,%ebx
  0x000077b4580c5918:   jne    0x000077b4580c591f
  0x000077b4580c591a:   mov    $0x148,%ebx
  0x000077b4580c591f:   mov    (%rdi,%rbx,1),%rax
  0x000077b4580c5923:   lea    0x1(%rax),%rax
  0x000077b4580c5927:   mov    %rax,(%rdi,%rbx,1)
  0x000077b4580c592b:   mov    %r8d,0x78(%rsp)
  0x000077b4580c5930:   mov    %rcx,0x80(%rsp)
  0x000077b4580c5938:   jne    0x000077b4580c5948           ;*ifeq {reexecute=0 rethrow=0 return_oop=0}
                                                            ; - sun.invoke.util.VerifyAccess::isClassAccessible@31 (line 194)
  0x000077b4580c593e:   mov    %rdx,0x70(%rsp)
  0x000077b4580c5943:   jmp    0x000077b4580c59ab           ;*aload_0 {reexecute=0 rethrow=0 return_oop=0}
                                                            ; - sun.invoke.util.VerifyAccess::isClassAccessible@44 (line 198)
  0x000077b4580c5948:   movabs $0x77b414613a40,%rdi         ;   {metadata(method data for {method} {0x0000000046285490} &apos;isClassAccessible&apos; &apos;(Ljava/lang/Class;Ljava/lang/Class;Ljava/lang/Class;I)Z&apos; in &apos;sun/invoke/util/VerifyAccess&apos;)}
  0x000077b4580c5952:   addq   $0x1,0x168(%rdi)
  0x000077b4580c595a:   mov    %rsi,%rdi
  0x000077b4580c595d:   mov    %rdx,%rsi
  0x000077b4580c5960:   mov    %rdx,0x70(%rsp)
  0x000077b4580c5965:   mov    %rdi,%rdx                    ;*invokestatic isSamePackage {reexecute=0 rethrow=0 return_oop=0}
                                                            ; - sun.invoke.util.VerifyAccess::isClassAccessible@36 (line 195)
  0x000077b4580c5968:   mov    %rdi,0x68(%rsp)
  0x000077b4580c596d:   xchg   %ax,%ax
  0x000077b4580c596f:   call   0x000077b45f4adfe0           ; ImmutableOopMap {[104]=Oop [112]=Oop [128]=Oop }
                                                            ;*invokestatic isSamePackage {reexecute=0 rethrow=0 return_oop=0}
                                                            ; - sun.invoke.util.VerifyAccess::isClassAccessible@36 (line 195)
                                                            ;   {static_call}
  0x000077b4580c5974:   nopl   0x1ec(%rax,%rax,1)           ;*invokestatic isSamePackage {reexecute=0 rethrow=0 return_oop=0}
                                                            ; - sun.invoke.util.VerifyAccess::isClassAccessible@36 (line 195)
                                                            ;   {post_call_nop}
  0x000077b4580c597c:   test   %eax,%eax
  0x000077b4580c597e:   movabs $0x77b414613a40,%rsi         ;   {metadata(method data for {method} {0x0000000046285490} &apos;isClassAccessible&apos; &apos;(Ljava/lang/Class;Ljava/lang/Class;Ljava/lang/Class;I)Z&apos; in &apos;sun/invoke/util/VerifyAccess&apos;)}
  0x000077b4580c5988:   mov    $0x188,%edi
  0x000077b4580c598d:   jne    0x000077b4580c5994
  0x000077b4580c598f:   mov    $0x178,%edi
  0x000077b4580c5994:   mov    (%rsi,%rdi,1),%rbx
  0x000077b4580c5998:   lea    0x1(%rbx),%rbx
  0x000077b4580c599c:   mov    %rbx,(%rsi,%rdi,1)
  0x000077b4580c59a0:   jne    0x000077b4580c6625           ;*ifeq {reexecute=0 rethrow=0 return_oop=0}
                                                            ; - sun.invoke.util.VerifyAccess::isClassAccessible@39 (line 195)
  0x000077b4580c59a6:   mov    0x68(%rsp),%rsi
  0x000077b4580c59ab:   movabs $0x77b414613a40,%rdi         ;   {metadata(method data for {method} {0x0000000046285490} &apos;isClassAccessible&apos; &apos;(Ljava/lang/Class;Ljava/lang/Class;Ljava/lang/Class;I)Z&apos; in &apos;sun/invoke/util/VerifyAccess&apos;)}
  0x000077b4580c59b5:   addq   $0x1,0x198(%rdi)
  0x000077b4580c59bd:   movabs $0x77b414614338,%rdi         ;   {metadata(method data for {method} {0x00000000462855f0} &apos;getClassModifiers&apos; &apos;(Ljava/lang/Class;)I&apos; in &apos;sun/invoke/util/VerifyAccess&apos;)}
  0x000077b4580c59c7:   mov    0x90(%rdi),%ebx
  0x000077b4580c59cd:   add    $0x2,%ebx
  0x000077b4580c59d0:   mov    %ebx,0x90(%rdi)
  0x000077b4580c59d6:   and    $0x1ffffe,%ebx
  0x000077b4580c59dc:   test   %ebx,%ebx
  0x000077b4580c59de:   je     0x000077b4580c67c2
  0x000077b4580c59e4:   cmp    (%rsi),%rax                  ; implicit exception: dispatches to 0x000077b4580c67e3
                                                            ;*invokevirtual isArray {reexecute=0 rethrow=0 return_oop=0}
                                                            ; - sun.invoke.util.VerifyAccess::getClassModifiers@1 (line 166)
                                                            ; - sun.invoke.util.VerifyAccess::isClassAccessible@45 (line 198)
  0x000077b4580c59e7:   mov    %rsi,%rdi
  0x000077b4580c59ea:   movabs $0x77b414614338,%rbx         ;   {metadata(method data for {method} {0x00000000462855f0} &apos;getClassModifiers&apos; &apos;(Ljava/lang/Class;)I&apos; in &apos;sun/invoke/util/VerifyAccess&apos;)}
  0x000077b4580c59f4:   mov    0x8(%rdi),%edi
  0x000077b4580c59f7:   mov    $0x46000000,%r10d
  0x000077b4580c59fd:   add    %r10,%rdi
  0x000077b4580c5a00:   mov    $0x1c,%r10d
  0x000077b4580c5a06:   cmp    (%rbx,%r10,8),%rdi
  0x000077b4580c5a0a:   je     0x000077b4580c5a43
  0x000077b4580c5a0c:   add    $0x2,%r10
  0x000077b4580c5a10:   cmp    $0x20,%r10
  0x000077b4580c5a14:   jne    0x000077b4580c5a06
  0x000077b4580c5a16:   mov    $0x1c,%r10d
  0x000077b4580c5a1c:   cmpq   $0x0,(%rbx,%r10,8)
  0x000077b4580c5a21:   je     0x000077b4580c5a2f
  0x000077b4580c5a23:   add    $0x2,%r10
  0x000077b4580c5a27:   cmp    $0x20,%r10
  0x000077b4580c5a2b:   jne    0x000077b4580c5a1c
  0x000077b4580c5a2d:   jmp    0x000077b4580c5a3b
  0x000077b4580c5a2f:   push   %rax
  0x000077b4580c5a30:   xor    %rax,%rax
  0x000077b4580c5a33:   cmpxchg %rdi,(%rbx,%r10,8)
  0x000077b4580c5a38:   pop    %rax
  0x000077b4580c5a39:   jmp    0x000077b4580c5a00
  0x000077b4580c5a3b:   mov    $0x1b,%r10d
  0x000077b4580c5a41:   jmp    0x000077b4580c5a47
  0x000077b4580c5a43:   add    $0x1,%r10
  0x000077b4580c5a47:   addq   $0x1,(%rbx,%r10,8)
  0x000077b4580c5a4c:   movabs $0x77b4140a0b88,%rdi         ;   {metadata(method data for {method} {0x0000000046188ed8} &apos;isArray&apos; &apos;()Z&apos; in &apos;java/lang/Class&apos;)}
  0x000077b4580c5a56:   mov    0x90(%rdi),%ebx
  0x000077b4580c5a5c:   add    $0x2,%ebx
  0x000077b4580c5a5f:   mov    %ebx,0x90(%rdi)
  0x000077b4580c5a65:   and    $0x1ffffe,%ebx
  0x000077b4580c5a6b:   test   %ebx,%ebx
  0x000077b4580c5a6d:   je     0x000077b4580c67e8
  0x000077b4580c5a73:   mov    0x4c(%rsi),%edi
  0x000077b4580c5a76:   shl    $0x3,%rdi                    ;*getfield componentType {reexecute=0 rethrow=0 return_oop=0}
                                                            ; - java.lang.Class::isArray@1 (line 817)
                                                            ; - sun.invoke.util.VerifyAccess::getClassModifiers@1 (line 166)
                                                            ; - sun.invoke.util.VerifyAccess::isClassAccessible@45 (line 198)
  0x000077b4580c5a7a:   test   %rdi,%rdi
  0x000077b4580c5a7d:   movabs $0x77b4140a0b88,%rdi         ;   {metadata(method data for {method} {0x0000000046188ed8} &apos;isArray&apos; &apos;()Z&apos; in &apos;java/lang/Class&apos;)}
  0x000077b4580c5a87:   mov    $0xd8,%ebx
  0x000077b4580c5a8c:   je     0x000077b4580c5a93
  0x000077b4580c5a8e:   mov    $0xe8,%ebx
  0x000077b4580c5a93:   mov    (%rdi,%rbx,1),%rax
  0x000077b4580c5a97:   lea    0x1(%rax),%rax
  0x000077b4580c5a9b:   mov    %rax,(%rdi,%rbx,1)
  0x000077b4580c5a9f:   je     0x000077b4580c5abf           ;*ifnull {reexecute=0 rethrow=0 return_oop=0}
                                                            ; - java.lang.Class::isArray@4 (line 817)
                                                            ; - sun.invoke.util.VerifyAccess::getClassModifiers@1 (line 166)
                                                            ; - sun.invoke.util.VerifyAccess::isClassAccessible@45 (line 198)
  0x000077b4580c5aa5:   movabs $0x77b4140a0b88,%rdi         ;   {metadata(method data for {method} {0x0000000046188ed8} &apos;isArray&apos; &apos;()Z&apos; in &apos;java/lang/Class&apos;)}
  0x000077b4580c5aaf:   incl   0xf8(%rdi)
  0x000077b4580c5ab5:   mov    $0x1,%edi
  0x000077b4580c5aba:   jmp    0x000077b4580c5ac4           ;*goto {reexecute=0 rethrow=0 return_oop=0}
                                                            ; - java.lang.Class::isArray@8 (line 817)
                                                            ; - sun.invoke.util.VerifyAccess::getClassModifiers@1 (line 166)
                                                            ; - sun.invoke.util.VerifyAccess::isClassAccessible@45 (line 198)
  0x000077b4580c5abf:   mov    $0x0,%edi                    ;*ireturn {reexecute=0 rethrow=0 return_oop=0}
                                                            ; - java.lang.Class::isArray@12 (line 817)
                                                            ; - sun.invoke.util.VerifyAccess::getClassModifiers@1 (line 166)
                                                            ; - sun.invoke.util.VerifyAccess::isClassAccessible@45 (line 198)
  0x000077b4580c5ac4:   and    $0x1,%edi
  0x000077b4580c5ac7:   test   %edi,%edi
  0x000077b4580c5ac9:   movabs $0x77b414614338,%rdi         ;   {metadata(method data for {method} {0x00000000462855f0} &apos;getClassModifiers&apos; &apos;(Ljava/lang/Class;)I&apos; in &apos;sun/invoke/util/VerifyAccess&apos;)}
  0x000077b4580c5ad3:   mov    $0x108,%ebx
  0x000077b4580c5ad8:   jne    0x000077b4580c5adf
  0x000077b4580c5ada:   mov    $0x118,%ebx
  0x000077b4580c5adf:   mov    (%rdi,%rbx,1),%rax
  0x000077b4580c5ae3:   lea    0x1(%rax),%rax
  0x000077b4580c5ae7:   mov    %rax,(%rdi,%rbx,1)
  0x000077b4580c5aeb:   jne    0x000077b4580c5b87           ;*ifne {reexecute=0 rethrow=0 return_oop=0}
                                                            ; - sun.invoke.util.VerifyAccess::getClassModifiers@4 (line 166)
                                                            ; - sun.invoke.util.VerifyAccess::isClassAccessible@45 (line 198)
  0x000077b4580c5af1:   mov    %rsi,%rdi
  0x000077b4580c5af4:   movabs $0x77b414614338,%rbx         ;   {metadata(method data for {method} {0x00000000462855f0} &apos;getClassModifiers&apos; &apos;(Ljava/lang/Class;)I&apos; in &apos;sun/invoke/util/VerifyAccess&apos;)}
  0x000077b4580c5afe:   mov    0x8(%rdi),%edi
  0x000077b4580c5b01:   mov    $0x46000000,%r10d
  0x000077b4580c5b07:   add    %r10,%rdi
  0x000077b4580c5b0a:   mov    $0x26,%r10d
  0x000077b4580c5b10:   cmp    (%rbx,%r10,8),%rdi
  0x000077b4580c5b14:   je     0x000077b4580c5b4d
  0x000077b4580c5b16:   add    $0x2,%r10
  0x000077b4580c5b1a:   cmp    $0x2a,%r10
  0x000077b4580c5b1e:   jne    0x000077b4580c5b10
  0x000077b4580c5b20:   mov    $0x26,%r10d
  0x000077b4580c5b26:   cmpq   $0x0,(%rbx,%r10,8)
  0x000077b4580c5b2b:   je     0x000077b4580c5b39
  0x000077b4580c5b2d:   add    $0x2,%r10
  0x000077b4580c5b31:   cmp    $0x2a,%r10
  0x000077b4580c5b35:   jne    0x000077b4580c5b26
  0x000077b4580c5b37:   jmp    0x000077b4580c5b45
  0x000077b4580c5b39:   push   %rax
  0x000077b4580c5b3a:   xor    %rax,%rax
  0x000077b4580c5b3d:   cmpxchg %rdi,(%rbx,%r10,8)
  0x000077b4580c5b42:   pop    %rax
  0x000077b4580c5b43:   jmp    0x000077b4580c5b0a
  0x000077b4580c5b45:   mov    $0x25,%r10d
  0x000077b4580c5b4b:   jmp    0x000077b4580c5b51
  0x000077b4580c5b4d:   add    $0x1,%r10
  0x000077b4580c5b51:   addq   $0x1,(%rbx,%r10,8)
  0x000077b4580c5b56:   movsbl 0x2c(%rsi),%edi              ;*getfield primitive {reexecute=0 rethrow=0 return_oop=0}
                                                            ; - java.lang.Class::isPrimitive@1 (line 860)
                                                            ; - sun.invoke.util.VerifyAccess::getClassModifiers@8 (line 166)
                                                            ; - sun.invoke.util.VerifyAccess::isClassAccessible@45 (line 198)
  0x000077b4580c5b5a:   and    $0x1,%edi
  0x000077b4580c5b5d:   test   %edi,%edi
  0x000077b4580c5b5f:   movabs $0x77b414614338,%rdi         ;   {metadata(method data for {method} {0x00000000462855f0} &apos;getClassModifiers&apos; &apos;(Ljava/lang/Class;)I&apos; in &apos;sun/invoke/util/VerifyAccess&apos;)}
  0x000077b4580c5b69:   mov    $0x158,%ebx
  0x000077b4580c5b6e:   je     0x000077b4580c5b75
  0x000077b4580c5b70:   mov    $0x168,%ebx
  0x000077b4580c5b75:   mov    (%rdi,%rbx,1),%rax
  0x000077b4580c5b79:   lea    0x1(%rax),%rax
  0x000077b4580c5b7d:   mov    %rax,(%rdi,%rbx,1)
  0x000077b4580c5b81:   je     0x000077b4580c5bf5           ;*ifeq {reexecute=0 rethrow=0 return_oop=0}
                                                            ; - sun.invoke.util.VerifyAccess::getClassModifiers@11 (line 166)
                                                            ; - sun.invoke.util.VerifyAccess::isClassAccessible@45 (line 198)
  0x000077b4580c5b87:   mov    %rsi,%rdi
  0x000077b4580c5b8a:   movabs $0x77b414614338,%rbx         ;   {metadata(method data for {method} {0x00000000462855f0} &apos;getClassModifiers&apos; &apos;(Ljava/lang/Class;)I&apos; in &apos;sun/invoke/util/VerifyAccess&apos;)}
  0x000077b4580c5b94:   mov    0x8(%rdi),%edi
  0x000077b4580c5b97:   mov    $0x46000000,%r10d
  0x000077b4580c5b9d:   add    %r10,%rdi
  0x000077b4580c5ba0:   mov    $0x30,%r10d
  0x000077b4580c5ba6:   cmp    (%rbx,%r10,8),%rdi
  0x000077b4580c5baa:   je     0x000077b4580c5be3
  0x000077b4580c5bac:   add    $0x2,%r10
  0x000077b4580c5bb0:   cmp    $0x34,%r10
  0x000077b4580c5bb4:   jne    0x000077b4580c5ba6
  0x000077b4580c5bb6:   mov    $0x30,%r10d
  0x000077b4580c5bbc:   cmpq   $0x0,(%rbx,%r10,8)
  0x000077b4580c5bc1:   je     0x000077b4580c5bcf
  0x000077b4580c5bc3:   add    $0x2,%r10
  0x000077b4580c5bc7:   cmp    $0x34,%r10
  0x000077b4580c5bcb:   jne    0x000077b4580c5bbc
  0x000077b4580c5bcd:   jmp    0x000077b4580c5bdb
  0x000077b4580c5bcf:   push   %rax
  0x000077b4580c5bd0:   xor    %rax,%rax
  0x000077b4580c5bd3:   cmpxchg %rdi,(%rbx,%r10,8)
  0x000077b4580c5bd8:   pop    %rax
  0x000077b4580c5bd9:   jmp    0x000077b4580c5ba0
  0x000077b4580c5bdb:   mov    $0x2f,%r10d
  0x000077b4580c5be1:   jmp    0x000077b4580c5be7
  0x000077b4580c5be3:   add    $0x1,%r10
  0x000077b4580c5be7:   addq   $0x1,(%rbx,%r10,8)
  0x000077b4580c5bec:   movzwl 0x28(%rsi),%edi              ;*getfield modifiers {reexecute=0 rethrow=0 return_oop=0}
                                                            ; - java.lang.Class::getModifiers@1 (line 1363)
                                                            ; - sun.invoke.util.VerifyAccess::getClassModifiers@15 (line 167)
                                                            ; - sun.invoke.util.VerifyAccess::isClassAccessible@45 (line 198)
  0x000077b4580c5bf0:   jmp    0x000077b4580c5d61           ;*istore {reexecute=0 rethrow=0 return_oop=0}
                                                            ; - sun.invoke.util.VerifyAccess::isClassAccessible@48 (line 198)
  0x000077b4580c5bf5:   movabs $0x77b414614338,%rdi         ;   {metadata(method data for {method} {0x00000000462855f0} &apos;getClassModifiers&apos; &apos;(Ljava/lang/Class;)I&apos; in &apos;sun/invoke/util/VerifyAccess&apos;)}
  0x000077b4580c5bff:   addq   $0x1,0x1a8(%rdi)
  0x000077b4580c5c07:   movabs $0x77b414614570,%rdi         ;   {metadata(method data for {method} {0x00000000461fdff0} &apos;getClassAccessFlags&apos; &apos;(Ljava/lang/Class;)I&apos; in &apos;jdk/internal/reflect/Reflection&apos;)}
  0x000077b4580c5c11:   mov    0x90(%rdi),%ebx
  0x000077b4580c5c17:   add    $0x2,%ebx
  0x000077b4580c5c1a:   mov    %ebx,0x90(%rdi)
  0x000077b4580c5c20:   and    $0x1ffffe,%ebx
  0x000077b4580c5c26:   test   %ebx,%ebx
  0x000077b4580c5c28:   je     0x000077b4580c6809
  0x000077b4580c5c2e:   movabs $0x77b414614570,%rdi         ;   {metadata(method data for {method} {0x00000000461fdff0} &apos;getClassAccessFlags&apos; &apos;(Ljava/lang/Class;)I&apos; in &apos;jdk/internal/reflect/Reflection&apos;)}
  0x000077b4580c5c38:   addq   $0x1,0xd8(%rdi)
  0x000077b4580c5c40:   movabs $0x77b4141e4fa0,%rdi         ;   {metadata(method data for {method} {0x00000000464a65b8} &apos;getJavaLangAccess&apos; &apos;()Ljdk/internal/access/JavaLangAccess;&apos; in &apos;jdk/internal/access/SharedSecrets&apos;)}
  0x000077b4580c5c4a:   mov    0x90(%rdi),%ebx
  0x000077b4580c5c50:   add    $0x2,%ebx
  0x000077b4580c5c53:   mov    %ebx,0x90(%rdi)
  0x000077b4580c5c59:   and    $0x1ffffe,%ebx
  0x000077b4580c5c5f:   test   %ebx,%ebx
  0x000077b4580c5c61:   je     0x000077b4580c682a
  0x000077b4580c5c67:   movabs $0x420000118,%rdi            ;   {oop(a &apos;java/lang/System$1&apos;{0x0000000420000118})}
  0x000077b4580c5c71:   movabs $0x77b414614570,%rbx         ;   {metadata(method data for {method} {0x00000000461fdff0} &apos;getClassAccessFlags&apos; &apos;(Ljava/lang/Class;)I&apos; in &apos;jdk/internal/reflect/Reflection&apos;)}
  0x000077b4580c5c7b:   movabs $0x46182758,%rdi             ;   {metadata(&apos;java/lang/System$1&apos;)}
  0x000077b4580c5c85:   mov    $0x1e,%r10d
  0x000077b4580c5c8b:   cmp    (%rbx,%r10,8),%rdi
  0x000077b4580c5c8f:   je     0x000077b4580c5cc8
  0x000077b4580c5c91:   add    $0x2,%r10
  0x000077b4580c5c95:   cmp    $0x22,%r10
  0x000077b4580c5c99:   jne    0x000077b4580c5c8b
  0x000077b4580c5c9b:   mov    $0x1e,%r10d
  0x000077b4580c5ca1:   cmpq   $0x0,(%rbx,%r10,8)
  0x000077b4580c5ca6:   je     0x000077b4580c5cb4
  0x000077b4580c5ca8:   add    $0x2,%r10
  0x000077b4580c5cac:   cmp    $0x22,%r10
  0x000077b4580c5cb0:   jne    0x000077b4580c5ca1
  0x000077b4580c5cb2:   jmp    0x000077b4580c5cc0
  0x000077b4580c5cb4:   push   %rax
  0x000077b4580c5cb5:   xor    %rax,%rax
  0x000077b4580c5cb8:   cmpxchg %rdi,(%rbx,%r10,8)
  0x000077b4580c5cbd:   pop    %rax
  0x000077b4580c5cbe:   jmp    0x000077b4580c5c85
  0x000077b4580c5cc0:   mov    $0x1d,%r10d
  0x000077b4580c5cc6:   jmp    0x000077b4580c5ccc
  0x000077b4580c5cc8:   add    $0x1,%r10
  0x000077b4580c5ccc:   addq   $0x1,(%rbx,%r10,8)
  0x000077b4580c5cd1:   movabs $0x77b4146146c8,%rdi         ;   {metadata(method data for {method} {0x0000000046183558} &apos;getClassFileAccessFlags&apos; &apos;(Ljava/lang/Class;)I&apos; in &apos;java/lang/System$1&apos;)}
  0x000077b4580c5cdb:   mov    0x90(%rdi),%ebx
  0x000077b4580c5ce1:   add    $0x2,%ebx
  0x000077b4580c5ce4:   mov    %ebx,0x90(%rdi)
  0x000077b4580c5cea:   and    $0x1ffffe,%ebx
  0x000077b4580c5cf0:   test   %ebx,%ebx
  0x000077b4580c5cf2:   je     0x000077b4580c684b
  0x000077b4580c5cf8:   mov    %rsi,%rdi
  0x000077b4580c5cfb:   movabs $0x77b4146146c8,%rbx         ;   {metadata(method data for {method} {0x0000000046183558} &apos;getClassFileAccessFlags&apos; &apos;(Ljava/lang/Class;)I&apos; in &apos;java/lang/System$1&apos;)}
  0x000077b4580c5d05:   mov    0x8(%rdi),%edi
  0x000077b4580c5d08:   mov    $0x46000000,%r10d
  0x000077b4580c5d0e:   add    %r10,%rdi
  0x000077b4580c5d11:   mov    $0x1c,%r10d
  0x000077b4580c5d17:   cmp    (%rbx,%r10,8),%rdi
  0x000077b4580c5d1b:   je     0x000077b4580c5d54
  0x000077b4580c5d1d:   add    $0x2,%r10
  0x000077b4580c5d21:   cmp    $0x20,%r10
  0x000077b4580c5d25:   jne    0x000077b4580c5d17
  0x000077b4580c5d27:   mov    $0x1c,%r10d
  0x000077b4580c5d2d:   cmpq   $0x0,(%rbx,%r10,8)
  0x000077b4580c5d32:   je     0x000077b4580c5d40
  0x000077b4580c5d34:   add    $0x2,%r10
  0x000077b4580c5d38:   cmp    $0x20,%r10
  0x000077b4580c5d3c:   jne    0x000077b4580c5d2d
  0x000077b4580c5d3e:   jmp    0x000077b4580c5d4c
  0x000077b4580c5d40:   push   %rax
  0x000077b4580c5d41:   xor    %rax,%rax
  0x000077b4580c5d44:   cmpxchg %rdi,(%rbx,%r10,8)
  0x000077b4580c5d49:   pop    %rax
  0x000077b4580c5d4a:   jmp    0x000077b4580c5d11
  0x000077b4580c5d4c:   mov    $0x1b,%r10d
  0x000077b4580c5d52:   jmp    0x000077b4580c5d58
  0x000077b4580c5d54:   add    $0x1,%r10
  0x000077b4580c5d58:   addq   $0x1,(%rbx,%r10,8)
  0x000077b4580c5d5d:   movzwl 0x2a(%rsi),%edi              ;*getfield classFileAccessFlags {reexecute=0 rethrow=0 return_oop=0}
                                                            ; - java.lang.Class::getClassFileAccessFlags@1 (line 4140)
                                                            ; - java.lang.System$1::getClassFileAccessFlags@1 (line 2027)
                                                            ; - jdk.internal.reflect.Reflection::getClassAccessFlags@4 (line 85)
                                                            ; - sun.invoke.util.VerifyAccess::getClassModifiers@20 (line 168)
                                                            ; - sun.invoke.util.VerifyAccess::isClassAccessible@45 (line 198)
  0x000077b4580c5d61:   movabs $0x77b414613a40,%rbx         ;   {metadata(method data for {method} {0x0000000046285490} &apos;isClassAccessible&apos; &apos;(Ljava/lang/Class;Ljava/lang/Class;Ljava/lang/Class;I)Z&apos; in &apos;sun/invoke/util/VerifyAccess&apos;)}
  0x000077b4580c5d6b:   addq   $0x1,0x1a8(%rbx)
  0x000077b4580c5d73:   movabs $0x77b4143bd030,%rbx         ;   {metadata(method data for {method} {0x000000004623faa8} &apos;isPublic&apos; &apos;(I)Z&apos; in &apos;java/lang/reflect/Modifier&apos;)}
  0x000077b4580c5d7d:   mov    0x90(%rbx),%eax
  0x000077b4580c5d83:   add    $0x2,%eax
  0x000077b4580c5d86:   mov    %eax,0x90(%rbx)
  0x000077b4580c5d8c:   and    $0x1ffffe,%eax
  0x000077b4580c5d91:   test   %eax,%eax
  0x000077b4580c5d93:   je     0x000077b4580c686c
  0x000077b4580c5d99:   and    $0x1,%edi
  0x000077b4580c5d9c:   test   %edi,%edi
  0x000077b4580c5d9e:   movabs $0x77b4143bd030,%rdi         ;   {metadata(method data for {method} {0x000000004623faa8} &apos;isPublic&apos; &apos;(I)Z&apos; in &apos;java/lang/reflect/Modifier&apos;)}
  0x000077b4580c5da8:   mov    $0xd8,%ebx
  0x000077b4580c5dad:   je     0x000077b4580c5db4
  0x000077b4580c5daf:   mov    $0xe8,%ebx
  0x000077b4580c5db4:   mov    (%rdi,%rbx,1),%rax
  0x000077b4580c5db8:   lea    0x1(%rax),%rax
  0x000077b4580c5dbc:   mov    %rax,(%rdi,%rbx,1)
  0x000077b4580c5dc0:   je     0x000077b4580c5de0           ;*ifeq {reexecute=0 rethrow=0 return_oop=0}
                                                            ; - java.lang.reflect.Modifier::isPublic@3 (line 71)
                                                            ; - sun.invoke.util.VerifyAccess::isClassAccessible@52 (line 199)
  0x000077b4580c5dc6:   movabs $0x77b4143bd030,%rdi         ;   {metadata(method data for {method} {0x000000004623faa8} &apos;isPublic&apos; &apos;(I)Z&apos; in &apos;java/lang/reflect/Modifier&apos;)}
  0x000077b4580c5dd0:   incl   0xf8(%rdi)
  0x000077b4580c5dd6:   mov    $0x1,%edi
  0x000077b4580c5ddb:   jmp    0x000077b4580c5de5           ;*goto {reexecute=0 rethrow=0 return_oop=0}
                                                            ; - java.lang.reflect.Modifier::isPublic@7 (line 71)
                                                            ; - sun.invoke.util.VerifyAccess::isClassAccessible@52 (line 199)
  0x000077b4580c5de0:   mov    $0x0,%edi                    ;*ireturn {reexecute=0 rethrow=0 return_oop=0}
                                                            ; - java.lang.reflect.Modifier::isPublic@11 (line 71)
                                                            ; - sun.invoke.util.VerifyAccess::isClassAccessible@52 (line 199)
  0x000077b4580c5de5:   and    $0x1,%edi
  0x000077b4580c5de8:   test   %edi,%edi
  0x000077b4580c5dea:   movabs $0x77b414613a40,%rdi         ;   {metadata(method data for {method} {0x0000000046285490} &apos;isClassAccessible&apos; &apos;(Ljava/lang/Class;Ljava/lang/Class;Ljava/lang/Class;I)Z&apos; in &apos;sun/invoke/util/VerifyAccess&apos;)}
  0x000077b4580c5df4:   mov    $0x1b8,%ebx
  0x000077b4580c5df9:   je     0x000077b4580c5e00
  0x000077b4580c5dfb:   mov    $0x1c8,%ebx
  0x000077b4580c5e00:   mov    (%rdi,%rbx,1),%rax
  0x000077b4580c5e04:   lea    0x1(%rax),%rax
  0x000077b4580c5e08:   mov    %rax,(%rdi,%rbx,1)
  0x000077b4580c5e0c:   je     0x000077b4580c660d           ;*ifeq {reexecute=0 rethrow=0 return_oop=0}
                                                            ; - sun.invoke.util.VerifyAccess::isClassAccessible@55 (line 199)
  0x000077b4580c5e12:   mov    0x70(%rsp),%rdx
  0x000077b4580c5e17:   cmp    (%rdx),%rax                  ; implicit exception: dispatches to 0x000077b4580c688d
                                                            ;*invokevirtual getModule {reexecute=0 rethrow=0 return_oop=0}
                                                            ; - sun.invoke.util.VerifyAccess::isClassAccessible@59 (line 201)
  0x000077b4580c5e1a:   mov    %rdx,%rdi
  0x000077b4580c5e1d:   movabs $0x77b414613a40,%rbx         ;   {metadata(method data for {method} {0x0000000046285490} &apos;isClassAccessible&apos; &apos;(Ljava/lang/Class;Ljava/lang/Class;Ljava/lang/Class;I)Z&apos; in &apos;sun/invoke/util/VerifyAccess&apos;)}
  0x000077b4580c5e27:   mov    0x8(%rdi),%edi
  0x000077b4580c5e2a:   mov    $0x46000000,%r10d
  0x000077b4580c5e30:   add    %r10,%rdi
  0x000077b4580c5e33:   mov    $0x3c,%r10d
  0x000077b4580c5e39:   cmp    (%rbx,%r10,8),%rdi
  0x000077b4580c5e3d:   je     0x000077b4580c5e76
  0x000077b4580c5e3f:   add    $0x2,%r10
  0x000077b4580c5e43:   cmp    $0x40,%r10
  0x000077b4580c5e47:   jne    0x000077b4580c5e39
  0x000077b4580c5e49:   mov    $0x3c,%r10d
  0x000077b4580c5e4f:   cmpq   $0x0,(%rbx,%r10,8)
  0x000077b4580c5e54:   je     0x000077b4580c5e62
  0x000077b4580c5e56:   add    $0x2,%r10
  0x000077b4580c5e5a:   cmp    $0x40,%r10
  0x000077b4580c5e5e:   jne    0x000077b4580c5e4f
  0x000077b4580c5e60:   jmp    0x000077b4580c5e6e
  0x000077b4580c5e62:   push   %rax
  0x000077b4580c5e63:   xor    %rax,%rax
  0x000077b4580c5e66:   cmpxchg %rdi,(%rbx,%r10,8)
  0x000077b4580c5e6b:   pop    %rax
  0x000077b4580c5e6c:   jmp    0x000077b4580c5e33
  0x000077b4580c5e6e:   mov    $0x3b,%r10d
  0x000077b4580c5e74:   jmp    0x000077b4580c5e7a
  0x000077b4580c5e76:   add    $0x1,%r10
  0x000077b4580c5e7a:   addq   $0x1,(%rbx,%r10,8)
  0x000077b4580c5e7f:   mov    0x38(%rdx),%edi
  0x000077b4580c5e82:   shl    $0x3,%rdi                    ;*getfield module {reexecute=0 rethrow=0 return_oop=0}
                                                            ; - java.lang.Class::getModule@1 (line 1005)
                                                            ; - sun.invoke.util.VerifyAccess::isClassAccessible@59 (line 201)
  0x000077b4580c5e86:   mov    %rsi,%rbx
  0x000077b4580c5e89:   movabs $0x77b414613a40,%rax         ;   {metadata(method data for {method} {0x0000000046285490} &apos;isClassAccessible&apos; &apos;(Ljava/lang/Class;Ljava/lang/Class;Ljava/lang/Class;I)Z&apos; in &apos;sun/invoke/util/VerifyAccess&apos;)}
  0x000077b4580c5e93:   mov    0x8(%rbx),%ebx
  0x000077b4580c5e96:   mov    $0x46000000,%r10d
  0x000077b4580c5e9c:   add    %r10,%rbx
  0x000077b4580c5e9f:   mov    $0x42,%r10d
  0x000077b4580c5ea5:   cmp    (%rax,%r10,8),%rbx
  0x000077b4580c5ea9:   je     0x000077b4580c5ee8
  0x000077b4580c5eab:   add    $0x2,%r10
  0x000077b4580c5eaf:   cmp    $0x46,%r10
  0x000077b4580c5eb3:   jne    0x000077b4580c5ea5
  0x000077b4580c5eb5:   mov    $0x42,%r10d
  0x000077b4580c5ebb:   cmpq   $0x0,(%rax,%r10,8)
  0x000077b4580c5ec0:   je     0x000077b4580c5ece
  0x000077b4580c5ec2:   add    $0x2,%r10
  0x000077b4580c5ec6:   cmp    $0x46,%r10
  0x000077b4580c5eca:   jne    0x000077b4580c5ebb
  0x000077b4580c5ecc:   jmp    0x000077b4580c5ee0
  0x000077b4580c5ece:   push   %rcx
  0x000077b4580c5ecf:   mov    %rax,%rcx
  0x000077b4580c5ed2:   xor    %rax,%rax
  0x000077b4580c5ed5:   cmpxchg %rbx,(%rcx,%r10,8)
  0x000077b4580c5eda:   mov    %rcx,%rax
  0x000077b4580c5edd:   pop    %rcx
  0x000077b4580c5ede:   jmp    0x000077b4580c5e9f
  0x000077b4580c5ee0:   mov    $0x41,%r10d
  0x000077b4580c5ee6:   jmp    0x000077b4580c5eec
  0x000077b4580c5ee8:   add    $0x1,%r10
  0x000077b4580c5eec:   addq   $0x1,(%rax,%r10,8)
  0x000077b4580c5ef1:   mov    0x38(%rsi),%ebx
  0x000077b4580c5ef4:   shl    $0x3,%rbx                    ;*getfield module {reexecute=0 rethrow=0 return_oop=0}
                                                            ; - java.lang.Class::getModule@1 (line 1005)
                                                            ; - sun.invoke.util.VerifyAccess::isClassAccessible@65 (line 202)
  0x000077b4580c5ef8:   mov    %rbx,0x88(%rsp)
  0x000077b4580c5f00:   test   %rdi,%rdi
  0x000077b4580c5f03:   movabs $0x77b414613a40,%rax         ;   {metadata(method data for {method} {0x0000000046285490} &apos;isClassAccessible&apos; &apos;(Ljava/lang/Class;Ljava/lang/Class;Ljava/lang/Class;I)Z&apos; in &apos;sun/invoke/util/VerifyAccess&apos;)}
  0x000077b4580c5f0d:   mov    $0x238,%edx
  0x000077b4580c5f12:   je     0x000077b4580c5f19
  0x000077b4580c5f14:   mov    $0x248,%edx
  0x000077b4580c5f19:   mov    (%rax,%rdx,1),%rcx
  0x000077b4580c5f1d:   lea    0x1(%rcx),%rcx
  0x000077b4580c5f21:   mov    %rcx,(%rax,%rdx,1)
  0x000077b4580c5f25:   je     0x000077b4580c65e5           ;*ifnull {reexecute=0 rethrow=0 return_oop=0}
                                                            ; - sun.invoke.util.VerifyAccess::isClassAccessible@72 (line 206)
  0x000077b4580c5f2b:   movabs $0x77b414613a40,%rax         ;   {metadata(method data for {method} {0x0000000046285490} &apos;isClassAccessible&apos; &apos;(Ljava/lang/Class;Ljava/lang/Class;Ljava/lang/Class;I)Z&apos; in &apos;sun/invoke/util/VerifyAccess&apos;)}
  0x000077b4580c5f35:   addq   $0x1,0x258(%rax)
  0x000077b4580c5f3d:   movabs $0x77b414073950,%rax         ;   {metadata(method data for {method} {0x000000004649bf80} &apos;isModuleSystemInited&apos; &apos;()Z&apos; in &apos;jdk/internal/misc/VM&apos;)}
  0x000077b4580c5f47:   mov    0x90(%rax),%edx
  0x000077b4580c5f4d:   add    $0x2,%edx
  0x000077b4580c5f50:   mov    %edx,0x90(%rax)
  0x000077b4580c5f56:   and    $0x1ffffe,%edx
  0x000077b4580c5f5c:   test   %edx,%edx
  0x000077b4580c5f5e:   je     0x000077b4580c6892
  0x000077b4580c5f64:   movabs $0x7ff894bb0,%rax            ;   {oop(a &apos;java/lang/Class&apos;{0x00000007ff894bb0} = &apos;jdk/internal/misc/VM&apos;)}
  0x000077b4580c5f6e:   mov    0xa4(%rax),%eax              ;*getstatic initLevel {reexecute=0 rethrow=0 return_oop=0}
                                                            ; - jdk.internal.misc.VM::isModuleSystemInited@0 (line 93)
                                                            ; - sun.invoke.util.VerifyAccess::isClassAccessible@75 (line 206)
  0x000077b4580c5f74:   cmp    $0x2,%eax
  0x000077b4580c5f77:   movabs $0x77b414073950,%rax         ;   {metadata(method data for {method} {0x000000004649bf80} &apos;isModuleSystemInited&apos; &apos;()Z&apos; in &apos;jdk/internal/misc/VM&apos;)}
  0x000077b4580c5f81:   mov    $0xd8,%edx
  0x000077b4580c5f86:   jl     0x000077b4580c5f8d
  0x000077b4580c5f88:   mov    $0xe8,%edx
  0x000077b4580c5f8d:   mov    (%rax,%rdx,1),%rcx
  0x000077b4580c5f91:   lea    0x1(%rcx),%rcx
  0x000077b4580c5f95:   mov    %rcx,(%rax,%rdx,1)
  0x000077b4580c5f99:   jl     0x000077b4580c5fb9           ;*if_icmplt {reexecute=0 rethrow=0 return_oop=0}
                                                            ; - jdk.internal.misc.VM::isModuleSystemInited@4 (line 93)
                                                            ; - sun.invoke.util.VerifyAccess::isClassAccessible@75 (line 206)
  0x000077b4580c5f9f:   movabs $0x77b414073950,%rax         ;   {metadata(method data for {method} {0x000000004649bf80} &apos;isModuleSystemInited&apos; &apos;()Z&apos; in &apos;jdk/internal/misc/VM&apos;)}
  0x000077b4580c5fa9:   incl   0xf8(%rax)
  0x000077b4580c5faf:   mov    $0x1,%eax
  0x000077b4580c5fb4:   jmp    0x000077b4580c5fbe           ;*goto {reexecute=0 rethrow=0 return_oop=0}
                                                            ; - jdk.internal.misc.VM::isModuleSystemInited@8 (line 93)
                                                            ; - sun.invoke.util.VerifyAccess::isClassAccessible@75 (line 206)
  0x000077b4580c5fb9:   mov    $0x0,%eax                    ;*ireturn {reexecute=0 rethrow=0 return_oop=0}
                                                            ; - jdk.internal.misc.VM::isModuleSystemInited@12 (line 93)
                                                            ; - sun.invoke.util.VerifyAccess::isClassAccessible@75 (line 206)
  0x000077b4580c5fbe:   and    $0x1,%eax
  0x000077b4580c5fc1:   test   %eax,%eax
  0x000077b4580c5fc3:   movabs $0x77b414613a40,%rax         ;   {metadata(method data for {method} {0x0000000046285490} &apos;isClassAccessible&apos; &apos;(Ljava/lang/Class;Ljava/lang/Class;Ljava/lang/Class;I)Z&apos; in &apos;sun/invoke/util/VerifyAccess&apos;)}
  0x000077b4580c5fcd:   mov    $0x278,%edx
  0x000077b4580c5fd2:   je     0x000077b4580c5fd9
  0x000077b4580c5fd4:   mov    $0x268,%edx
  0x000077b4580c5fd9:   mov    (%rax,%rdx,1),%rcx
  0x000077b4580c5fdd:   lea    0x1(%rcx),%rcx
  0x000077b4580c5fe1:   mov    %rcx,(%rax,%rdx,1)
  0x000077b4580c5fe5:   je     0x000077b4580c65e5           ;*ifne {reexecute=0 rethrow=0 return_oop=0}
                                                            ; - sun.invoke.util.VerifyAccess::isClassAccessible@78 (line 206)
  0x000077b4580c5feb:   mov    0x78(%rsp),%r8d
  0x000077b4580c5ff0:   and    $0x20,%r8d
  0x000077b4580c5ff4:   test   %r8d,%r8d
  0x000077b4580c5ff7:   movabs $0x77b414613a40,%rax         ;   {metadata(method data for {method} {0x0000000046285490} &apos;isClassAccessible&apos; &apos;(Ljava/lang/Class;Ljava/lang/Class;Ljava/lang/Class;I)Z&apos; in &apos;sun/invoke/util/VerifyAccess&apos;)}
  0x000077b4580c6001:   mov    $0x2d8,%edx
  0x000077b4580c6006:   je     0x000077b4580c600d
  0x000077b4580c6008:   mov    $0x2e8,%edx
  0x000077b4580c600d:   mov    (%rax,%rdx,1),%rcx
  0x000077b4580c6011:   lea    0x1(%rcx),%rcx
  0x000077b4580c6015:   mov    %rcx,(%rax,%rdx,1)
  0x000077b4580c6019:   je     0x000077b4580c619c           ;*ifeq {reexecute=0 rethrow=0 return_oop=0}
                                                            ; - sun.invoke.util.VerifyAccess::isClassAccessible@108 (line 212)
  0x000077b4580c601f:   mov    %rsi,%rdi
  0x000077b4580c6022:   movabs $0x77b414613a40,%rax         ;   {metadata(method data for {method} {0x0000000046285490} &apos;isClassAccessible&apos; &apos;(Ljava/lang/Class;Ljava/lang/Class;Ljava/lang/Class;I)Z&apos; in &apos;sun/invoke/util/VerifyAccess&apos;)}
  0x000077b4580c602c:   mov    0x8(%rdi),%edi
  0x000077b4580c602f:   mov    $0x46000000,%r10d
  0x000077b4580c6035:   add    %r10,%rdi
  0x000077b4580c6038:   mov    $0x60,%r10d
  0x000077b4580c603e:   cmp    (%rax,%r10,8),%rdi
  0x000077b4580c6042:   je     0x000077b4580c6081
  0x000077b4580c6044:   add    $0x2,%r10
  0x000077b4580c6048:   cmp    $0x64,%r10
  0x000077b4580c604c:   jne    0x000077b4580c603e
  0x000077b4580c604e:   mov    $0x60,%r10d
  0x000077b4580c6054:   cmpq   $0x0,(%rax,%r10,8)
  0x000077b4580c6059:   je     0x000077b4580c6067
  0x000077b4580c605b:   add    $0x2,%r10
  0x000077b4580c605f:   cmp    $0x64,%r10
  0x000077b4580c6063:   jne    0x000077b4580c6054
  0x000077b4580c6065:   jmp    0x000077b4580c6079
  0x000077b4580c6067:   push   %rbx
  0x000077b4580c6068:   mov    %rax,%rbx
  0x000077b4580c606b:   xor    %rax,%rax
  0x000077b4580c606e:   cmpxchg %rdi,(%rbx,%r10,8)
  0x000077b4580c6073:   mov    %rbx,%rax
  0x000077b4580c6076:   pop    %rbx
  0x000077b4580c6077:   jmp    0x000077b4580c6038
  0x000077b4580c6079:   mov    $0x5f,%r10d
  0x000077b4580c607f:   jmp    0x000077b4580c6085
  0x000077b4580c6081:   add    $0x1,%r10
  0x000077b4580c6085:   addq   $0x1,(%rax,%r10,8)
  0x000077b4580c608a:   nopl   0x0(%rax,%rax,1)
  0x000077b4580c608f:   call   0x000077b45f4ad9e0           ; ImmutableOopMap {[136]=Oop }
                                                            ;*invokevirtual getPackageName {reexecute=0 rethrow=0 return_oop=0}
                                                            ; - sun.invoke.util.VerifyAccess::isClassAccessible@114 (line 213)
                                                            ;   {optimized virtual_call}
  0x000077b4580c6094:   nopl   0x100090c(%rax,%rax,1)       ;*invokevirtual getPackageName {reexecute=0 rethrow=0 return_oop=0}
                                                            ; - sun.invoke.util.VerifyAccess::isClassAccessible@114 (line 213)
                                                            ;   {post_call_nop}
  0x000077b4580c609c:   mov    0x88(%rsp),%rbx
  0x000077b4580c60a4:   cmp    (%rbx),%rax                  ; implicit exception: dispatches to 0x000077b4580c68b3
                                                            ;*invokevirtual isExported {reexecute=0 rethrow=0 return_oop=0}
                                                            ; - sun.invoke.util.VerifyAccess::isClassAccessible@117 (line 213)
  0x000077b4580c60a7:   mov    %rbx,%rsi
  0x000077b4580c60aa:   movabs $0x77b414613a40,%rdx         ;   {metadata(method data for {method} {0x0000000046285490} &apos;isClassAccessible&apos; &apos;(Ljava/lang/Class;Ljava/lang/Class;Ljava/lang/Class;I)Z&apos; in &apos;sun/invoke/util/VerifyAccess&apos;)}
  0x000077b4580c60b4:   mov    0x8(%rsi),%esi
  0x000077b4580c60b7:   mov    $0x46000000,%r10d
  0x000077b4580c60bd:   add    %r10,%rsi
  0x000077b4580c60c0:   mov    $0x66,%r10d
  0x000077b4580c60c6:   cmp    (%rdx,%r10,8),%rsi
  0x000077b4580c60ca:   je     0x000077b4580c6103
  0x000077b4580c60cc:   add    $0x2,%r10
  0x000077b4580c60d0:   cmp    $0x6a,%r10
  0x000077b4580c60d4:   jne    0x000077b4580c60c6
  0x000077b4580c60d6:   mov    $0x66,%r10d
  0x000077b4580c60dc:   cmpq   $0x0,(%rdx,%r10,8)
  0x000077b4580c60e1:   je     0x000077b4580c60ef
  0x000077b4580c60e3:   add    $0x2,%r10
  0x000077b4580c60e7:   cmp    $0x6a,%r10
  0x000077b4580c60eb:   jne    0x000077b4580c60dc
  0x000077b4580c60ed:   jmp    0x000077b4580c60fb
  0x000077b4580c60ef:   push   %rax
  0x000077b4580c60f0:   xor    %rax,%rax
  0x000077b4580c60f3:   cmpxchg %rsi,(%rdx,%r10,8)
  0x000077b4580c60f8:   pop    %rax
  0x000077b4580c60f9:   jmp    0x000077b4580c60c0
  0x000077b4580c60fb:   mov    $0x65,%r10d
  0x000077b4580c6101:   jmp    0x000077b4580c6107
  0x000077b4580c6103:   add    $0x1,%r10
  0x000077b4580c6107:   addq   $0x1,(%rdx,%r10,8)
  0x000077b4580c610c:   movabs $0x77b414614818,%rsi         ;   {metadata(method data for {method} {0x000000004618de98} &apos;isExported&apos; &apos;(Ljava/lang/String;)Z&apos; in &apos;java/lang/Module&apos;)}
  0x000077b4580c6116:   mov    0x90(%rsi),%edx
  0x000077b4580c611c:   add    $0x2,%edx
  0x000077b4580c611f:   mov    %edx,0x90(%rsi)
  0x000077b4580c6125:   and    $0x1ffffe,%edx
  0x000077b4580c612b:   test   %edx,%edx
  0x000077b4580c612d:   je     0x000077b4580c68b8
  0x000077b4580c6133:   movabs $0x77b414614818,%rsi         ;   {metadata(method data for {method} {0x000000004618de98} &apos;isExported&apos; &apos;(Ljava/lang/String;)Z&apos; in &apos;java/lang/Module&apos;)}
  0x000077b4580c613d:   addq   $0x1,0xd8(%rsi)
  0x000077b4580c6145:   movabs $0x77b4140238e8,%rsi         ;   {metadata(method data for {method} {0x000000004621efa0} &apos;requireNonNull&apos; &apos;(Ljava/lang/Object;)Ljava/lang/Object;&apos; in &apos;java/util/Objects&apos;)}
  0x000077b4580c614f:   mov    0x90(%rsi),%edx
  0x000077b4580c6155:   add    $0x2,%edx
  0x000077b4580c6158:   mov    %edx,0x90(%rsi)
  0x000077b4580c615e:   and    $0x1ffffe,%edx
  0x000077b4580c6164:   test   %edx,%edx
  0x000077b4580c6166:   je     0x000077b4580c68d9
  0x000077b4580c616c:   test   %rax,%rax
  0x000077b4580c616f:   movabs $0x77b4140238e8,%rsi         ;   {metadata(method data for {method} {0x000000004621efa0} &apos;requireNonNull&apos; &apos;(Ljava/lang/Object;)Ljava/lang/Object;&apos; in &apos;java/util/Objects&apos;)}
  0x000077b4580c6179:   mov    $0xd8,%edx
  0x000077b4580c617e:   jne    0x000077b4580c6185
  0x000077b4580c6180:   mov    $0xe8,%edx
  0x000077b4580c6185:   mov    (%rsi,%rdx,1),%rcx
  0x000077b4580c6189:   lea    0x1(%rcx),%rcx
  0x000077b4580c618d:   mov    %rcx,(%rsi,%rdx,1)
  0x000077b4580c6191:   jne    0x000077b4580c658d
  0x000077b4580c6197:   jmp    0x000077b4580c66f9           ;*ifnonnull {reexecute=0 rethrow=0 return_oop=0}
                                                            ; - java.util.Objects::requireNonNull@1 (line 219)
                                                            ; - java.lang.Module::isExported@1 (line 698)
                                                            ; - sun.invoke.util.VerifyAccess::isClassAccessible@117 (line 213)
  0x000077b4580c619c:   cmp    %rbx,%rdi
  0x000077b4580c619f:   movabs $0x77b414613a40,%rdx         ;   {metadata(method data for {method} {0x0000000046285490} &apos;isClassAccessible&apos; &apos;(Ljava/lang/Class;Ljava/lang/Class;Ljava/lang/Class;I)Z&apos; in &apos;sun/invoke/util/VerifyAccess&apos;)}
  0x000077b4580c61a9:   mov    $0x358,%ecx
  0x000077b4580c61ae:   jne    0x000077b4580c61b5
  0x000077b4580c61b0:   mov    $0x368,%ecx
  0x000077b4580c61b5:   mov    (%rdx,%rcx,1),%rax
  0x000077b4580c61b9:   lea    0x1(%rax),%rax
  0x000077b4580c61bd:   mov    %rax,(%rdx,%rcx,1)
  0x000077b4580c61c1:   mov    0x80(%rsp),%rcx
  0x000077b4580c61c9:   jne    0x000077b4580c61fa           ;*if_acmpne {reexecute=0 rethrow=0 return_oop=0}
                                                            ; - sun.invoke.util.VerifyAccess::isClassAccessible@125 (line 216)
  0x000077b4580c61cf:   test   %rcx,%rcx
  0x000077b4580c61d2:   movabs $0x77b414613a40,%rdx         ;   {metadata(method data for {method} {0x0000000046285490} &apos;isClassAccessible&apos; &apos;(Ljava/lang/Class;Ljava/lang/Class;Ljava/lang/Class;I)Z&apos; in &apos;sun/invoke/util/VerifyAccess&apos;)}
  0x000077b4580c61dc:   mov    $0x388,%eax
  0x000077b4580c61e1:   je     0x000077b4580c61e8
  0x000077b4580c61e3:   mov    $0x378,%eax
  0x000077b4580c61e8:   mov    (%rdx,%rax,1),%r8
  0x000077b4580c61ec:   lea    0x1(%r8),%r8
  0x000077b4580c61f0:   mov    %r8,(%rdx,%rax,1)
  0x000077b4580c61f4:   je     0x000077b4580c6323           ;*ifnonnull {reexecute=0 rethrow=0 return_oop=0}
                                                            ; - sun.invoke.util.VerifyAccess::isClassAccessible@129 (line 216)
  0x000077b4580c61fa:   test   %rcx,%rcx
  0x000077b4580c61fd:   movabs $0x77b414613a40,%rdx         ;   {metadata(method data for {method} {0x0000000046285490} &apos;isClassAccessible&apos; &apos;(Ljava/lang/Class;Ljava/lang/Class;Ljava/lang/Class;I)Z&apos; in &apos;sun/invoke/util/VerifyAccess&apos;)}
  0x000077b4580c6207:   mov    $0x468,%ebx
  0x000077b4580c620c:   je     0x000077b4580c6213
  0x000077b4580c620e:   mov    $0x478,%ebx
  0x000077b4580c6213:   mov    (%rdx,%rbx,1),%rax
  0x000077b4580c6217:   lea    0x1(%rax),%rax
  0x000077b4580c621b:   mov    %rax,(%rdx,%rbx,1)
  0x000077b4580c621f:   je     0x000077b4580c62b2           ;*ifnull {reexecute=0 rethrow=0 return_oop=0}
                                                            ; - sun.invoke.util.VerifyAccess::isClassAccessible@172 (line 228)
  0x000077b4580c6225:   cmp    (%rcx),%rax                  ; implicit exception: dispatches to 0x000077b4580c68fa
                                                            ;*invokevirtual getModule {reexecute=0 rethrow=0 return_oop=0}
                                                            ; - sun.invoke.util.VerifyAccess::isClassAccessible@176 (line 228)
  0x000077b4580c6228:   mov    %rcx,%rdx
  0x000077b4580c622b:   movabs $0x77b414613a40,%rbx         ;   {metadata(method data for {method} {0x0000000046285490} &apos;isClassAccessible&apos; &apos;(Ljava/lang/Class;Ljava/lang/Class;Ljava/lang/Class;I)Z&apos; in &apos;sun/invoke/util/VerifyAccess&apos;)}
  0x000077b4580c6235:   mov    0x8(%rdx),%edx
  0x000077b4580c6238:   mov    $0x46000000,%r10d
  0x000077b4580c623e:   add    %r10,%rdx
  0x000077b4580c6241:   mov    $0x92,%r10d
  0x000077b4580c6247:   cmp    (%rbx,%r10,8),%rdx
  0x000077b4580c624b:   je     0x000077b4580c628a
  0x000077b4580c624d:   add    $0x2,%r10
  0x000077b4580c6251:   cmp    $0x96,%r10
  0x000077b4580c6258:   jne    0x000077b4580c6247
  0x000077b4580c625a:   mov    $0x92,%r10d
  0x000077b4580c6260:   cmpq   $0x0,(%rbx,%r10,8)
  0x000077b4580c6265:   je     0x000077b4580c6276
  0x000077b4580c6267:   add    $0x2,%r10
  0x000077b4580c626b:   cmp    $0x96,%r10
  0x000077b4580c6272:   jne    0x000077b4580c6260
  0x000077b4580c6274:   jmp    0x000077b4580c6282
  0x000077b4580c6276:   push   %rax
  0x000077b4580c6277:   xor    %rax,%rax
  0x000077b4580c627a:   cmpxchg %rdx,(%rbx,%r10,8)
  0x000077b4580c627f:   pop    %rax
  0x000077b4580c6280:   jmp    0x000077b4580c6241
  0x000077b4580c6282:   mov    $0x91,%r10d
  0x000077b4580c6288:   jmp    0x000077b4580c628e
  0x000077b4580c628a:   add    $0x1,%r10
  0x000077b4580c628e:   addq   $0x1,(%rbx,%r10,8)
  0x000077b4580c6293:   mov    0x38(%rcx),%edx
  0x000077b4580c6296:   shl    $0x3,%rdx                    ;*getfield module {reexecute=0 rethrow=0 return_oop=0}
                                                            ; - java.lang.Class::getModule@1 (line 1005)
                                                            ; - sun.invoke.util.VerifyAccess::isClassAccessible@176 (line 228)
  0x000077b4580c629a:   movabs $0x77b414613a40,%rcx         ;   {metadata(method data for {method} {0x0000000046285490} &apos;isClassAccessible&apos; &apos;(Ljava/lang/Class;Ljava/lang/Class;Ljava/lang/Class;I)Z&apos; in &apos;sun/invoke/util/VerifyAccess&apos;)}
  0x000077b4580c62a4:   incl   0x4b8(%rcx)
  0x000077b4580c62aa:   mov    %rdx,%rcx
  0x000077b4580c62ad:   jmp    0x000077b4580c62bc           ;*goto {reexecute=0 rethrow=0 return_oop=0}
                                                            ; - sun.invoke.util.VerifyAccess::isClassAccessible@179 (line 228)
  0x000077b4580c62b2:   movabs $0x0,%rcx                    ;*astore {reexecute=0 rethrow=0 return_oop=0}
                                                            ; - sun.invoke.util.VerifyAccess::isClassAccessible@183 (line 229)
                                                            ;   {oop(nullptr)}
  0x000077b4580c62bc:   movabs $0x77b414613a40,%rdx         ;   {metadata(method data for {method} {0x0000000046285490} &apos;isClassAccessible&apos; &apos;(Ljava/lang/Class;Ljava/lang/Class;Ljava/lang/Class;I)Z&apos; in &apos;sun/invoke/util/VerifyAccess&apos;)}
  0x000077b4580c62c6:   incl   0x4d0(%rdx)                  ;*ifne {reexecute=0 rethrow=0 return_oop=0}
                                                            ; - sun.invoke.util.VerifyAccess::isClassAccessible@188 (line 230)
  0x000077b4580c62cc:   movabs $0x77b414613a40,%rdx         ;   {metadata(method data for {method} {0x0000000046285490} &apos;isClassAccessible&apos; &apos;(Ljava/lang/Class;Ljava/lang/Class;Ljava/lang/Class;I)Z&apos; in &apos;sun/invoke/util/VerifyAccess&apos;)}
  0x000077b4580c62d6:   addq   $0x1,0x540(%rdx)
  0x000077b4580c62de:   mov    %rdi,%rdx                    ;*invokestatic isModuleAccessible {reexecute=0 rethrow=0 return_oop=0}
                                                            ; - sun.invoke.util.VerifyAccess::isClassAccessible@218 (line 231)
  0x000077b4580c62e1:   nopw   0x0(%rax,%rax,1)
  0x000077b4580c62e7:   call   0x000077b45f4adfe0           ; ImmutableOopMap {}
                                                            ;*invokestatic isModuleAccessible {reexecute=0 rethrow=0 return_oop=0}
                                                            ; - sun.invoke.util.VerifyAccess::isClassAccessible@218 (line 231)
                                                            ;   {static_call}
  0x000077b4580c62ec:   nopl   0x2000b64(%rax,%rax,1)       ;*invokestatic isModuleAccessible {reexecute=0 rethrow=0 return_oop=0}
                                                            ; - sun.invoke.util.VerifyAccess::isClassAccessible@218 (line 231)
                                                            ;   {post_call_nop}
  0x000077b4580c62f4:   test   %eax,%eax
  0x000077b4580c62f6:   movabs $0x77b414613a40,%rsi         ;   {metadata(method data for {method} {0x0000000046285490} &apos;isClassAccessible&apos; &apos;(Ljava/lang/Class;Ljava/lang/Class;Ljava/lang/Class;I)Z&apos; in &apos;sun/invoke/util/VerifyAccess&apos;)}
  0x000077b4580c6300:   mov    $0x550,%edi
  0x000077b4580c6305:   je     0x000077b4580c630c
  0x000077b4580c6307:   mov    $0x560,%edi
  0x000077b4580c630c:   mov    (%rsi,%rdi,1),%rbx
  0x000077b4580c6310:   lea    0x1(%rbx),%rbx
  0x000077b4580c6314:   mov    %rbx,(%rsi,%rdi,1)
  0x000077b4580c6318:   je     0x000077b4580c6575
  0x000077b4580c631e:   jmp    0x000077b4580c655d           ;*ifeq {reexecute=0 rethrow=0 return_oop=0}
                                                            ; - sun.invoke.util.VerifyAccess::isClassAccessible@221 (line 231)
  0x000077b4580c6323:   mov    0x78(%rsp),%r8d
  0x000077b4580c6328:   and    $0x10,%r8d
  0x000077b4580c632c:   test   %r8d,%r8d
  0x000077b4580c632f:   movabs $0x77b414613a40,%rdi         ;   {metadata(method data for {method} {0x0000000046285490} &apos;isClassAccessible&apos; &apos;(Ljava/lang/Class;Ljava/lang/Class;Ljava/lang/Class;I)Z&apos; in &apos;sun/invoke/util/VerifyAccess&apos;)}
  0x000077b4580c6339:   mov    $0x3a8,%eax
  0x000077b4580c633e:   jne    0x000077b4580c6345
  0x000077b4580c6340:   mov    $0x398,%eax
  0x000077b4580c6345:   mov    (%rdi,%rax,1),%rdx
  0x000077b4580c6349:   lea    0x1(%rdx),%rdx
  0x000077b4580c634d:   mov    %rdx,(%rdi,%rax,1)
  0x000077b4580c6351:   jne    0x000077b4580c6545           ;*ifeq {reexecute=0 rethrow=0 return_oop=0}
                                                            ; - sun.invoke.util.VerifyAccess::isClassAccessible@136 (line 218)
  0x000077b4580c6357:   movabs $0x77b414613a40,%rdi         ;   {metadata(method data for {method} {0x0000000046285490} &apos;isClassAccessible&apos; &apos;(Ljava/lang/Class;Ljava/lang/Class;Ljava/lang/Class;I)Z&apos; in &apos;sun/invoke/util/VerifyAccess&apos;)}
  0x000077b4580c6361:   incl   0x3b8(%rdi)                  ;*ifne {reexecute=0 rethrow=0 return_oop=0}
                                                            ; - sun.invoke.util.VerifyAccess::isClassAccessible@144 (line 221)
  0x000077b4580c6367:   mov    %rsi,%rdi
  0x000077b4580c636a:   movabs $0x77b414613a40,%rax         ;   {metadata(method data for {method} {0x0000000046285490} &apos;isClassAccessible&apos; &apos;(Ljava/lang/Class;Ljava/lang/Class;Ljava/lang/Class;I)Z&apos; in &apos;sun/invoke/util/VerifyAccess&apos;)}
  0x000077b4580c6374:   mov    0x8(%rdi),%edi
  0x000077b4580c6377:   mov    $0x46000000,%r10d
  0x000077b4580c637d:   add    %r10,%rdi
  0x000077b4580c6380:   mov    $0x82,%r10d
  0x000077b4580c6386:   cmp    (%rax,%r10,8),%rdi
  0x000077b4580c638a:   je     0x000077b4580c63cf
  0x000077b4580c638c:   add    $0x2,%r10
  0x000077b4580c6390:   cmp    $0x86,%r10
  0x000077b4580c6397:   jne    0x000077b4580c6386
  0x000077b4580c6399:   mov    $0x82,%r10d
  0x000077b4580c639f:   cmpq   $0x0,(%rax,%r10,8)
  0x000077b4580c63a4:   je     0x000077b4580c63b5
  0x000077b4580c63a6:   add    $0x2,%r10
  0x000077b4580c63aa:   cmp    $0x86,%r10
  0x000077b4580c63b1:   jne    0x000077b4580c639f
  0x000077b4580c63b3:   jmp    0x000077b4580c63c7
  0x000077b4580c63b5:   push   %rbx
  0x000077b4580c63b6:   mov    %rax,%rbx
  0x000077b4580c63b9:   xor    %rax,%rax
  0x000077b4580c63bc:   cmpxchg %rdi,(%rbx,%r10,8)
  0x000077b4580c63c1:   mov    %rbx,%rax
  0x000077b4580c63c4:   pop    %rbx
  0x000077b4580c63c5:   jmp    0x000077b4580c6380
  0x000077b4580c63c7:   mov    $0x81,%r10d
  0x000077b4580c63cd:   jmp    0x000077b4580c63d3
  0x000077b4580c63cf:   add    $0x1,%r10
  0x000077b4580c63d3:   addq   $0x1,(%rax,%r10,8)
  0x000077b4580c63d8:   nopl   0x0(%rax)
  0x000077b4580c63df:   call   0x000077b45f4ad9e0           ; ImmutableOopMap {[136]=Oop }
                                                            ;*invokevirtual getPackageName {reexecute=0 rethrow=0 return_oop=0}
                                                            ; - sun.invoke.util.VerifyAccess::isClassAccessible@164 (line 222)
                                                            ;   {optimized virtual_call}
  0x000077b4580c63e4:   nopl   0x3000c5c(%rax,%rax,1)       ;*invokevirtual getPackageName {reexecute=0 rethrow=0 return_oop=0}
                                                            ; - sun.invoke.util.VerifyAccess::isClassAccessible@164 (line 222)
                                                            ;   {post_call_nop}
  0x000077b4580c63ec:   mov    0x88(%rsp),%rbx
  0x000077b4580c63f4:   cmp    (%rbx),%rax                  ; implicit exception: dispatches to 0x000077b4580c68ff
                                                            ;*invokevirtual isExported {reexecute=0 rethrow=0 return_oop=0}
                                                            ; - sun.invoke.util.VerifyAccess::isClassAccessible@167 (line 222)
  0x000077b4580c63f7:   mov    %rbx,%rdx
  0x000077b4580c63fa:   movabs $0x77b414613a40,%rcx         ;   {metadata(method data for {method} {0x0000000046285490} &apos;isClassAccessible&apos; &apos;(Ljava/lang/Class;Ljava/lang/Class;Ljava/lang/Class;I)Z&apos; in &apos;sun/invoke/util/VerifyAccess&apos;)}
  0x000077b4580c6404:   mov    0x8(%rdx),%edx
  0x000077b4580c6407:   mov    $0x46000000,%r10d
  0x000077b4580c640d:   add    %r10,%rdx
  0x000077b4580c6410:   mov    $0x88,%r10d
  0x000077b4580c6416:   cmp    (%rcx,%r10,8),%rdx
  0x000077b4580c641a:   je     0x000077b4580c6459
  0x000077b4580c641c:   add    $0x2,%r10
  0x000077b4580c6420:   cmp    $0x8c,%r10
  0x000077b4580c6427:   jne    0x000077b4580c6416
  0x000077b4580c6429:   mov    $0x88,%r10d
  0x000077b4580c642f:   cmpq   $0x0,(%rcx,%r10,8)
  0x000077b4580c6434:   je     0x000077b4580c6445
  0x000077b4580c6436:   add    $0x2,%r10
  0x000077b4580c643a:   cmp    $0x8c,%r10
  0x000077b4580c6441:   jne    0x000077b4580c642f
  0x000077b4580c6443:   jmp    0x000077b4580c6451
  0x000077b4580c6445:   push   %rax
  0x000077b4580c6446:   xor    %rax,%rax
  0x000077b4580c6449:   cmpxchg %rdx,(%rcx,%r10,8)
  0x000077b4580c644e:   pop    %rax
  0x000077b4580c644f:   jmp    0x000077b4580c6410
  0x000077b4580c6451:   mov    $0x87,%r10d
  0x000077b4580c6457:   jmp    0x000077b4580c645d
  0x000077b4580c6459:   add    $0x1,%r10
  0x000077b4580c645d:   addq   $0x1,(%rcx,%r10,8)
  0x000077b4580c6462:   movabs $0x77b414614818,%rdx         ;   {metadata(method data for {method} {0x000000004618de98} &apos;isExported&apos; &apos;(Ljava/lang/String;)Z&apos; in &apos;java/lang/Module&apos;)}
  0x000077b4580c646c:   mov    0x90(%rdx),%ecx
  0x000077b4580c6472:   add    $0x2,%ecx
  0x000077b4580c6475:   mov    %ecx,0x90(%rdx)
  0x000077b4580c647b:   and    $0x1ffffe,%ecx
  0x000077b4580c6481:   test   %ecx,%ecx
  0x000077b4580c6483:   je     0x000077b4580c6904
  0x000077b4580c6489:   movabs $0x77b414614818,%rdx         ;   {metadata(method data for {method} {0x000000004618de98} &apos;isExported&apos; &apos;(Ljava/lang/String;)Z&apos; in &apos;java/lang/Module&apos;)}
  0x000077b4580c6493:   addq   $0x1,0xd8(%rdx)
  0x000077b4580c649b:   movabs $0x77b4140238e8,%rdx         ;   {metadata(method data for {method} {0x000000004621efa0} &apos;requireNonNull&apos; &apos;(Ljava/lang/Object;)Ljava/lang/Object;&apos; in &apos;java/util/Objects&apos;)}
  0x000077b4580c64a5:   mov    0x90(%rdx),%ecx
  0x000077b4580c64ab:   add    $0x2,%ecx
  0x000077b4580c64ae:   mov    %ecx,0x90(%rdx)
  0x000077b4580c64b4:   and    $0x1ffffe,%ecx
  0x000077b4580c64ba:   test   %ecx,%ecx
  0x000077b4580c64bc:   je     0x000077b4580c6925
  0x000077b4580c64c2:   test   %rax,%rax
  0x000077b4580c64c5:   movabs $0x77b4140238e8,%rdx         ;   {metadata(method data for {method} {0x000000004621efa0} &apos;requireNonNull&apos; &apos;(Ljava/lang/Object;)Ljava/lang/Object;&apos; in &apos;java/util/Objects&apos;)}
  0x000077b4580c64cf:   mov    $0xe8,%ecx
  0x000077b4580c64d4:   je     0x000077b4580c64db
  0x000077b4580c64d6:   mov    $0xd8,%ecx
  0x000077b4580c64db:   mov    (%rdx,%rcx,1),%r8
  0x000077b4580c64df:   lea    0x1(%r8),%r8
  0x000077b4580c64e3:   mov    %r8,(%rdx,%rcx,1)
  0x000077b4580c64e7:   je     0x000077b4580c6655           ;*ifnonnull {reexecute=0 rethrow=0 return_oop=0}
                                                            ; - java.util.Objects::requireNonNull@1 (line 219)
                                                            ; - java.lang.Module::isExported@1 (line 698)
                                                            ; - sun.invoke.util.VerifyAccess::isClassAccessible@167 (line 222)
  0x000077b4580c64ed:   mov    %rbx,%rdx
  0x000077b4580c64f0:   movabs $0x77b414614818,%rcx         ;   {metadata(method data for {method} {0x000000004618de98} &apos;isExported&apos; &apos;(Ljava/lang/String;)Z&apos; in &apos;java/lang/Module&apos;)}
  0x000077b4580c64fa:   addq   $0x1,0xe8(%rcx)
  0x000077b4580c6502:   mov    %rax,%rdx
  0x000077b4580c6505:   movabs $0x7ff8ce890,%rcx            ;   {oop(a &apos;java/lang/Module&apos;{0x00000007ff8ce890})}
  0x000077b4580c650f:   mov    $0x0,%r8d
  0x000077b4580c6515:   mov    %rbx,%rsi                    ;*invokevirtual implIsExportedOrOpen {reexecute=0 rethrow=0 return_oop=0}
                                                            ; - java.lang.Module::isExported@11 (line 699)
                                                            ; - sun.invoke.util.VerifyAccess::isClassAccessible@167 (line 222)
  0x000077b4580c6518:   nopl   0x0(%rax)
  0x000077b4580c651f:   call   0x000077b45f4ad9e0           ; ImmutableOopMap {}
                                                            ;*invokevirtual implIsExportedOrOpen {reexecute=0 rethrow=0 return_oop=0}
                                                            ; - java.lang.Module::isExported@11 (line 699)
                                                            ; - sun.invoke.util.VerifyAccess::isClassAccessible@167 (line 222)
                                                            ;   {optimized virtual_call}
  0x000077b4580c6524:   nopl   0x4000d9c(%rax,%rax,1)       ;*invokevirtual implIsExportedOrOpen {reexecute=0 rethrow=0 return_oop=0}
                                                            ; - java.lang.Module::isExported@11 (line 699)
                                                            ; - sun.invoke.util.VerifyAccess::isClassAccessible@167 (line 222)
                                                            ;   {post_call_nop}
  0x000077b4580c652c:   and    $0x1,%eax
  0x000077b4580c652f:   and    $0x1,%eax
  0x000077b4580c6532:   add    $0xc0,%rsp
  0x000077b4580c6539:   pop    %rbp
  0x000077b4580c653a:   cmp    0x28(%r15),%rsp              ;   {poll_return}
  0x000077b4580c653e:   ja     0x000077b4580c6946
  0x000077b4580c6544:   ret                                 ;*ireturn {reexecute=0 rethrow=0 return_oop=0}
                                                            ; - sun.invoke.util.VerifyAccess::isClassAccessible@170 (line 222)
  0x000077b4580c6545:   mov    $0x1,%eax
  0x000077b4580c654a:   add    $0xc0,%rsp
  0x000077b4580c6551:   pop    %rbp
  0x000077b4580c6552:   cmp    0x28(%r15),%rsp              ;   {poll_return}
  0x000077b4580c6556:   ja     0x000077b4580c695c
  0x000077b4580c655c:   ret                                 ;*ireturn {reexecute=0 rethrow=0 return_oop=0}
                                                            ; - sun.invoke.util.VerifyAccess::isClassAccessible@140 (line 219)
  0x000077b4580c655d:   mov    $0x1,%eax
  0x000077b4580c6562:   add    $0xc0,%rsp
  0x000077b4580c6569:   pop    %rbp
  0x000077b4580c656a:   cmp    0x28(%r15),%rsp              ;   {poll_return}
  0x000077b4580c656e:   ja     0x000077b4580c6972
  0x000077b4580c6574:   ret                                 ;*ireturn {reexecute=0 rethrow=0 return_oop=0}
                                                            ; - sun.invoke.util.VerifyAccess::isClassAccessible@225 (line 232)
  0x000077b4580c6575:   mov    $0x0,%eax
  0x000077b4580c657a:   add    $0xc0,%rsp
  0x000077b4580c6581:   pop    %rbp
  0x000077b4580c6582:   cmp    0x28(%r15),%rsp              ;   {poll_return}
  0x000077b4580c6586:   ja     0x000077b4580c6988
  0x000077b4580c658c:   ret                                 ;*ireturn {reexecute=0 rethrow=0 return_oop=0}
                                                            ; - sun.invoke.util.VerifyAccess::isClassAccessible@227 (line 235)
  0x000077b4580c658d:   mov    %rbx,%rdx
  0x000077b4580c6590:   movabs $0x77b414614818,%rcx         ;   {metadata(method data for {method} {0x000000004618de98} &apos;isExported&apos; &apos;(Ljava/lang/String;)Z&apos; in &apos;java/lang/Module&apos;)}
  0x000077b4580c659a:   addq   $0x1,0xe8(%rcx)
  0x000077b4580c65a2:   mov    %rax,%rdx
  0x000077b4580c65a5:   movabs $0x7ff8ce890,%rcx            ;   {oop(a &apos;java/lang/Module&apos;{0x00000007ff8ce890})}
  0x000077b4580c65af:   mov    $0x0,%r8d
  0x000077b4580c65b5:   mov    %rbx,%rsi                    ;*invokevirtual implIsExportedOrOpen {reexecute=0 rethrow=0 return_oop=0}
                                                            ; - java.lang.Module::isExported@11 (line 699)
                                                            ; - sun.invoke.util.VerifyAccess::isClassAccessible@117 (line 213)
  0x000077b4580c65b8:   nopl   0x0(%rax)
  0x000077b4580c65bf:   call   0x000077b45f4ad9e0           ; ImmutableOopMap {}
                                                            ;*invokevirtual implIsExportedOrOpen {reexecute=0 rethrow=0 return_oop=0}
                                                            ; - java.lang.Module::isExported@11 (line 699)
                                                            ; - sun.invoke.util.VerifyAccess::isClassAccessible@117 (line 213)
                                                            ;   {optimized virtual_call}
  0x000077b4580c65c4:   nopl   0x5000e3c(%rax,%rax,1)       ;*invokevirtual implIsExportedOrOpen {reexecute=0 rethrow=0 return_oop=0}
                                                            ; - java.lang.Module::isExported@11 (line 699)
                                                            ; - sun.invoke.util.VerifyAccess::isClassAccessible@117 (line 213)
                                                            ;   {post_call_nop}
  0x000077b4580c65cc:   and    $0x1,%eax
  0x000077b4580c65cf:   and    $0x1,%eax
  0x000077b4580c65d2:   add    $0xc0,%rsp
  0x000077b4580c65d9:   pop    %rbp
  0x000077b4580c65da:   cmp    0x28(%r15),%rsp              ;   {poll_return}
  0x000077b4580c65de:   ja     0x000077b4580c699e
  0x000077b4580c65e4:   ret                                 ;*ireturn {reexecute=0 rethrow=0 return_oop=0}
                                                            ; - sun.invoke.util.VerifyAccess::isClassAccessible@120 (line 213)
  0x000077b4580c65e5:   movabs $0x77b414613a40,%rax         ;   {metadata(method data for {method} {0x0000000046285490} &apos;isClassAccessible&apos; &apos;(Ljava/lang/Class;Ljava/lang/Class;Ljava/lang/Class;I)Z&apos; in &apos;sun/invoke/util/VerifyAccess&apos;)}
  0x000077b4580c65ef:   incl   0x288(%rax)                  ;*ifne {reexecute=0 rethrow=0 return_oop=0}
                                                            ; - sun.invoke.util.VerifyAccess::isClassAccessible@84 (line 207)
  0x000077b4580c65f5:   mov    $0x1,%eax
  0x000077b4580c65fa:   add    $0xc0,%rsp
  0x000077b4580c6601:   pop    %rbp
  0x000077b4580c6602:   cmp    0x28(%r15),%rsp              ;   {poll_return}
  0x000077b4580c6606:   ja     0x000077b4580c69b4
  0x000077b4580c660c:   ret                                 ;*ireturn {reexecute=0 rethrow=0 return_oop=0}
                                                            ; - sun.invoke.util.VerifyAccess::isClassAccessible@103 (line 208)
  0x000077b4580c660d:   mov    $0x0,%eax
  0x000077b4580c6612:   add    $0xc0,%rsp
  0x000077b4580c6619:   pop    %rbp
  0x000077b4580c661a:   cmp    0x28(%r15),%rsp              ;   {poll_return}
  0x000077b4580c661e:   ja     0x000077b4580c69ca
  0x000077b4580c6624:   ret                                 ;*ireturn {reexecute=0 rethrow=0 return_oop=0}
                                                            ; - sun.invoke.util.VerifyAccess::isClassAccessible@229 (line 238)
  0x000077b4580c6625:   mov    $0x1,%eax
  0x000077b4580c662a:   add    $0xc0,%rsp
  0x000077b4580c6631:   pop    %rbp
  0x000077b4580c6632:   cmp    0x28(%r15),%rsp              ;   {poll_return}
  0x000077b4580c6636:   ja     0x000077b4580c69e0
  0x000077b4580c663c:   ret                                 ;*ireturn {reexecute=0 rethrow=0 return_oop=0}
                                                            ; - sun.invoke.util.VerifyAccess::isClassAccessible@43 (line 196)
  0x000077b4580c663d:   mov    $0x0,%eax
  0x000077b4580c6642:   add    $0xc0,%rsp
  0x000077b4580c6649:   pop    %rbp
  0x000077b4580c664a:   cmp    0x28(%r15),%rsp              ;   {poll_return}
  0x000077b4580c664e:   ja     0x000077b4580c69f6
  0x000077b4580c6654:   ret                                 ;*ireturn {reexecute=0 rethrow=0 return_oop=0}
                                                            ; - sun.invoke.util.VerifyAccess::isClassAccessible@5 (line 191)
  0x000077b4580c6655:   mov    %rax,0x98(%rsp)
  0x000077b4580c665d:   data16 xchg %ax,%ax
  0x000077b4580c6660:   jmp    0x000077b4580c6a1b           ;   {other}
  0x000077b4580c6665:   add    %al,(%rax)
  0x000077b4580c6667:   add    %al,(%rax)
  0x000077b4580c6669:   add    %cl,-0x75(%rcx)
  0x000077b4580c666c:   xchg   %esi,0x48000001(%rax)
  0x000077b4580c6672:   lea    0x30(%rax),%edi
  0x000077b4580c6675:   cmp    0x1c0(%r15),%rdi
  0x000077b4580c667c:   ja     0x000077b4580c6a25
  0x000077b4580c6682:   mov    %rdi,0x1b0(%r15)
  0x000077b4580c6689:   movq   $0x1,(%rax)
  0x000077b4580c6690:   mov    %rdx,%rcx
  0x000077b4580c6693:   mov    $0x46000000,%r10d
  0x000077b4580c6699:   sub    %r10,%rcx
  0x000077b4580c669c:   mov    %ecx,0x8(%rax)
  0x000077b4580c669f:   xor    %rcx,%rcx
  0x000077b4580c66a2:   mov    %ecx,0xc(%rax)
  0x000077b4580c66a5:   xor    %rcx,%rcx
  0x000077b4580c66a8:   mov    %rcx,0x10(%rax)
  0x000077b4580c66ac:   mov    %rcx,0x18(%rax)
  0x000077b4580c66b0:   mov    %rcx,0x20(%rax)
  0x000077b4580c66b4:   mov    %rcx,0x28(%rax)              ;*new {reexecute=0 rethrow=0 return_oop=0}
                                                            ; - java.util.Objects::requireNonNull@4 (line 220)
                                                            ; - java.lang.Module::isExported@1 (line 698)
                                                            ; - sun.invoke.util.VerifyAccess::isClassAccessible@167 (line 222)
  0x000077b4580c66b8:   mov    %rax,%rsi
  0x000077b4580c66bb:   movabs $0x77b4140238e8,%rdi         ;   {metadata(method data for {method} {0x000000004621efa0} &apos;requireNonNull&apos; &apos;(Ljava/lang/Object;)Ljava/lang/Object;&apos; in &apos;java/util/Objects&apos;)}
  0x000077b4580c66c5:   addq   $0x1,0xf8(%rdi)
  0x000077b4580c66cd:   mov    %rax,%rsi                    ;*invokespecial &lt;init&gt; {reexecute=0 rethrow=0 return_oop=0}
                                                            ; - java.util.Objects::requireNonNull@8 (line 220)
                                                            ; - java.lang.Module::isExported@1 (line 698)
                                                            ; - sun.invoke.util.VerifyAccess::isClassAccessible@167 (line 222)
  0x000077b4580c66d0:   mov    %rax,0x90(%rsp)
  0x000077b4580c66d8:   nopl   0x0(%rax)
  0x000077b4580c66df:   call   0x000077b45f4ad9e0           ; ImmutableOopMap {[136]=Oop [144]=Oop [152]=Oop }
                                                            ;*invokespecial &lt;init&gt; {reexecute=0 rethrow=0 return_oop=0}
                                                            ; - java.util.Objects::requireNonNull@8 (line 220)
                                                            ; - java.lang.Module::isExported@1 (line 698)
                                                            ; - sun.invoke.util.VerifyAccess::isClassAccessible@167 (line 222)
                                                            ;   {optimized virtual_call}
  0x000077b4580c66e4:   nopl   0x6000f5c(%rax,%rax,1)       ;*invokespecial &lt;init&gt; {reexecute=0 rethrow=0 return_oop=0}
                                                            ; - java.util.Objects::requireNonNull@8 (line 220)
                                                            ; - java.lang.Module::isExported@1 (line 698)
                                                            ; - sun.invoke.util.VerifyAccess::isClassAccessible@167 (line 222)
                                                            ;   {post_call_nop}
  0x000077b4580c66ec:   mov    0x90(%rsp),%rax
  0x000077b4580c66f4:   jmp    0x000077b4580c6a75           ;*athrow {reexecute=0 rethrow=0 return_oop=0}
                                                            ; - java.util.Objects::requireNonNull@11 (line 220)
                                                            ; - java.lang.Module::isExported@1 (line 698)
                                                            ; - sun.invoke.util.VerifyAccess::isClassAccessible@167 (line 222)
  0x000077b4580c66f9:   mov    %rax,0xa8(%rsp)
  0x000077b4580c6701:   nopl   0x0(%rax)
  0x000077b4580c6708:   jmp    0x000077b4580c6a41           ;   {other}
  0x000077b4580c670d:   add    %al,(%rax)
  0x000077b4580c670f:   add    %al,(%rax)
  0x000077b4580c6711:   add    %cl,-0x75(%rcx)
  0x000077b4580c6714:   xchg   %esi,0x48000001(%rax)
  0x000077b4580c671a:   lea    0x30(%rax),%edi
  0x000077b4580c671d:   cmp    0x1c0(%r15),%rdi
  0x000077b4580c6724:   ja     0x000077b4580c6a4b
  0x000077b4580c672a:   mov    %rdi,0x1b0(%r15)
  0x000077b4580c6731:   movq   $0x1,(%rax)
  0x000077b4580c6738:   mov    %rdx,%rcx
  0x000077b4580c673b:   mov    $0x46000000,%r10d
  0x000077b4580c6741:   sub    %r10,%rcx
  0x000077b4580c6744:   mov    %ecx,0x8(%rax)
  0x000077b4580c6747:   xor    %rcx,%rcx
  0x000077b4580c674a:   mov    %ecx,0xc(%rax)
  0x000077b4580c674d:   xor    %rcx,%rcx
  0x000077b4580c6750:   mov    %rcx,0x10(%rax)
  0x000077b4580c6754:   mov    %rcx,0x18(%rax)
  0x000077b4580c6758:   mov    %rcx,0x20(%rax)
  0x000077b4580c675c:   mov    %rcx,0x28(%rax)              ;*new {reexecute=0 rethrow=0 return_oop=0}
                                                            ; - java.util.Objects::requireNonNull@4 (line 220)
                                                            ; - java.lang.Module::isExported@1 (line 698)
                                                            ; - sun.invoke.util.VerifyAccess::isClassAccessible@117 (line 213)
  0x000077b4580c6760:   mov    %rax,%rsi
  0x000077b4580c6763:   movabs $0x77b4140238e8,%rdi         ;   {metadata(method data for {method} {0x000000004621efa0} &apos;requireNonNull&apos; &apos;(Ljava/lang/Object;)Ljava/lang/Object;&apos; in &apos;java/util/Objects&apos;)}
  0x000077b4580c676d:   addq   $0x1,0xf8(%rdi)
  0x000077b4580c6775:   mov    %rax,%rsi                    ;*invokespecial &lt;init&gt; {reexecute=0 rethrow=0 return_oop=0}
                                                            ; - java.util.Objects::requireNonNull@8 (line 220)
                                                            ; - java.lang.Module::isExported@1 (line 698)
                                                            ; - sun.invoke.util.VerifyAccess::isClassAccessible@117 (line 213)
  0x000077b4580c6778:   mov    %rax,0xa0(%rsp)
  0x000077b4580c6780:   nopl   0x0(%rax)
  0x000077b4580c6787:   call   0x000077b45f4ad9e0           ; ImmutableOopMap {[136]=Oop [160]=Oop [168]=Oop }
                                                            ;*invokespecial &lt;init&gt; {reexecute=0 rethrow=0 return_oop=0}
                                                            ; - java.util.Objects::requireNonNull@8 (line 220)
                                                            ; - java.lang.Module::isExported@1 (line 698)
                                                            ; - sun.invoke.util.VerifyAccess::isClassAccessible@117 (line 213)
                                                            ;   {optimized virtual_call}
  0x000077b4580c678c:   nopl   0x7001004(%rax,%rax,1)       ;*invokespecial &lt;init&gt; {reexecute=0 rethrow=0 return_oop=0}
                                                            ; - java.util.Objects::requireNonNull@8 (line 220)
                                                            ; - java.lang.Module::isExported@1 (line 698)
                                                            ; - sun.invoke.util.VerifyAccess::isClassAccessible@117 (line 213)
                                                            ;   {post_call_nop}
  0x000077b4580c6794:   mov    0xa0(%rsp),%rax
  0x000077b4580c679c:   jmp    0x000077b4580c6a75
  0x000077b4580c67a1:   movabs $0x46285490,%r10             ;   {metadata({method} {0x0000000046285490} &apos;isClassAccessible&apos; &apos;(Ljava/lang/Class;Ljava/lang/Class;Ljava/lang/Class;I)Z&apos; in &apos;sun/invoke/util/VerifyAccess&apos;)}
  0x000077b4580c67ab:   mov    %r10,0x8(%rsp)
  0x000077b4580c67b0:   movq   $0xffffffffffffffff,(%rsp)
  0x000077b4580c67b8:   call   0x000077b45f582fe0           ; ImmutableOopMap {rsi=Oop rdx=Oop rcx=Oop }
                                                            ;*synchronization entry
                                                            ; - sun.invoke.util.VerifyAccess::isClassAccessible@-1 (line 191)
                                                            ;   {runtime_call counter_overflow_blob (C1 runtime)}
  0x000077b4580c67bd:   jmp    0x000077b4580c58c6
  0x000077b4580c67c2:   movabs $0x462855f0,%r10             ;   {metadata({method} {0x00000000462855f0} &apos;getClassModifiers&apos; &apos;(Ljava/lang/Class;)I&apos; in &apos;sun/invoke/util/VerifyAccess&apos;)}
  0x000077b4580c67cc:   mov    %r10,0x8(%rsp)
  0x000077b4580c67d1:   movq   $0xffffffffffffffff,(%rsp)
  0x000077b4580c67d9:   call   0x000077b45f582fe0           ; ImmutableOopMap {rsi=Oop [112]=Oop [128]=Oop }
                                                            ;*synchronization entry
                                                            ; - sun.invoke.util.VerifyAccess::getClassModifiers@-1 (line 166)
                                                            ; - sun.invoke.util.VerifyAccess::isClassAccessible@45 (line 198)
                                                            ;   {runtime_call counter_overflow_blob (C1 runtime)}
  0x000077b4580c67de:   jmp    0x000077b4580c59e4
  0x000077b4580c67e3:   call   0x000077b45f57c660           ; ImmutableOopMap {rsi=Oop [112]=Oop [128]=Oop }
                                                            ;*invokevirtual isArray {reexecute=0 rethrow=0 return_oop=0}
                                                            ; - sun.invoke.util.VerifyAccess::getClassModifiers@1 (line 166)
                                                            ; - sun.invoke.util.VerifyAccess::isClassAccessible@45 (line 198)
                                                            ;   {runtime_call throw_null_pointer_exception_blob (C1 runtime)}
  0x000077b4580c67e8:   movabs $0x46188ed8,%r10             ;   {metadata({method} {0x0000000046188ed8} &apos;isArray&apos; &apos;()Z&apos; in &apos;java/lang/Class&apos;)}
  0x000077b4580c67f2:   mov    %r10,0x8(%rsp)
  0x000077b4580c67f7:   movq   $0xffffffffffffffff,(%rsp)
  0x000077b4580c67ff:   call   0x000077b45f582fe0           ; ImmutableOopMap {rsi=Oop [112]=Oop [128]=Oop }
                                                            ;*synchronization entry
                                                            ; - java.lang.Class::isArray@-1 (line 817)
                                                            ; - sun.invoke.util.VerifyAccess::getClassModifiers@1 (line 166)
                                                            ; - sun.invoke.util.VerifyAccess::isClassAccessible@45 (line 198)
                                                            ;   {runtime_call counter_overflow_blob (C1 runtime)}
  0x000077b4580c6804:   jmp    0x000077b4580c5a73
  0x000077b4580c6809:   movabs $0x461fdff0,%r10             ;   {metadata({method} {0x00000000461fdff0} &apos;getClassAccessFlags&apos; &apos;(Ljava/lang/Class;)I&apos; in &apos;jdk/internal/reflect/Reflection&apos;)}
  0x000077b4580c6813:   mov    %r10,0x8(%rsp)
  0x000077b4580c6818:   movq   $0xffffffffffffffff,(%rsp)
  0x000077b4580c6820:   call   0x000077b45f582fe0           ; ImmutableOopMap {rsi=Oop [112]=Oop [128]=Oop }
                                                            ;*synchronization entry
                                                            ; - jdk.internal.reflect.Reflection::getClassAccessFlags@-1 (line 85)
                                                            ; - sun.invoke.util.VerifyAccess::getClassModifiers@20 (line 168)
                                                            ; - sun.invoke.util.VerifyAccess::isClassAccessible@45 (line 198)
                                                            ;   {runtime_call counter_overflow_blob (C1 runtime)}
  0x000077b4580c6825:   jmp    0x000077b4580c5c2e
  0x000077b4580c682a:   movabs $0x464a65b8,%r10             ;   {metadata({method} {0x00000000464a65b8} &apos;getJavaLangAccess&apos; &apos;()Ljdk/internal/access/JavaLangAccess;&apos; in &apos;jdk/internal/access/SharedSecrets&apos;)}
  0x000077b4580c6834:   mov    %r10,0x8(%rsp)
  0x000077b4580c6839:   movq   $0xffffffffffffffff,(%rsp)
  0x000077b4580c6841:   call   0x000077b45f582fe0           ; ImmutableOopMap {rsi=Oop [112]=Oop [128]=Oop }
                                                            ;*synchronization entry
                                                            ; - jdk.internal.access.SharedSecrets::getJavaLangAccess@-1 (line 173)
                                                            ; - jdk.internal.reflect.Reflection::getClassAccessFlags@0 (line 85)
                                                            ; - sun.invoke.util.VerifyAccess::getClassModifiers@20 (line 168)
                                                            ; - sun.invoke.util.VerifyAccess::isClassAccessible@45 (line 198)
                                                            ;   {runtime_call counter_overflow_blob (C1 runtime)}
  0x000077b4580c6846:   jmp    0x000077b4580c5c67
  0x000077b4580c684b:   movabs $0x46183558,%r10             ;   {metadata({method} {0x0000000046183558} &apos;getClassFileAccessFlags&apos; &apos;(Ljava/lang/Class;)I&apos; in &apos;java/lang/System$1&apos;)}
  0x000077b4580c6855:   mov    %r10,0x8(%rsp)
  0x000077b4580c685a:   movq   $0xffffffffffffffff,(%rsp)
  0x000077b4580c6862:   call   0x000077b45f582fe0           ; ImmutableOopMap {rsi=Oop [112]=Oop [128]=Oop }
                                                            ;*synchronization entry
                                                            ; - java.lang.System$1::getClassFileAccessFlags@-1 (line 2027)
                                                            ; - jdk.internal.reflect.Reflection::getClassAccessFlags@4 (line 85)
                                                            ; - sun.invoke.util.VerifyAccess::getClassModifiers@20 (line 168)
                                                            ; - sun.invoke.util.VerifyAccess::isClassAccessible@45 (line 198)
                                                            ;   {runtime_call counter_overflow_blob (C1 runtime)}
  0x000077b4580c6867:   jmp    0x000077b4580c5cf8
  0x000077b4580c686c:   movabs $0x4623faa8,%r10             ;   {metadata({method} {0x000000004623faa8} &apos;isPublic&apos; &apos;(I)Z&apos; in &apos;java/lang/reflect/Modifier&apos;)}
  0x000077b4580c6876:   mov    %r10,0x8(%rsp)
  0x000077b4580c687b:   movq   $0xffffffffffffffff,(%rsp)
  0x000077b4580c6883:   call   0x000077b45f582fe0           ; ImmutableOopMap {rsi=Oop [112]=Oop [128]=Oop }
                                                            ;*synchronization entry
                                                            ; - java.lang.reflect.Modifier::isPublic@-1 (line 71)
                                                            ; - sun.invoke.util.VerifyAccess::isClassAccessible@52 (line 199)
                                                            ;   {runtime_call counter_overflow_blob (C1 runtime)}
  0x000077b4580c6888:   jmp    0x000077b4580c5d99
  0x000077b4580c688d:   call   0x000077b45f57c660           ; ImmutableOopMap {rsi=Oop rdx=Oop [128]=Oop }
                                                            ;*invokevirtual getModule {reexecute=0 rethrow=0 return_oop=0}
                                                            ; - sun.invoke.util.VerifyAccess::isClassAccessible@59 (line 201)
                                                            ;   {runtime_call throw_null_pointer_exception_blob (C1 runtime)}
  0x000077b4580c6892:   movabs $0x4649bf80,%r10             ;   {metadata({method} {0x000000004649bf80} &apos;isModuleSystemInited&apos; &apos;()Z&apos; in &apos;jdk/internal/misc/VM&apos;)}
  0x000077b4580c689c:   mov    %r10,0x8(%rsp)
  0x000077b4580c68a1:   movq   $0xffffffffffffffff,(%rsp)
  0x000077b4580c68a9:   call   0x000077b45f582fe0           ; ImmutableOopMap {rbx=Oop rdi=Oop rsi=Oop [128]=Oop [136]=Oop }
                                                            ;*synchronization entry
                                                            ; - jdk.internal.misc.VM::isModuleSystemInited@-1 (line 93)
                                                            ; - sun.invoke.util.VerifyAccess::isClassAccessible@75 (line 206)
                                                            ;   {runtime_call counter_overflow_blob (C1 runtime)}
  0x000077b4580c68ae:   jmp    0x000077b4580c5f64
  0x000077b4580c68b3:   call   0x000077b45f57c660           ; ImmutableOopMap {rax=Oop rbx=Oop [136]=Oop }
                                                            ;*invokevirtual isExported {reexecute=0 rethrow=0 return_oop=0}
                                                            ; - sun.invoke.util.VerifyAccess::isClassAccessible@117 (line 213)
                                                            ;   {runtime_call throw_null_pointer_exception_blob (C1 runtime)}
  0x000077b4580c68b8:   movabs $0x4618de98,%r10             ;   {metadata({method} {0x000000004618de98} &apos;isExported&apos; &apos;(Ljava/lang/String;)Z&apos; in &apos;java/lang/Module&apos;)}
  0x000077b4580c68c2:   mov    %r10,0x8(%rsp)
  0x000077b4580c68c7:   movq   $0xffffffffffffffff,(%rsp)
  0x000077b4580c68cf:   call   0x000077b45f582fe0           ; ImmutableOopMap {rax=Oop rbx=Oop [136]=Oop }
                                                            ;*synchronization entry
                                                            ; - java.lang.Module::isExported@-1 (line 698)
                                                            ; - sun.invoke.util.VerifyAccess::isClassAccessible@117 (line 213)
                                                            ;   {runtime_call counter_overflow_blob (C1 runtime)}
  0x000077b4580c68d4:   jmp    0x000077b4580c6133
  0x000077b4580c68d9:   movabs $0x4621efa0,%r10             ;   {metadata({method} {0x000000004621efa0} &apos;requireNonNull&apos; &apos;(Ljava/lang/Object;)Ljava/lang/Object;&apos; in &apos;java/util/Objects&apos;)}
  0x000077b4580c68e3:   mov    %r10,0x8(%rsp)
  0x000077b4580c68e8:   movq   $0xffffffffffffffff,(%rsp)
  0x000077b4580c68f0:   call   0x000077b45f582fe0           ; ImmutableOopMap {rax=Oop rbx=Oop [136]=Oop }
                                                            ;*synchronization entry
                                                            ; - java.util.Objects::requireNonNull@-1 (line 219)
                                                            ; - java.lang.Module::isExported@1 (line 698)
                                                            ; - sun.invoke.util.VerifyAccess::isClassAccessible@117 (line 213)
                                                            ;   {runtime_call counter_overflow_blob (C1 runtime)}
  0x000077b4580c68f5:   jmp    0x000077b4580c616c
  0x000077b4580c68fa:   call   0x000077b45f57c660           ; ImmutableOopMap {rdi=Oop rsi=Oop rcx=Oop }
                                                            ;*invokevirtual getModule {reexecute=0 rethrow=0 return_oop=0}
                                                            ; - sun.invoke.util.VerifyAccess::isClassAccessible@176 (line 228)
                                                            ;   {runtime_call throw_null_pointer_exception_blob (C1 runtime)}
  0x000077b4580c68ff:   call   0x000077b45f57c660           ; ImmutableOopMap {rax=Oop rbx=Oop [136]=Oop }
                                                            ;*invokevirtual isExported {reexecute=0 rethrow=0 return_oop=0}
                                                            ; - sun.invoke.util.VerifyAccess::isClassAccessible@167 (line 222)
                                                            ;   {runtime_call throw_null_pointer_exception_blob (C1 runtime)}
  0x000077b4580c6904:   movabs $0x4618de98,%r10             ;   {metadata({method} {0x000000004618de98} &apos;isExported&apos; &apos;(Ljava/lang/String;)Z&apos; in &apos;java/lang/Module&apos;)}
  0x000077b4580c690e:   mov    %r10,0x8(%rsp)
  0x000077b4580c6913:   movq   $0xffffffffffffffff,(%rsp)
  0x000077b4580c691b:   call   0x000077b45f582fe0           ; ImmutableOopMap {rax=Oop rbx=Oop [136]=Oop }
                                                            ;*synchronization entry
                                                            ; - java.lang.Module::isExported@-1 (line 698)
                                                            ; - sun.invoke.util.VerifyAccess::isClassAccessible@167 (line 222)
                                                            ;   {runtime_call counter_overflow_blob (C1 runtime)}
  0x000077b4580c6920:   jmp    0x000077b4580c6489
  0x000077b4580c6925:   movabs $0x4621efa0,%r10             ;   {metadata({method} {0x000000004621efa0} &apos;requireNonNull&apos; &apos;(Ljava/lang/Object;)Ljava/lang/Object;&apos; in &apos;java/util/Objects&apos;)}
  0x000077b4580c692f:   mov    %r10,0x8(%rsp)
  0x000077b4580c6934:   movq   $0xffffffffffffffff,(%rsp)
  0x000077b4580c693c:   call   0x000077b45f582fe0           ; ImmutableOopMap {rax=Oop rbx=Oop [136]=Oop }
                                                            ;*synchronization entry
                                                            ; - java.util.Objects::requireNonNull@-1 (line 219)
                                                            ; - java.lang.Module::isExported@1 (line 698)
                                                            ; - sun.invoke.util.VerifyAccess::isClassAccessible@167 (line 222)
                                                            ;   {runtime_call counter_overflow_blob (C1 runtime)}
  0x000077b4580c6941:   jmp    0x000077b4580c64c2
  0x000077b4580c6946:   movabs $0x77b4580c653a,%r10         ;   {internal_word}
  0x000077b4580c6950:   mov    %r10,0x510(%r15)
  0x000077b4580c6957:   jmp    0x000077b45f4afb60           ;   {runtime_call SafepointBlob}
  0x000077b4580c695c:   movabs $0x77b4580c6552,%r10         ;   {internal_word}
  0x000077b4580c6966:   mov    %r10,0x510(%r15)
  0x000077b4580c696d:   jmp    0x000077b45f4afb60           ;   {runtime_call SafepointBlob}
  0x000077b4580c6972:   movabs $0x77b4580c656a,%r10         ;   {internal_word}
  0x000077b4580c697c:   mov    %r10,0x510(%r15)
  0x000077b4580c6983:   jmp    0x000077b45f4afb60           ;   {runtime_call SafepointBlob}
  0x000077b4580c6988:   movabs $0x77b4580c6582,%r10         ;   {internal_word}
  0x000077b4580c6992:   mov    %r10,0x510(%r15)
  0x000077b4580c6999:   jmp    0x000077b45f4afb60           ;   {runtime_call SafepointBlob}
  0x000077b4580c699e:   movabs $0x77b4580c65da,%r10         ;   {internal_word}
  0x000077b4580c69a8:   mov    %r10,0x510(%r15)
  0x000077b4580c69af:   jmp    0x000077b45f4afb60           ;   {runtime_call SafepointBlob}
  0x000077b4580c69b4:   movabs $0x77b4580c6602,%r10         ;   {internal_word}
  0x000077b4580c69be:   mov    %r10,0x510(%r15)
  0x000077b4580c69c5:   jmp    0x000077b45f4afb60           ;   {runtime_call SafepointBlob}
  0x000077b4580c69ca:   movabs $0x77b4580c661a,%r10         ;   {internal_word}
  0x000077b4580c69d4:   mov    %r10,0x510(%r15)
  0x000077b4580c69db:   jmp    0x000077b45f4afb60           ;   {runtime_call SafepointBlob}
  0x000077b4580c69e0:   movabs $0x77b4580c6632,%r10         ;   {internal_word}
  0x000077b4580c69ea:   mov    %r10,0x510(%r15)
  0x000077b4580c69f1:   jmp    0x000077b45f4afb60           ;   {runtime_call SafepointBlob}
  0x000077b4580c69f6:   movabs $0x77b4580c664a,%r10         ;   {internal_word}
  0x000077b4580c6a00:   mov    %r10,0x510(%r15)
  0x000077b4580c6a07:   jmp    0x000077b45f4afb60           ;   {runtime_call SafepointBlob}
  0x000077b4580c6a0c:   movabs $0x0,%rdx                    ;   {metadata(nullptr)}
  0x000077b4580c6a16:   mov    $0xa050f00,%eax
  0x000077b4580c6a1b:   call   0x000077b45f5820e0           ; ImmutableOopMap {[136]=Oop [152]=Oop }
                                                            ;*new {reexecute=1 rethrow=0 return_oop=0}
                                                            ; - (reexecute) java.util.Objects::requireNonNull@4 (line 220)
                                                            ; - java.lang.Module::isExported@1 (line 698)
                                                            ; - sun.invoke.util.VerifyAccess::isClassAccessible@167 (line 222)
                                                            ;   {runtime_call load_klass_patching_blob (C1 runtime)}
  0x000077b4580c6a20:   jmp    0x000077b4580c6660
  0x000077b4580c6a25:   mov    %rdx,%rdx
  0x000077b4580c6a28:   call   0x000077b45f57d3e0           ; ImmutableOopMap {[136]=Oop [152]=Oop }
                                                            ;*new {reexecute=0 rethrow=0 return_oop=0}
                                                            ; - java.util.Objects::requireNonNull@4 (line 220)
                                                            ; - java.lang.Module::isExported@1 (line 698)
                                                            ; - sun.invoke.util.VerifyAccess::isClassAccessible@167 (line 222)
                                                            ;   {runtime_call fast_new_instance_blob (C1 runtime)}
  0x000077b4580c6a2d:   jmp    0x000077b4580c66b8
  0x000077b4580c6a32:   movabs $0x0,%rdx                    ;   {metadata(nullptr)}
  0x000077b4580c6a3c:   mov    $0xa050f00,%eax
  0x000077b4580c6a41:   call   0x000077b45f5820e0           ; ImmutableOopMap {[136]=Oop [168]=Oop }
                                                            ;*new {reexecute=1 rethrow=0 return_oop=0}
                                                            ; - (reexecute) java.util.Objects::requireNonNull@4 (line 220)
                                                            ; - java.lang.Module::isExported@1 (line 698)
                                                            ; - sun.invoke.util.VerifyAccess::isClassAccessible@117 (line 213)
                                                            ;   {runtime_call load_klass_patching_blob (C1 runtime)}
  0x000077b4580c6a46:   jmp    0x000077b4580c6708
  0x000077b4580c6a4b:   mov    %rdx,%rdx
  0x000077b4580c6a4e:   call   0x000077b45f57d3e0           ; ImmutableOopMap {[136]=Oop [168]=Oop }
                                                            ;*new {reexecute=0 rethrow=0 return_oop=0}
                                                            ; - java.util.Objects::requireNonNull@4 (line 220)
                                                            ; - java.lang.Module::isExported@1 (line 698)
                                                            ; - sun.invoke.util.VerifyAccess::isClassAccessible@117 (line 213)
                                                            ;   {runtime_call fast_new_instance_blob (C1 runtime)}
  0x000077b4580c6a53:   jmp    0x000077b4580c6760
  0x000077b4580c6a58:   mov    0x5c0(%r15),%rax
  0x000077b4580c6a5f:   movq   $0x0,0x5c0(%r15)
  0x000077b4580c6a6a:   movq   $0x0,0x5c8(%r15)
  0x000077b4580c6a75:   add    $0xc0,%rsp
  0x000077b4580c6a7c:   pop    %rbp
  0x000077b4580c6a7d:   jmp    0x000077b45f57b760           ;   {runtime_call unwind_exception_blob (C1 runtime)}
  0x000077b4580c6a82:   hlt    
  0x000077b4580c6a83:   hlt    
  0x000077b4580c6a84:   hlt    
  0x000077b4580c6a85:   hlt    
  0x000077b4580c6a86:   hlt    
  0x000077b4580c6a87:   hlt    
[Stub Code]
  0x000077b4580c6a88:   movabs $0x0,%rbx                    ;   {static_stub}
  0x000077b4580c6a92:   jmp    0x000077b4580c6a92           ;   {runtime_call nmethod}
  0x000077b4580c6a97:   movabs $0x0,%rbx                    ;   {static_stub}
  0x000077b4580c6aa1:   jmp    0x000077b4580c6aa1           ;   {runtime_call nmethod}
  0x000077b4580c6aa6:   movabs $0x0,%rbx                    ;   {static_stub}
  0x000077b4580c6ab0:   jmp    0x000077b4580c6ab0           ;   {runtime_call nmethod}
  0x000077b4580c6ab5:   movabs $0x0,%rbx                    ;   {static_stub}
  0x000077b4580c6abf:   jmp    0x000077b4580c6abf           ;   {runtime_call nmethod}
  0x000077b4580c6ac4:   movabs $0x0,%rbx                    ;   {static_stub}
  0x000077b4580c6ace:   jmp    0x000077b4580c6ace           ;   {runtime_call nmethod}
[Exception Handler]
  0x000077b4580c6ad3:   call   0x000077b45f57ede0           ;   {runtime_call handle_exception_from_callee_blob (C1 runtime)}
  0x000077b4580c6ad8:   movabs $0x77b478d3aec4,%rdi         ;   {external_word}
  0x000077b4580c6ae2:   and    $0xfffffffffffffff0,%rsp
  0x000077b4580c6ae6:   call   0x000077b478791cc0           ;   {runtime_call MacroAssembler::debug64(char*, long, long*)}
  0x000077b4580c6aeb:   hlt    
  0x000077b4580c6aec:   call   0x000077b45f4afe60           ;   {runtime_call DeoptimizationBlob}
[Deopt Handler Entry Point]
  0x000077b4580c6af1:   jmp    0x000077b4580c6aec
  0x000077b4580c6af3:   hlt    
  0x000077b4580c6af4:   hlt    
  0x000077b4580c6af5:   hlt    
  0x000077b4580c6af6:   hlt    
  0x000077b4580c6af7:   hlt    
--------------------------------------------------------------------------------
[/Disassembly]
