
============================= C1-compiled nmethod ==============================
----------------------------------- Assembly -----------------------------------

Compiled method (c1) 2051  118       3       java.lang.String::checkBoundsBeginEnd (11 bytes)
 total in heap  [0x000077b458012708,0x000077b458012a10] = 776
 main code      [0x000077b458012800,0x000077b4580129d8] = 472
 stub code      [0x000077b4580129d8,0x000077b458012a08] = 48
 oops           [0x000077b458012a08,0x000077b458012a10] = 8
 mutable data [0x000077b3f001e510,0x000077b3f001e568] = 88
 relocation     [0x000077b3f001e510,0x000077b3f001e558] = 72
 metadata       [0x000077b3f001e558,0x000077b3f001e568] = 16
 immutable data [0x000077b3f001e3a0,0x000077b3f001e4fc] = 348
 dependencies   [0x000077b3f001e3a0,0x000077b3f001e3a8] = 8
 nul chk table  [0x000077b3f001e3a8,0x000077b3f001e3b8] = 16
 scopes pcs     [0x000077b3f001e3b8,0x000077b3f001e488] = 208
 scopes data    [0x000077b3f001e488,0x000077b3f001e4f8] = 112

[Disassembly]
--------------------------------------------------------------------------------
[Constant Pool (empty)]

--------------------------------------------------------------------------------

[Verified Entry Point]
  # {method} {0x00000000464a0550} &apos;checkBoundsBeginEnd&apos; &apos;(III)V&apos; in &apos;java/lang/String&apos;
  # parm0:    rsi       = int
  # parm1:    rdx       = int
  # parm2:    rcx       = int
  #           [sp+0x70]  (sp of caller)
  0x000077b458012800:   mov    %eax,-0x14000(%rsp)
  0x000077b458012807:   push   %rbp
  0x000077b458012808:   sub    $0x60,%rsp
  0x000077b45801280c:   cmpl   $0x1,0x20(%r15)
  0x000077b458012814:   je     0x000077b45801281b
  0x000077b458012816:   call   Stub::method_entry_barrier_stub (stub gen)
                                                            ;   {runtime_call Stub::method_entry_barrier_stub (stub gen)}
  0x000077b45801281b:   mov    %rsi,%r8
  0x000077b45801281e:   mov    %rdx,%rdi
  0x000077b458012821:   mov    %rcx,%rbx
  0x000077b458012824:   movabs $0x77b41402a568,%rsi         ;   {metadata(method data for {method} {0x00000000464a0550} &apos;checkBoundsBeginEnd&apos; &apos;(III)V&apos; in &apos;java/lang/String&apos;)}
  0x000077b45801282e:   mov    0x90(%rsi),%edx
  0x000077b458012834:   add    $0x2,%edx
  0x000077b458012837:   mov    %edx,0x90(%rsi)
  0x000077b45801283d:   and    $0x7fe,%edx
  0x000077b458012843:   test   %edx,%edx
  0x000077b458012845:   je     0x000077b458012954           ;*iload_0 {reexecute=0 rethrow=0 return_oop=0}
                                                            ; - java.lang.String::checkBoundsBeginEnd@0 (line 5231)
  0x000077b45801284b:   movabs $0x77b41402a568,%rsi         ;   {metadata(method data for {method} {0x00000000464a0550} &apos;checkBoundsBeginEnd&apos; &apos;(III)V&apos; in &apos;java/lang/String&apos;)}
  0x000077b458012855:   addq   $0x1,0xd8(%rsi)
  0x000077b45801285d:   movabs $0x77b41402a6a0,%rsi         ;   {metadata(method data for {method} {0x00000000461c31b8} &apos;checkFromToIndex&apos; &apos;(IIILjava/util/function/BiFunction;)I&apos; in &apos;jdk/internal/util/Preconditions&apos;)}
  0x000077b458012867:   mov    0x90(%rsi),%edx
  0x000077b45801286d:   add    $0x2,%edx
  0x000077b458012870:   mov    %edx,0x90(%rsi)
  0x000077b458012876:   and    $0x1ffffe,%edx
  0x000077b45801287c:   test   %edx,%edx
  0x000077b45801287e:   je     0x000077b458012975
  0x000077b458012884:   test   %r8d,%r8d
  0x000077b458012887:   movabs $0x77b41402a6a0,%rsi         ;   {metadata(method data for {method} {0x00000000461c31b8} &apos;checkFromToIndex&apos; &apos;(IIILjava/util/function/BiFunction;)I&apos; in &apos;jdk/internal/util/Preconditions&apos;)}
  0x000077b458012891:   mov    $0xd8,%edx
  0x000077b458012896:   jl     0x000077b45801289d
  0x000077b458012898:   mov    $0xe8,%edx
  0x000077b45801289d:   mov    (%rsi,%rdx,1),%rcx
  0x000077b4580128a1:   lea    0x1(%rcx),%rcx
  0x000077b4580128a5:   mov    %rcx,(%rsi,%rdx,1)
  0x000077b4580128a9:   jl     0x000077b458012914           ;*iflt {reexecute=0 rethrow=0 return_oop=0}
                                                            ; - jdk.internal.util.Preconditions::checkFromToIndex@1 (line 348)
                                                            ; - java.lang.String::checkBoundsBeginEnd@6 (line 5231)
  0x000077b4580128af:   cmp    %edi,%r8d
  0x000077b4580128b2:   movabs $0x77b41402a6a0,%rsi         ;   {metadata(method data for {method} {0x00000000461c31b8} &apos;checkFromToIndex&apos; &apos;(IIILjava/util/function/BiFunction;)I&apos; in &apos;jdk/internal/util/Preconditions&apos;)}
  0x000077b4580128bc:   mov    $0xf8,%edx
  0x000077b4580128c1:   jg     0x000077b4580128c8
  0x000077b4580128c3:   mov    $0x108,%edx
  0x000077b4580128c8:   mov    (%rsi,%rdx,1),%rcx
  0x000077b4580128cc:   lea    0x1(%rcx),%rcx
  0x000077b4580128d0:   mov    %rcx,(%rsi,%rdx,1)
  0x000077b4580128d4:   jg     0x000077b458012914           ;*if_icmpgt {reexecute=0 rethrow=0 return_oop=0}
                                                            ; - jdk.internal.util.Preconditions::checkFromToIndex@6 (line 348)
                                                            ; - java.lang.String::checkBoundsBeginEnd@6 (line 5231)
  0x000077b4580128da:   cmp    %ebx,%edi
  0x000077b4580128dc:   movabs $0x77b41402a6a0,%rsi         ;   {metadata(method data for {method} {0x00000000461c31b8} &apos;checkFromToIndex&apos; &apos;(IIILjava/util/function/BiFunction;)I&apos; in &apos;jdk/internal/util/Preconditions&apos;)}
  0x000077b4580128e6:   mov    $0x128,%edx
  0x000077b4580128eb:   jg     0x000077b4580128f2
  0x000077b4580128ed:   mov    $0x118,%edx
  0x000077b4580128f2:   mov    (%rsi,%rdx,1),%rcx
  0x000077b4580128f6:   lea    0x1(%rcx),%rcx
  0x000077b4580128fa:   mov    %rcx,(%rsi,%rdx,1)
  0x000077b4580128fe:   jg     0x000077b458012914           ;*if_icmple {reexecute=0 rethrow=0 return_oop=0}
                                                            ; - jdk.internal.util.Preconditions::checkFromToIndex@11 (line 348)
                                                            ; - java.lang.String::checkBoundsBeginEnd@6 (line 5231)
  0x000077b458012904:   add    $0x60,%rsp
  0x000077b458012908:   pop    %rbp
  0x000077b458012909:   cmp    0x28(%r15),%rsp              ;   {poll_return}
  0x000077b45801290d:   ja     0x000077b458012996
  0x000077b458012913:   ret                                 ;*return {reexecute=0 rethrow=0 return_oop=0}
                                                            ; - java.lang.String::checkBoundsBeginEnd@10 (line 5232)
  0x000077b458012914:   movabs $0x77b41402a6a0,%rsi         ;   {metadata(method data for {method} {0x00000000461c31b8} &apos;checkFromToIndex&apos; &apos;(IIILjava/util/function/BiFunction;)I&apos; in &apos;jdk/internal/util/Preconditions&apos;)}
  0x000077b45801291e:   addq   $0x1,0x138(%rsi)
  0x000077b458012926:   movabs $0x41f803c98,%rsi            ;   {oop(a &apos;jdk/internal/util/Preconditions$4&apos;{0x000000041f803c98})}
  0x000077b458012930:   mov    %r8,%rdx
  0x000077b458012933:   mov    %rdi,%rcx
  0x000077b458012936:   mov    %rbx,%r8                     ;*invokestatic outOfBoundsCheckFromToIndex {reexecute=0 rethrow=0 return_oop=0}
                                                            ; - jdk.internal.util.Preconditions::checkFromToIndex@18 (line 349)
                                                            ; - java.lang.String::checkBoundsBeginEnd@6 (line 5231)
  0x000077b458012939:   nopw   0x0(%rax,%rax,1)
  0x000077b45801293f:   call   0x000077b45f4adfe0           ; ImmutableOopMap {}
                                                            ;*invokestatic outOfBoundsCheckFromToIndex {reexecute=0 rethrow=0 return_oop=0}
                                                            ; - jdk.internal.util.Preconditions::checkFromToIndex@18 (line 349)
                                                            ; - java.lang.String::checkBoundsBeginEnd@6 (line 5231)
                                                            ;   {static_call}
  0x000077b458012944:   nopl   0x23c(%rax,%rax,1)           ;*invokestatic outOfBoundsCheckFromToIndex {reexecute=0 rethrow=0 return_oop=0}
                                                            ; - jdk.internal.util.Preconditions::checkFromToIndex@18 (line 349)
                                                            ; - java.lang.String::checkBoundsBeginEnd@6 (line 5231)
                                                            ;   {post_call_nop}
  0x000077b45801294c:   cmp    (%rax),%rax                  ; implicit exception: dispatches to 0x000077b4580129ac
  0x000077b45801294f:   jmp    0x000077b4580129ce
  0x000077b458012954:   movabs $0x464a0550,%r10             ;   {metadata({method} {0x00000000464a0550} &apos;checkBoundsBeginEnd&apos; &apos;(III)V&apos; in &apos;java/lang/String&apos;)}
  0x000077b45801295e:   mov    %r10,0x8(%rsp)
  0x000077b458012963:   movq   $0xffffffffffffffff,(%rsp)
  0x000077b45801296b:   call   0x000077b45f582fe0           ; ImmutableOopMap {}
                                                            ;*synchronization entry
                                                            ; - java.lang.String::checkBoundsBeginEnd@-1 (line 5231)
                                                            ;   {runtime_call counter_overflow_blob (C1 runtime)}
  0x000077b458012970:   jmp    0x000077b45801284b
  0x000077b458012975:   movabs $0x461c31b8,%r10             ;   {metadata({method} {0x00000000461c31b8} &apos;checkFromToIndex&apos; &apos;(IIILjava/util/function/BiFunction;)I&apos; in &apos;jdk/internal/util/Preconditions&apos;)}
  0x000077b45801297f:   mov    %r10,0x8(%rsp)
  0x000077b458012984:   movq   $0xffffffffffffffff,(%rsp)
  0x000077b45801298c:   call   0x000077b45f582fe0           ; ImmutableOopMap {}
                                                            ;*synchronization entry
                                                            ; - jdk.internal.util.Preconditions::checkFromToIndex@-1 (line 348)
                                                            ; - java.lang.String::checkBoundsBeginEnd@6 (line 5231)
                                                            ;   {runtime_call counter_overflow_blob (C1 runtime)}
  0x000077b458012991:   jmp    0x000077b458012884
  0x000077b458012996:   movabs $0x77b458012909,%r10         ;   {internal_word}
  0x000077b4580129a0:   mov    %r10,0x510(%r15)
  0x000077b4580129a7:   jmp    0x000077b45f4afb60           ;   {runtime_call SafepointBlob}
  0x000077b4580129ac:   call   0x000077b45f57c660           ; ImmutableOopMap {rax=Oop }
                                                            ;*athrow {reexecute=1 rethrow=0 return_oop=0}
                                                            ; - (reexecute) jdk.internal.util.Preconditions::checkFromToIndex@21 (line 349)
                                                            ; - java.lang.String::checkBoundsBeginEnd@6 (line 5231)
                                                            ;   {runtime_call throw_null_pointer_exception_blob (C1 runtime)}
  0x000077b4580129b1:   mov    0x5c0(%r15),%rax
  0x000077b4580129b8:   movq   $0x0,0x5c0(%r15)
  0x000077b4580129c3:   movq   $0x0,0x5c8(%r15)
  0x000077b4580129ce:   add    $0x60,%rsp
  0x000077b4580129d2:   pop    %rbp
  0x000077b4580129d3:   jmp    0x000077b45f57b760           ;   {runtime_call unwind_exception_blob (C1 runtime)}
[Stub Code]
  0x000077b4580129d8:   movabs $0x0,%rbx                    ;   {static_stub}
  0x000077b4580129e2:   jmp    0x000077b4580129e2           ;   {runtime_call nmethod}
[Exception Handler]
  0x000077b4580129e7:   call   0x000077b45f57ede0           ;   {runtime_call handle_exception_from_callee_blob (C1 runtime)}
  0x000077b4580129ec:   movabs $0x77b478d3aec4,%rdi         ;   {external_word}
  0x000077b4580129f6:   and    $0xfffffffffffffff0,%rsp
  0x000077b4580129fa:   call   0x000077b478791cc0           ;   {runtime_call MacroAssembler::debug64(char*, long, long*)}
  0x000077b4580129ff:   hlt    
  0x000077b458012a00:   call   0x000077b45f4afe60           ;   {runtime_call DeoptimizationBlob}
[Deopt Handler Entry Point]
  0x000077b458012a05:   jmp    0x000077b458012a00
  0x000077b458012a07:   hlt    
--------------------------------------------------------------------------------
[/Disassembly]
