
============================= C1-compiled nmethod ==============================
----------------------------------- Assembly -----------------------------------

Compiled method (c1) 22843 1184       3       jdk.internal.classfile.impl.Util::sanitizeU2List (19 bytes)
 total in heap  [0x000077b4580cb588,0x000077b4580cb980] = 1016
 main code      [0x000077b4580cb680,0x000077b4580cb920] = 672
 stub code      [0x000077b4580cb920,0x000077b4580cb978] = 88
 oops           [0x000077b4580cb978,0x000077b4580cb980] = 8
 mutable data [0x000077b3e8035430,0x000077b3e80354b8] = 136
 relocation     [0x000077b3e8035430,0x000077b3e80354a0] = 112
 metadata       [0x000077b3e80354a0,0x000077b3e80354b8] = 24
 immutable data [0x000077b3e850b700,0x000077b3e850b8d4] = 468
 dependencies   [0x000077b3e850b700,0x000077b3e850b708] = 8
 nul chk table  [0x000077b3e850b708,0x000077b3e850b720] = 24
 scopes pcs     [0x000077b3e850b720,0x000077b3e850b840] = 288
 scopes data    [0x000077b3e850b840,0x000077b3e850b8d0] = 144

[Disassembly]
--------------------------------------------------------------------------------
[Constant Pool (empty)]

--------------------------------------------------------------------------------

[Verified Entry Point]
  # {method} {0x0000000046467770} &apos;sanitizeU2List&apos; &apos;(Ljava/util/Collection;)Ljava/util/List;&apos; in &apos;jdk/internal/classfile/impl/Util&apos;
  # parm0:    rsi:rsi   = &apos;java/util/Collection&apos;
  #           [sp+0x60]  (sp of caller)
  0x000077b4580cb680:   mov    %eax,-0x14000(%rsp)
  0x000077b4580cb687:   push   %rbp
  0x000077b4580cb688:   sub    $0x50,%rsp
  0x000077b4580cb68c:   cmpl   $0x1,0x20(%r15)
  0x000077b4580cb694:   je     0x000077b4580cb69b
  0x000077b4580cb696:   call   Stub::method_entry_barrier_stub (stub gen)
                                                            ;   {runtime_call Stub::method_entry_barrier_stub (stub gen)}
  0x000077b4580cb69b:   movabs $0x77b41411d818,%rdi         ;   {metadata(method data for {method} {0x0000000046467770} &apos;sanitizeU2List&apos; &apos;(Ljava/util/Collection;)Ljava/util/List;&apos; in &apos;jdk/internal/classfile/impl/Util&apos;)}
  0x000077b4580cb6a5:   mov    0x90(%rdi),%ebx
  0x000077b4580cb6ab:   add    $0x2,%ebx
  0x000077b4580cb6ae:   mov    %ebx,0x90(%rdi)
  0x000077b4580cb6b4:   and    $0x7fe,%ebx
  0x000077b4580cb6ba:   test   %ebx,%ebx
  0x000077b4580cb6bc:   je     0x000077b4580cb874           ;*aload_0 {reexecute=0 rethrow=0 return_oop=0}
                                                            ; - jdk.internal.classfile.impl.Util::sanitizeU2List@0 (line 160)
  0x000077b4580cb6c2:   movabs $0x77b41411d818,%rdi         ;   {metadata(method data for {method} {0x0000000046467770} &apos;sanitizeU2List&apos; &apos;(Ljava/util/Collection;)Ljava/util/List;&apos; in &apos;jdk/internal/classfile/impl/Util&apos;)}
  0x000077b4580cb6cc:   addq   $0x1,0xd8(%rdi)
  0x000077b4580cb6d4:   movabs $0x77b41411d418,%rdi         ;   {metadata(method data for {method} {0x000000004621a600} &apos;copyOf&apos; &apos;(Ljava/util/Collection;)Ljava/util/List;&apos; in &apos;java/util/List&apos;)}
  0x000077b4580cb6de:   mov    0x90(%rdi),%ebx
  0x000077b4580cb6e4:   add    $0x2,%ebx
  0x000077b4580cb6e7:   mov    %ebx,0x90(%rdi)
  0x000077b4580cb6ed:   and    $0x1ffffe,%ebx
  0x000077b4580cb6f3:   test   %ebx,%ebx
  0x000077b4580cb6f5:   je     0x000077b4580cb895
  0x000077b4580cb6fb:   movabs $0x77b41411d418,%rdi         ;   {metadata(method data for {method} {0x000000004621a600} &apos;copyOf&apos; &apos;(Ljava/util/Collection;)Ljava/util/List;&apos; in &apos;java/util/List&apos;)}
  0x000077b4580cb705:   addq   $0x1,0xd8(%rdi)
  0x000077b4580cb70d:   xchg   %ax,%ax
  0x000077b4580cb70f:   call   0x000077b45f4adfe0           ; ImmutableOopMap {}
                                                            ;*invokestatic listCopy {reexecute=0 rethrow=0 return_oop=0}
                                                            ; - java.util.List::copyOf@1 (line 1196)
                                                            ; - jdk.internal.classfile.impl.Util::sanitizeU2List@1 (line 160)
                                                            ;   {static_call}
  0x000077b4580cb714:   nopl   0x18c(%rax,%rax,1)           ;*invokestatic listCopy {reexecute=0 rethrow=0 return_oop=0}
                                                            ; - java.util.List::copyOf@1 (line 1196)
                                                            ; - jdk.internal.classfile.impl.Util::sanitizeU2List@1 (line 160)
                                                            ;   {post_call_nop}
  0x000077b4580cb71c:   mov    %rax,0x38(%rsp)
  0x000077b4580cb721:   cmp    (%rax),%rax                  ; implicit exception: dispatches to 0x000077b4580cb8b6
  0x000077b4580cb724:   mov    %rax,%rsi
  0x000077b4580cb727:   movabs $0x77b41411d818,%rdi         ;   {metadata(method data for {method} {0x0000000046467770} &apos;sanitizeU2List&apos; &apos;(Ljava/util/Collection;)Ljava/util/List;&apos; in &apos;jdk/internal/classfile/impl/Util&apos;)}
  0x000077b4580cb731:   mov    0x8(%rsi),%esi
  0x000077b4580cb734:   mov    $0x46000000,%r10d
  0x000077b4580cb73a:   add    %r10,%rsi
  0x000077b4580cb73d:   mov    $0x1e,%r10d
  0x000077b4580cb743:   cmp    (%rdi,%r10,8),%rsi
  0x000077b4580cb747:   je     0x000077b4580cb780
  0x000077b4580cb749:   add    $0x2,%r10
  0x000077b4580cb74d:   cmp    $0x22,%r10
  0x000077b4580cb751:   jne    0x000077b4580cb743
  0x000077b4580cb753:   mov    $0x1e,%r10d
  0x000077b4580cb759:   cmpq   $0x0,(%rdi,%r10,8)
  0x000077b4580cb75e:   je     0x000077b4580cb76c
  0x000077b4580cb760:   add    $0x2,%r10
  0x000077b4580cb764:   cmp    $0x22,%r10
  0x000077b4580cb768:   jne    0x000077b4580cb759
  0x000077b4580cb76a:   jmp    0x000077b4580cb778
  0x000077b4580cb76c:   push   %rax
  0x000077b4580cb76d:   xor    %rax,%rax
  0x000077b4580cb770:   cmpxchg %rsi,(%rdi,%r10,8)
  0x000077b4580cb775:   pop    %rax
  0x000077b4580cb776:   jmp    0x000077b4580cb73d
  0x000077b4580cb778:   mov    $0x1d,%r10d
  0x000077b4580cb77e:   jmp    0x000077b4580cb784
  0x000077b4580cb780:   add    $0x1,%r10
  0x000077b4580cb784:   addq   $0x1,(%rdi,%r10,8)
  0x000077b4580cb789:   mov    %rax,%rsi                    ;*invokeinterface size {reexecute=0 rethrow=0 return_oop=0}
                                                            ; - jdk.internal.classfile.impl.Util::sanitizeU2List@6 (line 161)
  0x000077b4580cb78c:   nop
  0x000077b4580cb78d:   movabs $0x77b3e80355a0,%rax
  0x000077b4580cb797:   call   0x000077b45f4adce0           ; ImmutableOopMap {[56]=Oop }
                                                            ;*invokeinterface size {reexecute=0 rethrow=0 return_oop=0}
                                                            ; - jdk.internal.classfile.impl.Util::sanitizeU2List@6 (line 161)
                                                            ;   {virtual_call}
  0x000077b4580cb79c:   nopl   0x1000214(%rax,%rax,1)       ;*invokeinterface size {reexecute=0 rethrow=0 return_oop=0}
                                                            ; - jdk.internal.classfile.impl.Util::sanitizeU2List@6 (line 161)
                                                            ;   {post_call_nop}
  0x000077b4580cb7a4:   movabs $0x77b41411d818,%rsi         ;   {metadata(method data for {method} {0x0000000046467770} &apos;sanitizeU2List&apos; &apos;(Ljava/util/Collection;)Ljava/util/List;&apos; in &apos;jdk/internal/classfile/impl/Util&apos;)}
  0x000077b4580cb7ae:   addq   $0x1,0x118(%rsi)
  0x000077b4580cb7b6:   movabs $0x77b41410bd68,%rsi         ;   {metadata(method data for {method} {0x00000000464675b8} &apos;checkU2&apos; &apos;(ILjava/lang/String;)C&apos; in &apos;jdk/internal/classfile/impl/Util&apos;)}
  0x000077b4580cb7c0:   mov    0x90(%rsi),%edx
  0x000077b4580cb7c6:   add    $0x2,%edx
  0x000077b4580cb7c9:   mov    %edx,0x90(%rsi)
  0x000077b4580cb7cf:   and    $0x1ffffe,%edx
  0x000077b4580cb7d5:   test   %edx,%edx
  0x000077b4580cb7d7:   je     0x000077b4580cb8bb
  0x000077b4580cb7dd:   mov    %rax,%rsi
  0x000077b4580cb7e0:   and    $0xffff0000,%esi
  0x000077b4580cb7e6:   test   %esi,%esi
  0x000077b4580cb7e8:   movabs $0x77b41410bd68,%rsi         ;   {metadata(method data for {method} {0x00000000464675b8} &apos;checkU2&apos; &apos;(ILjava/lang/String;)C&apos; in &apos;jdk/internal/classfile/impl/Util&apos;)}
  0x000077b4580cb7f2:   mov    $0xe8,%edx
  0x000077b4580cb7f7:   jne    0x000077b4580cb7fe
  0x000077b4580cb7f9:   mov    $0xd8,%edx
  0x000077b4580cb7fe:   mov    (%rsi,%rdx,1),%rcx
  0x000077b4580cb802:   lea    0x1(%rcx),%rcx
  0x000077b4580cb806:   mov    %rcx,(%rsi,%rdx,1)
  0x000077b4580cb80a:   jne    0x000077b4580cb82f           ;*ifeq {reexecute=0 rethrow=0 return_oop=0}
                                                            ; - jdk.internal.classfile.impl.Util::checkU2@4 (line 226)
                                                            ; - jdk.internal.classfile.impl.Util::sanitizeU2List@13 (line 161)
  0x000077b4580cb810:   and    $0xffff,%eax
  0x000077b4580cb815:   and    $0xffff,%eax
  0x000077b4580cb81a:   mov    0x38(%rsp),%rax
  0x000077b4580cb81f:   add    $0x50,%rsp
  0x000077b4580cb823:   pop    %rbp
  0x000077b4580cb824:   cmp    0x28(%r15),%rsp              ;   {poll_return}
  0x000077b4580cb828:   ja     0x000077b4580cb8dc
  0x000077b4580cb82e:   ret                                 ;*areturn {reexecute=0 rethrow=0 return_oop=0}
                                                            ; - jdk.internal.classfile.impl.Util::sanitizeU2List@18 (line 162)
  0x000077b4580cb82f:   movabs $0x77b41410bd68,%rsi         ;   {metadata(method data for {method} {0x00000000464675b8} &apos;checkU2&apos; &apos;(ILjava/lang/String;)C&apos; in &apos;jdk/internal/classfile/impl/Util&apos;)}
  0x000077b4580cb839:   addq   $0x1,0xf8(%rsi)
  0x000077b4580cb841:   movabs $0x7ff868ba0,%rdx            ;   {oop(&quot;list size&quot;{0x00000007ff868ba0})}
  0x000077b4580cb84b:   mov    %rax,%rsi
  0x000077b4580cb84e:   movabs $0x7ff868c00,%rcx            ;*invokestatic outOfRangeException {reexecute=0 rethrow=0 return_oop=0}
                                                            ; - jdk.internal.classfile.impl.Util::checkU2@11 (line 227)
                                                            ; - jdk.internal.classfile.impl.Util::sanitizeU2List@13 (line 161)
                                                            ;   {oop(&quot;u2&quot;{0x00000007ff868c00})}
  0x000077b4580cb858:   nopl   0x0(%rax)
  0x000077b4580cb85f:   call   0x000077b45f4adfe0           ; ImmutableOopMap {[56]=Oop }
                                                            ;*invokestatic outOfRangeException {reexecute=0 rethrow=0 return_oop=0}
                                                            ; - jdk.internal.classfile.impl.Util::checkU2@11 (line 227)
                                                            ; - jdk.internal.classfile.impl.Util::sanitizeU2List@13 (line 161)
                                                            ;   {static_call}
  0x000077b4580cb864:   nopl   0x20002dc(%rax,%rax,1)       ;*invokestatic outOfRangeException {reexecute=0 rethrow=0 return_oop=0}
                                                            ; - jdk.internal.classfile.impl.Util::checkU2@11 (line 227)
                                                            ; - jdk.internal.classfile.impl.Util::sanitizeU2List@13 (line 161)
                                                            ;   {post_call_nop}
  0x000077b4580cb86c:   cmp    (%rax),%rax                  ; implicit exception: dispatches to 0x000077b4580cb8f2
  0x000077b4580cb86f:   jmp    0x000077b4580cb914
  0x000077b4580cb874:   movabs $0x46467770,%r10             ;   {metadata({method} {0x0000000046467770} &apos;sanitizeU2List&apos; &apos;(Ljava/util/Collection;)Ljava/util/List;&apos; in &apos;jdk/internal/classfile/impl/Util&apos;)}
  0x000077b4580cb87e:   mov    %r10,0x8(%rsp)
  0x000077b4580cb883:   movq   $0xffffffffffffffff,(%rsp)
  0x000077b4580cb88b:   call   0x000077b45f582fe0           ; ImmutableOopMap {rsi=Oop }
                                                            ;*synchronization entry
                                                            ; - jdk.internal.classfile.impl.Util::sanitizeU2List@-1 (line 160)
                                                            ;   {runtime_call counter_overflow_blob (C1 runtime)}
  0x000077b4580cb890:   jmp    0x000077b4580cb6c2
  0x000077b4580cb895:   movabs $0x4621a600,%r10             ;   {metadata({method} {0x000000004621a600} &apos;copyOf&apos; &apos;(Ljava/util/Collection;)Ljava/util/List;&apos; in &apos;java/util/List&apos;)}
  0x000077b4580cb89f:   mov    %r10,0x8(%rsp)
  0x000077b4580cb8a4:   movq   $0xffffffffffffffff,(%rsp)
  0x000077b4580cb8ac:   call   0x000077b45f582fe0           ; ImmutableOopMap {rsi=Oop }
                                                            ;*synchronization entry
                                                            ; - java.util.List::copyOf@-1 (line 1196)
                                                            ; - jdk.internal.classfile.impl.Util::sanitizeU2List@1 (line 160)
                                                            ;   {runtime_call counter_overflow_blob (C1 runtime)}
  0x000077b4580cb8b1:   jmp    0x000077b4580cb6fb
  0x000077b4580cb8b6:   call   0x000077b45f57c660           ; ImmutableOopMap {rax=Oop [56]=Oop }
                                                            ;*invokeinterface size {reexecute=0 rethrow=0 return_oop=0}
                                                            ; - jdk.internal.classfile.impl.Util::sanitizeU2List@6 (line 161)
                                                            ;   {runtime_call throw_null_pointer_exception_blob (C1 runtime)}
  0x000077b4580cb8bb:   movabs $0x464675b8,%r10             ;   {metadata({method} {0x00000000464675b8} &apos;checkU2&apos; &apos;(ILjava/lang/String;)C&apos; in &apos;jdk/internal/classfile/impl/Util&apos;)}
  0x000077b4580cb8c5:   mov    %r10,0x8(%rsp)
  0x000077b4580cb8ca:   movq   $0xffffffffffffffff,(%rsp)
  0x000077b4580cb8d2:   call   0x000077b45f582fe0           ; ImmutableOopMap {[56]=Oop }
                                                            ;*synchronization entry
                                                            ; - jdk.internal.classfile.impl.Util::checkU2@-1 (line 226)
                                                            ; - jdk.internal.classfile.impl.Util::sanitizeU2List@13 (line 161)
                                                            ;   {runtime_call counter_overflow_blob (C1 runtime)}
  0x000077b4580cb8d7:   jmp    0x000077b4580cb7dd
  0x000077b4580cb8dc:   movabs $0x77b4580cb824,%r10         ;   {internal_word}
  0x000077b4580cb8e6:   mov    %r10,0x510(%r15)
  0x000077b4580cb8ed:   jmp    0x000077b45f4afb60           ;   {runtime_call SafepointBlob}
  0x000077b4580cb8f2:   call   0x000077b45f57c660           ; ImmutableOopMap {rax=Oop [56]=Oop }
                                                            ;*athrow {reexecute=1 rethrow=0 return_oop=0}
                                                            ; - (reexecute) jdk.internal.classfile.impl.Util::checkU2@14 (line 227)
                                                            ; - jdk.internal.classfile.impl.Util::sanitizeU2List@13 (line 161)
                                                            ;   {runtime_call throw_null_pointer_exception_blob (C1 runtime)}
  0x000077b4580cb8f7:   mov    0x5c0(%r15),%rax
  0x000077b4580cb8fe:   movq   $0x0,0x5c0(%r15)
  0x000077b4580cb909:   movq   $0x0,0x5c8(%r15)
  0x000077b4580cb914:   add    $0x50,%rsp
  0x000077b4580cb918:   pop    %rbp
  0x000077b4580cb919:   jmp    0x000077b45f57b760           ;   {runtime_call unwind_exception_blob (C1 runtime)}
  0x000077b4580cb91e:   hlt    
  0x000077b4580cb91f:   hlt    
[Stub Code]
  0x000077b4580cb920:   nopl   0x0(%rax,%rax,1)             ;   {other}
  0x000077b4580cb925:   movabs $0x0,%rbx                    ;   {static_stub}
  0x000077b4580cb92f:   jmp    0x000077b4580cb92f           ;   {runtime_call nmethod}
  0x000077b4580cb934:   movabs $0x0,%rbx                    ;   {static_stub}
  0x000077b4580cb93e:   jmp    0x000077b4580cb93e           ;   {runtime_call nmethod}
  0x000077b4580cb943:   movabs $0x0,%rbx                    ;   {static_stub}
  0x000077b4580cb94d:   jmp    0x000077b4580cb94d           ;   {runtime_call nmethod}
[Exception Handler]
  0x000077b4580cb952:   call   0x000077b45f57ede0           ;   {runtime_call handle_exception_from_callee_blob (C1 runtime)}
  0x000077b4580cb957:   movabs $0x77b478d3aec4,%rdi         ;   {external_word}
  0x000077b4580cb961:   and    $0xfffffffffffffff0,%rsp
  0x000077b4580cb965:   call   0x000077b478791cc0           ;   {runtime_call MacroAssembler::debug64(char*, long, long*)}
  0x000077b4580cb96a:   hlt    
  0x000077b4580cb96b:   call   0x000077b45f4afe60           ;   {runtime_call DeoptimizationBlob}
[Deopt Handler Entry Point]
  0x000077b4580cb970:   jmp    0x000077b4580cb96b
  0x000077b4580cb972:   hlt    
  0x000077b4580cb973:   hlt    
  0x000077b4580cb974:   hlt    
  0x000077b4580cb975:   hlt    
  0x000077b4580cb976:   hlt    
  0x000077b4580cb977:   hlt    
--------------------------------------------------------------------------------
[/Disassembly]
