
============================= C1-compiled nmethod ==============================
----------------------------------- Assembly -----------------------------------

Compiled method (c1) 23841 1199       3       jdk.internal.classfile.impl.ClassFileImpl::fixShortJumps (23 bytes)
 total in heap  [0x000077b4580d3508,0x000077b4580d37d8] = 720
 main code      [0x000077b4580d3600,0x000077b4580d37b8] = 440
 stub code      [0x000077b4580d37b8,0x000077b4580d37d8] = 32
 mutable data [0x000077b3e85153f0,0x000077b3e8515430] = 64
 relocation     [0x000077b3e85153f0,0x000077b3e8515428] = 56
 metadata       [0x000077b3e8515428,0x000077b3e8515430] = 8
 immutable data [0x000077b4702cb4a0,0x000077b4702cb5d4] = 308
 dependencies   [0x000077b4702cb4a0,0x000077b4702cb4a8] = 8
 nul chk table  [0x000077b4702cb4a8,0x000077b4702cb4b8] = 16
 scopes pcs     [0x000077b4702cb4b8,0x000077b4702cb588] = 208
 scopes data    [0x000077b4702cb588,0x000077b4702cb5d0] = 72

[Disassembly]
--------------------------------------------------------------------------------
[Constant Pool (empty)]

--------------------------------------------------------------------------------

[Instructions begin]
  0x000077b4580d3600:   data16 data16 nopw 0x0(%rax,%rax,1)
  0x000077b4580d360b:   data16 data16 xchg %ax,%ax
  0x000077b4580d360f:   data16 xchg %ax,%ax
[Entry Point]
  # {method} {0x0000000046468cb8} &apos;fixShortJumps&apos; &apos;()Z&apos; in &apos;jdk/internal/classfile/impl/ClassFileImpl&apos;
  #           [sp+0x30]  (sp of caller)
  0x000077b4580d3612:   mov    0x8(%rsi),%r10d
  0x000077b4580d3616:   cmp    0x8(%rax),%r10d
  0x000077b4580d361a:   jne    0x000077b45f4ad6e0           ;   {runtime_call ic_miss_blob (shared runtime)}
[Verified Entry Point]
  0x000077b4580d3620:   mov    %eax,-0x14000(%rsp)
  0x000077b4580d3627:   push   %rbp
  0x000077b4580d3628:   sub    $0x20,%rsp
  0x000077b4580d362c:   cmpl   $0x1,0x20(%r15)
  0x000077b4580d3634:   je     0x000077b4580d363b
  0x000077b4580d3636:   call   Stub::method_entry_barrier_stub (stub gen)
                                                            ;   {runtime_call Stub::method_entry_barrier_stub (stub gen)}
  0x000077b4580d363b:   movabs $0x77b4146261f8,%rax         ;   {metadata(method data for {method} {0x0000000046468cb8} &apos;fixShortJumps&apos; &apos;()Z&apos; in &apos;jdk/internal/classfile/impl/ClassFileImpl&apos;)}
  0x000077b4580d3645:   mov    0x90(%rax),%edi
  0x000077b4580d364b:   add    $0x2,%edi
  0x000077b4580d364e:   mov    %edi,0x90(%rax)
  0x000077b4580d3654:   and    $0x7fe,%edi
  0x000077b4580d365a:   test   %edi,%edi
  0x000077b4580d365c:   je     0x000077b4580d370f           ;*aload_0 {reexecute=0 rethrow=0 return_oop=0}
                                                            ; - jdk.internal.classfile.impl.ClassFileImpl::fixShortJumps@0 (line 218)
  0x000077b4580d3662:   mov    0x20(%rsi),%eax
  0x000077b4580d3665:   shl    $0x3,%rax                    ;*getfield shortJumpsOption {reexecute=0 rethrow=0 return_oop=0}
                                                            ; - jdk.internal.classfile.impl.ClassFileImpl::fixShortJumps@1 (line 218)
  0x000077b4580d3669:   test   %rax,%rax
  0x000077b4580d366c:   movabs $0x77b4146261f8,%rsi         ;   {metadata(method data for {method} {0x0000000046468cb8} &apos;fixShortJumps&apos; &apos;()Z&apos; in &apos;jdk/internal/classfile/impl/ClassFileImpl&apos;)}
  0x000077b4580d3676:   mov    $0xd8,%edi
  0x000077b4580d367b:   je     0x000077b4580d3682
  0x000077b4580d367d:   mov    $0xe8,%edi
  0x000077b4580d3682:   mov    (%rsi,%rdi,1),%rbx
  0x000077b4580d3686:   lea    0x1(%rbx),%rbx
  0x000077b4580d368a:   mov    %rbx,(%rsi,%rdi,1)
  0x000077b4580d368e:   je     0x000077b4580d36dd           ;*ifnull {reexecute=0 rethrow=0 return_oop=0}
                                                            ; - jdk.internal.classfile.impl.ClassFileImpl::fixShortJumps@4 (line 218)
  0x000077b4580d3694:   nopl   0x0(%rax)
  0x000077b4580d3698:   jmp    0x000077b4580d3753           ;   {other}
  0x000077b4580d369d:   add    %al,(%rax)
  0x000077b4580d369f:   add    %al,(%rax)
  0x000077b4580d36a1:   add    %ah,0xf(%rsi)
  0x000077b4580d36a4:   (bad)  
  0x000077b4580d36a5:   add    %r8b,(%rax)
  0x000077b4580d36a8:   jmp    0x000077b4580d376d           ; implicit exception: dispatches to 0x000077b4580d375d
  0x000077b4580d36ad:   nop
  0x000077b4580d36ae:   shl    $0x3,%rsi                    ;*getstatic FIX_SHORT_JUMPS {reexecute=0 rethrow=0 return_oop=0}
                                                            ; - jdk.internal.classfile.impl.ClassFileImpl::fixShortJumps@11 (line 218)
  0x000077b4580d36b2:   cmp    %rsi,%rax
  0x000077b4580d36b5:   movabs $0x77b4146261f8,%rax         ;   {metadata(method data for {method} {0x0000000046468cb8} &apos;fixShortJumps&apos; &apos;()Z&apos; in &apos;jdk/internal/classfile/impl/ClassFileImpl&apos;)}
  0x000077b4580d36bf:   mov    $0xf8,%esi
  0x000077b4580d36c4:   jne    0x000077b4580d36cb
  0x000077b4580d36c6:   mov    $0x108,%esi
  0x000077b4580d36cb:   mov    (%rax,%rsi,1),%rdi
  0x000077b4580d36cf:   lea    0x1(%rdi),%rdi
  0x000077b4580d36d3:   mov    %rdi,(%rax,%rsi,1)
  0x000077b4580d36d7:   jne    0x000077b4580d36f7           ;*if_acmpne {reexecute=0 rethrow=0 return_oop=0}
                                                            ; - jdk.internal.classfile.impl.ClassFileImpl::fixShortJumps@14 (line 218)
  0x000077b4580d36dd:   movabs $0x77b4146261f8,%rax         ;   {metadata(method data for {method} {0x0000000046468cb8} &apos;fixShortJumps&apos; &apos;()Z&apos; in &apos;jdk/internal/classfile/impl/ClassFileImpl&apos;)}
  0x000077b4580d36e7:   incl   0x118(%rax)
  0x000077b4580d36ed:   mov    $0x1,%eax
  0x000077b4580d36f2:   jmp    0x000077b4580d36fc           ;*goto {reexecute=0 rethrow=0 return_oop=0}
                                                            ; - jdk.internal.classfile.impl.ClassFileImpl::fixShortJumps@18 (line 218)
  0x000077b4580d36f7:   mov    $0x0,%eax                    ;*ireturn {reexecute=0 rethrow=0 return_oop=0}
                                                            ; - jdk.internal.classfile.impl.ClassFileImpl::fixShortJumps@22 (line 218)
  0x000077b4580d36fc:   and    $0x1,%eax
  0x000077b4580d36ff:   add    $0x20,%rsp
  0x000077b4580d3703:   pop    %rbp
  0x000077b4580d3704:   cmp    0x28(%r15),%rsp              ;   {poll_return}
  0x000077b4580d3708:   ja     0x000077b4580d3777
  0x000077b4580d370e:   ret    
  0x000077b4580d370f:   movabs $0x46468cb8,%r10             ;   {metadata({method} {0x0000000046468cb8} &apos;fixShortJumps&apos; &apos;()Z&apos; in &apos;jdk/internal/classfile/impl/ClassFileImpl&apos;)}
  0x000077b4580d3719:   mov    %r10,0x8(%rsp)
  0x000077b4580d371e:   movq   $0xffffffffffffffff,(%rsp)
  0x000077b4580d3726:   call   0x000077b45f582fe0           ; ImmutableOopMap {rsi=Oop }
                                                            ;*synchronization entry
                                                            ; - jdk.internal.classfile.impl.ClassFileImpl::fixShortJumps@-1 (line 218)
                                                            ;   {runtime_call counter_overflow_blob (C1 runtime)}
  0x000077b4580d372b:   jmp    0x000077b4580d3662
  0x000077b4580d3730:   movabs $0x0,%rsi                    ;   {oop(nullptr)}
  0x000077b4580d373a:   push   %rax
  0x000077b4580d373b:   mov    0x10(%rsi),%rax
  0x000077b4580d373f:   cmp    0x138(%rax),%r15
  0x000077b4580d3746:   pop    %rax
  0x000077b4580d3747:   jne    0x000077b4580d3753
  0x000077b4580d3749:   jmp    0x000077b4580d36a2
  0x000077b4580d374e:   mov    $0xa192300,%eax
  0x000077b4580d3753:   call   0x000077b45f5824e0           ; ImmutableOopMap {rax=Oop }
                                                            ;*getstatic FIX_SHORT_JUMPS {reexecute=1 rethrow=0 return_oop=0}
                                                            ; - (reexecute) jdk.internal.classfile.impl.ClassFileImpl::fixShortJumps@11 (line 218)
                                                            ;   {runtime_call load_mirror_patching_blob (C1 runtime)}
  0x000077b4580d3758:   jmp    0x000077b4580d3698
  0x000077b4580d375d:   call   0x000077b45f57c660           ; ImmutableOopMap {rax=Oop rsi=Oop }
                                                            ;*getstatic FIX_SHORT_JUMPS {reexecute=1 rethrow=0 return_oop=0}
                                                            ; - (reexecute) jdk.internal.classfile.impl.ClassFileImpl::fixShortJumps@11 (line 218)
                                                            ;   {runtime_call throw_null_pointer_exception_blob (C1 runtime)}
  0x000077b4580d3762:   mov    0x0(%rsi),%esi
  0x000077b4580d3768:   mov    $0x6050b00,%eax
  0x000077b4580d376d:   call   0x000077b45f581860           ; ImmutableOopMap {rax=Oop rsi=Oop }
                                                            ;*getstatic FIX_SHORT_JUMPS {reexecute=1 rethrow=0 return_oop=0}
                                                            ; - (reexecute) jdk.internal.classfile.impl.ClassFileImpl::fixShortJumps@11 (line 218)
                                                            ;   {runtime_call access_field_patching_blob (C1 runtime)}
  0x000077b4580d3772:   jmp    0x000077b4580d36a8
  0x000077b4580d3777:   movabs $0x77b4580d3704,%r10         ;   {internal_word}
  0x000077b4580d3781:   mov    %r10,0x510(%r15)
  0x000077b4580d3788:   jmp    0x000077b45f4afb60           ;   {runtime_call SafepointBlob}
  0x000077b4580d378d:   mov    0x5c0(%r15),%rax
  0x000077b4580d3794:   movq   $0x0,0x5c0(%r15)
  0x000077b4580d379f:   movq   $0x0,0x5c8(%r15)
  0x000077b4580d37aa:   add    $0x20,%rsp
  0x000077b4580d37ae:   pop    %rbp
  0x000077b4580d37af:   jmp    0x000077b45f57b760           ;   {runtime_call unwind_exception_blob (C1 runtime)}
  0x000077b4580d37b4:   hlt    
  0x000077b4580d37b5:   hlt    
  0x000077b4580d37b6:   hlt    
  0x000077b4580d37b7:   hlt    
[Exception Handler]
  0x000077b4580d37b8:   call   0x000077b45f57ede0           ;   {runtime_call handle_exception_from_callee_blob (C1 runtime)}
  0x000077b4580d37bd:   movabs $0x77b478d3aec4,%rdi         ;   {external_word}
  0x000077b4580d37c7:   and    $0xfffffffffffffff0,%rsp
  0x000077b4580d37cb:   call   0x000077b478791cc0           ;   {runtime_call MacroAssembler::debug64(char*, long, long*)}
  0x000077b4580d37d0:   hlt    
  0x000077b4580d37d1:   call   0x000077b45f4afe60           ;   {runtime_call DeoptimizationBlob}
[Deopt Handler Entry Point]
  0x000077b4580d37d6:   jmp    0x000077b4580d37d1
--------------------------------------------------------------------------------
[/Disassembly]
