
============================= C1-compiled nmethod ==============================
----------------------------------- Assembly -----------------------------------

Compiled method (c1) 2115  121       1       java.lang.AbstractStringBuilder::getValue (5 bytes)
 total in heap  [0x000077b45fba5b08,0x000077b45fba5cb0] = 424
 main code      [0x000077b45fba5c00,0x000077b45fba5c90] = 144
 stub code      [0x000077b45fba5c90,0x000077b45fba5cb0] = 32
 mutable data [0x000077b3e8018510,0x000077b3e8018538] = 40
 relocation     [0x000077b3e8018510,0x000077b3e8018530] = 32
 metadata       [0x000077b3e8018530,0x000077b3e8018538] = 8
 immutable data [0x000077b3e8018540,0x000077b3e801859c] = 92
 dependencies   [0x000077b3e8018540,0x000077b3e8018548] = 8
 scopes pcs     [0x000077b3e8018548,0x000077b3e8018588] = 64
 scopes data    [0x000077b3e8018588,0x000077b3e8018598] = 16

[Disassembly]
--------------------------------------------------------------------------------
[Constant Pool (empty)]

--------------------------------------------------------------------------------

[Instructions begin]
  0x000077b45fba5c00:   data16 data16 nopw 0x0(%rax,%rax,1)
  0x000077b45fba5c0b:   data16 data16 xchg %ax,%ax
  0x000077b45fba5c0f:   data16 xchg %ax,%ax
[Entry Point]
  # {method} {0x00000000461b6588} &apos;getValue&apos; &apos;()[B&apos; in &apos;java/lang/AbstractStringBuilder&apos;
  #           [sp+0x30]  (sp of caller)
  0x000077b45fba5c12:   mov    0x8(%rsi),%r10d
  0x000077b45fba5c16:   cmp    0x8(%rax),%r10d
  0x000077b45fba5c1a:   jne    0x000077b45f4ad6e0           ;   {runtime_call ic_miss_blob (shared runtime)}
[Verified Entry Point]
  0x000077b45fba5c20:   mov    %eax,-0x14000(%rsp)
  0x000077b45fba5c27:   push   %rbp
  0x000077b45fba5c28:   sub    $0x20,%rsp
  0x000077b45fba5c2c:   cmpl   $0x1,0x20(%r15)
  0x000077b45fba5c34:   je     0x000077b45fba5c3b
  0x000077b45fba5c36:   call   Stub::method_entry_barrier_stub (stub gen)
                                                            ;*aload_0 {reexecute=0 rethrow=0 return_oop=0}
                                                            ; - java.lang.AbstractStringBuilder::getValue@0 (line 1799)
                                                            ;   {runtime_call Stub::method_entry_barrier_stub (stub gen)}
  0x000077b45fba5c3b:   mov    0x14(%rsi),%eax
  0x000077b45fba5c3e:   shl    $0x3,%rax                    ;*getfield value {reexecute=0 rethrow=0 return_oop=0}
                                                            ; - java.lang.AbstractStringBuilder::getValue@1 (line 1799)
  0x000077b45fba5c42:   add    $0x20,%rsp
  0x000077b45fba5c46:   pop    %rbp
  0x000077b45fba5c47:   cmp    0x28(%r15),%rsp              ;   {poll_return}
  0x000077b45fba5c4b:   ja     0x000077b45fba5c52
  0x000077b45fba5c51:   ret    
  0x000077b45fba5c52:   movabs $0x77b45fba5c47,%r10         ;   {internal_word}
  0x000077b45fba5c5c:   mov    %r10,0x510(%r15)
  0x000077b45fba5c63:   jmp    0x000077b45f4afb60           ;   {runtime_call SafepointBlob}
  0x000077b45fba5c68:   mov    0x5c0(%r15),%rax
  0x000077b45fba5c6f:   movq   $0x0,0x5c0(%r15)
  0x000077b45fba5c7a:   movq   $0x0,0x5c8(%r15)
  0x000077b45fba5c85:   add    $0x20,%rsp
  0x000077b45fba5c89:   pop    %rbp
  0x000077b45fba5c8a:   jmp    0x000077b45f57b760           ;   {runtime_call unwind_exception_blob (C1 runtime)}
  0x000077b45fba5c8f:   hlt    
[Exception Handler]
  0x000077b45fba5c90:   call   0x000077b45f57ede0           ;   {runtime_call handle_exception_from_callee_blob (C1 runtime)}
  0x000077b45fba5c95:   movabs $0x77b478d3aec4,%rdi         ;   {external_word}
  0x000077b45fba5c9f:   and    $0xfffffffffffffff0,%rsp
  0x000077b45fba5ca3:   call   0x000077b478791cc0           ;   {runtime_call MacroAssembler::debug64(char*, long, long*)}
  0x000077b45fba5ca8:   hlt    
  0x000077b45fba5ca9:   call   0x000077b45f4afe60           ;   {runtime_call DeoptimizationBlob}
[Deopt Handler Entry Point]
  0x000077b45fba5cae:   jmp    0x000077b45fba5ca9
--------------------------------------------------------------------------------
[/Disassembly]
