
============================= C1-compiled nmethod ==============================
----------------------------------- Assembly -----------------------------------

Compiled method (c1) 2157  122       3       java.lang.StringBuilder::length (5 bytes)
 total in heap  [0x000077b458013788,0x000077b458013988] = 512
 main code      [0x000077b458013880,0x000077b458013968] = 232
 stub code      [0x000077b458013968,0x000077b458013988] = 32
 mutable data [0x000077b3ec016c50,0x000077b3ec016c88] = 56
 relocation     [0x000077b3ec016c50,0x000077b3ec016c78] = 40
 metadata       [0x000077b3ec016c78,0x000077b3ec016c88] = 16
 immutable data [0x000077b3ec017ad0,0x000077b3ec017b4c] = 124
 dependencies   [0x000077b3ec017ad0,0x000077b3ec017ad8] = 8
 scopes pcs     [0x000077b3ec017ad8,0x000077b3ec017b28] = 80
 scopes data    [0x000077b3ec017b28,0x000077b3ec017b48] = 32

[Disassembly]
--------------------------------------------------------------------------------
[Constant Pool (empty)]

--------------------------------------------------------------------------------

[Instructions begin]
  0x000077b458013880:   data16 data16 nopw 0x0(%rax,%rax,1)
  0x000077b45801388b:   data16 data16 xchg %ax,%ax
  0x000077b45801388f:   data16 xchg %ax,%ax
[Entry Point]
  # {method} {0x00000000461b94b8} &apos;length&apos; &apos;()I&apos; in &apos;java/lang/StringBuilder&apos;
  #           [sp+0x40]  (sp of caller)
  0x000077b458013892:   mov    0x8(%rsi),%r10d
  0x000077b458013896:   cmp    0x8(%rax),%r10d
  0x000077b45801389a:   jne    0x000077b45f4ad6e0           ;   {runtime_call ic_miss_blob (shared runtime)}
[Verified Entry Point]
  0x000077b4580138a0:   mov    %eax,-0x14000(%rsp)
  0x000077b4580138a7:   push   %rbp
  0x000077b4580138a8:   sub    $0x30,%rsp
  0x000077b4580138ac:   cmpl   $0x1,0x20(%r15)
  0x000077b4580138b4:   je     0x000077b4580138bb
  0x000077b4580138b6:   call   Stub::method_entry_barrier_stub (stub gen)
                                                            ;   {runtime_call Stub::method_entry_barrier_stub (stub gen)}
  0x000077b4580138bb:   movabs $0x77b41401ba78,%rax         ;   {metadata(method data for {method} {0x00000000461b94b8} &apos;length&apos; &apos;()I&apos; in &apos;java/lang/StringBuilder&apos;)}
  0x000077b4580138c5:   mov    0x90(%rax),%edi
  0x000077b4580138cb:   add    $0x2,%edi
  0x000077b4580138ce:   mov    %edi,0x90(%rax)
  0x000077b4580138d4:   and    $0x7fe,%edi
  0x000077b4580138da:   test   %edi,%edi
  0x000077b4580138dc:   je     0x000077b45801390a           ;*aload_0 {reexecute=0 rethrow=0 return_oop=0}
                                                            ; - java.lang.StringBuilder::length@0 (line 91)
  0x000077b4580138e2:   mov    %rsi,%rax
  0x000077b4580138e5:   movabs $0x77b41401ba78,%rdi         ;   {metadata(method data for {method} {0x00000000461b94b8} &apos;length&apos; &apos;()I&apos; in &apos;java/lang/StringBuilder&apos;)}
  0x000077b4580138ef:   addq   $0x1,0xd8(%rdi)
  0x000077b4580138f7:   mov    0xc(%rsi),%eax               ;*getfield count {reexecute=0 rethrow=0 return_oop=0}
                                                            ; - java.lang.AbstractStringBuilder::length@1 (line 199)
                                                            ; - java.lang.StringBuilder::length@1 (line 91)
  0x000077b4580138fa:   add    $0x30,%rsp
  0x000077b4580138fe:   pop    %rbp
  0x000077b4580138ff:   cmp    0x28(%r15),%rsp              ;   {poll_return}
  0x000077b458013903:   ja     0x000077b458013928
  0x000077b458013909:   ret    
  0x000077b45801390a:   movabs $0x461b94b8,%r10             ;   {metadata({method} {0x00000000461b94b8} &apos;length&apos; &apos;()I&apos; in &apos;java/lang/StringBuilder&apos;)}
  0x000077b458013914:   mov    %r10,0x8(%rsp)
  0x000077b458013919:   movq   $0xffffffffffffffff,(%rsp)
  0x000077b458013921:   call   0x000077b45f582fe0           ; ImmutableOopMap {rsi=Oop }
                                                            ;*synchronization entry
                                                            ; - java.lang.StringBuilder::length@-1 (line 91)
                                                            ;   {runtime_call counter_overflow_blob (C1 runtime)}
  0x000077b458013926:   jmp    0x000077b4580138e2
  0x000077b458013928:   movabs $0x77b4580138ff,%r10         ;   {internal_word}
  0x000077b458013932:   mov    %r10,0x510(%r15)
  0x000077b458013939:   jmp    0x000077b45f4afb60           ;   {runtime_call SafepointBlob}
  0x000077b45801393e:   mov    0x5c0(%r15),%rax
  0x000077b458013945:   movq   $0x0,0x5c0(%r15)
  0x000077b458013950:   movq   $0x0,0x5c8(%r15)
  0x000077b45801395b:   add    $0x30,%rsp
  0x000077b45801395f:   pop    %rbp
  0x000077b458013960:   jmp    0x000077b45f57b760           ;   {runtime_call unwind_exception_blob (C1 runtime)}
  0x000077b458013965:   hlt    
  0x000077b458013966:   hlt    
  0x000077b458013967:   hlt    
[Exception Handler]
  0x000077b458013968:   call   0x000077b45f57ede0           ;   {runtime_call handle_exception_from_callee_blob (C1 runtime)}
  0x000077b45801396d:   movabs $0x77b478d3aec4,%rdi         ;   {external_word}
  0x000077b458013977:   and    $0xfffffffffffffff0,%rsp
  0x000077b45801397b:   call   0x000077b478791cc0           ;   {runtime_call MacroAssembler::debug64(char*, long, long*)}
  0x000077b458013980:   hlt    
  0x000077b458013981:   call   0x000077b45f4afe60           ;   {runtime_call DeoptimizationBlob}
[Deopt Handler Entry Point]
  0x000077b458013986:   jmp    0x000077b458013981
--------------------------------------------------------------------------------
[/Disassembly]
