
============================= C1-compiled nmethod ==============================
----------------------------------- Assembly -----------------------------------

Compiled method (c1) 2180  123       1       java.net.URL::getProtocol (5 bytes)
 total in heap  [0x000077b45fba5e08,0x000077b45fba5fb0] = 424
 main code      [0x000077b45fba5f00,0x000077b45fba5f90] = 144
 stub code      [0x000077b45fba5f90,0x000077b45fba5fb0] = 32
 mutable data [0x000077b3ec017b90,0x000077b3ec017bb8] = 40
 relocation     [0x000077b3ec017b90,0x000077b3ec017bb0] = 32
 metadata       [0x000077b3ec017bb0,0x000077b3ec017bb8] = 8
 immutable data [0x000077b3ec017a60,0x000077b3ec017abc] = 92
 dependencies   [0x000077b3ec017a60,0x000077b3ec017a68] = 8
 scopes pcs     [0x000077b3ec017a68,0x000077b3ec017aa8] = 64
 scopes data    [0x000077b3ec017aa8,0x000077b3ec017ab8] = 16

[Disassembly]
--------------------------------------------------------------------------------
[Constant Pool (empty)]

--------------------------------------------------------------------------------

[Instructions begin]
  0x000077b45fba5f00:   data16 data16 nopw 0x0(%rax,%rax,1)
  0x000077b45fba5f0b:   data16 data16 xchg %ax,%ax
  0x000077b45fba5f0f:   data16 xchg %ax,%ax
[Entry Point]
  # {method} {0x00000000461be970} &apos;getProtocol&apos; &apos;()Ljava/lang/String;&apos; in &apos;java/net/URL&apos;
  #           [sp+0x30]  (sp of caller)
  0x000077b45fba5f12:   mov    0x8(%rsi),%r10d
  0x000077b45fba5f16:   cmp    0x8(%rax),%r10d
  0x000077b45fba5f1a:   jne    0x000077b45f4ad6e0           ;   {runtime_call ic_miss_blob (shared runtime)}
[Verified Entry Point]
  0x000077b45fba5f20:   mov    %eax,-0x14000(%rsp)
  0x000077b45fba5f27:   push   %rbp
  0x000077b45fba5f28:   sub    $0x20,%rsp
  0x000077b45fba5f2c:   cmpl   $0x1,0x20(%r15)
  0x000077b45fba5f34:   je     0x000077b45fba5f3b
  0x000077b45fba5f36:   call   Stub::method_entry_barrier_stub (stub gen)
                                                            ;*aload_0 {reexecute=0 rethrow=0 return_oop=0}
                                                            ; - java.net.URL::getProtocol@0 (line 1025)
                                                            ;   {runtime_call Stub::method_entry_barrier_stub (stub gen)}
  0x000077b45fba5f3b:   mov    0x14(%rsi),%eax
  0x000077b45fba5f3e:   shl    $0x3,%rax                    ;*getfield protocol {reexecute=0 rethrow=0 return_oop=0}
                                                            ; - java.net.URL::getProtocol@1 (line 1025)
  0x000077b45fba5f42:   add    $0x20,%rsp
  0x000077b45fba5f46:   pop    %rbp
  0x000077b45fba5f47:   cmp    0x28(%r15),%rsp              ;   {poll_return}
  0x000077b45fba5f4b:   ja     0x000077b45fba5f52
  0x000077b45fba5f51:   ret    
  0x000077b45fba5f52:   movabs $0x77b45fba5f47,%r10         ;   {internal_word}
  0x000077b45fba5f5c:   mov    %r10,0x510(%r15)
  0x000077b45fba5f63:   jmp    0x000077b45f4afb60           ;   {runtime_call SafepointBlob}
  0x000077b45fba5f68:   mov    0x5c0(%r15),%rax
  0x000077b45fba5f6f:   movq   $0x0,0x5c0(%r15)
  0x000077b45fba5f7a:   movq   $0x0,0x5c8(%r15)
  0x000077b45fba5f85:   add    $0x20,%rsp
  0x000077b45fba5f89:   pop    %rbp
  0x000077b45fba5f8a:   jmp    0x000077b45f57b760           ;   {runtime_call unwind_exception_blob (C1 runtime)}
  0x000077b45fba5f8f:   hlt    
[Exception Handler]
  0x000077b45fba5f90:   call   0x000077b45f57ede0           ;   {runtime_call handle_exception_from_callee_blob (C1 runtime)}
  0x000077b45fba5f95:   movabs $0x77b478d3aec4,%rdi         ;   {external_word}
  0x000077b45fba5f9f:   and    $0xfffffffffffffff0,%rsp
  0x000077b45fba5fa3:   call   0x000077b478791cc0           ;   {runtime_call MacroAssembler::debug64(char*, long, long*)}
  0x000077b45fba5fa8:   hlt    
  0x000077b45fba5fa9:   call   0x000077b45f4afe60           ;   {runtime_call DeoptimizationBlob}
[Deopt Handler Entry Point]
  0x000077b45fba5fae:   jmp    0x000077b45fba5fa9
--------------------------------------------------------------------------------
[/Disassembly]
