
============================= C1-compiled nmethod ==============================
----------------------------------- Assembly -----------------------------------

Compiled method (c1) 25095 1238       3       java.lang.invoke.MemberName::getInvocationType (56 bytes)
 total in heap  [0x000077b4580dd188,0x000077b4580ddc68] = 2784
 main code      [0x000077b4580dd280,0x000077b4580ddc18] = 2456
 stub code      [0x000077b4580ddc18,0x000077b4580ddc68] = 80
 mutable data [0x000077b3dc022ef0,0x000077b3dc022fe8] = 248
 relocation     [0x000077b3dc022ef0,0x000077b3dc022fa8] = 184
 metadata       [0x000077b3dc022fa8,0x000077b3dc022fe8] = 64
 immutable data [0x000077b3dc02b030,0x000077b3dc02b4ac] = 1148
 dependencies   [0x000077b3dc02b030,0x000077b3dc02b048] = 24
 nul chk table  [0x000077b3dc02b048,0x000077b3dc02b068] = 32
 scopes pcs     [0x000077b3dc02b068,0x000077b3dc02b328] = 704
 scopes data    [0x000077b3dc02b328,0x000077b3dc02b4a8] = 384

[Disassembly]
--------------------------------------------------------------------------------
[Constant Pool (empty)]

--------------------------------------------------------------------------------

[Instructions begin]
  0x000077b4580dd280:   data16 data16 nopw 0x0(%rax,%rax,1)
  0x000077b4580dd28b:   data16 data16 xchg %ax,%ax
  0x000077b4580dd28f:   data16 xchg %ax,%ax
[Entry Point]
  # {method} {0x0000000046205570} &apos;getInvocationType&apos; &apos;()Ljava/lang/invoke/MethodType;&apos; in &apos;java/lang/invoke/MemberName&apos;
  #           [sp+0x90]  (sp of caller)
  0x000077b4580dd292:   mov    0x8(%rsi),%r10d
  0x000077b4580dd296:   cmp    0x8(%rax),%r10d
  0x000077b4580dd29a:   jne    0x000077b45f4ad6e0           ;   {runtime_call ic_miss_blob (shared runtime)}
[Verified Entry Point]
  0x000077b4580dd2a0:   mov    %eax,-0x14000(%rsp)
  0x000077b4580dd2a7:   push   %rbp
  0x000077b4580dd2a8:   sub    $0x80,%rsp
  0x000077b4580dd2af:   nop
  0x000077b4580dd2b0:   cmpl   $0x1,0x20(%r15)
  0x000077b4580dd2b8:   je     0x000077b4580dd2bf
  0x000077b4580dd2ba:   call   Stub::method_entry_barrier_stub (stub gen)
                                                            ;   {runtime_call Stub::method_entry_barrier_stub (stub gen)}
  0x000077b4580dd2bf:   movabs $0x77b41462c7d0,%rdi         ;   {metadata(method data for {method} {0x0000000046205570} &apos;getInvocationType&apos; &apos;()Ljava/lang/invoke/MethodType;&apos; in &apos;java/lang/invoke/MemberName&apos;)}
  0x000077b4580dd2c9:   mov    0x90(%rdi),%ebx
  0x000077b4580dd2cf:   add    $0x2,%ebx
  0x000077b4580dd2d2:   mov    %ebx,0x90(%rdi)
  0x000077b4580dd2d8:   and    $0x7fe,%ebx
  0x000077b4580dd2de:   test   %ebx,%ebx
  0x000077b4580dd2e0:   je     0x000077b4580dda85           ;*aload_0 {reexecute=0 rethrow=0 return_oop=0}
                                                            ; - java.lang.invoke.MemberName::getInvocationType@0 (line 183)
  0x000077b4580dd2e6:   mov    %rsi,%rdi
  0x000077b4580dd2e9:   movabs $0x77b41462c7d0,%rbx         ;   {metadata(method data for {method} {0x0000000046205570} &apos;getInvocationType&apos; &apos;()Ljava/lang/invoke/MethodType;&apos; in &apos;java/lang/invoke/MemberName&apos;)}
  0x000077b4580dd2f3:   mov    0x8(%rdi),%edi
  0x000077b4580dd2f6:   mov    $0x46000000,%r10d
  0x000077b4580dd2fc:   add    %r10,%rdi
  0x000077b4580dd2ff:   mov    $0x1c,%r10d
  0x000077b4580dd305:   cmp    (%rbx,%r10,8),%rdi
  0x000077b4580dd309:   je     0x000077b4580dd342
  0x000077b4580dd30b:   add    $0x2,%r10
  0x000077b4580dd30f:   cmp    $0x20,%r10
  0x000077b4580dd313:   jne    0x000077b4580dd305
  0x000077b4580dd315:   mov    $0x1c,%r10d
  0x000077b4580dd31b:   cmpq   $0x0,(%rbx,%r10,8)
  0x000077b4580dd320:   je     0x000077b4580dd32e
  0x000077b4580dd322:   add    $0x2,%r10
  0x000077b4580dd326:   cmp    $0x20,%r10
  0x000077b4580dd32a:   jne    0x000077b4580dd31b
  0x000077b4580dd32c:   jmp    0x000077b4580dd33a
  0x000077b4580dd32e:   push   %rax
  0x000077b4580dd32f:   xor    %rax,%rax
  0x000077b4580dd332:   cmpxchg %rdi,(%rbx,%r10,8)
  0x000077b4580dd337:   pop    %rax
  0x000077b4580dd338:   jmp    0x000077b4580dd2ff
  0x000077b4580dd33a:   mov    $0x1b,%r10d
  0x000077b4580dd340:   jmp    0x000077b4580dd346
  0x000077b4580dd342:   add    $0x1,%r10
  0x000077b4580dd346:   addq   $0x1,(%rbx,%r10,8)
  0x000077b4580dd34b:   mov    %rsi,%rdi
  0x000077b4580dd34e:   mov    %rdi,%rsi                    ;*invokevirtual getMethodOrFieldType {reexecute=0 rethrow=0 return_oop=0}
                                                            ; - java.lang.invoke.MemberName::getInvocationType@1 (line 183)
  0x000077b4580dd351:   mov    %rdi,0x68(%rsp)
  0x000077b4580dd356:   nop
  0x000077b4580dd357:   call   0x000077b4580a2720           ; ImmutableOopMap {[104]=Oop }
                                                            ;*invokevirtual getMethodOrFieldType {reexecute=0 rethrow=0 return_oop=0}
                                                            ; - java.lang.invoke.MemberName::getInvocationType@1 (line 183)
                                                            ;   {optimized virtual_call}
  0x000077b4580dd35c:   nopl   0x1d4(%rax,%rax,1)           ;   {post_call_nop}
  0x000077b4580dd364:   mov    %rax,%r8                     ;*invokevirtual getMethodOrFieldType {reexecute=0 rethrow=0 return_oop=0}
                                                            ; - java.lang.invoke.MemberName::getInvocationType@1 (line 183)
  0x000077b4580dd367:   mov    0x68(%rsp),%rsi
  0x000077b4580dd36c:   movabs $0x77b41462c7d0,%rdx         ;   {metadata(method data for {method} {0x0000000046205570} &apos;getInvocationType&apos; &apos;()Ljava/lang/invoke/MethodType;&apos; in &apos;java/lang/invoke/MemberName&apos;)}
  0x000077b4580dd376:   mov    0x8(%rsi),%esi
  0x000077b4580dd379:   mov    $0x46000000,%r10d
  0x000077b4580dd37f:   add    %r10,%rsi
  0x000077b4580dd382:   mov    $0x22,%r10d
  0x000077b4580dd388:   cmp    (%rdx,%r10,8),%rsi
  0x000077b4580dd38c:   je     0x000077b4580dd3c5
  0x000077b4580dd38e:   add    $0x2,%r10
  0x000077b4580dd392:   cmp    $0x26,%r10
  0x000077b4580dd396:   jne    0x000077b4580dd388
  0x000077b4580dd398:   mov    $0x22,%r10d
  0x000077b4580dd39e:   cmpq   $0x0,(%rdx,%r10,8)
  0x000077b4580dd3a3:   je     0x000077b4580dd3b1
  0x000077b4580dd3a5:   add    $0x2,%r10
  0x000077b4580dd3a9:   cmp    $0x26,%r10
  0x000077b4580dd3ad:   jne    0x000077b4580dd39e
  0x000077b4580dd3af:   jmp    0x000077b4580dd3bd
  0x000077b4580dd3b1:   push   %rax
  0x000077b4580dd3b2:   xor    %rax,%rax
  0x000077b4580dd3b5:   cmpxchg %rsi,(%rdx,%r10,8)
  0x000077b4580dd3ba:   pop    %rax
  0x000077b4580dd3bb:   jmp    0x000077b4580dd382
  0x000077b4580dd3bd:   mov    $0x21,%r10d
  0x000077b4580dd3c3:   jmp    0x000077b4580dd3c9
  0x000077b4580dd3c5:   add    $0x1,%r10
  0x000077b4580dd3c9:   addq   $0x1,(%rdx,%r10,8)
  0x000077b4580dd3ce:   movabs $0x77b41434b5f0,%rsi         ;   {metadata(method data for {method} {0x0000000046204de0} &apos;isConstructor&apos; &apos;()Z&apos; in &apos;java/lang/invoke/MemberName&apos;)}
  0x000077b4580dd3d8:   mov    0x90(%rsi),%edx
  0x000077b4580dd3de:   add    $0x2,%edx
  0x000077b4580dd3e1:   mov    %edx,0x90(%rsi)
  0x000077b4580dd3e7:   and    $0x1ffffe,%edx
  0x000077b4580dd3ed:   test   %edx,%edx
  0x000077b4580dd3ef:   je     0x000077b4580ddaa6
  0x000077b4580dd3f5:   mov    0x68(%rsp),%rsi
  0x000077b4580dd3fa:   movabs $0x77b41434b5f0,%rdx         ;   {metadata(method data for {method} {0x0000000046204de0} &apos;isConstructor&apos; &apos;()Z&apos; in &apos;java/lang/invoke/MemberName&apos;)}
  0x000077b4580dd404:   addq   $0x1,0xd8(%rdx)
  0x000077b4580dd40c:   movabs $0x77b4140f5e70,%rsi         ;   {metadata(method data for {method} {0x0000000046205af0} &apos;allFlagsSet&apos; &apos;(I)Z&apos; in &apos;java/lang/invoke/MemberName&apos;)}
  0x000077b4580dd416:   mov    0x90(%rsi),%edx
  0x000077b4580dd41c:   add    $0x2,%edx
  0x000077b4580dd41f:   mov    %edx,0x90(%rsi)
  0x000077b4580dd425:   and    $0x1ffffe,%edx
  0x000077b4580dd42b:   test   %edx,%edx
  0x000077b4580dd42d:   je     0x000077b4580ddac7
  0x000077b4580dd433:   mov    0x68(%rsp),%r9
  0x000077b4580dd438:   mov    0xc(%r9),%esi                ;*getfield flags {reexecute=0 rethrow=0 return_oop=0}
                                                            ; - java.lang.invoke.MemberName::allFlagsSet@1 (line 332)
                                                            ; - java.lang.invoke.MemberName::isConstructor@4 (line 457)
                                                            ; - java.lang.invoke.MemberName::getInvocationType@6 (line 184)
  0x000077b4580dd43c:   mov    %rsi,%rdx
  0x000077b4580dd43f:   and    $0x20000,%edx
  0x000077b4580dd445:   cmp    $0x20000,%edx
  0x000077b4580dd44b:   movabs $0x77b4140f5e70,%rdx         ;   {metadata(method data for {method} {0x0000000046205af0} &apos;allFlagsSet&apos; &apos;(I)Z&apos; in &apos;java/lang/invoke/MemberName&apos;)}
  0x000077b4580dd455:   mov    $0xd8,%ecx
  0x000077b4580dd45a:   jne    0x000077b4580dd461
  0x000077b4580dd45c:   mov    $0xe8,%ecx
  0x000077b4580dd461:   mov    (%rdx,%rcx,1),%rdi
  0x000077b4580dd465:   lea    0x1(%rdi),%rdi
  0x000077b4580dd469:   mov    %rdi,(%rdx,%rcx,1)
  0x000077b4580dd46d:   jne    0x000077b4580dd48d           ;*if_icmpne {reexecute=0 rethrow=0 return_oop=0}
                                                            ; - java.lang.invoke.MemberName::allFlagsSet@7 (line 332)
                                                            ; - java.lang.invoke.MemberName::isConstructor@4 (line 457)
                                                            ; - java.lang.invoke.MemberName::getInvocationType@6 (line 184)
  0x000077b4580dd473:   movabs $0x77b4140f5e70,%rdx         ;   {metadata(method data for {method} {0x0000000046205af0} &apos;allFlagsSet&apos; &apos;(I)Z&apos; in &apos;java/lang/invoke/MemberName&apos;)}
  0x000077b4580dd47d:   incl   0xf8(%rdx)
  0x000077b4580dd483:   mov    $0x1,%edx
  0x000077b4580dd488:   jmp    0x000077b4580dd492           ;*goto {reexecute=0 rethrow=0 return_oop=0}
                                                            ; - java.lang.invoke.MemberName::allFlagsSet@11 (line 332)
                                                            ; - java.lang.invoke.MemberName::isConstructor@4 (line 457)
                                                            ; - java.lang.invoke.MemberName::getInvocationType@6 (line 184)
  0x000077b4580dd48d:   mov    $0x0,%edx                    ;*ireturn {reexecute=0 rethrow=0 return_oop=0}
                                                            ; - java.lang.invoke.MemberName::allFlagsSet@15 (line 332)
                                                            ; - java.lang.invoke.MemberName::isConstructor@4 (line 457)
                                                            ; - java.lang.invoke.MemberName::getInvocationType@6 (line 184)
  0x000077b4580dd492:   and    $0x1,%edx
  0x000077b4580dd495:   and    $0x1,%edx
  0x000077b4580dd498:   test   %edx,%edx
  0x000077b4580dd49a:   movabs $0x77b41462c7d0,%rdx         ;   {metadata(method data for {method} {0x0000000046205570} &apos;getInvocationType&apos; &apos;()Ljava/lang/invoke/MethodType;&apos; in &apos;java/lang/invoke/MemberName&apos;)}
  0x000077b4580dd4a4:   mov    $0x138,%ecx
  0x000077b4580dd4a9:   je     0x000077b4580dd4b0
  0x000077b4580dd4ab:   mov    $0x148,%ecx
  0x000077b4580dd4b0:   mov    (%rdx,%rcx,1),%rdi
  0x000077b4580dd4b4:   lea    0x1(%rdi),%rdi
  0x000077b4580dd4b8:   mov    %rdi,(%rdx,%rcx,1)
  0x000077b4580dd4bc:   je     0x000077b4580dd588           ;*ifeq {reexecute=0 rethrow=0 return_oop=0}
                                                            ; - java.lang.invoke.MemberName::getInvocationType@9 (line 184)
  0x000077b4580dd4c2:   mov    %r9,%rdx
  0x000077b4580dd4c5:   movabs $0x77b41462c7d0,%rcx         ;   {metadata(method data for {method} {0x0000000046205570} &apos;getInvocationType&apos; &apos;()Ljava/lang/invoke/MethodType;&apos; in &apos;java/lang/invoke/MemberName&apos;)}
  0x000077b4580dd4cf:   mov    0x8(%rdx),%edx
  0x000077b4580dd4d2:   mov    $0x46000000,%r10d
  0x000077b4580dd4d8:   add    %r10,%rdx
  0x000077b4580dd4db:   mov    $0x2c,%r10d
  0x000077b4580dd4e1:   cmp    (%rcx,%r10,8),%rdx
  0x000077b4580dd4e5:   je     0x000077b4580dd51e
  0x000077b4580dd4e7:   add    $0x2,%r10
  0x000077b4580dd4eb:   cmp    $0x30,%r10
  0x000077b4580dd4ef:   jne    0x000077b4580dd4e1
  0x000077b4580dd4f1:   mov    $0x2c,%r10d
  0x000077b4580dd4f7:   cmpq   $0x0,(%rcx,%r10,8)
  0x000077b4580dd4fc:   je     0x000077b4580dd50a
  0x000077b4580dd4fe:   add    $0x2,%r10
  0x000077b4580dd502:   cmp    $0x30,%r10
  0x000077b4580dd506:   jne    0x000077b4580dd4f7
  0x000077b4580dd508:   jmp    0x000077b4580dd516
  0x000077b4580dd50a:   push   %rax
  0x000077b4580dd50b:   xor    %rax,%rax
  0x000077b4580dd50e:   cmpxchg %rdx,(%rcx,%r10,8)
  0x000077b4580dd513:   pop    %rax
  0x000077b4580dd514:   jmp    0x000077b4580dd4db
  0x000077b4580dd516:   mov    $0x2b,%r10d
  0x000077b4580dd51c:   jmp    0x000077b4580dd522
  0x000077b4580dd51e:   add    $0x1,%r10
  0x000077b4580dd522:   addq   $0x1,(%rcx,%r10,8)
  0x000077b4580dd527:   movabs $0x77b4142bd380,%rdx         ;   {metadata(method data for {method} {0x00000000462052b0} &apos;getReferenceKind&apos; &apos;()B&apos; in &apos;java/lang/invoke/MemberName&apos;)}
  0x000077b4580dd531:   mov    0x90(%rdx),%ecx
  0x000077b4580dd537:   add    $0x2,%ecx
  0x000077b4580dd53a:   mov    %ecx,0x90(%rdx)
  0x000077b4580dd540:   and    $0x1ffffe,%ecx
  0x000077b4580dd546:   test   %ecx,%ecx
  0x000077b4580dd548:   je     0x000077b4580ddae8
  0x000077b4580dd54e:   mov    %rsi,%rdx
  0x000077b4580dd551:   shr    $0x18,%edx
  0x000077b4580dd554:   and    $0xf,%edx
  0x000077b4580dd557:   shl    $0x18,%edx
  0x000077b4580dd55a:   sar    $0x18,%edx
  0x000077b4580dd55d:   cmp    $0x8,%edx
  0x000077b4580dd560:   movabs $0x77b41462c7d0,%rdx         ;   {metadata(method data for {method} {0x0000000046205570} &apos;getInvocationType&apos; &apos;()Ljava/lang/invoke/MethodType;&apos; in &apos;java/lang/invoke/MemberName&apos;)}
  0x000077b4580dd56a:   mov    $0x198,%ecx
  0x000077b4580dd56f:   je     0x000077b4580dd576
  0x000077b4580dd571:   mov    $0x188,%ecx
  0x000077b4580dd576:   mov    (%rdx,%rcx,1),%rdi
  0x000077b4580dd57a:   lea    0x1(%rdi),%rdi
  0x000077b4580dd57e:   mov    %rdi,(%rdx,%rcx,1)
  0x000077b4580dd582:   je     0x000077b4580dd6ce           ;*if_icmpne {reexecute=0 rethrow=0 return_oop=0}
                                                            ; - java.lang.invoke.MemberName::getInvocationType@18 (line 184)
  0x000077b4580dd588:   mov    %r9,%rdx
  0x000077b4580dd58b:   movabs $0x77b41462c7d0,%rcx         ;   {metadata(method data for {method} {0x0000000046205570} &apos;getInvocationType&apos; &apos;()Ljava/lang/invoke/MethodType;&apos; in &apos;java/lang/invoke/MemberName&apos;)}
  0x000077b4580dd595:   mov    0x8(%rdx),%edx
  0x000077b4580dd598:   mov    $0x46000000,%r10d
  0x000077b4580dd59e:   add    %r10,%rdx
  0x000077b4580dd5a1:   mov    $0x3c,%r10d
  0x000077b4580dd5a7:   cmp    (%rcx,%r10,8),%rdx
  0x000077b4580dd5ab:   je     0x000077b4580dd5e4
  0x000077b4580dd5ad:   add    $0x2,%r10
  0x000077b4580dd5b1:   cmp    $0x40,%r10
  0x000077b4580dd5b5:   jne    0x000077b4580dd5a7
  0x000077b4580dd5b7:   mov    $0x3c,%r10d
  0x000077b4580dd5bd:   cmpq   $0x0,(%rcx,%r10,8)
  0x000077b4580dd5c2:   je     0x000077b4580dd5d0
  0x000077b4580dd5c4:   add    $0x2,%r10
  0x000077b4580dd5c8:   cmp    $0x40,%r10
  0x000077b4580dd5cc:   jne    0x000077b4580dd5bd
  0x000077b4580dd5ce:   jmp    0x000077b4580dd5dc
  0x000077b4580dd5d0:   push   %rax
  0x000077b4580dd5d1:   xor    %rax,%rax
  0x000077b4580dd5d4:   cmpxchg %rdx,(%rcx,%r10,8)
  0x000077b4580dd5d9:   pop    %rax
  0x000077b4580dd5da:   jmp    0x000077b4580dd5a1
  0x000077b4580dd5dc:   mov    $0x3b,%r10d
  0x000077b4580dd5e2:   jmp    0x000077b4580dd5e8
  0x000077b4580dd5e4:   add    $0x1,%r10
  0x000077b4580dd5e8:   addq   $0x1,(%rcx,%r10,8)
  0x000077b4580dd5ed:   movabs $0x77b4142c06f8,%rdx         ;   {metadata(method data for {method} {0x0000000046204ee8} &apos;isStatic&apos; &apos;()Z&apos; in &apos;java/lang/invoke/MemberName&apos;)}
  0x000077b4580dd5f7:   mov    0x90(%rdx),%ecx
  0x000077b4580dd5fd:   add    $0x2,%ecx
  0x000077b4580dd600:   mov    %ecx,0x90(%rdx)
  0x000077b4580dd606:   and    $0x1ffffe,%ecx
  0x000077b4580dd60c:   test   %ecx,%ecx
  0x000077b4580dd60e:   je     0x000077b4580ddb09
  0x000077b4580dd614:   movabs $0x77b4142c06f8,%rdx         ;   {metadata(method data for {method} {0x0000000046204ee8} &apos;isStatic&apos; &apos;()Z&apos; in &apos;java/lang/invoke/MemberName&apos;)}
  0x000077b4580dd61e:   addq   $0x1,0xd8(%rdx)
  0x000077b4580dd626:   movabs $0x77b414115940,%rdx         ;   {metadata(method data for {method} {0x000000004623fb00} &apos;isStatic&apos; &apos;(I)Z&apos; in &apos;java/lang/reflect/Modifier&apos;)}
  0x000077b4580dd630:   mov    0x90(%rdx),%ecx
  0x000077b4580dd636:   add    $0x2,%ecx
  0x000077b4580dd639:   mov    %ecx,0x90(%rdx)
  0x000077b4580dd63f:   and    $0x1ffffe,%ecx
  0x000077b4580dd645:   test   %ecx,%ecx
  0x000077b4580dd647:   je     0x000077b4580ddb2a
  0x000077b4580dd64d:   and    $0x8,%esi
  0x000077b4580dd650:   test   %esi,%esi
  0x000077b4580dd652:   movabs $0x77b414115940,%rsi         ;   {metadata(method data for {method} {0x000000004623fb00} &apos;isStatic&apos; &apos;(I)Z&apos; in &apos;java/lang/reflect/Modifier&apos;)}
  0x000077b4580dd65c:   mov    $0xd8,%edx
  0x000077b4580dd661:   je     0x000077b4580dd668
  0x000077b4580dd663:   mov    $0xe8,%edx
  0x000077b4580dd668:   mov    (%rsi,%rdx,1),%rcx
  0x000077b4580dd66c:   lea    0x1(%rcx),%rcx
  0x000077b4580dd670:   mov    %rcx,(%rsi,%rdx,1)
  0x000077b4580dd674:   je     0x000077b4580dd694           ;*ifeq {reexecute=0 rethrow=0 return_oop=0}
                                                            ; - java.lang.reflect.Modifier::isStatic@4 (line 107)
                                                            ; - java.lang.invoke.MemberName::isStatic@4 (line 374)
                                                            ; - java.lang.invoke.MemberName::getInvocationType@31 (line 186)
  0x000077b4580dd67a:   movabs $0x77b414115940,%rsi         ;   {metadata(method data for {method} {0x000000004623fb00} &apos;isStatic&apos; &apos;(I)Z&apos; in &apos;java/lang/reflect/Modifier&apos;)}
  0x000077b4580dd684:   incl   0xf8(%rsi)
  0x000077b4580dd68a:   mov    $0x1,%esi
  0x000077b4580dd68f:   jmp    0x000077b4580dd699           ;*goto {reexecute=0 rethrow=0 return_oop=0}
                                                            ; - java.lang.reflect.Modifier::isStatic@8 (line 107)
                                                            ; - java.lang.invoke.MemberName::isStatic@4 (line 374)
                                                            ; - java.lang.invoke.MemberName::getInvocationType@31 (line 186)
  0x000077b4580dd694:   mov    $0x0,%esi                    ;*ireturn {reexecute=0 rethrow=0 return_oop=0}
                                                            ; - java.lang.reflect.Modifier::isStatic@12 (line 107)
                                                            ; - java.lang.invoke.MemberName::isStatic@4 (line 374)
                                                            ; - java.lang.invoke.MemberName::getInvocationType@31 (line 186)
  0x000077b4580dd699:   and    $0x1,%esi
  0x000077b4580dd69c:   and    $0x1,%esi
  0x000077b4580dd69f:   test   %esi,%esi
  0x000077b4580dd6a1:   movabs $0x77b41462c7d0,%rsi         ;   {metadata(method data for {method} {0x0000000046205570} &apos;getInvocationType&apos; &apos;()Ljava/lang/invoke/MethodType;&apos; in &apos;java/lang/invoke/MemberName&apos;)}
  0x000077b4580dd6ab:   mov    $0x208,%edx
  0x000077b4580dd6b0:   jne    0x000077b4580dd6b7
  0x000077b4580dd6b2:   mov    $0x218,%edx
  0x000077b4580dd6b7:   mov    (%rsi,%rdx,1),%rcx
  0x000077b4580dd6bb:   lea    0x1(%rcx),%rcx
  0x000077b4580dd6bf:   mov    %rcx,(%rsi,%rdx,1)
  0x000077b4580dd6c3:   jne    0x000077b4580dda6f
  0x000077b4580dd6c9:   jmp    0x000077b4580dd845           ;*ifne {reexecute=0 rethrow=0 return_oop=0}
                                                            ; - java.lang.invoke.MemberName::getInvocationType@34 (line 186)
  0x000077b4580dd6ce:   mov    0x18(%r9),%esi
  0x000077b4580dd6d2:   shl    $0x3,%rsi                    ;*getfield clazz {reexecute=0 rethrow=0 return_oop=0}
                                                            ; - java.lang.invoke.MemberName::getInvocationType@23 (line 185)
  0x000077b4580dd6d6:   cmp    (%r8),%rax                   ; implicit exception: dispatches to 0x000077b4580ddb4b
                                                            ;*invokevirtual changeReturnType {reexecute=0 rethrow=0 return_oop=0}
                                                            ; - java.lang.invoke.MemberName::getInvocationType@26 (line 185)
  0x000077b4580dd6d9:   mov    %r8,%rdx
  0x000077b4580dd6dc:   movabs $0x77b41462c7d0,%rcx         ;   {metadata(method data for {method} {0x0000000046205570} &apos;getInvocationType&apos; &apos;()Ljava/lang/invoke/MethodType;&apos; in &apos;java/lang/invoke/MemberName&apos;)}
  0x000077b4580dd6e6:   mov    0x8(%rdx),%edx
  0x000077b4580dd6e9:   mov    $0x46000000,%r10d
  0x000077b4580dd6ef:   add    %r10,%rdx
  0x000077b4580dd6f2:   mov    $0x36,%r10d
  0x000077b4580dd6f8:   cmp    (%rcx,%r10,8),%rdx
  0x000077b4580dd6fc:   je     0x000077b4580dd735
  0x000077b4580dd6fe:   add    $0x2,%r10
  0x000077b4580dd702:   cmp    $0x3a,%r10
  0x000077b4580dd706:   jne    0x000077b4580dd6f8
  0x000077b4580dd708:   mov    $0x36,%r10d
  0x000077b4580dd70e:   cmpq   $0x0,(%rcx,%r10,8)
  0x000077b4580dd713:   je     0x000077b4580dd721
  0x000077b4580dd715:   add    $0x2,%r10
  0x000077b4580dd719:   cmp    $0x3a,%r10
  0x000077b4580dd71d:   jne    0x000077b4580dd70e
  0x000077b4580dd71f:   jmp    0x000077b4580dd72d
  0x000077b4580dd721:   push   %rax
  0x000077b4580dd722:   xor    %rax,%rax
  0x000077b4580dd725:   cmpxchg %rdx,(%rcx,%r10,8)
  0x000077b4580dd72a:   pop    %rax
  0x000077b4580dd72b:   jmp    0x000077b4580dd6f2
  0x000077b4580dd72d:   mov    $0x35,%r10d
  0x000077b4580dd733:   jmp    0x000077b4580dd739
  0x000077b4580dd735:   add    $0x1,%r10
  0x000077b4580dd739:   addq   $0x1,(%rcx,%r10,8)
  0x000077b4580dd73e:   movabs $0x77b41461a4c0,%rdx         ;   {metadata(method data for {method} {0x0000000046480108} &apos;changeReturnType&apos; &apos;(Ljava/lang/Class;)Ljava/lang/invoke/MethodType;&apos; in &apos;java/lang/invoke/MethodType&apos;)}
  0x000077b4580dd748:   mov    0x90(%rdx),%ecx
  0x000077b4580dd74e:   add    $0x2,%ecx
  0x000077b4580dd751:   mov    %ecx,0x90(%rdx)
  0x000077b4580dd757:   and    $0x1ffffe,%ecx
  0x000077b4580dd75d:   test   %ecx,%ecx
  0x000077b4580dd75f:   je     0x000077b4580ddb50
  0x000077b4580dd765:   mov    %r8,%rdx
  0x000077b4580dd768:   movabs $0x77b41461a4c0,%rcx         ;   {metadata(method data for {method} {0x0000000046480108} &apos;changeReturnType&apos; &apos;(Ljava/lang/Class;)Ljava/lang/invoke/MethodType;&apos; in &apos;java/lang/invoke/MethodType&apos;)}
  0x000077b4580dd772:   mov    0x8(%rdx),%edx
  0x000077b4580dd775:   mov    $0x46000000,%r10d
  0x000077b4580dd77b:   add    %r10,%rdx
  0x000077b4580dd77e:   mov    $0x1c,%r10d
  0x000077b4580dd784:   cmp    (%rcx,%r10,8),%rdx
  0x000077b4580dd788:   je     0x000077b4580dd7c1
  0x000077b4580dd78a:   add    $0x2,%r10
  0x000077b4580dd78e:   cmp    $0x20,%r10
  0x000077b4580dd792:   jne    0x000077b4580dd784
  0x000077b4580dd794:   mov    $0x1c,%r10d
  0x000077b4580dd79a:   cmpq   $0x0,(%rcx,%r10,8)
  0x000077b4580dd79f:   je     0x000077b4580dd7ad
  0x000077b4580dd7a1:   add    $0x2,%r10
  0x000077b4580dd7a5:   cmp    $0x20,%r10
  0x000077b4580dd7a9:   jne    0x000077b4580dd79a
  0x000077b4580dd7ab:   jmp    0x000077b4580dd7b9
  0x000077b4580dd7ad:   push   %rax
  0x000077b4580dd7ae:   xor    %rax,%rax
  0x000077b4580dd7b1:   cmpxchg %rdx,(%rcx,%r10,8)
  0x000077b4580dd7b6:   pop    %rax
  0x000077b4580dd7b7:   jmp    0x000077b4580dd77e
  0x000077b4580dd7b9:   mov    $0x1b,%r10d
  0x000077b4580dd7bf:   jmp    0x000077b4580dd7c5
  0x000077b4580dd7c1:   add    $0x1,%r10
  0x000077b4580dd7c5:   addq   $0x1,(%rcx,%r10,8)
  0x000077b4580dd7ca:   mov    0xc(%r8),%edx
  0x000077b4580dd7ce:   shl    $0x3,%rdx                    ;*getfield rtype {reexecute=0 rethrow=0 return_oop=0}
                                                            ; - java.lang.invoke.MethodType::returnType@1 (line 840)
                                                            ; - java.lang.invoke.MethodType::changeReturnType@1 (line 697)
                                                            ; - java.lang.invoke.MemberName::getInvocationType@26 (line 185)
  0x000077b4580dd7d2:   cmp    %rsi,%rdx
  0x000077b4580dd7d5:   movabs $0x77b41461a4c0,%rdx         ;   {metadata(method data for {method} {0x0000000046480108} &apos;changeReturnType&apos; &apos;(Ljava/lang/Class;)Ljava/lang/invoke/MethodType;&apos; in &apos;java/lang/invoke/MethodType&apos;)}
  0x000077b4580dd7df:   mov    $0x118,%ecx
  0x000077b4580dd7e4:   je     0x000077b4580dd7eb
  0x000077b4580dd7e6:   mov    $0x108,%ecx
  0x000077b4580dd7eb:   mov    (%rdx,%rcx,1),%rdi
  0x000077b4580dd7ef:   lea    0x1(%rdi),%rdi
  0x000077b4580dd7f3:   mov    %rdi,(%rdx,%rcx,1)
  0x000077b4580dd7f7:   je     0x000077b4580dd82f           ;*if_acmpne {reexecute=0 rethrow=0 return_oop=0}
                                                            ; - java.lang.invoke.MethodType::changeReturnType@5 (line 697)
                                                            ; - java.lang.invoke.MemberName::getInvocationType@26 (line 185)
  0x000077b4580dd7fd:   mov    0x10(%r8),%edx
  0x000077b4580dd801:   shl    $0x3,%rdx                    ;*getfield ptypes {reexecute=0 rethrow=0 return_oop=0}
                                                            ; - java.lang.invoke.MethodType::changeReturnType@12 (line 698)
                                                            ; - java.lang.invoke.MemberName::getInvocationType@26 (line 185)
  0x000077b4580dd805:   movabs $0x77b41461a4c0,%rcx         ;   {metadata(method data for {method} {0x0000000046480108} &apos;changeReturnType&apos; &apos;(Ljava/lang/Class;)Ljava/lang/invoke/MethodType;&apos; in &apos;java/lang/invoke/MethodType&apos;)}
  0x000077b4580dd80f:   addq   $0x1,0x128(%rcx)
  0x000077b4580dd817:   mov    $0x1,%ecx                    ;*invokestatic methodType {reexecute=0 rethrow=0 return_oop=0}
                                                            ; - java.lang.invoke.MethodType::changeReturnType@16 (line 698)
                                                            ; - java.lang.invoke.MemberName::getInvocationType@26 (line 185)
  0x000077b4580dd81c:   data16 xchg %ax,%ax
  0x000077b4580dd81f:   call   0x000077b458043700           ; ImmutableOopMap {}
                                                            ;*invokestatic methodType {reexecute=0 rethrow=0 return_oop=0}
                                                            ; - java.lang.invoke.MethodType::changeReturnType@16 (line 698)
                                                            ; - java.lang.invoke.MemberName::getInvocationType@26 (line 185)
                                                            ;   {static_call}
  0x000077b4580dd824:   nopl   0x100069c(%rax,%rax,1)       ;*invokestatic methodType {reexecute=0 rethrow=0 return_oop=0}
                                                            ; - java.lang.invoke.MethodType::changeReturnType@16 (line 698)
                                                            ; - java.lang.invoke.MemberName::getInvocationType@26 (line 185)
                                                            ;   {post_call_nop}
  0x000077b4580dd82c:   mov    %rax,%r8
  0x000077b4580dd82f:   mov    %r8,%rax
  0x000077b4580dd832:   add    $0x80,%rsp
  0x000077b4580dd839:   pop    %rbp
  0x000077b4580dd83a:   cmp    0x28(%r15),%rsp              ;   {poll_return}
  0x000077b4580dd83e:   ja     0x000077b4580ddb71
  0x000077b4580dd844:   ret                                 ;*areturn {reexecute=0 rethrow=0 return_oop=0}
                                                            ; - java.lang.invoke.MemberName::getInvocationType@29 (line 185)
  0x000077b4580dd845:   mov    $0x1,%ebx
  0x000077b4580dd84a:   movabs $0x461882e8,%rdx             ;   {metadata(&apos;java/lang/Class&apos;[])}
  0x000077b4580dd854:   movslq %ebx,%rbx
  0x000077b4580dd857:   mov    %rbx,%rdi
  0x000077b4580dd85a:   cmp    $0xffffff,%rbx
  0x000077b4580dd861:   ja     0x000077b4580ddb87
  0x000077b4580dd867:   mov    $0x17,%esi
  0x000077b4580dd86c:   lea    (%rsi,%rbx,4),%rsi
  0x000077b4580dd870:   and    $0xfffffffffffffff8,%rsi
  0x000077b4580dd874:   mov    0x1b0(%r15),%rax
  0x000077b4580dd87b:   lea    (%rax,%rsi,1),%rsi
  0x000077b4580dd87f:   cmp    0x1c0(%r15),%rsi
  0x000077b4580dd886:   ja     0x000077b4580ddb87
  0x000077b4580dd88c:   mov    %rsi,0x1b0(%r15)
  0x000077b4580dd893:   sub    %rax,%rsi
  0x000077b4580dd896:   movq   $0x1,(%rax)
  0x000077b4580dd89d:   mov    %rdx,%rcx
  0x000077b4580dd8a0:   mov    $0x46000000,%r10d
  0x000077b4580dd8a6:   sub    %r10,%rcx
  0x000077b4580dd8a9:   mov    %ecx,0x8(%rax)
  0x000077b4580dd8ac:   mov    %ebx,0xc(%rax)
  0x000077b4580dd8af:   sub    $0x10,%rsi
  0x000077b4580dd8b3:   test   %rsi,%rsi
  0x000077b4580dd8b6:   je     0x000077b4580dd8cd
  0x000077b4580dd8bc:   xor    %rbx,%rbx
  0x000077b4580dd8bf:   shr    $0x3,%rsi
  0x000077b4580dd8c3:   mov    %rbx,0x8(%rax,%rsi,8)
  0x000077b4580dd8c8:   dec    %rsi
  0x000077b4580dd8cb:   jne    0x000077b4580dd8c3           ;*anewarray {reexecute=0 rethrow=0 return_oop=0}
                                                            ; - java.lang.invoke.MemberName::getInvocationType@40 (line 187)
  0x000077b4580dd8cd:   mov    0x18(%r9),%edx
  0x000077b4580dd8d1:   shl    $0x3,%rdx                    ;*getfield clazz {reexecute=0 rethrow=0 return_oop=0}
                                                            ; - java.lang.invoke.MemberName::getInvocationType@46 (line 187)
  0x000077b4580dd8d5:   test   %rdx,%rdx
  0x000077b4580dd8d8:   movabs $0x77b41462c7d0,%rsi         ;   {metadata(method data for {method} {0x0000000046205570} &apos;getInvocationType&apos; &apos;()Ljava/lang/invoke/MethodType;&apos; in &apos;java/lang/invoke/MemberName&apos;)}
  0x000077b4580dd8e2:   jne    0x000077b4580dd8f0
  0x000077b4580dd8e4:   orb    $0x1,0x221(%rsi)
  0x000077b4580dd8eb:   jmp    0x000077b4580dd997
  0x000077b4580dd8f0:   mov    0x8(%rdx),%ecx
  0x000077b4580dd8f3:   mov    $0x46000000,%r10d
  0x000077b4580dd8f9:   add    %r10,%rcx
  0x000077b4580dd8fc:   mov    $0x46,%r10d
  0x000077b4580dd902:   cmp    (%rsi,%r10,8),%rcx
  0x000077b4580dd906:   je     0x000077b4580dd93f
  0x000077b4580dd908:   add    $0x2,%r10
  0x000077b4580dd90c:   cmp    $0x4a,%r10
  0x000077b4580dd910:   jne    0x000077b4580dd902
  0x000077b4580dd912:   mov    $0x46,%r10d
  0x000077b4580dd918:   cmpq   $0x0,(%rsi,%r10,8)
  0x000077b4580dd91d:   je     0x000077b4580dd92b
  0x000077b4580dd91f:   add    $0x2,%r10
  0x000077b4580dd923:   cmp    $0x4a,%r10
  0x000077b4580dd927:   jne    0x000077b4580dd918
  0x000077b4580dd929:   jmp    0x000077b4580dd937
  0x000077b4580dd92b:   push   %rax
  0x000077b4580dd92c:   xor    %rax,%rax
  0x000077b4580dd92f:   cmpxchg %rcx,(%rsi,%r10,8)
  0x000077b4580dd934:   pop    %rax
  0x000077b4580dd935:   jmp    0x000077b4580dd8fc
  0x000077b4580dd937:   mov    $0x45,%r10d
  0x000077b4580dd93d:   jmp    0x000077b4580dd943
  0x000077b4580dd93f:   add    $0x1,%r10
  0x000077b4580dd943:   addq   $0x1,(%rsi,%r10,8)
  0x000077b4580dd948:   mov    0x8(%rax),%ecx               ; implicit exception: dispatches to 0x000077b4580ddb91
  0x000077b4580dd94b:   mov    $0x46000000,%r10d
  0x000077b4580dd951:   add    %r10,%rcx
  0x000077b4580dd954:   mov    0x8(%rdx),%esi
  0x000077b4580dd957:   mov    $0x46000000,%r10d
  0x000077b4580dd95d:   add    %r10,%rsi
  0x000077b4580dd960:   mov    0xe0(%rcx),%rcx
  0x000077b4580dd967:   cmp    %rcx,%rsi
  0x000077b4580dd96a:   je     0x000077b4580dd997
  0x000077b4580dd970:   mov    0x10(%rcx),%edi
  0x000077b4580dd973:   cmp    (%rsi,%rdi,1),%rcx
  0x000077b4580dd977:   je     0x000077b4580dd997
  0x000077b4580dd97d:   cmp    $0x20,%edi
  0x000077b4580dd980:   jne    0x000077b4580ddb96
  0x000077b4580dd986:   push   %rsi
  0x000077b4580dd987:   push   %rcx
  0x000077b4580dd988:   call   0x000077b45f57fee0           ;   {runtime_call slow_subtype_check_blob (C1 runtime)}
  0x000077b4580dd98d:   pop    %rsi
  0x000077b4580dd98e:   pop    %rcx
  0x000077b4580dd98f:   test   %ecx,%ecx
  0x000077b4580dd991:   je     0x000077b4580ddb96
  0x000077b4580dd997:   lea    0x10(%rax),%rcx
  0x000077b4580dd99b:   movsbl 0x48(%r15),%esi
  0x000077b4580dd9a0:   test   %esi,%esi
  0x000077b4580dd9a2:   jne    0x000077b4580ddb9f
  0x000077b4580dd9a8:   mov    %rdx,%r10
  0x000077b4580dd9ab:   shr    $0x3,%r10
  0x000077b4580dd9af:   mov    %r10d,(%rcx)
  0x000077b4580dd9b2:   mov    %rcx,%rdi
  0x000077b4580dd9b5:   xor    %rdx,%rdi
  0x000077b4580dd9b8:   shr    $0x17,%rdi
  0x000077b4580dd9bc:   je     0x000077b4580dd9d6
  0x000077b4580dd9be:   test   %rdx,%rdx
  0x000077b4580dd9c1:   je     0x000077b4580dd9d6
  0x000077b4580dd9c3:   mov    %rcx,%rdi
  0x000077b4580dd9c6:   shr    $0x9,%rdi
  0x000077b4580dd9ca:   add    0x50(%r15),%rdi
  0x000077b4580dd9ce:   cmpb   $0xff,(%rdi)
  0x000077b4580dd9d1:   jne    0x000077b4580dd9d6
  0x000077b4580dd9d3:   movb   $0x0,(%rdi)                  ;*aastore {reexecute=0 rethrow=0 return_oop=0}
                                                            ; - java.lang.invoke.MemberName::getInvocationType@49 (line 187)
  0x000077b4580dd9d6:   cmp    (%r8),%rax                   ; implicit exception: dispatches to 0x000077b4580ddbbc
  0x000077b4580dd9d9:   mov    %r8,%rdx
  0x000077b4580dd9dc:   movabs $0x77b41462c7d0,%rcx         ;   {metadata(method data for {method} {0x0000000046205570} &apos;getInvocationType&apos; &apos;()Ljava/lang/invoke/MethodType;&apos; in &apos;java/lang/invoke/MemberName&apos;)}
  0x000077b4580dd9e6:   mov    0x8(%rdx),%edx
  0x000077b4580dd9e9:   mov    $0x46000000,%r10d
  0x000077b4580dd9ef:   add    %r10,%rdx
  0x000077b4580dd9f2:   mov    $0x4c,%r10d
  0x000077b4580dd9f8:   cmp    (%rcx,%r10,8),%rdx
  0x000077b4580dd9fc:   je     0x000077b4580dda35
  0x000077b4580dd9fe:   add    $0x2,%r10
  0x000077b4580dda02:   cmp    $0x50,%r10
  0x000077b4580dda06:   jne    0x000077b4580dd9f8
  0x000077b4580dda08:   mov    $0x4c,%r10d
  0x000077b4580dda0e:   cmpq   $0x0,(%rcx,%r10,8)
  0x000077b4580dda13:   je     0x000077b4580dda21
  0x000077b4580dda15:   add    $0x2,%r10
  0x000077b4580dda19:   cmp    $0x50,%r10
  0x000077b4580dda1d:   jne    0x000077b4580dda0e
  0x000077b4580dda1f:   jmp    0x000077b4580dda2d
  0x000077b4580dda21:   push   %rax
  0x000077b4580dda22:   xor    %rax,%rax
  0x000077b4580dda25:   cmpxchg %rdx,(%rcx,%r10,8)
  0x000077b4580dda2a:   pop    %rax
  0x000077b4580dda2b:   jmp    0x000077b4580dd9f2
  0x000077b4580dda2d:   mov    $0x4b,%r10d
  0x000077b4580dda33:   jmp    0x000077b4580dda39
  0x000077b4580dda35:   add    $0x1,%r10
  0x000077b4580dda39:   addq   $0x1,(%rcx,%r10,8)
  0x000077b4580dda3e:   mov    $0x0,%edx
  0x000077b4580dda43:   mov    %rax,%rcx
  0x000077b4580dda46:   mov    %r8,%rsi                     ;*invokevirtual insertParameterTypes {reexecute=0 rethrow=0 return_oop=0}
                                                            ; - java.lang.invoke.MemberName::getInvocationType@50 (line 187)
  0x000077b4580dda49:   nopw   0x0(%rax,%rax,1)
  0x000077b4580dda4f:   call   0x000077b45f4ad9e0           ; ImmutableOopMap {}
                                                            ;*invokevirtual insertParameterTypes {reexecute=0 rethrow=0 return_oop=0}
                                                            ; - java.lang.invoke.MemberName::getInvocationType@50 (line 187)
                                                            ;   {optimized virtual_call}
  0x000077b4580dda54:   nopl   0x20008cc(%rax,%rax,1)       ;*invokevirtual insertParameterTypes {reexecute=0 rethrow=0 return_oop=0}
                                                            ; - java.lang.invoke.MemberName::getInvocationType@50 (line 187)
                                                            ;   {post_call_nop}
  0x000077b4580dda5c:   add    $0x80,%rsp
  0x000077b4580dda63:   pop    %rbp
  0x000077b4580dda64:   cmp    0x28(%r15),%rsp              ;   {poll_return}
  0x000077b4580dda68:   ja     0x000077b4580ddbc1
  0x000077b4580dda6e:   ret                                 ;*areturn {reexecute=0 rethrow=0 return_oop=0}
                                                            ; - java.lang.invoke.MemberName::getInvocationType@53 (line 187)
  0x000077b4580dda6f:   mov    %r8,%rax
  0x000077b4580dda72:   add    $0x80,%rsp
  0x000077b4580dda79:   pop    %rbp
  0x000077b4580dda7a:   cmp    0x28(%r15),%rsp              ;   {poll_return}
  0x000077b4580dda7e:   ja     0x000077b4580ddbd7
  0x000077b4580dda84:   ret    
  0x000077b4580dda85:   movabs $0x46205570,%r10             ;   {metadata({method} {0x0000000046205570} &apos;getInvocationType&apos; &apos;()Ljava/lang/invoke/MethodType;&apos; in &apos;java/lang/invoke/MemberName&apos;)}
  0x000077b4580dda8f:   mov    %r10,0x8(%rsp)
  0x000077b4580dda94:   movq   $0xffffffffffffffff,(%rsp)
  0x000077b4580dda9c:   call   0x000077b45f582fe0           ; ImmutableOopMap {rsi=Oop }
                                                            ;*synchronization entry
                                                            ; - java.lang.invoke.MemberName::getInvocationType@-1 (line 183)
                                                            ;   {runtime_call counter_overflow_blob (C1 runtime)}
  0x000077b4580ddaa1:   jmp    0x000077b4580dd2e6
  0x000077b4580ddaa6:   movabs $0x46204de0,%r10             ;   {metadata({method} {0x0000000046204de0} &apos;isConstructor&apos; &apos;()Z&apos; in &apos;java/lang/invoke/MemberName&apos;)}
  0x000077b4580ddab0:   mov    %r10,0x8(%rsp)
  0x000077b4580ddab5:   movq   $0xffffffffffffffff,(%rsp)
  0x000077b4580ddabd:   call   0x000077b45f582fe0           ; ImmutableOopMap {r8=Oop [104]=Oop }
                                                            ;*synchronization entry
                                                            ; - java.lang.invoke.MemberName::isConstructor@-1 (line 457)
                                                            ; - java.lang.invoke.MemberName::getInvocationType@6 (line 184)
                                                            ;   {runtime_call counter_overflow_blob (C1 runtime)}
  0x000077b4580ddac2:   jmp    0x000077b4580dd3f5
  0x000077b4580ddac7:   movabs $0x46205af0,%r10             ;   {metadata({method} {0x0000000046205af0} &apos;allFlagsSet&apos; &apos;(I)Z&apos; in &apos;java/lang/invoke/MemberName&apos;)}
  0x000077b4580ddad1:   mov    %r10,0x8(%rsp)
  0x000077b4580ddad6:   movq   $0xffffffffffffffff,(%rsp)
  0x000077b4580ddade:   call   0x000077b45f582fe0           ; ImmutableOopMap {r8=Oop [104]=Oop }
                                                            ;*synchronization entry
                                                            ; - java.lang.invoke.MemberName::allFlagsSet@-1 (line 332)
                                                            ; - java.lang.invoke.MemberName::isConstructor@4 (line 457)
                                                            ; - java.lang.invoke.MemberName::getInvocationType@6 (line 184)
                                                            ;   {runtime_call counter_overflow_blob (C1 runtime)}
  0x000077b4580ddae3:   jmp    0x000077b4580dd433
  0x000077b4580ddae8:   movabs $0x462052b0,%r10             ;   {metadata({method} {0x00000000462052b0} &apos;getReferenceKind&apos; &apos;()B&apos; in &apos;java/lang/invoke/MemberName&apos;)}
  0x000077b4580ddaf2:   mov    %r10,0x8(%rsp)
  0x000077b4580ddaf7:   movq   $0xffffffffffffffff,(%rsp)
  0x000077b4580ddaff:   call   0x000077b45f582fe0           ; ImmutableOopMap {r8=Oop r9=Oop }
                                                            ;*synchronization entry
                                                            ; - java.lang.invoke.MemberName::getReferenceKind@-1 (line 242)
                                                            ; - java.lang.invoke.MemberName::getInvocationType@13 (line 184)
                                                            ;   {runtime_call counter_overflow_blob (C1 runtime)}
  0x000077b4580ddb04:   jmp    0x000077b4580dd54e
  0x000077b4580ddb09:   movabs $0x46204ee8,%r10             ;   {metadata({method} {0x0000000046204ee8} &apos;isStatic&apos; &apos;()Z&apos; in &apos;java/lang/invoke/MemberName&apos;)}
  0x000077b4580ddb13:   mov    %r10,0x8(%rsp)
  0x000077b4580ddb18:   movq   $0xffffffffffffffff,(%rsp)
  0x000077b4580ddb20:   call   0x000077b45f582fe0           ; ImmutableOopMap {r8=Oop r9=Oop }
                                                            ;*synchronization entry
                                                            ; - java.lang.invoke.MemberName::isStatic@-1 (line 374)
                                                            ; - java.lang.invoke.MemberName::getInvocationType@31 (line 186)
                                                            ;   {runtime_call counter_overflow_blob (C1 runtime)}
  0x000077b4580ddb25:   jmp    0x000077b4580dd614
  0x000077b4580ddb2a:   movabs $0x4623fb00,%r10             ;   {metadata({method} {0x000000004623fb00} &apos;isStatic&apos; &apos;(I)Z&apos; in &apos;java/lang/reflect/Modifier&apos;)}
  0x000077b4580ddb34:   mov    %r10,0x8(%rsp)
  0x000077b4580ddb39:   movq   $0xffffffffffffffff,(%rsp)
  0x000077b4580ddb41:   call   0x000077b45f582fe0           ; ImmutableOopMap {r8=Oop r9=Oop }
                                                            ;*synchronization entry
                                                            ; - java.lang.reflect.Modifier::isStatic@-1 (line 107)
                                                            ; - java.lang.invoke.MemberName::isStatic@4 (line 374)
                                                            ; - java.lang.invoke.MemberName::getInvocationType@31 (line 186)
                                                            ;   {runtime_call counter_overflow_blob (C1 runtime)}
  0x000077b4580ddb46:   jmp    0x000077b4580dd64d
  0x000077b4580ddb4b:   call   0x000077b45f57c660           ; ImmutableOopMap {r8=Oop rsi=Oop }
                                                            ;*invokevirtual changeReturnType {reexecute=0 rethrow=0 return_oop=0}
                                                            ; - java.lang.invoke.MemberName::getInvocationType@26 (line 185)
                                                            ;   {runtime_call throw_null_pointer_exception_blob (C1 runtime)}
  0x000077b4580ddb50:   movabs $0x46480108,%r10             ;   {metadata({method} {0x0000000046480108} &apos;changeReturnType&apos; &apos;(Ljava/lang/Class;)Ljava/lang/invoke/MethodType;&apos; in &apos;java/lang/invoke/MethodType&apos;)}
  0x000077b4580ddb5a:   mov    %r10,0x8(%rsp)
  0x000077b4580ddb5f:   movq   $0xffffffffffffffff,(%rsp)
  0x000077b4580ddb67:   call   0x000077b45f582fe0           ; ImmutableOopMap {r8=Oop rsi=Oop }
                                                            ;*synchronization entry
                                                            ; - java.lang.invoke.MethodType::changeReturnType@-1 (line 697)
                                                            ; - java.lang.invoke.MemberName::getInvocationType@26 (line 185)
                                                            ;   {runtime_call counter_overflow_blob (C1 runtime)}
  0x000077b4580ddb6c:   jmp    0x000077b4580dd765
  0x000077b4580ddb71:   movabs $0x77b4580dd83a,%r10         ;   {internal_word}
  0x000077b4580ddb7b:   mov    %r10,0x510(%r15)
  0x000077b4580ddb82:   jmp    0x000077b45f4afb60           ;   {runtime_call SafepointBlob}
  0x000077b4580ddb87:   call   0x000077b45f57dce0           ; ImmutableOopMap {r9=Oop r8=Oop }
                                                            ;*anewarray {reexecute=0 rethrow=0 return_oop=0}
                                                            ; - java.lang.invoke.MemberName::getInvocationType@40 (line 187)
                                                            ;   {runtime_call new_object_array_blob (C1 runtime)}
  0x000077b4580ddb8c:   jmp    0x000077b4580dd8cd
  0x000077b4580ddb91:   call   0x000077b45f57c660           ; ImmutableOopMap {r8=Oop rax=Oop rdx=Oop }
                                                            ;*aastore {reexecute=1 rethrow=0 return_oop=0}
                                                            ; - (reexecute) java.lang.invoke.MemberName::getInvocationType@49 (line 187)
                                                            ;   {runtime_call throw_null_pointer_exception_blob (C1 runtime)}
  0x000077b4580ddb96:   mov    %rdx,(%rsp)
  0x000077b4580ddb9a:   call   0x000077b45f57f0e0           ; ImmutableOopMap {r8=Oop rax=Oop rdx=Oop }
                                                            ;*aastore {reexecute=1 rethrow=0 return_oop=0}
                                                            ; - (reexecute) java.lang.invoke.MemberName::getInvocationType@49 (line 187)
                                                            ;   {runtime_call throw_array_store_exception_blob (C1 runtime)}
  0x000077b4580ddb9f:   mov    (%rcx),%esi
  0x000077b4580ddba1:   shl    $0x3,%rsi
  0x000077b4580ddba5:   test   %rsi,%rsi
  0x000077b4580ddba8:   je     0x000077b4580dd9a8
  0x000077b4580ddbae:   mov    %rsi,(%rsp)
  0x000077b4580ddbb2:   call   0x000077b45f583a60           ;   {runtime_call g1_pre_barrier_slow}
  0x000077b4580ddbb7:   jmp    0x000077b4580dd9a8
  0x000077b4580ddbbc:   call   0x000077b45f57c660           ; ImmutableOopMap {r8=Oop rax=Oop }
                                                            ;*invokevirtual insertParameterTypes {reexecute=0 rethrow=0 return_oop=0}
                                                            ; - java.lang.invoke.MemberName::getInvocationType@50 (line 187)
                                                            ;   {runtime_call throw_null_pointer_exception_blob (C1 runtime)}
  0x000077b4580ddbc1:   movabs $0x77b4580dda64,%r10         ;   {internal_word}
  0x000077b4580ddbcb:   mov    %r10,0x510(%r15)
  0x000077b4580ddbd2:   jmp    0x000077b45f4afb60           ;   {runtime_call SafepointBlob}
  0x000077b4580ddbd7:   movabs $0x77b4580dda7a,%r10         ;   {internal_word}
  0x000077b4580ddbe1:   mov    %r10,0x510(%r15)
  0x000077b4580ddbe8:   jmp    0x000077b45f4afb60           ;   {runtime_call SafepointBlob}
  0x000077b4580ddbed:   mov    0x5c0(%r15),%rax
  0x000077b4580ddbf4:   movq   $0x0,0x5c0(%r15)
  0x000077b4580ddbff:   movq   $0x0,0x5c8(%r15)
  0x000077b4580ddc0a:   add    $0x80,%rsp
  0x000077b4580ddc11:   pop    %rbp
  0x000077b4580ddc12:   jmp    0x000077b45f57b760           ;   {runtime_call unwind_exception_blob (C1 runtime)}
  0x000077b4580ddc17:   hlt    
[Stub Code]
  0x000077b4580ddc18:   movabs $0x0,%rbx                    ;   {static_stub}
  0x000077b4580ddc22:   jmp    0x000077b4580ddc22           ;   {runtime_call nmethod}
  0x000077b4580ddc27:   movabs $0x0,%rbx                    ;   {static_stub}
  0x000077b4580ddc31:   jmp    0x000077b4580ddc31           ;   {runtime_call nmethod}
  0x000077b4580ddc36:   movabs $0x0,%rbx                    ;   {static_stub}
  0x000077b4580ddc40:   jmp    0x000077b4580ddc40           ;   {runtime_call nmethod}
[Exception Handler]
  0x000077b4580ddc45:   call   0x000077b45f57ede0           ;   {runtime_call handle_exception_from_callee_blob (C1 runtime)}
  0x000077b4580ddc4a:   movabs $0x77b478d3aec4,%rdi         ;   {external_word}
  0x000077b4580ddc54:   and    $0xfffffffffffffff0,%rsp
  0x000077b4580ddc58:   call   0x000077b478791cc0           ;   {runtime_call MacroAssembler::debug64(char*, long, long*)}
  0x000077b4580ddc5d:   hlt    
  0x000077b4580ddc5e:   call   0x000077b45f4afe60           ;   {runtime_call DeoptimizationBlob}
[Deopt Handler Entry Point]
  0x000077b4580ddc63:   jmp    0x000077b4580ddc5e
  0x000077b4580ddc65:   hlt    
  0x000077b4580ddc66:   hlt    
  0x000077b4580ddc67:   hlt    
--------------------------------------------------------------------------------
[/Disassembly]
