
============================= C1-compiled nmethod ==============================
----------------------------------- Assembly -----------------------------------

Compiled method (c1) 25463 1250       3       java.lang.invoke.MemberName$Factory::resolveOrFail (83 bytes)
 total in heap  [0x000077b4580df988,0x000077b4580e01d0] = 2120
 main code      [0x000077b4580dfa80,0x000077b4580e0170] = 1776
 stub code      [0x000077b4580e0170,0x000077b4580e01d0] = 96
 mutable data [0x000077b3f00b37b0,0x000077b3f00b3888] = 216
 relocation     [0x000077b3f00b37b0,0x000077b3f00b3858] = 168
 metadata       [0x000077b3f00b3858,0x000077b3f00b3888] = 48
 immutable data [0x000077b3f008dfd0,0x000077b3f008e42c] = 1116
 dependencies   [0x000077b3f008dfd0,0x000077b3f008dfe0] = 16
 nul chk table  [0x000077b3f008dfe0,0x000077b3f008e008] = 40
 scopes pcs     [0x000077b3f008e008,0x000077b3f008e2c8] = 704
 scopes data    [0x000077b3f008e2c8,0x000077b3f008e428] = 352

[Disassembly]
--------------------------------------------------------------------------------
[Constant Pool (empty)]

--------------------------------------------------------------------------------

[Instructions begin]
  0x000077b4580dfa80:   data16 data16 nopw 0x0(%rax,%rax,1)
  0x000077b4580dfa8b:   data16 data16 xchg %ax,%ax
  0x000077b4580dfa8f:   data16 xchg %ax,%ax
[Entry Point]
  # {method} {0x0000000046282028} &apos;resolveOrFail&apos; &apos;(BLjava/lang/invoke/MemberName;Ljava/lang/Class;ILjava/lang/Class;)Ljava/lang/invoke/MemberName;&apos; in &apos;java/lang/invoke/MemberName$Factory&apos;
  # this:     rsi:rsi   = &apos;java/lang/invoke/MemberName$Factory&apos;
  # parm0:    rdx       = byte
  # parm1:    rcx:rcx   = &apos;java/lang/invoke/MemberName&apos;
  # parm2:    r8:r8     = &apos;java/lang/Class&apos;
  # parm3:    r9        = int
  # parm4:    rdi:rdi   = &apos;java/lang/Class&apos;
  #           [sp+0x90]  (sp of caller)
  0x000077b4580dfa92:   mov    0x8(%rsi),%r10d
  0x000077b4580dfa96:   cmp    0x8(%rax),%r10d
  0x000077b4580dfa9a:   jne    0x000077b45f4ad6e0           ;   {runtime_call ic_miss_blob (shared runtime)}
[Verified Entry Point]
  0x000077b4580dfaa0:   mov    %eax,-0x14000(%rsp)
  0x000077b4580dfaa7:   push   %rbp
  0x000077b4580dfaa8:   sub    $0x80,%rsp
  0x000077b4580dfaaf:   nop
  0x000077b4580dfab0:   cmpl   $0x1,0x20(%r15)
  0x000077b4580dfab8:   je     0x000077b4580dfabf
  0x000077b4580dfaba:   call   Stub::method_entry_barrier_stub (stub gen)
                                                            ;   {runtime_call Stub::method_entry_barrier_stub (stub gen)}
  0x000077b4580dfabf:   mov    %rdi,0x60(%rsp)
  0x000077b4580dfac4:   movabs $0x77b41462f198,%rbx         ;   {metadata(method data for {method} {0x0000000046282028} &apos;resolveOrFail&apos; &apos;(BLjava/lang/invoke/MemberName;Ljava/lang/Class;ILjava/lang/Class;)Ljava/lang/invoke/MemberName;&apos; in &apos;java/lang/invoke/MemberName$Factory&apos;)}
  0x000077b4580dface:   mov    0x90(%rbx),%eax
  0x000077b4580dfad4:   add    $0x2,%eax
  0x000077b4580dfad7:   mov    %eax,0x90(%rbx)
  0x000077b4580dfadd:   and    $0x7fe,%eax
  0x000077b4580dfae2:   test   %eax,%eax
  0x000077b4580dfae4:   je     0x000077b4580e0089           ;*getstatic $assertionsDisabled {reexecute=0 rethrow=0 return_oop=0}
                                                            ; - java.lang.invoke.MemberName$Factory::resolveOrFail@0 (line 985)
  0x000077b4580dfaea:   movabs $0x77b41462f198,%rbx         ;   {metadata(method data for {method} {0x0000000046282028} &apos;resolveOrFail&apos; &apos;(BLjava/lang/invoke/MemberName;Ljava/lang/Class;ILjava/lang/Class;)Ljava/lang/invoke/MemberName;&apos; in &apos;java/lang/invoke/MemberName$Factory&apos;)}
  0x000077b4580dfaf4:   incl   0xd8(%rbx)                   ;*ifne {reexecute=0 rethrow=0 return_oop=0}
                                                            ; - java.lang.invoke.MemberName$Factory::resolveOrFail@3 (line 985)
  0x000077b4580dfafa:   mov    %rsi,%rbx
  0x000077b4580dfafd:   movabs $0x77b41462f198,%rax         ;   {metadata(method data for {method} {0x0000000046282028} &apos;resolveOrFail&apos; &apos;(BLjava/lang/invoke/MemberName;Ljava/lang/Class;ILjava/lang/Class;)Ljava/lang/invoke/MemberName;&apos; in &apos;java/lang/invoke/MemberName$Factory&apos;)}
  0x000077b4580dfb07:   addq   $0x1,0x148(%rax)
  0x000077b4580dfb0f:   mov    $0x0,%edi                    ;*invokevirtual resolve {reexecute=0 rethrow=0 return_oop=0}
                                                            ; - java.lang.invoke.MemberName$Factory::resolveOrFail@31 (line 986)
  0x000077b4580dfb14:   data16 xchg %ax,%ax
  0x000077b4580dfb17:   call   0x000077b45f4ad9e0           ; ImmutableOopMap {[96]=Oop }
                                                            ;*invokevirtual resolve {reexecute=0 rethrow=0 return_oop=0}
                                                            ; - java.lang.invoke.MemberName$Factory::resolveOrFail@31 (line 986)
                                                            ;   {optimized virtual_call}
  0x000077b4580dfb1c:   nopl   0x194(%rax,%rax,1)           ;*invokevirtual resolve {reexecute=0 rethrow=0 return_oop=0}
                                                            ; - java.lang.invoke.MemberName$Factory::resolveOrFail@31 (line 986)
                                                            ;   {post_call_nop}
  0x000077b4580dfb24:   cmp    (%rax),%rax                  ; implicit exception: dispatches to 0x000077b4580e00aa
                                                            ;*invokevirtual isResolved {reexecute=0 rethrow=0 return_oop=0}
                                                            ; - java.lang.invoke.MemberName$Factory::resolveOrFail@38 (line 987)
  0x000077b4580dfb27:   mov    %rax,%rsi
  0x000077b4580dfb2a:   movabs $0x77b41462f198,%rdi         ;   {metadata(method data for {method} {0x0000000046282028} &apos;resolveOrFail&apos; &apos;(BLjava/lang/invoke/MemberName;Ljava/lang/Class;ILjava/lang/Class;)Ljava/lang/invoke/MemberName;&apos; in &apos;java/lang/invoke/MemberName$Factory&apos;)}
  0x000077b4580dfb34:   mov    0x8(%rsi),%esi
  0x000077b4580dfb37:   mov    $0x46000000,%r10d
  0x000077b4580dfb3d:   add    %r10,%rsi
  0x000077b4580dfb40:   mov    $0x30,%r10d
  0x000077b4580dfb46:   cmp    (%rdi,%r10,8),%rsi
  0x000077b4580dfb4a:   je     0x000077b4580dfb83
  0x000077b4580dfb4c:   add    $0x2,%r10
  0x000077b4580dfb50:   cmp    $0x34,%r10
  0x000077b4580dfb54:   jne    0x000077b4580dfb46
  0x000077b4580dfb56:   mov    $0x30,%r10d
  0x000077b4580dfb5c:   cmpq   $0x0,(%rdi,%r10,8)
  0x000077b4580dfb61:   je     0x000077b4580dfb6f
  0x000077b4580dfb63:   add    $0x2,%r10
  0x000077b4580dfb67:   cmp    $0x34,%r10
  0x000077b4580dfb6b:   jne    0x000077b4580dfb5c
  0x000077b4580dfb6d:   jmp    0x000077b4580dfb7b
  0x000077b4580dfb6f:   push   %rax
  0x000077b4580dfb70:   xor    %rax,%rax
  0x000077b4580dfb73:   cmpxchg %rsi,(%rdi,%r10,8)
  0x000077b4580dfb78:   pop    %rax
  0x000077b4580dfb79:   jmp    0x000077b4580dfb40
  0x000077b4580dfb7b:   mov    $0x2f,%r10d
  0x000077b4580dfb81:   jmp    0x000077b4580dfb87
  0x000077b4580dfb83:   add    $0x1,%r10
  0x000077b4580dfb87:   addq   $0x1,(%rdi,%r10,8)
  0x000077b4580dfb8c:   movabs $0x77b4143bed60,%rsi         ;   {metadata(method data for {method} {0x0000000046205258} &apos;isResolved&apos; &apos;()Z&apos; in &apos;java/lang/invoke/MemberName&apos;)}
  0x000077b4580dfb96:   mov    0x90(%rsi),%edi
  0x000077b4580dfb9c:   add    $0x2,%edi
  0x000077b4580dfb9f:   mov    %edi,0x90(%rsi)
  0x000077b4580dfba5:   and    $0x1ffffe,%edi
  0x000077b4580dfbab:   test   %edi,%edi
  0x000077b4580dfbad:   je     0x000077b4580e00af
  0x000077b4580dfbb3:   mov    0x28(%rax),%esi
  0x000077b4580dfbb6:   shl    $0x3,%rsi                    ;*getfield resolution {reexecute=0 rethrow=0 return_oop=0}
                                                            ; - java.lang.invoke.MemberName::isResolved@1 (line 793)
                                                            ; - java.lang.invoke.MemberName$Factory::resolveOrFail@38 (line 987)
  0x000077b4580dfbba:   test   %rsi,%rsi
  0x000077b4580dfbbd:   movabs $0x77b4143bed60,%rsi         ;   {metadata(method data for {method} {0x0000000046205258} &apos;isResolved&apos; &apos;()Z&apos; in &apos;java/lang/invoke/MemberName&apos;)}
  0x000077b4580dfbc7:   mov    $0xd8,%edi
  0x000077b4580dfbcc:   jne    0x000077b4580dfbd3
  0x000077b4580dfbce:   mov    $0xe8,%edi
  0x000077b4580dfbd3:   mov    (%rsi,%rdi,1),%rbx
  0x000077b4580dfbd7:   lea    0x1(%rbx),%rbx
  0x000077b4580dfbdb:   mov    %rbx,(%rsi,%rdi,1)
  0x000077b4580dfbdf:   jne    0x000077b4580dfbff           ;*ifnonnull {reexecute=0 rethrow=0 return_oop=0}
                                                            ; - java.lang.invoke.MemberName::isResolved@4 (line 793)
                                                            ; - java.lang.invoke.MemberName$Factory::resolveOrFail@38 (line 987)
  0x000077b4580dfbe5:   movabs $0x77b4143bed60,%rsi         ;   {metadata(method data for {method} {0x0000000046205258} &apos;isResolved&apos; &apos;()Z&apos; in &apos;java/lang/invoke/MemberName&apos;)}
  0x000077b4580dfbef:   incl   0xf8(%rsi)
  0x000077b4580dfbf5:   mov    $0x1,%esi
  0x000077b4580dfbfa:   jmp    0x000077b4580dfc04           ;*goto {reexecute=0 rethrow=0 return_oop=0}
                                                            ; - java.lang.invoke.MemberName::isResolved@8 (line 793)
                                                            ; - java.lang.invoke.MemberName$Factory::resolveOrFail@38 (line 987)
  0x000077b4580dfbff:   mov    $0x0,%esi                    ;*ireturn {reexecute=0 rethrow=0 return_oop=0}
                                                            ; - java.lang.invoke.MemberName::isResolved@12 (line 793)
                                                            ; - java.lang.invoke.MemberName$Factory::resolveOrFail@38 (line 987)
  0x000077b4580dfc04:   and    $0x1,%esi
  0x000077b4580dfc07:   test   %esi,%esi
  0x000077b4580dfc09:   movabs $0x77b41462f198,%rsi         ;   {metadata(method data for {method} {0x0000000046282028} &apos;resolveOrFail&apos; &apos;(BLjava/lang/invoke/MemberName;Ljava/lang/Class;ILjava/lang/Class;)Ljava/lang/invoke/MemberName;&apos; in &apos;java/lang/invoke/MemberName$Factory&apos;)}
  0x000077b4580dfc13:   mov    $0x1b8,%edi
  0x000077b4580dfc18:   jne    0x000077b4580dfc1f
  0x000077b4580dfc1a:   mov    $0x1a8,%edi
  0x000077b4580dfc1f:   mov    (%rsi,%rdi,1),%rbx
  0x000077b4580dfc23:   lea    0x1(%rbx),%rbx
  0x000077b4580dfc27:   mov    %rbx,(%rsi,%rdi,1)
  0x000077b4580dfc2b:   jne    0x000077b4580dfeef           ;*ifeq {reexecute=0 rethrow=0 return_oop=0}
                                                            ; - java.lang.invoke.MemberName$Factory::resolveOrFail@41 (line 987)
  0x000077b4580dfc31:   mov    %rax,%rsi
  0x000077b4580dfc34:   movabs $0x77b41462f198,%rdi         ;   {metadata(method data for {method} {0x0000000046282028} &apos;resolveOrFail&apos; &apos;(BLjava/lang/invoke/MemberName;Ljava/lang/Class;ILjava/lang/Class;)Ljava/lang/invoke/MemberName;&apos; in &apos;java/lang/invoke/MemberName$Factory&apos;)}
  0x000077b4580dfc3e:   mov    0x8(%rsi),%esi
  0x000077b4580dfc41:   mov    $0x46000000,%r10d
  0x000077b4580dfc47:   add    %r10,%rsi
  0x000077b4580dfc4a:   mov    $0x3a,%r10d
  0x000077b4580dfc50:   cmp    (%rdi,%r10,8),%rsi
  0x000077b4580dfc54:   je     0x000077b4580dfc8d
  0x000077b4580dfc56:   add    $0x2,%r10
  0x000077b4580dfc5a:   cmp    $0x3e,%r10
  0x000077b4580dfc5e:   jne    0x000077b4580dfc50
  0x000077b4580dfc60:   mov    $0x3a,%r10d
  0x000077b4580dfc66:   cmpq   $0x0,(%rdi,%r10,8)
  0x000077b4580dfc6b:   je     0x000077b4580dfc79
  0x000077b4580dfc6d:   add    $0x2,%r10
  0x000077b4580dfc71:   cmp    $0x3e,%r10
  0x000077b4580dfc75:   jne    0x000077b4580dfc66
  0x000077b4580dfc77:   jmp    0x000077b4580dfc85
  0x000077b4580dfc79:   push   %rax
  0x000077b4580dfc7a:   xor    %rax,%rax
  0x000077b4580dfc7d:   cmpxchg %rsi,(%rdi,%r10,8)
  0x000077b4580dfc82:   pop    %rax
  0x000077b4580dfc83:   jmp    0x000077b4580dfc4a
  0x000077b4580dfc85:   mov    $0x39,%r10d
  0x000077b4580dfc8b:   jmp    0x000077b4580dfc91
  0x000077b4580dfc8d:   add    $0x1,%r10
  0x000077b4580dfc91:   addq   $0x1,(%rdi,%r10,8)
  0x000077b4580dfc96:   mov    %rax,%rsi                    ;*invokevirtual makeAccessException {reexecute=0 rethrow=0 return_oop=0}
                                                            ; - java.lang.invoke.MemberName$Factory::resolveOrFail@49 (line 989)
  0x000077b4580dfc99:   nopw   0x0(%rax,%rax,1)
  0x000077b4580dfc9f:   call   0x000077b45f4ad9e0           ; ImmutableOopMap {[96]=Oop }
                                                            ;*invokevirtual makeAccessException {reexecute=0 rethrow=0 return_oop=0}
                                                            ; - java.lang.invoke.MemberName$Factory::resolveOrFail@49 (line 989)
                                                            ;   {optimized virtual_call}
  0x000077b4580dfca4:   nopl   0x100031c(%rax,%rax,1)       ;*invokevirtual makeAccessException {reexecute=0 rethrow=0 return_oop=0}
                                                            ; - java.lang.invoke.MemberName$Factory::resolveOrFail@49 (line 989)
                                                            ;   {post_call_nop}
  0x000077b4580dfcac:   test   %rax,%rax
  0x000077b4580dfcaf:   movabs $0x77b41462f198,%rbx         ;   {metadata(method data for {method} {0x0000000046282028} &apos;resolveOrFail&apos; &apos;(BLjava/lang/invoke/MemberName;Ljava/lang/Class;ILjava/lang/Class;)Ljava/lang/invoke/MemberName;&apos; in &apos;java/lang/invoke/MemberName$Factory&apos;)}
  0x000077b4580dfcb9:   jne    0x000077b4580dfcc7
  0x000077b4580dfcbb:   orb    $0x1,0x1f1(%rbx)
  0x000077b4580dfcc2:   jmp    0x000077b4580dfd43
  0x000077b4580dfcc7:   mov    0x8(%rax),%edx
  0x000077b4580dfcca:   mov    $0x46000000,%r10d
  0x000077b4580dfcd0:   add    %r10,%rdx
  0x000077b4580dfcd3:   mov    $0x40,%r10d
  0x000077b4580dfcd9:   cmp    (%rbx,%r10,8),%rdx
  0x000077b4580dfcdd:   je     0x000077b4580dfd16
  0x000077b4580dfcdf:   add    $0x2,%r10
  0x000077b4580dfce3:   cmp    $0x44,%r10
  0x000077b4580dfce7:   jne    0x000077b4580dfcd9
  0x000077b4580dfce9:   mov    $0x40,%r10d
  0x000077b4580dfcef:   cmpq   $0x0,(%rbx,%r10,8)
  0x000077b4580dfcf4:   je     0x000077b4580dfd02
  0x000077b4580dfcf6:   add    $0x2,%r10
  0x000077b4580dfcfa:   cmp    $0x44,%r10
  0x000077b4580dfcfe:   jne    0x000077b4580dfcef
  0x000077b4580dfd00:   jmp    0x000077b4580dfd0e
  0x000077b4580dfd02:   push   %rax
  0x000077b4580dfd03:   xor    %rax,%rax
  0x000077b4580dfd06:   cmpxchg %rdx,(%rbx,%r10,8)
  0x000077b4580dfd0b:   pop    %rax
  0x000077b4580dfd0c:   jmp    0x000077b4580dfcd3
  0x000077b4580dfd0e:   mov    $0x3f,%r10d
  0x000077b4580dfd14:   jmp    0x000077b4580dfd1a
  0x000077b4580dfd16:   add    $0x1,%r10
  0x000077b4580dfd1a:   addq   $0x1,(%rbx,%r10,8)
  0x000077b4580dfd1f:   movabs $0x47000fe8,%rdx             ;   {metadata(&apos;java/lang/IllegalAccessException&apos;)}
  0x000077b4580dfd29:   mov    0x8(%rax),%esi
  0x000077b4580dfd2c:   mov    $0x46000000,%r10d
  0x000077b4580dfd32:   add    %r10,%rsi
  0x000077b4580dfd35:   cmp    %rsi,%rdx
  0x000077b4580dfd38:   jne    0x000077b4580dfd43
  0x000077b4580dfd3e:   jmp    0x000077b4580dfd48
  0x000077b4580dfd43:   xor    %rdi,%rdi
  0x000077b4580dfd46:   jmp    0x000077b4580dfd4d
  0x000077b4580dfd48:   mov    $0x1,%edi                    ;*instanceof {reexecute=0 rethrow=0 return_oop=0}
                                                            ; - java.lang.invoke.MemberName$Factory::resolveOrFail@56 (line 990)
  0x000077b4580dfd4d:   test   %edi,%edi
  0x000077b4580dfd4f:   movabs $0x77b41462f198,%rdi         ;   {metadata(method data for {method} {0x0000000046282028} &apos;resolveOrFail&apos; &apos;(BLjava/lang/invoke/MemberName;Ljava/lang/Class;ILjava/lang/Class;)Ljava/lang/invoke/MemberName;&apos; in &apos;java/lang/invoke/MemberName$Factory&apos;)}
  0x000077b4580dfd59:   mov    $0x238,%esi
  0x000077b4580dfd5e:   jne    0x000077b4580dfd65
  0x000077b4580dfd60:   mov    $0x228,%esi
  0x000077b4580dfd65:   mov    (%rdi,%rsi,1),%rbx
  0x000077b4580dfd69:   lea    0x1(%rbx),%rbx
  0x000077b4580dfd6d:   mov    %rbx,(%rdi,%rsi,1)
  0x000077b4580dfd71:   jne    0x000077b4580dffde           ;*ifeq {reexecute=0 rethrow=0 return_oop=0}
                                                            ; - java.lang.invoke.MemberName$Factory::resolveOrFail@59 (line 990)
  0x000077b4580dfd77:   mov    0x60(%rsp),%rdi
  0x000077b4580dfd7c:   cmp    (%rdi),%rax                  ; implicit exception: dispatches to 0x000077b4580e00d0
                                                            ;*invokevirtual cast {reexecute=0 rethrow=0 return_oop=0}
                                                            ; - java.lang.invoke.MemberName$Factory::resolveOrFail@76 (line 991)
  0x000077b4580dfd7f:   mov    %rdi,%rsi
  0x000077b4580dfd82:   movabs $0x77b41462f198,%rbx         ;   {metadata(method data for {method} {0x0000000046282028} &apos;resolveOrFail&apos; &apos;(BLjava/lang/invoke/MemberName;Ljava/lang/Class;ILjava/lang/Class;)Ljava/lang/invoke/MemberName;&apos; in &apos;java/lang/invoke/MemberName$Factory&apos;)}
  0x000077b4580dfd8c:   mov    0x8(%rsi),%esi
  0x000077b4580dfd8f:   mov    $0x46000000,%r10d
  0x000077b4580dfd95:   add    %r10,%rsi
  0x000077b4580dfd98:   mov    $0x50,%r10d
  0x000077b4580dfd9e:   cmp    (%rbx,%r10,8),%rsi
  0x000077b4580dfda2:   je     0x000077b4580dfddb
  0x000077b4580dfda4:   add    $0x2,%r10
  0x000077b4580dfda8:   cmp    $0x54,%r10
  0x000077b4580dfdac:   jne    0x000077b4580dfd9e
  0x000077b4580dfdae:   mov    $0x50,%r10d
  0x000077b4580dfdb4:   cmpq   $0x0,(%rbx,%r10,8)
  0x000077b4580dfdb9:   je     0x000077b4580dfdc7
  0x000077b4580dfdbb:   add    $0x2,%r10
  0x000077b4580dfdbf:   cmp    $0x54,%r10
  0x000077b4580dfdc3:   jne    0x000077b4580dfdb4
  0x000077b4580dfdc5:   jmp    0x000077b4580dfdd3
  0x000077b4580dfdc7:   push   %rax
  0x000077b4580dfdc8:   xor    %rax,%rax
  0x000077b4580dfdcb:   cmpxchg %rsi,(%rbx,%r10,8)
  0x000077b4580dfdd0:   pop    %rax
  0x000077b4580dfdd1:   jmp    0x000077b4580dfd98
  0x000077b4580dfdd3:   mov    $0x4f,%r10d
  0x000077b4580dfdd9:   jmp    0x000077b4580dfddf
  0x000077b4580dfddb:   add    $0x1,%r10
  0x000077b4580dfddf:   addq   $0x1,(%rbx,%r10,8)
  0x000077b4580dfde4:   movabs $0x77b4141139e8,%rsi         ;   {metadata(method data for {method} {0x0000000046188c08} &apos;cast&apos; &apos;(Ljava/lang/Object;)Ljava/lang/Object;&apos; in &apos;java/lang/Class&apos;)}
  0x000077b4580dfdee:   mov    0x90(%rsi),%ebx
  0x000077b4580dfdf4:   add    $0x2,%ebx
  0x000077b4580dfdf7:   mov    %ebx,0x90(%rsi)
  0x000077b4580dfdfd:   and    $0x1ffffe,%ebx
  0x000077b4580dfe03:   test   %ebx,%ebx
  0x000077b4580dfe05:   je     0x000077b4580e00d5
  0x000077b4580dfe0b:   test   %rax,%rax
  0x000077b4580dfe0e:   movabs $0x77b4141139e8,%rsi         ;   {metadata(method data for {method} {0x0000000046188c08} &apos;cast&apos; &apos;(Ljava/lang/Object;)Ljava/lang/Object;&apos; in &apos;java/lang/Class&apos;)}
  0x000077b4580dfe18:   mov    $0xe8,%ebx
  0x000077b4580dfe1d:   jne    0x000077b4580dfe24
  0x000077b4580dfe1f:   mov    $0xd8,%ebx
  0x000077b4580dfe24:   mov    (%rsi,%rbx,1),%rdx
  0x000077b4580dfe28:   lea    0x1(%rdx),%rdx
  0x000077b4580dfe2c:   mov    %rdx,(%rsi,%rbx,1)
  0x000077b4580dfe30:   jne    0x000077b4580dfe40           ;*ifnull {reexecute=0 rethrow=0 return_oop=0}
                                                            ; - java.lang.Class::cast@1 (line 3492)
                                                            ; - java.lang.invoke.MemberName$Factory::resolveOrFail@76 (line 991)
  0x000077b4580dfe36:   mov    %rax,0x68(%rsp)
  0x000077b4580dfe3b:   jmp    0x000077b4580dff02           ;*aload_1 {reexecute=0 rethrow=0 return_oop=0}
                                                            ; - java.lang.Class::cast@25 (line 3494)
                                                            ; - java.lang.invoke.MemberName$Factory::resolveOrFail@76 (line 991)
  0x000077b4580dfe40:   mov    %rdi,%rsi
  0x000077b4580dfe43:   movabs $0x77b4141139e8,%rbx         ;   {metadata(method data for {method} {0x0000000046188c08} &apos;cast&apos; &apos;(Ljava/lang/Object;)Ljava/lang/Object;&apos; in &apos;java/lang/Class&apos;)}
  0x000077b4580dfe4d:   mov    0x8(%rsi),%esi
  0x000077b4580dfe50:   mov    $0x46000000,%r10d
  0x000077b4580dfe56:   add    %r10,%rsi
  0x000077b4580dfe59:   mov    $0x20,%r10d
  0x000077b4580dfe5f:   cmp    (%rbx,%r10,8),%rsi
  0x000077b4580dfe63:   je     0x000077b4580dfe9c
  0x000077b4580dfe65:   add    $0x2,%r10
  0x000077b4580dfe69:   cmp    $0x24,%r10
  0x000077b4580dfe6d:   jne    0x000077b4580dfe5f
  0x000077b4580dfe6f:   mov    $0x20,%r10d
  0x000077b4580dfe75:   cmpq   $0x0,(%rbx,%r10,8)
  0x000077b4580dfe7a:   je     0x000077b4580dfe88
  0x000077b4580dfe7c:   add    $0x2,%r10
  0x000077b4580dfe80:   cmp    $0x24,%r10
  0x000077b4580dfe84:   jne    0x000077b4580dfe75
  0x000077b4580dfe86:   jmp    0x000077b4580dfe94
  0x000077b4580dfe88:   push   %rax
  0x000077b4580dfe89:   xor    %rax,%rax
  0x000077b4580dfe8c:   cmpxchg %rsi,(%rbx,%r10,8)
  0x000077b4580dfe91:   pop    %rax
  0x000077b4580dfe92:   jmp    0x000077b4580dfe59
  0x000077b4580dfe94:   mov    $0x1f,%r10d
  0x000077b4580dfe9a:   jmp    0x000077b4580dfea0
  0x000077b4580dfe9c:   add    $0x1,%r10
  0x000077b4580dfea0:   addq   $0x1,(%rbx,%r10,8)
  0x000077b4580dfea5:   mov    %rdi,%rbx
  0x000077b4580dfea8:   mov    %rbx,%rdi
  0x000077b4580dfeab:   mov    %rax,%rsi
  0x000077b4580dfeae:   mov    %rax,0x68(%rsp)
  0x000077b4580dfeb3:   call   0x000077b45f5801e0           ;   {runtime_call is_instance_of_blob (C1 runtime)}
  0x000077b4580dfeb8:   nopl   0x0(%rax,%rax,1)             ;*invokevirtual isInstance {reexecute=0 rethrow=0 return_oop=0}
                                                            ; - java.lang.Class::cast@6 (line 3492)
                                                            ; - java.lang.invoke.MemberName$Factory::resolveOrFail@76 (line 991)
                                                            ;   {post_call_nop}
  0x000077b4580dfec0:   test   %eax,%eax
  0x000077b4580dfec2:   movabs $0x77b4141139e8,%rax         ;   {metadata(method data for {method} {0x0000000046188c08} &apos;cast&apos; &apos;(Ljava/lang/Object;)Ljava/lang/Object;&apos; in &apos;java/lang/Class&apos;)}
  0x000077b4580dfecc:   mov    $0x128,%edx
  0x000077b4580dfed1:   jne    0x000077b4580dfed8
  0x000077b4580dfed3:   mov    $0x138,%edx
  0x000077b4580dfed8:   mov    (%rax,%rdx,1),%rsi
  0x000077b4580dfedc:   lea    0x1(%rsi),%rsi
  0x000077b4580dfee0:   mov    %rsi,(%rax,%rdx,1)
  0x000077b4580dfee4:   jne    0x000077b4580dff02
  0x000077b4580dfeea:   jmp    0x000077b4580dff12           ;*ifne {reexecute=0 rethrow=0 return_oop=0}
                                                            ; - java.lang.Class::cast@9 (line 3492)
                                                            ; - java.lang.invoke.MemberName$Factory::resolveOrFail@76 (line 991)
  0x000077b4580dfeef:   add    $0x80,%rsp
  0x000077b4580dfef6:   pop    %rbp
  0x000077b4580dfef7:   cmp    0x28(%r15),%rsp              ;   {poll_return}
  0x000077b4580dfefb:   ja     0x000077b4580e00f6
  0x000077b4580dff01:   ret                                 ;*areturn {reexecute=0 rethrow=0 return_oop=0}
                                                            ; - java.lang.invoke.MemberName$Factory::resolveOrFail@46 (line 988)
  0x000077b4580dff02:   mov    0x68(%rsp),%rbx
  0x000077b4580dff07:   cmp    (%rbx),%rax                  ; implicit exception: dispatches to 0x000077b4580e010c
  0x000077b4580dff0a:   mov    %rbx,%rax
  0x000077b4580dff0d:   jmp    0x000077b4580e0162           ;*athrow {reexecute=0 rethrow=0 return_oop=0}
                                                            ; - java.lang.invoke.MemberName$Factory::resolveOrFail@82 (line 991)
  0x000077b4580dff12:   mov    0x68(%rsp),%rbx
  0x000077b4580dff17:   mov    0x60(%rsp),%r8
  0x000077b4580dff1c:   nopl   0x0(%rax)
  0x000077b4580dff20:   jmp    0x000077b4580e0120           ;   {other}
  0x000077b4580dff25:   add    %al,(%rax)
  0x000077b4580dff27:   add    %al,(%rax)
  0x000077b4580dff29:   add    %cl,-0x75(%rcx)
  0x000077b4580dff2c:   xchg   %esi,0x48000001(%rax)
  0x000077b4580dff32:   lea    0x28(%rax),%edi
  0x000077b4580dff35:   cmp    0x1c0(%r15),%rdi
  0x000077b4580dff3c:   ja     0x000077b4580e012a
  0x000077b4580dff42:   mov    %rdi,0x1b0(%r15)
  0x000077b4580dff49:   movq   $0x1,(%rax)
  0x000077b4580dff50:   mov    %rdx,%rcx
  0x000077b4580dff53:   mov    $0x46000000,%r10d
  0x000077b4580dff59:   sub    %r10,%rcx
  0x000077b4580dff5c:   mov    %ecx,0x8(%rax)
  0x000077b4580dff5f:   xor    %rcx,%rcx
  0x000077b4580dff62:   mov    %ecx,0xc(%rax)
  0x000077b4580dff65:   xor    %rcx,%rcx
  0x000077b4580dff68:   mov    %rcx,0x10(%rax)
  0x000077b4580dff6c:   mov    %rcx,0x18(%rax)
  0x000077b4580dff70:   mov    %rcx,0x20(%rax)              ;*new {reexecute=0 rethrow=0 return_oop=0}
                                                            ; - java.lang.Class::cast@12 (line 3493)
                                                            ; - java.lang.invoke.MemberName$Factory::resolveOrFail@76 (line 991)
  0x000077b4580dff74:   mov    %r8,%rdi
  0x000077b4580dff77:   movabs $0x77b4141139e8,%rdx         ;   {metadata(method data for {method} {0x0000000046188c08} &apos;cast&apos; &apos;(Ljava/lang/Object;)Ljava/lang/Object;&apos; in &apos;java/lang/Class&apos;)}
  0x000077b4580dff81:   addq   $0x1,0x148(%rdx)
  0x000077b4580dff89:   mov    %rbx,%rdx
  0x000077b4580dff8c:   mov    %r8,%rsi                     ;*invokevirtual cannotCastMsg {reexecute=0 rethrow=0 return_oop=0}
                                                            ; - java.lang.Class::cast@18 (line 3493)
                                                            ; - java.lang.invoke.MemberName$Factory::resolveOrFail@76 (line 991)
  0x000077b4580dff8f:   mov    %rax,0x70(%rsp)
  0x000077b4580dff94:   data16 xchg %ax,%ax
  0x000077b4580dff97:   call   0x000077b45f4ad9e0           ; ImmutableOopMap {[112]=Oop }
                                                            ;*invokevirtual cannotCastMsg {reexecute=0 rethrow=0 return_oop=0}
                                                            ; - java.lang.Class::cast@18 (line 3493)
                                                            ; - java.lang.invoke.MemberName$Factory::resolveOrFail@76 (line 991)
                                                            ;   {optimized virtual_call}
  0x000077b4580dff9c:   nopl   0x2000614(%rax,%rax,1)       ;*invokevirtual cannotCastMsg {reexecute=0 rethrow=0 return_oop=0}
                                                            ; - java.lang.Class::cast@18 (line 3493)
                                                            ; - java.lang.invoke.MemberName$Factory::resolveOrFail@76 (line 991)
                                                            ;   {post_call_nop}
  0x000077b4580dffa4:   mov    0x70(%rsp),%rdx
  0x000077b4580dffa9:   movabs $0x77b4141139e8,%rsi         ;   {metadata(method data for {method} {0x0000000046188c08} &apos;cast&apos; &apos;(Ljava/lang/Object;)Ljava/lang/Object;&apos; in &apos;java/lang/Class&apos;)}
  0x000077b4580dffb3:   addq   $0x1,0x178(%rsi)
  0x000077b4580dffbb:   mov    %rax,%rdx
  0x000077b4580dffbe:   mov    0x70(%rsp),%rsi              ;*invokespecial &lt;init&gt; {reexecute=0 rethrow=0 return_oop=0}
                                                            ; - java.lang.Class::cast@21 (line 3493)
                                                            ; - java.lang.invoke.MemberName$Factory::resolveOrFail@76 (line 991)
  0x000077b4580dffc3:   nopl   0x0(%rax)
  0x000077b4580dffc7:   call   0x000077b45f4ad9e0           ; ImmutableOopMap {[112]=Oop }
                                                            ;*invokespecial &lt;init&gt; {reexecute=0 rethrow=0 return_oop=0}
                                                            ; - java.lang.Class::cast@21 (line 3493)
                                                            ; - java.lang.invoke.MemberName$Factory::resolveOrFail@76 (line 991)
                                                            ;   {optimized virtual_call}
  0x000077b4580dffcc:   nopl   0x3000644(%rax,%rax,1)       ;*invokespecial &lt;init&gt; {reexecute=0 rethrow=0 return_oop=0}
                                                            ; - java.lang.Class::cast@21 (line 3493)
                                                            ; - java.lang.invoke.MemberName$Factory::resolveOrFail@76 (line 991)
                                                            ;   {post_call_nop}
  0x000077b4580dffd4:   mov    0x70(%rsp),%rax
  0x000077b4580dffd9:   jmp    0x000077b4580e0162           ;*athrow {reexecute=0 rethrow=0 return_oop=0}
                                                            ; - java.lang.Class::cast@24 (line 3493)
                                                            ; - java.lang.invoke.MemberName$Factory::resolveOrFail@76 (line 991)
  0x000077b4580dffde:   mov    %rax,%rbx
  0x000077b4580dffe1:   test   %rbx,%rbx
  0x000077b4580dffe4:   movabs $0x77b41462f198,%rdi         ;   {metadata(method data for {method} {0x0000000046282028} &apos;resolveOrFail&apos; &apos;(BLjava/lang/invoke/MemberName;Ljava/lang/Class;ILjava/lang/Class;)Ljava/lang/invoke/MemberName;&apos; in &apos;java/lang/invoke/MemberName$Factory&apos;)}
  0x000077b4580dffee:   jne    0x000077b4580dfffc
  0x000077b4580dfff0:   orb    $0x1,0x241(%rdi)
  0x000077b4580dfff7:   jmp    0x000077b4580e007e
  0x000077b4580dfffc:   mov    0x8(%rbx),%eax
  0x000077b4580dffff:   mov    $0x46000000,%r10d
  0x000077b4580e0005:   add    %r10,%rax
  0x000077b4580e0008:   mov    $0x4a,%r10d
  0x000077b4580e000e:   cmp    (%rdi,%r10,8),%rax
  0x000077b4580e0012:   je     0x000077b4580e0051
  0x000077b4580e0014:   add    $0x2,%r10
  0x000077b4580e0018:   cmp    $0x4e,%r10
  0x000077b4580e001c:   jne    0x000077b4580e000e
  0x000077b4580e001e:   mov    $0x4a,%r10d
  0x000077b4580e0024:   cmpq   $0x0,(%rdi,%r10,8)
  0x000077b4580e0029:   je     0x000077b4580e0037
  0x000077b4580e002b:   add    $0x2,%r10
  0x000077b4580e002f:   cmp    $0x4e,%r10
  0x000077b4580e0033:   jne    0x000077b4580e0024
  0x000077b4580e0035:   jmp    0x000077b4580e0049
  0x000077b4580e0037:   push   %rbx
  0x000077b4580e0038:   mov    %rax,%rbx
  0x000077b4580e003b:   xor    %rax,%rax
  0x000077b4580e003e:   cmpxchg %rbx,(%rdi,%r10,8)
  0x000077b4580e0043:   mov    %rbx,%rax
  0x000077b4580e0046:   pop    %rbx
  0x000077b4580e0047:   jmp    0x000077b4580e0008
  0x000077b4580e0049:   mov    $0x49,%r10d
  0x000077b4580e004f:   jmp    0x000077b4580e0055
  0x000077b4580e0051:   add    $0x1,%r10
  0x000077b4580e0055:   addq   $0x1,(%rdi,%r10,8)
  0x000077b4580e005a:   movabs $0x47000fe8,%rax             ;   {metadata(&apos;java/lang/IllegalAccessException&apos;)}
  0x000077b4580e0064:   mov    0x8(%rbx),%esi
  0x000077b4580e0067:   mov    $0x46000000,%r10d
  0x000077b4580e006d:   add    %r10,%rsi
  0x000077b4580e0070:   cmp    %rsi,%rax
  0x000077b4580e0073:   jne    0x000077b4580e0137
  0x000077b4580e0079:   jmp    0x000077b4580e007e
  0x000077b4580e007e:   mov    %rbx,%rax                    ;*checkcast {reexecute=0 rethrow=0 return_oop=0}
                                                            ; - java.lang.invoke.MemberName$Factory::resolveOrFail@64 (line 990)
  0x000077b4580e0081:   cmp    (%rax),%rax                  ; implicit exception: dispatches to 0x000077b4580e0140
  0x000077b4580e0084:   jmp    0x000077b4580e0162
  0x000077b4580e0089:   movabs $0x46282028,%r10             ;   {metadata({method} {0x0000000046282028} &apos;resolveOrFail&apos; &apos;(BLjava/lang/invoke/MemberName;Ljava/lang/Class;ILjava/lang/Class;)Ljava/lang/invoke/MemberName;&apos; in &apos;java/lang/invoke/MemberName$Factory&apos;)}
  0x000077b4580e0093:   mov    %r10,0x8(%rsp)
  0x000077b4580e0098:   movq   $0xffffffffffffffff,(%rsp)
  0x000077b4580e00a0:   call   0x000077b45f582fe0           ; ImmutableOopMap {rsi=Oop rcx=Oop r8=Oop rdi=Oop [96]=Oop }
                                                            ;*synchronization entry
                                                            ; - java.lang.invoke.MemberName$Factory::resolveOrFail@-1 (line 985)
                                                            ;   {runtime_call counter_overflow_blob (C1 runtime)}
  0x000077b4580e00a5:   jmp    0x000077b4580dfaea
  0x000077b4580e00aa:   call   0x000077b45f57c660           ; ImmutableOopMap {rax=Oop [96]=Oop }
                                                            ;*invokevirtual isResolved {reexecute=0 rethrow=0 return_oop=0}
                                                            ; - java.lang.invoke.MemberName$Factory::resolveOrFail@38 (line 987)
                                                            ;   {runtime_call throw_null_pointer_exception_blob (C1 runtime)}
  0x000077b4580e00af:   movabs $0x46205258,%r10             ;   {metadata({method} {0x0000000046205258} &apos;isResolved&apos; &apos;()Z&apos; in &apos;java/lang/invoke/MemberName&apos;)}
  0x000077b4580e00b9:   mov    %r10,0x8(%rsp)
  0x000077b4580e00be:   movq   $0xffffffffffffffff,(%rsp)
  0x000077b4580e00c6:   call   0x000077b45f582fe0           ; ImmutableOopMap {rax=Oop [96]=Oop }
                                                            ;*synchronization entry
                                                            ; - java.lang.invoke.MemberName::isResolved@-1 (line 793)
                                                            ; - java.lang.invoke.MemberName$Factory::resolveOrFail@38 (line 987)
                                                            ;   {runtime_call counter_overflow_blob (C1 runtime)}
  0x000077b4580e00cb:   jmp    0x000077b4580dfbb3
  0x000077b4580e00d0:   call   0x000077b45f57c660           ; ImmutableOopMap {rax=Oop rdi=Oop [96]=Oop }
                                                            ;*invokevirtual cast {reexecute=0 rethrow=0 return_oop=0}
                                                            ; - java.lang.invoke.MemberName$Factory::resolveOrFail@76 (line 991)
                                                            ;   {runtime_call throw_null_pointer_exception_blob (C1 runtime)}
  0x000077b4580e00d5:   movabs $0x46188c08,%r10             ;   {metadata({method} {0x0000000046188c08} &apos;cast&apos; &apos;(Ljava/lang/Object;)Ljava/lang/Object;&apos; in &apos;java/lang/Class&apos;)}
  0x000077b4580e00df:   mov    %r10,0x8(%rsp)
  0x000077b4580e00e4:   movq   $0xffffffffffffffff,(%rsp)
  0x000077b4580e00ec:   call   0x000077b45f582fe0           ; ImmutableOopMap {rax=Oop rdi=Oop [96]=Oop }
                                                            ;*synchronization entry
                                                            ; - java.lang.Class::cast@-1 (line 3492)
                                                            ; - java.lang.invoke.MemberName$Factory::resolveOrFail@76 (line 991)
                                                            ;   {runtime_call counter_overflow_blob (C1 runtime)}
  0x000077b4580e00f1:   jmp    0x000077b4580dfe0b
  0x000077b4580e00f6:   movabs $0x77b4580dfef7,%r10         ;   {internal_word}
  0x000077b4580e0100:   mov    %r10,0x510(%r15)
  0x000077b4580e0107:   jmp    0x000077b45f4afb60           ;   {runtime_call SafepointBlob}
  0x000077b4580e010c:   call   0x000077b45f57c660           ; ImmutableOopMap {rbx=Oop }
                                                            ;*athrow {reexecute=1 rethrow=0 return_oop=0}
                                                            ; - (reexecute) java.lang.invoke.MemberName$Factory::resolveOrFail@82 (line 991)
                                                            ;   {runtime_call throw_null_pointer_exception_blob (C1 runtime)}
  0x000077b4580e0111:   movabs $0x0,%rdx                    ;   {metadata(nullptr)}
  0x000077b4580e011b:   mov    $0xa050f00,%eax
  0x000077b4580e0120:   call   0x000077b45f5820e0           ; ImmutableOopMap {r8=Oop rbx=Oop [96]=Oop }
                                                            ;*new {reexecute=1 rethrow=0 return_oop=0}
                                                            ; - (reexecute) java.lang.Class::cast@12 (line 3493)
                                                            ; - java.lang.invoke.MemberName$Factory::resolveOrFail@76 (line 991)
                                                            ;   {runtime_call load_klass_patching_blob (C1 runtime)}
  0x000077b4580e0125:   jmp    0x000077b4580dff20
  0x000077b4580e012a:   mov    %rdx,%rdx
  0x000077b4580e012d:   call   0x000077b45f57d3e0           ; ImmutableOopMap {r8=Oop rbx=Oop [96]=Oop }
                                                            ;*new {reexecute=0 rethrow=0 return_oop=0}
                                                            ; - java.lang.Class::cast@12 (line 3493)
                                                            ; - java.lang.invoke.MemberName$Factory::resolveOrFail@76 (line 991)
                                                            ;   {runtime_call fast_new_instance_blob (C1 runtime)}
  0x000077b4580e0132:   jmp    0x000077b4580dff74
  0x000077b4580e0137:   mov    %rbx,(%rsp)
  0x000077b4580e013b:   call   0x000077b45f57f3e0           ; ImmutableOopMap {}
                                                            ;*checkcast {reexecute=0 rethrow=0 return_oop=0}
                                                            ; - java.lang.invoke.MemberName$Factory::resolveOrFail@64 (line 990)
                                                            ;   {runtime_call throw_class_cast_exception_blob (C1 runtime)}
  0x000077b4580e0140:   call   0x000077b45f57c660           ; ImmutableOopMap {rax=Oop }
                                                            ;*athrow {reexecute=1 rethrow=0 return_oop=0}
                                                            ; - (reexecute) java.lang.invoke.MemberName$Factory::resolveOrFail@71 (line 990)
                                                            ;   {runtime_call throw_null_pointer_exception_blob (C1 runtime)}
  0x000077b4580e0145:   mov    0x5c0(%r15),%rax
  0x000077b4580e014c:   movq   $0x0,0x5c0(%r15)
  0x000077b4580e0157:   movq   $0x0,0x5c8(%r15)
  0x000077b4580e0162:   add    $0x80,%rsp
  0x000077b4580e0169:   pop    %rbp
  0x000077b4580e016a:   jmp    0x000077b45f57b760           ;   {runtime_call unwind_exception_blob (C1 runtime)}
  0x000077b4580e016f:   hlt    
[Stub Code]
  0x000077b4580e0170:   movabs $0x0,%rbx                    ;   {static_stub}
  0x000077b4580e017a:   jmp    0x000077b4580e017a           ;   {runtime_call nmethod}
  0x000077b4580e017f:   movabs $0x0,%rbx                    ;   {static_stub}
  0x000077b4580e0189:   jmp    0x000077b4580e0189           ;   {runtime_call nmethod}
  0x000077b4580e018e:   movabs $0x0,%rbx                    ;   {static_stub}
  0x000077b4580e0198:   jmp    0x000077b4580e0198           ;   {runtime_call nmethod}
  0x000077b4580e019d:   movabs $0x0,%rbx                    ;   {static_stub}
  0x000077b4580e01a7:   jmp    0x000077b4580e01a7           ;   {runtime_call nmethod}
[Exception Handler]
  0x000077b4580e01ac:   call   0x000077b45f57ede0           ;   {runtime_call handle_exception_from_callee_blob (C1 runtime)}
  0x000077b4580e01b1:   movabs $0x77b478d3aec4,%rdi         ;   {external_word}
  0x000077b4580e01bb:   and    $0xfffffffffffffff0,%rsp
  0x000077b4580e01bf:   call   0x000077b478791cc0           ;   {runtime_call MacroAssembler::debug64(char*, long, long*)}
  0x000077b4580e01c4:   hlt    
  0x000077b4580e01c5:   call   0x000077b45f4afe60           ;   {runtime_call DeoptimizationBlob}
[Deopt Handler Entry Point]
  0x000077b4580e01ca:   jmp    0x000077b4580e01c5
  0x000077b4580e01cc:   hlt    
  0x000077b4580e01cd:   hlt    
  0x000077b4580e01ce:   hlt    
  0x000077b4580e01cf:   hlt    
--------------------------------------------------------------------------------
[/Disassembly]
