
============================= C1-compiled nmethod ==============================
----------------------------------- Assembly -----------------------------------

Compiled method (c1) 26495 1283       3       java.lang.Math::ceil (5 bytes)
 total in heap  [0x000077b4580e5688,0x000077b4580e5880] = 504
 main code      [0x000077b4580e5780,0x000077b4580e5850] = 208
 stub code      [0x000077b4580e5850,0x000077b4580e5880] = 48
 mutable data [0x000077b3e81bab50,0x000077b3e81bab90] = 64
 relocation     [0x000077b3e81bab50,0x000077b3e81bab88] = 56
 metadata       [0x000077b3e81bab88,0x000077b3e81bab90] = 8
 immutable data [0x000077b3e81baab0,0x000077b3e81bab44] = 148
 dependencies   [0x000077b3e81baab0,0x000077b3e81baab8] = 8
 scopes pcs     [0x000077b3e81baab8,0x000077b3e81bab18] = 96
 scopes data    [0x000077b3e81bab18,0x000077b3e81bab40] = 40

[Disassembly]
--------------------------------------------------------------------------------
[Constant Pool (empty)]

--------------------------------------------------------------------------------

[Verified Entry Point]
  # {method} {0x0000000046490770} &apos;ceil&apos; &apos;(D)D&apos; in &apos;java/lang/Math&apos;
  # parm0:    xmm0:xmm0   = double
  #           [sp+0x30]  (sp of caller)
  0x000077b4580e5780:   mov    %eax,-0x14000(%rsp)
  0x000077b4580e5787:   push   %rbp
  0x000077b4580e5788:   sub    $0x20,%rsp
  0x000077b4580e578c:   cmpl   $0x1,0x20(%r15)
  0x000077b4580e5794:   je     0x000077b4580e579b
  0x000077b4580e5796:   call   Stub::method_entry_barrier_stub (stub gen)
                                                            ;   {runtime_call Stub::method_entry_barrier_stub (stub gen)}
  0x000077b4580e579b:   movabs $0x77b414649b70,%rsi         ;   {metadata(method data for {method} {0x0000000046490770} &apos;ceil&apos; &apos;(D)D&apos; in &apos;java/lang/Math&apos;)}
  0x000077b4580e57a5:   mov    0x90(%rsi),%edi
  0x000077b4580e57ab:   add    $0x2,%edi
  0x000077b4580e57ae:   mov    %edi,0x90(%rsi)
  0x000077b4580e57b4:   and    $0x7fe,%edi
  0x000077b4580e57ba:   test   %edi,%edi
  0x000077b4580e57bc:   je     0x000077b4580e57f4           ;*dload_0 {reexecute=0 rethrow=0 return_oop=0}
                                                            ; - java.lang.Math::ceil@0 (line 503)
  0x000077b4580e57c2:   movabs $0x77b414649b70,%rsi         ;   {metadata(method data for {method} {0x0000000046490770} &apos;ceil&apos; &apos;(D)D&apos; in &apos;java/lang/Math&apos;)}
  0x000077b4580e57cc:   addq   $0x1,0xd8(%rsi)
  0x000077b4580e57d4:   data16 xchg %ax,%ax
  0x000077b4580e57d7:   call   0x000077b45f4adfe0           ; ImmutableOopMap {}
                                                            ;*invokestatic ceil {reexecute=0 rethrow=0 return_oop=0}
                                                            ; - java.lang.Math::ceil@1 (line 503)
                                                            ;   {static_call}
  0x000077b4580e57dc:   nopl   0x154(%rax,%rax,1)           ;*invokestatic ceil {reexecute=0 rethrow=0 return_oop=0}
                                                            ; - java.lang.Math::ceil@1 (line 503)
                                                            ;   {post_call_nop}
  0x000077b4580e57e4:   add    $0x20,%rsp
  0x000077b4580e57e8:   pop    %rbp
  0x000077b4580e57e9:   cmp    0x28(%r15),%rsp              ;   {poll_return}
  0x000077b4580e57ed:   ja     0x000077b4580e5812
  0x000077b4580e57f3:   ret    
  0x000077b4580e57f4:   movabs $0x46490770,%r10             ;   {metadata({method} {0x0000000046490770} &apos;ceil&apos; &apos;(D)D&apos; in &apos;java/lang/Math&apos;)}
  0x000077b4580e57fe:   mov    %r10,0x8(%rsp)
  0x000077b4580e5803:   movq   $0xffffffffffffffff,(%rsp)
  0x000077b4580e580b:   call   0x000077b45f582fe0           ; ImmutableOopMap {}
                                                            ;*synchronization entry
                                                            ; - java.lang.Math::ceil@-1 (line 503)
                                                            ;   {runtime_call counter_overflow_blob (C1 runtime)}
  0x000077b4580e5810:   jmp    0x000077b4580e57c2
  0x000077b4580e5812:   movabs $0x77b4580e57e9,%r10         ;   {internal_word}
  0x000077b4580e581c:   mov    %r10,0x510(%r15)
  0x000077b4580e5823:   jmp    0x000077b45f4afb60           ;   {runtime_call SafepointBlob}
  0x000077b4580e5828:   mov    0x5c0(%r15),%rax
  0x000077b4580e582f:   movq   $0x0,0x5c0(%r15)
  0x000077b4580e583a:   movq   $0x0,0x5c8(%r15)
  0x000077b4580e5845:   add    $0x20,%rsp
  0x000077b4580e5849:   pop    %rbp
  0x000077b4580e584a:   jmp    0x000077b45f57b760           ;   {runtime_call unwind_exception_blob (C1 runtime)}
  0x000077b4580e584f:   hlt    
[Stub Code]
  0x000077b4580e5850:   movabs $0x0,%rbx                    ;   {static_stub}
  0x000077b4580e585a:   jmp    0x000077b4580e585a           ;   {runtime_call nmethod}
[Exception Handler]
  0x000077b4580e585f:   call   0x000077b45f57ede0           ;   {runtime_call handle_exception_from_callee_blob (C1 runtime)}
  0x000077b4580e5864:   movabs $0x77b478d3aec4,%rdi         ;   {external_word}
  0x000077b4580e586e:   and    $0xfffffffffffffff0,%rsp
  0x000077b4580e5872:   call   0x000077b478791cc0           ;   {runtime_call MacroAssembler::debug64(char*, long, long*)}
  0x000077b4580e5877:   hlt    
  0x000077b4580e5878:   call   0x000077b45f4afe60           ;   {runtime_call DeoptimizationBlob}
[Deopt Handler Entry Point]
  0x000077b4580e587d:   jmp    0x000077b4580e5878
  0x000077b4580e587f:   hlt    
--------------------------------------------------------------------------------
[/Disassembly]
