
============================= C1-compiled nmethod ==============================
----------------------------------- Assembly -----------------------------------

Compiled method (c1) 26535 1287       3       java.util.Properties::getProperty (50 bytes)
 total in heap  [0x000077b4580e5988,0x000077b4580e5ec0] = 1336
 main code      [0x000077b4580e5a80,0x000077b4580e5e78] = 1016
 stub code      [0x000077b4580e5e78,0x000077b4580e5ec0] = 72
 mutable data [0x000077b3fc1d9a60,0x000077b3fc1d9ae8] = 136
 relocation     [0x000077b3fc1d9a60,0x000077b3fc1d9ac8] = 104
 metadata       [0x000077b3fc1d9ac8,0x000077b3fc1d9ae8] = 32
 immutable data [0x000077b3fc1d9820,0x000077b3fc1d9a54] = 564
 dependencies   [0x000077b3fc1d9820,0x000077b3fc1d9830] = 16
 nul chk table  [0x000077b3fc1d9830,0x000077b3fc1d9848] = 24
 scopes pcs     [0x000077b3fc1d9848,0x000077b3fc1d99b8] = 368
 scopes data    [0x000077b3fc1d99b8,0x000077b3fc1d9a50] = 152

[Disassembly]
--------------------------------------------------------------------------------
[Constant Pool (empty)]

--------------------------------------------------------------------------------

[Instructions begin]
  0x000077b4580e5a80:   data16 data16 nopw 0x0(%rax,%rax,1)
  0x000077b4580e5a8b:   data16 data16 xchg %ax,%ax
  0x000077b4580e5a8f:   data16 xchg %ax,%ax
[Entry Point]
  # {method} {0x0000000046178678} &apos;getProperty&apos; &apos;(Ljava/lang/String;)Ljava/lang/String;&apos; in &apos;java/util/Properties&apos;
  # this:     rsi:rsi   = &apos;java/util/Properties&apos;
  # parm0:    rdx:rdx   = &apos;java/lang/String&apos;
  #           [sp+0x40]  (sp of caller)
  0x000077b4580e5a92:   mov    0x8(%rsi),%r10d
  0x000077b4580e5a96:   cmp    0x8(%rax),%r10d
  0x000077b4580e5a9a:   jne    0x000077b45f4ad6e0           ;   {runtime_call ic_miss_blob (shared runtime)}
[Verified Entry Point]
  0x000077b4580e5aa0:   mov    %eax,-0x14000(%rsp)
  0x000077b4580e5aa7:   push   %rbp
  0x000077b4580e5aa8:   sub    $0x30,%rsp
  0x000077b4580e5aac:   cmpl   $0x1,0x20(%r15)
  0x000077b4580e5ab4:   je     0x000077b4580e5abb
  0x000077b4580e5ab6:   call   Stub::method_entry_barrier_stub (stub gen)
                                                            ;   {runtime_call Stub::method_entry_barrier_stub (stub gen)}
  0x000077b4580e5abb:   movabs $0x77b414655ce0,%rdi         ;   {metadata(method data for {method} {0x0000000046178678} &apos;getProperty&apos; &apos;(Ljava/lang/String;)Ljava/lang/String;&apos; in &apos;java/util/Properties&apos;)}
  0x000077b4580e5ac5:   mov    0x90(%rdi),%ebx
  0x000077b4580e5acb:   add    $0x2,%ebx
  0x000077b4580e5ace:   mov    %ebx,0x90(%rdi)
  0x000077b4580e5ad4:   and    $0x7fe,%ebx
  0x000077b4580e5ada:   test   %ebx,%ebx
  0x000077b4580e5adc:   je     0x000077b4580e5e02           ;*aload_0 {reexecute=0 rethrow=0 return_oop=0}
                                                            ; - java.util.Properties::getProperty@0 (line 1145)
  0x000077b4580e5ae2:   mov    0x30(%rsi),%edi
  0x000077b4580e5ae5:   shl    $0x3,%rdi                    ;*getfield map {reexecute=0 rethrow=0 return_oop=0}
                                                            ; - java.util.Properties::getProperty@1 (line 1145)
  0x000077b4580e5ae9:   cmp    (%rdi),%rax                  ; implicit exception: dispatches to 0x000077b4580e5e23
  0x000077b4580e5aec:   mov    %rdi,%rbx
  0x000077b4580e5aef:   movabs $0x77b414655ce0,%rax         ;   {metadata(method data for {method} {0x0000000046178678} &apos;getProperty&apos; &apos;(Ljava/lang/String;)Ljava/lang/String;&apos; in &apos;java/util/Properties&apos;)}
  0x000077b4580e5af9:   movabs $0x461c6700,%rbx             ;   {metadata(&apos;java/util/concurrent/ConcurrentHashMap&apos;)}
  0x000077b4580e5b03:   mov    $0x1c,%r10d
  0x000077b4580e5b09:   cmp    (%rax,%r10,8),%rbx
  0x000077b4580e5b0d:   je     0x000077b4580e5b4c
  0x000077b4580e5b0f:   add    $0x2,%r10
  0x000077b4580e5b13:   cmp    $0x20,%r10
  0x000077b4580e5b17:   jne    0x000077b4580e5b09
  0x000077b4580e5b19:   mov    $0x1c,%r10d
  0x000077b4580e5b1f:   cmpq   $0x0,(%rax,%r10,8)
  0x000077b4580e5b24:   je     0x000077b4580e5b32
  0x000077b4580e5b26:   add    $0x2,%r10
  0x000077b4580e5b2a:   cmp    $0x20,%r10
  0x000077b4580e5b2e:   jne    0x000077b4580e5b1f
  0x000077b4580e5b30:   jmp    0x000077b4580e5b44
  0x000077b4580e5b32:   push   %rcx
  0x000077b4580e5b33:   mov    %rax,%rcx
  0x000077b4580e5b36:   xor    %rax,%rax
  0x000077b4580e5b39:   cmpxchg %rbx,(%rcx,%r10,8)
  0x000077b4580e5b3e:   mov    %rcx,%rax
  0x000077b4580e5b41:   pop    %rcx
  0x000077b4580e5b42:   jmp    0x000077b4580e5b03
  0x000077b4580e5b44:   mov    $0x1b,%r10d
  0x000077b4580e5b4a:   jmp    0x000077b4580e5b50
  0x000077b4580e5b4c:   add    $0x1,%r10
  0x000077b4580e5b50:   addq   $0x1,(%rax,%r10,8)
  0x000077b4580e5b55:   mov    %rdx,%rbx
  0x000077b4580e5b58:   mov    %rbx,%rdx
  0x000077b4580e5b5b:   mov    %rsi,0x18(%rsp)
  0x000077b4580e5b60:   mov    %rdi,%rsi                    ;*invokevirtual get {reexecute=0 rethrow=0 return_oop=0}
                                                            ; - java.util.Properties::getProperty@5 (line 1145)
  0x000077b4580e5b63:   mov    %rbx,0x20(%rsp)
  0x000077b4580e5b68:   nopl   0x0(%rax)
  0x000077b4580e5b6f:   call   0x000077b45f4ad9e0           ; ImmutableOopMap {[24]=Oop [32]=Oop }
                                                            ;*invokevirtual get {reexecute=0 rethrow=0 return_oop=0}
                                                            ; - java.util.Properties::getProperty@5 (line 1145)
                                                            ;   {optimized virtual_call}
  0x000077b4580e5b74:   nopl   0x1ec(%rax,%rax,1)           ;*invokevirtual get {reexecute=0 rethrow=0 return_oop=0}
                                                            ; - java.util.Properties::getProperty@5 (line 1145)
                                                            ;   {post_call_nop}
  0x000077b4580e5b7c:   test   %rax,%rax
  0x000077b4580e5b7f:   movabs $0x77b414655ce0,%rdi         ;   {metadata(method data for {method} {0x0000000046178678} &apos;getProperty&apos; &apos;(Ljava/lang/String;)Ljava/lang/String;&apos; in &apos;java/util/Properties&apos;)}
  0x000077b4580e5b89:   jne    0x000077b4580e5b97
  0x000077b4580e5b8b:   orb    $0x1,0x101(%rdi)
  0x000077b4580e5b92:   jmp    0x000077b4580e5c13
  0x000077b4580e5b97:   mov    0x8(%rax),%ebx
  0x000077b4580e5b9a:   mov    $0x46000000,%r10d
  0x000077b4580e5ba0:   add    %r10,%rbx
  0x000077b4580e5ba3:   mov    $0x22,%r10d
  0x000077b4580e5ba9:   cmp    (%rdi,%r10,8),%rbx
  0x000077b4580e5bad:   je     0x000077b4580e5be6
  0x000077b4580e5baf:   add    $0x2,%r10
  0x000077b4580e5bb3:   cmp    $0x26,%r10
  0x000077b4580e5bb7:   jne    0x000077b4580e5ba9
  0x000077b4580e5bb9:   mov    $0x22,%r10d
  0x000077b4580e5bbf:   cmpq   $0x0,(%rdi,%r10,8)
  0x000077b4580e5bc4:   je     0x000077b4580e5bd2
  0x000077b4580e5bc6:   add    $0x2,%r10
  0x000077b4580e5bca:   cmp    $0x26,%r10
  0x000077b4580e5bce:   jne    0x000077b4580e5bbf
  0x000077b4580e5bd0:   jmp    0x000077b4580e5bde
  0x000077b4580e5bd2:   push   %rax
  0x000077b4580e5bd3:   xor    %rax,%rax
  0x000077b4580e5bd6:   cmpxchg %rbx,(%rdi,%r10,8)
  0x000077b4580e5bdb:   pop    %rax
  0x000077b4580e5bdc:   jmp    0x000077b4580e5ba3
  0x000077b4580e5bde:   mov    $0x21,%r10d
  0x000077b4580e5be4:   jmp    0x000077b4580e5bea
  0x000077b4580e5be6:   add    $0x1,%r10
  0x000077b4580e5bea:   addq   $0x1,(%rdi,%r10,8)
  0x000077b4580e5bef:   movabs $0x46178db8,%rbx             ;   {metadata(&apos;java/lang/String&apos;)}
  0x000077b4580e5bf9:   mov    0x8(%rax),%esi
  0x000077b4580e5bfc:   mov    $0x46000000,%r10d
  0x000077b4580e5c02:   add    %r10,%rsi
  0x000077b4580e5c05:   cmp    %rsi,%rbx
  0x000077b4580e5c08:   jne    0x000077b4580e5c13
  0x000077b4580e5c0e:   jmp    0x000077b4580e5c18
  0x000077b4580e5c13:   xor    %rdx,%rdx
  0x000077b4580e5c16:   jmp    0x000077b4580e5c1d
  0x000077b4580e5c18:   mov    $0x1,%edx                    ;*instanceof {reexecute=0 rethrow=0 return_oop=0}
                                                            ; - java.util.Properties::getProperty@10 (line 1146)
  0x000077b4580e5c1d:   test   %edx,%edx
  0x000077b4580e5c1f:   movabs $0x77b414655ce0,%rdx         ;   {metadata(method data for {method} {0x0000000046178678} &apos;getProperty&apos; &apos;(Ljava/lang/String;)Ljava/lang/String;&apos; in &apos;java/util/Properties&apos;)}
  0x000077b4580e5c29:   mov    $0x138,%esi
  0x000077b4580e5c2e:   je     0x000077b4580e5c35
  0x000077b4580e5c30:   mov    $0x148,%esi
  0x000077b4580e5c35:   mov    (%rdx,%rsi,1),%rdi
  0x000077b4580e5c39:   lea    0x1(%rdi),%rdi
  0x000077b4580e5c3d:   mov    %rdi,(%rdx,%rsi,1)
  0x000077b4580e5c41:   je     0x000077b4580e5cf6           ;*ifeq {reexecute=0 rethrow=0 return_oop=0}
                                                            ; - java.util.Properties::getProperty@13 (line 1146)
  0x000077b4580e5c47:   test   %rax,%rax
  0x000077b4580e5c4a:   movabs $0x77b414655ce0,%rdi         ;   {metadata(method data for {method} {0x0000000046178678} &apos;getProperty&apos; &apos;(Ljava/lang/String;)Ljava/lang/String;&apos; in &apos;java/util/Properties&apos;)}
  0x000077b4580e5c54:   jne    0x000077b4580e5c62
  0x000077b4580e5c56:   orb    $0x1,0x151(%rdi)
  0x000077b4580e5c5d:   jmp    0x000077b4580e5cde
  0x000077b4580e5c62:   mov    0x8(%rax),%ebx
  0x000077b4580e5c65:   mov    $0x46000000,%r10d
  0x000077b4580e5c6b:   add    %r10,%rbx
  0x000077b4580e5c6e:   mov    $0x2c,%r10d
  0x000077b4580e5c74:   cmp    (%rdi,%r10,8),%rbx
  0x000077b4580e5c78:   je     0x000077b4580e5cb1
  0x000077b4580e5c7a:   add    $0x2,%r10
  0x000077b4580e5c7e:   cmp    $0x30,%r10
  0x000077b4580e5c82:   jne    0x000077b4580e5c74
  0x000077b4580e5c84:   mov    $0x2c,%r10d
  0x000077b4580e5c8a:   cmpq   $0x0,(%rdi,%r10,8)
  0x000077b4580e5c8f:   je     0x000077b4580e5c9d
  0x000077b4580e5c91:   add    $0x2,%r10
  0x000077b4580e5c95:   cmp    $0x30,%r10
  0x000077b4580e5c99:   jne    0x000077b4580e5c8a
  0x000077b4580e5c9b:   jmp    0x000077b4580e5ca9
  0x000077b4580e5c9d:   push   %rax
  0x000077b4580e5c9e:   xor    %rax,%rax
  0x000077b4580e5ca1:   cmpxchg %rbx,(%rdi,%r10,8)
  0x000077b4580e5ca6:   pop    %rax
  0x000077b4580e5ca7:   jmp    0x000077b4580e5c6e
  0x000077b4580e5ca9:   mov    $0x2b,%r10d
  0x000077b4580e5caf:   jmp    0x000077b4580e5cb5
  0x000077b4580e5cb1:   add    $0x1,%r10
  0x000077b4580e5cb5:   addq   $0x1,(%rdi,%r10,8)
  0x000077b4580e5cba:   movabs $0x46178db8,%rbx             ;   {metadata(&apos;java/lang/String&apos;)}
  0x000077b4580e5cc4:   mov    0x8(%rax),%esi
  0x000077b4580e5cc7:   mov    $0x46000000,%r10d
  0x000077b4580e5ccd:   add    %r10,%rsi
  0x000077b4580e5cd0:   cmp    %rsi,%rbx
  0x000077b4580e5cd3:   jne    0x000077b4580e5e28
  0x000077b4580e5cd9:   jmp    0x000077b4580e5cde
  0x000077b4580e5cde:   mov    %rax,%rdx                    ;*checkcast {reexecute=0 rethrow=0 return_oop=0}
                                                            ; - java.util.Properties::getProperty@17 (line 1146)
  0x000077b4580e5ce1:   movabs $0x77b414655ce0,%rsi         ;   {metadata(method data for {method} {0x0000000046178678} &apos;getProperty&apos; &apos;(Ljava/lang/String;)Ljava/lang/String;&apos; in &apos;java/util/Properties&apos;)}
  0x000077b4580e5ceb:   incl   0x188(%rsi)
  0x000077b4580e5cf1:   jmp    0x000077b4580e5d00           ;*goto {reexecute=0 rethrow=0 return_oop=0}
                                                            ; - java.util.Properties::getProperty@20 (line 1146)
  0x000077b4580e5cf6:   movabs $0x0,%rdx                    ;*astore_3 {reexecute=0 rethrow=0 return_oop=0}
                                                            ; - java.util.Properties::getProperty@24 (line 1146)
                                                            ;   {oop(nullptr)}
  0x000077b4580e5d00:   test   %rdx,%rdx
  0x000077b4580e5d03:   movabs $0x77b414655ce0,%rsi         ;   {metadata(method data for {method} {0x0000000046178678} &apos;getProperty&apos; &apos;(Ljava/lang/String;)Ljava/lang/String;&apos; in &apos;java/util/Properties&apos;)}
  0x000077b4580e5d0d:   mov    $0x1a0,%edi
  0x000077b4580e5d12:   jne    0x000077b4580e5d19
  0x000077b4580e5d14:   mov    $0x1b0,%edi
  0x000077b4580e5d19:   mov    (%rsi,%rdi,1),%rbx
  0x000077b4580e5d1d:   lea    0x1(%rbx),%rbx
  0x000077b4580e5d21:   mov    %rbx,(%rsi,%rdi,1)
  0x000077b4580e5d25:   jne    0x000077b4580e5def           ;*ifnonnull {reexecute=0 rethrow=0 return_oop=0}
                                                            ; - java.util.Properties::getProperty@26 (line 1148)
  0x000077b4580e5d2b:   mov    0x18(%rsp),%rsi
  0x000077b4580e5d30:   mov    0x2c(%rsi),%esi
  0x000077b4580e5d33:   shl    $0x3,%rsi                    ;*getfield defaults {reexecute=0 rethrow=0 return_oop=0}
                                                            ; - java.util.Properties::getProperty@30 (line 1148)
  0x000077b4580e5d37:   test   %rsi,%rsi
  0x000077b4580e5d3a:   movabs $0x77b414655ce0,%rdi         ;   {metadata(method data for {method} {0x0000000046178678} &apos;getProperty&apos; &apos;(Ljava/lang/String;)Ljava/lang/String;&apos; in &apos;java/util/Properties&apos;)}
  0x000077b4580e5d44:   mov    $0x1c0,%ebx
  0x000077b4580e5d49:   je     0x000077b4580e5d50
  0x000077b4580e5d4b:   mov    $0x1d0,%ebx
  0x000077b4580e5d50:   mov    (%rdi,%rbx,1),%rax
  0x000077b4580e5d54:   lea    0x1(%rax),%rax
  0x000077b4580e5d58:   mov    %rax,(%rdi,%rbx,1)
  0x000077b4580e5d5c:   je     0x000077b4580e5def           ;*ifnull {reexecute=0 rethrow=0 return_oop=0}
                                                            ; - java.util.Properties::getProperty@36 (line 1148)
  0x000077b4580e5d62:   mov    0x20(%rsp),%rdx
  0x000077b4580e5d67:   cmp    (%rsi),%rax                  ; implicit exception: dispatches to 0x000077b4580e5e31
                                                            ;*invokevirtual getProperty {reexecute=0 rethrow=0 return_oop=0}
                                                            ; - java.util.Properties::getProperty@42 (line 1148)
  0x000077b4580e5d6a:   mov    %rsi,%rdi
  0x000077b4580e5d6d:   movabs $0x77b414655ce0,%rbx         ;   {metadata(method data for {method} {0x0000000046178678} &apos;getProperty&apos; &apos;(Ljava/lang/String;)Ljava/lang/String;&apos; in &apos;java/util/Properties&apos;)}
  0x000077b4580e5d77:   movabs $0x46177030,%rdi             ;   {metadata(&apos;java/util/Properties&apos;)}
  0x000077b4580e5d81:   mov    $0x3d,%r10d
  0x000077b4580e5d87:   cmp    (%rbx,%r10,8),%rdi
  0x000077b4580e5d8b:   je     0x000077b4580e5dc4
  0x000077b4580e5d8d:   add    $0x2,%r10
  0x000077b4580e5d91:   cmp    $0x41,%r10
  0x000077b4580e5d95:   jne    0x000077b4580e5d87
  0x000077b4580e5d97:   mov    $0x3d,%r10d
  0x000077b4580e5d9d:   cmpq   $0x0,(%rbx,%r10,8)
  0x000077b4580e5da2:   je     0x000077b4580e5db0
  0x000077b4580e5da4:   add    $0x2,%r10
  0x000077b4580e5da8:   cmp    $0x41,%r10
  0x000077b4580e5dac:   jne    0x000077b4580e5d9d
  0x000077b4580e5dae:   jmp    0x000077b4580e5dbc
  0x000077b4580e5db0:   push   %rax
  0x000077b4580e5db1:   xor    %rax,%rax
  0x000077b4580e5db4:   cmpxchg %rdi,(%rbx,%r10,8)
  0x000077b4580e5db9:   pop    %rax
  0x000077b4580e5dba:   jmp    0x000077b4580e5d81
  0x000077b4580e5dbc:   mov    $0x3c,%r10d
  0x000077b4580e5dc2:   jmp    0x000077b4580e5dc8
  0x000077b4580e5dc4:   add    $0x1,%r10
  0x000077b4580e5dc8:   addq   $0x1,(%rbx,%r10,8)
  0x000077b4580e5dcd:   xchg   %ax,%ax
  0x000077b4580e5dcf:   call   0x000077b45f4ad9e0           ; ImmutableOopMap {}
                                                            ;*invokevirtual getProperty {reexecute=0 rethrow=0 return_oop=0}
                                                            ; - java.util.Properties::getProperty@42 (line 1148)
                                                            ;   {optimized virtual_call}
  0x000077b4580e5dd4:   nopl   0x100044c(%rax,%rax,1)       ;*invokevirtual getProperty {reexecute=0 rethrow=0 return_oop=0}
                                                            ; - java.util.Properties::getProperty@42 (line 1148)
                                                            ;   {post_call_nop}
  0x000077b4580e5ddc:   movabs $0x77b414655ce0,%rsi         ;   {metadata(method data for {method} {0x0000000046178678} &apos;getProperty&apos; &apos;(Ljava/lang/String;)Ljava/lang/String;&apos; in &apos;java/util/Properties&apos;)}
  0x000077b4580e5de6:   incl   0x210(%rsi)
  0x000077b4580e5dec:   mov    %rax,%rdx                    ;*goto {reexecute=0 rethrow=0 return_oop=0}
                                                            ; - java.util.Properties::getProperty@45 (line 1148)
  0x000077b4580e5def:   mov    %rdx,%rax
  0x000077b4580e5df2:   add    $0x30,%rsp
  0x000077b4580e5df6:   pop    %rbp
  0x000077b4580e5df7:   cmp    0x28(%r15),%rsp              ;   {poll_return}
  0x000077b4580e5dfb:   ja     0x000077b4580e5e36
  0x000077b4580e5e01:   ret    
  0x000077b4580e5e02:   movabs $0x46178678,%r10             ;   {metadata({method} {0x0000000046178678} &apos;getProperty&apos; &apos;(Ljava/lang/String;)Ljava/lang/String;&apos; in &apos;java/util/Properties&apos;)}
  0x000077b4580e5e0c:   mov    %r10,0x8(%rsp)
  0x000077b4580e5e11:   movq   $0xffffffffffffffff,(%rsp)
  0x000077b4580e5e19:   call   0x000077b45f582fe0           ; ImmutableOopMap {rsi=Oop rdx=Oop }
                                                            ;*synchronization entry
                                                            ; - java.util.Properties::getProperty@-1 (line 1145)
                                                            ;   {runtime_call counter_overflow_blob (C1 runtime)}
  0x000077b4580e5e1e:   jmp    0x000077b4580e5ae2
  0x000077b4580e5e23:   call   0x000077b45f57c660           ; ImmutableOopMap {rsi=Oop rdx=Oop rdi=Oop }
                                                            ;*invokevirtual get {reexecute=0 rethrow=0 return_oop=0}
                                                            ; - java.util.Properties::getProperty@5 (line 1145)
                                                            ;   {runtime_call throw_null_pointer_exception_blob (C1 runtime)}
  0x000077b4580e5e28:   mov    %rax,(%rsp)
  0x000077b4580e5e2c:   call   0x000077b45f57f3e0           ; ImmutableOopMap {[24]=Oop [32]=Oop }
                                                            ;*checkcast {reexecute=0 rethrow=0 return_oop=0}
                                                            ; - java.util.Properties::getProperty@17 (line 1146)
                                                            ;   {runtime_call throw_class_cast_exception_blob (C1 runtime)}
  0x000077b4580e5e31:   call   0x000077b45f57c660           ; ImmutableOopMap {rdx=Oop rsi=Oop }
                                                            ;*invokevirtual getProperty {reexecute=0 rethrow=0 return_oop=0}
                                                            ; - java.util.Properties::getProperty@42 (line 1148)
                                                            ;   {runtime_call throw_null_pointer_exception_blob (C1 runtime)}
  0x000077b4580e5e36:   movabs $0x77b4580e5df7,%r10         ;   {internal_word}
  0x000077b4580e5e40:   mov    %r10,0x510(%r15)
  0x000077b4580e5e47:   jmp    0x000077b45f4afb60           ;   {runtime_call SafepointBlob}
  0x000077b4580e5e4c:   mov    0x5c0(%r15),%rax
  0x000077b4580e5e53:   movq   $0x0,0x5c0(%r15)
  0x000077b4580e5e5e:   movq   $0x0,0x5c8(%r15)
  0x000077b4580e5e69:   add    $0x30,%rsp
  0x000077b4580e5e6d:   pop    %rbp
  0x000077b4580e5e6e:   jmp    0x000077b45f57b760           ;   {runtime_call unwind_exception_blob (C1 runtime)}
  0x000077b4580e5e73:   hlt    
  0x000077b4580e5e74:   hlt    
  0x000077b4580e5e75:   hlt    
  0x000077b4580e5e76:   hlt    
  0x000077b4580e5e77:   hlt    
[Stub Code]
  0x000077b4580e5e78:   nopl   0x0(%rax,%rax,1)             ;   {other}
  0x000077b4580e5e7d:   movabs $0x0,%rbx                    ;   {static_stub}
  0x000077b4580e5e87:   jmp    0x000077b4580e5e87           ;   {runtime_call nmethod}
  0x000077b4580e5e8c:   nop
  0x000077b4580e5e8d:   movabs $0x0,%rbx                    ;   {static_stub}
  0x000077b4580e5e97:   jmp    0x000077b4580e5e97           ;   {runtime_call nmethod}
[Exception Handler]
  0x000077b4580e5e9c:   call   0x000077b45f57ede0           ;   {runtime_call handle_exception_from_callee_blob (C1 runtime)}
  0x000077b4580e5ea1:   movabs $0x77b478d3aec4,%rdi         ;   {external_word}
  0x000077b4580e5eab:   and    $0xfffffffffffffff0,%rsp
  0x000077b4580e5eaf:   call   0x000077b478791cc0           ;   {runtime_call MacroAssembler::debug64(char*, long, long*)}
  0x000077b4580e5eb4:   hlt    
  0x000077b4580e5eb5:   call   0x000077b45f4afe60           ;   {runtime_call DeoptimizationBlob}
[Deopt Handler Entry Point]
  0x000077b4580e5eba:   jmp    0x000077b4580e5eb5
  0x000077b4580e5ebc:   hlt    
  0x000077b4580e5ebd:   hlt    
  0x000077b4580e5ebe:   hlt    
  0x000077b4580e5ebf:   hlt    
--------------------------------------------------------------------------------
[/Disassembly]
