
============================= C1-compiled nmethod ==============================
----------------------------------- Assembly -----------------------------------

Compiled method (c1) 26940 1298       3       java.lang.invoke.LambdaForm$Name::replaceNames (175 bytes)
 total in heap  [0x000077b4580e8688,0x000077b4580e9190] = 2824
 main code      [0x000077b4580e8780,0x000077b4580e9148] = 2504
 stub code      [0x000077b4580e9148,0x000077b4580e9190] = 72
 mutable data [0x000077b3fc1ec500,0x000077b3fc1ec5c8] = 200
 relocation     [0x000077b3fc1ec500,0x000077b3fc1ec5c0] = 192
 metadata       [0x000077b3fc1ec5c0,0x000077b3fc1ec5c8] = 8
 immutable data [0x000077b3fc1e79c0,0x000077b3fc1e80bc] = 1788
 dependencies   [0x000077b3fc1e79c0,0x000077b3fc1e79c8] = 8
 nul chk table  [0x000077b3fc1e79c8,0x000077b3fc1e7a20] = 88
 scopes pcs     [0x000077b3fc1e7a20,0x000077b3fc1e7eb0] = 1168
 scopes data    [0x000077b3fc1e7eb0,0x000077b3fc1e80b8] = 520

[Disassembly]
--------------------------------------------------------------------------------
[Constant Pool (empty)]

--------------------------------------------------------------------------------

[Instructions begin]
  0x000077b4580e8780:   data16 data16 nopw 0x0(%rax,%rax,1)
  0x000077b4580e878b:   data16 data16 xchg %ax,%ax
  0x000077b4580e878f:   data16 xchg %ax,%ax
[Entry Point]
  # {method} {0x0000000046284b70} &apos;replaceNames&apos; &apos;([Ljava/lang/invoke/LambdaForm$Name;[Ljava/lang/invoke/LambdaForm$Name;II)Ljava/lang/invoke/LambdaForm$Name;&apos; in &apos;java/lang/invoke/LambdaForm$Name&apos;
  # this:     rsi:rsi   = &apos;java/lang/invoke/LambdaForm$Name&apos;
  # parm0:    rdx:rdx   = &apos;[Ljava/lang/invoke/LambdaForm$Name;&apos;
  # parm1:    rcx:rcx   = &apos;[Ljava/lang/invoke/LambdaForm$Name;&apos;
  # parm2:    r8        = int
  # parm3:    r9        = int
  #           [sp+0x70]  (sp of caller)
  0x000077b4580e8792:   mov    0x8(%rsi),%r10d
  0x000077b4580e8796:   cmp    0x8(%rax),%r10d
  0x000077b4580e879a:   jne    0x000077b45f4ad6e0           ;   {runtime_call ic_miss_blob (shared runtime)}
[Verified Entry Point]
  0x000077b4580e87a0:   mov    %eax,-0x14000(%rsp)
  0x000077b4580e87a7:   push   %rbp
  0x000077b4580e87a8:   sub    $0x60,%rsp
  0x000077b4580e87ac:   cmpl   $0x1,0x20(%r15)
  0x000077b4580e87b4:   je     0x000077b4580e87bb
  0x000077b4580e87b6:   call   Stub::method_entry_barrier_stub (stub gen)
                                                            ;   {runtime_call Stub::method_entry_barrier_stub (stub gen)}
  0x000077b4580e87bb:   mov    %rsi,0x28(%rsp)
  0x000077b4580e87c0:   mov    %rdx,0x48(%rsp)
  0x000077b4580e87c5:   mov    %rcx,0x38(%rsp)
  0x000077b4580e87ca:   mov    %r8d,0x40(%rsp)
  0x000077b4580e87cf:   mov    %r9d,0x44(%rsp)
  0x000077b4580e87d4:   movabs $0x77b41465eb60,%rdi         ;   {metadata(method data for {method} {0x0000000046284b70} &apos;replaceNames&apos; &apos;([Ljava/lang/invoke/LambdaForm$Name;[Ljava/lang/invoke/LambdaForm$Name;II)Ljava/lang/invoke/LambdaForm$Name;&apos; in &apos;java/lang/invoke/LambdaForm$Name&apos;)}
  0x000077b4580e87de:   mov    0x90(%rdi),%ebx
  0x000077b4580e87e4:   add    $0x2,%ebx
  0x000077b4580e87e7:   mov    %ebx,0x90(%rdi)
  0x000077b4580e87ed:   and    $0x7fe,%ebx
  0x000077b4580e87f3:   test   %ebx,%ebx
  0x000077b4580e87f5:   je     0x000077b4580e8fc7           ;*iload_3 {reexecute=0 rethrow=0 return_oop=0}
                                                            ; - java.lang.invoke.LambdaForm$Name::replaceNames@0 (line 1370)
  0x000077b4580e87fb:   cmp    %r9d,%r8d
  0x000077b4580e87fe:   movabs $0x77b41465eb60,%rdi         ;   {metadata(method data for {method} {0x0000000046284b70} &apos;replaceNames&apos; &apos;([Ljava/lang/invoke/LambdaForm$Name;[Ljava/lang/invoke/LambdaForm$Name;II)Ljava/lang/invoke/LambdaForm$Name;&apos; in &apos;java/lang/invoke/LambdaForm$Name&apos;)}
  0x000077b4580e8808:   mov    $0xe8,%ebx
  0x000077b4580e880d:   jge    0x000077b4580e8814
  0x000077b4580e880f:   mov    $0xd8,%ebx
  0x000077b4580e8814:   mov    (%rdi,%rbx,1),%rax
  0x000077b4580e8818:   lea    0x1(%rax),%rax
  0x000077b4580e881c:   mov    %rax,(%rdi,%rbx,1)
  0x000077b4580e8820:   jge    0x000077b4580e8fb1           ;*if_icmplt {reexecute=0 rethrow=0 return_oop=0}
                                                            ; - java.lang.invoke.LambdaForm$Name::replaceNames@3 (line 1370)
  0x000077b4580e8826:   mov    0x1c(%rsi),%edi
  0x000077b4580e8829:   shl    $0x3,%rdi                    ;*getfield arguments {reexecute=0 rethrow=0 return_oop=0}
                                                            ; - java.lang.invoke.LambdaForm$Name::replaceNames@9 (line 1372)
  0x000077b4580e882d:   mov    %rdi,%rbx
  0x000077b4580e8830:   mov    $0x0,%edi
  0x000077b4580e8835:   mov    $0x0,%eax                    ;*iload {reexecute=0 rethrow=0 return_oop=0}
                                                            ; - java.lang.invoke.LambdaForm$Name::replaceNames@20 (line 1375)
  0x000077b4580e883a:   nopw   0x0(%rax,%rax,1)
  0x000077b4580e8840:   mov    0xc(%rbx),%r11d              ; implicit exception: dispatches to 0x000077b4580e8fe8
                                                            ;*arraylength {reexecute=0 rethrow=0 return_oop=0}
                                                            ; - java.lang.invoke.LambdaForm$Name::replaceNames@24 (line 1375)
  0x000077b4580e8844:   cmp    %r11d,%edi
  0x000077b4580e8847:   movabs $0x77b41465eb60,%r11         ;   {metadata(method data for {method} {0x0000000046284b70} &apos;replaceNames&apos; &apos;([Ljava/lang/invoke/LambdaForm$Name;[Ljava/lang/invoke/LambdaForm$Name;II)Ljava/lang/invoke/LambdaForm$Name;&apos; in &apos;java/lang/invoke/LambdaForm$Name&apos;)}
  0x000077b4580e8851:   mov    $0xf8,%r13d
  0x000077b4580e8857:   jge    0x000077b4580e885f
  0x000077b4580e8859:   mov    $0x108,%r13d
  0x000077b4580e885f:   mov    (%r11,%r13,1),%r14
  0x000077b4580e8863:   lea    0x1(%r14),%r14
  0x000077b4580e8867:   mov    %r14,(%r11,%r13,1)
  0x000077b4580e886b:   jge    0x000077b4580e8ed2           ;*if_icmpge {reexecute=0 rethrow=0 return_oop=0}
                                                            ; - java.lang.invoke.LambdaForm$Name::replaceNames@25 (line 1375)
  0x000077b4580e8871:   movslq %edi,%r11
  0x000077b4580e8874:   mov    0x10(%rbx,%r11,4),%r11d
  0x000077b4580e8879:   shl    $0x3,%r11                    ;*aaload {reexecute=0 rethrow=0 return_oop=0}
                                                            ; - java.lang.invoke.LambdaForm$Name::replaceNames@32 (line 1376)
  0x000077b4580e887d:   mov    %edi,0x30(%rsp)
  0x000077b4580e8881:   test   %r11,%r11
  0x000077b4580e8884:   movabs $0x77b41465eb60,%rsi         ;   {metadata(method data for {method} {0x0000000046284b70} &apos;replaceNames&apos; &apos;([Ljava/lang/invoke/LambdaForm$Name;[Ljava/lang/invoke/LambdaForm$Name;II)Ljava/lang/invoke/LambdaForm$Name;&apos; in &apos;java/lang/invoke/LambdaForm$Name&apos;)}
  0x000077b4580e888e:   jne    0x000077b4580e889c
  0x000077b4580e8890:   orb    $0x1,0x111(%rsi)
  0x000077b4580e8897:   jmp    0x000077b4580e891a
  0x000077b4580e889c:   mov    0x8(%r11),%edi
  0x000077b4580e88a0:   mov    $0x46000000,%r10d
  0x000077b4580e88a6:   add    %r10,%rdi
  0x000077b4580e88a9:   mov    $0x24,%r10d
  0x000077b4580e88af:   cmp    (%rsi,%r10,8),%rdi
  0x000077b4580e88b3:   je     0x000077b4580e88ec
  0x000077b4580e88b5:   add    $0x2,%r10
  0x000077b4580e88b9:   cmp    $0x28,%r10
  0x000077b4580e88bd:   jne    0x000077b4580e88af
  0x000077b4580e88bf:   mov    $0x24,%r10d
  0x000077b4580e88c5:   cmpq   $0x0,(%rsi,%r10,8)
  0x000077b4580e88ca:   je     0x000077b4580e88d8
  0x000077b4580e88cc:   add    $0x2,%r10
  0x000077b4580e88d0:   cmp    $0x28,%r10
  0x000077b4580e88d4:   jne    0x000077b4580e88c5
  0x000077b4580e88d6:   jmp    0x000077b4580e88e4
  0x000077b4580e88d8:   push   %rax
  0x000077b4580e88d9:   xor    %rax,%rax
  0x000077b4580e88dc:   cmpxchg %rdi,(%rsi,%r10,8)
  0x000077b4580e88e1:   pop    %rax
  0x000077b4580e88e2:   jmp    0x000077b4580e88a9
  0x000077b4580e88e4:   mov    $0x23,%r10d
  0x000077b4580e88ea:   jmp    0x000077b4580e88f0
  0x000077b4580e88ec:   add    $0x1,%r10
  0x000077b4580e88f0:   addq   $0x1,(%rsi,%r10,8)
  0x000077b4580e88f5:   movabs $0x46283ad8,%rdi             ;   {metadata(&apos;java/lang/invoke/LambdaForm$Name&apos;)}
  0x000077b4580e88ff:   mov    0x8(%r11),%r14d
  0x000077b4580e8903:   mov    $0x46000000,%r10d
  0x000077b4580e8909:   add    %r10,%r14
  0x000077b4580e890c:   cmp    %r14,%rdi
  0x000077b4580e890f:   jne    0x000077b4580e891a
  0x000077b4580e8915:   jmp    0x000077b4580e891f
  0x000077b4580e891a:   xor    %r13,%r13
  0x000077b4580e891d:   jmp    0x000077b4580e8925
  0x000077b4580e891f:   mov    $0x1,%r13d                   ;*instanceof {reexecute=0 rethrow=0 return_oop=0}
                                                            ; - java.lang.invoke.LambdaForm$Name::replaceNames@37 (line 1376)
  0x000077b4580e8925:   test   %r13d,%r13d
  0x000077b4580e8928:   movabs $0x77b41465eb60,%rsi         ;   {metadata(method data for {method} {0x0000000046284b70} &apos;replaceNames&apos; &apos;([Ljava/lang/invoke/LambdaForm$Name;[Ljava/lang/invoke/LambdaForm$Name;II)Ljava/lang/invoke/LambdaForm$Name;&apos; in &apos;java/lang/invoke/LambdaForm$Name&apos;)}
  0x000077b4580e8932:   mov    $0x158,%edi
  0x000077b4580e8937:   jne    0x000077b4580e893e
  0x000077b4580e8939:   mov    $0x148,%edi
  0x000077b4580e893e:   mov    (%rsi,%rdi,1),%r13
  0x000077b4580e8942:   lea    0x1(%r13),%r13
  0x000077b4580e8946:   mov    %r13,(%rsi,%rdi,1)
  0x000077b4580e894a:   jne    0x000077b4580e8959           ;*ifeq {reexecute=0 rethrow=0 return_oop=0}
                                                            ; - java.lang.invoke.LambdaForm$Name::replaceNames@40 (line 1376)
  0x000077b4580e8950:   mov    0x30(%rsp),%edx
  0x000077b4580e8954:   jmp    0x000077b4580e8e75           ;*iinc {reexecute=0 rethrow=0 return_oop=0}
                                                            ; - java.lang.invoke.LambdaForm$Name::replaceNames@148 (line 1375)
  0x000077b4580e8959:   test   %r11,%r11
  0x000077b4580e895c:   movabs $0x77b41465eb60,%rsi         ;   {metadata(method data for {method} {0x0000000046284b70} &apos;replaceNames&apos; &apos;([Ljava/lang/invoke/LambdaForm$Name;[Ljava/lang/invoke/LambdaForm$Name;II)Ljava/lang/invoke/LambdaForm$Name;&apos; in &apos;java/lang/invoke/LambdaForm$Name&apos;)}
  0x000077b4580e8966:   jne    0x000077b4580e8974
  0x000077b4580e8968:   orb    $0x1,0x161(%rsi)
  0x000077b4580e896f:   jmp    0x000077b4580e89f2
  0x000077b4580e8974:   mov    0x8(%r11),%r13d
  0x000077b4580e8978:   mov    $0x46000000,%r10d
  0x000077b4580e897e:   add    %r10,%r13
  0x000077b4580e8981:   mov    $0x2e,%r10d
  0x000077b4580e8987:   cmp    (%rsi,%r10,8),%r13
  0x000077b4580e898b:   je     0x000077b4580e89c4
  0x000077b4580e898d:   add    $0x2,%r10
  0x000077b4580e8991:   cmp    $0x32,%r10
  0x000077b4580e8995:   jne    0x000077b4580e8987
  0x000077b4580e8997:   mov    $0x2e,%r10d
  0x000077b4580e899d:   cmpq   $0x0,(%rsi,%r10,8)
  0x000077b4580e89a2:   je     0x000077b4580e89b0
  0x000077b4580e89a4:   add    $0x2,%r10
  0x000077b4580e89a8:   cmp    $0x32,%r10
  0x000077b4580e89ac:   jne    0x000077b4580e899d
  0x000077b4580e89ae:   jmp    0x000077b4580e89bc
  0x000077b4580e89b0:   push   %rax
  0x000077b4580e89b1:   xor    %rax,%rax
  0x000077b4580e89b4:   cmpxchg %r13,(%rsi,%r10,8)
  0x000077b4580e89b9:   pop    %rax
  0x000077b4580e89ba:   jmp    0x000077b4580e8981
  0x000077b4580e89bc:   mov    $0x2d,%r10d
  0x000077b4580e89c2:   jmp    0x000077b4580e89c8
  0x000077b4580e89c4:   add    $0x1,%r10
  0x000077b4580e89c8:   addq   $0x1,(%rsi,%r10,8)
  0x000077b4580e89cd:   movabs $0x46283ad8,%r13             ;   {metadata(&apos;java/lang/invoke/LambdaForm$Name&apos;)}
  0x000077b4580e89d7:   mov    0x8(%r11),%edi
  0x000077b4580e89db:   mov    $0x46000000,%r10d
  0x000077b4580e89e1:   add    %r10,%rdi
  0x000077b4580e89e4:   cmp    %rdi,%r13
  0x000077b4580e89e7:   jne    0x000077b4580e8fed
  0x000077b4580e89ed:   jmp    0x000077b4580e89f2
  0x000077b4580e89f2:   mov    %r11,%rsi                    ;*checkcast {reexecute=0 rethrow=0 return_oop=0}
                                                            ; - java.lang.invoke.LambdaForm$Name::replaceNames@45 (line 1376)
  0x000077b4580e89f5:   movswl 0xc(%rsi),%edi               ; implicit exception: dispatches to 0x000077b4580e8ff6
                                                            ;*getfield index {reexecute=0 rethrow=0 return_oop=0}
                                                            ; - java.lang.invoke.LambdaForm$Name::replaceNames@52 (line 1377)
  0x000077b4580e89f9:   test   %edi,%edi
  0x000077b4580e89fb:   movabs $0x77b41465eb60,%r11         ;   {metadata(method data for {method} {0x0000000046284b70} &apos;replaceNames&apos; &apos;([Ljava/lang/invoke/LambdaForm$Name;[Ljava/lang/invoke/LambdaForm$Name;II)Ljava/lang/invoke/LambdaForm$Name;&apos; in &apos;java/lang/invoke/LambdaForm$Name&apos;)}
  0x000077b4580e8a05:   mov    $0x198,%r13d
  0x000077b4580e8a0b:   jl     0x000077b4580e8a13
  0x000077b4580e8a0d:   mov    $0x1a8,%r13d
  0x000077b4580e8a13:   mov    (%r11,%r13,1),%r14
  0x000077b4580e8a17:   lea    0x1(%r14),%r14
  0x000077b4580e8a1b:   mov    %r14,(%r11,%r13,1)
  0x000077b4580e8a1f:   jl     0x000077b4580e8a8e           ;*iflt {reexecute=0 rethrow=0 return_oop=0}
                                                            ; - java.lang.invoke.LambdaForm$Name::replaceNames@59 (line 1379)
  0x000077b4580e8a25:   mov    0xc(%rcx),%r11d              ; implicit exception: dispatches to 0x000077b4580e8ffb
                                                            ;*arraylength {reexecute=0 rethrow=0 return_oop=0}
                                                            ; - java.lang.invoke.LambdaForm$Name::replaceNames@65 (line 1379)
  0x000077b4580e8a29:   cmp    %r11d,%edi
  0x000077b4580e8a2c:   movabs $0x77b41465eb60,%r11         ;   {metadata(method data for {method} {0x0000000046284b70} &apos;replaceNames&apos; &apos;([Ljava/lang/invoke/LambdaForm$Name;[Ljava/lang/invoke/LambdaForm$Name;II)Ljava/lang/invoke/LambdaForm$Name;&apos; in &apos;java/lang/invoke/LambdaForm$Name&apos;)}
  0x000077b4580e8a36:   mov    $0x1b8,%r13d
  0x000077b4580e8a3c:   jge    0x000077b4580e8a44
  0x000077b4580e8a3e:   mov    $0x1c8,%r13d
  0x000077b4580e8a44:   mov    (%r11,%r13,1),%r14
  0x000077b4580e8a48:   lea    0x1(%r14),%r14
  0x000077b4580e8a4c:   mov    %r14,(%r11,%r13,1)
  0x000077b4580e8a50:   jge    0x000077b4580e8a8e           ;*if_icmpge {reexecute=0 rethrow=0 return_oop=0}
                                                            ; - java.lang.invoke.LambdaForm$Name::replaceNames@66 (line 1379)
  0x000077b4580e8a56:   movslq %edi,%rdi
  0x000077b4580e8a59:   mov    0x10(%rcx,%rdi,4),%edi
  0x000077b4580e8a5d:   shl    $0x3,%rdi                    ;*aaload {reexecute=0 rethrow=0 return_oop=0}
                                                            ; - java.lang.invoke.LambdaForm$Name::replaceNames@74 (line 1379)
  0x000077b4580e8a61:   cmp    %rdi,%rsi
  0x000077b4580e8a64:   movabs $0x77b41465eb60,%rdi         ;   {metadata(method data for {method} {0x0000000046284b70} &apos;replaceNames&apos; &apos;([Ljava/lang/invoke/LambdaForm$Name;[Ljava/lang/invoke/LambdaForm$Name;II)Ljava/lang/invoke/LambdaForm$Name;&apos; in &apos;java/lang/invoke/LambdaForm$Name&apos;)}
  0x000077b4580e8a6e:   mov    $0x1e8,%r11d
  0x000077b4580e8a74:   je     0x000077b4580e8a7c
  0x000077b4580e8a76:   mov    $0x1d8,%r11d
  0x000077b4580e8a7c:   mov    (%rdi,%r11,1),%r13
  0x000077b4580e8a80:   lea    0x1(%r13),%r13
  0x000077b4580e8a84:   mov    %r13,(%rdi,%r11,1)
  0x000077b4580e8a88:   je     0x000077b4580e8e61           ;*if_acmpne {reexecute=0 rethrow=0 return_oop=0}
                                                            ; - java.lang.invoke.LambdaForm$Name::replaceNames@75 (line 1379)
  0x000077b4580e8a8e:   mov    %r8,%rdi
  0x000077b4580e8a91:   jmp    0x000077b4580e8b20           ;*iload {reexecute=0 rethrow=0 return_oop=0}
                                                            ; - java.lang.invoke.LambdaForm$Name::replaceNames@84 (line 1382)
  0x000077b4580e8a96:   xchg   %ax,%ax
  0x000077b4580e8a98:   cmp    0xc(%rdx),%edi               ; implicit exception: dispatches to 0x000077b4580e9000
  0x000077b4580e8a9b:   jae    0x000077b4580e900a
  0x000077b4580e8aa1:   movslq %edi,%r11
  0x000077b4580e8aa4:   mov    0x10(%rdx,%r11,4),%r11d
  0x000077b4580e8aa9:   shl    $0x3,%r11                    ;*aaload {reexecute=0 rethrow=0 return_oop=0}
                                                            ; - java.lang.invoke.LambdaForm$Name::replaceNames@96 (line 1383)
  0x000077b4580e8aad:   cmp    %r11,%rsi
  0x000077b4580e8ab0:   movabs $0x77b41465eb60,%r11         ;   {metadata(method data for {method} {0x0000000046284b70} &apos;replaceNames&apos; &apos;([Ljava/lang/invoke/LambdaForm$Name;[Ljava/lang/invoke/LambdaForm$Name;II)Ljava/lang/invoke/LambdaForm$Name;&apos; in &apos;java/lang/invoke/LambdaForm$Name&apos;)}
  0x000077b4580e8aba:   mov    $0x240,%r13d
  0x000077b4580e8ac0:   je     0x000077b4580e8ac8
  0x000077b4580e8ac2:   mov    $0x230,%r13d
  0x000077b4580e8ac8:   mov    (%r11,%r13,1),%r14
  0x000077b4580e8acc:   lea    0x1(%r14),%r14
  0x000077b4580e8ad0:   mov    %r14,(%r11,%r13,1)
  0x000077b4580e8ad4:   je     0x000077b4580e8b56           ;*if_acmpne {reexecute=0 rethrow=0 return_oop=0}
                                                            ; - java.lang.invoke.LambdaForm$Name::replaceNames@97 (line 1383)
  0x000077b4580e8ada:   inc    %edi
  0x000077b4580e8adc:   movabs $0x77b41465eb60,%r11         ;   {metadata(method data for {method} {0x0000000046284b70} &apos;replaceNames&apos; &apos;([Ljava/lang/invoke/LambdaForm$Name;[Ljava/lang/invoke/LambdaForm$Name;II)Ljava/lang/invoke/LambdaForm$Name;&apos; in &apos;java/lang/invoke/LambdaForm$Name&apos;)}
  0x000077b4580e8ae6:   mov    0x94(%r11),%r13d
  0x000077b4580e8aed:   add    $0x2,%r13d
  0x000077b4580e8af1:   mov    %r13d,0x94(%r11)
  0x000077b4580e8af8:   and    $0x3ffe,%r13d
  0x000077b4580e8aff:   test   %r13d,%r13d
  0x000077b4580e8b02:   je     0x000077b4580e9018           ;*goto {reexecute=0 rethrow=0 return_oop=0}
                                                            ; - java.lang.invoke.LambdaForm$Name::replaceNames@145 (line 1382)
  0x000077b4580e8b08:   mov    0x30(%r15),%r10              ; ImmutableOopMap {rdx=Oop rcx=Oop rbx=Oop rsi=Oop [40]=Oop [56]=Oop [72]=Oop }
                                                            ;*goto {reexecute=1 rethrow=0 return_oop=0}
                                                            ; - (reexecute) java.lang.invoke.LambdaForm$Name::replaceNames@145 (line 1382)
  0x000077b4580e8b0c:   test   %eax,(%r10)                  ;   {poll}
  0x000077b4580e8b0f:   movabs $0x77b41465eb60,%r11         ;   {metadata(method data for {method} {0x0000000046284b70} &apos;replaceNames&apos; &apos;([Ljava/lang/invoke/LambdaForm$Name;[Ljava/lang/invoke/LambdaForm$Name;II)Ljava/lang/invoke/LambdaForm$Name;&apos; in &apos;java/lang/invoke/LambdaForm$Name&apos;)}
  0x000077b4580e8b19:   incl   0x350(%r11)                  ;*goto {reexecute=0 rethrow=0 return_oop=0}
                                                            ; - java.lang.invoke.LambdaForm$Name::replaceNames@145 (line 1382)
  0x000077b4580e8b20:   cmp    %r9d,%edi
  0x000077b4580e8b23:   movabs $0x77b41465eb60,%r11         ;   {metadata(method data for {method} {0x0000000046284b70} &apos;replaceNames&apos; &apos;([Ljava/lang/invoke/LambdaForm$Name;[Ljava/lang/invoke/LambdaForm$Name;II)Ljava/lang/invoke/LambdaForm$Name;&apos; in &apos;java/lang/invoke/LambdaForm$Name&apos;)}
  0x000077b4580e8b2d:   mov    $0x220,%r13d
  0x000077b4580e8b33:   jl     0x000077b4580e8b3b
  0x000077b4580e8b35:   mov    $0x210,%r13d
  0x000077b4580e8b3b:   mov    (%r11,%r13,1),%r14
  0x000077b4580e8b3f:   lea    0x1(%r14),%r14
  0x000077b4580e8b43:   mov    %r14,(%r11,%r13,1)
  0x000077b4580e8b47:   jl     0x000077b4580e8a98           ;*if_icmpge {reexecute=0 rethrow=0 return_oop=0}
                                                            ; - java.lang.invoke.LambdaForm$Name::replaceNames@88 (line 1382)
  0x000077b4580e8b4d:   mov    0x30(%rsp),%edx
  0x000077b4580e8b51:   jmp    0x000077b4580e8e75           ;*iinc {reexecute=0 rethrow=0 return_oop=0}
                                                            ; - java.lang.invoke.LambdaForm$Name::replaceNames@148 (line 1375)
  0x000077b4580e8b56:   cmp    0xc(%rcx),%edi               ; implicit exception: dispatches to 0x000077b4580e9039
  0x000077b4580e8b59:   jae    0x000077b4580e9043
  0x000077b4580e8b5f:   movslq %edi,%r11
  0x000077b4580e8b62:   mov    0x10(%rcx,%r11,4),%r11d
  0x000077b4580e8b67:   shl    $0x3,%r11                    ;*aaload {reexecute=0 rethrow=0 return_oop=0}
                                                            ; - java.lang.invoke.LambdaForm$Name::replaceNames@105 (line 1384)
  0x000077b4580e8b6b:   cmp    %r11,%rsi
  0x000077b4580e8b6e:   movabs $0x77b41465eb60,%rsi         ;   {metadata(method data for {method} {0x0000000046284b70} &apos;replaceNames&apos; &apos;([Ljava/lang/invoke/LambdaForm$Name;[Ljava/lang/invoke/LambdaForm$Name;II)Ljava/lang/invoke/LambdaForm$Name;&apos; in &apos;java/lang/invoke/LambdaForm$Name&apos;)}
  0x000077b4580e8b78:   mov    $0x250,%r11d
  0x000077b4580e8b7e:   jne    0x000077b4580e8b86
  0x000077b4580e8b80:   mov    $0x260,%r11d
  0x000077b4580e8b86:   mov    (%rsi,%r11,1),%r13
  0x000077b4580e8b8a:   lea    0x1(%r13),%r13
  0x000077b4580e8b8e:   mov    %r13,(%rsi,%r11,1)
  0x000077b4580e8b92:   jne    0x000077b4580e8bb1           ;*if_acmpne {reexecute=0 rethrow=0 return_oop=0}
                                                            ; - java.lang.invoke.LambdaForm$Name::replaceNames@106 (line 1384)
  0x000077b4580e8b98:   movabs $0x77b41465eb60,%rsi         ;   {metadata(method data for {method} {0x0000000046284b70} &apos;replaceNames&apos; &apos;([Ljava/lang/invoke/LambdaForm$Name;[Ljava/lang/invoke/LambdaForm$Name;II)Ljava/lang/invoke/LambdaForm$Name;&apos; in &apos;java/lang/invoke/LambdaForm$Name&apos;)}
  0x000077b4580e8ba2:   incl   0x270(%rsi)
  0x000077b4580e8ba8:   mov    0x30(%rsp),%edx
  0x000077b4580e8bac:   jmp    0x000077b4580e8e75           ;*goto {reexecute=0 rethrow=0 return_oop=0}
                                                            ; - java.lang.invoke.LambdaForm$Name::replaceNames@109 (line 1385)
  0x000077b4580e8bb1:   test   %eax,%eax
  0x000077b4580e8bb3:   movabs $0x77b41465eb60,%rsi         ;   {metadata(method data for {method} {0x0000000046284b70} &apos;replaceNames&apos; &apos;([Ljava/lang/invoke/LambdaForm$Name;[Ljava/lang/invoke/LambdaForm$Name;II)Ljava/lang/invoke/LambdaForm$Name;&apos; in &apos;java/lang/invoke/LambdaForm$Name&apos;)}
  0x000077b4580e8bbd:   mov    $0x298,%r11d
  0x000077b4580e8bc3:   je     0x000077b4580e8bcb
  0x000077b4580e8bc5:   mov    $0x288,%r11d
  0x000077b4580e8bcb:   mov    (%rsi,%r11,1),%r13
  0x000077b4580e8bcf:   lea    0x1(%r13),%r13
  0x000077b4580e8bd3:   mov    %r13,(%rsi,%r11,1)
  0x000077b4580e8bd7:   je     0x000077b4580e8be6           ;*ifne {reexecute=0 rethrow=0 return_oop=0}
                                                            ; - java.lang.invoke.LambdaForm$Name::replaceNames@114 (line 1386)
  0x000077b4580e8bdd:   mov    0x30(%rsp),%edx
  0x000077b4580e8be1:   jmp    0x000077b4580e8d21           ;*aload {reexecute=0 rethrow=0 return_oop=0}
                                                            ; - java.lang.invoke.LambdaForm$Name::replaceNames@130 (line 1390)
  0x000077b4580e8be6:   mov    %edi,0x34(%rsp)
  0x000077b4580e8bea:   mov    %rbx,%r11
  0x000077b4580e8bed:   movabs $0x77b41465eb60,%r13         ;   {metadata(method data for {method} {0x0000000046284b70} &apos;replaceNames&apos; &apos;([Ljava/lang/invoke/LambdaForm$Name;[Ljava/lang/invoke/LambdaForm$Name;II)Ljava/lang/invoke/LambdaForm$Name;&apos; in &apos;java/lang/invoke/LambdaForm$Name&apos;)}
  0x000077b4580e8bf7:   mov    0x8(%r11),%r11d
  0x000077b4580e8bfb:   mov    $0x46000000,%r10d
  0x000077b4580e8c01:   add    %r10,%r11
  0x000077b4580e8c04:   mov    $0x56,%r10d
  0x000077b4580e8c0a:   cmp    0x0(%r13,%r10,8),%r11
  0x000077b4580e8c0f:   je     0x000077b4580e8c4a
  0x000077b4580e8c11:   add    $0x2,%r10
  0x000077b4580e8c15:   cmp    $0x5a,%r10
  0x000077b4580e8c19:   jne    0x000077b4580e8c0a
  0x000077b4580e8c1b:   mov    $0x56,%r10d
  0x000077b4580e8c21:   cmpq   $0x0,0x0(%r13,%r10,8)
  0x000077b4580e8c27:   je     0x000077b4580e8c35
  0x000077b4580e8c29:   add    $0x2,%r10
  0x000077b4580e8c2d:   cmp    $0x5a,%r10
  0x000077b4580e8c31:   jne    0x000077b4580e8c21
  0x000077b4580e8c33:   jmp    0x000077b4580e8c42
  0x000077b4580e8c35:   push   %rax
  0x000077b4580e8c36:   xor    %rax,%rax
  0x000077b4580e8c39:   cmpxchg %r11,0x0(%r13,%r10,8)
  0x000077b4580e8c3f:   pop    %rax
  0x000077b4580e8c40:   jmp    0x000077b4580e8c04
  0x000077b4580e8c42:   mov    $0x55,%r10d
  0x000077b4580e8c48:   jmp    0x000077b4580e8c4e
  0x000077b4580e8c4a:   add    $0x1,%r10
  0x000077b4580e8c4e:   addq   $0x1,0x0(%r13,%r10,8)
  0x000077b4580e8c54:   mov    %rbx,%rsi                    ;*invokevirtual clone {reexecute=0 rethrow=0 return_oop=0}
                                                            ; - java.lang.invoke.LambdaForm$Name::replaceNames@122 (line 1388)
  0x000077b4580e8c57:   nopw   0x0(%rax,%rax,1)
  0x000077b4580e8c5d:   movabs $0x77b3fc1e8320,%rax
  0x000077b4580e8c67:   call   0x000077b45fba9200           ; ImmutableOopMap {[40]=Oop [56]=Oop [72]=Oop }
                                                            ;*invokevirtual clone {reexecute=0 rethrow=0 return_oop=0}
                                                            ; - java.lang.invoke.LambdaForm$Name::replaceNames@122 (line 1388)
                                                            ;   {virtual_call}
  0x000077b4580e8c6c:   nopl   0x10005e4(%rax,%rax,1)       ;*invokevirtual clone {reexecute=0 rethrow=0 return_oop=0}
                                                            ; - java.lang.invoke.LambdaForm$Name::replaceNames@122 (line 1388)
                                                            ;   {post_call_nop}
  0x000077b4580e8c74:   test   %rax,%rax
  0x000077b4580e8c77:   movabs $0x77b41465eb60,%rsi         ;   {metadata(method data for {method} {0x0000000046284b70} &apos;replaceNames&apos; &apos;([Ljava/lang/invoke/LambdaForm$Name;[Ljava/lang/invoke/LambdaForm$Name;II)Ljava/lang/invoke/LambdaForm$Name;&apos; in &apos;java/lang/invoke/LambdaForm$Name&apos;)}
  0x000077b4580e8c81:   jne    0x000077b4580e8c8f
  0x000077b4580e8c83:   orb    $0x1,0x2d1(%rsi)
  0x000077b4580e8c8a:   jmp    0x000077b4580e8d0c
  0x000077b4580e8c8f:   mov    0x8(%rax),%edi
  0x000077b4580e8c92:   mov    $0x46000000,%r10d
  0x000077b4580e8c98:   add    %r10,%rdi
  0x000077b4580e8c9b:   mov    $0x5c,%r10d
  0x000077b4580e8ca1:   cmp    (%rsi,%r10,8),%rdi
  0x000077b4580e8ca5:   je     0x000077b4580e8cde
  0x000077b4580e8ca7:   add    $0x2,%r10
  0x000077b4580e8cab:   cmp    $0x60,%r10
  0x000077b4580e8caf:   jne    0x000077b4580e8ca1
  0x000077b4580e8cb1:   mov    $0x5c,%r10d
  0x000077b4580e8cb7:   cmpq   $0x0,(%rsi,%r10,8)
  0x000077b4580e8cbc:   je     0x000077b4580e8cca
  0x000077b4580e8cbe:   add    $0x2,%r10
  0x000077b4580e8cc2:   cmp    $0x60,%r10
  0x000077b4580e8cc6:   jne    0x000077b4580e8cb7
  0x000077b4580e8cc8:   jmp    0x000077b4580e8cd6
  0x000077b4580e8cca:   push   %rax
  0x000077b4580e8ccb:   xor    %rax,%rax
  0x000077b4580e8cce:   cmpxchg %rdi,(%rsi,%r10,8)
  0x000077b4580e8cd3:   pop    %rax
  0x000077b4580e8cd4:   jmp    0x000077b4580e8c9b
  0x000077b4580e8cd6:   mov    $0x5b,%r10d
  0x000077b4580e8cdc:   jmp    0x000077b4580e8ce2
  0x000077b4580e8cde:   add    $0x1,%r10
  0x000077b4580e8ce2:   addq   $0x1,(%rsi,%r10,8)
  0x000077b4580e8ce7:   movabs $0x46174d58,%rdi             ;   {metadata(&apos;java/lang/Object&apos;[])}
  0x000077b4580e8cf1:   mov    0x8(%rax),%esi
  0x000077b4580e8cf4:   mov    $0x46000000,%r10d
  0x000077b4580e8cfa:   add    %r10,%rsi
  0x000077b4580e8cfd:   cmp    0x38(%rsi),%rdi
  0x000077b4580e8d01:   jne    0x000077b4580e9051
  0x000077b4580e8d07:   jmp    0x000077b4580e8d0c           ;*checkcast {reexecute=0 rethrow=0 return_oop=0}
                                                            ; - java.lang.invoke.LambdaForm$Name::replaceNames@125 (line 1388)
  0x000077b4580e8d0c:   mov    %rax,%rbx
  0x000077b4580e8d0f:   mov    $0x1,%eax                    ;*aload {reexecute=0 rethrow=0 return_oop=0}
                                                            ; - java.lang.invoke.LambdaForm$Name::replaceNames@130 (line 1390)
  0x000077b4580e8d14:   mov    0x34(%rsp),%edi
  0x000077b4580e8d18:   mov    0x30(%rsp),%edx
  0x000077b4580e8d1c:   mov    0x38(%rsp),%rcx
  0x000077b4580e8d21:   cmp    0xc(%rcx),%edi
  0x000077b4580e8d24:   jae    0x000077b4580e905a
  0x000077b4580e8d2a:   movslq %edi,%rdi
  0x000077b4580e8d2d:   mov    0x10(%rcx,%rdi,4),%esi
  0x000077b4580e8d31:   shl    $0x3,%rsi                    ;*aaload {reexecute=0 rethrow=0 return_oop=0}
                                                            ; - java.lang.invoke.LambdaForm$Name::replaceNames@137 (line 1390)
  0x000077b4580e8d35:   cmp    0xc(%rbx),%edx               ; implicit exception: dispatches to 0x000077b4580e9068
  0x000077b4580e8d38:   jae    0x000077b4580e9072
  0x000077b4580e8d3e:   test   %rsi,%rsi
  0x000077b4580e8d41:   movabs $0x77b41465eb60,%r8          ;   {metadata(method data for {method} {0x0000000046284b70} &apos;replaceNames&apos; &apos;([Ljava/lang/invoke/LambdaForm$Name;[Ljava/lang/invoke/LambdaForm$Name;II)Ljava/lang/invoke/LambdaForm$Name;&apos; in &apos;java/lang/invoke/LambdaForm$Name&apos;)}
  0x000077b4580e8d4b:   jne    0x000077b4580e8d5a
  0x000077b4580e8d4d:   orb    $0x1,0x301(%r8)
  0x000077b4580e8d55:   jmp    0x000077b4580e8e06
  0x000077b4580e8d5a:   mov    0x8(%rsi),%edi
  0x000077b4580e8d5d:   mov    $0x46000000,%r10d
  0x000077b4580e8d63:   add    %r10,%rdi
  0x000077b4580e8d66:   mov    $0x62,%r10d
  0x000077b4580e8d6c:   cmp    (%r8,%r10,8),%rdi
  0x000077b4580e8d70:   je     0x000077b4580e8da9
  0x000077b4580e8d72:   add    $0x2,%r10
  0x000077b4580e8d76:   cmp    $0x66,%r10
  0x000077b4580e8d7a:   jne    0x000077b4580e8d6c
  0x000077b4580e8d7c:   mov    $0x62,%r10d
  0x000077b4580e8d82:   cmpq   $0x0,(%r8,%r10,8)
  0x000077b4580e8d87:   je     0x000077b4580e8d95
  0x000077b4580e8d89:   add    $0x2,%r10
  0x000077b4580e8d8d:   cmp    $0x66,%r10
  0x000077b4580e8d91:   jne    0x000077b4580e8d82
  0x000077b4580e8d93:   jmp    0x000077b4580e8da1
  0x000077b4580e8d95:   push   %rax
  0x000077b4580e8d96:   xor    %rax,%rax
  0x000077b4580e8d99:   cmpxchg %rdi,(%r8,%r10,8)
  0x000077b4580e8d9e:   pop    %rax
  0x000077b4580e8d9f:   jmp    0x000077b4580e8d66
  0x000077b4580e8da1:   mov    $0x61,%r10d
  0x000077b4580e8da7:   jmp    0x000077b4580e8dad
  0x000077b4580e8da9:   add    $0x1,%r10
  0x000077b4580e8dad:   addq   $0x1,(%r8,%r10,8)
  0x000077b4580e8db2:   mov    0x8(%rbx),%edi               ; implicit exception: dispatches to 0x000077b4580e9080
  0x000077b4580e8db5:   mov    $0x46000000,%r10d
  0x000077b4580e8dbb:   add    %r10,%rdi
  0x000077b4580e8dbe:   mov    0x8(%rsi),%r8d
  0x000077b4580e8dc2:   mov    $0x46000000,%r10d
  0x000077b4580e8dc8:   add    %r10,%r8
  0x000077b4580e8dcb:   mov    0xe0(%rdi),%rdi
  0x000077b4580e8dd2:   cmp    %rdi,%r8
  0x000077b4580e8dd5:   je     0x000077b4580e8e06
  0x000077b4580e8ddb:   mov    0x10(%rdi),%r9d
  0x000077b4580e8ddf:   cmp    (%r8,%r9,1),%rdi
  0x000077b4580e8de3:   je     0x000077b4580e8e06
  0x000077b4580e8de9:   cmp    $0x20,%r9d
  0x000077b4580e8ded:   jne    0x000077b4580e9085
  0x000077b4580e8df3:   push   %r8
  0x000077b4580e8df5:   push   %rdi
  0x000077b4580e8df6:   call   0x000077b45f57fee0           ;   {runtime_call slow_subtype_check_blob (C1 runtime)}
  0x000077b4580e8dfb:   pop    %r8
  0x000077b4580e8dfd:   pop    %rdi
  0x000077b4580e8dfe:   test   %edi,%edi
  0x000077b4580e8e00:   je     0x000077b4580e9085
  0x000077b4580e8e06:   movslq %edx,%rdi
  0x000077b4580e8e09:   lea    0x10(%rbx,%rdi,4),%rdi
  0x000077b4580e8e0e:   movsbl 0x48(%r15),%r8d
  0x000077b4580e8e13:   test   %r8d,%r8d
  0x000077b4580e8e16:   jne    0x000077b4580e908e
  0x000077b4580e8e1c:   mov    %rsi,%r10
  0x000077b4580e8e1f:   shr    $0x3,%r10
  0x000077b4580e8e23:   mov    %r10d,(%rdi)
  0x000077b4580e8e26:   mov    %rdi,%r9
  0x000077b4580e8e29:   xor    %rsi,%r9
  0x000077b4580e8e2c:   shr    $0x17,%r9
  0x000077b4580e8e30:   je     0x000077b4580e8e4c
  0x000077b4580e8e32:   test   %rsi,%rsi
  0x000077b4580e8e35:   je     0x000077b4580e8e4c
  0x000077b4580e8e37:   mov    %rdi,%r9
  0x000077b4580e8e3a:   shr    $0x9,%r9
  0x000077b4580e8e3e:   add    0x50(%r15),%r9
  0x000077b4580e8e42:   cmpb   $0xff,(%r9)
  0x000077b4580e8e46:   jne    0x000077b4580e8e4c
  0x000077b4580e8e48:   movb   $0x0,(%r9)                   ;*aastore {reexecute=0 rethrow=0 return_oop=0}
                                                            ; - java.lang.invoke.LambdaForm$Name::replaceNames@138 (line 1390)
  0x000077b4580e8e4c:   movabs $0x77b41465eb60,%rsi         ;   {metadata(method data for {method} {0x0000000046284b70} &apos;replaceNames&apos; &apos;([Ljava/lang/invoke/LambdaForm$Name;[Ljava/lang/invoke/LambdaForm$Name;II)Ljava/lang/invoke/LambdaForm$Name;&apos; in &apos;java/lang/invoke/LambdaForm$Name&apos;)}
  0x000077b4580e8e56:   incl   0x338(%rsi)
  0x000077b4580e8e5c:   jmp    0x000077b4580e8e75           ;*goto {reexecute=0 rethrow=0 return_oop=0}
                                                            ; - java.lang.invoke.LambdaForm$Name::replaceNames@139 (line 1391)
  0x000077b4580e8e61:   mov    0x30(%rsp),%edx
  0x000077b4580e8e65:   movabs $0x77b41465eb60,%rsi         ;   {metadata(method data for {method} {0x0000000046284b70} &apos;replaceNames&apos; &apos;([Ljava/lang/invoke/LambdaForm$Name;[Ljava/lang/invoke/LambdaForm$Name;II)Ljava/lang/invoke/LambdaForm$Name;&apos; in &apos;java/lang/invoke/LambdaForm$Name&apos;)}
  0x000077b4580e8e6f:   incl   0x1f8(%rsi)                  ;*goto {reexecute=0 rethrow=0 return_oop=0}
                                                            ; - java.lang.invoke.LambdaForm$Name::replaceNames@78 (line 1380)
  0x000077b4580e8e75:   mov    %rdx,%rdi
  0x000077b4580e8e78:   inc    %edi
  0x000077b4580e8e7a:   movabs $0x77b41465eb60,%rdx         ;   {metadata(method data for {method} {0x0000000046284b70} &apos;replaceNames&apos; &apos;([Ljava/lang/invoke/LambdaForm$Name;[Ljava/lang/invoke/LambdaForm$Name;II)Ljava/lang/invoke/LambdaForm$Name;&apos; in &apos;java/lang/invoke/LambdaForm$Name&apos;)}
  0x000077b4580e8e84:   mov    0x94(%rdx),%esi
  0x000077b4580e8e8a:   add    $0x2,%esi
  0x000077b4580e8e8d:   mov    %esi,0x94(%rdx)
  0x000077b4580e8e93:   and    $0x3ffe,%esi
  0x000077b4580e8e99:   test   %esi,%esi
  0x000077b4580e8e9b:   je     0x000077b4580e90ac           ;*goto {reexecute=0 rethrow=0 return_oop=0}
                                                            ; - java.lang.invoke.LambdaForm$Name::replaceNames@151 (line 1375)
  0x000077b4580e8ea1:   mov    0x30(%r15),%r10              ; ImmutableOopMap {rcx=Oop rbx=Oop [40]=Oop [56]=Oop [72]=Oop }
                                                            ;*goto {reexecute=1 rethrow=0 return_oop=0}
                                                            ; - (reexecute) java.lang.invoke.LambdaForm$Name::replaceNames@151 (line 1375)
  0x000077b4580e8ea5:   test   %eax,(%r10)                  ;   {poll}
  0x000077b4580e8ea8:   movabs $0x77b41465eb60,%rdx         ;   {metadata(method data for {method} {0x0000000046284b70} &apos;replaceNames&apos; &apos;([Ljava/lang/invoke/LambdaForm$Name;[Ljava/lang/invoke/LambdaForm$Name;II)Ljava/lang/invoke/LambdaForm$Name;&apos; in &apos;java/lang/invoke/LambdaForm$Name&apos;)}
  0x000077b4580e8eb2:   incl   0x368(%rdx)
  0x000077b4580e8eb8:   mov    %rdi,%rdx
  0x000077b4580e8ebb:   mov    %rdx,%rdi
  0x000077b4580e8ebe:   mov    0x44(%rsp),%r9d
  0x000077b4580e8ec3:   mov    0x40(%rsp),%r8d
  0x000077b4580e8ec8:   mov    0x48(%rsp),%rdx
  0x000077b4580e8ecd:   jmp    0x000077b4580e8840           ;*goto {reexecute=0 rethrow=0 return_oop=0}
                                                            ; - java.lang.invoke.LambdaForm$Name::replaceNames@151 (line 1375)
  0x000077b4580e8ed2:   test   %eax,%eax
  0x000077b4580e8ed4:   movabs $0x77b41465eb60,%rax         ;   {metadata(method data for {method} {0x0000000046284b70} &apos;replaceNames&apos; &apos;([Ljava/lang/invoke/LambdaForm$Name;[Ljava/lang/invoke/LambdaForm$Name;II)Ljava/lang/invoke/LambdaForm$Name;&apos; in &apos;java/lang/invoke/LambdaForm$Name&apos;)}
  0x000077b4580e8ede:   mov    $0x380,%edx
  0x000077b4580e8ee3:   jne    0x000077b4580e8eea
  0x000077b4580e8ee5:   mov    $0x390,%edx
  0x000077b4580e8eea:   mov    (%rax,%rdx,1),%rsi
  0x000077b4580e8eee:   lea    0x1(%rsi),%rsi
  0x000077b4580e8ef2:   mov    %rsi,(%rax,%rdx,1)
  0x000077b4580e8ef6:   jne    0x000077b4580e8f11           ;*ifne {reexecute=0 rethrow=0 return_oop=0}
                                                            ; - java.lang.invoke.LambdaForm$Name::replaceNames@156 (line 1396)
  0x000077b4580e8efc:   mov    0x28(%rsp),%rax
  0x000077b4580e8f01:   add    $0x60,%rsp
  0x000077b4580e8f05:   pop    %rbp
  0x000077b4580e8f06:   cmp    0x28(%r15),%rsp              ;   {poll_return}
  0x000077b4580e8f0a:   ja     0x000077b4580e90cd
  0x000077b4580e8f10:   ret                                 ;*areturn {reexecute=0 rethrow=0 return_oop=0}
                                                            ; - java.lang.invoke.LambdaForm$Name::replaceNames@160 (line 1396)
  0x000077b4580e8f11:   mov    0x28(%rsp),%r8
  0x000077b4580e8f16:   movabs $0x46283ad8,%rdx             ;   {metadata(&apos;java/lang/invoke/LambdaForm$Name&apos;)}
  0x000077b4580e8f20:   mov    0x1b0(%r15),%rax
  0x000077b4580e8f27:   lea    0x20(%rax),%rdi
  0x000077b4580e8f2b:   cmp    0x1c0(%r15),%rdi
  0x000077b4580e8f32:   ja     0x000077b4580e90e3
  0x000077b4580e8f38:   mov    %rdi,0x1b0(%r15)
  0x000077b4580e8f3f:   movq   $0x1,(%rax)
  0x000077b4580e8f46:   mov    %rdx,%rcx
  0x000077b4580e8f49:   mov    $0x46000000,%r10d
  0x000077b4580e8f4f:   sub    %r10,%rcx
  0x000077b4580e8f52:   mov    %ecx,0x8(%rax)
  0x000077b4580e8f55:   xor    %rcx,%rcx
  0x000077b4580e8f58:   mov    %ecx,0xc(%rax)
  0x000077b4580e8f5b:   xor    %rcx,%rcx
  0x000077b4580e8f5e:   mov    %rcx,0x10(%rax)
  0x000077b4580e8f62:   mov    %rcx,0x18(%rax)              ;*new {reexecute=0 rethrow=0 return_oop=0}
                                                            ; - java.lang.invoke.LambdaForm$Name::replaceNames@161 (line 1397)
  0x000077b4580e8f66:   mov    0x14(%r8),%edx
  0x000077b4580e8f6a:   shl    $0x3,%rdx                    ;*getfield function {reexecute=0 rethrow=0 return_oop=0}
                                                            ; - java.lang.invoke.LambdaForm$Name::replaceNames@166 (line 1397)
  0x000077b4580e8f6e:   mov    %rax,%rcx
  0x000077b4580e8f71:   movabs $0x77b41465eb60,%rsi         ;   {metadata(method data for {method} {0x0000000046284b70} &apos;replaceNames&apos; &apos;([Ljava/lang/invoke/LambdaForm$Name;[Ljava/lang/invoke/LambdaForm$Name;II)Ljava/lang/invoke/LambdaForm$Name;&apos; in &apos;java/lang/invoke/LambdaForm$Name&apos;)}
  0x000077b4580e8f7b:   addq   $0x1,0x3a0(%rsi)
  0x000077b4580e8f83:   mov    %rbx,%rcx
  0x000077b4580e8f86:   mov    %rax,%rsi                    ;*invokespecial &lt;init&gt; {reexecute=0 rethrow=0 return_oop=0}
                                                            ; - java.lang.invoke.LambdaForm$Name::replaceNames@171 (line 1397)
  0x000077b4580e8f89:   mov    %rax,0x50(%rsp)
  0x000077b4580e8f8e:   nop
  0x000077b4580e8f8f:   call   0x000077b4580e915c           ; ImmutableOopMap {[80]=Oop }
                                                            ;*invokespecial &lt;init&gt; {reexecute=0 rethrow=0 return_oop=0}
                                                            ; - java.lang.invoke.LambdaForm$Name::replaceNames@171 (line 1397)
                                                            ;   {optimized virtual_call}
  0x000077b4580e8f94:   nopl   0x300090c(%rax,%rax,1)       ;*invokespecial &lt;init&gt; {reexecute=0 rethrow=0 return_oop=0}
                                                            ; - java.lang.invoke.LambdaForm$Name::replaceNames@171 (line 1397)
                                                            ;   {post_call_nop}
  0x000077b4580e8f9c:   mov    0x50(%rsp),%rax
  0x000077b4580e8fa1:   add    $0x60,%rsp
  0x000077b4580e8fa5:   pop    %rbp
  0x000077b4580e8fa6:   cmp    0x28(%r15),%rsp              ;   {poll_return}
  0x000077b4580e8faa:   ja     0x000077b4580e90f0
  0x000077b4580e8fb0:   ret                                 ;*areturn {reexecute=0 rethrow=0 return_oop=0}
                                                            ; - java.lang.invoke.LambdaForm$Name::replaceNames@174 (line 1397)
  0x000077b4580e8fb1:   mov    %rsi,%r8
  0x000077b4580e8fb4:   mov    %r8,%rax
  0x000077b4580e8fb7:   add    $0x60,%rsp
  0x000077b4580e8fbb:   pop    %rbp
  0x000077b4580e8fbc:   cmp    0x28(%r15),%rsp              ;   {poll_return}
  0x000077b4580e8fc0:   ja     0x000077b4580e9106
  0x000077b4580e8fc6:   ret    
  0x000077b4580e8fc7:   movabs $0x46284b70,%r10             ;   {metadata({method} {0x0000000046284b70} &apos;replaceNames&apos; &apos;([Ljava/lang/invoke/LambdaForm$Name;[Ljava/lang/invoke/LambdaForm$Name;II)Ljava/lang/invoke/LambdaForm$Name;&apos; in &apos;java/lang/invoke/LambdaForm$Name&apos;)}
  0x000077b4580e8fd1:   mov    %r10,0x8(%rsp)
  0x000077b4580e8fd6:   movq   $0xffffffffffffffff,(%rsp)
  0x000077b4580e8fde:   call   0x000077b45f582fe0           ; ImmutableOopMap {rsi=Oop rdx=Oop rcx=Oop [40]=Oop [56]=Oop [72]=Oop }
                                                            ;*synchronization entry
                                                            ; - java.lang.invoke.LambdaForm$Name::replaceNames@-1 (line 1370)
                                                            ;   {runtime_call counter_overflow_blob (C1 runtime)}
  0x000077b4580e8fe3:   jmp    0x000077b4580e87fb
  0x000077b4580e8fe8:   call   0x000077b45f57c660           ; ImmutableOopMap {rdx=Oop rcx=Oop rbx=Oop [40]=Oop [56]=Oop [72]=Oop }
                                                            ;*arraylength {reexecute=0 rethrow=0 return_oop=0}
                                                            ; - java.lang.invoke.LambdaForm$Name::replaceNames@24 (line 1375)
                                                            ;   {runtime_call throw_null_pointer_exception_blob (C1 runtime)}
  0x000077b4580e8fed:   mov    %r11,(%rsp)
  0x000077b4580e8ff1:   call   0x000077b45f57f3e0           ; ImmutableOopMap {rdx=Oop rcx=Oop rbx=Oop [40]=Oop [56]=Oop [72]=Oop }
                                                            ;*checkcast {reexecute=0 rethrow=0 return_oop=0}
                                                            ; - java.lang.invoke.LambdaForm$Name::replaceNames@45 (line 1376)
                                                            ;   {runtime_call throw_class_cast_exception_blob (C1 runtime)}
  0x000077b4580e8ff6:   call   0x000077b45f57c660           ; ImmutableOopMap {rdx=Oop rcx=Oop rbx=Oop rsi=Oop [40]=Oop [56]=Oop [72]=Oop }
                                                            ;*getfield index {reexecute=1 rethrow=0 return_oop=0}
                                                            ; - (reexecute) java.lang.invoke.LambdaForm$Name::replaceNames@52 (line 1377)
                                                            ;   {runtime_call throw_null_pointer_exception_blob (C1 runtime)}
  0x000077b4580e8ffb:   call   0x000077b45f57c660           ; ImmutableOopMap {rdx=Oop rcx=Oop rbx=Oop rsi=Oop [40]=Oop [56]=Oop [72]=Oop }
                                                            ;*arraylength {reexecute=0 rethrow=0 return_oop=0}
                                                            ; - java.lang.invoke.LambdaForm$Name::replaceNames@65 (line 1379)
                                                            ;   {runtime_call throw_null_pointer_exception_blob (C1 runtime)}
  0x000077b4580e9000:   call   0x000077b45f57c660           ; ImmutableOopMap {rdx=Oop rcx=Oop rbx=Oop rsi=Oop [40]=Oop [56]=Oop [72]=Oop }
                                                            ;*aaload {reexecute=0 rethrow=0 return_oop=0}
                                                            ; - java.lang.invoke.LambdaForm$Name::replaceNames@96 (line 1383)
                                                            ;   {runtime_call throw_null_pointer_exception_blob (C1 runtime)}
  0x000077b4580e9005:   call   0x000077b45f57c660           ; ImmutableOopMap {rdx=Oop rcx=Oop rbx=Oop rsi=Oop [40]=Oop [56]=Oop [72]=Oop }
                                                            ;*aaload {reexecute=0 rethrow=0 return_oop=0}
                                                            ; - java.lang.invoke.LambdaForm$Name::replaceNames@96 (line 1383)
                                                            ;   {runtime_call throw_null_pointer_exception_blob (C1 runtime)}
  0x000077b4580e900a:   mov    %rdi,(%rsp)
  0x000077b4580e900e:   mov    %rdx,0x8(%rsp)
  0x000077b4580e9013:   call   0x000077b45f57bd60           ; ImmutableOopMap {rdx=Oop rcx=Oop rbx=Oop rsi=Oop [40]=Oop [56]=Oop [72]=Oop }
                                                            ;*aaload {reexecute=0 rethrow=0 return_oop=0}
                                                            ; - java.lang.invoke.LambdaForm$Name::replaceNames@96 (line 1383)
                                                            ;   {runtime_call throw_range_check_failed_blob (C1 runtime)}
  0x000077b4580e9018:   movabs $0x46284b70,%r10             ;   {metadata({method} {0x0000000046284b70} &apos;replaceNames&apos; &apos;([Ljava/lang/invoke/LambdaForm$Name;[Ljava/lang/invoke/LambdaForm$Name;II)Ljava/lang/invoke/LambdaForm$Name;&apos; in &apos;java/lang/invoke/LambdaForm$Name&apos;)}
  0x000077b4580e9022:   mov    %r10,0x8(%rsp)
  0x000077b4580e9027:   movq   $0x91,(%rsp)
  0x000077b4580e902f:   call   0x000077b45f582fe0           ; ImmutableOopMap {rdx=Oop rcx=Oop rbx=Oop rsi=Oop [40]=Oop [56]=Oop [72]=Oop }
                                                            ;*goto {reexecute=1 rethrow=0 return_oop=0}
                                                            ; - (reexecute) java.lang.invoke.LambdaForm$Name::replaceNames@145 (line 1382)
                                                            ;   {runtime_call counter_overflow_blob (C1 runtime)}
  0x000077b4580e9034:   jmp    0x000077b4580e8b08
  0x000077b4580e9039:   call   0x000077b45f57c660           ; ImmutableOopMap {rdx=Oop rcx=Oop rsi=Oop rbx=Oop [40]=Oop [56]=Oop [72]=Oop }
                                                            ;*aaload {reexecute=0 rethrow=0 return_oop=0}
                                                            ; - java.lang.invoke.LambdaForm$Name::replaceNames@105 (line 1384)
                                                            ;   {runtime_call throw_null_pointer_exception_blob (C1 runtime)}
  0x000077b4580e903e:   call   0x000077b45f57c660           ; ImmutableOopMap {rdx=Oop rcx=Oop rsi=Oop rbx=Oop [40]=Oop [56]=Oop [72]=Oop }
                                                            ;*aaload {reexecute=0 rethrow=0 return_oop=0}
                                                            ; - java.lang.invoke.LambdaForm$Name::replaceNames@105 (line 1384)
                                                            ;   {runtime_call throw_null_pointer_exception_blob (C1 runtime)}
  0x000077b4580e9043:   mov    %rdi,(%rsp)
  0x000077b4580e9047:   mov    %rcx,0x8(%rsp)
  0x000077b4580e904c:   call   0x000077b45f57bd60           ; ImmutableOopMap {rdx=Oop rcx=Oop rsi=Oop rbx=Oop [40]=Oop [56]=Oop [72]=Oop }
                                                            ;*aaload {reexecute=0 rethrow=0 return_oop=0}
                                                            ; - java.lang.invoke.LambdaForm$Name::replaceNames@105 (line 1384)
                                                            ;   {runtime_call throw_range_check_failed_blob (C1 runtime)}
  0x000077b4580e9051:   mov    %rax,(%rsp)
  0x000077b4580e9055:   call   0x000077b45f57f3e0           ; ImmutableOopMap {[40]=Oop [56]=Oop [72]=Oop }
                                                            ;*checkcast {reexecute=0 rethrow=0 return_oop=0}
                                                            ; - java.lang.invoke.LambdaForm$Name::replaceNames@125 (line 1388)
                                                            ;   {runtime_call throw_class_cast_exception_blob (C1 runtime)}
  0x000077b4580e905a:   mov    %rdi,(%rsp)
  0x000077b4580e905e:   mov    %rcx,0x8(%rsp)
  0x000077b4580e9063:   call   0x000077b45f57bd60           ; ImmutableOopMap {rbx=Oop rcx=Oop [40]=Oop [56]=Oop [72]=Oop }
                                                            ;*aaload {reexecute=0 rethrow=0 return_oop=0}
                                                            ; - java.lang.invoke.LambdaForm$Name::replaceNames@137 (line 1390)
                                                            ;   {runtime_call throw_range_check_failed_blob (C1 runtime)}
  0x000077b4580e9068:   call   0x000077b45f57c660           ; ImmutableOopMap {rbx=Oop rcx=Oop rsi=Oop [40]=Oop [56]=Oop [72]=Oop }
                                                            ;*aastore {reexecute=1 rethrow=0 return_oop=0}
                                                            ; - (reexecute) java.lang.invoke.LambdaForm$Name::replaceNames@138 (line 1390)
                                                            ;   {runtime_call throw_null_pointer_exception_blob (C1 runtime)}
  0x000077b4580e906d:   call   0x000077b45f57c660           ; ImmutableOopMap {rbx=Oop rcx=Oop rsi=Oop [40]=Oop [56]=Oop [72]=Oop }
                                                            ;*aastore {reexecute=1 rethrow=0 return_oop=0}
                                                            ; - (reexecute) java.lang.invoke.LambdaForm$Name::replaceNames@138 (line 1390)
                                                            ;   {runtime_call throw_null_pointer_exception_blob (C1 runtime)}
  0x000077b4580e9072:   mov    %rdx,(%rsp)
  0x000077b4580e9076:   mov    %rbx,0x8(%rsp)
  0x000077b4580e907b:   call   0x000077b45f57bd60           ; ImmutableOopMap {rbx=Oop rcx=Oop rsi=Oop [40]=Oop [56]=Oop [72]=Oop }
                                                            ;*aastore {reexecute=1 rethrow=0 return_oop=0}
                                                            ; - (reexecute) java.lang.invoke.LambdaForm$Name::replaceNames@138 (line 1390)
                                                            ;   {runtime_call throw_range_check_failed_blob (C1 runtime)}
  0x000077b4580e9080:   call   0x000077b45f57c660           ; ImmutableOopMap {rbx=Oop rcx=Oop rsi=Oop [40]=Oop [56]=Oop [72]=Oop }
                                                            ;*aastore {reexecute=1 rethrow=0 return_oop=0}
                                                            ; - (reexecute) java.lang.invoke.LambdaForm$Name::replaceNames@138 (line 1390)
                                                            ;   {runtime_call throw_null_pointer_exception_blob (C1 runtime)}
  0x000077b4580e9085:   mov    %rsi,(%rsp)
  0x000077b4580e9089:   call   0x000077b45f57f0e0           ; ImmutableOopMap {rbx=Oop rcx=Oop rsi=Oop [40]=Oop [56]=Oop [72]=Oop }
                                                            ;*aastore {reexecute=1 rethrow=0 return_oop=0}
                                                            ; - (reexecute) java.lang.invoke.LambdaForm$Name::replaceNames@138 (line 1390)
                                                            ;   {runtime_call throw_array_store_exception_blob (C1 runtime)}
  0x000077b4580e908e:   mov    (%rdi),%r8d
  0x000077b4580e9091:   shl    $0x3,%r8
  0x000077b4580e9095:   test   %r8,%r8
  0x000077b4580e9098:   je     0x000077b4580e8e1c
  0x000077b4580e909e:   mov    %r8,(%rsp)
  0x000077b4580e90a2:   call   0x000077b45f583a60           ;   {runtime_call g1_pre_barrier_slow}
  0x000077b4580e90a7:   jmp    0x000077b4580e8e1c
  0x000077b4580e90ac:   movabs $0x46284b70,%r10             ;   {metadata({method} {0x0000000046284b70} &apos;replaceNames&apos; &apos;([Ljava/lang/invoke/LambdaForm$Name;[Ljava/lang/invoke/LambdaForm$Name;II)Ljava/lang/invoke/LambdaForm$Name;&apos; in &apos;java/lang/invoke/LambdaForm$Name&apos;)}
  0x000077b4580e90b6:   mov    %r10,0x8(%rsp)
  0x000077b4580e90bb:   movq   $0x97,(%rsp)
  0x000077b4580e90c3:   call   0x000077b45f582fe0           ; ImmutableOopMap {rcx=Oop rbx=Oop [40]=Oop [56]=Oop [72]=Oop }
                                                            ;*goto {reexecute=1 rethrow=0 return_oop=0}
                                                            ; - (reexecute) java.lang.invoke.LambdaForm$Name::replaceNames@151 (line 1375)
                                                            ;   {runtime_call counter_overflow_blob (C1 runtime)}
  0x000077b4580e90c8:   jmp    0x000077b4580e8ea1
  0x000077b4580e90cd:   movabs $0x77b4580e8f06,%r10         ;   {internal_word}
  0x000077b4580e90d7:   mov    %r10,0x510(%r15)
  0x000077b4580e90de:   jmp    0x000077b45f4afb60           ;   {runtime_call SafepointBlob}
  0x000077b4580e90e3:   mov    %rdx,%rdx
  0x000077b4580e90e6:   call   0x000077b45f57d3e0           ; ImmutableOopMap {r8=Oop rbx=Oop [40]=Oop }
                                                            ;*new {reexecute=0 rethrow=0 return_oop=0}
                                                            ; - java.lang.invoke.LambdaForm$Name::replaceNames@161 (line 1397)
                                                            ;   {runtime_call fast_new_instance_blob (C1 runtime)}
  0x000077b4580e90eb:   jmp    0x000077b4580e8f66
  0x000077b4580e90f0:   movabs $0x77b4580e8fa6,%r10         ;   {internal_word}
  0x000077b4580e90fa:   mov    %r10,0x510(%r15)
  0x000077b4580e9101:   jmp    0x000077b45f4afb60           ;   {runtime_call SafepointBlob}
  0x000077b4580e9106:   movabs $0x77b4580e8fbc,%r10         ;   {internal_word}
  0x000077b4580e9110:   mov    %r10,0x510(%r15)
  0x000077b4580e9117:   jmp    0x000077b45f4afb60           ;   {runtime_call SafepointBlob}
  0x000077b4580e911c:   mov    0x5c0(%r15),%rax
  0x000077b4580e9123:   movq   $0x0,0x5c0(%r15)
  0x000077b4580e912e:   movq   $0x0,0x5c8(%r15)
  0x000077b4580e9139:   add    $0x60,%rsp
  0x000077b4580e913d:   pop    %rbp
  0x000077b4580e913e:   jmp    0x000077b45f57b760           ;   {runtime_call unwind_exception_blob (C1 runtime)}
  0x000077b4580e9143:   hlt    
  0x000077b4580e9144:   hlt    
  0x000077b4580e9145:   hlt    
  0x000077b4580e9146:   hlt    
  0x000077b4580e9147:   hlt    
[Stub Code]
  0x000077b4580e9148:   nopl   0x0(%rax,%rax,1)             ;   {other}
  0x000077b4580e914d:   movabs $0x0,%rbx                    ;   {static_stub}
  0x000077b4580e9157:   jmp    0x000077b4580e9157           ;   {runtime_call nmethod}
  0x000077b4580e915c:   movabs $0x46284598,%rbx             ;   {static_stub}
  0x000077b4580e9166:   jmp    0x000077b45f4abbba           ;   {runtime_call I2C/C2I adapters}
[Exception Handler]
  0x000077b4580e916b:   call   0x000077b45f57ede0           ;   {runtime_call handle_exception_from_callee_blob (C1 runtime)}
  0x000077b4580e9170:   movabs $0x77b478d3aec4,%rdi         ;   {external_word}
  0x000077b4580e917a:   and    $0xfffffffffffffff0,%rsp
  0x000077b4580e917e:   call   0x000077b478791cc0           ;   {runtime_call MacroAssembler::debug64(char*, long, long*)}
  0x000077b4580e9183:   hlt    
  0x000077b4580e9184:   call   0x000077b45f4afe60           ;   {runtime_call DeoptimizationBlob}
[Deopt Handler Entry Point]
  0x000077b4580e9189:   jmp    0x000077b4580e9184
  0x000077b4580e918b:   hlt    
  0x000077b4580e918c:   hlt    
  0x000077b4580e918d:   hlt    
  0x000077b4580e918e:   hlt    
  0x000077b4580e918f:   hlt    
--------------------------------------------------------------------------------
[/Disassembly]
