
============================= C1-compiled nmethod ==============================
----------------------------------- Assembly -----------------------------------

Compiled method (c1) 27226 1302       3       jdk.internal.classfile.impl.Util::checkKind (15 bytes)
 total in heap  [0x000077b4580eae88,0x000077b4580eb130] = 680
 main code      [0x000077b4580eaf80,0x000077b4580eb100] = 384
 stub code      [0x000077b4580eb100,0x000077b4580eb130] = 48
 mutable data [0x000077b3e81c8d30,0x000077b3e81c8d80] = 80
 relocation     [0x000077b3e81c8d30,0x000077b3e81c8d70] = 64
 metadata       [0x000077b3e81c8d70,0x000077b3e81c8d80] = 16
 immutable data [0x000077b4701dc500,0x000077b4701dc62c] = 300
 dependencies   [0x000077b4701dc500,0x000077b4701dc508] = 8
 nul chk table  [0x000077b4701dc508,0x000077b4701dc520] = 24
 scopes pcs     [0x000077b4701dc520,0x000077b4701dc5e0] = 192
 scopes data    [0x000077b4701dc5e0,0x000077b4701dc628] = 72

[Disassembly]
--------------------------------------------------------------------------------
[Constant Pool (empty)]

--------------------------------------------------------------------------------

[Verified Entry Point]
  # {method} {0x0000000046467980} &apos;checkKind&apos; &apos;(Ljava/lang/classfile/Opcode;Ljava/lang/classfile/Opcode$Kind;)V&apos; in &apos;jdk/internal/classfile/impl/Util&apos;
  # parm0:    rsi:rsi   = &apos;java/lang/classfile/Opcode&apos;
  # parm1:    rdx:rdx   = &apos;java/lang/classfile/Opcode$Kind&apos;
  #           [sp+0x40]  (sp of caller)
  0x000077b4580eaf80:   mov    %eax,-0x14000(%rsp)
  0x000077b4580eaf87:   push   %rbp
  0x000077b4580eaf88:   sub    $0x30,%rsp
  0x000077b4580eaf8c:   cmpl   $0x1,0x20(%r15)
  0x000077b4580eaf94:   je     0x000077b4580eaf9b
  0x000077b4580eaf96:   call   Stub::method_entry_barrier_stub (stub gen)
                                                            ;   {runtime_call Stub::method_entry_barrier_stub (stub gen)}
  0x000077b4580eaf9b:   movabs $0x77b414280638,%rdi         ;   {metadata(method data for {method} {0x0000000046467980} &apos;checkKind&apos; &apos;(Ljava/lang/classfile/Opcode;Ljava/lang/classfile/Opcode$Kind;)V&apos; in &apos;jdk/internal/classfile/impl/Util&apos;)}
  0x000077b4580eafa5:   mov    0x90(%rdi),%ebx
  0x000077b4580eafab:   add    $0x2,%ebx
  0x000077b4580eafae:   mov    %ebx,0x90(%rdi)
  0x000077b4580eafb4:   and    $0x7fe,%ebx
  0x000077b4580eafba:   test   %ebx,%ebx
  0x000077b4580eafbc:   je     0x000077b4580eb094           ;*aload_0 {reexecute=0 rethrow=0 return_oop=0}
                                                            ; - jdk.internal.classfile.impl.Util::checkKind@0 (line 207)
  0x000077b4580eafc2:   cmp    (%rsi),%rax                  ; implicit exception: dispatches to 0x000077b4580eb0b5
                                                            ;*invokevirtual kind {reexecute=0 rethrow=0 return_oop=0}
                                                            ; - jdk.internal.classfile.impl.Util::checkKind@1 (line 207)
  0x000077b4580eafc5:   mov    %rsi,%rdi
  0x000077b4580eafc8:   movabs $0x77b414280638,%rbx         ;   {metadata(method data for {method} {0x0000000046467980} &apos;checkKind&apos; &apos;(Ljava/lang/classfile/Opcode;Ljava/lang/classfile/Opcode$Kind;)V&apos; in &apos;jdk/internal/classfile/impl/Util&apos;)}
  0x000077b4580eafd2:   mov    0x8(%rdi),%edi
  0x000077b4580eafd5:   mov    $0x46000000,%r10d
  0x000077b4580eafdb:   add    %r10,%rdi
  0x000077b4580eafde:   mov    $0x1c,%r10d
  0x000077b4580eafe4:   cmp    (%rbx,%r10,8),%rdi
  0x000077b4580eafe8:   je     0x000077b4580eb021
  0x000077b4580eafea:   add    $0x2,%r10
  0x000077b4580eafee:   cmp    $0x20,%r10
  0x000077b4580eaff2:   jne    0x000077b4580eafe4
  0x000077b4580eaff4:   mov    $0x1c,%r10d
  0x000077b4580eaffa:   cmpq   $0x0,(%rbx,%r10,8)
  0x000077b4580eafff:   je     0x000077b4580eb00d
  0x000077b4580eb001:   add    $0x2,%r10
  0x000077b4580eb005:   cmp    $0x20,%r10
  0x000077b4580eb009:   jne    0x000077b4580eaffa
  0x000077b4580eb00b:   jmp    0x000077b4580eb019
  0x000077b4580eb00d:   push   %rax
  0x000077b4580eb00e:   xor    %rax,%rax
  0x000077b4580eb011:   cmpxchg %rdi,(%rbx,%r10,8)
  0x000077b4580eb016:   pop    %rax
  0x000077b4580eb017:   jmp    0x000077b4580eafde
  0x000077b4580eb019:   mov    $0x1b,%r10d
  0x000077b4580eb01f:   jmp    0x000077b4580eb025
  0x000077b4580eb021:   add    $0x1,%r10
  0x000077b4580eb025:   addq   $0x1,(%rbx,%r10,8)
  0x000077b4580eb02a:   mov    0x18(%rsi),%edi
  0x000077b4580eb02d:   shl    $0x3,%rdi                    ;*getfield kind {reexecute=0 rethrow=0 return_oop=0}
                                                            ; - java.lang.classfile.Opcode::kind@1 (line 2312)
                                                            ; - jdk.internal.classfile.impl.Util::checkKind@1 (line 207)
  0x000077b4580eb031:   cmp    %rdx,%rdi
  0x000077b4580eb034:   movabs $0x77b414280638,%rdi         ;   {metadata(method data for {method} {0x0000000046467980} &apos;checkKind&apos; &apos;(Ljava/lang/classfile/Opcode;Ljava/lang/classfile/Opcode$Kind;)V&apos; in &apos;jdk/internal/classfile/impl/Util&apos;)}
  0x000077b4580eb03e:   mov    $0x118,%ebx
  0x000077b4580eb043:   jne    0x000077b4580eb04a
  0x000077b4580eb045:   mov    $0x108,%ebx
  0x000077b4580eb04a:   mov    (%rdi,%rbx,1),%rax
  0x000077b4580eb04e:   lea    0x1(%rax),%rax
  0x000077b4580eb052:   mov    %rax,(%rdi,%rbx,1)
  0x000077b4580eb056:   jne    0x000077b4580eb06c           ;*if_acmpeq {reexecute=0 rethrow=0 return_oop=0}
                                                            ; - jdk.internal.classfile.impl.Util::checkKind@5 (line 207)
  0x000077b4580eb05c:   add    $0x30,%rsp
  0x000077b4580eb060:   pop    %rbp
  0x000077b4580eb061:   cmp    0x28(%r15),%rsp              ;   {poll_return}
  0x000077b4580eb065:   ja     0x000077b4580eb0ba
  0x000077b4580eb06b:   ret                                 ;*return {reexecute=0 rethrow=0 return_oop=0}
                                                            ; - jdk.internal.classfile.impl.Util::checkKind@14 (line 209)
  0x000077b4580eb06c:   movabs $0x77b414280638,%rdi         ;   {metadata(method data for {method} {0x0000000046467980} &apos;checkKind&apos; &apos;(Ljava/lang/classfile/Opcode;Ljava/lang/classfile/Opcode$Kind;)V&apos; in &apos;jdk/internal/classfile/impl/Util&apos;)}
  0x000077b4580eb076:   addq   $0x1,0x128(%rdi)
  0x000077b4580eb07e:   nop
  0x000077b4580eb07f:   call   0x000077b45f4adfe0           ; ImmutableOopMap {}
                                                            ;*invokestatic badOpcodeKindException {reexecute=0 rethrow=0 return_oop=0}
                                                            ; - jdk.internal.classfile.impl.Util::checkKind@10 (line 208)
                                                            ;   {static_call}
  0x000077b4580eb084:   nopl   0x1fc(%rax,%rax,1)           ;*invokestatic badOpcodeKindException {reexecute=0 rethrow=0 return_oop=0}
                                                            ; - jdk.internal.classfile.impl.Util::checkKind@10 (line 208)
                                                            ;   {post_call_nop}
  0x000077b4580eb08c:   cmp    (%rax),%rax                  ; implicit exception: dispatches to 0x000077b4580eb0d0
  0x000077b4580eb08f:   jmp    0x000077b4580eb0f2
  0x000077b4580eb094:   movabs $0x46467980,%r10             ;   {metadata({method} {0x0000000046467980} &apos;checkKind&apos; &apos;(Ljava/lang/classfile/Opcode;Ljava/lang/classfile/Opcode$Kind;)V&apos; in &apos;jdk/internal/classfile/impl/Util&apos;)}
  0x000077b4580eb09e:   mov    %r10,0x8(%rsp)
  0x000077b4580eb0a3:   movq   $0xffffffffffffffff,(%rsp)
  0x000077b4580eb0ab:   call   0x000077b45f582fe0           ; ImmutableOopMap {rsi=Oop rdx=Oop }
                                                            ;*synchronization entry
                                                            ; - jdk.internal.classfile.impl.Util::checkKind@-1 (line 207)
                                                            ;   {runtime_call counter_overflow_blob (C1 runtime)}
  0x000077b4580eb0b0:   jmp    0x000077b4580eafc2
  0x000077b4580eb0b5:   call   0x000077b45f57c660           ; ImmutableOopMap {rsi=Oop rdx=Oop }
                                                            ;*invokevirtual kind {reexecute=0 rethrow=0 return_oop=0}
                                                            ; - jdk.internal.classfile.impl.Util::checkKind@1 (line 207)
                                                            ;   {runtime_call throw_null_pointer_exception_blob (C1 runtime)}
  0x000077b4580eb0ba:   movabs $0x77b4580eb061,%r10         ;   {internal_word}
  0x000077b4580eb0c4:   mov    %r10,0x510(%r15)
  0x000077b4580eb0cb:   jmp    0x000077b45f4afb60           ;   {runtime_call SafepointBlob}
  0x000077b4580eb0d0:   call   0x000077b45f57c660           ; ImmutableOopMap {rax=Oop }
                                                            ;*athrow {reexecute=1 rethrow=0 return_oop=0}
                                                            ; - (reexecute) jdk.internal.classfile.impl.Util::checkKind@13 (line 208)
                                                            ;   {runtime_call throw_null_pointer_exception_blob (C1 runtime)}
  0x000077b4580eb0d5:   mov    0x5c0(%r15),%rax
  0x000077b4580eb0dc:   movq   $0x0,0x5c0(%r15)
  0x000077b4580eb0e7:   movq   $0x0,0x5c8(%r15)
  0x000077b4580eb0f2:   add    $0x30,%rsp
  0x000077b4580eb0f6:   pop    %rbp
  0x000077b4580eb0f7:   jmp    0x000077b45f57b760           ;   {runtime_call unwind_exception_blob (C1 runtime)}
  0x000077b4580eb0fc:   hlt    
  0x000077b4580eb0fd:   hlt    
  0x000077b4580eb0fe:   hlt    
  0x000077b4580eb0ff:   hlt    
[Stub Code]
  0x000077b4580eb100:   movabs $0x0,%rbx                    ;   {static_stub}
  0x000077b4580eb10a:   jmp    0x000077b4580eb10a           ;   {runtime_call nmethod}
[Exception Handler]
  0x000077b4580eb10f:   call   0x000077b45f57ede0           ;   {runtime_call handle_exception_from_callee_blob (C1 runtime)}
  0x000077b4580eb114:   movabs $0x77b478d3aec4,%rdi         ;   {external_word}
  0x000077b4580eb11e:   and    $0xfffffffffffffff0,%rsp
  0x000077b4580eb122:   call   0x000077b478791cc0           ;   {runtime_call MacroAssembler::debug64(char*, long, long*)}
  0x000077b4580eb127:   hlt    
  0x000077b4580eb128:   call   0x000077b45f4afe60           ;   {runtime_call DeoptimizationBlob}
[Deopt Handler Entry Point]
  0x000077b4580eb12d:   jmp    0x000077b4580eb128
  0x000077b4580eb12f:   hlt    
--------------------------------------------------------------------------------
[/Disassembly]
