
============================= C1-compiled nmethod ==============================
----------------------------------- Assembly -----------------------------------

Compiled method (c1) 28921 1335       3       java.util.LinkedHashMap$LinkedKeyIterator::next (8 bytes)
 total in heap  [0x000077b4580f7888,0x000077b4580f7b68] = 736
 main code      [0x000077b4580f7980,0x000077b4580f7b38] = 440
 stub code      [0x000077b4580f7b38,0x000077b4580f7b68] = 48
 mutable data [0x000077b3fc20d360,0x000077b3fc20d3a8] = 72
 relocation     [0x000077b3fc20d360,0x000077b3fc20d398] = 56
 metadata       [0x000077b3fc20d398,0x000077b3fc20d3a8] = 16
 immutable data [0x000077b3fc1d9660,0x000077b3fc1d9744] = 228
 dependencies   [0x000077b3fc1d9660,0x000077b3fc1d9668] = 8
 nul chk table  [0x000077b3fc1d9668,0x000077b3fc1d9678] = 16
 scopes pcs     [0x000077b3fc1d9678,0x000077b3fc1d9708] = 144
 scopes data    [0x000077b3fc1d9708,0x000077b3fc1d9740] = 56

[Disassembly]
--------------------------------------------------------------------------------
[Constant Pool (empty)]

--------------------------------------------------------------------------------

[Instructions begin]
  0x000077b4580f7980:   data16 data16 nopw 0x0(%rax,%rax,1)
  0x000077b4580f798b:   data16 data16 xchg %ax,%ax
  0x000077b4580f798f:   data16 xchg %ax,%ax
[Entry Point]
  # {method} {0x000077b41411c1c8} &apos;next&apos; &apos;()Ljava/lang/Object;&apos; in &apos;java/util/LinkedHashMap$LinkedKeyIterator&apos;
  #           [sp+0x40]  (sp of caller)
  0x000077b4580f7992:   mov    0x8(%rsi),%r10d
  0x000077b4580f7996:   cmp    0x8(%rax),%r10d
  0x000077b4580f799a:   jne    0x000077b45f4ad6e0           ;   {runtime_call ic_miss_blob (shared runtime)}
[Verified Entry Point]
  0x000077b4580f79a0:   mov    %eax,-0x14000(%rsp)
  0x000077b4580f79a7:   push   %rbp
  0x000077b4580f79a8:   sub    $0x30,%rsp
  0x000077b4580f79ac:   cmpl   $0x1,0x20(%r15)
  0x000077b4580f79b4:   je     0x000077b4580f79bb
  0x000077b4580f79b6:   call   Stub::method_entry_barrier_stub (stub gen)
                                                            ;   {runtime_call Stub::method_entry_barrier_stub (stub gen)}
  0x000077b4580f79bb:   movabs $0x77b414691ef8,%rdi         ;   {metadata(method data for {method} {0x000077b41411c1c8} &apos;next&apos; &apos;()Ljava/lang/Object;&apos; in &apos;java/util/LinkedHashMap$LinkedKeyIterator&apos;)}
  0x000077b4580f79c5:   mov    0x90(%rdi),%ebx
  0x000077b4580f79cb:   add    $0x2,%ebx
  0x000077b4580f79ce:   mov    %ebx,0x90(%rdi)
  0x000077b4580f79d4:   and    $0x7fe,%ebx
  0x000077b4580f79da:   test   %ebx,%ebx
  0x000077b4580f79dc:   je     0x000077b4580f7ad3           ;*aload_0 {reexecute=0 rethrow=0 return_oop=0}
                                                            ; - java.util.LinkedHashMap$LinkedKeyIterator::next@0 (line 1047)
  0x000077b4580f79e2:   mov    %rsi,%rdi
  0x000077b4580f79e5:   movabs $0x77b414691ef8,%rbx         ;   {metadata(method data for {method} {0x000077b41411c1c8} &apos;next&apos; &apos;()Ljava/lang/Object;&apos; in &apos;java/util/LinkedHashMap$LinkedKeyIterator&apos;)}
  0x000077b4580f79ef:   mov    0x8(%rdi),%edi
  0x000077b4580f79f2:   mov    $0x46000000,%r10d
  0x000077b4580f79f8:   add    %r10,%rdi
  0x000077b4580f79fb:   mov    $0x1c,%r10d
  0x000077b4580f7a01:   cmp    (%rbx,%r10,8),%rdi
  0x000077b4580f7a05:   je     0x000077b4580f7a3e
  0x000077b4580f7a07:   add    $0x2,%r10
  0x000077b4580f7a0b:   cmp    $0x20,%r10
  0x000077b4580f7a0f:   jne    0x000077b4580f7a01
  0x000077b4580f7a11:   mov    $0x1c,%r10d
  0x000077b4580f7a17:   cmpq   $0x0,(%rbx,%r10,8)
  0x000077b4580f7a1c:   je     0x000077b4580f7a2a
  0x000077b4580f7a1e:   add    $0x2,%r10
  0x000077b4580f7a22:   cmp    $0x20,%r10
  0x000077b4580f7a26:   jne    0x000077b4580f7a17
  0x000077b4580f7a28:   jmp    0x000077b4580f7a36
  0x000077b4580f7a2a:   push   %rax
  0x000077b4580f7a2b:   xor    %rax,%rax
  0x000077b4580f7a2e:   cmpxchg %rdi,(%rbx,%r10,8)
  0x000077b4580f7a33:   pop    %rax
  0x000077b4580f7a34:   jmp    0x000077b4580f79fb
  0x000077b4580f7a36:   mov    $0x1b,%r10d
  0x000077b4580f7a3c:   jmp    0x000077b4580f7a42
  0x000077b4580f7a3e:   add    $0x1,%r10
  0x000077b4580f7a42:   addq   $0x1,(%rbx,%r10,8)
  0x000077b4580f7a47:   call   0x000077b45f4ad9e0           ; ImmutableOopMap {}
                                                            ;*invokevirtual nextNode {reexecute=0 rethrow=0 return_oop=0}
                                                            ; - java.util.LinkedHashMap$LinkedKeyIterator::next@1 (line 1047)
                                                            ;   {optimized virtual_call}
  0x000077b4580f7a4c:   nopl   0x1c4(%rax,%rax,1)           ;*invokevirtual nextNode {reexecute=0 rethrow=0 return_oop=0}
                                                            ; - java.util.LinkedHashMap$LinkedKeyIterator::next@1 (line 1047)
                                                            ;   {post_call_nop}
  0x000077b4580f7a54:   cmp    (%rax),%rax                  ; implicit exception: dispatches to 0x000077b4580f7af4
                                                            ;*invokevirtual getKey {reexecute=0 rethrow=0 return_oop=0}
                                                            ; - java.util.LinkedHashMap$LinkedKeyIterator::next@4 (line 1047)
  0x000077b4580f7a57:   mov    %rax,%rsi
  0x000077b4580f7a5a:   movabs $0x77b414691ef8,%rdi         ;   {metadata(method data for {method} {0x000077b41411c1c8} &apos;next&apos; &apos;()Ljava/lang/Object;&apos; in &apos;java/util/LinkedHashMap$LinkedKeyIterator&apos;)}
  0x000077b4580f7a64:   mov    0x8(%rsi),%esi
  0x000077b4580f7a67:   mov    $0x46000000,%r10d
  0x000077b4580f7a6d:   add    %r10,%rsi
  0x000077b4580f7a70:   mov    $0x22,%r10d
  0x000077b4580f7a76:   cmp    (%rdi,%r10,8),%rsi
  0x000077b4580f7a7a:   je     0x000077b4580f7ab3
  0x000077b4580f7a7c:   add    $0x2,%r10
  0x000077b4580f7a80:   cmp    $0x26,%r10
  0x000077b4580f7a84:   jne    0x000077b4580f7a76
  0x000077b4580f7a86:   mov    $0x22,%r10d
  0x000077b4580f7a8c:   cmpq   $0x0,(%rdi,%r10,8)
  0x000077b4580f7a91:   je     0x000077b4580f7a9f
  0x000077b4580f7a93:   add    $0x2,%r10
  0x000077b4580f7a97:   cmp    $0x26,%r10
  0x000077b4580f7a9b:   jne    0x000077b4580f7a8c
  0x000077b4580f7a9d:   jmp    0x000077b4580f7aab
  0x000077b4580f7a9f:   push   %rax
  0x000077b4580f7aa0:   xor    %rax,%rax
  0x000077b4580f7aa3:   cmpxchg %rsi,(%rdi,%r10,8)
  0x000077b4580f7aa8:   pop    %rax
  0x000077b4580f7aa9:   jmp    0x000077b4580f7a70
  0x000077b4580f7aab:   mov    $0x21,%r10d
  0x000077b4580f7ab1:   jmp    0x000077b4580f7ab7
  0x000077b4580f7ab3:   add    $0x1,%r10
  0x000077b4580f7ab7:   addq   $0x1,(%rdi,%r10,8)
  0x000077b4580f7abc:   mov    0x10(%rax),%eax
  0x000077b4580f7abf:   shl    $0x3,%rax                    ;*getfield key {reexecute=0 rethrow=0 return_oop=0}
                                                            ; - java.util.HashMap$Node::getKey@1 (line 294)
                                                            ; - java.util.LinkedHashMap$LinkedKeyIterator::next@4 (line 1047)
  0x000077b4580f7ac3:   add    $0x30,%rsp
  0x000077b4580f7ac7:   pop    %rbp
  0x000077b4580f7ac8:   cmp    0x28(%r15),%rsp              ;   {poll_return}
  0x000077b4580f7acc:   ja     0x000077b4580f7af9
  0x000077b4580f7ad2:   ret    
  0x000077b4580f7ad3:   movabs $0x77b41411c1c8,%r10         ;   {metadata({method} {0x000077b41411c1c8} &apos;next&apos; &apos;()Ljava/lang/Object;&apos; in &apos;java/util/LinkedHashMap$LinkedKeyIterator&apos;)}
  0x000077b4580f7add:   mov    %r10,0x8(%rsp)
  0x000077b4580f7ae2:   movq   $0xffffffffffffffff,(%rsp)
  0x000077b4580f7aea:   call   0x000077b45f582fe0           ; ImmutableOopMap {rsi=Oop }
                                                            ;*synchronization entry
                                                            ; - java.util.LinkedHashMap$LinkedKeyIterator::next@-1 (line 1047)
                                                            ;   {runtime_call counter_overflow_blob (C1 runtime)}
  0x000077b4580f7aef:   jmp    0x000077b4580f79e2
  0x000077b4580f7af4:   call   0x000077b45f57c660           ; ImmutableOopMap {rax=Oop }
                                                            ;*invokevirtual getKey {reexecute=0 rethrow=0 return_oop=0}
                                                            ; - java.util.LinkedHashMap$LinkedKeyIterator::next@4 (line 1047)
                                                            ;   {runtime_call throw_null_pointer_exception_blob (C1 runtime)}
  0x000077b4580f7af9:   movabs $0x77b4580f7ac8,%r10         ;   {internal_word}
  0x000077b4580f7b03:   mov    %r10,0x510(%r15)
  0x000077b4580f7b0a:   jmp    0x000077b45f4afb60           ;   {runtime_call SafepointBlob}
  0x000077b4580f7b0f:   mov    0x5c0(%r15),%rax
  0x000077b4580f7b16:   movq   $0x0,0x5c0(%r15)
  0x000077b4580f7b21:   movq   $0x0,0x5c8(%r15)
  0x000077b4580f7b2c:   add    $0x30,%rsp
  0x000077b4580f7b30:   pop    %rbp
  0x000077b4580f7b31:   jmp    0x000077b45f57b760           ;   {runtime_call unwind_exception_blob (C1 runtime)}
  0x000077b4580f7b36:   hlt    
  0x000077b4580f7b37:   hlt    
[Stub Code]
  0x000077b4580f7b38:   movabs $0x0,%rbx                    ;   {static_stub}
  0x000077b4580f7b42:   jmp    0x000077b4580f7b42           ;   {runtime_call nmethod}
[Exception Handler]
  0x000077b4580f7b47:   call   0x000077b45f57ede0           ;   {runtime_call handle_exception_from_callee_blob (C1 runtime)}
  0x000077b4580f7b4c:   movabs $0x77b478d3aec4,%rdi         ;   {external_word}
  0x000077b4580f7b56:   and    $0xfffffffffffffff0,%rsp
  0x000077b4580f7b5a:   call   0x000077b478791cc0           ;   {runtime_call MacroAssembler::debug64(char*, long, long*)}
  0x000077b4580f7b5f:   hlt    
  0x000077b4580f7b60:   call   0x000077b45f4afe60           ;   {runtime_call DeoptimizationBlob}
[Deopt Handler Entry Point]
  0x000077b4580f7b65:   jmp    0x000077b4580f7b60
  0x000077b4580f7b67:   hlt    
--------------------------------------------------------------------------------
[/Disassembly]
