
============================= C1-compiled nmethod ==============================
----------------------------------- Assembly -----------------------------------

Compiled method (c1) 29143 1349       3       java.lang.reflect.Field::copy (88 bytes)
 total in heap  [0x000077b4580f8708,0x000077b4580f8c78] = 1392
 main code      [0x000077b4580f8800,0x000077b4580f8c38] = 1080
 stub code      [0x000077b4580f8c38,0x000077b4580f8c78] = 64
 mutable data [0x000077b3fc216d60,0x000077b3fc216dc8] = 104
 relocation     [0x000077b3fc216d60,0x000077b3fc216dc0] = 96
 metadata       [0x000077b3fc216dc0,0x000077b3fc216dc8] = 8
 immutable data [0x000077b3fc015ae0,0x000077b3fc015dc4] = 740
 dependencies   [0x000077b3fc015ae0,0x000077b3fc015ae8] = 8
 scopes pcs     [0x000077b3fc015ae8,0x000077b3fc015cf8] = 528
 scopes data    [0x000077b3fc015cf8,0x000077b3fc015dc0] = 200

[Disassembly]
--------------------------------------------------------------------------------
[Constant Pool (empty)]

--------------------------------------------------------------------------------

[Instructions begin]
  0x000077b4580f8800:   data16 data16 nopw 0x0(%rax,%rax,1)
  0x000077b4580f880b:   data16 data16 xchg %ax,%ax
  0x000077b4580f880f:   data16 xchg %ax,%ax
[Entry Point]
  # {method} {0x00000000461b1270} &apos;copy&apos; &apos;()Ljava/lang/reflect/Field;&apos; in &apos;java/lang/reflect/Field&apos;
  #           [sp+0x90]  (sp of caller)
  0x000077b4580f8812:   mov    0x8(%rsi),%r10d
  0x000077b4580f8816:   cmp    0x8(%rax),%r10d
  0x000077b4580f881a:   jne    0x000077b45f4ad6e0           ;   {runtime_call ic_miss_blob (shared runtime)}
[Verified Entry Point]
  0x000077b4580f8820:   mov    %eax,-0x14000(%rsp)
  0x000077b4580f8827:   push   %rbp
  0x000077b4580f8828:   sub    $0x80,%rsp
  0x000077b4580f882f:   nop
  0x000077b4580f8830:   cmpl   $0x1,0x20(%r15)
  0x000077b4580f8838:   je     0x000077b4580f883f
  0x000077b4580f883a:   call   Stub::method_entry_barrier_stub (stub gen)
                                                            ;   {runtime_call Stub::method_entry_barrier_stub (stub gen)}
  0x000077b4580f883f:   mov    %rsi,0x58(%rsp)
  0x000077b4580f8844:   movabs $0x77b414692450,%rdx         ;   {metadata(method data for {method} {0x00000000461b1270} &apos;copy&apos; &apos;()Ljava/lang/reflect/Field;&apos; in &apos;java/lang/reflect/Field&apos;)}
  0x000077b4580f884e:   mov    0x90(%rdx),%edi
  0x000077b4580f8854:   add    $0x2,%edi
  0x000077b4580f8857:   mov    %edi,0x90(%rdx)
  0x000077b4580f885d:   and    $0x7fe,%edi
  0x000077b4580f8863:   test   %edi,%edi
  0x000077b4580f8865:   je     0x000077b4580f8b26           ;*aload_0 {reexecute=0 rethrow=0 return_oop=0}
                                                            ; - java.lang.reflect.Field::copy@0 (line 161)
  0x000077b4580f886b:   mov    0x28(%rsi),%edx
  0x000077b4580f886e:   shl    $0x3,%rdx                    ;*getfield root {reexecute=0 rethrow=0 return_oop=0}
                                                            ; - java.lang.reflect.Field::copy@1 (line 161)
  0x000077b4580f8872:   test   %rdx,%rdx
  0x000077b4580f8875:   movabs $0x77b414692450,%rdx         ;   {metadata(method data for {method} {0x00000000461b1270} &apos;copy&apos; &apos;()Ljava/lang/reflect/Field;&apos; in &apos;java/lang/reflect/Field&apos;)}
  0x000077b4580f887f:   mov    $0xe8,%edi
  0x000077b4580f8884:   jne    0x000077b4580f888b
  0x000077b4580f8886:   mov    $0xd8,%edi
  0x000077b4580f888b:   mov    (%rdx,%rdi,1),%rax
  0x000077b4580f888f:   lea    0x1(%rax),%rax
  0x000077b4580f8893:   mov    %rax,(%rdx,%rdi,1)
  0x000077b4580f8897:   jne    0x000077b4580f8a8c           ;*ifnull {reexecute=0 rethrow=0 return_oop=0}
                                                            ; - java.lang.reflect.Field::copy@4 (line 161)
  0x000077b4580f889d:   movabs $0x461b07f8,%rdx             ;   {metadata(&apos;java/lang/reflect/Field&apos;)}
  0x000077b4580f88a7:   mov    %rsi,%rbx
  0x000077b4580f88aa:   mov    0x1b0(%r15),%rax
  0x000077b4580f88b1:   lea    0x48(%rax),%rdi
  0x000077b4580f88b5:   cmp    0x1c0(%r15),%rdi
  0x000077b4580f88bc:   ja     0x000077b4580f8b47
  0x000077b4580f88c2:   mov    %rdi,0x1b0(%r15)
  0x000077b4580f88c9:   movq   $0x1,(%rax)
  0x000077b4580f88d0:   mov    %rdx,%rcx
  0x000077b4580f88d3:   mov    $0x46000000,%r10d
  0x000077b4580f88d9:   sub    %r10,%rcx
  0x000077b4580f88dc:   mov    %ecx,0x8(%rax)
  0x000077b4580f88df:   xor    %rcx,%rcx
  0x000077b4580f88e2:   mov    %ecx,0xc(%rax)
  0x000077b4580f88e5:   xor    %rcx,%rcx
  0x000077b4580f88e8:   mov    $0x7,%edi
  0x000077b4580f88ed:   mov    %rcx,0x8(%rax,%rdi,8)
  0x000077b4580f88f2:   dec    %rdi
  0x000077b4580f88f5:   jne    0x000077b4580f88ed           ;*new {reexecute=0 rethrow=0 return_oop=0}
                                                            ; - java.lang.reflect.Field::copy@17 (line 164)
  0x000077b4580f88f7:   mov    %rax,0x60(%rsp)
  0x000077b4580f88fc:   mov    0x14(%rbx),%edx
  0x000077b4580f88ff:   shl    $0x3,%rdx                    ;*getfield clazz {reexecute=0 rethrow=0 return_oop=0}
                                                            ; - java.lang.reflect.Field::copy@22 (line 164)
  0x000077b4580f8903:   mov    0x18(%rbx),%ecx
  0x000077b4580f8906:   shl    $0x3,%rcx                    ;*getfield name {reexecute=0 rethrow=0 return_oop=0}
                                                            ; - java.lang.reflect.Field::copy@26 (line 164)
  0x000077b4580f890a:   mov    0x1c(%rbx),%r8d
  0x000077b4580f890e:   shl    $0x3,%r8                     ;*getfield type {reexecute=0 rethrow=0 return_oop=0}
                                                            ; - java.lang.reflect.Field::copy@30 (line 164)
  0x000077b4580f8912:   mov    0x40(%rbx),%r9d              ;*getfield modifiers {reexecute=0 rethrow=0 return_oop=0}
                                                            ; - java.lang.reflect.Field::copy@34 (line 164)
  0x000077b4580f8916:   movsbl 0xd(%rbx),%edi               ;*getfield trustedFinal {reexecute=0 rethrow=0 return_oop=0}
                                                            ; - java.lang.reflect.Field::copy@38 (line 164)
  0x000077b4580f891a:   mov    0x3c(%rbx),%esi              ;*getfield slot {reexecute=0 rethrow=0 return_oop=0}
                                                            ; - java.lang.reflect.Field::copy@42 (line 164)
  0x000077b4580f891d:   mov    0x20(%rbx),%r11d
  0x000077b4580f8921:   shl    $0x3,%r11                    ;*getfield signature {reexecute=0 rethrow=0 return_oop=0}
                                                            ; - java.lang.reflect.Field::copy@46 (line 164)
  0x000077b4580f8925:   mov    0x24(%rbx),%r13d
  0x000077b4580f8929:   shl    $0x3,%r13                    ;*getfield annotations {reexecute=0 rethrow=0 return_oop=0}
                                                            ; - java.lang.reflect.Field::copy@50 (line 164)
  0x000077b4580f892d:   mov    %rax,%r14
  0x000077b4580f8930:   movabs $0x77b414692450,%rbx         ;   {metadata(method data for {method} {0x00000000461b1270} &apos;copy&apos; &apos;()Ljava/lang/reflect/Field;&apos; in &apos;java/lang/reflect/Field&apos;)}
  0x000077b4580f893a:   addq   $0x1,0x108(%rbx)
  0x000077b4580f8942:   mov    %esi,(%rsp)
  0x000077b4580f8945:   mov    %r11,0x8(%rsp)
  0x000077b4580f894a:   mov    %r13,0x10(%rsp)
  0x000077b4580f894f:   mov    0x60(%rsp),%rsi              ;*invokespecial &lt;init&gt; {reexecute=0 rethrow=0 return_oop=0}
                                                            ; - java.lang.reflect.Field::copy@53 (line 164)
  0x000077b4580f8954:   data16 xchg %ax,%ax
  0x000077b4580f8957:   call   0x000077b45f4ad9e0           ; ImmutableOopMap {[88]=Oop [96]=Oop }
                                                            ;*invokespecial &lt;init&gt; {reexecute=0 rethrow=0 return_oop=0}
                                                            ; - java.lang.reflect.Field::copy@53 (line 164)
                                                            ;   {optimized virtual_call}
  0x000077b4580f895c:   nopl   0x254(%rax,%rax,1)           ;*invokespecial &lt;init&gt; {reexecute=0 rethrow=0 return_oop=0}
                                                            ; - java.lang.reflect.Field::copy@53 (line 164)
                                                            ;   {post_call_nop}
  0x000077b4580f8964:   movsbl 0x48(%r15),%eax
  0x000077b4580f8969:   test   %eax,%eax
  0x000077b4580f896b:   mov    0x60(%rsp),%rax
  0x000077b4580f8970:   jne    0x000077b4580f8b54
  0x000077b4580f8976:   mov    0x58(%rsp),%rsi
  0x000077b4580f897b:   mov    %rsi,%r10
  0x000077b4580f897e:   shr    $0x3,%r10
  0x000077b4580f8982:   mov    %r10d,0x28(%rax)
  0x000077b4580f8986:   mov    %rax,%rdi
  0x000077b4580f8989:   xor    %rsi,%rdi
  0x000077b4580f898c:   shr    $0x17,%rdi
  0x000077b4580f8990:   je     0x000077b4580f89aa
  0x000077b4580f8992:   test   %rsi,%rsi
  0x000077b4580f8995:   je     0x000077b4580f89aa
  0x000077b4580f8997:   mov    %rax,%rdi
  0x000077b4580f899a:   shr    $0x9,%rdi
  0x000077b4580f899e:   add    0x50(%r15),%rdi
  0x000077b4580f89a2:   cmpb   $0xff,(%rdi)
  0x000077b4580f89a5:   jne    0x000077b4580f89aa
  0x000077b4580f89a7:   movb   $0x0,(%rdi)                  ;*putfield root {reexecute=0 rethrow=0 return_oop=0}
                                                            ; - java.lang.reflect.Field::copy@59 (line 165)
  0x000077b4580f89aa:   mov    0x30(%rsi),%edx
  0x000077b4580f89ad:   shl    $0x3,%rdx                    ;*getfield fieldAccessor {reexecute=0 rethrow=0 return_oop=0}
                                                            ; - java.lang.reflect.Field::copy@64 (line 167)
  0x000077b4580f89b1:   movsbl 0x48(%r15),%edi
  0x000077b4580f89b6:   test   %edi,%edi
  0x000077b4580f89b8:   jne    0x000077b4580f8b72
  0x000077b4580f89be:   mov    %rdx,%r10
  0x000077b4580f89c1:   shr    $0x3,%r10
  0x000077b4580f89c5:   mov    %r10d,0x30(%rax)
  0x000077b4580f89c9:   mov    %rax,%rcx
  0x000077b4580f89cc:   xor    %rdx,%rcx
  0x000077b4580f89cf:   shr    $0x17,%rcx
  0x000077b4580f89d3:   je     0x000077b4580f89ed
  0x000077b4580f89d5:   test   %rdx,%rdx
  0x000077b4580f89d8:   je     0x000077b4580f89ed
  0x000077b4580f89da:   mov    %rax,%rcx
  0x000077b4580f89dd:   shr    $0x9,%rcx
  0x000077b4580f89e1:   add    0x50(%r15),%rcx
  0x000077b4580f89e5:   cmpb   $0xff,(%rcx)
  0x000077b4580f89e8:   jne    0x000077b4580f89ed
  0x000077b4580f89ea:   movb   $0x0,(%rcx)                  ;*putfield fieldAccessor {reexecute=0 rethrow=0 return_oop=0}
                                                            ; - java.lang.reflect.Field::copy@67 (line 167)
  0x000077b4580f89ed:   mov    0x34(%rsi),%edx
  0x000077b4580f89f0:   shl    $0x3,%rdx                    ;*getfield overrideFieldAccessor {reexecute=0 rethrow=0 return_oop=0}
                                                            ; - java.lang.reflect.Field::copy@72 (line 168)
  0x000077b4580f89f4:   movsbl 0x48(%r15),%edi
  0x000077b4580f89f9:   test   %edi,%edi
  0x000077b4580f89fb:   jne    0x000077b4580f8b90
  0x000077b4580f8a01:   mov    %rdx,%r10
  0x000077b4580f8a04:   shr    $0x3,%r10
  0x000077b4580f8a08:   mov    %r10d,0x34(%rax)
  0x000077b4580f8a0c:   mov    %rax,%rcx
  0x000077b4580f8a0f:   xor    %rdx,%rcx
  0x000077b4580f8a12:   shr    $0x17,%rcx
  0x000077b4580f8a16:   je     0x000077b4580f8a30
  0x000077b4580f8a18:   test   %rdx,%rdx
  0x000077b4580f8a1b:   je     0x000077b4580f8a30
  0x000077b4580f8a1d:   mov    %rax,%rcx
  0x000077b4580f8a20:   shr    $0x9,%rcx
  0x000077b4580f8a24:   add    0x50(%r15),%rcx
  0x000077b4580f8a28:   cmpb   $0xff,(%rcx)
  0x000077b4580f8a2b:   jne    0x000077b4580f8a30
  0x000077b4580f8a2d:   movb   $0x0,(%rcx)                  ;*putfield overrideFieldAccessor {reexecute=0 rethrow=0 return_oop=0}
                                                            ; - java.lang.reflect.Field::copy@75 (line 168)
  0x000077b4580f8a30:   mov    0x2c(%rsi),%edx
  0x000077b4580f8a33:   shl    $0x3,%rdx                    ;*getfield genericInfo {reexecute=0 rethrow=0 return_oop=0}
                                                            ; - java.lang.reflect.Field::copy@80 (line 169)
  0x000077b4580f8a37:   movsbl 0x48(%r15),%esi
  0x000077b4580f8a3c:   test   %esi,%esi
  0x000077b4580f8a3e:   jne    0x000077b4580f8bae
  0x000077b4580f8a44:   mov    %rdx,%r10
  0x000077b4580f8a47:   shr    $0x3,%r10
  0x000077b4580f8a4b:   mov    %r10d,0x2c(%rax)
  0x000077b4580f8a4f:   lock addl $0x0,-0x40(%rsp)
  0x000077b4580f8a55:   mov    %rax,%rdi
  0x000077b4580f8a58:   xor    %rdx,%rdi
  0x000077b4580f8a5b:   shr    $0x17,%rdi                   ;   {other}
  0x000077b4580f8a5f:   je     0x000077b4580f8a79
  0x000077b4580f8a61:   test   %rdx,%rdx
  0x000077b4580f8a64:   je     0x000077b4580f8a79
  0x000077b4580f8a66:   mov    %rax,%rdi
  0x000077b4580f8a69:   shr    $0x9,%rdi
  0x000077b4580f8a6d:   add    0x50(%r15),%rdi
  0x000077b4580f8a71:   cmpb   $0xff,(%rdi)
  0x000077b4580f8a74:   jne    0x000077b4580f8a79
  0x000077b4580f8a76:   movb   $0x0,(%rdi)                  ;*putfield genericInfo {reexecute=0 rethrow=0 return_oop=0}
                                                            ; - java.lang.reflect.Field::copy@83 (line 169)
  0x000077b4580f8a79:   add    $0x80,%rsp
  0x000077b4580f8a80:   pop    %rbp
  0x000077b4580f8a81:   cmp    0x28(%r15),%rsp              ;   {poll_return}
  0x000077b4580f8a85:   ja     0x000077b4580f8bcc
  0x000077b4580f8a8b:   ret                                 ;*areturn {reexecute=0 rethrow=0 return_oop=0}
                                                            ; - java.lang.reflect.Field::copy@87 (line 171)
  0x000077b4580f8a8c:   nopl   0x0(%rax)
  0x000077b4580f8a90:   jmp    0x000077b4580f8bf1           ;   {other}
  0x000077b4580f8a95:   add    %al,(%rax)
  0x000077b4580f8a97:   add    %al,(%rax)
  0x000077b4580f8a99:   add    %cl,-0x75(%rcx)
  0x000077b4580f8a9c:   xchg   %esi,0x48000001(%rax)
  0x000077b4580f8aa2:   lea    0x28(%rax),%edi
  0x000077b4580f8aa5:   cmp    0x1c0(%r15),%rdi
  0x000077b4580f8aac:   ja     0x000077b4580f8bfb
  0x000077b4580f8ab2:   mov    %rdi,0x1b0(%r15)
  0x000077b4580f8ab9:   movq   $0x1,(%rax)
  0x000077b4580f8ac0:   mov    %rdx,%rcx
  0x000077b4580f8ac3:   mov    $0x46000000,%r10d
  0x000077b4580f8ac9:   sub    %r10,%rcx
  0x000077b4580f8acc:   mov    %ecx,0x8(%rax)
  0x000077b4580f8acf:   xor    %rcx,%rcx
  0x000077b4580f8ad2:   mov    %ecx,0xc(%rax)
  0x000077b4580f8ad5:   xor    %rcx,%rcx
  0x000077b4580f8ad8:   mov    %rcx,0x10(%rax)
  0x000077b4580f8adc:   mov    %rcx,0x18(%rax)
  0x000077b4580f8ae0:   mov    %rcx,0x20(%rax)              ;*new {reexecute=0 rethrow=0 return_oop=0}
                                                            ; - java.lang.reflect.Field::copy@7 (line 162)
  0x000077b4580f8ae4:   mov    %rax,%rdx
  0x000077b4580f8ae7:   movabs $0x77b414692450,%rsi         ;   {metadata(method data for {method} {0x00000000461b1270} &apos;copy&apos; &apos;()Ljava/lang/reflect/Field;&apos; in &apos;java/lang/reflect/Field&apos;)}
  0x000077b4580f8af1:   addq   $0x1,0xf8(%rsi)
  0x000077b4580f8af9:   movabs $0x7ff842028,%rdx            ;   {oop(&quot;Can not copy a non-root Field&quot;{0x00000007ff842028})}
  0x000077b4580f8b03:   mov    %rax,%rsi                    ;*invokespecial &lt;init&gt; {reexecute=0 rethrow=0 return_oop=0}
                                                            ; - java.lang.reflect.Field::copy@13 (line 162)
  0x000077b4580f8b06:   mov    %rax,0x68(%rsp)
  0x000077b4580f8b0b:   nopl   0x0(%rax)
  0x000077b4580f8b0f:   call   0x000077b45f4ad9e0           ; ImmutableOopMap {[104]=Oop }
                                                            ;*invokespecial &lt;init&gt; {reexecute=0 rethrow=0 return_oop=0}
                                                            ; - java.lang.reflect.Field::copy@13 (line 162)
                                                            ;   {optimized virtual_call}
  0x000077b4580f8b14:   nopl   0x100040c(%rax,%rax,1)       ;*invokespecial &lt;init&gt; {reexecute=0 rethrow=0 return_oop=0}
                                                            ; - java.lang.reflect.Field::copy@13 (line 162)
                                                            ;   {post_call_nop}
  0x000077b4580f8b1c:   mov    0x68(%rsp),%rax
  0x000077b4580f8b21:   jmp    0x000077b4580f8c25
  0x000077b4580f8b26:   movabs $0x461b1270,%r10             ;   {metadata({method} {0x00000000461b1270} &apos;copy&apos; &apos;()Ljava/lang/reflect/Field;&apos; in &apos;java/lang/reflect/Field&apos;)}
  0x000077b4580f8b30:   mov    %r10,0x8(%rsp)
  0x000077b4580f8b35:   movq   $0xffffffffffffffff,(%rsp)
  0x000077b4580f8b3d:   call   0x000077b45f582fe0           ; ImmutableOopMap {rsi=Oop [88]=Oop }
                                                            ;*synchronization entry
                                                            ; - java.lang.reflect.Field::copy@-1 (line 161)
                                                            ;   {runtime_call counter_overflow_blob (C1 runtime)}
  0x000077b4580f8b42:   jmp    0x000077b4580f886b
  0x000077b4580f8b47:   mov    %rdx,%rdx
  0x000077b4580f8b4a:   call   0x000077b45f57d3e0           ; ImmutableOopMap {rbx=Oop [88]=Oop }
                                                            ;*new {reexecute=0 rethrow=0 return_oop=0}
                                                            ; - java.lang.reflect.Field::copy@17 (line 164)
                                                            ;   {runtime_call fast_new_instance_blob (C1 runtime)}
  0x000077b4580f8b4f:   jmp    0x000077b4580f88f7
  0x000077b4580f8b54:   mov    0x28(%rax),%edx
  0x000077b4580f8b57:   shl    $0x3,%rdx
  0x000077b4580f8b5b:   test   %rdx,%rdx
  0x000077b4580f8b5e:   je     0x000077b4580f8976
  0x000077b4580f8b64:   mov    %rdx,(%rsp)
  0x000077b4580f8b68:   call   0x000077b45f583a60           ;   {runtime_call g1_pre_barrier_slow}
  0x000077b4580f8b6d:   jmp    0x000077b4580f8976
  0x000077b4580f8b72:   mov    0x30(%rax),%edi
  0x000077b4580f8b75:   shl    $0x3,%rdi
  0x000077b4580f8b79:   test   %rdi,%rdi
  0x000077b4580f8b7c:   je     0x000077b4580f89be
  0x000077b4580f8b82:   mov    %rdi,(%rsp)
  0x000077b4580f8b86:   call   0x000077b45f583a60           ;   {runtime_call g1_pre_barrier_slow}
  0x000077b4580f8b8b:   jmp    0x000077b4580f89be
  0x000077b4580f8b90:   mov    0x34(%rax),%edi
  0x000077b4580f8b93:   shl    $0x3,%rdi
  0x000077b4580f8b97:   test   %rdi,%rdi
  0x000077b4580f8b9a:   je     0x000077b4580f8a01
  0x000077b4580f8ba0:   mov    %rdi,(%rsp)
  0x000077b4580f8ba4:   call   0x000077b45f583a60           ;   {runtime_call g1_pre_barrier_slow}
  0x000077b4580f8ba9:   jmp    0x000077b4580f8a01
  0x000077b4580f8bae:   mov    0x2c(%rax),%esi
  0x000077b4580f8bb1:   shl    $0x3,%rsi
  0x000077b4580f8bb5:   test   %rsi,%rsi
  0x000077b4580f8bb8:   je     0x000077b4580f8a44
  0x000077b4580f8bbe:   mov    %rsi,(%rsp)
  0x000077b4580f8bc2:   call   0x000077b45f583a60           ;   {runtime_call g1_pre_barrier_slow}
  0x000077b4580f8bc7:   jmp    0x000077b4580f8a44
  0x000077b4580f8bcc:   movabs $0x77b4580f8a81,%r10         ;   {internal_word}
  0x000077b4580f8bd6:   mov    %r10,0x510(%r15)
  0x000077b4580f8bdd:   jmp    0x000077b45f4afb60           ;   {runtime_call SafepointBlob}
  0x000077b4580f8be2:   movabs $0x0,%rdx                    ;   {metadata(nullptr)}
  0x000077b4580f8bec:   mov    $0xa050f00,%eax
  0x000077b4580f8bf1:   call   0x000077b45f5820e0           ; ImmutableOopMap {}
                                                            ;*new {reexecute=1 rethrow=0 return_oop=0}
                                                            ; - (reexecute) java.lang.reflect.Field::copy@7 (line 162)
                                                            ;   {runtime_call load_klass_patching_blob (C1 runtime)}
  0x000077b4580f8bf6:   jmp    0x000077b4580f8a90
  0x000077b4580f8bfb:   mov    %rdx,%rdx
  0x000077b4580f8bfe:   call   0x000077b45f57d3e0           ; ImmutableOopMap {}
                                                            ;*new {reexecute=0 rethrow=0 return_oop=0}
                                                            ; - java.lang.reflect.Field::copy@7 (line 162)
                                                            ;   {runtime_call fast_new_instance_blob (C1 runtime)}
  0x000077b4580f8c03:   jmp    0x000077b4580f8ae4
  0x000077b4580f8c08:   mov    0x5c0(%r15),%rax
  0x000077b4580f8c0f:   movq   $0x0,0x5c0(%r15)
  0x000077b4580f8c1a:   movq   $0x0,0x5c8(%r15)
  0x000077b4580f8c25:   add    $0x80,%rsp
  0x000077b4580f8c2c:   pop    %rbp
  0x000077b4580f8c2d:   jmp    0x000077b45f57b760           ;   {runtime_call unwind_exception_blob (C1 runtime)}
  0x000077b4580f8c32:   hlt    
  0x000077b4580f8c33:   hlt    
  0x000077b4580f8c34:   hlt    
  0x000077b4580f8c35:   hlt    
  0x000077b4580f8c36:   hlt    
  0x000077b4580f8c37:   hlt    
[Stub Code]
  0x000077b4580f8c38:   movabs $0x0,%rbx                    ;   {static_stub}
  0x000077b4580f8c42:   jmp    0x000077b4580f8c42           ;   {runtime_call nmethod}
  0x000077b4580f8c47:   movabs $0x0,%rbx                    ;   {static_stub}
  0x000077b4580f8c51:   jmp    0x000077b4580f8c51           ;   {runtime_call nmethod}
[Exception Handler]
  0x000077b4580f8c56:   call   0x000077b45f57ede0           ;   {runtime_call handle_exception_from_callee_blob (C1 runtime)}
  0x000077b4580f8c5b:   movabs $0x77b478d3aec4,%rdi         ;   {external_word}
  0x000077b4580f8c65:   and    $0xfffffffffffffff0,%rsp
  0x000077b4580f8c69:   call   0x000077b478791cc0           ;   {runtime_call MacroAssembler::debug64(char*, long, long*)}
  0x000077b4580f8c6e:   hlt    
  0x000077b4580f8c6f:   call   0x000077b45f4afe60           ;   {runtime_call DeoptimizationBlob}
[Deopt Handler Entry Point]
  0x000077b4580f8c74:   jmp    0x000077b4580f8c6f
  0x000077b4580f8c76:   hlt    
  0x000077b4580f8c77:   hlt    
--------------------------------------------------------------------------------
[/Disassembly]
