
============================= C1-compiled nmethod ==============================
----------------------------------- Assembly -----------------------------------

Compiled method (c1) 29324 1354       1       jdk.internal.loader.AbstractClassLoaderValue$Sub::parent (5 bytes)
 total in heap  [0x000077b45fbd7888,0x000077b45fbd7a30] = 424
 main code      [0x000077b45fbd7980,0x000077b45fbd7a10] = 144
 stub code      [0x000077b45fbd7a10,0x000077b45fbd7a30] = 32
 mutable data [0x000077b3fc20e340,0x000077b3fc20e368] = 40
 relocation     [0x000077b3fc20e340,0x000077b3fc20e360] = 32
 metadata       [0x000077b3fc20e360,0x000077b3fc20e368] = 8
 immutable data [0x000077b3fc21bb70,0x000077b3fc21bbcc] = 92
 dependencies   [0x000077b3fc21bb70,0x000077b3fc21bb78] = 8
 scopes pcs     [0x000077b3fc21bb78,0x000077b3fc21bbb8] = 64
 scopes data    [0x000077b3fc21bbb8,0x000077b3fc21bbc8] = 16

[Disassembly]
--------------------------------------------------------------------------------
[Constant Pool (empty)]

--------------------------------------------------------------------------------

[Instructions begin]
  0x000077b45fbd7980:   data16 data16 nopw 0x0(%rax,%rax,1)
  0x000077b45fbd798b:   data16 data16 xchg %ax,%ax
  0x000077b45fbd798f:   data16 xchg %ax,%ax
[Entry Point]
  # {method} {0x000077b4140d9190} &apos;parent&apos; &apos;()Ljdk/internal/loader/AbstractClassLoaderValue;&apos; in &apos;jdk/internal/loader/AbstractClassLoaderValue$Sub&apos;
  #           [sp+0x30]  (sp of caller)
  0x000077b45fbd7992:   mov    0x8(%rsi),%r10d
  0x000077b45fbd7996:   cmp    0x8(%rax),%r10d
  0x000077b45fbd799a:   jne    0x000077b45f4ad6e0           ;   {runtime_call ic_miss_blob (shared runtime)}
[Verified Entry Point]
  0x000077b45fbd79a0:   mov    %eax,-0x14000(%rsp)
  0x000077b45fbd79a7:   push   %rbp
  0x000077b45fbd79a8:   sub    $0x20,%rsp
  0x000077b45fbd79ac:   cmpl   $0x1,0x20(%r15)
  0x000077b45fbd79b4:   je     0x000077b45fbd79bb
  0x000077b45fbd79b6:   call   Stub::method_entry_barrier_stub (stub gen)
                                                            ;*aload_0 {reexecute=0 rethrow=0 return_oop=0}
                                                            ; - jdk.internal.loader.AbstractClassLoaderValue$Sub::parent@0 (line 396)
                                                            ;   {runtime_call Stub::method_entry_barrier_stub (stub gen)}
  0x000077b45fbd79bb:   mov    0x10(%rsi),%eax
  0x000077b45fbd79be:   shl    $0x3,%rax                    ;*getfield this$0 {reexecute=0 rethrow=0 return_oop=0}
                                                            ; - jdk.internal.loader.AbstractClassLoaderValue$Sub::parent@1 (line 396)
  0x000077b45fbd79c2:   add    $0x20,%rsp
  0x000077b45fbd79c6:   pop    %rbp
  0x000077b45fbd79c7:   cmp    0x28(%r15),%rsp              ;   {poll_return}
  0x000077b45fbd79cb:   ja     0x000077b45fbd79d2
  0x000077b45fbd79d1:   ret    
  0x000077b45fbd79d2:   movabs $0x77b45fbd79c7,%r10         ;   {internal_word}
  0x000077b45fbd79dc:   mov    %r10,0x510(%r15)
  0x000077b45fbd79e3:   jmp    0x000077b45f4afb60           ;   {runtime_call SafepointBlob}
  0x000077b45fbd79e8:   mov    0x5c0(%r15),%rax
  0x000077b45fbd79ef:   movq   $0x0,0x5c0(%r15)
  0x000077b45fbd79fa:   movq   $0x0,0x5c8(%r15)
  0x000077b45fbd7a05:   add    $0x20,%rsp
  0x000077b45fbd7a09:   pop    %rbp
  0x000077b45fbd7a0a:   jmp    0x000077b45f57b760           ;   {runtime_call unwind_exception_blob (C1 runtime)}
  0x000077b45fbd7a0f:   hlt    
[Exception Handler]
  0x000077b45fbd7a10:   call   0x000077b45f57ede0           ;   {runtime_call handle_exception_from_callee_blob (C1 runtime)}
  0x000077b45fbd7a15:   movabs $0x77b478d3aec4,%rdi         ;   {external_word}
  0x000077b45fbd7a1f:   and    $0xfffffffffffffff0,%rsp
  0x000077b45fbd7a23:   call   0x000077b478791cc0           ;   {runtime_call MacroAssembler::debug64(char*, long, long*)}
  0x000077b45fbd7a28:   hlt    
  0x000077b45fbd7a29:   call   0x000077b45f4afe60           ;   {runtime_call DeoptimizationBlob}
[Deopt Handler Entry Point]
  0x000077b45fbd7a2e:   jmp    0x000077b45fbd7a29
--------------------------------------------------------------------------------
[/Disassembly]
