
============================= C1-compiled nmethod ==============================
----------------------------------- Assembly -----------------------------------

Compiled method (c1) 29488 1369       3       java.util.ArrayList$Itr::next (66 bytes)
 total in heap  [0x000077b4580f9c08,0x000077b4580fa158] = 1360
 main code      [0x000077b4580f9d00,0x000077b4580fa100] = 1024
 stub code      [0x000077b4580fa100,0x000077b4580fa158] = 88
 mutable data [0x000077b3dc0af760,0x000077b3dc0af7f8] = 152
 relocation     [0x000077b3dc0af760,0x000077b3dc0af7e8] = 136
 metadata       [0x000077b3dc0af7e8,0x000077b3dc0af7f8] = 16
 immutable data [0x000077b3dc0af360,0x000077b3dc0af74c] = 1004
 dependencies   [0x000077b3dc0af360,0x000077b3dc0af368] = 8
 nul chk table  [0x000077b3dc0af368,0x000077b3dc0af388] = 32
 scopes pcs     [0x000077b3dc0af388,0x000077b3dc0af638] = 688
 scopes data    [0x000077b3dc0af638,0x000077b3dc0af748] = 272

[Disassembly]
--------------------------------------------------------------------------------
[Constant Pool (empty)]

--------------------------------------------------------------------------------

[Instructions begin]
  0x000077b4580f9d00:   data16 data16 nopw 0x0(%rax,%rax,1)
  0x000077b4580f9d0b:   data16 data16 xchg %ax,%ax
  0x000077b4580f9d0f:   data16 xchg %ax,%ax
[Entry Point]
  # {method} {0x00000000462b1ab0} &apos;next&apos; &apos;()Ljava/lang/Object;&apos; in &apos;java/util/ArrayList$Itr&apos;
  #           [sp+0x80]  (sp of caller)
  0x000077b4580f9d12:   mov    0x8(%rsi),%r10d
  0x000077b4580f9d16:   cmp    0x8(%rax),%r10d
  0x000077b4580f9d1a:   jne    0x000077b45f4ad6e0           ;   {runtime_call ic_miss_blob (shared runtime)}
[Verified Entry Point]
  0x000077b4580f9d20:   mov    %eax,-0x14000(%rsp)
  0x000077b4580f9d27:   push   %rbp
  0x000077b4580f9d28:   sub    $0x70,%rsp
  0x000077b4580f9d2c:   cmpl   $0x1,0x20(%r15)
  0x000077b4580f9d34:   je     0x000077b4580f9d3b
  0x000077b4580f9d36:   call   Stub::method_entry_barrier_stub (stub gen)
                                                            ;   {runtime_call Stub::method_entry_barrier_stub (stub gen)}
  0x000077b4580f9d3b:   movabs $0x77b414117aa8,%rax         ;   {metadata(method data for {method} {0x00000000462b1ab0} &apos;next&apos; &apos;()Ljava/lang/Object;&apos; in &apos;java/util/ArrayList$Itr&apos;)}
  0x000077b4580f9d45:   mov    0x90(%rax),%edx
  0x000077b4580f9d4b:   add    $0x2,%edx
  0x000077b4580f9d4e:   mov    %edx,0x90(%rax)
  0x000077b4580f9d54:   and    $0x7fe,%edx
  0x000077b4580f9d5a:   test   %edx,%edx
  0x000077b4580f9d5c:   je     0x000077b4580f9fee           ;*aload_0 {reexecute=0 rethrow=0 return_oop=0}
                                                            ; - java.util.ArrayList$Itr::next@0 (line 1058)
  0x000077b4580f9d62:   mov    %rsi,%rax
  0x000077b4580f9d65:   movabs $0x77b414117aa8,%rdx         ;   {metadata(method data for {method} {0x00000000462b1ab0} &apos;next&apos; &apos;()Ljava/lang/Object;&apos; in &apos;java/util/ArrayList$Itr&apos;)}
  0x000077b4580f9d6f:   mov    0x8(%rax),%eax
  0x000077b4580f9d72:   mov    $0x46000000,%r10d
  0x000077b4580f9d78:   add    %r10,%rax
  0x000077b4580f9d7b:   mov    $0x1c,%r10d
  0x000077b4580f9d81:   cmp    (%rdx,%r10,8),%rax
  0x000077b4580f9d85:   je     0x000077b4580f9dc4
  0x000077b4580f9d87:   add    $0x2,%r10
  0x000077b4580f9d8b:   cmp    $0x20,%r10
  0x000077b4580f9d8f:   jne    0x000077b4580f9d81
  0x000077b4580f9d91:   mov    $0x1c,%r10d
  0x000077b4580f9d97:   cmpq   $0x0,(%rdx,%r10,8)
  0x000077b4580f9d9c:   je     0x000077b4580f9daa
  0x000077b4580f9d9e:   add    $0x2,%r10
  0x000077b4580f9da2:   cmp    $0x20,%r10
  0x000077b4580f9da6:   jne    0x000077b4580f9d97
  0x000077b4580f9da8:   jmp    0x000077b4580f9dbc
  0x000077b4580f9daa:   push   %rbx
  0x000077b4580f9dab:   mov    %rax,%rbx
  0x000077b4580f9dae:   xor    %rax,%rax
  0x000077b4580f9db1:   cmpxchg %rbx,(%rdx,%r10,8)
  0x000077b4580f9db6:   mov    %rbx,%rax
  0x000077b4580f9db9:   pop    %rbx
  0x000077b4580f9dba:   jmp    0x000077b4580f9d7b
  0x000077b4580f9dbc:   mov    $0x1b,%r10d
  0x000077b4580f9dc2:   jmp    0x000077b4580f9dc8
  0x000077b4580f9dc4:   add    $0x1,%r10
  0x000077b4580f9dc8:   addq   $0x1,(%rdx,%r10,8)
  0x000077b4580f9dcd:   movabs $0x77b414117c50,%rax         ;   {metadata(method data for {method} {0x00000000462b1b60} &apos;checkForComodification&apos; &apos;()V&apos; in &apos;java/util/ArrayList$Itr&apos;)}
  0x000077b4580f9dd7:   mov    0x90(%rax),%edx
  0x000077b4580f9ddd:   add    $0x2,%edx
  0x000077b4580f9de0:   mov    %edx,0x90(%rax)
  0x000077b4580f9de6:   and    $0x1ffffe,%edx
  0x000077b4580f9dec:   test   %edx,%edx
  0x000077b4580f9dee:   je     0x000077b4580fa00f
  0x000077b4580f9df4:   mov    0x18(%rsi),%eax
  0x000077b4580f9df7:   shl    $0x3,%rax                    ;*getfield this$0 {reexecute=0 rethrow=0 return_oop=0}
                                                            ; - java.util.ArrayList$Itr::checkForComodification@1 (line 1103)
                                                            ; - java.util.ArrayList$Itr::next@1 (line 1058)
  0x000077b4580f9dfb:   mov    0xc(%rax),%edx               ; implicit exception: dispatches to 0x000077b4580fa030
                                                            ;*getfield modCount {reexecute=0 rethrow=0 return_oop=0}
                                                            ; - java.util.ArrayList$Itr::checkForComodification@4 (line 1103)
                                                            ; - java.util.ArrayList$Itr::next@1 (line 1058)
  0x000077b4580f9dfe:   mov    0x14(%rsi),%edi              ;*getfield expectedModCount {reexecute=0 rethrow=0 return_oop=0}
                                                            ; - java.util.ArrayList$Itr::checkForComodification@8 (line 1103)
                                                            ; - java.util.ArrayList$Itr::next@1 (line 1058)
  0x000077b4580f9e01:   cmp    %edi,%edx
  0x000077b4580f9e03:   movabs $0x77b414117c50,%rdx         ;   {metadata(method data for {method} {0x00000000462b1b60} &apos;checkForComodification&apos; &apos;()V&apos; in &apos;java/util/ArrayList$Itr&apos;)}
  0x000077b4580f9e0d:   mov    $0xe8,%edi
  0x000077b4580f9e12:   jne    0x000077b4580f9e19
  0x000077b4580f9e14:   mov    $0xd8,%edi
  0x000077b4580f9e19:   mov    (%rdx,%rdi,1),%rbx
  0x000077b4580f9e1d:   lea    0x1(%rbx),%rbx
  0x000077b4580f9e21:   mov    %rbx,(%rdx,%rdi,1)
  0x000077b4580f9e25:   jne    0x000077b4580f9f9e           ;*if_icmpeq {reexecute=0 rethrow=0 return_oop=0}
                                                            ; - java.util.ArrayList$Itr::checkForComodification@11 (line 1103)
                                                            ; - java.util.ArrayList$Itr::next@1 (line 1058)
  0x000077b4580f9e2b:   mov    0xc(%rsi),%edx               ;*getfield cursor {reexecute=0 rethrow=0 return_oop=0}
                                                            ; - java.util.ArrayList$Itr::next@5 (line 1059)
  0x000077b4580f9e2e:   mov    0x10(%rax),%edi              ;*getfield size {reexecute=0 rethrow=0 return_oop=0}
                                                            ; - java.util.ArrayList$Itr::next@14 (line 1060)
  0x000077b4580f9e31:   cmp    %edi,%edx
  0x000077b4580f9e33:   movabs $0x77b414117aa8,%rdi         ;   {metadata(method data for {method} {0x00000000462b1ab0} &apos;next&apos; &apos;()Ljava/lang/Object;&apos; in &apos;java/util/ArrayList$Itr&apos;)}
  0x000077b4580f9e3d:   mov    $0x118,%ebx
  0x000077b4580f9e42:   jge    0x000077b4580f9e49
  0x000077b4580f9e44:   mov    $0x108,%ebx
  0x000077b4580f9e49:   mov    (%rdi,%rbx,1),%rcx
  0x000077b4580f9e4d:   lea    0x1(%rcx),%rcx
  0x000077b4580f9e51:   mov    %rcx,(%rdi,%rbx,1)
  0x000077b4580f9e55:   jge    0x000077b4580f9f06           ;*if_icmplt {reexecute=0 rethrow=0 return_oop=0}
                                                            ; - java.util.ArrayList$Itr::next@17 (line 1060)
  0x000077b4580f9e5b:   mov    0x14(%rax),%eax
  0x000077b4580f9e5e:   shl    $0x3,%rax                    ;*getfield elementData {reexecute=0 rethrow=0 return_oop=0}
                                                            ; - java.util.ArrayList$Itr::next@32 (line 1062)
  0x000077b4580f9e62:   mov    0xc(%rax),%edi               ; implicit exception: dispatches to 0x000077b4580fa035
                                                            ;*arraylength {reexecute=0 rethrow=0 return_oop=0}
                                                            ; - java.util.ArrayList$Itr::next@38 (line 1063)
  0x000077b4580f9e65:   cmp    %edi,%edx
  0x000077b4580f9e67:   movabs $0x77b414117aa8,%rdi         ;   {metadata(method data for {method} {0x00000000462b1ab0} &apos;next&apos; &apos;()Ljava/lang/Object;&apos; in &apos;java/util/ArrayList$Itr&apos;)}
  0x000077b4580f9e71:   mov    $0x148,%ebx
  0x000077b4580f9e76:   jge    0x000077b4580f9e7d
  0x000077b4580f9e78:   mov    $0x138,%ebx
  0x000077b4580f9e7d:   mov    (%rdi,%rbx,1),%rcx
  0x000077b4580f9e81:   lea    0x1(%rcx),%rcx
  0x000077b4580f9e85:   mov    %rcx,(%rdi,%rbx,1)
  0x000077b4580f9e89:   jge    0x000077b4580f9ebe           ;*if_icmplt {reexecute=0 rethrow=0 return_oop=0}
                                                            ; - java.util.ArrayList$Itr::next@39 (line 1063)
  0x000077b4580f9e8f:   mov    %rdx,%rdi
  0x000077b4580f9e92:   inc    %edi
  0x000077b4580f9e94:   mov    %edi,0xc(%rsi)               ;*putfield cursor {reexecute=0 rethrow=0 return_oop=0}
                                                            ; - java.util.ArrayList$Itr::next@54 (line 1065)
  0x000077b4580f9e97:   mov    %edx,0x10(%rsi)              ;*putfield lastRet {reexecute=0 rethrow=0 return_oop=0}
                                                            ; - java.util.ArrayList$Itr::next@61 (line 1066)
  0x000077b4580f9e9a:   cmp    0xc(%rax),%edx
  0x000077b4580f9e9d:   jae    0x000077b4580fa03a
  0x000077b4580f9ea3:   movslq %edx,%rdx
  0x000077b4580f9ea6:   mov    0x10(%rax,%rdx,4),%eax
  0x000077b4580f9eaa:   shl    $0x3,%rax                    ;*aaload {reexecute=0 rethrow=0 return_oop=0}
                                                            ; - java.util.ArrayList$Itr::next@64 (line 1066)
  0x000077b4580f9eae:   add    $0x70,%rsp
  0x000077b4580f9eb2:   pop    %rbp
  0x000077b4580f9eb3:   cmp    0x28(%r15),%rsp              ;   {poll_return}
  0x000077b4580f9eb7:   ja     0x000077b4580fa048
  0x000077b4580f9ebd:   ret                                 ;*areturn {reexecute=0 rethrow=0 return_oop=0}
                                                            ; - java.util.ArrayList$Itr::next@65 (line 1066)
  0x000077b4580f9ebe:   xchg   %ax,%ax
  0x000077b4580f9ec0:   jmp    0x000077b4580fa06d           ;   {other}
  0x000077b4580f9ec5:   add    %al,(%rax)
  0x000077b4580f9ec7:   add    %al,(%rax)
  0x000077b4580f9ec9:   add    %ch,%cl
  0x000077b4580f9ecb:   test   $0x1,%al
  0x000077b4580f9ecd:   add    %al,(%rax)                   ;*new {reexecute=0 rethrow=0 return_oop=0}
                                                            ; - java.util.ArrayList$Itr::next@42 (line 1064)
  0x000077b4580f9ecf:   mov    %rax,%rsi
  0x000077b4580f9ed2:   movabs $0x77b414117aa8,%rdi         ;   {metadata(method data for {method} {0x00000000462b1ab0} &apos;next&apos; &apos;()Ljava/lang/Object;&apos; in &apos;java/util/ArrayList$Itr&apos;)}
  0x000077b4580f9edc:   addq   $0x1,0x158(%rdi)
  0x000077b4580f9ee4:   mov    %rax,%rsi                    ;*invokespecial &lt;init&gt; {reexecute=0 rethrow=0 return_oop=0}
                                                            ; - java.util.ArrayList$Itr::next@46 (line 1064)
  0x000077b4580f9ee7:   mov    %rax,0x40(%rsp)
  0x000077b4580f9eec:   data16 xchg %ax,%ax
  0x000077b4580f9eef:   call   0x000077b45f4ad9e0           ; ImmutableOopMap {[64]=Oop }
                                                            ;*invokespecial &lt;init&gt; {reexecute=0 rethrow=0 return_oop=0}
                                                            ; - java.util.ArrayList$Itr::next@46 (line 1064)
                                                            ;   {optimized virtual_call}
  0x000077b4580f9ef4:   nopl   0x2ec(%rax,%rax,1)           ;*invokespecial &lt;init&gt; {reexecute=0 rethrow=0 return_oop=0}
                                                            ; - java.util.ArrayList$Itr::next@46 (line 1064)
                                                            ;   {post_call_nop}
  0x000077b4580f9efc:   mov    0x40(%rsp),%rax
  0x000077b4580f9f01:   jmp    0x000077b4580fa0f2           ;*athrow {reexecute=0 rethrow=0 return_oop=0}
                                                            ; - java.util.ArrayList$Itr::next@49 (line 1064)
  0x000077b4580f9f06:   xchg   %ax,%ax
  0x000077b4580f9f08:   jmp    0x000077b4580fa093           ;   {other}
  0x000077b4580f9f0d:   add    %al,(%rax)
  0x000077b4580f9f0f:   add    %al,(%rax)
  0x000077b4580f9f11:   add    %al,0x130ba(%rax)
  0x000077b4580f9f17:   add    %al,(%rdi,%rcx,1)
  0x000077b4580f9f1a:   test   %eax,0x49000001(%rbx)
  0x000077b4580f9f20:   mov    0x1b0(%rdi),%eax
  0x000077b4580f9f26:   lea    0x28(%rax),%rdi
  0x000077b4580f9f2a:   cmp    0x1c0(%r15),%rdi
  0x000077b4580f9f31:   ja     0x000077b4580fa0a2
  0x000077b4580f9f37:   mov    %rdi,0x1b0(%r15)
  0x000077b4580f9f3e:   movq   $0x1,(%rax)
  0x000077b4580f9f45:   mov    %rdx,%rcx
  0x000077b4580f9f48:   mov    $0x46000000,%r10d
  0x000077b4580f9f4e:   sub    %r10,%rcx
  0x000077b4580f9f51:   mov    %ecx,0x8(%rax)
  0x000077b4580f9f54:   xor    %rcx,%rcx
  0x000077b4580f9f57:   mov    %ecx,0xc(%rax)
  0x000077b4580f9f5a:   xor    %rcx,%rcx
  0x000077b4580f9f5d:   mov    %rcx,0x10(%rax)
  0x000077b4580f9f61:   mov    %rcx,0x18(%rax)
  0x000077b4580f9f65:   mov    %rcx,0x20(%rax)              ;*new {reexecute=0 rethrow=0 return_oop=0}
                                                            ; - java.util.ArrayList$Itr::next@20 (line 1061)
  0x000077b4580f9f69:   mov    %rax,%rsi
  0x000077b4580f9f6c:   movabs $0x77b414117aa8,%rdi         ;   {metadata(method data for {method} {0x00000000462b1ab0} &apos;next&apos; &apos;()Ljava/lang/Object;&apos; in &apos;java/util/ArrayList$Itr&apos;)}
  0x000077b4580f9f76:   addq   $0x1,0x128(%rdi)
  0x000077b4580f9f7e:   mov    %rax,%rsi                    ;*invokespecial &lt;init&gt; {reexecute=0 rethrow=0 return_oop=0}
                                                            ; - java.util.ArrayList$Itr::next@24 (line 1061)
  0x000077b4580f9f81:   mov    %rax,0x48(%rsp)
  0x000077b4580f9f86:   nop
  0x000077b4580f9f87:   call   0x000077b45f4ad9e0           ; ImmutableOopMap {[72]=Oop }
                                                            ;*invokespecial &lt;init&gt; {reexecute=0 rethrow=0 return_oop=0}
                                                            ; - java.util.ArrayList$Itr::next@24 (line 1061)
                                                            ;   {optimized virtual_call}
  0x000077b4580f9f8c:   nopl   0x1000384(%rax,%rax,1)       ;*invokespecial &lt;init&gt; {reexecute=0 rethrow=0 return_oop=0}
                                                            ; - java.util.ArrayList$Itr::next@24 (line 1061)
                                                            ;   {post_call_nop}
  0x000077b4580f9f94:   mov    0x48(%rsp),%rax
  0x000077b4580f9f99:   jmp    0x000077b4580fa0f2           ;*athrow {reexecute=0 rethrow=0 return_oop=0}
                                                            ; - java.util.ArrayList$Itr::next@27 (line 1061)
  0x000077b4580f9f9e:   mov    %rsi,0x58(%rsp)
  0x000077b4580f9fa3:   nopl   0x0(%rax,%rax,1)
  0x000077b4580f9fa8:   jmp    0x000077b4580fa0be           ;   {other}
  0x000077b4580f9fad:   add    %al,(%rax)
  0x000077b4580f9faf:   add    %al,(%rax)
  0x000077b4580f9fb1:   add    %ch,%cl
  0x000077b4580f9fb3:   adc    %eax,(%rcx)
  0x000077b4580f9fb5:   add    %al,(%rax)                   ;*new {reexecute=0 rethrow=0 return_oop=0}
                                                            ; - java.util.ArrayList$Itr::checkForComodification@14 (line 1104)
                                                            ; - java.util.ArrayList$Itr::next@1 (line 1058)
  0x000077b4580f9fb7:   mov    %rax,%rdi
  0x000077b4580f9fba:   movabs $0x77b414117c50,%rbx         ;   {metadata(method data for {method} {0x00000000462b1b60} &apos;checkForComodification&apos; &apos;()V&apos; in &apos;java/util/ArrayList$Itr&apos;)}
  0x000077b4580f9fc4:   addq   $0x1,0xf8(%rbx)
  0x000077b4580f9fcc:   mov    %rax,%rsi                    ;*invokespecial &lt;init&gt; {reexecute=0 rethrow=0 return_oop=0}
                                                            ; - java.util.ArrayList$Itr::checkForComodification@18 (line 1104)
                                                            ; - java.util.ArrayList$Itr::next@1 (line 1058)
  0x000077b4580f9fcf:   mov    %rax,0x50(%rsp)
  0x000077b4580f9fd4:   data16 xchg %ax,%ax
  0x000077b4580f9fd7:   call   0x000077b45f4ad9e0           ; ImmutableOopMap {[80]=Oop [88]=Oop }
                                                            ;*invokespecial &lt;init&gt; {reexecute=0 rethrow=0 return_oop=0}
                                                            ; - java.util.ArrayList$Itr::checkForComodification@18 (line 1104)
                                                            ; - java.util.ArrayList$Itr::next@1 (line 1058)
                                                            ;   {optimized virtual_call}
  0x000077b4580f9fdc:   nopl   0x20003d4(%rax,%rax,1)       ;*invokespecial &lt;init&gt; {reexecute=0 rethrow=0 return_oop=0}
                                                            ; - java.util.ArrayList$Itr::checkForComodification@18 (line 1104)
                                                            ; - java.util.ArrayList$Itr::next@1 (line 1058)
                                                            ;   {post_call_nop}
  0x000077b4580f9fe4:   mov    0x50(%rsp),%rax
  0x000077b4580f9fe9:   jmp    0x000077b4580fa0f2
  0x000077b4580f9fee:   movabs $0x462b1ab0,%r10             ;   {metadata({method} {0x00000000462b1ab0} &apos;next&apos; &apos;()Ljava/lang/Object;&apos; in &apos;java/util/ArrayList$Itr&apos;)}
  0x000077b4580f9ff8:   mov    %r10,0x8(%rsp)
  0x000077b4580f9ffd:   movq   $0xffffffffffffffff,(%rsp)
  0x000077b4580fa005:   call   0x000077b45f582fe0           ; ImmutableOopMap {rsi=Oop }
                                                            ;*synchronization entry
                                                            ; - java.util.ArrayList$Itr::next@-1 (line 1058)
                                                            ;   {runtime_call counter_overflow_blob (C1 runtime)}
  0x000077b4580fa00a:   jmp    0x000077b4580f9d62
  0x000077b4580fa00f:   movabs $0x462b1b60,%r10             ;   {metadata({method} {0x00000000462b1b60} &apos;checkForComodification&apos; &apos;()V&apos; in &apos;java/util/ArrayList$Itr&apos;)}
  0x000077b4580fa019:   mov    %r10,0x8(%rsp)
  0x000077b4580fa01e:   movq   $0xffffffffffffffff,(%rsp)
  0x000077b4580fa026:   call   0x000077b45f582fe0           ; ImmutableOopMap {rsi=Oop }
                                                            ;*synchronization entry
                                                            ; - java.util.ArrayList$Itr::checkForComodification@-1 (line 1103)
                                                            ; - java.util.ArrayList$Itr::next@1 (line 1058)
                                                            ;   {runtime_call counter_overflow_blob (C1 runtime)}
  0x000077b4580fa02b:   jmp    0x000077b4580f9df4
  0x000077b4580fa030:   call   0x000077b45f57c660           ; ImmutableOopMap {rsi=Oop rax=Oop }
                                                            ;*getfield modCount {reexecute=1 rethrow=0 return_oop=0}
                                                            ; - (reexecute) java.util.ArrayList$Itr::checkForComodification@4 (line 1103)
                                                            ; - java.util.ArrayList$Itr::next@1 (line 1058)
                                                            ;   {runtime_call throw_null_pointer_exception_blob (C1 runtime)}
  0x000077b4580fa035:   call   0x000077b45f57c660           ; ImmutableOopMap {rsi=Oop rax=Oop }
                                                            ;*arraylength {reexecute=0 rethrow=0 return_oop=0}
                                                            ; - java.util.ArrayList$Itr::next@38 (line 1063)
                                                            ;   {runtime_call throw_null_pointer_exception_blob (C1 runtime)}
  0x000077b4580fa03a:   mov    %rdx,(%rsp)
  0x000077b4580fa03e:   mov    %rax,0x8(%rsp)
  0x000077b4580fa043:   call   0x000077b45f57bd60           ; ImmutableOopMap {rax=Oop }
                                                            ;*aaload {reexecute=0 rethrow=0 return_oop=0}
                                                            ; - java.util.ArrayList$Itr::next@64 (line 1066)
                                                            ;   {runtime_call throw_range_check_failed_blob (C1 runtime)}
  0x000077b4580fa048:   movabs $0x77b4580f9eb3,%r10         ;   {internal_word}
  0x000077b4580fa052:   mov    %r10,0x510(%r15)
  0x000077b4580fa059:   jmp    0x000077b45f4afb60           ;   {runtime_call SafepointBlob}
  0x000077b4580fa05e:   movabs $0x0,%rdx                    ;   {metadata(nullptr)}
  0x000077b4580fa068:   mov    $0xa050f00,%eax
  0x000077b4580fa06d:   call   0x000077b45f5820e0           ; ImmutableOopMap {}
                                                            ;*new {reexecute=1 rethrow=0 return_oop=0}
                                                            ; - (reexecute) java.util.ArrayList$Itr::next@42 (line 1064)
                                                            ;   {runtime_call load_klass_patching_blob (C1 runtime)}
  0x000077b4580fa072:   jmp    0x000077b4580f9ec0
  0x000077b4580fa077:   mov    %rdx,%rdx
  0x000077b4580fa07a:   call   0x000077b45f57d0e0           ; ImmutableOopMap {}
                                                            ;*new {reexecute=0 rethrow=0 return_oop=0}
                                                            ; - java.util.ArrayList$Itr::next@42 (line 1064)
                                                            ;   {runtime_call new_instance_blob (C1 runtime)}
  0x000077b4580fa07f:   jmp    0x000077b4580f9ecf
  0x000077b4580fa084:   movabs $0x0,%rdx                    ;   {metadata(nullptr)}
  0x000077b4580fa08e:   mov    $0xa050f00,%eax
  0x000077b4580fa093:   call   0x000077b45f5820e0           ; ImmutableOopMap {}
                                                            ;*new {reexecute=1 rethrow=0 return_oop=0}
                                                            ; - (reexecute) java.util.ArrayList$Itr::next@20 (line 1061)
                                                            ;   {runtime_call load_klass_patching_blob (C1 runtime)}
  0x000077b4580fa098:   jmp    0x000077b4580f9f08
  0x000077b4580fa09d:   call   0x000077b45f57c660           ; ImmutableOopMap {}
                                                            ;*new {reexecute=0 rethrow=0 return_oop=0}
                                                            ; - java.util.ArrayList$Itr::next@20 (line 1061)
                                                            ;   {runtime_call throw_null_pointer_exception_blob (C1 runtime)}
  0x000077b4580fa0a2:   mov    %rdx,%rdx
  0x000077b4580fa0a5:   call   0x000077b45f57d6e0           ; ImmutableOopMap {}
                                                            ;*new {reexecute=0 rethrow=0 return_oop=0}
                                                            ; - java.util.ArrayList$Itr::next@20 (line 1061)
                                                            ;   {runtime_call fast_new_instance_init_check_blob (C1 runtime)}
  0x000077b4580fa0aa:   jmp    0x000077b4580f9f69
  0x000077b4580fa0af:   movabs $0x0,%rdx                    ;   {metadata(nullptr)}
  0x000077b4580fa0b9:   mov    $0xa050f00,%eax
  0x000077b4580fa0be:   call   0x000077b45f5820e0           ; ImmutableOopMap {[88]=Oop }
                                                            ;*new {reexecute=1 rethrow=0 return_oop=0}
                                                            ; - (reexecute) java.util.ArrayList$Itr::checkForComodification@14 (line 1104)
                                                            ; - java.util.ArrayList$Itr::next@1 (line 1058)
                                                            ;   {runtime_call load_klass_patching_blob (C1 runtime)}
  0x000077b4580fa0c3:   jmp    0x000077b4580f9fa8
  0x000077b4580fa0c8:   mov    %rdx,%rdx
  0x000077b4580fa0cb:   call   0x000077b45f57d0e0           ; ImmutableOopMap {[88]=Oop }
                                                            ;*new {reexecute=0 rethrow=0 return_oop=0}
                                                            ; - java.util.ArrayList$Itr::checkForComodification@14 (line 1104)
                                                            ; - java.util.ArrayList$Itr::next@1 (line 1058)
                                                            ;   {runtime_call new_instance_blob (C1 runtime)}
  0x000077b4580fa0d0:   jmp    0x000077b4580f9fb7
  0x000077b4580fa0d5:   mov    0x5c0(%r15),%rax
  0x000077b4580fa0dc:   movq   $0x0,0x5c0(%r15)
  0x000077b4580fa0e7:   movq   $0x0,0x5c8(%r15)
  0x000077b4580fa0f2:   add    $0x70,%rsp
  0x000077b4580fa0f6:   pop    %rbp
  0x000077b4580fa0f7:   jmp    0x000077b45f57b760           ;   {runtime_call unwind_exception_blob (C1 runtime)}
  0x000077b4580fa0fc:   hlt    
  0x000077b4580fa0fd:   hlt    
  0x000077b4580fa0fe:   hlt    
  0x000077b4580fa0ff:   hlt    
[Stub Code]
  0x000077b4580fa100:   nopl   0x0(%rax,%rax,1)             ;   {other}
  0x000077b4580fa105:   movabs $0x0,%rbx                    ;   {static_stub}
  0x000077b4580fa10f:   jmp    0x000077b4580fa10f           ;   {runtime_call nmethod}
  0x000077b4580fa114:   nop
  0x000077b4580fa115:   movabs $0x0,%rbx                    ;   {static_stub}
  0x000077b4580fa11f:   jmp    0x000077b4580fa11f           ;   {runtime_call nmethod}
  0x000077b4580fa124:   nop
  0x000077b4580fa125:   movabs $0x0,%rbx                    ;   {static_stub}
  0x000077b4580fa12f:   jmp    0x000077b4580fa12f           ;   {runtime_call nmethod}
[Exception Handler]
  0x000077b4580fa134:   call   0x000077b45f57ede0           ;   {runtime_call handle_exception_from_callee_blob (C1 runtime)}
  0x000077b4580fa139:   movabs $0x77b478d3aec4,%rdi         ;   {external_word}
  0x000077b4580fa143:   and    $0xfffffffffffffff0,%rsp
  0x000077b4580fa147:   call   0x000077b478791cc0           ;   {runtime_call MacroAssembler::debug64(char*, long, long*)}
  0x000077b4580fa14c:   hlt    
  0x000077b4580fa14d:   call   0x000077b45f4afe60           ;   {runtime_call DeoptimizationBlob}
[Deopt Handler Entry Point]
  0x000077b4580fa152:   jmp    0x000077b4580fa14d
  0x000077b4580fa154:   hlt    
  0x000077b4580fa155:   hlt    
  0x000077b4580fa156:   hlt    
  0x000077b4580fa157:   hlt    
--------------------------------------------------------------------------------
[/Disassembly]
