
============================= C1-compiled nmethod ==============================
----------------------------------- Assembly -----------------------------------

Compiled method (c1) 30117 1378       3       java.util.regex.Pattern::expr (142 bytes)
 total in heap  [0x000077b4580fe308,0x000077b4580feec8] = 3008
 main code      [0x000077b4580fe400,0x000077b4580fee58] = 2648
 stub code      [0x000077b4580fee58,0x000077b4580feec8] = 112
 mutable data [0x000077b3dc010d00,0x000077b3dc010e20] = 288
 relocation     [0x000077b3dc010d00,0x000077b3dc010df0] = 240
 metadata       [0x000077b3dc010df0,0x000077b3dc010e20] = 48
 immutable data [0x000077b3dc0b9b70,0x000077b3dc0ba29c] = 1836
 dependencies   [0x000077b3dc0b9b70,0x000077b3dc0b9b80] = 16
 nul chk table  [0x000077b3dc0b9b80,0x000077b3dc0b9bc0] = 64
 scopes pcs     [0x000077b3dc0b9bc0,0x000077b3dc0ba000] = 1088
 scopes data    [0x000077b3dc0ba000,0x000077b3dc0ba298] = 664

[Disassembly]
--------------------------------------------------------------------------------
[Constant Pool (empty)]

--------------------------------------------------------------------------------

[Instructions begin]
  0x000077b4580fe400:   data16 data16 nopw 0x0(%rax,%rax,1)
  0x000077b4580fe40b:   data16 data16 xchg %ax,%ax
  0x000077b4580fe40f:   data16 xchg %ax,%ax
[Entry Point]
  # {method} {0x0000000046227ef0} &apos;expr&apos; &apos;(Ljava/util/regex/Pattern$Node;)Ljava/util/regex/Pattern$Node;&apos; in &apos;java/util/regex/Pattern&apos;
  # this:     rsi:rsi   = &apos;java/util/regex/Pattern&apos;
  # parm0:    rdx:rdx   = &apos;java/util/regex/Pattern$Node&apos;
  #           [sp+0xe0]  (sp of caller)
  0x000077b4580fe412:   mov    0x8(%rsi),%r10d
  0x000077b4580fe416:   cmp    0x8(%rax),%r10d
  0x000077b4580fe41a:   jne    0x000077b45f4ad6e0           ;   {runtime_call ic_miss_blob (shared runtime)}
[Verified Entry Point]
  0x000077b4580fe420:   mov    %eax,-0x14000(%rsp)
  0x000077b4580fe427:   push   %rbp
  0x000077b4580fe428:   sub    $0xd0,%rsp
  0x000077b4580fe42f:   nop
  0x000077b4580fe430:   cmpl   $0x1,0x20(%r15)
  0x000077b4580fe438:   je     0x000077b4580fe43f
  0x000077b4580fe43a:   call   Stub::method_entry_barrier_stub (stub gen)
                                                            ;   {runtime_call Stub::method_entry_barrier_stub (stub gen)}
  0x000077b4580fe43f:   mov    %rsi,0x60(%rsp)
  0x000077b4580fe444:   mov    %rdx,0x80(%rsp)
  0x000077b4580fe44c:   movabs $0x77b4146ab638,%rdi         ;   {metadata(method data for {method} {0x0000000046227ef0} &apos;expr&apos; &apos;(Ljava/util/regex/Pattern$Node;)Ljava/util/regex/Pattern$Node;&apos; in &apos;java/util/regex/Pattern&apos;)}
  0x000077b4580fe456:   mov    0x90(%rdi),%ebx
  0x000077b4580fe45c:   add    $0x2,%ebx
  0x000077b4580fe45f:   mov    %ebx,0x90(%rdi)
  0x000077b4580fe465:   and    $0x7fe,%ebx
  0x000077b4580fe46b:   test   %ebx,%ebx
  0x000077b4580fe46d:   je     0x000077b4580fec69           ;*aconst_null {reexecute=0 rethrow=0 return_oop=0}
                                                            ; - java.util.regex.Pattern::expr@0 (line 2241)
  0x000077b4580fe473:   movabs $0x0,%rdi                    ;   {oop(nullptr)}
  0x000077b4580fe47d:   movabs $0x0,%rbx                    ;   {oop(nullptr)}
  0x000077b4580fe487:   movabs $0x0,%rax                    ;   {oop(nullptr)}
  0x000077b4580fe491:   movabs $0x0,%rcx                    ;*aload_0 {reexecute=0 rethrow=0 return_oop=0}
                                                            ; - java.util.regex.Pattern::expr@10 (line 2247)
                                                            ;   {oop(nullptr)}
  0x000077b4580fe49b:   mov    %rdi,0x70(%rsp)
  0x000077b4580fe4a0:   mov    %rbx,0x78(%rsp)
  0x000077b4580fe4a5:   mov    %rax,0x88(%rsp)
  0x000077b4580fe4ad:   mov    %rcx,0x68(%rsp)
  0x000077b4580fe4b2:   nopw   0x0(%rax,%rax,1)
  0x000077b4580fe4b8:   mov    %rsi,%r8
  0x000077b4580fe4bb:   movabs $0x77b4146ab638,%r9          ;   {metadata(method data for {method} {0x0000000046227ef0} &apos;expr&apos; &apos;(Ljava/util/regex/Pattern$Node;)Ljava/util/regex/Pattern$Node;&apos; in &apos;java/util/regex/Pattern&apos;)}
  0x000077b4580fe4c5:   addq   $0x1,0xd8(%r9)
  0x000077b4580fe4cd:   mov    %rdx,%r8
  0x000077b4580fe4d0:   mov    %r8,%rdx
  0x000077b4580fe4d3:   mov    %rsi,%r9
  0x000077b4580fe4d6:   mov    %r9,%rsi                     ;*invokevirtual sequence {reexecute=0 rethrow=0 return_oop=0}
                                                            ; - java.util.regex.Pattern::expr@12 (line 2247)
  0x000077b4580fe4d9:   nopw   0x0(%rax,%rax,1)
  0x000077b4580fe4df:   call   0x000077b45f4ad9e0           ; ImmutableOopMap {[96]=Oop [104]=Oop [112]=Oop [120]=Oop [128]=Oop [136]=Oop }
                                                            ;*invokevirtual sequence {reexecute=0 rethrow=0 return_oop=0}
                                                            ; - java.util.regex.Pattern::expr@12 (line 2247)
                                                            ;   {optimized virtual_call}
  0x000077b4580fe4e4:   nopl   0x1dc(%rax,%rax,1)           ;   {post_call_nop}
  0x000077b4580fe4ec:   mov    %rax,%rbx                    ;*invokevirtual sequence {reexecute=0 rethrow=0 return_oop=0}
                                                            ; - java.util.regex.Pattern::expr@12 (line 2247)
  0x000077b4580fe4ef:   mov    0x60(%rsp),%rsi
  0x000077b4580fe4f4:   mov    0x34(%rsi),%r8d
  0x000077b4580fe4f8:   shl    $0x3,%r8                     ;*getfield root {reexecute=0 rethrow=0 return_oop=0}
                                                            ; - java.util.regex.Pattern::expr@18 (line 2248)
  0x000077b4580fe4fc:   mov    0x68(%rsp),%rcx
  0x000077b4580fe501:   test   %rcx,%rcx
  0x000077b4580fe504:   movabs $0x77b4146ab638,%rdx         ;   {metadata(method data for {method} {0x0000000046227ef0} &apos;expr&apos; &apos;(Ljava/util/regex/Pattern$Node;)Ljava/util/regex/Pattern$Node;&apos; in &apos;java/util/regex/Pattern&apos;)}
  0x000077b4580fe50e:   mov    $0x108,%edi
  0x000077b4580fe513:   jne    0x000077b4580fe51a
  0x000077b4580fe515:   mov    $0x118,%edi
  0x000077b4580fe51a:   mov    (%rdx,%rdi,1),%rax
  0x000077b4580fe51e:   lea    0x1(%rax),%rax
  0x000077b4580fe522:   mov    %rax,(%rdx,%rdi,1)
  0x000077b4580fe526:   jne    0x000077b4580fe54b           ;*ifnonnull {reexecute=0 rethrow=0 return_oop=0}
                                                            ; - java.util.regex.Pattern::expr@24 (line 2249)
  0x000077b4580fe52c:   movabs $0x77b4146ab638,%rdx         ;   {metadata(method data for {method} {0x0000000046227ef0} &apos;expr&apos; &apos;(Ljava/util/regex/Pattern$Node;)Ljava/util/regex/Pattern$Node;&apos; in &apos;java/util/regex/Pattern&apos;)}
  0x000077b4580fe536:   incl   0x128(%rdx)
  0x000077b4580fe53c:   mov    0x70(%rsp),%rdi
  0x000077b4580fe541:   mov    0x78(%rsp),%rax
  0x000077b4580fe546:   jmp    0x000077b4580fea09           ;*goto {reexecute=0 rethrow=0 return_oop=0}
                                                            ; - java.util.regex.Pattern::expr@33 (line 2251)
  0x000077b4580fe54b:   mov    0x70(%rsp),%rdi
  0x000077b4580fe550:   test   %rdi,%rdi
  0x000077b4580fe553:   movabs $0x77b4146ab638,%rdx         ;   {metadata(method data for {method} {0x0000000046227ef0} &apos;expr&apos; &apos;(Ljava/util/regex/Pattern$Node;)Ljava/util/regex/Pattern$Node;&apos; in &apos;java/util/regex/Pattern&apos;)}
  0x000077b4580fe55d:   mov    $0x150,%eax
  0x000077b4580fe562:   je     0x000077b4580fe569
  0x000077b4580fe564:   mov    $0x140,%eax
  0x000077b4580fe569:   mov    (%rdx,%rax,1),%r9
  0x000077b4580fe56d:   lea    0x1(%r9),%r9
  0x000077b4580fe571:   mov    %r9,(%rdx,%rax,1)
  0x000077b4580fe575:   je     0x000077b4580fe58b           ;*ifnonnull {reexecute=0 rethrow=0 return_oop=0}
                                                            ; - java.util.regex.Pattern::expr@38 (line 2254)
  0x000077b4580fe57b:   mov    %rcx,%r11
  0x000077b4580fe57e:   mov    0x80(%rsp),%r9
  0x000077b4580fe586:   jmp    0x000077b4580fe721           ;*aload {reexecute=0 rethrow=0 return_oop=0}
                                                            ; - java.util.regex.Pattern::expr@56 (line 2258)
  0x000077b4580fe58b:   mov    0x80(%rsp),%rdx
  0x000077b4580fe593:   mov    %rdx,%r9
  0x000077b4580fe596:   movabs $0x4640e958,%rdx             ;   {metadata(&apos;java/util/regex/Pattern$BranchConn&apos;)}
  0x000077b4580fe5a0:   mov    %rcx,%r11
  0x000077b4580fe5a3:   mov    0x1b0(%r15),%rax
  0x000077b4580fe5aa:   lea    0x10(%rax),%rdi
  0x000077b4580fe5ae:   cmp    0x1c0(%r15),%rdi
  0x000077b4580fe5b5:   ja     0x000077b4580fec8a
  0x000077b4580fe5bb:   mov    %rdi,0x1b0(%r15)
  0x000077b4580fe5c2:   movq   $0x1,(%rax)
  0x000077b4580fe5c9:   mov    %rdx,%rcx
  0x000077b4580fe5cc:   mov    $0x46000000,%r10d
  0x000077b4580fe5d2:   sub    %r10,%rcx
  0x000077b4580fe5d5:   mov    %ecx,0x8(%rax)
  0x000077b4580fe5d8:   xor    %rcx,%rcx
  0x000077b4580fe5db:   mov    %ecx,0xc(%rax)
  0x000077b4580fe5de:   xor    %rcx,%rcx                    ;*new {reexecute=0 rethrow=0 return_oop=0}
                                                            ; - java.util.regex.Pattern::expr@41 (line 2255)
  0x000077b4580fe5e1:   mov    %rax,%rdx
  0x000077b4580fe5e4:   movabs $0x77b4146ab638,%rsi         ;   {metadata(method data for {method} {0x0000000046227ef0} &apos;expr&apos; &apos;(Ljava/util/regex/Pattern$Node;)Ljava/util/regex/Pattern$Node;&apos; in &apos;java/util/regex/Pattern&apos;)}
  0x000077b4580fe5ee:   addq   $0x1,0x160(%rsi)
  0x000077b4580fe5f6:   movabs $0x77b4146ac7f0,%rdx         ;   {metadata(method data for {method} {0x000000004640ec70} &apos;&lt;init&gt;&apos; &apos;()V&apos; in &apos;java/util/regex/Pattern$BranchConn&apos;)}
  0x000077b4580fe600:   mov    0x90(%rdx),%esi
  0x000077b4580fe606:   add    $0x2,%esi
  0x000077b4580fe609:   mov    %esi,0x90(%rdx)
  0x000077b4580fe60f:   and    $0x1ffffe,%esi
  0x000077b4580fe615:   test   %esi,%esi
  0x000077b4580fe617:   je     0x000077b4580fec97
  0x000077b4580fe61d:   mov    %rax,%rdx
  0x000077b4580fe620:   movabs $0x77b4146ac7f0,%rsi         ;   {metadata(method data for {method} {0x000000004640ec70} &apos;&lt;init&gt;&apos; &apos;()V&apos; in &apos;java/util/regex/Pattern$BranchConn&apos;)}
  0x000077b4580fe62a:   addq   $0x1,0xd8(%rsi)
  0x000077b4580fe632:   movabs $0x77b414176ba0,%rdx         ;   {metadata(method data for {method} {0x000000004640d270} &apos;&lt;init&gt;&apos; &apos;()V&apos; in &apos;java/util/regex/Pattern$Node&apos;)}
  0x000077b4580fe63c:   mov    0x90(%rdx),%esi
  0x000077b4580fe642:   add    $0x2,%esi
  0x000077b4580fe645:   mov    %esi,0x90(%rdx)
  0x000077b4580fe64b:   and    $0x1ffffe,%esi
  0x000077b4580fe651:   test   %esi,%esi
  0x000077b4580fe653:   je     0x000077b4580fecb8
  0x000077b4580fe659:   mov    %rax,%rdx
  0x000077b4580fe65c:   movabs $0x77b414176ba0,%rsi         ;   {metadata(method data for {method} {0x000000004640d270} &apos;&lt;init&gt;&apos; &apos;()V&apos; in &apos;java/util/regex/Pattern$Node&apos;)}
  0x000077b4580fe666:   addq   $0x1,0xd8(%rsi)
  0x000077b4580fe66e:   movabs $0x77b414010cd0,%rdx         ;   {metadata(method data for {method} {0x00000000464a6d78} &apos;&lt;init&gt;&apos; &apos;()V&apos; in &apos;java/lang/Object&apos;)}
  0x000077b4580fe678:   mov    0x90(%rdx),%esi
  0x000077b4580fe67e:   add    $0x2,%esi
  0x000077b4580fe681:   mov    %esi,0x90(%rdx)
  0x000077b4580fe687:   and    $0x1ffffe,%esi
  0x000077b4580fe68d:   test   %esi,%esi
  0x000077b4580fe68f:   je     0x000077b4580fecd9
  0x000077b4580fe695:   movsbl 0x48(%r15),%edx
  0x000077b4580fe69a:   test   %edx,%edx
  0x000077b4580fe69c:   jne    0x000077b4580fecfa
  0x000077b4580fe6a2:   movabs $0x420044c60,%r10            ;   {oop(a &apos;java/util/regex/Pattern$Node&apos;{0x0000000420044c60})}
  0x000077b4580fe6ac:   shr    $0x3,%r10
  0x000077b4580fe6b0:   mov    %r10d,0xc(%rax)
  0x000077b4580fe6b4:   movabs $0x420044c60,%rdx            ;   {oop(a &apos;java/util/regex/Pattern$Node&apos;{0x0000000420044c60})}
  0x000077b4580fe6be:   mov    %rax,%rdi
  0x000077b4580fe6c1:   xor    %rdx,%rdi
  0x000077b4580fe6c4:   shr    $0x17,%rdi
  0x000077b4580fe6c8:   je     0x000077b4580fe6e2
  0x000077b4580fe6ca:   test   %rdx,%rdx
  0x000077b4580fe6cd:   je     0x000077b4580fe6e2
  0x000077b4580fe6cf:   mov    %rax,%rdi
  0x000077b4580fe6d2:   shr    $0x9,%rdi
  0x000077b4580fe6d6:   add    0x50(%r15),%rdi
  0x000077b4580fe6da:   cmpb   $0xff,(%rdi)
  0x000077b4580fe6dd:   jne    0x000077b4580fe6e2
  0x000077b4580fe6df:   movb   $0x0,(%rdi)                  ;*putfield next {reexecute=0 rethrow=0 return_oop=0}
                                                            ; - java.util.regex.Pattern$Node::&lt;init&gt;@8 (line 3734)
                                                            ; - java.util.regex.Pattern$BranchConn::&lt;init&gt;@1 (line 4880)
                                                            ; - java.util.regex.Pattern::expr@45 (line 2255)
  0x000077b4580fe6e2:   movsbl 0x48(%r15),%edx
  0x000077b4580fe6e7:   test   %edx,%edx
  0x000077b4580fe6e9:   jne    0x000077b4580fed18
  0x000077b4580fe6ef:   mov    %r9,%r10
  0x000077b4580fe6f2:   shr    $0x3,%r10
  0x000077b4580fe6f6:   mov    %r10d,0xc(%rax)
  0x000077b4580fe6fa:   mov    %rax,%rsi
  0x000077b4580fe6fd:   xor    %r9,%rsi
  0x000077b4580fe700:   shr    $0x17,%rsi
  0x000077b4580fe704:   je     0x000077b4580fe71e
  0x000077b4580fe706:   test   %r9,%r9
  0x000077b4580fe709:   je     0x000077b4580fe71e
  0x000077b4580fe70b:   mov    %rax,%rsi
  0x000077b4580fe70e:   shr    $0x9,%rsi
  0x000077b4580fe712:   add    0x50(%r15),%rsi
  0x000077b4580fe716:   cmpb   $0xff,(%rsi)
  0x000077b4580fe719:   jne    0x000077b4580fe71e
  0x000077b4580fe71b:   movb   $0x0,(%rsi)                  ;*putfield next {reexecute=0 rethrow=0 return_oop=0}
                                                            ; - java.util.regex.Pattern::expr@53 (line 2256)
  0x000077b4580fe71e:   mov    %rax,%rdi                    ;*aload {reexecute=0 rethrow=0 return_oop=0}
                                                            ; - java.util.regex.Pattern::expr@56 (line 2258)
  0x000077b4580fe721:   cmp    %r9,%rbx
  0x000077b4580fe724:   movabs $0x77b4146ab638,%rdx         ;   {metadata(method data for {method} {0x0000000046227ef0} &apos;expr&apos; &apos;(Ljava/util/regex/Pattern$Node;)Ljava/util/regex/Pattern$Node;&apos; in &apos;java/util/regex/Pattern&apos;)}
  0x000077b4580fe72e:   mov    $0x170,%esi
  0x000077b4580fe733:   jne    0x000077b4580fe73a
  0x000077b4580fe735:   mov    $0x180,%esi
  0x000077b4580fe73a:   mov    (%rdx,%rsi,1),%rax
  0x000077b4580fe73e:   lea    0x1(%rax),%rax
  0x000077b4580fe742:   mov    %rax,(%rdx,%rsi,1)
  0x000077b4580fe746:   jne    0x000077b4580fe76b           ;*if_acmpne {reexecute=0 rethrow=0 return_oop=0}
                                                            ; - java.util.regex.Pattern::expr@59 (line 2258)
  0x000077b4580fe74c:   movabs $0x77b4146ab638,%rdx         ;   {metadata(method data for {method} {0x0000000046227ef0} &apos;expr&apos; &apos;(Ljava/util/regex/Pattern$Node;)Ljava/util/regex/Pattern$Node;&apos; in &apos;java/util/regex/Pattern&apos;)}
  0x000077b4580fe756:   incl   0x190(%rdx)
  0x000077b4580fe75c:   movabs $0x0,%rbx                    ;   {oop(nullptr)}
  0x000077b4580fe766:   jmp    0x000077b4580fe7a7           ;*goto {reexecute=0 rethrow=0 return_oop=0}
                                                            ; - java.util.regex.Pattern::expr@65 (line 2262)
  0x000077b4580fe76b:   movsbl 0x48(%r15),%edx
  0x000077b4580fe770:   test   %edx,%edx
  0x000077b4580fe772:   jne    0x000077b4580fed36
  0x000077b4580fe778:   mov    %rdi,%r10
  0x000077b4580fe77b:   shr    $0x3,%r10
  0x000077b4580fe77f:   mov    %r10d,0xc(%r8)               ; implicit exception: dispatches to 0x000077b4580fed55
  0x000077b4580fe783:   mov    %r8,%rsi
  0x000077b4580fe786:   xor    %rdi,%rsi
  0x000077b4580fe789:   shr    $0x17,%rsi
  0x000077b4580fe78d:   je     0x000077b4580fe7a7
  0x000077b4580fe78f:   test   %rdi,%rdi
  0x000077b4580fe792:   je     0x000077b4580fe7a7
  0x000077b4580fe794:   mov    %r8,%rsi
  0x000077b4580fe797:   shr    $0x9,%rsi
  0x000077b4580fe79b:   add    0x50(%r15),%rsi
  0x000077b4580fe79f:   cmpb   $0xff,(%rsi)
  0x000077b4580fe7a2:   jne    0x000077b4580fe7a7
  0x000077b4580fe7a4:   movb   $0x0,(%rsi)                  ;*putfield next {reexecute=0 rethrow=0 return_oop=0}
                                                            ; - java.util.regex.Pattern::expr@72 (line 2265)
  0x000077b4580fe7a7:   mov    0x78(%rsp),%rax
  0x000077b4580fe7ac:   cmp    %rax,%r11
  0x000077b4580fe7af:   movabs $0x77b4146ab638,%rdx         ;   {metadata(method data for {method} {0x0000000046227ef0} &apos;expr&apos; &apos;(Ljava/util/regex/Pattern$Node;)Ljava/util/regex/Pattern$Node;&apos; in &apos;java/util/regex/Pattern&apos;)}
  0x000077b4580fe7b9:   mov    $0x1a8,%esi
  0x000077b4580fe7be:   jne    0x000077b4580fe7c5
  0x000077b4580fe7c0:   mov    $0x1b8,%esi
  0x000077b4580fe7c5:   mov    (%rdx,%rsi,1),%rcx
  0x000077b4580fe7c9:   lea    0x1(%rcx),%rcx
  0x000077b4580fe7cd:   mov    %rcx,(%rdx,%rsi,1)
  0x000077b4580fe7d1:   mov    %rdi,0x90(%rsp)
  0x000077b4580fe7d9:   jne    0x000077b4580fe8a0           ;*if_acmpne {reexecute=0 rethrow=0 return_oop=0}
                                                            ; - java.util.regex.Pattern::expr@78 (line 2267)
  0x000077b4580fe7df:   mov    %r11,0x68(%rsp)
  0x000077b4580fe7e4:   cmp    (%rax),%rax                  ; implicit exception: dispatches to 0x000077b4580fed5a
  0x000077b4580fe7e7:   mov    %rax,%r8
  0x000077b4580fe7ea:   movabs $0x77b4146ab638,%r9          ;   {metadata(method data for {method} {0x0000000046227ef0} &apos;expr&apos; &apos;(Ljava/util/regex/Pattern$Node;)Ljava/util/regex/Pattern$Node;&apos; in &apos;java/util/regex/Pattern&apos;)}
  0x000077b4580fe7f4:   mov    0x8(%r8),%r8d
  0x000077b4580fe7f8:   mov    $0x46000000,%r10d
  0x000077b4580fe7fe:   add    %r10,%r8
  0x000077b4580fe801:   mov    $0x3a,%r10d
  0x000077b4580fe807:   cmp    (%r9,%r10,8),%r8
  0x000077b4580fe80b:   je     0x000077b4580fe844
  0x000077b4580fe80d:   add    $0x2,%r10
  0x000077b4580fe811:   cmp    $0x3e,%r10
  0x000077b4580fe815:   jne    0x000077b4580fe807
  0x000077b4580fe817:   mov    $0x3a,%r10d
  0x000077b4580fe81d:   cmpq   $0x0,(%r9,%r10,8)
  0x000077b4580fe822:   je     0x000077b4580fe830
  0x000077b4580fe824:   add    $0x2,%r10
  0x000077b4580fe828:   cmp    $0x3e,%r10
  0x000077b4580fe82c:   jne    0x000077b4580fe81d
  0x000077b4580fe82e:   jmp    0x000077b4580fe83c
  0x000077b4580fe830:   push   %rax
  0x000077b4580fe831:   xor    %rax,%rax
  0x000077b4580fe834:   cmpxchg %r8,(%r9,%r10,8)
  0x000077b4580fe839:   pop    %rax
  0x000077b4580fe83a:   jmp    0x000077b4580fe801
  0x000077b4580fe83c:   mov    $0x39,%r10d
  0x000077b4580fe842:   jmp    0x000077b4580fe848
  0x000077b4580fe844:   add    $0x1,%r10
  0x000077b4580fe848:   addq   $0x1,(%r9,%r10,8)
  0x000077b4580fe84d:   mov    %rbx,%rdx
  0x000077b4580fe850:   mov    %rax,%rsi                    ;*invokevirtual add {reexecute=0 rethrow=0 return_oop=0}
                                                            ; - java.util.regex.Pattern::expr@85 (line 2268)
  0x000077b4580fe853:   mov    %rax,0x78(%rsp)
  0x000077b4580fe858:   nopl   0x0(%rax)
  0x000077b4580fe85f:   call   0x000077b45f4ad9e0           ; ImmutableOopMap {[96]=Oop [104]=Oop [120]=Oop [128]=Oop [136]=Oop [144]=Oop }
                                                            ;*invokevirtual add {reexecute=0 rethrow=0 return_oop=0}
                                                            ; - java.util.regex.Pattern::expr@85 (line 2268)
                                                            ;   {optimized virtual_call}
  0x000077b4580fe864:   nopl   0x100055c(%rax,%rax,1)       ;*invokevirtual add {reexecute=0 rethrow=0 return_oop=0}
                                                            ; - java.util.regex.Pattern::expr@85 (line 2268)
                                                            ;   {post_call_nop}
  0x000077b4580fe86c:   movabs $0x77b4146ab638,%rdx         ;   {metadata(method data for {method} {0x0000000046227ef0} &apos;expr&apos; &apos;(Ljava/util/regex/Pattern$Node;)Ljava/util/regex/Pattern$Node;&apos; in &apos;java/util/regex/Pattern&apos;)}
  0x000077b4580fe876:   incl   0x1f8(%rdx)
  0x000077b4580fe87c:   mov    0x90(%rsp),%rdi
  0x000077b4580fe884:   mov    0x78(%rsp),%rax
  0x000077b4580fe889:   mov    0x88(%rsp),%r8
  0x000077b4580fe891:   mov    0x68(%rsp),%rbx
  0x000077b4580fe896:   mov    0x60(%rsp),%rsi
  0x000077b4580fe89b:   jmp    0x000077b4580fea09           ;*goto {reexecute=0 rethrow=0 return_oop=0}
                                                            ; - java.util.regex.Pattern::expr@88 (line 2268)
  0x000077b4580fe8a0:   mov    %r11,%rcx
  0x000077b4580fe8a3:   mov    %r9,%rdx
  0x000077b4580fe8a6:   cmp    %rdx,%rcx
  0x000077b4580fe8a9:   movabs $0x77b4146ab638,%rsi         ;   {metadata(method data for {method} {0x0000000046227ef0} &apos;expr&apos; &apos;(Ljava/util/regex/Pattern$Node;)Ljava/util/regex/Pattern$Node;&apos; in &apos;java/util/regex/Pattern&apos;)}
  0x000077b4580fe8b3:   mov    $0x210,%edi
  0x000077b4580fe8b8:   jne    0x000077b4580fe8bf
  0x000077b4580fe8ba:   mov    $0x220,%edi
  0x000077b4580fe8bf:   mov    (%rsi,%rdi,1),%rax
  0x000077b4580fe8c3:   lea    0x1(%rax),%rax
  0x000077b4580fe8c7:   mov    %rax,(%rsi,%rdi,1)
  0x000077b4580fe8cb:   jne    0x000077b4580fe8f8           ;*if_acmpne {reexecute=0 rethrow=0 return_oop=0}
                                                            ; - java.util.regex.Pattern::expr@93 (line 2270)
  0x000077b4580fe8d1:   movabs $0x77b4146ab638,%rsi         ;   {metadata(method data for {method} {0x0000000046227ef0} &apos;expr&apos; &apos;(Ljava/util/regex/Pattern$Node;)Ljava/util/regex/Pattern$Node;&apos; in &apos;java/util/regex/Pattern&apos;)}
  0x000077b4580fe8db:   incl   0x230(%rsi)
  0x000077b4580fe8e1:   movabs $0x0,%r8                     ;   {oop(nullptr)}
  0x000077b4580fe8eb:   mov    0x90(%rsp),%rdi
  0x000077b4580fe8f3:   jmp    0x000077b4580fe951           ;*goto {reexecute=0 rethrow=0 return_oop=0}
                                                            ; - java.util.regex.Pattern::expr@98 (line 2271)
  0x000077b4580fe8f8:   mov    0x90(%rsp),%rdi
  0x000077b4580fe900:   mov    0x88(%rsp),%rax
  0x000077b4580fe908:   movsbl 0x48(%r15),%esi
  0x000077b4580fe90d:   test   %esi,%esi
  0x000077b4580fe90f:   jne    0x000077b4580fed5f
  0x000077b4580fe915:   mov    %rdi,%r10
  0x000077b4580fe918:   shr    $0x3,%r10
  0x000077b4580fe91c:   mov    %r10d,0xc(%rax)              ; implicit exception: dispatches to 0x000077b4580fed7d
  0x000077b4580fe920:   mov    %rax,%r8
  0x000077b4580fe923:   xor    %rdi,%r8
  0x000077b4580fe926:   shr    $0x17,%r8
  0x000077b4580fe92a:   je     0x000077b4580fe946
  0x000077b4580fe92c:   test   %rdi,%rdi
  0x000077b4580fe92f:   je     0x000077b4580fe946
  0x000077b4580fe931:   mov    %rax,%r8
  0x000077b4580fe934:   shr    $0x9,%r8
  0x000077b4580fe938:   add    0x50(%r15),%r8
  0x000077b4580fe93c:   cmpb   $0xff,(%r8)
  0x000077b4580fe940:   jne    0x000077b4580fe946
  0x000077b4580fe942:   movb   $0x0,(%r8)                   ;*putfield next {reexecute=0 rethrow=0 return_oop=0}
                                                            ; - java.util.regex.Pattern::expr@104 (line 2275)
  0x000077b4580fe946:   mov    %rcx,%r8
  0x000077b4580fe949:   mov    %rax,0x88(%rsp)
  0x000077b4580fe951:   movabs $0x4640ecd0,%rdx             ;   {metadata(&apos;java/util/regex/Pattern$Branch&apos;)}
  0x000077b4580fe95b:   mov    %rdi,%r11
  0x000077b4580fe95e:   mov    0x1b0(%r15),%rax
  0x000077b4580fe965:   lea    0x20(%rax),%rdi
  0x000077b4580fe969:   cmp    0x1c0(%r15),%rdi
  0x000077b4580fe970:   ja     0x000077b4580fed82
  0x000077b4580fe976:   mov    %rdi,0x1b0(%r15)
  0x000077b4580fe97d:   movq   $0x1,(%rax)
  0x000077b4580fe984:   mov    %rdx,%rcx
  0x000077b4580fe987:   mov    $0x46000000,%r10d
  0x000077b4580fe98d:   sub    %r10,%rcx
  0x000077b4580fe990:   mov    %ecx,0x8(%rax)
  0x000077b4580fe993:   xor    %rcx,%rcx
  0x000077b4580fe996:   mov    %ecx,0xc(%rax)
  0x000077b4580fe999:   xor    %rcx,%rcx
  0x000077b4580fe99c:   mov    %rcx,0x10(%rax)
  0x000077b4580fe9a0:   mov    %rcx,0x18(%rax)              ;*new {reexecute=0 rethrow=0 return_oop=0}
                                                            ; - java.util.regex.Pattern::expr@107 (line 2277)
  0x000077b4580fe9a4:   mov    %rax,%rdx
  0x000077b4580fe9a7:   movabs $0x77b4146ab638,%rcx         ;   {metadata(method data for {method} {0x0000000046227ef0} &apos;expr&apos; &apos;(Ljava/util/regex/Pattern$Node;)Ljava/util/regex/Pattern$Node;&apos; in &apos;java/util/regex/Pattern&apos;)}
  0x000077b4580fe9b1:   addq   $0x1,0x248(%rcx)
  0x000077b4580fe9b9:   mov    %r8,%rdx
  0x000077b4580fe9bc:   mov    %rbx,%rcx
  0x000077b4580fe9bf:   mov    %r11,%r8
  0x000077b4580fe9c2:   mov    %rax,%rsi                    ;*invokespecial &lt;init&gt; {reexecute=0 rethrow=0 return_oop=0}
                                                            ; - java.util.regex.Pattern::expr@116 (line 2277)
  0x000077b4580fe9c5:   mov    %rax,0x98(%rsp)
  0x000077b4580fe9cd:   mov    %r11,0x90(%rsp)
  0x000077b4580fe9d5:   xchg   %ax,%ax
  0x000077b4580fe9d7:   call   0x000077b45f4ad9e0           ; ImmutableOopMap {[96]=Oop [128]=Oop [136]=Oop [144]=Oop [152]=Oop }
                                                            ;*invokespecial &lt;init&gt; {reexecute=0 rethrow=0 return_oop=0}
                                                            ; - java.util.regex.Pattern::expr@116 (line 2277)
                                                            ;   {optimized virtual_call}
  0x000077b4580fe9dc:   nopl   0x20006d4(%rax,%rax,1)       ;*invokespecial &lt;init&gt; {reexecute=0 rethrow=0 return_oop=0}
                                                            ; - java.util.regex.Pattern::expr@116 (line 2277)
                                                            ;   {post_call_nop}
  0x000077b4580fe9e4:   mov    0x90(%rsp),%rdi
  0x000077b4580fe9ec:   mov    0x88(%rsp),%r8
  0x000077b4580fe9f4:   mov    0x98(%rsp),%rax
  0x000077b4580fe9fc:   mov    0x98(%rsp),%rbx              ;*aload_0 {reexecute=0 rethrow=0 return_oop=0}
                                                            ; - java.util.regex.Pattern::expr@123 (line 2280)
  0x000077b4580fea04:   mov    0x60(%rsp),%rsi
  0x000077b4580fea09:   mov    %rsi,%rdx
  0x000077b4580fea0c:   movabs $0x77b4146ab638,%rcx         ;   {metadata(method data for {method} {0x0000000046227ef0} &apos;expr&apos; &apos;(Ljava/util/regex/Pattern$Node;)Ljava/util/regex/Pattern$Node;&apos; in &apos;java/util/regex/Pattern&apos;)}
  0x000077b4580fea16:   addq   $0x1,0x258(%rcx)
  0x000077b4580fea1e:   movabs $0x77b4140c1000,%rdx         ;   {metadata(method data for {method} {0x0000000046227ad0} &apos;peek&apos; &apos;()I&apos; in &apos;java/util/regex/Pattern&apos;)}
  0x000077b4580fea28:   mov    0x90(%rdx),%ecx
  0x000077b4580fea2e:   add    $0x2,%ecx
  0x000077b4580fea31:   mov    %ecx,0x90(%rdx)
  0x000077b4580fea37:   and    $0x1ffffe,%ecx
  0x000077b4580fea3d:   test   %ecx,%ecx
  0x000077b4580fea3f:   je     0x000077b4580fed8f
  0x000077b4580fea45:   mov    0x50(%rsi),%edx
  0x000077b4580fea48:   shl    $0x3,%rdx                    ;*getfield temp {reexecute=0 rethrow=0 return_oop=0}
                                                            ; - java.util.regex.Pattern::peek@1 (line 2071)
                                                            ; - java.util.regex.Pattern::expr@124 (line 2280)
  0x000077b4580fea4c:   mov    0x20(%rsi),%ecx              ;*getfield cursor {reexecute=0 rethrow=0 return_oop=0}
                                                            ; - java.util.regex.Pattern::peek@5 (line 2071)
                                                            ; - java.util.regex.Pattern::expr@124 (line 2280)
  0x000077b4580fea4f:   cmp    0xc(%rdx),%ecx               ; implicit exception: dispatches to 0x000077b4580fedb0
  0x000077b4580fea52:   jae    0x000077b4580fedba
  0x000077b4580fea58:   movslq %ecx,%rcx
  0x000077b4580fea5b:   mov    0x10(%rdx,%rcx,4),%edx       ;*iaload {reexecute=0 rethrow=0 return_oop=0}
                                                            ; - java.util.regex.Pattern::peek@8 (line 2071)
                                                            ; - java.util.regex.Pattern::expr@124 (line 2280)
  0x000077b4580fea5f:   mov    %rsi,%rcx
  0x000077b4580fea62:   movabs $0x77b4140c1000,%r9          ;   {metadata(method data for {method} {0x0000000046227ad0} &apos;peek&apos; &apos;()I&apos; in &apos;java/util/regex/Pattern&apos;)}
  0x000077b4580fea6c:   addq   $0x1,0xd8(%r9)
  0x000077b4580fea74:   movabs $0x77b4140af678,%rcx         ;   {metadata(method data for {method} {0x0000000046227e98} &apos;has&apos; &apos;(I)Z&apos; in &apos;java/util/regex/Pattern&apos;)}
  0x000077b4580fea7e:   mov    0x90(%rcx),%r9d
  0x000077b4580fea85:   add    $0x2,%r9d
  0x000077b4580fea89:   mov    %r9d,0x90(%rcx)
  0x000077b4580fea90:   and    $0x1ffffe,%r9d
  0x000077b4580fea97:   test   %r9d,%r9d
  0x000077b4580fea9a:   je     0x000077b4580fedc8
  0x000077b4580feaa0:   mov    0x10(%rsi),%ecx              ;*getfield flags0 {reexecute=0 rethrow=0 return_oop=0}
                                                            ; - java.util.regex.Pattern::has@1 (line 2045)
                                                            ; - java.util.regex.Pattern::peek@12 (line 2072)
                                                            ; - java.util.regex.Pattern::expr@124 (line 2280)
  0x000077b4580feaa3:   and    $0x4,%ecx
  0x000077b4580feaa6:   test   %ecx,%ecx
  0x000077b4580feaa8:   movabs $0x77b4140af678,%rcx         ;   {metadata(method data for {method} {0x0000000046227e98} &apos;has&apos; &apos;(I)Z&apos; in &apos;java/util/regex/Pattern&apos;)}
  0x000077b4580feab2:   mov    $0xd8,%r9d
  0x000077b4580feab8:   je     0x000077b4580feac0
  0x000077b4580feaba:   mov    $0xe8,%r9d
  0x000077b4580feac0:   mov    (%rcx,%r9,1),%r11
  0x000077b4580feac4:   lea    0x1(%r11),%r11
  0x000077b4580feac8:   mov    %r11,(%rcx,%r9,1)
  0x000077b4580feacc:   je     0x000077b4580feaec           ;*ifeq {reexecute=0 rethrow=0 return_oop=0}
                                                            ; - java.util.regex.Pattern::has@6 (line 2045)
                                                            ; - java.util.regex.Pattern::peek@12 (line 2072)
                                                            ; - java.util.regex.Pattern::expr@124 (line 2280)
  0x000077b4580fead2:   movabs $0x77b4140af678,%rcx         ;   {metadata(method data for {method} {0x0000000046227e98} &apos;has&apos; &apos;(I)Z&apos; in &apos;java/util/regex/Pattern&apos;)}
  0x000077b4580feadc:   incl   0xf8(%rcx)
  0x000077b4580feae2:   mov    $0x1,%ecx
  0x000077b4580feae7:   jmp    0x000077b4580feaf1           ;*goto {reexecute=0 rethrow=0 return_oop=0}
                                                            ; - java.util.regex.Pattern::has@10 (line 2045)
                                                            ; - java.util.regex.Pattern::peek@12 (line 2072)
                                                            ; - java.util.regex.Pattern::expr@124 (line 2280)
  0x000077b4580feaec:   mov    $0x0,%ecx                    ;*ireturn {reexecute=0 rethrow=0 return_oop=0}
                                                            ; - java.util.regex.Pattern::has@14 (line 2045)
                                                            ; - java.util.regex.Pattern::peek@12 (line 2072)
                                                            ; - java.util.regex.Pattern::expr@124 (line 2280)
  0x000077b4580feaf1:   and    $0x1,%ecx
  0x000077b4580feaf4:   test   %ecx,%ecx
  0x000077b4580feaf6:   movabs $0x77b4140c1000,%rcx         ;   {metadata(method data for {method} {0x0000000046227ad0} &apos;peek&apos; &apos;()I&apos; in &apos;java/util/regex/Pattern&apos;)}
  0x000077b4580feb00:   mov    $0x108,%r9d
  0x000077b4580feb06:   je     0x000077b4580feb0e
  0x000077b4580feb08:   mov    $0x118,%r9d
  0x000077b4580feb0e:   mov    (%rcx,%r9,1),%r11
  0x000077b4580feb12:   lea    0x1(%r11),%r11
  0x000077b4580feb16:   mov    %r11,(%rcx,%r9,1)
  0x000077b4580feb1a:   mov    %rdi,0xa0(%rsp)
  0x000077b4580feb22:   mov    %rax,0xa8(%rsp)
  0x000077b4580feb2a:   mov    %r8,0xb0(%rsp)
  0x000077b4580feb32:   mov    %rbx,0xb8(%rsp)
  0x000077b4580feb3a:   je     0x000077b4580feb6f           ;*ifeq {reexecute=0 rethrow=0 return_oop=0}
                                                            ; - java.util.regex.Pattern::peek@15 (line 2072)
                                                            ; - java.util.regex.Pattern::expr@124 (line 2280)
  0x000077b4580feb40:   mov    %rsi,%rcx
  0x000077b4580feb43:   movabs $0x77b4140c1000,%r9          ;   {metadata(method data for {method} {0x0000000046227ad0} &apos;peek&apos; &apos;()I&apos; in &apos;java/util/regex/Pattern&apos;)}
  0x000077b4580feb4d:   addq   $0x1,0x128(%r9)
  0x000077b4580feb55:   mov    %rsi,%rcx
  0x000077b4580feb58:   mov    %rcx,%rsi                    ;*invokevirtual peekPastWhitespace {reexecute=0 rethrow=0 return_oop=0}
                                                            ; - java.util.regex.Pattern::peek@20 (line 2073)
                                                            ; - java.util.regex.Pattern::expr@124 (line 2280)
  0x000077b4580feb5b:   nopl   0x0(%rax)
  0x000077b4580feb5f:   call   0x000077b45f4ad9e0           ; ImmutableOopMap {[96]=Oop [128]=Oop [160]=Oop [168]=Oop [176]=Oop [184]=Oop }
                                                            ;*invokevirtual peekPastWhitespace {reexecute=0 rethrow=0 return_oop=0}
                                                            ; - java.util.regex.Pattern::peek@20 (line 2073)
                                                            ; - java.util.regex.Pattern::expr@124 (line 2280)
                                                            ;   {optimized virtual_call}
  0x000077b4580feb64:   nopl   0x300085c(%rax,%rax,1)       ;*invokevirtual peekPastWhitespace {reexecute=0 rethrow=0 return_oop=0}
                                                            ; - java.util.regex.Pattern::peek@20 (line 2073)
                                                            ; - java.util.regex.Pattern::expr@124 (line 2280)
                                                            ;   {post_call_nop}
  0x000077b4580feb6c:   mov    %rax,%rdx                    ;*iload_1 {reexecute=0 rethrow=0 return_oop=0}
                                                            ; - java.util.regex.Pattern::peek@24 (line 2074)
                                                            ; - java.util.regex.Pattern::expr@124 (line 2280)
  0x000077b4580feb6f:   cmp    $0x7c,%edx
  0x000077b4580feb72:   movabs $0x77b4146ab638,%rsi         ;   {metadata(method data for {method} {0x0000000046227ef0} &apos;expr&apos; &apos;(Ljava/util/regex/Pattern$Node;)Ljava/util/regex/Pattern$Node;&apos; in &apos;java/util/regex/Pattern&apos;)}
  0x000077b4580feb7c:   mov    $0x298,%edi
  0x000077b4580feb81:   jne    0x000077b4580feb88
  0x000077b4580feb83:   mov    $0x288,%edi
  0x000077b4580feb88:   mov    (%rsi,%rdi,1),%rbx
  0x000077b4580feb8c:   lea    0x1(%rbx),%rbx
  0x000077b4580feb90:   mov    %rbx,(%rsi,%rdi,1)
  0x000077b4580feb94:   jne    0x000077b4580fec4b           ;*if_icmpeq {reexecute=0 rethrow=0 return_oop=0}
                                                            ; - java.util.regex.Pattern::expr@129 (line 2280)
  0x000077b4580feb9a:   mov    0x60(%rsp),%rsi
  0x000077b4580feb9f:   movabs $0x77b4146ab638,%rbx         ;   {metadata(method data for {method} {0x0000000046227ef0} &apos;expr&apos; &apos;(Ljava/util/regex/Pattern$Node;)Ljava/util/regex/Pattern$Node;&apos; in &apos;java/util/regex/Pattern&apos;)}
  0x000077b4580feba9:   addq   $0x1,0x2a8(%rbx)
  0x000077b4580febb1:   mov    0x60(%rsp),%rsi              ;*invokevirtual next {reexecute=0 rethrow=0 return_oop=0}
                                                            ; - java.util.regex.Pattern::expr@135 (line 2283)
  0x000077b4580febb6:   nop
  0x000077b4580febb7:   call   0x000077b45f4ad9e0           ; ImmutableOopMap {[96]=Oop [128]=Oop [160]=Oop [168]=Oop [176]=Oop [184]=Oop }
                                                            ;*invokevirtual next {reexecute=0 rethrow=0 return_oop=0}
                                                            ; - java.util.regex.Pattern::expr@135 (line 2283)
                                                            ;   {optimized virtual_call}
  0x000077b4580febbc:   nopl   0x40008b4(%rax,%rax,1)       ;*invokevirtual next {reexecute=0 rethrow=0 return_oop=0}
                                                            ; - java.util.regex.Pattern::expr@135 (line 2283)
                                                            ;   {post_call_nop}
  0x000077b4580febc4:   movabs $0x77b4146ab638,%rax         ;   {metadata(method data for {method} {0x0000000046227ef0} &apos;expr&apos; &apos;(Ljava/util/regex/Pattern$Node;)Ljava/util/regex/Pattern$Node;&apos; in &apos;java/util/regex/Pattern&apos;)}
  0x000077b4580febce:   mov    0x94(%rax),%esi
  0x000077b4580febd4:   add    $0x2,%esi
  0x000077b4580febd7:   mov    %esi,0x94(%rax)
  0x000077b4580febdd:   and    $0x3ffe,%esi
  0x000077b4580febe3:   test   %esi,%esi
  0x000077b4580febe5:   je     0x000077b4580fede9           ;*goto {reexecute=0 rethrow=0 return_oop=0}
                                                            ; - java.util.regex.Pattern::expr@139 (line 2284)
  0x000077b4580febeb:   mov    0x30(%r15),%r10              ; ImmutableOopMap {[96]=Oop [128]=Oop [160]=Oop [168]=Oop [176]=Oop [184]=Oop }
                                                            ;*goto {reexecute=1 rethrow=0 return_oop=0}
                                                            ; - (reexecute) java.util.regex.Pattern::expr@139 (line 2284)
  0x000077b4580febef:   test   %eax,(%r10)                  ;   {poll}
  0x000077b4580febf2:   movabs $0x77b4146ab638,%rax         ;   {metadata(method data for {method} {0x0000000046227ef0} &apos;expr&apos; &apos;(Ljava/util/regex/Pattern$Node;)Ljava/util/regex/Pattern$Node;&apos; in &apos;java/util/regex/Pattern&apos;)}
  0x000077b4580febfc:   incl   0x2d8(%rax)
  0x000077b4580fec02:   mov    0xa0(%rsp),%rdi
  0x000077b4580fec0a:   mov    0xa8(%rsp),%rbx
  0x000077b4580fec12:   mov    0xb0(%rsp),%rax
  0x000077b4580fec1a:   mov    0xb8(%rsp),%rcx
  0x000077b4580fec22:   mov    %rdi,0x70(%rsp)
  0x000077b4580fec27:   mov    %rbx,0x78(%rsp)
  0x000077b4580fec2c:   mov    %rax,0x88(%rsp)
  0x000077b4580fec34:   mov    %rcx,0x68(%rsp)
  0x000077b4580fec39:   mov    0x80(%rsp),%rdx
  0x000077b4580fec41:   mov    0x60(%rsp),%rsi
  0x000077b4580fec46:   jmp    0x000077b4580fe4b8           ;*goto {reexecute=0 rethrow=0 return_oop=0}
                                                            ; - java.util.regex.Pattern::expr@139 (line 2284)
  0x000077b4580fec4b:   mov    0xb8(%rsp),%rbx
  0x000077b4580fec53:   mov    %rbx,%rax
  0x000077b4580fec56:   add    $0xd0,%rsp
  0x000077b4580fec5d:   pop    %rbp
  0x000077b4580fec5e:   cmp    0x28(%r15),%rsp              ;   {poll_return}
  0x000077b4580fec62:   ja     0x000077b4580fee0a
  0x000077b4580fec68:   ret    
  0x000077b4580fec69:   movabs $0x46227ef0,%r10             ;   {metadata({method} {0x0000000046227ef0} &apos;expr&apos; &apos;(Ljava/util/regex/Pattern$Node;)Ljava/util/regex/Pattern$Node;&apos; in &apos;java/util/regex/Pattern&apos;)}
  0x000077b4580fec73:   mov    %r10,0x8(%rsp)
  0x000077b4580fec78:   movq   $0xffffffffffffffff,(%rsp)
  0x000077b4580fec80:   call   0x000077b45f582fe0           ; ImmutableOopMap {rsi=Oop rdx=Oop [96]=Oop [128]=Oop }
                                                            ;*synchronization entry
                                                            ; - java.util.regex.Pattern::expr@-1 (line 2241)
                                                            ;   {runtime_call counter_overflow_blob (C1 runtime)}
  0x000077b4580fec85:   jmp    0x000077b4580fe473
  0x000077b4580fec8a:   mov    %rdx,%rdx
  0x000077b4580fec8d:   call   0x000077b45f57d3e0           ; ImmutableOopMap {r8=Oop rbx=Oop r9=Oop r11=Oop [96]=Oop [120]=Oop [128]=Oop [136]=Oop }
                                                            ;*new {reexecute=0 rethrow=0 return_oop=0}
                                                            ; - java.util.regex.Pattern::expr@41 (line 2255)
                                                            ;   {runtime_call fast_new_instance_blob (C1 runtime)}
  0x000077b4580fec92:   jmp    0x000077b4580fe5e1
  0x000077b4580fec97:   movabs $0x4640ec70,%r10             ;   {metadata({method} {0x000000004640ec70} &apos;&lt;init&gt;&apos; &apos;()V&apos; in &apos;java/util/regex/Pattern$BranchConn&apos;)}
  0x000077b4580feca1:   mov    %r10,0x8(%rsp)
  0x000077b4580feca6:   movq   $0xffffffffffffffff,(%rsp)
  0x000077b4580fecae:   call   0x000077b45f582fe0           ; ImmutableOopMap {r8=Oop rbx=Oop r9=Oop r11=Oop rax=Oop [96]=Oop [120]=Oop [128]=Oop [136]=Oop }
                                                            ;*synchronization entry
                                                            ; - java.util.regex.Pattern$BranchConn::&lt;init&gt;@-1 (line 4880)
                                                            ; - java.util.regex.Pattern::expr@45 (line 2255)
                                                            ;   {runtime_call counter_overflow_blob (C1 runtime)}
  0x000077b4580fecb3:   jmp    0x000077b4580fe61d
  0x000077b4580fecb8:   movabs $0x4640d270,%r10             ;   {metadata({method} {0x000000004640d270} &apos;&lt;init&gt;&apos; &apos;()V&apos; in &apos;java/util/regex/Pattern$Node&apos;)}
  0x000077b4580fecc2:   mov    %r10,0x8(%rsp)
  0x000077b4580fecc7:   movq   $0xffffffffffffffff,(%rsp)
  0x000077b4580feccf:   call   0x000077b45f582fe0           ; ImmutableOopMap {r8=Oop rbx=Oop r9=Oop r11=Oop rax=Oop [96]=Oop [120]=Oop [128]=Oop [136]=Oop }
                                                            ;*synchronization entry
                                                            ; - java.util.regex.Pattern$Node::&lt;init&gt;@-1 (line 3733)
                                                            ; - java.util.regex.Pattern$BranchConn::&lt;init&gt;@1 (line 4880)
                                                            ; - java.util.regex.Pattern::expr@45 (line 2255)
                                                            ;   {runtime_call counter_overflow_blob (C1 runtime)}
  0x000077b4580fecd4:   jmp    0x000077b4580fe659
  0x000077b4580fecd9:   movabs $0x464a6d78,%r10             ;   {metadata({method} {0x00000000464a6d78} &apos;&lt;init&gt;&apos; &apos;()V&apos; in &apos;java/lang/Object&apos;)}
  0x000077b4580fece3:   mov    %r10,0x8(%rsp)
  0x000077b4580fece8:   movq   $0xffffffffffffffff,(%rsp)
  0x000077b4580fecf0:   call   0x000077b45f582fe0           ; ImmutableOopMap {r8=Oop rbx=Oop r9=Oop r11=Oop rax=Oop [96]=Oop [120]=Oop [128]=Oop [136]=Oop }
                                                            ;*synchronization entry
                                                            ; - java.lang.Object::&lt;init&gt;@-1 (line 46)
                                                            ; - java.util.regex.Pattern$Node::&lt;init&gt;@1 (line 3733)
                                                            ; - java.util.regex.Pattern$BranchConn::&lt;init&gt;@1 (line 4880)
                                                            ; - java.util.regex.Pattern::expr@45 (line 2255)
                                                            ;   {runtime_call counter_overflow_blob (C1 runtime)}
  0x000077b4580fecf5:   jmp    0x000077b4580fe695
  0x000077b4580fecfa:   mov    0xc(%rax),%edx
  0x000077b4580fecfd:   shl    $0x3,%rdx
  0x000077b4580fed01:   test   %rdx,%rdx
  0x000077b4580fed04:   je     0x000077b4580fe6a2
  0x000077b4580fed0a:   mov    %rdx,(%rsp)
  0x000077b4580fed0e:   call   0x000077b45f583a60           ;   {runtime_call g1_pre_barrier_slow}
  0x000077b4580fed13:   jmp    0x000077b4580fe6a2
  0x000077b4580fed18:   mov    0xc(%rax),%edx
  0x000077b4580fed1b:   shl    $0x3,%rdx
  0x000077b4580fed1f:   test   %rdx,%rdx
  0x000077b4580fed22:   je     0x000077b4580fe6ef
  0x000077b4580fed28:   mov    %rdx,(%rsp)
  0x000077b4580fed2c:   call   0x000077b45f583a60           ;   {runtime_call g1_pre_barrier_slow}
  0x000077b4580fed31:   jmp    0x000077b4580fe6ef
  0x000077b4580fed36:   mov    0xc(%r8),%edx                ; implicit exception: dispatches to 0x000077b4580fee20
  0x000077b4580fed3a:   shl    $0x3,%rdx
  0x000077b4580fed3e:   test   %rdx,%rdx
  0x000077b4580fed41:   je     0x000077b4580fe778
  0x000077b4580fed47:   mov    %rdx,(%rsp)
  0x000077b4580fed4b:   call   0x000077b45f583a60           ;   {runtime_call g1_pre_barrier_slow}
  0x000077b4580fed50:   jmp    0x000077b4580fe778
  0x000077b4580fed55:   call   0x000077b45f57c660           ; ImmutableOopMap {r9=Oop r11=Oop rdi=Oop r8=Oop rbx=Oop [96]=Oop [120]=Oop [128]=Oop [136]=Oop }
                                                            ;*putfield next {reexecute=1 rethrow=0 return_oop=0}
                                                            ; - (reexecute) java.util.regex.Pattern::expr@72 (line 2265)
                                                            ;   {runtime_call throw_null_pointer_exception_blob (C1 runtime)}
  0x000077b4580fed5a:   call   0x000077b45f57c660           ; ImmutableOopMap {rbx=Oop rax=Oop [96]=Oop [104]=Oop [128]=Oop [136]=Oop [144]=Oop }
                                                            ;*invokevirtual add {reexecute=0 rethrow=0 return_oop=0}
                                                            ; - java.util.regex.Pattern::expr@85 (line 2268)
                                                            ;   {runtime_call throw_null_pointer_exception_blob (C1 runtime)}
  0x000077b4580fed5f:   mov    0xc(%rax),%esi               ; implicit exception: dispatches to 0x000077b4580fee25
  0x000077b4580fed62:   shl    $0x3,%rsi
  0x000077b4580fed66:   test   %rsi,%rsi
  0x000077b4580fed69:   je     0x000077b4580fe915
  0x000077b4580fed6f:   mov    %rsi,(%rsp)
  0x000077b4580fed73:   call   0x000077b45f583a60           ;   {runtime_call g1_pre_barrier_slow}
  0x000077b4580fed78:   jmp    0x000077b4580fe915
  0x000077b4580fed7d:   call   0x000077b45f57c660           ; ImmutableOopMap {rdx=Oop rbx=Oop rdi=Oop rax=Oop rcx=Oop [96]=Oop [128]=Oop }
                                                            ;*putfield next {reexecute=1 rethrow=0 return_oop=0}
                                                            ; - (reexecute) java.util.regex.Pattern::expr@104 (line 2275)
                                                            ;   {runtime_call throw_null_pointer_exception_blob (C1 runtime)}
  0x000077b4580fed82:   mov    %rdx,%rdx
  0x000077b4580fed85:   call   0x000077b45f57d3e0           ; ImmutableOopMap {rbx=Oop r8=Oop r11=Oop [96]=Oop [128]=Oop [136]=Oop }
                                                            ;*new {reexecute=0 rethrow=0 return_oop=0}
                                                            ; - java.util.regex.Pattern::expr@107 (line 2277)
                                                            ;   {runtime_call fast_new_instance_blob (C1 runtime)}
  0x000077b4580fed8a:   jmp    0x000077b4580fe9a4
  0x000077b4580fed8f:   movabs $0x46227ad0,%r10             ;   {metadata({method} {0x0000000046227ad0} &apos;peek&apos; &apos;()I&apos; in &apos;java/util/regex/Pattern&apos;)}
  0x000077b4580fed99:   mov    %r10,0x8(%rsp)
  0x000077b4580fed9e:   movq   $0xffffffffffffffff,(%rsp)
  0x000077b4580feda6:   call   0x000077b45f582fe0           ; ImmutableOopMap {rdi=Oop r8=Oop rax=Oop rbx=Oop rsi=Oop [96]=Oop [128]=Oop }
                                                            ;*synchronization entry
                                                            ; - java.util.regex.Pattern::peek@-1 (line 2071)
                                                            ; - java.util.regex.Pattern::expr@124 (line 2280)
                                                            ;   {runtime_call counter_overflow_blob (C1 runtime)}
  0x000077b4580fedab:   jmp    0x000077b4580fea45
  0x000077b4580fedb0:   call   0x000077b45f57c660           ; ImmutableOopMap {rdi=Oop r8=Oop rax=Oop rbx=Oop rsi=Oop rdx=Oop [96]=Oop [128]=Oop }
                                                            ;*iaload {reexecute=0 rethrow=0 return_oop=0}
                                                            ; - java.util.regex.Pattern::peek@8 (line 2071)
                                                            ; - java.util.regex.Pattern::expr@124 (line 2280)
                                                            ;   {runtime_call throw_null_pointer_exception_blob (C1 runtime)}
  0x000077b4580fedb5:   call   0x000077b45f57c660           ; ImmutableOopMap {rdi=Oop r8=Oop rax=Oop rbx=Oop rsi=Oop rdx=Oop [96]=Oop [128]=Oop }
                                                            ;*iaload {reexecute=0 rethrow=0 return_oop=0}
                                                            ; - java.util.regex.Pattern::peek@8 (line 2071)
                                                            ; - java.util.regex.Pattern::expr@124 (line 2280)
                                                            ;   {runtime_call throw_null_pointer_exception_blob (C1 runtime)}
  0x000077b4580fedba:   mov    %rcx,(%rsp)
  0x000077b4580fedbe:   mov    %rdx,0x8(%rsp)
  0x000077b4580fedc3:   call   0x000077b45f57bd60           ; ImmutableOopMap {rdi=Oop r8=Oop rax=Oop rbx=Oop rsi=Oop rdx=Oop [96]=Oop [128]=Oop }
                                                            ;*iaload {reexecute=0 rethrow=0 return_oop=0}
                                                            ; - java.util.regex.Pattern::peek@8 (line 2071)
                                                            ; - java.util.regex.Pattern::expr@124 (line 2280)
                                                            ;   {runtime_call throw_range_check_failed_blob (C1 runtime)}
  0x000077b4580fedc8:   movabs $0x46227e98,%r10             ;   {metadata({method} {0x0000000046227e98} &apos;has&apos; &apos;(I)Z&apos; in &apos;java/util/regex/Pattern&apos;)}
  0x000077b4580fedd2:   mov    %r10,0x8(%rsp)
  0x000077b4580fedd7:   movq   $0xffffffffffffffff,(%rsp)
  0x000077b4580feddf:   call   0x000077b45f582fe0           ; ImmutableOopMap {rdi=Oop r8=Oop rax=Oop rbx=Oop rsi=Oop [96]=Oop [128]=Oop }
                                                            ;*synchronization entry
                                                            ; - java.util.regex.Pattern::has@-1 (line 2045)
                                                            ; - java.util.regex.Pattern::peek@12 (line 2072)
                                                            ; - java.util.regex.Pattern::expr@124 (line 2280)
                                                            ;   {runtime_call counter_overflow_blob (C1 runtime)}
  0x000077b4580fede4:   jmp    0x000077b4580feaa0
  0x000077b4580fede9:   movabs $0x46227ef0,%r10             ;   {metadata({method} {0x0000000046227ef0} &apos;expr&apos; &apos;(Ljava/util/regex/Pattern$Node;)Ljava/util/regex/Pattern$Node;&apos; in &apos;java/util/regex/Pattern&apos;)}
  0x000077b4580fedf3:   mov    %r10,0x8(%rsp)
  0x000077b4580fedf8:   movq   $0x8b,(%rsp)
  0x000077b4580fee00:   call   0x000077b45f582fe0           ; ImmutableOopMap {[96]=Oop [128]=Oop [160]=Oop [168]=Oop [176]=Oop [184]=Oop }
                                                            ;*goto {reexecute=1 rethrow=0 return_oop=0}
                                                            ; - (reexecute) java.util.regex.Pattern::expr@139 (line 2284)
                                                            ;   {runtime_call counter_overflow_blob (C1 runtime)}
  0x000077b4580fee05:   jmp    0x000077b4580febeb
  0x000077b4580fee0a:   movabs $0x77b4580fec5e,%r10         ;   {internal_word}
  0x000077b4580fee14:   mov    %r10,0x510(%r15)
  0x000077b4580fee1b:   jmp    0x000077b45f4afb60           ;   {runtime_call SafepointBlob}
  0x000077b4580fee20:   call   0x000077b45f57c660           ; ImmutableOopMap {r9=Oop r11=Oop rdi=Oop r8=Oop rbx=Oop [96]=Oop [120]=Oop [128]=Oop [136]=Oop }
                                                            ;*putfield next {reexecute=1 rethrow=0 return_oop=0}
                                                            ; - (reexecute) java.util.regex.Pattern::expr@72 (line 2265)
                                                            ;   {runtime_call throw_null_pointer_exception_blob (C1 runtime)}
  0x000077b4580fee25:   call   0x000077b45f57c660           ; ImmutableOopMap {rdx=Oop rbx=Oop rdi=Oop rax=Oop rcx=Oop [96]=Oop [128]=Oop }
                                                            ;*putfield next {reexecute=1 rethrow=0 return_oop=0}
                                                            ; - (reexecute) java.util.regex.Pattern::expr@104 (line 2275)
                                                            ;   {runtime_call throw_null_pointer_exception_blob (C1 runtime)}
  0x000077b4580fee2a:   mov    0x5c0(%r15),%rax
  0x000077b4580fee31:   movq   $0x0,0x5c0(%r15)
  0x000077b4580fee3c:   movq   $0x0,0x5c8(%r15)
  0x000077b4580fee47:   add    $0xd0,%rsp
  0x000077b4580fee4e:   pop    %rbp
  0x000077b4580fee4f:   jmp    0x000077b45f57b760           ;   {runtime_call unwind_exception_blob (C1 runtime)}
  0x000077b4580fee54:   hlt    
  0x000077b4580fee55:   hlt    
  0x000077b4580fee56:   hlt    
  0x000077b4580fee57:   hlt    
[Stub Code]
  0x000077b4580fee58:   movabs $0x0,%rbx                    ;   {static_stub}
  0x000077b4580fee62:   jmp    0x000077b4580fee62           ;   {runtime_call nmethod}
  0x000077b4580fee67:   movabs $0x0,%rbx                    ;   {static_stub}
  0x000077b4580fee71:   jmp    0x000077b4580fee71           ;   {runtime_call nmethod}
  0x000077b4580fee76:   movabs $0x0,%rbx                    ;   {static_stub}
  0x000077b4580fee80:   jmp    0x000077b4580fee80           ;   {runtime_call nmethod}
  0x000077b4580fee85:   movabs $0x0,%rbx                    ;   {static_stub}
  0x000077b4580fee8f:   jmp    0x000077b4580fee8f           ;   {runtime_call nmethod}
  0x000077b4580fee94:   movabs $0x0,%rbx                    ;   {static_stub}
  0x000077b4580fee9e:   jmp    0x000077b4580fee9e           ;   {runtime_call nmethod}
[Exception Handler]
  0x000077b4580feea3:   call   0x000077b45f57ede0           ;   {runtime_call handle_exception_from_callee_blob (C1 runtime)}
  0x000077b4580feea8:   movabs $0x77b478d3aec4,%rdi         ;   {external_word}
  0x000077b4580feeb2:   and    $0xfffffffffffffff0,%rsp
  0x000077b4580feeb6:   call   0x000077b478791cc0           ;   {runtime_call MacroAssembler::debug64(char*, long, long*)}
  0x000077b4580feebb:   hlt    
  0x000077b4580feebc:   call   0x000077b45f4afe60           ;   {runtime_call DeoptimizationBlob}
[Deopt Handler Entry Point]
  0x000077b4580feec1:   jmp    0x000077b4580feebc
  0x000077b4580feec3:   hlt    
  0x000077b4580feec4:   hlt    
  0x000077b4580feec5:   hlt    
  0x000077b4580feec6:   hlt    
  0x000077b4580feec7:   hlt    
--------------------------------------------------------------------------------
[/Disassembly]
