
============================= C1-compiled nmethod ==============================
----------------------------------- Assembly -----------------------------------

Compiled method (c1) 30534 1385       3       java.nio.HeapByteBuffer::get (14 bytes)
 total in heap  [0x000077b4580ff988,0x000077b4580ffdd8] = 1104
 main code      [0x000077b4580ffa80,0x000077b4580ffda0] = 800
 stub code      [0x000077b4580ffda0,0x000077b4580ffdd8] = 56
 mutable data [0x000077b3e85612c0,0x000077b3e8561338] = 120
 relocation     [0x000077b3e85612c0,0x000077b3e8561318] = 88
 metadata       [0x000077b3e8561318,0x000077b3e8561338] = 32
 immutable data [0x000077b3e8561060,0x000077b3e85612b4] = 596
 dependencies   [0x000077b3e8561060,0x000077b3e8561070] = 16
 nul chk table  [0x000077b3e8561070,0x000077b3e8561088] = 24
 scopes pcs     [0x000077b3e8561088,0x000077b3e85611f8] = 368
 scopes data    [0x000077b3e85611f8,0x000077b3e85612b0] = 184

[Disassembly]
--------------------------------------------------------------------------------
[Constant Pool (empty)]

--------------------------------------------------------------------------------

[Instructions begin]
  0x000077b4580ffa80:   data16 data16 nopw 0x0(%rax,%rax,1)
  0x000077b4580ffa8b:   data16 data16 xchg %ax,%ax
  0x000077b4580ffa8f:   data16 xchg %ax,%ax
[Entry Point]
  # {method} {0x00000000462e7cb0} &apos;get&apos; &apos;()B&apos; in &apos;java/nio/HeapByteBuffer&apos;
  #           [sp+0x70]  (sp of caller)
  0x000077b4580ffa92:   mov    0x8(%rsi),%r10d
  0x000077b4580ffa96:   cmp    0x8(%rax),%r10d
  0x000077b4580ffa9a:   jne    0x000077b45f4ad6e0           ;   {runtime_call ic_miss_blob (shared runtime)}
[Verified Entry Point]
  0x000077b4580ffaa0:   mov    %eax,-0x14000(%rsp)
  0x000077b4580ffaa7:   push   %rbp
  0x000077b4580ffaa8:   sub    $0x60,%rsp
  0x000077b4580ffaac:   cmpl   $0x1,0x20(%r15)
  0x000077b4580ffab4:   je     0x000077b4580ffabb
  0x000077b4580ffab6:   call   Stub::method_entry_barrier_stub (stub gen)
                                                            ;   {runtime_call Stub::method_entry_barrier_stub (stub gen)}
  0x000077b4580ffabb:   movabs $0x77b4146acd20,%rax         ;   {metadata(method data for {method} {0x00000000462e7cb0} &apos;get&apos; &apos;()B&apos; in &apos;java/nio/HeapByteBuffer&apos;)}
  0x000077b4580ffac5:   mov    0x90(%rax),%edx
  0x000077b4580ffacb:   add    $0x2,%edx
  0x000077b4580fface:   mov    %edx,0x90(%rax)
  0x000077b4580ffad4:   and    $0x7fe,%edx
  0x000077b4580ffada:   test   %edx,%edx
  0x000077b4580ffadc:   je     0x000077b4580ffcbe           ;*aload_0 {reexecute=0 rethrow=0 return_oop=0}
                                                            ; - java.nio.HeapByteBuffer::get@0 (line 176)
  0x000077b4580ffae2:   mov    0x28(%rsi),%edi
  0x000077b4580ffae5:   shl    $0x3,%rdi                    ;*getfield hb {reexecute=0 rethrow=0 return_oop=0}
                                                            ; - java.nio.HeapByteBuffer::get@1 (line 176)
  0x000077b4580ffae9:   mov    %rsi,%rax
  0x000077b4580ffaec:   movabs $0x77b4146acd20,%rdx         ;   {metadata(method data for {method} {0x00000000462e7cb0} &apos;get&apos; &apos;()B&apos; in &apos;java/nio/HeapByteBuffer&apos;)}
  0x000077b4580ffaf6:   mov    0x8(%rax),%eax
  0x000077b4580ffaf9:   mov    $0x46000000,%r10d
  0x000077b4580ffaff:   add    %r10,%rax
  0x000077b4580ffb02:   mov    $0x1c,%r10d
  0x000077b4580ffb08:   cmp    (%rdx,%r10,8),%rax
  0x000077b4580ffb0c:   je     0x000077b4580ffb4b
  0x000077b4580ffb0e:   add    $0x2,%r10
  0x000077b4580ffb12:   cmp    $0x20,%r10
  0x000077b4580ffb16:   jne    0x000077b4580ffb08
  0x000077b4580ffb18:   mov    $0x1c,%r10d
  0x000077b4580ffb1e:   cmpq   $0x0,(%rdx,%r10,8)
  0x000077b4580ffb23:   je     0x000077b4580ffb31
  0x000077b4580ffb25:   add    $0x2,%r10
  0x000077b4580ffb29:   cmp    $0x20,%r10
  0x000077b4580ffb2d:   jne    0x000077b4580ffb1e
  0x000077b4580ffb2f:   jmp    0x000077b4580ffb43
  0x000077b4580ffb31:   push   %rbx
  0x000077b4580ffb32:   mov    %rax,%rbx
  0x000077b4580ffb35:   xor    %rax,%rax
  0x000077b4580ffb38:   cmpxchg %rbx,(%rdx,%r10,8)
  0x000077b4580ffb3d:   mov    %rbx,%rax
  0x000077b4580ffb40:   pop    %rbx
  0x000077b4580ffb41:   jmp    0x000077b4580ffb02
  0x000077b4580ffb43:   mov    $0x1b,%r10d
  0x000077b4580ffb49:   jmp    0x000077b4580ffb4f
  0x000077b4580ffb4b:   add    $0x1,%r10
  0x000077b4580ffb4f:   addq   $0x1,(%rdx,%r10,8)
  0x000077b4580ffb54:   movabs $0x77b4146ace98,%rax         ;   {metadata(method data for {method} {0x00000000461c1248} &apos;nextGetIndex&apos; &apos;()I&apos; in &apos;java/nio/Buffer&apos;)}
  0x000077b4580ffb5e:   mov    0x90(%rax),%edx
  0x000077b4580ffb64:   add    $0x2,%edx
  0x000077b4580ffb67:   mov    %edx,0x90(%rax)
  0x000077b4580ffb6d:   and    $0x1ffffe,%edx
  0x000077b4580ffb73:   test   %edx,%edx
  0x000077b4580ffb75:   je     0x000077b4580ffcdf
  0x000077b4580ffb7b:   mov    0x18(%rsi),%eax              ;*getfield position {reexecute=0 rethrow=0 return_oop=0}
                                                            ; - java.nio.Buffer::nextGetIndex@1 (line 710)
                                                            ; - java.nio.HeapByteBuffer::get@6 (line 176)
  0x000077b4580ffb7e:   mov    0x1c(%rsi),%edx              ;*getfield limit {reexecute=0 rethrow=0 return_oop=0}
                                                            ; - java.nio.Buffer::nextGetIndex@7 (line 711)
                                                            ; - java.nio.HeapByteBuffer::get@6 (line 176)
  0x000077b4580ffb81:   cmp    %edx,%eax
  0x000077b4580ffb83:   movabs $0x77b4146ace98,%rdx         ;   {metadata(method data for {method} {0x00000000461c1248} &apos;nextGetIndex&apos; &apos;()I&apos; in &apos;java/nio/Buffer&apos;)}
  0x000077b4580ffb8d:   mov    $0xe8,%ebx
  0x000077b4580ffb92:   jge    0x000077b4580ffb99
  0x000077b4580ffb94:   mov    $0xd8,%ebx
  0x000077b4580ffb99:   mov    (%rdx,%rbx,1),%rcx
  0x000077b4580ffb9d:   lea    0x1(%rcx),%rcx
  0x000077b4580ffba1:   mov    %rcx,(%rdx,%rbx,1)
  0x000077b4580ffba5:   jge    0x000077b4580ffc69           ;*if_icmplt {reexecute=0 rethrow=0 return_oop=0}
                                                            ; - java.nio.Buffer::nextGetIndex@10 (line 711)
                                                            ; - java.nio.HeapByteBuffer::get@6 (line 176)
  0x000077b4580ffbab:   mov    %rax,%rdx
  0x000077b4580ffbae:   inc    %edx
  0x000077b4580ffbb0:   mov    %edx,0x18(%rsi)              ;*putfield position {reexecute=0 rethrow=0 return_oop=0}
                                                            ; - java.nio.Buffer::nextGetIndex@25 (line 713)
                                                            ; - java.nio.HeapByteBuffer::get@6 (line 176)
  0x000077b4580ffbb3:   mov    %rsi,%rdx
  0x000077b4580ffbb6:   movabs $0x77b4146acd20,%rbx         ;   {metadata(method data for {method} {0x00000000462e7cb0} &apos;get&apos; &apos;()B&apos; in &apos;java/nio/HeapByteBuffer&apos;)}
  0x000077b4580ffbc0:   movabs $0x462e6910,%rdx             ;   {metadata(&apos;java/nio/HeapByteBuffer&apos;)}
  0x000077b4580ffbca:   mov    $0x22,%r10d
  0x000077b4580ffbd0:   cmp    (%rbx,%r10,8),%rdx
  0x000077b4580ffbd4:   je     0x000077b4580ffc0d
  0x000077b4580ffbd6:   add    $0x2,%r10
  0x000077b4580ffbda:   cmp    $0x26,%r10
  0x000077b4580ffbde:   jne    0x000077b4580ffbd0
  0x000077b4580ffbe0:   mov    $0x22,%r10d
  0x000077b4580ffbe6:   cmpq   $0x0,(%rbx,%r10,8)
  0x000077b4580ffbeb:   je     0x000077b4580ffbf9
  0x000077b4580ffbed:   add    $0x2,%r10
  0x000077b4580ffbf1:   cmp    $0x26,%r10
  0x000077b4580ffbf5:   jne    0x000077b4580ffbe6
  0x000077b4580ffbf7:   jmp    0x000077b4580ffc05
  0x000077b4580ffbf9:   push   %rax
  0x000077b4580ffbfa:   xor    %rax,%rax
  0x000077b4580ffbfd:   cmpxchg %rdx,(%rbx,%r10,8)
  0x000077b4580ffc02:   pop    %rax
  0x000077b4580ffc03:   jmp    0x000077b4580ffbca
  0x000077b4580ffc05:   mov    $0x21,%r10d
  0x000077b4580ffc0b:   jmp    0x000077b4580ffc11
  0x000077b4580ffc0d:   add    $0x1,%r10
  0x000077b4580ffc11:   addq   $0x1,(%rbx,%r10,8)
  0x000077b4580ffc16:   movabs $0x77b4146acfd0,%rdx         ;   {metadata(method data for {method} {0x00000000462e8128} &apos;ix&apos; &apos;(I)I&apos; in &apos;java/nio/HeapByteBuffer&apos;)}
  0x000077b4580ffc20:   mov    0x90(%rdx),%ebx
  0x000077b4580ffc26:   add    $0x2,%ebx
  0x000077b4580ffc29:   mov    %ebx,0x90(%rdx)
  0x000077b4580ffc2f:   and    $0x1ffffe,%ebx
  0x000077b4580ffc35:   test   %ebx,%ebx
  0x000077b4580ffc37:   je     0x000077b4580ffd00
  0x000077b4580ffc3d:   mov    0x2c(%rsi),%edx              ;*getfield offset {reexecute=0 rethrow=0 return_oop=0}
                                                            ; - java.nio.HeapByteBuffer::ix@2 (line 166)
                                                            ; - java.nio.HeapByteBuffer::get@9 (line 176)
  0x000077b4580ffc40:   add    %eax,%edx
  0x000077b4580ffc42:   cmp    0xc(%rdi),%edx               ; implicit exception: dispatches to 0x000077b4580ffd21
  0x000077b4580ffc45:   jae    0x000077b4580ffd2b
  0x000077b4580ffc4b:   movslq %edx,%rdx
  0x000077b4580ffc4e:   movsbl 0x10(%rdi,%rdx,1),%eax       ;*baload {reexecute=0 rethrow=0 return_oop=0}
                                                            ; - java.nio.HeapByteBuffer::get@12 (line 176)
  0x000077b4580ffc53:   shl    $0x18,%eax
  0x000077b4580ffc56:   sar    $0x18,%eax
  0x000077b4580ffc59:   add    $0x60,%rsp
  0x000077b4580ffc5d:   pop    %rbp
  0x000077b4580ffc5e:   cmp    0x28(%r15),%rsp              ;   {poll_return}
  0x000077b4580ffc62:   ja     0x000077b4580ffd39
  0x000077b4580ffc68:   ret                                 ;*ireturn {reexecute=0 rethrow=0 return_oop=0}
                                                            ; - java.nio.HeapByteBuffer::get@13 (line 176)
  0x000077b4580ffc69:   mov    %rdi,0x50(%rsp)
  0x000077b4580ffc6e:   mov    %rsi,0x48(%rsp)
  0x000077b4580ffc73:   nopl   0x0(%rax,%rax,1)
  0x000077b4580ffc78:   jmp    0x000077b4580ffd5e           ;   {other}
  0x000077b4580ffc7d:   add    %al,(%rax)
  0x000077b4580ffc7f:   add    %al,(%rax)
  0x000077b4580ffc81:   add    %ch,%cl
  0x000077b4580ffc83:   loope  0x000077b4580ffc85
  0x000077b4580ffc85:   add    %al,(%rax)                   ;*new {reexecute=0 rethrow=0 return_oop=0}
                                                            ; - java.nio.Buffer::nextGetIndex@13 (line 712)
                                                            ; - java.nio.HeapByteBuffer::get@6 (line 176)
  0x000077b4580ffc87:   mov    %rax,%rbx
  0x000077b4580ffc8a:   movabs $0x77b4146ace98,%rdx         ;   {metadata(method data for {method} {0x00000000461c1248} &apos;nextGetIndex&apos; &apos;()I&apos; in &apos;java/nio/Buffer&apos;)}
  0x000077b4580ffc94:   addq   $0x1,0xf8(%rdx)
  0x000077b4580ffc9c:   mov    %rax,%rsi                    ;*invokespecial &lt;init&gt; {reexecute=0 rethrow=0 return_oop=0}
                                                            ; - java.nio.Buffer::nextGetIndex@17 (line 712)
                                                            ; - java.nio.HeapByteBuffer::get@6 (line 176)
  0x000077b4580ffc9f:   mov    %rax,0x40(%rsp)
  0x000077b4580ffca4:   data16 xchg %ax,%ax
  0x000077b4580ffca7:   call   0x000077b45f4ad9e0           ; ImmutableOopMap {[64]=Oop [72]=Oop [80]=Oop }
                                                            ;*invokespecial &lt;init&gt; {reexecute=0 rethrow=0 return_oop=0}
                                                            ; - java.nio.Buffer::nextGetIndex@17 (line 712)
                                                            ; - java.nio.HeapByteBuffer::get@6 (line 176)
                                                            ;   {optimized virtual_call}
  0x000077b4580ffcac:   nopl   0x324(%rax,%rax,1)           ;*invokespecial &lt;init&gt; {reexecute=0 rethrow=0 return_oop=0}
                                                            ; - java.nio.Buffer::nextGetIndex@17 (line 712)
                                                            ; - java.nio.HeapByteBuffer::get@6 (line 176)
                                                            ;   {post_call_nop}
  0x000077b4580ffcb4:   mov    0x40(%rsp),%rax
  0x000077b4580ffcb9:   jmp    0x000077b4580ffd92
  0x000077b4580ffcbe:   movabs $0x462e7cb0,%r10             ;   {metadata({method} {0x00000000462e7cb0} &apos;get&apos; &apos;()B&apos; in &apos;java/nio/HeapByteBuffer&apos;)}
  0x000077b4580ffcc8:   mov    %r10,0x8(%rsp)
  0x000077b4580ffccd:   movq   $0xffffffffffffffff,(%rsp)
  0x000077b4580ffcd5:   call   0x000077b45f582fe0           ; ImmutableOopMap {rsi=Oop }
                                                            ;*synchronization entry
                                                            ; - java.nio.HeapByteBuffer::get@-1 (line 176)
                                                            ;   {runtime_call counter_overflow_blob (C1 runtime)}
  0x000077b4580ffcda:   jmp    0x000077b4580ffae2
  0x000077b4580ffcdf:   movabs $0x461c1248,%r10             ;   {metadata({method} {0x00000000461c1248} &apos;nextGetIndex&apos; &apos;()I&apos; in &apos;java/nio/Buffer&apos;)}
  0x000077b4580ffce9:   mov    %r10,0x8(%rsp)
  0x000077b4580ffcee:   movq   $0xffffffffffffffff,(%rsp)
  0x000077b4580ffcf6:   call   0x000077b45f582fe0           ; ImmutableOopMap {rsi=Oop rdi=Oop }
                                                            ;*synchronization entry
                                                            ; - java.nio.Buffer::nextGetIndex@-1 (line 710)
                                                            ; - java.nio.HeapByteBuffer::get@6 (line 176)
                                                            ;   {runtime_call counter_overflow_blob (C1 runtime)}
  0x000077b4580ffcfb:   jmp    0x000077b4580ffb7b
  0x000077b4580ffd00:   movabs $0x462e8128,%r10             ;   {metadata({method} {0x00000000462e8128} &apos;ix&apos; &apos;(I)I&apos; in &apos;java/nio/HeapByteBuffer&apos;)}
  0x000077b4580ffd0a:   mov    %r10,0x8(%rsp)
  0x000077b4580ffd0f:   movq   $0xffffffffffffffff,(%rsp)
  0x000077b4580ffd17:   call   0x000077b45f582fe0           ; ImmutableOopMap {rsi=Oop rdi=Oop }
                                                            ;*synchronization entry
                                                            ; - java.nio.HeapByteBuffer::ix@-1 (line 166)
                                                            ; - java.nio.HeapByteBuffer::get@9 (line 176)
                                                            ;   {runtime_call counter_overflow_blob (C1 runtime)}
  0x000077b4580ffd1c:   jmp    0x000077b4580ffc3d
  0x000077b4580ffd21:   call   0x000077b45f57c660           ; ImmutableOopMap {rdi=Oop }
                                                            ;*baload {reexecute=0 rethrow=0 return_oop=0}
                                                            ; - java.nio.HeapByteBuffer::get@12 (line 176)
                                                            ;   {runtime_call throw_null_pointer_exception_blob (C1 runtime)}
  0x000077b4580ffd26:   call   0x000077b45f57c660           ; ImmutableOopMap {rdi=Oop }
                                                            ;*baload {reexecute=0 rethrow=0 return_oop=0}
                                                            ; - java.nio.HeapByteBuffer::get@12 (line 176)
                                                            ;   {runtime_call throw_null_pointer_exception_blob (C1 runtime)}
  0x000077b4580ffd2b:   mov    %rdx,(%rsp)
  0x000077b4580ffd2f:   mov    %rdi,0x8(%rsp)
  0x000077b4580ffd34:   call   0x000077b45f57bd60           ; ImmutableOopMap {rdi=Oop }
                                                            ;*baload {reexecute=0 rethrow=0 return_oop=0}
                                                            ; - java.nio.HeapByteBuffer::get@12 (line 176)
                                                            ;   {runtime_call throw_range_check_failed_blob (C1 runtime)}
  0x000077b4580ffd39:   movabs $0x77b4580ffc5e,%r10         ;   {internal_word}
  0x000077b4580ffd43:   mov    %r10,0x510(%r15)
  0x000077b4580ffd4a:   jmp    0x000077b45f4afb60           ;   {runtime_call SafepointBlob}
  0x000077b4580ffd4f:   movabs $0x0,%rdx                    ;   {metadata(nullptr)}
  0x000077b4580ffd59:   mov    $0xa050f00,%eax
  0x000077b4580ffd5e:   call   0x000077b45f5820e0           ; ImmutableOopMap {[72]=Oop [80]=Oop }
                                                            ;*new {reexecute=1 rethrow=0 return_oop=0}
                                                            ; - (reexecute) java.nio.Buffer::nextGetIndex@13 (line 712)
                                                            ; - java.nio.HeapByteBuffer::get@6 (line 176)
                                                            ;   {runtime_call load_klass_patching_blob (C1 runtime)}
  0x000077b4580ffd63:   jmp    0x000077b4580ffc78
  0x000077b4580ffd68:   mov    %rdx,%rdx
  0x000077b4580ffd6b:   call   0x000077b45f57d0e0           ; ImmutableOopMap {[72]=Oop [80]=Oop }
                                                            ;*new {reexecute=0 rethrow=0 return_oop=0}
                                                            ; - java.nio.Buffer::nextGetIndex@13 (line 712)
                                                            ; - java.nio.HeapByteBuffer::get@6 (line 176)
                                                            ;   {runtime_call new_instance_blob (C1 runtime)}
  0x000077b4580ffd70:   jmp    0x000077b4580ffc87
  0x000077b4580ffd75:   mov    0x5c0(%r15),%rax
  0x000077b4580ffd7c:   movq   $0x0,0x5c0(%r15)
  0x000077b4580ffd87:   movq   $0x0,0x5c8(%r15)
  0x000077b4580ffd92:   add    $0x60,%rsp
  0x000077b4580ffd96:   pop    %rbp
  0x000077b4580ffd97:   jmp    0x000077b45f57b760           ;   {runtime_call unwind_exception_blob (C1 runtime)}
  0x000077b4580ffd9c:   hlt    
  0x000077b4580ffd9d:   hlt    
  0x000077b4580ffd9e:   hlt    
  0x000077b4580ffd9f:   hlt    
[Stub Code]
  0x000077b4580ffda0:   nopl   0x0(%rax,%rax,1)             ;   {other}
  0x000077b4580ffda5:   movabs $0x0,%rbx                    ;   {static_stub}
  0x000077b4580ffdaf:   jmp    0x000077b4580ffdaf           ;   {runtime_call nmethod}
[Exception Handler]
  0x000077b4580ffdb4:   call   0x000077b45f57ede0           ;   {runtime_call handle_exception_from_callee_blob (C1 runtime)}
  0x000077b4580ffdb9:   movabs $0x77b478d3aec4,%rdi         ;   {external_word}
  0x000077b4580ffdc3:   and    $0xfffffffffffffff0,%rsp
  0x000077b4580ffdc7:   call   0x000077b478791cc0           ;   {runtime_call MacroAssembler::debug64(char*, long, long*)}
  0x000077b4580ffdcc:   hlt    
  0x000077b4580ffdcd:   call   0x000077b45f4afe60           ;   {runtime_call DeoptimizationBlob}
[Deopt Handler Entry Point]
  0x000077b4580ffdd2:   jmp    0x000077b4580ffdcd
  0x000077b4580ffdd4:   hlt    
  0x000077b4580ffdd5:   hlt    
  0x000077b4580ffdd6:   hlt    
  0x000077b4580ffdd7:   hlt    
--------------------------------------------------------------------------------
[/Disassembly]
