
============================= C1-compiled nmethod ==============================
----------------------------------- Assembly -----------------------------------

Compiled method (c1) 31112 1407       3       java.util.regex.Pattern$CharProperty::&lt;init&gt; (10 bytes)
 total in heap  [0x000077b458104888,0x000077b458104bf0] = 872
 main code      [0x000077b458104980,0x000077b458104bd0] = 592
 stub code      [0x000077b458104bd0,0x000077b458104bf0] = 32
 mutable data [0x000077b3fc25e070,0x000077b3fc25e0d0] = 96
 relocation     [0x000077b3fc25e070,0x000077b3fc25e0b0] = 64
 metadata       [0x000077b3fc25e0b0,0x000077b3fc25e0d0] = 32
 immutable data [0x000077b3fc216dd0,0x000077b3fc216eac] = 220
 dependencies   [0x000077b3fc216dd0,0x000077b3fc216de0] = 16
 scopes pcs     [0x000077b3fc216de0,0x000077b3fc216e60] = 128
 scopes data    [0x000077b3fc216e60,0x000077b3fc216ea8] = 72

[Disassembly]
--------------------------------------------------------------------------------
[Constant Pool (empty)]

--------------------------------------------------------------------------------

[Instructions begin]
  0x000077b458104980:   data16 data16 nopw 0x0(%rax,%rax,1)
  0x000077b45810498b:   data16 data16 xchg %ax,%ax
  0x000077b45810498f:   data16 xchg %ax,%ax
[Entry Point]
  # {method} {0x000000004640f740} &apos;&lt;init&gt;&apos; &apos;(Ljava/util/regex/Pattern$CharPredicate;)V&apos; in &apos;java/util/regex/Pattern$CharProperty&apos;
  # this:     rsi:rsi   = &apos;java/util/regex/Pattern$CharProperty&apos;
  # parm0:    rdx:rdx   = &apos;java/util/regex/Pattern$CharPredicate&apos;
  #           [sp+0x50]  (sp of caller)
  0x000077b458104992:   mov    0x8(%rsi),%r10d
  0x000077b458104996:   cmp    0x8(%rax),%r10d
  0x000077b45810499a:   jne    0x000077b45f4ad6e0           ;   {runtime_call ic_miss_blob (shared runtime)}
[Verified Entry Point]
  0x000077b4581049a0:   mov    %eax,-0x14000(%rsp)
  0x000077b4581049a7:   push   %rbp
  0x000077b4581049a8:   sub    $0x40,%rsp
  0x000077b4581049ac:   cmpl   $0x1,0x20(%r15)
  0x000077b4581049b4:   je     0x000077b4581049bb
  0x000077b4581049b6:   call   Stub::method_entry_barrier_stub (stub gen)
                                                            ;   {runtime_call Stub::method_entry_barrier_stub (stub gen)}
  0x000077b4581049bb:   movabs $0x77b4146aea60,%rdi         ;   {metadata(method data for {method} {0x000000004640f740} &apos;&lt;init&gt;&apos; &apos;(Ljava/util/regex/Pattern$CharPredicate;)V&apos; in &apos;java/util/regex/Pattern$CharProperty&apos;)}
  0x000077b4581049c5:   mov    0x90(%rdi),%ebx
  0x000077b4581049cb:   add    $0x2,%ebx
  0x000077b4581049ce:   mov    %ebx,0x90(%rdi)
  0x000077b4581049d4:   and    $0x7fe,%ebx
  0x000077b4581049da:   test   %ebx,%ebx
  0x000077b4581049dc:   je     0x000077b458104af3           ;*aload_0 {reexecute=0 rethrow=0 return_oop=0}
                                                            ; - java.util.regex.Pattern$CharProperty::&lt;init&gt;@0 (line 4108)
  0x000077b4581049e2:   mov    %rsi,%rdi
  0x000077b4581049e5:   movabs $0x77b4146aea60,%rbx         ;   {metadata(method data for {method} {0x000000004640f740} &apos;&lt;init&gt;&apos; &apos;(Ljava/util/regex/Pattern$CharPredicate;)V&apos; in &apos;java/util/regex/Pattern$CharProperty&apos;)}
  0x000077b4581049ef:   addq   $0x1,0xd8(%rbx)
  0x000077b4581049f7:   movabs $0x77b414176ba0,%rdi         ;   {metadata(method data for {method} {0x000000004640d270} &apos;&lt;init&gt;&apos; &apos;()V&apos; in &apos;java/util/regex/Pattern$Node&apos;)}
  0x000077b458104a01:   mov    0x90(%rdi),%ebx
  0x000077b458104a07:   add    $0x2,%ebx
  0x000077b458104a0a:   mov    %ebx,0x90(%rdi)
  0x000077b458104a10:   and    $0x1ffffe,%ebx
  0x000077b458104a16:   test   %ebx,%ebx
  0x000077b458104a18:   je     0x000077b458104b14
  0x000077b458104a1e:   mov    %rsi,%rdi
  0x000077b458104a21:   movabs $0x77b414176ba0,%rbx         ;   {metadata(method data for {method} {0x000000004640d270} &apos;&lt;init&gt;&apos; &apos;()V&apos; in &apos;java/util/regex/Pattern$Node&apos;)}
  0x000077b458104a2b:   addq   $0x1,0xd8(%rbx)
  0x000077b458104a33:   movabs $0x77b414010cd0,%rdi         ;   {metadata(method data for {method} {0x00000000464a6d78} &apos;&lt;init&gt;&apos; &apos;()V&apos; in &apos;java/lang/Object&apos;)}
  0x000077b458104a3d:   mov    0x90(%rdi),%ebx
  0x000077b458104a43:   add    $0x2,%ebx
  0x000077b458104a46:   mov    %ebx,0x90(%rdi)
  0x000077b458104a4c:   and    $0x1ffffe,%ebx
  0x000077b458104a52:   test   %ebx,%ebx
  0x000077b458104a54:   je     0x000077b458104b35
  0x000077b458104a5a:   movsbl 0x48(%r15),%edi
  0x000077b458104a5f:   test   %edi,%edi
  0x000077b458104a61:   jne    0x000077b458104b56
  0x000077b458104a67:   movabs $0x420044c60,%r10            ;   {oop(a &apos;java/util/regex/Pattern$Node&apos;{0x0000000420044c60})}
  0x000077b458104a71:   shr    $0x3,%r10
  0x000077b458104a75:   mov    %r10d,0xc(%rsi)
  0x000077b458104a79:   movabs $0x420044c60,%rdi            ;   {oop(a &apos;java/util/regex/Pattern$Node&apos;{0x0000000420044c60})}
  0x000077b458104a83:   mov    %rsi,%rax
  0x000077b458104a86:   xor    %rdi,%rax
  0x000077b458104a89:   shr    $0x17,%rax
  0x000077b458104a8d:   je     0x000077b458104aa7
  0x000077b458104a8f:   test   %rdi,%rdi
  0x000077b458104a92:   je     0x000077b458104aa7
  0x000077b458104a94:   mov    %rsi,%rax
  0x000077b458104a97:   shr    $0x9,%rax
  0x000077b458104a9b:   add    0x50(%r15),%rax
  0x000077b458104a9f:   cmpb   $0xff,(%rax)
  0x000077b458104aa2:   jne    0x000077b458104aa7
  0x000077b458104aa4:   movb   $0x0,(%rax)                  ;*putfield next {reexecute=0 rethrow=0 return_oop=0}
                                                            ; - java.util.regex.Pattern$Node::&lt;init&gt;@8 (line 3734)
                                                            ; - java.util.regex.Pattern$CharProperty::&lt;init&gt;@1 (line 4108)
  0x000077b458104aa7:   movsbl 0x48(%r15),%edi
  0x000077b458104aac:   test   %edi,%edi
  0x000077b458104aae:   jne    0x000077b458104b74
  0x000077b458104ab4:   mov    %rdx,%r10
  0x000077b458104ab7:   shr    $0x3,%r10
  0x000077b458104abb:   mov    %r10d,0x10(%rsi)
  0x000077b458104abf:   mov    %rsi,%rbx
  0x000077b458104ac2:   xor    %rdx,%rbx
  0x000077b458104ac5:   shr    $0x17,%rbx
  0x000077b458104ac9:   je     0x000077b458104ae3
  0x000077b458104acb:   test   %rdx,%rdx
  0x000077b458104ace:   je     0x000077b458104ae3
  0x000077b458104ad0:   mov    %rsi,%rbx
  0x000077b458104ad3:   shr    $0x9,%rbx
  0x000077b458104ad7:   add    0x50(%r15),%rbx
  0x000077b458104adb:   cmpb   $0xff,(%rbx)
  0x000077b458104ade:   jne    0x000077b458104ae3
  0x000077b458104ae0:   movb   $0x0,(%rbx)                  ;*putfield predicate {reexecute=0 rethrow=0 return_oop=0}
                                                            ; - java.util.regex.Pattern$CharProperty::&lt;init&gt;@6 (line 4109)
  0x000077b458104ae3:   add    $0x40,%rsp
  0x000077b458104ae7:   pop    %rbp
  0x000077b458104ae8:   cmp    0x28(%r15),%rsp              ;   {poll_return}
  0x000077b458104aec:   ja     0x000077b458104b92
  0x000077b458104af2:   ret    
  0x000077b458104af3:   movabs $0x4640f740,%r10             ;   {metadata({method} {0x000000004640f740} &apos;&lt;init&gt;&apos; &apos;(Ljava/util/regex/Pattern$CharPredicate;)V&apos; in &apos;java/util/regex/Pattern$CharProperty&apos;)}
  0x000077b458104afd:   mov    %r10,0x8(%rsp)
  0x000077b458104b02:   movq   $0xffffffffffffffff,(%rsp)
  0x000077b458104b0a:   call   0x000077b45f582fe0           ; ImmutableOopMap {rsi=Oop rdx=Oop }
                                                            ;*synchronization entry
                                                            ; - java.util.regex.Pattern$CharProperty::&lt;init&gt;@-1 (line 4108)
                                                            ;   {runtime_call counter_overflow_blob (C1 runtime)}
  0x000077b458104b0f:   jmp    0x000077b4581049e2
  0x000077b458104b14:   movabs $0x4640d270,%r10             ;   {metadata({method} {0x000000004640d270} &apos;&lt;init&gt;&apos; &apos;()V&apos; in &apos;java/util/regex/Pattern$Node&apos;)}
  0x000077b458104b1e:   mov    %r10,0x8(%rsp)
  0x000077b458104b23:   movq   $0xffffffffffffffff,(%rsp)
  0x000077b458104b2b:   call   0x000077b45f582fe0           ; ImmutableOopMap {rsi=Oop rdx=Oop }
                                                            ;*synchronization entry
                                                            ; - java.util.regex.Pattern$Node::&lt;init&gt;@-1 (line 3733)
                                                            ; - java.util.regex.Pattern$CharProperty::&lt;init&gt;@1 (line 4108)
                                                            ;   {runtime_call counter_overflow_blob (C1 runtime)}
  0x000077b458104b30:   jmp    0x000077b458104a1e
  0x000077b458104b35:   movabs $0x464a6d78,%r10             ;   {metadata({method} {0x00000000464a6d78} &apos;&lt;init&gt;&apos; &apos;()V&apos; in &apos;java/lang/Object&apos;)}
  0x000077b458104b3f:   mov    %r10,0x8(%rsp)
  0x000077b458104b44:   movq   $0xffffffffffffffff,(%rsp)
  0x000077b458104b4c:   call   0x000077b45f582fe0           ; ImmutableOopMap {rsi=Oop rdx=Oop }
                                                            ;*synchronization entry
                                                            ; - java.lang.Object::&lt;init&gt;@-1 (line 46)
                                                            ; - java.util.regex.Pattern$Node::&lt;init&gt;@1 (line 3733)
                                                            ; - java.util.regex.Pattern$CharProperty::&lt;init&gt;@1 (line 4108)
                                                            ;   {runtime_call counter_overflow_blob (C1 runtime)}
  0x000077b458104b51:   jmp    0x000077b458104a5a
  0x000077b458104b56:   mov    0xc(%rsi),%edi
  0x000077b458104b59:   shl    $0x3,%rdi
  0x000077b458104b5d:   test   %rdi,%rdi
  0x000077b458104b60:   je     0x000077b458104a67
  0x000077b458104b66:   mov    %rdi,(%rsp)
  0x000077b458104b6a:   call   0x000077b45f583a60           ;   {runtime_call g1_pre_barrier_slow}
  0x000077b458104b6f:   jmp    0x000077b458104a67
  0x000077b458104b74:   mov    0x10(%rsi),%edi
  0x000077b458104b77:   shl    $0x3,%rdi
  0x000077b458104b7b:   test   %rdi,%rdi
  0x000077b458104b7e:   je     0x000077b458104ab4
  0x000077b458104b84:   mov    %rdi,(%rsp)
  0x000077b458104b88:   call   0x000077b45f583a60           ;   {runtime_call g1_pre_barrier_slow}
  0x000077b458104b8d:   jmp    0x000077b458104ab4
  0x000077b458104b92:   movabs $0x77b458104ae8,%r10         ;   {internal_word}
  0x000077b458104b9c:   mov    %r10,0x510(%r15)
  0x000077b458104ba3:   jmp    0x000077b45f4afb60           ;   {runtime_call SafepointBlob}
  0x000077b458104ba8:   mov    0x5c0(%r15),%rax
  0x000077b458104baf:   movq   $0x0,0x5c0(%r15)
  0x000077b458104bba:   movq   $0x0,0x5c8(%r15)
  0x000077b458104bc5:   add    $0x40,%rsp
  0x000077b458104bc9:   pop    %rbp
  0x000077b458104bca:   jmp    0x000077b45f57b760           ;   {runtime_call unwind_exception_blob (C1 runtime)}
  0x000077b458104bcf:   hlt    
[Exception Handler]
  0x000077b458104bd0:   call   0x000077b45f57ede0           ;   {runtime_call handle_exception_from_callee_blob (C1 runtime)}
  0x000077b458104bd5:   movabs $0x77b478d3aec4,%rdi         ;   {external_word}
  0x000077b458104bdf:   and    $0xfffffffffffffff0,%rsp
  0x000077b458104be3:   call   0x000077b478791cc0           ;   {runtime_call MacroAssembler::debug64(char*, long, long*)}
  0x000077b458104be8:   hlt    
  0x000077b458104be9:   call   0x000077b45f4afe60           ;   {runtime_call DeoptimizationBlob}
[Deopt Handler Entry Point]
  0x000077b458104bee:   jmp    0x000077b458104be9
--------------------------------------------------------------------------------
[/Disassembly]
