
============================= C1-compiled nmethod ==============================
----------------------------------- Assembly -----------------------------------

Compiled method (c1) 2593  141       3       java.lang.AbstractStringBuilder::isLatin1 (16 bytes)
 total in heap  [0x000077b458019a88,0x000077b458019cb0] = 552
 main code      [0x000077b458019b80,0x000077b458019c90] = 272
 stub code      [0x000077b458019c90,0x000077b458019cb0] = 32
 mutable data [0x000077b3e8018de0,0x000077b3e8018e10] = 48
 relocation     [0x000077b3e8018de0,0x000077b3e8018e08] = 40
 metadata       [0x000077b3e8018e08,0x000077b3e8018e10] = 8
 immutable data [0x000077b3e800b300,0x000077b3e800b3bc] = 188
 dependencies   [0x000077b3e800b300,0x000077b3e800b308] = 8
 scopes pcs     [0x000077b3e800b308,0x000077b3e800b388] = 128
 scopes data    [0x000077b3e800b388,0x000077b3e800b3b8] = 48

[Disassembly]
--------------------------------------------------------------------------------
[Constant Pool (empty)]

--------------------------------------------------------------------------------

[Verified Entry Point]
  # {method} {0x00000000461b64d8} &apos;isLatin1&apos; &apos;(B)Z&apos; in &apos;java/lang/AbstractStringBuilder&apos;
  # parm0:    rsi       = byte
  #           [sp+0x30]  (sp of caller)
  0x000077b458019b80:   mov    %eax,-0x14000(%rsp)
  0x000077b458019b87:   push   %rbp
  0x000077b458019b88:   sub    $0x20,%rsp
  0x000077b458019b8c:   cmpl   $0x1,0x20(%r15)
  0x000077b458019b94:   je     0x000077b458019b9b
  0x000077b458019b96:   call   Stub::method_entry_barrier_stub (stub gen)
                                                            ;   {runtime_call Stub::method_entry_barrier_stub (stub gen)}
  0x000077b458019b9b:   movabs $0x77b414036268,%rax         ;   {metadata(method data for {method} {0x00000000461b64d8} &apos;isLatin1&apos; &apos;(B)Z&apos; in &apos;java/lang/AbstractStringBuilder&apos;)}
  0x000077b458019ba5:   mov    0x90(%rax),%edi
  0x000077b458019bab:   add    $0x2,%edi
  0x000077b458019bae:   mov    %edi,0x90(%rax)
  0x000077b458019bb4:   and    $0x7fe,%edi
  0x000077b458019bba:   test   %edi,%edi
  0x000077b458019bbc:   je     0x000077b458019c2e           ;*getstatic COMPACT_STRINGS {reexecute=0 rethrow=0 return_oop=0}
                                                            ; - java.lang.AbstractStringBuilder::isLatin1@0 (line 1839)
  0x000077b458019bc2:   movabs $0x77b414036268,%rax         ;   {metadata(method data for {method} {0x00000000461b64d8} &apos;isLatin1&apos; &apos;(B)Z&apos; in &apos;java/lang/AbstractStringBuilder&apos;)}
  0x000077b458019bcc:   incl   0xe8(%rax)                   ;*ifeq {reexecute=0 rethrow=0 return_oop=0}
                                                            ; - java.lang.AbstractStringBuilder::isLatin1@3 (line 1839)
  0x000077b458019bd2:   test   %esi,%esi
  0x000077b458019bd4:   movabs $0x77b414036268,%rax         ;   {metadata(method data for {method} {0x00000000461b64d8} &apos;isLatin1&apos; &apos;(B)Z&apos; in &apos;java/lang/AbstractStringBuilder&apos;)}
  0x000077b458019bde:   mov    $0xf8,%esi
  0x000077b458019be3:   jne    0x000077b458019bea
  0x000077b458019be5:   mov    $0x108,%esi
  0x000077b458019bea:   mov    (%rax,%rsi,1),%rdi
  0x000077b458019bee:   lea    0x1(%rdi),%rdi
  0x000077b458019bf2:   mov    %rdi,(%rax,%rsi,1)
  0x000077b458019bf6:   jne    0x000077b458019c16           ;*ifne {reexecute=0 rethrow=0 return_oop=0}
                                                            ; - java.lang.AbstractStringBuilder::isLatin1@7 (line 1839)
  0x000077b458019bfc:   movabs $0x77b414036268,%rax         ;   {metadata(method data for {method} {0x00000000461b64d8} &apos;isLatin1&apos; &apos;(B)Z&apos; in &apos;java/lang/AbstractStringBuilder&apos;)}
  0x000077b458019c06:   incl   0x118(%rax)
  0x000077b458019c0c:   mov    $0x1,%eax
  0x000077b458019c11:   jmp    0x000077b458019c1b           ;*goto {reexecute=0 rethrow=0 return_oop=0}
                                                            ; - java.lang.AbstractStringBuilder::isLatin1@11 (line 1839)
  0x000077b458019c16:   mov    $0x0,%eax                    ;*ireturn {reexecute=0 rethrow=0 return_oop=0}
                                                            ; - java.lang.AbstractStringBuilder::isLatin1@15 (line 1839)
  0x000077b458019c1b:   and    $0x1,%eax
  0x000077b458019c1e:   add    $0x20,%rsp
  0x000077b458019c22:   pop    %rbp
  0x000077b458019c23:   cmp    0x28(%r15),%rsp              ;   {poll_return}
  0x000077b458019c27:   ja     0x000077b458019c4f
  0x000077b458019c2d:   ret    
  0x000077b458019c2e:   movabs $0x461b64d8,%r10             ;   {metadata({method} {0x00000000461b64d8} &apos;isLatin1&apos; &apos;(B)Z&apos; in &apos;java/lang/AbstractStringBuilder&apos;)}
  0x000077b458019c38:   mov    %r10,0x8(%rsp)
  0x000077b458019c3d:   movq   $0xffffffffffffffff,(%rsp)
  0x000077b458019c45:   call   0x000077b45f582fe0           ; ImmutableOopMap {}
                                                            ;*synchronization entry
                                                            ; - java.lang.AbstractStringBuilder::isLatin1@-1 (line 1839)
                                                            ;   {runtime_call counter_overflow_blob (C1 runtime)}
  0x000077b458019c4a:   jmp    0x000077b458019bc2
  0x000077b458019c4f:   movabs $0x77b458019c23,%r10         ;   {internal_word}
  0x000077b458019c59:   mov    %r10,0x510(%r15)
  0x000077b458019c60:   jmp    0x000077b45f4afb60           ;   {runtime_call SafepointBlob}
  0x000077b458019c65:   mov    0x5c0(%r15),%rax
  0x000077b458019c6c:   movq   $0x0,0x5c0(%r15)
  0x000077b458019c77:   movq   $0x0,0x5c8(%r15)
  0x000077b458019c82:   add    $0x20,%rsp
  0x000077b458019c86:   pop    %rbp
  0x000077b458019c87:   jmp    0x000077b45f57b760           ;   {runtime_call unwind_exception_blob (C1 runtime)}
  0x000077b458019c8c:   hlt    
  0x000077b458019c8d:   hlt    
  0x000077b458019c8e:   hlt    
  0x000077b458019c8f:   hlt    
[Exception Handler]
  0x000077b458019c90:   call   0x000077b45f57ede0           ;   {runtime_call handle_exception_from_callee_blob (C1 runtime)}
  0x000077b458019c95:   movabs $0x77b478d3aec4,%rdi         ;   {external_word}
  0x000077b458019c9f:   and    $0xfffffffffffffff0,%rsp
  0x000077b458019ca3:   call   0x000077b478791cc0           ;   {runtime_call MacroAssembler::debug64(char*, long, long*)}
  0x000077b458019ca8:   hlt    
  0x000077b458019ca9:   call   0x000077b45f4afe60           ;   {runtime_call DeoptimizationBlob}
[Deopt Handler Entry Point]
  0x000077b458019cae:   jmp    0x000077b458019ca9
--------------------------------------------------------------------------------
[/Disassembly]
