
============================= C1-compiled nmethod ==============================
----------------------------------- Assembly -----------------------------------

Compiled method (c1) 31934 1430       3       java.lang.Integer::parseInt (7 bytes)
 total in heap  [0x000077b458109988,0x000077b458109b88] = 512
 main code      [0x000077b458109a80,0x000077b458109b58] = 216
 stub code      [0x000077b458109b58,0x000077b458109b88] = 48
 mutable data [0x000077b3dc0e0f90,0x000077b3dc0e0fd0] = 64
 relocation     [0x000077b3dc0e0f90,0x000077b3dc0e0fc8] = 56
 metadata       [0x000077b3dc0e0fc8,0x000077b3dc0e0fd0] = 8
 immutable data [0x000077b3dc0e1040,0x000077b3dc0e10dc] = 156
 dependencies   [0x000077b3dc0e1040,0x000077b3dc0e1048] = 8
 scopes pcs     [0x000077b3dc0e1048,0x000077b3dc0e10b8] = 112
 scopes data    [0x000077b3dc0e10b8,0x000077b3dc0e10d8] = 32

[Disassembly]
--------------------------------------------------------------------------------
[Constant Pool (empty)]

--------------------------------------------------------------------------------

[Verified Entry Point]
  # {method} {0x00000000461a29b0} &apos;parseInt&apos; &apos;(Ljava/lang/String;)I&apos; in &apos;java/lang/Integer&apos;
  # parm0:    rsi:rsi   = &apos;java/lang/String&apos;
  #           [sp+0x30]  (sp of caller)
  0x000077b458109a80:   mov    %eax,-0x14000(%rsp)
  0x000077b458109a87:   push   %rbp
  0x000077b458109a88:   sub    $0x20,%rsp
  0x000077b458109a8c:   cmpl   $0x1,0x20(%r15)
  0x000077b458109a94:   je     0x000077b458109a9b
  0x000077b458109a96:   call   Stub::method_entry_barrier_stub (stub gen)
                                                            ;   {runtime_call Stub::method_entry_barrier_stub (stub gen)}
  0x000077b458109a9b:   movabs $0x77b4146aff18,%rdx         ;   {metadata(method data for {method} {0x00000000461a29b0} &apos;parseInt&apos; &apos;(Ljava/lang/String;)I&apos; in &apos;java/lang/Integer&apos;)}
  0x000077b458109aa5:   mov    0x90(%rdx),%edi
  0x000077b458109aab:   add    $0x2,%edi
  0x000077b458109aae:   mov    %edi,0x90(%rdx)
  0x000077b458109ab4:   and    $0x7fe,%edi
  0x000077b458109aba:   test   %edi,%edi
  0x000077b458109abc:   je     0x000077b458109afc           ;*aload_0 {reexecute=0 rethrow=0 return_oop=0}
                                                            ; - java.lang.Integer::parseInt@0 (line 626)
  0x000077b458109ac2:   movabs $0x77b4146aff18,%rdx         ;   {metadata(method data for {method} {0x00000000461a29b0} &apos;parseInt&apos; &apos;(Ljava/lang/String;)I&apos; in &apos;java/lang/Integer&apos;)}
  0x000077b458109acc:   addq   $0x1,0xd8(%rdx)
  0x000077b458109ad4:   mov    $0xa,%edx                    ;*invokestatic parseInt {reexecute=0 rethrow=0 return_oop=0}
                                                            ; - java.lang.Integer::parseInt@3 (line 626)
  0x000077b458109ad9:   nopw   0x0(%rax,%rax,1)
  0x000077b458109adf:   call   0x000077b45f4adfe0           ; ImmutableOopMap {}
                                                            ;*invokestatic parseInt {reexecute=0 rethrow=0 return_oop=0}
                                                            ; - java.lang.Integer::parseInt@3 (line 626)
                                                            ;   {static_call}
  0x000077b458109ae4:   nopl   0x15c(%rax,%rax,1)           ;*invokestatic parseInt {reexecute=0 rethrow=0 return_oop=0}
                                                            ; - java.lang.Integer::parseInt@3 (line 626)
                                                            ;   {post_call_nop}
  0x000077b458109aec:   add    $0x20,%rsp
  0x000077b458109af0:   pop    %rbp
  0x000077b458109af1:   cmp    0x28(%r15),%rsp              ;   {poll_return}
  0x000077b458109af5:   ja     0x000077b458109b1a
  0x000077b458109afb:   ret    
  0x000077b458109afc:   movabs $0x461a29b0,%r10             ;   {metadata({method} {0x00000000461a29b0} &apos;parseInt&apos; &apos;(Ljava/lang/String;)I&apos; in &apos;java/lang/Integer&apos;)}
  0x000077b458109b06:   mov    %r10,0x8(%rsp)
  0x000077b458109b0b:   movq   $0xffffffffffffffff,(%rsp)
  0x000077b458109b13:   call   0x000077b45f582fe0           ; ImmutableOopMap {rsi=Oop }
                                                            ;*synchronization entry
                                                            ; - java.lang.Integer::parseInt@-1 (line 626)
                                                            ;   {runtime_call counter_overflow_blob (C1 runtime)}
  0x000077b458109b18:   jmp    0x000077b458109ac2
  0x000077b458109b1a:   movabs $0x77b458109af1,%r10         ;   {internal_word}
  0x000077b458109b24:   mov    %r10,0x510(%r15)
  0x000077b458109b2b:   jmp    0x000077b45f4afb60           ;   {runtime_call SafepointBlob}
  0x000077b458109b30:   mov    0x5c0(%r15),%rax
  0x000077b458109b37:   movq   $0x0,0x5c0(%r15)
  0x000077b458109b42:   movq   $0x0,0x5c8(%r15)
  0x000077b458109b4d:   add    $0x20,%rsp
  0x000077b458109b51:   pop    %rbp
  0x000077b458109b52:   jmp    0x000077b45f57b760           ;   {runtime_call unwind_exception_blob (C1 runtime)}
  0x000077b458109b57:   hlt    
[Stub Code]
  0x000077b458109b58:   movabs $0x0,%rbx                    ;   {static_stub}
  0x000077b458109b62:   jmp    0x000077b458109b62           ;   {runtime_call nmethod}
[Exception Handler]
  0x000077b458109b67:   call   0x000077b45f57ede0           ;   {runtime_call handle_exception_from_callee_blob (C1 runtime)}
  0x000077b458109b6c:   movabs $0x77b478d3aec4,%rdi         ;   {external_word}
  0x000077b458109b76:   and    $0xfffffffffffffff0,%rsp
  0x000077b458109b7a:   call   0x000077b478791cc0           ;   {runtime_call MacroAssembler::debug64(char*, long, long*)}
  0x000077b458109b7f:   hlt    
  0x000077b458109b80:   call   0x000077b45f4afe60           ;   {runtime_call DeoptimizationBlob}
[Deopt Handler Entry Point]
  0x000077b458109b85:   jmp    0x000077b458109b80
  0x000077b458109b87:   hlt    
--------------------------------------------------------------------------------
[/Disassembly]
