
============================= C1-compiled nmethod ==============================
----------------------------------- Assembly -----------------------------------

Compiled method (c1) 33363 1468       3       java.util.Arrays::hashCode (15 bytes)
 total in heap  [0x000077b458118b88,0x000077b458118df0] = 616
 main code      [0x000077b458118c80,0x000077b458118dc0] = 320
 stub code      [0x000077b458118dc0,0x000077b458118df0] = 48
 mutable data [0x000077b3e8241070,0x000077b3e82410b8] = 72
 relocation     [0x000077b3e8241070,0x000077b3e82410b0] = 64
 metadata       [0x000077b3e82410b0,0x000077b3e82410b8] = 8
 immutable data [0x000077b3e81e6350,0x000077b3e81e6454] = 260
 dependencies   [0x000077b3e81e6350,0x000077b3e81e6358] = 8
 nul chk table  [0x000077b3e81e6358,0x000077b3e81e6368] = 16
 scopes pcs     [0x000077b3e81e6368,0x000077b3e81e6418] = 176
 scopes data    [0x000077b3e81e6418,0x000077b3e81e6450] = 56

[Disassembly]
--------------------------------------------------------------------------------
[Constant Pool (empty)]

--------------------------------------------------------------------------------

[Verified Entry Point]
  # {method} {0x000000004648b7f0} &apos;hashCode&apos; &apos;([B)I&apos; in &apos;java/util/Arrays&apos;
  # parm0:    rsi:rsi   = &apos;[B&apos;
  #           [sp+0x40]  (sp of caller)
  0x000077b458118c80:   mov    %eax,-0x14000(%rsp)
  0x000077b458118c87:   push   %rbp
  0x000077b458118c88:   sub    $0x30,%rsp
  0x000077b458118c8c:   cmpl   $0x1,0x20(%r15)
  0x000077b458118c94:   je     0x000077b458118c9b
  0x000077b458118c96:   call   Stub::method_entry_barrier_stub (stub gen)
                                                            ;   {runtime_call Stub::method_entry_barrier_stub (stub gen)}
  0x000077b458118c9b:   movabs $0x77b4146b7b78,%rax         ;   {metadata(method data for {method} {0x000000004648b7f0} &apos;hashCode&apos; &apos;([B)I&apos; in &apos;java/util/Arrays&apos;)}
  0x000077b458118ca5:   mov    0x90(%rax),%edx
  0x000077b458118cab:   add    $0x2,%edx
  0x000077b458118cae:   mov    %edx,0x90(%rax)
  0x000077b458118cb4:   and    $0x7fe,%edx
  0x000077b458118cba:   test   %edx,%edx
  0x000077b458118cbc:   je     0x000077b458118d44           ;*aload_0 {reexecute=0 rethrow=0 return_oop=0}
                                                            ; - java.util.Arrays::hashCode@0 (line 4425)
  0x000077b458118cc2:   test   %rsi,%rsi
  0x000077b458118cc5:   movabs $0x77b4146b7b78,%rax         ;   {metadata(method data for {method} {0x000000004648b7f0} &apos;hashCode&apos; &apos;([B)I&apos; in &apos;java/util/Arrays&apos;)}
  0x000077b458118ccf:   mov    $0xd8,%edx
  0x000077b458118cd4:   jne    0x000077b458118cdb
  0x000077b458118cd6:   mov    $0xe8,%edx
  0x000077b458118cdb:   mov    (%rax,%rdx,1),%rcx
  0x000077b458118cdf:   lea    0x1(%rcx),%rcx
  0x000077b458118ce3:   mov    %rcx,(%rax,%rdx,1)
  0x000077b458118ce7:   jne    0x000077b458118d02           ;*ifnonnull {reexecute=0 rethrow=0 return_oop=0}
                                                            ; - java.util.Arrays::hashCode@1 (line 4425)
  0x000077b458118ced:   mov    $0x0,%eax
  0x000077b458118cf2:   add    $0x30,%rsp
  0x000077b458118cf6:   pop    %rbp
  0x000077b458118cf7:   cmp    0x28(%r15),%rsp              ;   {poll_return}
  0x000077b458118cfb:   ja     0x000077b458118d65
  0x000077b458118d01:   ret                                 ;*ireturn {reexecute=0 rethrow=0 return_oop=0}
                                                            ; - java.util.Arrays::hashCode@5 (line 4426)
  0x000077b458118d02:   mov    0xc(%rsi),%ecx               ; implicit exception: dispatches to 0x000077b458118d7b
                                                            ;*arraylength {reexecute=0 rethrow=0 return_oop=0}
                                                            ; - java.util.Arrays::hashCode@9 (line 4428)
  0x000077b458118d05:   movabs $0x77b4146b7b78,%rdx         ;   {metadata(method data for {method} {0x000000004648b7f0} &apos;hashCode&apos; &apos;([B)I&apos; in &apos;java/util/Arrays&apos;)}
  0x000077b458118d0f:   addq   $0x1,0xf8(%rdx)
  0x000077b458118d17:   mov    $0x0,%edx
  0x000077b458118d1c:   mov    $0x1,%r8d                    ;*invokestatic hashCode {reexecute=0 rethrow=0 return_oop=0}
                                                            ; - java.util.Arrays::hashCode@11 (line 4428)
  0x000077b458118d22:   nopl   0x0(%rax,%rax,1)
  0x000077b458118d27:   call   0x000077b45f4adfe0           ; ImmutableOopMap {}
                                                            ;*invokestatic hashCode {reexecute=0 rethrow=0 return_oop=0}
                                                            ; - java.util.Arrays::hashCode@11 (line 4428)
                                                            ;   {static_call}
  0x000077b458118d2c:   nopl   0x1a4(%rax,%rax,1)           ;*invokestatic hashCode {reexecute=0 rethrow=0 return_oop=0}
                                                            ; - java.util.Arrays::hashCode@11 (line 4428)
                                                            ;   {post_call_nop}
  0x000077b458118d34:   add    $0x30,%rsp
  0x000077b458118d38:   pop    %rbp
  0x000077b458118d39:   cmp    0x28(%r15),%rsp              ;   {poll_return}
  0x000077b458118d3d:   ja     0x000077b458118d80
  0x000077b458118d43:   ret    
  0x000077b458118d44:   movabs $0x4648b7f0,%r10             ;   {metadata({method} {0x000000004648b7f0} &apos;hashCode&apos; &apos;([B)I&apos; in &apos;java/util/Arrays&apos;)}
  0x000077b458118d4e:   mov    %r10,0x8(%rsp)
  0x000077b458118d53:   movq   $0xffffffffffffffff,(%rsp)
  0x000077b458118d5b:   call   0x000077b45f582fe0           ; ImmutableOopMap {rsi=Oop }
                                                            ;*synchronization entry
                                                            ; - java.util.Arrays::hashCode@-1 (line 4425)
                                                            ;   {runtime_call counter_overflow_blob (C1 runtime)}
  0x000077b458118d60:   jmp    0x000077b458118cc2
  0x000077b458118d65:   movabs $0x77b458118cf7,%r10         ;   {internal_word}
  0x000077b458118d6f:   mov    %r10,0x510(%r15)
  0x000077b458118d76:   jmp    0x000077b45f4afb60           ;   {runtime_call SafepointBlob}
  0x000077b458118d7b:   call   0x000077b45f57c660           ; ImmutableOopMap {rsi=Oop }
                                                            ;*arraylength {reexecute=0 rethrow=0 return_oop=0}
                                                            ; - java.util.Arrays::hashCode@9 (line 4428)
                                                            ;   {runtime_call throw_null_pointer_exception_blob (C1 runtime)}
  0x000077b458118d80:   movabs $0x77b458118d39,%r10         ;   {internal_word}
  0x000077b458118d8a:   mov    %r10,0x510(%r15)
  0x000077b458118d91:   jmp    0x000077b45f4afb60           ;   {runtime_call SafepointBlob}
  0x000077b458118d96:   mov    0x5c0(%r15),%rax
  0x000077b458118d9d:   movq   $0x0,0x5c0(%r15)
  0x000077b458118da8:   movq   $0x0,0x5c8(%r15)
  0x000077b458118db3:   add    $0x30,%rsp
  0x000077b458118db7:   pop    %rbp
  0x000077b458118db8:   jmp    0x000077b45f57b760           ;   {runtime_call unwind_exception_blob (C1 runtime)}
  0x000077b458118dbd:   hlt    
  0x000077b458118dbe:   hlt    
  0x000077b458118dbf:   hlt    
[Stub Code]
  0x000077b458118dc0:   movabs $0x0,%rbx                    ;   {static_stub}
  0x000077b458118dca:   jmp    0x000077b458118dca           ;   {runtime_call nmethod}
[Exception Handler]
  0x000077b458118dcf:   call   0x000077b45f57ede0           ;   {runtime_call handle_exception_from_callee_blob (C1 runtime)}
  0x000077b458118dd4:   movabs $0x77b478d3aec4,%rdi         ;   {external_word}
  0x000077b458118dde:   and    $0xfffffffffffffff0,%rsp
  0x000077b458118de2:   call   0x000077b478791cc0           ;   {runtime_call MacroAssembler::debug64(char*, long, long*)}
  0x000077b458118de7:   hlt    
  0x000077b458118de8:   call   0x000077b45f4afe60           ;   {runtime_call DeoptimizationBlob}
[Deopt Handler Entry Point]
  0x000077b458118ded:   jmp    0x000077b458118de8
  0x000077b458118def:   hlt    
--------------------------------------------------------------------------------
[/Disassembly]
