
============================= C1-compiled nmethod ==============================
----------------------------------- Assembly -----------------------------------

Compiled method (c1) 33715 1474       3       java.util.Collections$UnmodifiableList::&lt;init&gt; (11 bytes)
 total in heap  [0x000077b45811b188,0x000077b45811b5d8] = 1104
 main code      [0x000077b45811b280,0x000077b45811b5a8] = 808
 stub code      [0x000077b45811b5a8,0x000077b45811b5d8] = 48
 mutable data [0x000077b3f02236b0,0x000077b3f0223728] = 120
 relocation     [0x000077b3f02236b0,0x000077b3f0223708] = 88
 metadata       [0x000077b3f0223708,0x000077b3f0223728] = 32
 immutable data [0x000077b3f0116a60,0x000077b3f0116bf4] = 404
 dependencies   [0x000077b3f0116a60,0x000077b3f0116a70] = 16
 scopes pcs     [0x000077b3f0116a70,0x000077b3f0116b70] = 256
 scopes data    [0x000077b3f0116b70,0x000077b3f0116bf0] = 128

[Disassembly]
--------------------------------------------------------------------------------
[Constant Pool (empty)]

--------------------------------------------------------------------------------

[Instructions begin]
  0x000077b45811b280:   data16 data16 nopw 0x0(%rax,%rax,1)
  0x000077b45811b28b:   data16 data16 xchg %ax,%ax
  0x000077b45811b28f:   data16 xchg %ax,%ax
[Entry Point]
  # {method} {0x00000000462ecc28} &apos;&lt;init&gt;&apos; &apos;(Ljava/util/List;)V&apos; in &apos;java/util/Collections$UnmodifiableList&apos;
  # this:     rsi:rsi   = &apos;java/util/Collections$UnmodifiableList&apos;
  # parm0:    rdx:rdx   = &apos;java/util/List&apos;
  #           [sp+0x70]  (sp of caller)
  0x000077b45811b292:   mov    0x8(%rsi),%r10d
  0x000077b45811b296:   cmp    0x8(%rax),%r10d
  0x000077b45811b29a:   jne    0x000077b45f4ad6e0           ;   {runtime_call ic_miss_blob (shared runtime)}
[Verified Entry Point]
  0x000077b45811b2a0:   mov    %eax,-0x14000(%rsp)
  0x000077b45811b2a7:   push   %rbp
  0x000077b45811b2a8:   sub    $0x60,%rsp
  0x000077b45811b2ac:   cmpl   $0x1,0x20(%r15)
  0x000077b45811b2b4:   je     0x000077b45811b2bb
  0x000077b45811b2b6:   call   Stub::method_entry_barrier_stub (stub gen)
                                                            ;   {runtime_call Stub::method_entry_barrier_stub (stub gen)}
  0x000077b45811b2bb:   movabs $0x77b4146b8698,%rdi         ;   {metadata(method data for {method} {0x00000000462ecc28} &apos;&lt;init&gt;&apos; &apos;(Ljava/util/List;)V&apos; in &apos;java/util/Collections$UnmodifiableList&apos;)}
  0x000077b45811b2c5:   mov    0x90(%rdi),%eax
  0x000077b45811b2cb:   add    $0x2,%eax
  0x000077b45811b2ce:   mov    %eax,0x90(%rdi)
  0x000077b45811b2d4:   and    $0x7fe,%eax
  0x000077b45811b2d9:   test   %eax,%eax
  0x000077b45811b2db:   je     0x000077b45811b4a6           ;*aload_0 {reexecute=0 rethrow=0 return_oop=0}
                                                            ; - java.util.Collections$UnmodifiableList::&lt;init&gt;@0 (line 1500)
  0x000077b45811b2e1:   mov    %rsi,%rdi
  0x000077b45811b2e4:   movabs $0x77b4146b8698,%rax         ;   {metadata(method data for {method} {0x00000000462ecc28} &apos;&lt;init&gt;&apos; &apos;(Ljava/util/List;)V&apos; in &apos;java/util/Collections$UnmodifiableList&apos;)}
  0x000077b45811b2ee:   addq   $0x1,0xd8(%rax)
  0x000077b45811b2f6:   movabs $0x77b4146b8950,%rdi         ;   {metadata(method data for {method} {0x00000000462ea050} &apos;&lt;init&gt;&apos; &apos;(Ljava/util/Collection;)V&apos; in &apos;java/util/Collections$UnmodifiableCollection&apos;)}
  0x000077b45811b300:   mov    0x90(%rdi),%eax
  0x000077b45811b306:   add    $0x2,%eax
  0x000077b45811b309:   mov    %eax,0x90(%rdi)
  0x000077b45811b30f:   and    $0x1ffffe,%eax
  0x000077b45811b314:   test   %eax,%eax
  0x000077b45811b316:   je     0x000077b45811b4c7
  0x000077b45811b31c:   mov    %rsi,%rdi
  0x000077b45811b31f:   movabs $0x77b4146b8950,%rax         ;   {metadata(method data for {method} {0x00000000462ea050} &apos;&lt;init&gt;&apos; &apos;(Ljava/util/Collection;)V&apos; in &apos;java/util/Collections$UnmodifiableCollection&apos;)}
  0x000077b45811b329:   addq   $0x1,0xd8(%rax)
  0x000077b45811b331:   movabs $0x77b414010cd0,%rdi         ;   {metadata(method data for {method} {0x00000000464a6d78} &apos;&lt;init&gt;&apos; &apos;()V&apos; in &apos;java/lang/Object&apos;)}
  0x000077b45811b33b:   mov    0x90(%rdi),%eax
  0x000077b45811b341:   add    $0x2,%eax
  0x000077b45811b344:   mov    %eax,0x90(%rdi)
  0x000077b45811b34a:   and    $0x1ffffe,%eax
  0x000077b45811b34f:   test   %eax,%eax
  0x000077b45811b351:   je     0x000077b45811b4e8
  0x000077b45811b357:   test   %rdx,%rdx
  0x000077b45811b35a:   movabs $0x77b4146b8950,%rdi         ;   {metadata(method data for {method} {0x00000000462ea050} &apos;&lt;init&gt;&apos; &apos;(Ljava/util/Collection;)V&apos; in &apos;java/util/Collections$UnmodifiableCollection&apos;)}
  0x000077b45811b364:   mov    $0xf8,%eax
  0x000077b45811b369:   je     0x000077b45811b370
  0x000077b45811b36b:   mov    $0xe8,%eax
  0x000077b45811b370:   mov    (%rdi,%rax,1),%rcx
  0x000077b45811b374:   lea    0x1(%rcx),%rcx
  0x000077b45811b378:   mov    %rcx,(%rdi,%rax,1)
  0x000077b45811b37c:   je     0x000077b45811b40a           ;*ifnonnull {reexecute=0 rethrow=0 return_oop=0}
                                                            ; - java.util.Collections$UnmodifiableCollection::&lt;init&gt;@5 (line 1064)
                                                            ; - java.util.Collections$UnmodifiableList::&lt;init&gt;@2 (line 1500)
  0x000077b45811b382:   movsbl 0x48(%r15),%edi
  0x000077b45811b387:   test   %edi,%edi
  0x000077b45811b389:   jne    0x000077b45811b509
  0x000077b45811b38f:   mov    %rdx,%r10
  0x000077b45811b392:   shr    $0x3,%r10
  0x000077b45811b396:   mov    %r10d,0xc(%rsi)
  0x000077b45811b39a:   mov    %rsi,%rax
  0x000077b45811b39d:   xor    %rdx,%rax
  0x000077b45811b3a0:   shr    $0x17,%rax
  0x000077b45811b3a4:   je     0x000077b45811b3be
  0x000077b45811b3a6:   test   %rdx,%rdx
  0x000077b45811b3a9:   je     0x000077b45811b3be
  0x000077b45811b3ab:   mov    %rsi,%rax
  0x000077b45811b3ae:   shr    $0x9,%rax
  0x000077b45811b3b2:   add    0x50(%r15),%rax
  0x000077b45811b3b6:   cmpb   $0xff,(%rax)
  0x000077b45811b3b9:   jne    0x000077b45811b3be
  0x000077b45811b3bb:   movb   $0x0,(%rax)                  ;*putfield c {reexecute=0 rethrow=0 return_oop=0}
                                                            ; - java.util.Collections$UnmodifiableCollection::&lt;init&gt;@18 (line 1066)
                                                            ; - java.util.Collections$UnmodifiableList::&lt;init&gt;@2 (line 1500)
  0x000077b45811b3be:   movsbl 0x48(%r15),%edi
  0x000077b45811b3c3:   test   %edi,%edi
  0x000077b45811b3c5:   jne    0x000077b45811b527
  0x000077b45811b3cb:   mov    %rdx,%r10
  0x000077b45811b3ce:   shr    $0x3,%r10
  0x000077b45811b3d2:   mov    %r10d,0x10(%rsi)
  0x000077b45811b3d6:   mov    %rsi,%rax
  0x000077b45811b3d9:   xor    %rdx,%rax
  0x000077b45811b3dc:   shr    $0x17,%rax
  0x000077b45811b3e0:   je     0x000077b45811b3fa
  0x000077b45811b3e2:   test   %rdx,%rdx
  0x000077b45811b3e5:   je     0x000077b45811b3fa
  0x000077b45811b3e7:   mov    %rsi,%rax
  0x000077b45811b3ea:   shr    $0x9,%rax
  0x000077b45811b3ee:   add    0x50(%r15),%rax
  0x000077b45811b3f2:   cmpb   $0xff,(%rax)
  0x000077b45811b3f5:   jne    0x000077b45811b3fa
  0x000077b45811b3f7:   movb   $0x0,(%rax)                  ;*putfield list {reexecute=0 rethrow=0 return_oop=0}
                                                            ; - java.util.Collections$UnmodifiableList::&lt;init&gt;@7 (line 1501)
  0x000077b45811b3fa:   add    $0x60,%rsp
  0x000077b45811b3fe:   pop    %rbp
  0x000077b45811b3ff:   cmp    0x28(%r15),%rsp              ;   {poll_return}
  0x000077b45811b403:   ja     0x000077b45811b545
  0x000077b45811b409:   ret                                 ;*return {reexecute=0 rethrow=0 return_oop=0}
                                                            ; - java.util.Collections$UnmodifiableList::&lt;init&gt;@10 (line 1502)
  0x000077b45811b40a:   mov    %rdx,0x48(%rsp)
  0x000077b45811b40f:   mov    %rsi,0x40(%rsp)
  0x000077b45811b414:   nopl   0x0(%rax)
  0x000077b45811b418:   jmp    0x000077b45811b56a           ;   {other}
  0x000077b45811b41d:   add    %al,(%rax)
  0x000077b45811b41f:   add    %al,(%rax)
  0x000077b45811b421:   add    %cl,-0x75(%rcx)
  0x000077b45811b424:   xchg   %esi,0x48000001(%rax)
  0x000077b45811b42a:   lea    0x30(%rax),%edi
  0x000077b45811b42d:   cmp    0x1c0(%r15),%rdi
  0x000077b45811b434:   ja     0x000077b45811b574
  0x000077b45811b43a:   mov    %rdi,0x1b0(%r15)
  0x000077b45811b441:   movq   $0x1,(%rax)
  0x000077b45811b448:   mov    %rdx,%rcx
  0x000077b45811b44b:   mov    $0x46000000,%r10d
  0x000077b45811b451:   sub    %r10,%rcx
  0x000077b45811b454:   mov    %ecx,0x8(%rax)
  0x000077b45811b457:   xor    %rcx,%rcx
  0x000077b45811b45a:   mov    %ecx,0xc(%rax)
  0x000077b45811b45d:   xor    %rcx,%rcx
  0x000077b45811b460:   mov    %rcx,0x10(%rax)
  0x000077b45811b464:   mov    %rcx,0x18(%rax)
  0x000077b45811b468:   mov    %rcx,0x20(%rax)
  0x000077b45811b46c:   mov    %rcx,0x28(%rax)              ;*new {reexecute=0 rethrow=0 return_oop=0}
                                                            ; - java.util.Collections$UnmodifiableCollection::&lt;init&gt;@8 (line 1065)
                                                            ; - java.util.Collections$UnmodifiableList::&lt;init&gt;@2 (line 1500)
  0x000077b45811b470:   mov    %rax,%rsi
  0x000077b45811b473:   movabs $0x77b4146b8950,%rdi         ;   {metadata(method data for {method} {0x00000000462ea050} &apos;&lt;init&gt;&apos; &apos;(Ljava/util/Collection;)V&apos; in &apos;java/util/Collections$UnmodifiableCollection&apos;)}
  0x000077b45811b47d:   addq   $0x1,0x108(%rdi)
  0x000077b45811b485:   mov    %rax,%rsi                    ;*invokespecial &lt;init&gt; {reexecute=0 rethrow=0 return_oop=0}
                                                            ; - java.util.Collections$UnmodifiableCollection::&lt;init&gt;@12 (line 1065)
                                                            ; - java.util.Collections$UnmodifiableList::&lt;init&gt;@2 (line 1500)
  0x000077b45811b488:   mov    %rax,0x38(%rsp)
  0x000077b45811b48d:   xchg   %ax,%ax
  0x000077b45811b48f:   call   0x000077b45f4ad9e0           ; ImmutableOopMap {[56]=Oop [64]=Oop [72]=Oop }
                                                            ;*invokespecial &lt;init&gt; {reexecute=0 rethrow=0 return_oop=0}
                                                            ; - java.util.Collections$UnmodifiableCollection::&lt;init&gt;@12 (line 1065)
                                                            ; - java.util.Collections$UnmodifiableList::&lt;init&gt;@2 (line 1500)
                                                            ;   {optimized virtual_call}
  0x000077b45811b494:   nopl   0x30c(%rax,%rax,1)           ;*invokespecial &lt;init&gt; {reexecute=0 rethrow=0 return_oop=0}
                                                            ; - java.util.Collections$UnmodifiableCollection::&lt;init&gt;@12 (line 1065)
                                                            ; - java.util.Collections$UnmodifiableList::&lt;init&gt;@2 (line 1500)
                                                            ;   {post_call_nop}
  0x000077b45811b49c:   mov    0x38(%rsp),%rax
  0x000077b45811b4a1:   jmp    0x000077b45811b59e
  0x000077b45811b4a6:   movabs $0x462ecc28,%r10             ;   {metadata({method} {0x00000000462ecc28} &apos;&lt;init&gt;&apos; &apos;(Ljava/util/List;)V&apos; in &apos;java/util/Collections$UnmodifiableList&apos;)}
  0x000077b45811b4b0:   mov    %r10,0x8(%rsp)
  0x000077b45811b4b5:   movq   $0xffffffffffffffff,(%rsp)
  0x000077b45811b4bd:   call   0x000077b45f582fe0           ; ImmutableOopMap {rsi=Oop rdx=Oop }
                                                            ;*synchronization entry
                                                            ; - java.util.Collections$UnmodifiableList::&lt;init&gt;@-1 (line 1500)
                                                            ;   {runtime_call counter_overflow_blob (C1 runtime)}
  0x000077b45811b4c2:   jmp    0x000077b45811b2e1
  0x000077b45811b4c7:   movabs $0x462ea050,%r10             ;   {metadata({method} {0x00000000462ea050} &apos;&lt;init&gt;&apos; &apos;(Ljava/util/Collection;)V&apos; in &apos;java/util/Collections$UnmodifiableCollection&apos;)}
  0x000077b45811b4d1:   mov    %r10,0x8(%rsp)
  0x000077b45811b4d6:   movq   $0xffffffffffffffff,(%rsp)
  0x000077b45811b4de:   call   0x000077b45f582fe0           ; ImmutableOopMap {rsi=Oop rdx=Oop }
                                                            ;*synchronization entry
                                                            ; - java.util.Collections$UnmodifiableCollection::&lt;init&gt;@-1 (line 1063)
                                                            ; - java.util.Collections$UnmodifiableList::&lt;init&gt;@2 (line 1500)
                                                            ;   {runtime_call counter_overflow_blob (C1 runtime)}
  0x000077b45811b4e3:   jmp    0x000077b45811b31c
  0x000077b45811b4e8:   movabs $0x464a6d78,%r10             ;   {metadata({method} {0x00000000464a6d78} &apos;&lt;init&gt;&apos; &apos;()V&apos; in &apos;java/lang/Object&apos;)}
  0x000077b45811b4f2:   mov    %r10,0x8(%rsp)
  0x000077b45811b4f7:   movq   $0xffffffffffffffff,(%rsp)
  0x000077b45811b4ff:   call   0x000077b45f582fe0           ; ImmutableOopMap {rsi=Oop rdx=Oop }
                                                            ;*synchronization entry
                                                            ; - java.lang.Object::&lt;init&gt;@-1 (line 46)
                                                            ; - java.util.Collections$UnmodifiableCollection::&lt;init&gt;@1 (line 1063)
                                                            ; - java.util.Collections$UnmodifiableList::&lt;init&gt;@2 (line 1500)
                                                            ;   {runtime_call counter_overflow_blob (C1 runtime)}
  0x000077b45811b504:   jmp    0x000077b45811b357
  0x000077b45811b509:   mov    0xc(%rsi),%edi
  0x000077b45811b50c:   shl    $0x3,%rdi
  0x000077b45811b510:   test   %rdi,%rdi
  0x000077b45811b513:   je     0x000077b45811b38f
  0x000077b45811b519:   mov    %rdi,(%rsp)
  0x000077b45811b51d:   call   0x000077b45f583a60           ;   {runtime_call g1_pre_barrier_slow}
  0x000077b45811b522:   jmp    0x000077b45811b38f
  0x000077b45811b527:   mov    0x10(%rsi),%edi
  0x000077b45811b52a:   shl    $0x3,%rdi
  0x000077b45811b52e:   test   %rdi,%rdi
  0x000077b45811b531:   je     0x000077b45811b3cb
  0x000077b45811b537:   mov    %rdi,(%rsp)
  0x000077b45811b53b:   call   0x000077b45f583a60           ;   {runtime_call g1_pre_barrier_slow}
  0x000077b45811b540:   jmp    0x000077b45811b3cb
  0x000077b45811b545:   movabs $0x77b45811b3ff,%r10         ;   {internal_word}
  0x000077b45811b54f:   mov    %r10,0x510(%r15)
  0x000077b45811b556:   jmp    0x000077b45f4afb60           ;   {runtime_call SafepointBlob}
  0x000077b45811b55b:   movabs $0x0,%rdx                    ;   {metadata(nullptr)}
  0x000077b45811b565:   mov    $0xa050f00,%eax
  0x000077b45811b56a:   call   0x000077b45f5820e0           ; ImmutableOopMap {[64]=Oop [72]=Oop }
                                                            ;*new {reexecute=1 rethrow=0 return_oop=0}
                                                            ; - (reexecute) java.util.Collections$UnmodifiableCollection::&lt;init&gt;@8 (line 1065)
                                                            ; - java.util.Collections$UnmodifiableList::&lt;init&gt;@2 (line 1500)
                                                            ;   {runtime_call load_klass_patching_blob (C1 runtime)}
  0x000077b45811b56f:   jmp    0x000077b45811b418
  0x000077b45811b574:   mov    %rdx,%rdx
  0x000077b45811b577:   call   0x000077b45f57d3e0           ; ImmutableOopMap {[64]=Oop [72]=Oop }
                                                            ;*new {reexecute=0 rethrow=0 return_oop=0}
                                                            ; - java.util.Collections$UnmodifiableCollection::&lt;init&gt;@8 (line 1065)
                                                            ; - java.util.Collections$UnmodifiableList::&lt;init&gt;@2 (line 1500)
                                                            ;   {runtime_call fast_new_instance_blob (C1 runtime)}
  0x000077b45811b57c:   jmp    0x000077b45811b470
  0x000077b45811b581:   mov    0x5c0(%r15),%rax
  0x000077b45811b588:   movq   $0x0,0x5c0(%r15)
  0x000077b45811b593:   movq   $0x0,0x5c8(%r15)
  0x000077b45811b59e:   add    $0x60,%rsp
  0x000077b45811b5a2:   pop    %rbp
  0x000077b45811b5a3:   jmp    0x000077b45f57b760           ;   {runtime_call unwind_exception_blob (C1 runtime)}
[Stub Code]
  0x000077b45811b5a8:   movabs $0x0,%rbx                    ;   {static_stub}
  0x000077b45811b5b2:   jmp    0x000077b45811b5b2           ;   {runtime_call nmethod}
[Exception Handler]
  0x000077b45811b5b7:   call   0x000077b45f57ede0           ;   {runtime_call handle_exception_from_callee_blob (C1 runtime)}
  0x000077b45811b5bc:   movabs $0x77b478d3aec4,%rdi         ;   {external_word}
  0x000077b45811b5c6:   and    $0xfffffffffffffff0,%rsp
  0x000077b45811b5ca:   call   0x000077b478791cc0           ;   {runtime_call MacroAssembler::debug64(char*, long, long*)}
  0x000077b45811b5cf:   hlt    
  0x000077b45811b5d0:   call   0x000077b45f4afe60           ;   {runtime_call DeoptimizationBlob}
[Deopt Handler Entry Point]
  0x000077b45811b5d5:   jmp    0x000077b45811b5d0
  0x000077b45811b5d7:   hlt    
--------------------------------------------------------------------------------
[/Disassembly]
