
============================= C1-compiled nmethod ==============================
----------------------------------- Assembly -----------------------------------

Compiled method (c1) 33725 1475       3       java.util.regex.Pattern$Start::&lt;init&gt; (35 bytes)
 total in heap  [0x000077b45811b608,0x000077b45811bc00] = 1528
 main code      [0x000077b45811b700,0x000077b45811bbc8] = 1224
 stub code      [0x000077b45811bbc8,0x000077b45811bc00] = 56
 mutable data [0x000077b3fc30d780,0x000077b3fc30d820] = 160
 relocation     [0x000077b3fc30d780,0x000077b3fc30d7f0] = 112
 metadata       [0x000077b3fc30d7f0,0x000077b3fc30d820] = 48
 immutable data [0x000077b3fc30d530,0x000077b3fc30d76c] = 572
 dependencies   [0x000077b3fc30d530,0x000077b3fc30d540] = 16
 nul chk table  [0x000077b3fc30d540,0x000077b3fc30d550] = 16
 scopes pcs     [0x000077b3fc30d550,0x000077b3fc30d6a0] = 336
 scopes data    [0x000077b3fc30d6a0,0x000077b3fc30d768] = 200

[Disassembly]
--------------------------------------------------------------------------------
[Constant Pool (empty)]

--------------------------------------------------------------------------------

[Instructions begin]
  0x000077b45811b700:   data16 data16 nopw 0x0(%rax,%rax,1)
  0x000077b45811b70b:   data16 data16 xchg %ax,%ax
  0x000077b45811b70f:   data16 xchg %ax,%ax
[Entry Point]
  # {method} {0x000000004640d5f8} &apos;&lt;init&gt;&apos; &apos;(Ljava/util/regex/Pattern$Node;)V&apos; in &apos;java/util/regex/Pattern$Start&apos;
  # this:     rsi:rsi   = &apos;java/util/regex/Pattern$Start&apos;
  # parm0:    rdx:rdx   = &apos;java/util/regex/Pattern$Node&apos;
  #           [sp+0x70]  (sp of caller)
  0x000077b45811b712:   mov    0x8(%rsi),%r10d
  0x000077b45811b716:   cmp    0x8(%rax),%r10d
  0x000077b45811b71a:   jne    0x000077b45f4ad6e0           ;   {runtime_call ic_miss_blob (shared runtime)}
[Verified Entry Point]
  0x000077b45811b720:   mov    %eax,-0x14000(%rsp)
  0x000077b45811b727:   push   %rbp
  0x000077b45811b728:   sub    $0x60,%rsp
  0x000077b45811b72c:   cmpl   $0x1,0x20(%r15)
  0x000077b45811b734:   je     0x000077b45811b73b
  0x000077b45811b736:   call   Stub::method_entry_barrier_stub (stub gen)
                                                            ;   {runtime_call Stub::method_entry_barrier_stub (stub gen)}
  0x000077b45811b73b:   mov    %rdx,%rbx
  0x000077b45811b73e:   movabs $0x77b4146b9418,%rdx         ;   {metadata(method data for {method} {0x000000004640d5f8} &apos;&lt;init&gt;&apos; &apos;(Ljava/util/regex/Pattern$Node;)V&apos; in &apos;java/util/regex/Pattern$Start&apos;)}
  0x000077b45811b748:   mov    0x90(%rdx),%edi
  0x000077b45811b74e:   add    $0x2,%edi
  0x000077b45811b751:   mov    %edi,0x90(%rdx)
  0x000077b45811b757:   and    $0x7fe,%edi
  0x000077b45811b75d:   test   %edi,%edi
  0x000077b45811b75f:   je     0x000077b45811ba74           ;*aload_0 {reexecute=0 rethrow=0 return_oop=0}
                                                            ; - java.util.regex.Pattern$Start::&lt;init&gt;@0 (line 3781)
  0x000077b45811b765:   mov    %rsi,%rdx
  0x000077b45811b768:   movabs $0x77b4146b9418,%rdi         ;   {metadata(method data for {method} {0x000000004640d5f8} &apos;&lt;init&gt;&apos; &apos;(Ljava/util/regex/Pattern$Node;)V&apos; in &apos;java/util/regex/Pattern$Start&apos;)}
  0x000077b45811b772:   addq   $0x1,0xd8(%rdi)
  0x000077b45811b77a:   movabs $0x77b414176ba0,%rdx         ;   {metadata(method data for {method} {0x000000004640d270} &apos;&lt;init&gt;&apos; &apos;()V&apos; in &apos;java/util/regex/Pattern$Node&apos;)}
  0x000077b45811b784:   mov    0x90(%rdx),%edi
  0x000077b45811b78a:   add    $0x2,%edi
  0x000077b45811b78d:   mov    %edi,0x90(%rdx)
  0x000077b45811b793:   and    $0x1ffffe,%edi
  0x000077b45811b799:   test   %edi,%edi
  0x000077b45811b79b:   je     0x000077b45811ba95
  0x000077b45811b7a1:   mov    %rsi,%rdx
  0x000077b45811b7a4:   movabs $0x77b414176ba0,%rdi         ;   {metadata(method data for {method} {0x000000004640d270} &apos;&lt;init&gt;&apos; &apos;()V&apos; in &apos;java/util/regex/Pattern$Node&apos;)}
  0x000077b45811b7ae:   addq   $0x1,0xd8(%rdi)
  0x000077b45811b7b6:   movabs $0x77b414010cd0,%rdx         ;   {metadata(method data for {method} {0x00000000464a6d78} &apos;&lt;init&gt;&apos; &apos;()V&apos; in &apos;java/lang/Object&apos;)}
  0x000077b45811b7c0:   mov    0x90(%rdx),%edi
  0x000077b45811b7c6:   add    $0x2,%edi
  0x000077b45811b7c9:   mov    %edi,0x90(%rdx)
  0x000077b45811b7cf:   and    $0x1ffffe,%edi
  0x000077b45811b7d5:   test   %edi,%edi
  0x000077b45811b7d7:   je     0x000077b45811bab6
  0x000077b45811b7dd:   movsbl 0x48(%r15),%edx
  0x000077b45811b7e2:   test   %edx,%edx
  0x000077b45811b7e4:   jne    0x000077b45811bad7
  0x000077b45811b7ea:   movabs $0x420044c60,%r10            ;   {oop(a &apos;java/util/regex/Pattern$Node&apos;{0x0000000420044c60})}
  0x000077b45811b7f4:   shr    $0x3,%r10
  0x000077b45811b7f8:   mov    %r10d,0xc(%rsi)
  0x000077b45811b7fc:   movabs $0x420044c60,%rdx            ;   {oop(a &apos;java/util/regex/Pattern$Node&apos;{0x0000000420044c60})}
  0x000077b45811b806:   mov    %rsi,%rax
  0x000077b45811b809:   xor    %rdx,%rax
  0x000077b45811b80c:   shr    $0x17,%rax
  0x000077b45811b810:   je     0x000077b45811b82a
  0x000077b45811b812:   test   %rdx,%rdx
  0x000077b45811b815:   je     0x000077b45811b82a
  0x000077b45811b817:   mov    %rsi,%rax
  0x000077b45811b81a:   shr    $0x9,%rax
  0x000077b45811b81e:   add    0x50(%r15),%rax
  0x000077b45811b822:   cmpb   $0xff,(%rax)
  0x000077b45811b825:   jne    0x000077b45811b82a
  0x000077b45811b827:   movb   $0x0,(%rax)                  ;*putfield next {reexecute=0 rethrow=0 return_oop=0}
                                                            ; - java.util.regex.Pattern$Node::&lt;init&gt;@8 (line 3734)
                                                            ; - java.util.regex.Pattern$Start::&lt;init&gt;@1 (line 3781)
  0x000077b45811b82a:   movsbl 0x48(%r15),%edx
  0x000077b45811b82f:   test   %edx,%edx
  0x000077b45811b831:   jne    0x000077b45811baf5
  0x000077b45811b837:   mov    %rbx,%r10
  0x000077b45811b83a:   shr    $0x3,%r10
  0x000077b45811b83e:   mov    %r10d,0xc(%rsi)
  0x000077b45811b842:   mov    %rsi,%rdi
  0x000077b45811b845:   xor    %rbx,%rdi
  0x000077b45811b848:   shr    $0x17,%rdi
  0x000077b45811b84c:   je     0x000077b45811b866
  0x000077b45811b84e:   test   %rbx,%rbx
  0x000077b45811b851:   je     0x000077b45811b866
  0x000077b45811b853:   mov    %rsi,%rdi
  0x000077b45811b856:   shr    $0x9,%rdi
  0x000077b45811b85a:   add    0x50(%r15),%rdi
  0x000077b45811b85e:   cmpb   $0xff,(%rdi)
  0x000077b45811b861:   jne    0x000077b45811b866
  0x000077b45811b863:   movb   $0x0,(%rdi)                  ;*putfield next {reexecute=0 rethrow=0 return_oop=0}
                                                            ; - java.util.regex.Pattern$Start::&lt;init&gt;@6 (line 3782)
  0x000077b45811b866:   movabs $0x46410a70,%rdx             ;   {metadata(&apos;java/util/regex/Pattern$TreeInfo&apos;)}
  0x000077b45811b870:   mov    %rsi,0x48(%rsp)
  0x000077b45811b875:   mov    0x1b0(%r15),%rax
  0x000077b45811b87c:   lea    0x18(%rax),%rdi
  0x000077b45811b880:   cmp    0x1c0(%r15),%rdi
  0x000077b45811b887:   ja     0x000077b45811bb13
  0x000077b45811b88d:   mov    %rdi,0x1b0(%r15)
  0x000077b45811b894:   movq   $0x1,(%rax)
  0x000077b45811b89b:   mov    %rdx,%rcx
  0x000077b45811b89e:   mov    $0x46000000,%r10d
  0x000077b45811b8a4:   sub    %r10,%rcx
  0x000077b45811b8a7:   mov    %ecx,0x8(%rax)
  0x000077b45811b8aa:   xor    %rcx,%rcx
  0x000077b45811b8ad:   mov    %ecx,0xc(%rax)
  0x000077b45811b8b0:   xor    %rcx,%rcx
  0x000077b45811b8b3:   mov    %rcx,0x10(%rax)              ;*new {reexecute=0 rethrow=0 return_oop=0}
                                                            ; - java.util.regex.Pattern$Start::&lt;init&gt;@9 (line 3783)
  0x000077b45811b8b7:   mov    %rax,%rdx
  0x000077b45811b8ba:   movabs $0x77b4146b9418,%rsi         ;   {metadata(method data for {method} {0x000000004640d5f8} &apos;&lt;init&gt;&apos; &apos;(Ljava/util/regex/Pattern$Node;)V&apos; in &apos;java/util/regex/Pattern$Start&apos;)}
  0x000077b45811b8c4:   addq   $0x1,0xe8(%rsi)
  0x000077b45811b8cc:   movabs $0x77b4146b92c0,%rdx         ;   {metadata(method data for {method} {0x0000000046410cc0} &apos;&lt;init&gt;&apos; &apos;()V&apos; in &apos;java/util/regex/Pattern$TreeInfo&apos;)}
  0x000077b45811b8d6:   mov    0x90(%rdx),%esi
  0x000077b45811b8dc:   add    $0x2,%esi
  0x000077b45811b8df:   mov    %esi,0x90(%rdx)
  0x000077b45811b8e5:   and    $0x1ffffe,%esi
  0x000077b45811b8eb:   test   %esi,%esi
  0x000077b45811b8ed:   je     0x000077b45811bb20
  0x000077b45811b8f3:   mov    %rax,%rdx
  0x000077b45811b8f6:   movabs $0x77b4146b92c0,%rsi         ;   {metadata(method data for {method} {0x0000000046410cc0} &apos;&lt;init&gt;&apos; &apos;()V&apos; in &apos;java/util/regex/Pattern$TreeInfo&apos;)}
  0x000077b45811b900:   addq   $0x1,0xd8(%rsi)
  0x000077b45811b908:   movabs $0x77b414010cd0,%rdx         ;   {metadata(method data for {method} {0x00000000464a6d78} &apos;&lt;init&gt;&apos; &apos;()V&apos; in &apos;java/lang/Object&apos;)}
  0x000077b45811b912:   mov    0x90(%rdx),%esi
  0x000077b45811b918:   add    $0x2,%esi
  0x000077b45811b91b:   mov    %esi,0x90(%rdx)
  0x000077b45811b921:   and    $0x1ffffe,%esi
  0x000077b45811b927:   test   %esi,%esi
  0x000077b45811b929:   je     0x000077b45811bb41
  0x000077b45811b92f:   mov    %rax,%rdx
  0x000077b45811b932:   movabs $0x77b4146b92c0,%rsi         ;   {metadata(method data for {method} {0x0000000046410cc0} &apos;&lt;init&gt;&apos; &apos;()V&apos; in &apos;java/util/regex/Pattern$TreeInfo&apos;)}
  0x000077b45811b93c:   mov    0x8(%rdx),%edx
  0x000077b45811b93f:   mov    $0x46000000,%r10d
  0x000077b45811b945:   add    %r10,%rdx
  0x000077b45811b948:   mov    $0x1e,%r10d
  0x000077b45811b94e:   cmp    (%rsi,%r10,8),%rdx
  0x000077b45811b952:   je     0x000077b45811b98b
  0x000077b45811b954:   add    $0x2,%r10
  0x000077b45811b958:   cmp    $0x22,%r10
  0x000077b45811b95c:   jne    0x000077b45811b94e
  0x000077b45811b95e:   mov    $0x1e,%r10d
  0x000077b45811b964:   cmpq   $0x0,(%rsi,%r10,8)
  0x000077b45811b969:   je     0x000077b45811b977
  0x000077b45811b96b:   add    $0x2,%r10
  0x000077b45811b96f:   cmp    $0x22,%r10
  0x000077b45811b973:   jne    0x000077b45811b964
  0x000077b45811b975:   jmp    0x000077b45811b983
  0x000077b45811b977:   push   %rax
  0x000077b45811b978:   xor    %rax,%rax
  0x000077b45811b97b:   cmpxchg %rdx,(%rsi,%r10,8)
  0x000077b45811b980:   pop    %rax
  0x000077b45811b981:   jmp    0x000077b45811b948
  0x000077b45811b983:   mov    $0x1d,%r10d
  0x000077b45811b989:   jmp    0x000077b45811b98f
  0x000077b45811b98b:   add    $0x1,%r10
  0x000077b45811b98f:   addq   $0x1,(%rsi,%r10,8)
  0x000077b45811b994:   movabs $0x77b4146acc18,%rdx         ;   {metadata(method data for {method} {0x0000000046410d18} &apos;reset&apos; &apos;()V&apos; in &apos;java/util/regex/Pattern$TreeInfo&apos;)}
  0x000077b45811b99e:   mov    0x90(%rdx),%esi
  0x000077b45811b9a4:   add    $0x2,%esi
  0x000077b45811b9a7:   mov    %esi,0x90(%rdx)
  0x000077b45811b9ad:   and    $0x1ffffe,%esi
  0x000077b45811b9b3:   test   %esi,%esi
  0x000077b45811b9b5:   je     0x000077b45811bb62
  0x000077b45811b9bb:   movb   $0x1,0x14(%rax)              ;*putfield maxValid {reexecute=0 rethrow=0 return_oop=0}
                                                            ; - java.util.regex.Pattern$TreeInfo::reset@12 (line 2030)
                                                            ; - java.util.regex.Pattern$TreeInfo::&lt;init&gt;@5 (line 2025)
                                                            ; - java.util.regex.Pattern$Start::&lt;init&gt;@13 (line 3783)
  0x000077b45811b9bf:   movb   $0x1,0x15(%rax)              ;*putfield deterministic {reexecute=0 rethrow=0 return_oop=0}
                                                            ; - java.util.regex.Pattern$TreeInfo::reset@17 (line 2031)
                                                            ; - java.util.regex.Pattern$TreeInfo::&lt;init&gt;@5 (line 2025)
                                                            ; - java.util.regex.Pattern$Start::&lt;init&gt;@13 (line 3783)
  0x000077b45811b9c3:   cmp    (%rbx),%rax                  ; implicit exception: dispatches to 0x000077b45811bb83
  0x000077b45811b9c6:   mov    %rbx,%rdx
  0x000077b45811b9c9:   movabs $0x77b4146b9418,%rsi         ;   {metadata(method data for {method} {0x000000004640d5f8} &apos;&lt;init&gt;&apos; &apos;(Ljava/util/regex/Pattern$Node;)V&apos; in &apos;java/util/regex/Pattern$Start&apos;)}
  0x000077b45811b9d3:   mov    0x8(%rdx),%edx
  0x000077b45811b9d6:   mov    $0x46000000,%r10d
  0x000077b45811b9dc:   add    %r10,%rdx
  0x000077b45811b9df:   mov    $0x20,%r10d
  0x000077b45811b9e5:   cmp    (%rsi,%r10,8),%rdx
  0x000077b45811b9e9:   je     0x000077b45811ba22
  0x000077b45811b9eb:   add    $0x2,%r10
  0x000077b45811b9ef:   cmp    $0x24,%r10
  0x000077b45811b9f3:   jne    0x000077b45811b9e5
  0x000077b45811b9f5:   mov    $0x20,%r10d
  0x000077b45811b9fb:   cmpq   $0x0,(%rsi,%r10,8)
  0x000077b45811ba00:   je     0x000077b45811ba0e
  0x000077b45811ba02:   add    $0x2,%r10
  0x000077b45811ba06:   cmp    $0x24,%r10
  0x000077b45811ba0a:   jne    0x000077b45811b9fb
  0x000077b45811ba0c:   jmp    0x000077b45811ba1a
  0x000077b45811ba0e:   push   %rax
  0x000077b45811ba0f:   xor    %rax,%rax
  0x000077b45811ba12:   cmpxchg %rdx,(%rsi,%r10,8)
  0x000077b45811ba17:   pop    %rax
  0x000077b45811ba18:   jmp    0x000077b45811b9df
  0x000077b45811ba1a:   mov    $0x1f,%r10d
  0x000077b45811ba20:   jmp    0x000077b45811ba26
  0x000077b45811ba22:   add    $0x1,%r10
  0x000077b45811ba26:   addq   $0x1,(%rsi,%r10,8)
  0x000077b45811ba2b:   mov    %rax,%rdx
  0x000077b45811ba2e:   mov    %rbx,%rsi                    ;*invokevirtual study {reexecute=0 rethrow=0 return_oop=0}
                                                            ; - java.util.regex.Pattern$Start::&lt;init&gt;@22 (line 3784)
  0x000077b45811ba31:   mov    %rax,0x40(%rsp)
  0x000077b45811ba36:   nopl   0x0(%rax)
  0x000077b45811ba3d:   movabs $0x77b3fc30d8d0,%rax
  0x000077b45811ba47:   call   0x000077b45f4adce0           ; ImmutableOopMap {[64]=Oop [72]=Oop }
                                                            ;*invokevirtual study {reexecute=0 rethrow=0 return_oop=0}
                                                            ; - java.util.regex.Pattern$Start::&lt;init&gt;@22 (line 3784)
                                                            ;   {virtual_call}
  0x000077b45811ba4c:   nopl   0x444(%rax,%rax,1)           ;*invokevirtual study {reexecute=0 rethrow=0 return_oop=0}
                                                            ; - java.util.regex.Pattern$Start::&lt;init&gt;@22 (line 3784)
                                                            ;   {post_call_nop}
  0x000077b45811ba54:   mov    0x40(%rsp),%rax
  0x000077b45811ba59:   mov    0xc(%rax),%esi               ;*getfield minLength {reexecute=0 rethrow=0 return_oop=0}
                                                            ; - java.util.regex.Pattern$Start::&lt;init&gt;@28 (line 3785)
  0x000077b45811ba5c:   mov    0x48(%rsp),%rdi
  0x000077b45811ba61:   mov    %esi,0x10(%rdi)              ;*putfield minLength {reexecute=0 rethrow=0 return_oop=0}
                                                            ; - java.util.regex.Pattern$Start::&lt;init&gt;@31 (line 3785)
  0x000077b45811ba64:   add    $0x60,%rsp
  0x000077b45811ba68:   pop    %rbp
  0x000077b45811ba69:   cmp    0x28(%r15),%rsp              ;   {poll_return}
  0x000077b45811ba6d:   ja     0x000077b45811bb88
  0x000077b45811ba73:   ret    
  0x000077b45811ba74:   movabs $0x4640d5f8,%r10             ;   {metadata({method} {0x000000004640d5f8} &apos;&lt;init&gt;&apos; &apos;(Ljava/util/regex/Pattern$Node;)V&apos; in &apos;java/util/regex/Pattern$Start&apos;)}
  0x000077b45811ba7e:   mov    %r10,0x8(%rsp)
  0x000077b45811ba83:   movq   $0xffffffffffffffff,(%rsp)
  0x000077b45811ba8b:   call   0x000077b45f582fe0           ; ImmutableOopMap {rsi=Oop rbx=Oop }
                                                            ;*synchronization entry
                                                            ; - java.util.regex.Pattern$Start::&lt;init&gt;@-1 (line 3781)
                                                            ;   {runtime_call counter_overflow_blob (C1 runtime)}
  0x000077b45811ba90:   jmp    0x000077b45811b765
  0x000077b45811ba95:   movabs $0x4640d270,%r10             ;   {metadata({method} {0x000000004640d270} &apos;&lt;init&gt;&apos; &apos;()V&apos; in &apos;java/util/regex/Pattern$Node&apos;)}
  0x000077b45811ba9f:   mov    %r10,0x8(%rsp)
  0x000077b45811baa4:   movq   $0xffffffffffffffff,(%rsp)
  0x000077b45811baac:   call   0x000077b45f582fe0           ; ImmutableOopMap {rsi=Oop rbx=Oop }
                                                            ;*synchronization entry
                                                            ; - java.util.regex.Pattern$Node::&lt;init&gt;@-1 (line 3733)
                                                            ; - java.util.regex.Pattern$Start::&lt;init&gt;@1 (line 3781)
                                                            ;   {runtime_call counter_overflow_blob (C1 runtime)}
  0x000077b45811bab1:   jmp    0x000077b45811b7a1
  0x000077b45811bab6:   movabs $0x464a6d78,%r10             ;   {metadata({method} {0x00000000464a6d78} &apos;&lt;init&gt;&apos; &apos;()V&apos; in &apos;java/lang/Object&apos;)}
  0x000077b45811bac0:   mov    %r10,0x8(%rsp)
  0x000077b45811bac5:   movq   $0xffffffffffffffff,(%rsp)
  0x000077b45811bacd:   call   0x000077b45f582fe0           ; ImmutableOopMap {rsi=Oop rbx=Oop }
                                                            ;*synchronization entry
                                                            ; - java.lang.Object::&lt;init&gt;@-1 (line 46)
                                                            ; - java.util.regex.Pattern$Node::&lt;init&gt;@1 (line 3733)
                                                            ; - java.util.regex.Pattern$Start::&lt;init&gt;@1 (line 3781)
                                                            ;   {runtime_call counter_overflow_blob (C1 runtime)}
  0x000077b45811bad2:   jmp    0x000077b45811b7dd
  0x000077b45811bad7:   mov    0xc(%rsi),%edx
  0x000077b45811bada:   shl    $0x3,%rdx
  0x000077b45811bade:   test   %rdx,%rdx
  0x000077b45811bae1:   je     0x000077b45811b7ea
  0x000077b45811bae7:   mov    %rdx,(%rsp)
  0x000077b45811baeb:   call   0x000077b45f583a60           ;   {runtime_call g1_pre_barrier_slow}
  0x000077b45811baf0:   jmp    0x000077b45811b7ea
  0x000077b45811baf5:   mov    0xc(%rsi),%edx
  0x000077b45811baf8:   shl    $0x3,%rdx
  0x000077b45811bafc:   test   %rdx,%rdx
  0x000077b45811baff:   je     0x000077b45811b837
  0x000077b45811bb05:   mov    %rdx,(%rsp)
  0x000077b45811bb09:   call   0x000077b45f583a60           ;   {runtime_call g1_pre_barrier_slow}
  0x000077b45811bb0e:   jmp    0x000077b45811b837
  0x000077b45811bb13:   mov    %rdx,%rdx
  0x000077b45811bb16:   call   0x000077b45f57d3e0           ; ImmutableOopMap {rbx=Oop [72]=Oop }
                                                            ;*new {reexecute=0 rethrow=0 return_oop=0}
                                                            ; - java.util.regex.Pattern$Start::&lt;init&gt;@9 (line 3783)
                                                            ;   {runtime_call fast_new_instance_blob (C1 runtime)}
  0x000077b45811bb1b:   jmp    0x000077b45811b8b7
  0x000077b45811bb20:   movabs $0x46410cc0,%r10             ;   {metadata({method} {0x0000000046410cc0} &apos;&lt;init&gt;&apos; &apos;()V&apos; in &apos;java/util/regex/Pattern$TreeInfo&apos;)}
  0x000077b45811bb2a:   mov    %r10,0x8(%rsp)
  0x000077b45811bb2f:   movq   $0xffffffffffffffff,(%rsp)
  0x000077b45811bb37:   call   0x000077b45f582fe0           ; ImmutableOopMap {rbx=Oop rax=Oop [72]=Oop }
                                                            ;*synchronization entry
                                                            ; - java.util.regex.Pattern$TreeInfo::&lt;init&gt;@-1 (line 2024)
                                                            ; - java.util.regex.Pattern$Start::&lt;init&gt;@13 (line 3783)
                                                            ;   {runtime_call counter_overflow_blob (C1 runtime)}
  0x000077b45811bb3c:   jmp    0x000077b45811b8f3
  0x000077b45811bb41:   movabs $0x464a6d78,%r10             ;   {metadata({method} {0x00000000464a6d78} &apos;&lt;init&gt;&apos; &apos;()V&apos; in &apos;java/lang/Object&apos;)}
  0x000077b45811bb4b:   mov    %r10,0x8(%rsp)
  0x000077b45811bb50:   movq   $0xffffffffffffffff,(%rsp)
  0x000077b45811bb58:   call   0x000077b45f582fe0           ; ImmutableOopMap {rbx=Oop rax=Oop [72]=Oop }
                                                            ;*synchronization entry
                                                            ; - java.lang.Object::&lt;init&gt;@-1 (line 46)
                                                            ; - java.util.regex.Pattern$TreeInfo::&lt;init&gt;@1 (line 2024)
                                                            ; - java.util.regex.Pattern$Start::&lt;init&gt;@13 (line 3783)
                                                            ;   {runtime_call counter_overflow_blob (C1 runtime)}
  0x000077b45811bb5d:   jmp    0x000077b45811b92f
  0x000077b45811bb62:   movabs $0x46410d18,%r10             ;   {metadata({method} {0x0000000046410d18} &apos;reset&apos; &apos;()V&apos; in &apos;java/util/regex/Pattern$TreeInfo&apos;)}
  0x000077b45811bb6c:   mov    %r10,0x8(%rsp)
  0x000077b45811bb71:   movq   $0xffffffffffffffff,(%rsp)
  0x000077b45811bb79:   call   0x000077b45f582fe0           ; ImmutableOopMap {rbx=Oop rax=Oop [72]=Oop }
                                                            ;*synchronization entry
                                                            ; - java.util.regex.Pattern$TreeInfo::reset@-1 (line 2028)
                                                            ; - java.util.regex.Pattern$TreeInfo::&lt;init&gt;@5 (line 2025)
                                                            ; - java.util.regex.Pattern$Start::&lt;init&gt;@13 (line 3783)
                                                            ;   {runtime_call counter_overflow_blob (C1 runtime)}
  0x000077b45811bb7e:   jmp    0x000077b45811b9bb
  0x000077b45811bb83:   call   0x000077b45f57c660           ; ImmutableOopMap {rbx=Oop rax=Oop [72]=Oop }
                                                            ;*invokevirtual study {reexecute=0 rethrow=0 return_oop=0}
                                                            ; - java.util.regex.Pattern$Start::&lt;init&gt;@22 (line 3784)
                                                            ;   {runtime_call throw_null_pointer_exception_blob (C1 runtime)}
  0x000077b45811bb88:   movabs $0x77b45811ba69,%r10         ;   {internal_word}
  0x000077b45811bb92:   mov    %r10,0x510(%r15)
  0x000077b45811bb99:   jmp    0x000077b45f4afb60           ;   {runtime_call SafepointBlob}
  0x000077b45811bb9e:   mov    0x5c0(%r15),%rax
  0x000077b45811bba5:   movq   $0x0,0x5c0(%r15)
  0x000077b45811bbb0:   movq   $0x0,0x5c8(%r15)
  0x000077b45811bbbb:   add    $0x60,%rsp
  0x000077b45811bbbf:   pop    %rbp
  0x000077b45811bbc0:   jmp    0x000077b45f57b760           ;   {runtime_call unwind_exception_blob (C1 runtime)}
  0x000077b45811bbc5:   hlt    
  0x000077b45811bbc6:   hlt    
  0x000077b45811bbc7:   hlt    
[Stub Code]
  0x000077b45811bbc8:   nopl   0x0(%rax,%rax,1)             ;   {other}
  0x000077b45811bbcd:   movabs $0x0,%rbx                    ;   {static_stub}
  0x000077b45811bbd7:   jmp    0x000077b45811bbd7           ;   {runtime_call nmethod}
[Exception Handler]
  0x000077b45811bbdc:   call   0x000077b45f57ede0           ;   {runtime_call handle_exception_from_callee_blob (C1 runtime)}
  0x000077b45811bbe1:   movabs $0x77b478d3aec4,%rdi         ;   {external_word}
  0x000077b45811bbeb:   and    $0xfffffffffffffff0,%rsp
  0x000077b45811bbef:   call   0x000077b478791cc0           ;   {runtime_call MacroAssembler::debug64(char*, long, long*)}
  0x000077b45811bbf4:   hlt    
  0x000077b45811bbf5:   call   0x000077b45f4afe60           ;   {runtime_call DeoptimizationBlob}
[Deopt Handler Entry Point]
  0x000077b45811bbfa:   jmp    0x000077b45811bbf5
  0x000077b45811bbfc:   hlt    
  0x000077b45811bbfd:   hlt    
  0x000077b45811bbfe:   hlt    
  0x000077b45811bbff:   hlt    
--------------------------------------------------------------------------------
[/Disassembly]
