
============================= C1-compiled nmethod ==============================
----------------------------------- Assembly -----------------------------------

Compiled method (c1) 33470 1476       3       java.lang.Class::forName (10 bytes)
 total in heap  [0x000077b458119208,0x000077b458119668] = 1120
 main code      [0x000077b458119300,0x000077b458119608] = 776
 stub code      [0x000077b458119608,0x000077b458119668] = 96
 mutable data [0x000077b3e8246140,0x000077b3e82461e0] = 160
 relocation     [0x000077b3e8246140,0x000077b3e82461c0] = 128
 metadata       [0x000077b3e82461c0,0x000077b3e82461e0] = 32
 immutable data [0x000077b3e8292ae0,0x000077b3e8292d44] = 612
 dependencies   [0x000077b3e8292ae0,0x000077b3e8292af0] = 16
 nul chk table  [0x000077b3e8292af0,0x000077b3e8292b00] = 16
 scopes pcs     [0x000077b3e8292b00,0x000077b3e8292c80] = 384
 scopes data    [0x000077b3e8292c80,0x000077b3e8292d40] = 192

[Disassembly]
--------------------------------------------------------------------------------
[Constant Pool (empty)]

--------------------------------------------------------------------------------

[Verified Entry Point]
  # {method} {0x0000000046188848} &apos;forName&apos; &apos;(Ljava/lang/String;)Ljava/lang/Class;&apos; in &apos;java/lang/Class&apos;
  # parm0:    rsi:rsi   = &apos;java/lang/String&apos;
  #           [sp+0x80]  (sp of caller)
  0x000077b458119300:   mov    %eax,-0x14000(%rsp)
  0x000077b458119307:   push   %rbp
  0x000077b458119308:   sub    $0x70,%rsp
  0x000077b45811930c:   cmpl   $0x1,0x20(%r15)
  0x000077b458119314:   je     0x000077b45811931b
  0x000077b458119316:   call   Stub::method_entry_barrier_stub (stub gen)
                                                            ;   {runtime_call Stub::method_entry_barrier_stub (stub gen)}
  0x000077b45811931b:   movabs $0x77b4146b8450,%rdi         ;   {metadata(method data for {method} {0x0000000046188848} &apos;forName&apos; &apos;(Ljava/lang/String;)Ljava/lang/Class;&apos; in &apos;java/lang/Class&apos;)}
  0x000077b458119325:   mov    0x90(%rdi),%ebx
  0x000077b45811932b:   add    $0x2,%ebx
  0x000077b45811932e:   mov    %ebx,0x90(%rdi)
  0x000077b458119334:   and    $0x7fe,%ebx
  0x000077b45811933a:   test   %ebx,%ebx
  0x000077b45811933c:   je     0x000077b45811955c           ;*invokestatic getCallerClass {reexecute=0 rethrow=0 return_oop=0}
                                                            ; - java.lang.Class::forName@0 (line 467)
  0x000077b458119342:   mov    %rsi,0x58(%rsp)
  0x000077b458119347:   movabs $0x77b4146b8450,%rdi         ;   {metadata(method data for {method} {0x0000000046188848} &apos;forName&apos; &apos;(Ljava/lang/String;)Ljava/lang/Class;&apos; in &apos;java/lang/Class&apos;)}
  0x000077b458119351:   addq   $0x1,0xd8(%rdi)
  0x000077b458119359:   nopw   0x0(%rax,%rax,1)
  0x000077b45811935f:   call   0x000077b45fbc6d90           ; ImmutableOopMap {[88]=Oop }
                                                            ;*invokestatic getCallerClass {reexecute=0 rethrow=0 return_oop=0}
                                                            ; - java.lang.Class::forName@0 (line 467)
                                                            ;   {static_call}
  0x000077b458119364:   nopl   0x15c(%rax,%rax,1)           ;*invokestatic getCallerClass {reexecute=0 rethrow=0 return_oop=0}
                                                            ; - java.lang.Class::forName@0 (line 467)
                                                            ;   {post_call_nop}
  0x000077b45811936c:   movabs $0x77b4146b8450,%rsi         ;   {metadata(method data for {method} {0x0000000046188848} &apos;forName&apos; &apos;(Ljava/lang/String;)Ljava/lang/Class;&apos; in &apos;java/lang/Class&apos;)}
  0x000077b458119376:   addq   $0x1,0xe8(%rsi)
  0x000077b45811937e:   movabs $0x77b4146b87b8,%rsi         ;   {metadata(method data for {method} {0x00000000461888a0} &apos;forName&apos; &apos;(Ljava/lang/String;Ljava/lang/Class;)Ljava/lang/Class;&apos; in &apos;java/lang/Class&apos;)}
  0x000077b458119388:   mov    0x90(%rsi),%edi
  0x000077b45811938e:   add    $0x2,%edi
  0x000077b458119391:   mov    %edi,0x90(%rsi)
  0x000077b458119397:   and    $0x1ffffe,%edi
  0x000077b45811939d:   test   %edi,%edi
  0x000077b45811939f:   je     0x000077b45811957d
  0x000077b4581193a5:   movabs $0x77b4146b87b8,%rsi         ;   {metadata(method data for {method} {0x00000000461888a0} &apos;forName&apos; &apos;(Ljava/lang/String;Ljava/lang/Class;)Ljava/lang/Class;&apos; in &apos;java/lang/Class&apos;)}
  0x000077b4581193af:   addq   $0x1,0xd8(%rsi)
  0x000077b4581193b7:   mov    0x58(%rsp),%rsi              ;*invokestatic validateClassNameLength {reexecute=0 rethrow=0 return_oop=0}
                                                            ; - java.lang.Class::forName@1 (line 475)
                                                            ; - java.lang.Class::forName@6 (line 468)
  0x000077b4581193bc:   mov    %rax,0x60(%rsp)
  0x000077b4581193c1:   nopw   0x0(%rax,%rax,1)
  0x000077b4581193c7:   call   0x000077b4580fb500           ; ImmutableOopMap {[88]=Oop [96]=Oop }
                                                            ;*invokestatic validateClassNameLength {reexecute=0 rethrow=0 return_oop=0}
                                                            ; - java.lang.Class::forName@1 (line 475)
                                                            ; - java.lang.Class::forName@6 (line 468)
                                                            ;   {static_call}
  0x000077b4581193cc:   nopl   0x10001c4(%rax,%rax,1)       ;*invokestatic validateClassNameLength {reexecute=0 rethrow=0 return_oop=0}
                                                            ; - java.lang.Class::forName@1 (line 475)
                                                            ; - java.lang.Class::forName@6 (line 468)
                                                            ;   {post_call_nop}
  0x000077b4581193d4:   mov    0x60(%rsp),%rax
  0x000077b4581193d9:   test   %rax,%rax
  0x000077b4581193dc:   movabs $0x77b4146b87b8,%rsi         ;   {metadata(method data for {method} {0x00000000461888a0} &apos;forName&apos; &apos;(Ljava/lang/String;Ljava/lang/Class;)Ljava/lang/Class;&apos; in &apos;java/lang/Class&apos;)}
  0x000077b4581193e6:   mov    $0xe8,%edi
  0x000077b4581193eb:   jne    0x000077b4581193f2
  0x000077b4581193ed:   mov    $0xf8,%edi
  0x000077b4581193f2:   mov    (%rsi,%rdi,1),%rbx
  0x000077b4581193f6:   lea    0x1(%rbx),%rbx
  0x000077b4581193fa:   mov    %rbx,(%rsi,%rdi,1)
  0x000077b4581193fe:   jne    0x000077b458119439           ;*ifnonnull {reexecute=0 rethrow=0 return_oop=0}
                                                            ; - java.lang.Class::forName@5 (line 476)
                                                            ; - java.lang.Class::forName@6 (line 468)
  0x000077b458119404:   movabs $0x77b4146b87b8,%rsi         ;   {metadata(method data for {method} {0x00000000461888a0} &apos;forName&apos; &apos;(Ljava/lang/String;Ljava/lang/Class;)Ljava/lang/Class;&apos; in &apos;java/lang/Class&apos;)}
  0x000077b45811940e:   addq   $0x1,0x108(%rsi)
  0x000077b458119416:   nop
  0x000077b458119417:   call   0x000077b45f4adfe0           ; ImmutableOopMap {[88]=Oop }
                                                            ;*invokestatic getSystemClassLoader {reexecute=0 rethrow=0 return_oop=0}
                                                            ; - java.lang.Class::forName@8 (line 476)
                                                            ; - java.lang.Class::forName@6 (line 468)
                                                            ;   {static_call}
  0x000077b45811941c:   nopl   0x2000214(%rax,%rax,1)       ;*invokestatic getSystemClassLoader {reexecute=0 rethrow=0 return_oop=0}
                                                            ; - java.lang.Class::forName@8 (line 476)
                                                            ; - java.lang.Class::forName@6 (line 468)
                                                            ;   {post_call_nop}
  0x000077b458119424:   movabs $0x77b4146b87b8,%rsi         ;   {metadata(method data for {method} {0x00000000461888a0} &apos;forName&apos; &apos;(Ljava/lang/String;Ljava/lang/Class;)Ljava/lang/Class;&apos; in &apos;java/lang/Class&apos;)}
  0x000077b45811942e:   incl   0x118(%rsi)
  0x000077b458119434:   jmp    0x000077b45811951e           ;*goto {reexecute=0 rethrow=0 return_oop=0}
                                                            ; - java.lang.Class::forName@11 (line 476)
                                                            ; - java.lang.Class::forName@6 (line 468)
  0x000077b458119439:   movabs $0x77b4146b87b8,%rsi         ;   {metadata(method data for {method} {0x00000000461888a0} &apos;forName&apos; &apos;(Ljava/lang/String;Ljava/lang/Class;)Ljava/lang/Class;&apos; in &apos;java/lang/Class&apos;)}
  0x000077b458119443:   addq   $0x1,0x130(%rsi)
  0x000077b45811944b:   movabs $0x77b4146b8cd0,%rsi         ;   {metadata(method data for {method} {0x0000000046496190} &apos;getClassLoader&apos; &apos;(Ljava/lang/Class;)Ljava/lang/ClassLoader;&apos; in &apos;java/lang/ClassLoader&apos;)}
  0x000077b458119455:   mov    0x90(%rsi),%edx
  0x000077b45811945b:   add    $0x2,%edx
  0x000077b45811945e:   mov    %edx,0x90(%rsi)
  0x000077b458119464:   and    $0x1ffffe,%edx
  0x000077b45811946a:   test   %edx,%edx
  0x000077b45811946c:   je     0x000077b45811959e
  0x000077b458119472:   test   %rax,%rax
  0x000077b458119475:   movabs $0x77b4146b8cd0,%rsi         ;   {metadata(method data for {method} {0x0000000046496190} &apos;getClassLoader&apos; &apos;(Ljava/lang/Class;)Ljava/lang/ClassLoader;&apos; in &apos;java/lang/ClassLoader&apos;)}
  0x000077b45811947f:   mov    $0xd8,%edx
  0x000077b458119484:   jne    0x000077b45811948b
  0x000077b458119486:   mov    $0xe8,%edx
  0x000077b45811948b:   mov    (%rsi,%rdx,1),%rcx
  0x000077b45811948f:   lea    0x1(%rcx),%rcx
  0x000077b458119493:   mov    %rcx,(%rsi,%rdx,1)
  0x000077b458119497:   jne    0x000077b4581194ac           ;*ifnonnull {reexecute=0 rethrow=0 return_oop=0}
                                                            ; - java.lang.ClassLoader::getClassLoader@1 (line 1945)
                                                            ; - java.lang.Class::forName@15 (line 477)
                                                            ; - java.lang.Class::forName@6 (line 468)
  0x000077b45811949d:   movabs $0x0,%rax                    ;   {oop(nullptr)}
  0x000077b4581194a7:   jmp    0x000077b45811951e           ;*astore_2 {reexecute=0 rethrow=0 return_oop=0}
                                                            ; - java.lang.Class::forName@18 (line 477)
                                                            ; - java.lang.Class::forName@6 (line 468)
  0x000077b4581194ac:   cmp    (%rax),%rax                  ; implicit exception: dispatches to 0x000077b4581195bf
                                                            ;*invokevirtual getClassLoader0 {reexecute=0 rethrow=0 return_oop=0}
                                                            ; - java.lang.ClassLoader::getClassLoader@7 (line 1949)
                                                            ; - java.lang.Class::forName@15 (line 477)
                                                            ; - java.lang.Class::forName@6 (line 468)
  0x000077b4581194af:   mov    %rax,%rsi
  0x000077b4581194b2:   movabs $0x77b4146b8cd0,%rdx         ;   {metadata(method data for {method} {0x0000000046496190} &apos;getClassLoader&apos; &apos;(Ljava/lang/Class;)Ljava/lang/ClassLoader;&apos; in &apos;java/lang/ClassLoader&apos;)}
  0x000077b4581194bc:   mov    0x8(%rsi),%esi
  0x000077b4581194bf:   mov    $0x46000000,%r10d
  0x000077b4581194c5:   add    %r10,%rsi
  0x000077b4581194c8:   mov    $0x20,%r10d
  0x000077b4581194ce:   cmp    (%rdx,%r10,8),%rsi
  0x000077b4581194d2:   je     0x000077b45811950b
  0x000077b4581194d4:   add    $0x2,%r10
  0x000077b4581194d8:   cmp    $0x24,%r10
  0x000077b4581194dc:   jne    0x000077b4581194ce
  0x000077b4581194de:   mov    $0x20,%r10d
  0x000077b4581194e4:   cmpq   $0x0,(%rdx,%r10,8)
  0x000077b4581194e9:   je     0x000077b4581194f7
  0x000077b4581194eb:   add    $0x2,%r10
  0x000077b4581194ef:   cmp    $0x24,%r10
  0x000077b4581194f3:   jne    0x000077b4581194e4
  0x000077b4581194f5:   jmp    0x000077b458119503
  0x000077b4581194f7:   push   %rax
  0x000077b4581194f8:   xor    %rax,%rax
  0x000077b4581194fb:   cmpxchg %rsi,(%rdx,%r10,8)
  0x000077b458119500:   pop    %rax
  0x000077b458119501:   jmp    0x000077b4581194c8
  0x000077b458119503:   mov    $0x1f,%r10d
  0x000077b458119509:   jmp    0x000077b45811950f
  0x000077b45811950b:   add    $0x1,%r10
  0x000077b45811950f:   addq   $0x1,(%rdx,%r10,8)
  0x000077b458119514:   mov    0x3c(%rax),%esi
  0x000077b458119517:   shl    $0x3,%rsi                    ;*getfield classLoader {reexecute=0 rethrow=0 return_oop=0}
                                                            ; - java.lang.Class::getClassLoader0@1 (line 986)
                                                            ; - java.lang.ClassLoader::getClassLoader@7 (line 1949)
                                                            ; - java.lang.Class::forName@15 (line 477)
                                                            ; - java.lang.Class::forName@6 (line 468)
  0x000077b45811951b:   mov    %rsi,%rax                    ;*astore_2 {reexecute=0 rethrow=0 return_oop=0}
                                                            ; - java.lang.Class::forName@18 (line 477)
                                                            ; - java.lang.Class::forName@6 (line 468)
  0x000077b45811951e:   mov    0x58(%rsp),%rsi
  0x000077b458119523:   movabs $0x77b4146b87b8,%rdx         ;   {metadata(method data for {method} {0x00000000461888a0} &apos;forName&apos; &apos;(Ljava/lang/String;Ljava/lang/Class;)Ljava/lang/Class;&apos; in &apos;java/lang/Class&apos;)}
  0x000077b45811952d:   addq   $0x1,0x140(%rdx)
  0x000077b458119535:   mov    $0x1,%edx
  0x000077b45811953a:   mov    %rax,%rcx                    ;*invokestatic forName0 {reexecute=0 rethrow=0 return_oop=0}
                                                            ; - java.lang.Class::forName@22 (line 478)
                                                            ; - java.lang.Class::forName@6 (line 468)
  0x000077b45811953d:   xchg   %ax,%ax
  0x000077b45811953f:   call   0x000077b45fbbbe10           ; ImmutableOopMap {}
                                                            ;*invokestatic forName0 {reexecute=0 rethrow=0 return_oop=0}
                                                            ; - java.lang.Class::forName@22 (line 478)
                                                            ; - java.lang.Class::forName@6 (line 468)
                                                            ;   {static_call}
  0x000077b458119544:   nopl   0x300033c(%rax,%rax,1)       ;*invokestatic forName0 {reexecute=0 rethrow=0 return_oop=0}
                                                            ; - java.lang.Class::forName@22 (line 478)
                                                            ; - java.lang.Class::forName@6 (line 468)
                                                            ;   {post_call_nop}
  0x000077b45811954c:   add    $0x70,%rsp
  0x000077b458119550:   pop    %rbp
  0x000077b458119551:   cmp    0x28(%r15),%rsp              ;   {poll_return}
  0x000077b458119555:   ja     0x000077b4581195c4
  0x000077b45811955b:   ret    
  0x000077b45811955c:   movabs $0x46188848,%r10             ;   {metadata({method} {0x0000000046188848} &apos;forName&apos; &apos;(Ljava/lang/String;)Ljava/lang/Class;&apos; in &apos;java/lang/Class&apos;)}
  0x000077b458119566:   mov    %r10,0x8(%rsp)
  0x000077b45811956b:   movq   $0xffffffffffffffff,(%rsp)
  0x000077b458119573:   call   0x000077b45f582fe0           ; ImmutableOopMap {rsi=Oop }
                                                            ;*synchronization entry
                                                            ; - java.lang.Class::forName@-1 (line 467)
                                                            ;   {runtime_call counter_overflow_blob (C1 runtime)}
  0x000077b458119578:   jmp    0x000077b458119342
  0x000077b45811957d:   movabs $0x461888a0,%r10             ;   {metadata({method} {0x00000000461888a0} &apos;forName&apos; &apos;(Ljava/lang/String;Ljava/lang/Class;)Ljava/lang/Class;&apos; in &apos;java/lang/Class&apos;)}
  0x000077b458119587:   mov    %r10,0x8(%rsp)
  0x000077b45811958c:   movq   $0xffffffffffffffff,(%rsp)
  0x000077b458119594:   call   0x000077b45f582fe0           ; ImmutableOopMap {rax=Oop [88]=Oop }
                                                            ;*synchronization entry
                                                            ; - java.lang.Class::forName@-1 (line 475)
                                                            ; - java.lang.Class::forName@6 (line 468)
                                                            ;   {runtime_call counter_overflow_blob (C1 runtime)}
  0x000077b458119599:   jmp    0x000077b4581193a5
  0x000077b45811959e:   movabs $0x46496190,%r10             ;   {metadata({method} {0x0000000046496190} &apos;getClassLoader&apos; &apos;(Ljava/lang/Class;)Ljava/lang/ClassLoader;&apos; in &apos;java/lang/ClassLoader&apos;)}
  0x000077b4581195a8:   mov    %r10,0x8(%rsp)
  0x000077b4581195ad:   movq   $0xffffffffffffffff,(%rsp)
  0x000077b4581195b5:   call   0x000077b45f582fe0           ; ImmutableOopMap {rax=Oop [88]=Oop }
                                                            ;*synchronization entry
                                                            ; - java.lang.ClassLoader::getClassLoader@-1 (line 1945)
                                                            ; - java.lang.Class::forName@15 (line 477)
                                                            ; - java.lang.Class::forName@6 (line 468)
                                                            ;   {runtime_call counter_overflow_blob (C1 runtime)}
  0x000077b4581195ba:   jmp    0x000077b458119472
  0x000077b4581195bf:   call   0x000077b45f57c660           ; ImmutableOopMap {rax=Oop [88]=Oop }
                                                            ;*invokevirtual getClassLoader0 {reexecute=0 rethrow=0 return_oop=0}
                                                            ; - java.lang.ClassLoader::getClassLoader@7 (line 1949)
                                                            ; - java.lang.Class::forName@15 (line 477)
                                                            ; - java.lang.Class::forName@6 (line 468)
                                                            ;   {runtime_call throw_null_pointer_exception_blob (C1 runtime)}
  0x000077b4581195c4:   movabs $0x77b458119551,%r10         ;   {internal_word}
  0x000077b4581195ce:   mov    %r10,0x510(%r15)
  0x000077b4581195d5:   jmp    0x000077b45f4afb60           ;   {runtime_call SafepointBlob}
  0x000077b4581195da:   mov    0x5c0(%r15),%rax
  0x000077b4581195e1:   movq   $0x0,0x5c0(%r15)
  0x000077b4581195ec:   movq   $0x0,0x5c8(%r15)
  0x000077b4581195f7:   add    $0x70,%rsp
  0x000077b4581195fb:   pop    %rbp
  0x000077b4581195fc:   jmp    0x000077b45f57b760           ;   {runtime_call unwind_exception_blob (C1 runtime)}
  0x000077b458119601:   hlt    
  0x000077b458119602:   hlt    
  0x000077b458119603:   hlt    
  0x000077b458119604:   hlt    
  0x000077b458119605:   hlt    
  0x000077b458119606:   hlt    
  0x000077b458119607:   hlt    
[Stub Code]
  0x000077b458119608:   movabs $0x0,%rbx                    ;   {static_stub}
  0x000077b458119612:   jmp    0x000077b458119612           ;   {runtime_call nmethod}
  0x000077b458119617:   movabs $0x0,%rbx                    ;   {static_stub}
  0x000077b458119621:   jmp    0x000077b458119621           ;   {runtime_call nmethod}
  0x000077b458119626:   movabs $0x0,%rbx                    ;   {static_stub}
  0x000077b458119630:   jmp    0x000077b458119630           ;   {runtime_call nmethod}
  0x000077b458119635:   movabs $0x0,%rbx                    ;   {static_stub}
  0x000077b45811963f:   jmp    0x000077b45811963f           ;   {runtime_call nmethod}
[Exception Handler]
  0x000077b458119644:   call   0x000077b45f57ede0           ;   {runtime_call handle_exception_from_callee_blob (C1 runtime)}
  0x000077b458119649:   movabs $0x77b478d3aec4,%rdi         ;   {external_word}
  0x000077b458119653:   and    $0xfffffffffffffff0,%rsp
  0x000077b458119657:   call   0x000077b478791cc0           ;   {runtime_call MacroAssembler::debug64(char*, long, long*)}
  0x000077b45811965c:   hlt    
  0x000077b45811965d:   call   0x000077b45f4afe60           ;   {runtime_call DeoptimizationBlob}
[Deopt Handler Entry Point]
  0x000077b458119662:   jmp    0x000077b45811965d
  0x000077b458119664:   hlt    
  0x000077b458119665:   hlt    
  0x000077b458119666:   hlt    
  0x000077b458119667:   hlt    
--------------------------------------------------------------------------------
[/Disassembly]
