
============================= C1-compiled nmethod ==============================
----------------------------------- Assembly -----------------------------------

Compiled method (c1) 2821  148       3       java.io.RandomAccessFile::read (8 bytes)
 total in heap  [0x000077b45801a408,0x000077b45801a7b0] = 936
 main code      [0x000077b45801a500,0x000077b45801a758] = 600
 stub code      [0x000077b45801a758,0x000077b45801a7b0] = 88
 mutable data [0x000077b3fc0562e0,0x000077b3fc056360] = 128
 relocation     [0x000077b3fc0562e0,0x000077b3fc056348] = 104
 metadata       [0x000077b3fc056348,0x000077b3fc056360] = 24
 immutable data [0x000077b3fc056160,0x000077b3fc0562d4] = 372
 dependencies   [0x000077b3fc056160,0x000077b3fc056168] = 8
 scopes pcs     [0x000077b3fc056168,0x000077b3fc056258] = 240
 scopes data    [0x000077b3fc056258,0x000077b3fc0562d0] = 120

[Disassembly]
--------------------------------------------------------------------------------
[Constant Pool (empty)]

--------------------------------------------------------------------------------

[Instructions begin]
  0x000077b45801a500:   data16 data16 nopw 0x0(%rax,%rax,1)
  0x000077b45801a50b:   data16 data16 xchg %ax,%ax
  0x000077b45801a50f:   data16 xchg %ax,%ax
[Entry Point]
  # {method} {0x00000000462c1708} &apos;read&apos; &apos;([BII)I&apos; in &apos;java/io/RandomAccessFile&apos;
  # this:     rsi:rsi   = &apos;java/io/RandomAccessFile&apos;
  # parm0:    rdx:rdx   = &apos;[B&apos;
  # parm1:    rcx       = int
  # parm2:    r8        = int
  #           [sp+0x80]  (sp of caller)
  0x000077b45801a512:   mov    0x8(%rsi),%r10d
  0x000077b45801a516:   cmp    0x8(%rax),%r10d
  0x000077b45801a51a:   jne    0x000077b45f4ad6e0           ;   {runtime_call ic_miss_blob (shared runtime)}
[Verified Entry Point]
  0x000077b45801a520:   mov    %eax,-0x14000(%rsp)
  0x000077b45801a527:   push   %rbp
  0x000077b45801a528:   sub    $0x70,%rsp
  0x000077b45801a52c:   cmpl   $0x1,0x20(%r15)
  0x000077b45801a534:   je     0x000077b45801a53b
  0x000077b45801a536:   call   Stub::method_entry_barrier_stub (stub gen)
                                                            ;   {runtime_call Stub::method_entry_barrier_stub (stub gen)}
  0x000077b45801a53b:   movabs $0x77b41404b0e0,%rdi         ;   {metadata(method data for {method} {0x00000000462c1708} &apos;read&apos; &apos;([BII)I&apos; in &apos;java/io/RandomAccessFile&apos;)}
  0x000077b45801a545:   mov    0x90(%rdi),%ebx
  0x000077b45801a54b:   add    $0x2,%ebx
  0x000077b45801a54e:   mov    %ebx,0x90(%rdi)
  0x000077b45801a554:   and    $0x7fe,%ebx
  0x000077b45801a55a:   test   %ebx,%ebx
  0x000077b45801a55c:   je     0x000077b45801a6bc           ;*aload_0 {reexecute=0 rethrow=0 return_oop=0}
                                                            ; - java.io.RandomAccessFile::read@0 (line 437)
  0x000077b45801a562:   mov    %rsi,%rdi
  0x000077b45801a565:   movabs $0x77b41404b0e0,%rbx         ;   {metadata(method data for {method} {0x00000000462c1708} &apos;read&apos; &apos;([BII)I&apos; in &apos;java/io/RandomAccessFile&apos;)}
  0x000077b45801a56f:   addq   $0x1,0xd8(%rbx)
  0x000077b45801a577:   movabs $0x77b41404b240,%rdi         ;   {metadata(method data for {method} {0x00000000462c1f20} &apos;readBytes&apos; &apos;([BII)I&apos; in &apos;java/io/RandomAccessFile&apos;)}
  0x000077b45801a581:   mov    0x90(%rdi),%ebx
  0x000077b45801a587:   add    $0x2,%ebx
  0x000077b45801a58a:   mov    %ebx,0x90(%rdi)
  0x000077b45801a590:   and    $0x1ffffe,%ebx
  0x000077b45801a596:   test   %ebx,%ebx
  0x000077b45801a598:   je     0x000077b45801a6dd
  0x000077b45801a59e:   movabs $0x7ff89df30,%rdi            ;   {oop(a &apos;java/lang/Class&apos;{0x00000007ff89df30} = &apos;java/io/RandomAccessFile&apos;)}
  0x000077b45801a5a8:   movsbl 0x8c(%rdi),%edi              ;*getstatic jfrTracing {reexecute=0 rethrow=0 return_oop=0}
                                                            ; - java.io.RandomAccessFile::readBytes@0 (line 392)
                                                            ; - java.io.RandomAccessFile::read@4 (line 437)
  0x000077b45801a5af:   test   %edi,%edi
  0x000077b45801a5b1:   movabs $0x77b41404b240,%rdi         ;   {metadata(method data for {method} {0x00000000462c1f20} &apos;readBytes&apos; &apos;([BII)I&apos; in &apos;java/io/RandomAccessFile&apos;)}
  0x000077b45801a5bb:   mov    $0xd8,%ebx
  0x000077b45801a5c0:   je     0x000077b45801a5c7
  0x000077b45801a5c2:   mov    $0xe8,%ebx
  0x000077b45801a5c7:   mov    (%rdi,%rbx,1),%rax
  0x000077b45801a5cb:   lea    0x1(%rax),%rax
  0x000077b45801a5cf:   mov    %rax,(%rdi,%rbx,1)
  0x000077b45801a5d3:   mov    %r8d,0x64(%rsp)
  0x000077b45801a5d8:   mov    %ecx,0x60(%rsp)
  0x000077b45801a5dc:   mov    %rdx,0x58(%rsp)
  0x000077b45801a5e1:   mov    %rsi,0x50(%rsp)
  0x000077b45801a5e6:   je     0x000077b45801a626           ;*ifeq {reexecute=0 rethrow=0 return_oop=0}
                                                            ; - java.io.RandomAccessFile::readBytes@3 (line 392)
                                                            ; - java.io.RandomAccessFile::read@4 (line 437)
  0x000077b45801a5ec:   data16 xchg %ax,%ax
  0x000077b45801a5ef:   call   0x000077b45f4adfe0           ; ImmutableOopMap {[80]=Oop [88]=Oop }
                                                            ;*invokestatic enabled {reexecute=0 rethrow=0 return_oop=0}
                                                            ; - java.io.RandomAccessFile::readBytes@6 (line 392)
                                                            ; - java.io.RandomAccessFile::read@4 (line 437)
                                                            ;   {static_call}
  0x000077b45801a5f4:   nopl   0x1ec(%rax,%rax,1)           ;*invokestatic enabled {reexecute=0 rethrow=0 return_oop=0}
                                                            ; - java.io.RandomAccessFile::readBytes@6 (line 392)
                                                            ; - java.io.RandomAccessFile::read@4 (line 437)
                                                            ;   {post_call_nop}
  0x000077b45801a5fc:   test   %eax,%eax
  0x000077b45801a5fe:   movabs $0x77b41404b240,%rdx         ;   {metadata(method data for {method} {0x00000000462c1f20} &apos;readBytes&apos; &apos;([BII)I&apos; in &apos;java/io/RandomAccessFile&apos;)}
  0x000077b45801a608:   mov    $0x118,%ecx
  0x000077b45801a60d:   jne    0x000077b45801a614
  0x000077b45801a60f:   mov    $0x108,%ecx
  0x000077b45801a614:   mov    (%rdx,%rcx,1),%r8
  0x000077b45801a618:   lea    0x1(%r8),%r8
  0x000077b45801a61c:   mov    %r8,(%rdx,%rcx,1)
  0x000077b45801a620:   jne    0x000077b45801a674           ;*ifeq {reexecute=0 rethrow=0 return_oop=0}
                                                            ; - java.io.RandomAccessFile::readBytes@9 (line 392)
                                                            ; - java.io.RandomAccessFile::read@4 (line 437)
  0x000077b45801a626:   mov    0x50(%rsp),%rsi
  0x000077b45801a62b:   movabs $0x77b41404b240,%rdx         ;   {metadata(method data for {method} {0x00000000462c1f20} &apos;readBytes&apos; &apos;([BII)I&apos; in &apos;java/io/RandomAccessFile&apos;)}
  0x000077b45801a635:   addq   $0x1,0x158(%rdx)
  0x000077b45801a63d:   mov    0x58(%rsp),%rdx
  0x000077b45801a642:   mov    0x60(%rsp),%ecx
  0x000077b45801a646:   mov    0x64(%rsp),%r8d
  0x000077b45801a64b:   mov    0x50(%rsp),%rsi              ;*invokevirtual readBytes0 {reexecute=0 rethrow=0 return_oop=0}
                                                            ; - java.io.RandomAccessFile::readBytes@24 (line 395)
                                                            ; - java.io.RandomAccessFile::read@4 (line 437)
  0x000077b45801a650:   nopl   0x0(%rax)
  0x000077b45801a657:   call   0x000077b45f4ad9e0           ; ImmutableOopMap {}
                                                            ;*invokevirtual readBytes0 {reexecute=0 rethrow=0 return_oop=0}
                                                            ; - java.io.RandomAccessFile::readBytes@24 (line 395)
                                                            ; - java.io.RandomAccessFile::read@4 (line 437)
                                                            ;   {optimized virtual_call}
  0x000077b45801a65c:   nopl   0x1000254(%rax,%rax,1)       ;*invokevirtual readBytes0 {reexecute=0 rethrow=0 return_oop=0}
                                                            ; - java.io.RandomAccessFile::readBytes@24 (line 395)
                                                            ; - java.io.RandomAccessFile::read@4 (line 437)
                                                            ;   {post_call_nop}
  0x000077b45801a664:   add    $0x70,%rsp
  0x000077b45801a668:   pop    %rbp
  0x000077b45801a669:   cmp    0x28(%r15),%rsp              ;   {poll_return}
  0x000077b45801a66d:   ja     0x000077b45801a6fe
  0x000077b45801a673:   ret    
  0x000077b45801a674:   mov    0x64(%rsp),%r8d
  0x000077b45801a679:   mov    0x60(%rsp),%ecx
  0x000077b45801a67d:   mov    0x58(%rsp),%rdx
  0x000077b45801a682:   mov    0x50(%rsp),%rsi
  0x000077b45801a687:   mov    %rsi,%rdi
  0x000077b45801a68a:   movabs $0x77b41404b240,%rbx         ;   {metadata(method data for {method} {0x00000000462c1f20} &apos;readBytes&apos; &apos;([BII)I&apos; in &apos;java/io/RandomAccessFile&apos;)}
  0x000077b45801a694:   addq   $0x1,0x128(%rbx)
  0x000077b45801a69c:   data16 xchg %ax,%ax
  0x000077b45801a69f:   call   0x000077b45f4ad9e0           ; ImmutableOopMap {}
                                                            ;*invokevirtual traceReadBytes0 {reexecute=0 rethrow=0 return_oop=0}
                                                            ; - java.io.RandomAccessFile::readBytes@16 (line 393)
                                                            ; - java.io.RandomAccessFile::read@4 (line 437)
                                                            ;   {optimized virtual_call}
  0x000077b45801a6a4:   nopl   0x200029c(%rax,%rax,1)       ;*invokevirtual traceReadBytes0 {reexecute=0 rethrow=0 return_oop=0}
                                                            ; - java.io.RandomAccessFile::readBytes@16 (line 393)
                                                            ; - java.io.RandomAccessFile::read@4 (line 437)
                                                            ;   {post_call_nop}
  0x000077b45801a6ac:   add    $0x70,%rsp
  0x000077b45801a6b0:   pop    %rbp
  0x000077b45801a6b1:   cmp    0x28(%r15),%rsp              ;   {poll_return}
  0x000077b45801a6b5:   ja     0x000077b45801a714
  0x000077b45801a6bb:   ret    
  0x000077b45801a6bc:   movabs $0x462c1708,%r10             ;   {metadata({method} {0x00000000462c1708} &apos;read&apos; &apos;([BII)I&apos; in &apos;java/io/RandomAccessFile&apos;)}
  0x000077b45801a6c6:   mov    %r10,0x8(%rsp)
  0x000077b45801a6cb:   movq   $0xffffffffffffffff,(%rsp)
  0x000077b45801a6d3:   call   0x000077b45f582fe0           ; ImmutableOopMap {rsi=Oop rdx=Oop }
                                                            ;*synchronization entry
                                                            ; - java.io.RandomAccessFile::read@-1 (line 437)
                                                            ;   {runtime_call counter_overflow_blob (C1 runtime)}
  0x000077b45801a6d8:   jmp    0x000077b45801a562
  0x000077b45801a6dd:   movabs $0x462c1f20,%r10             ;   {metadata({method} {0x00000000462c1f20} &apos;readBytes&apos; &apos;([BII)I&apos; in &apos;java/io/RandomAccessFile&apos;)}
  0x000077b45801a6e7:   mov    %r10,0x8(%rsp)
  0x000077b45801a6ec:   movq   $0xffffffffffffffff,(%rsp)
  0x000077b45801a6f4:   call   0x000077b45f582fe0           ; ImmutableOopMap {rsi=Oop rdx=Oop }
                                                            ;*synchronization entry
                                                            ; - java.io.RandomAccessFile::readBytes@-1 (line 392)
                                                            ; - java.io.RandomAccessFile::read@4 (line 437)
                                                            ;   {runtime_call counter_overflow_blob (C1 runtime)}
  0x000077b45801a6f9:   jmp    0x000077b45801a59e
  0x000077b45801a6fe:   movabs $0x77b45801a669,%r10         ;   {internal_word}
  0x000077b45801a708:   mov    %r10,0x510(%r15)
  0x000077b45801a70f:   jmp    0x000077b45f4afb60           ;   {runtime_call SafepointBlob}
  0x000077b45801a714:   movabs $0x77b45801a6b1,%r10         ;   {internal_word}
  0x000077b45801a71e:   mov    %r10,0x510(%r15)
  0x000077b45801a725:   jmp    0x000077b45f4afb60           ;   {runtime_call SafepointBlob}
  0x000077b45801a72a:   mov    0x5c0(%r15),%rax
  0x000077b45801a731:   movq   $0x0,0x5c0(%r15)
  0x000077b45801a73c:   movq   $0x0,0x5c8(%r15)
  0x000077b45801a747:   add    $0x70,%rsp
  0x000077b45801a74b:   pop    %rbp
  0x000077b45801a74c:   jmp    0x000077b45f57b760           ;   {runtime_call unwind_exception_blob (C1 runtime)}
  0x000077b45801a751:   hlt    
  0x000077b45801a752:   hlt    
  0x000077b45801a753:   hlt    
  0x000077b45801a754:   hlt    
  0x000077b45801a755:   hlt    
  0x000077b45801a756:   hlt    
  0x000077b45801a757:   hlt    
[Stub Code]
  0x000077b45801a758:   nopl   0x0(%rax,%rax,1)             ;   {other}
  0x000077b45801a75d:   movabs $0x0,%rbx                    ;   {static_stub}
  0x000077b45801a767:   jmp    0x000077b45801a767           ;   {runtime_call nmethod}
  0x000077b45801a76c:   movabs $0x0,%rbx                    ;   {static_stub}
  0x000077b45801a776:   jmp    0x000077b45801a776           ;   {runtime_call nmethod}
  0x000077b45801a77b:   movabs $0x0,%rbx                    ;   {static_stub}
  0x000077b45801a785:   jmp    0x000077b45801a785           ;   {runtime_call nmethod}
[Exception Handler]
  0x000077b45801a78a:   call   0x000077b45f57ede0           ;   {runtime_call handle_exception_from_callee_blob (C1 runtime)}
  0x000077b45801a78f:   movabs $0x77b478d3aec4,%rdi         ;   {external_word}
  0x000077b45801a799:   and    $0xfffffffffffffff0,%rsp
  0x000077b45801a79d:   call   0x000077b478791cc0           ;   {runtime_call MacroAssembler::debug64(char*, long, long*)}
  0x000077b45801a7a2:   hlt    
  0x000077b45801a7a3:   call   0x000077b45f4afe60           ;   {runtime_call DeoptimizationBlob}
[Deopt Handler Entry Point]
  0x000077b45801a7a8:   jmp    0x000077b45801a7a3
  0x000077b45801a7aa:   hlt    
  0x000077b45801a7ab:   hlt    
  0x000077b45801a7ac:   hlt    
  0x000077b45801a7ad:   hlt    
  0x000077b45801a7ae:   hlt    
  0x000077b45801a7af:   hlt    
--------------------------------------------------------------------------------
[/Disassembly]
