----------------------------------- Assembly -----------------------------------

Compiled method (c2) 34244 1487       4       java.lang.AbstractStringBuilder::&lt;init&gt; (39 bytes)
 total in heap  [0x000077b45fbdd908,0x000077b45fbddc00] = 760
 main code      [0x000077b45fbdda00,0x000077b45fbddbf8] = 504
 stub code      [0x000077b45fbddbf8,0x000077b45fbddc00] = 8
 mutable data [0x000077b4081b3e20,0x000077b4081b3e60] = 64
 relocation     [0x000077b4081b3e20,0x000077b4081b3e40] = 32
 metadata       [0x000077b4081b3e40,0x000077b4081b3e60] = 32
 immutable data [0x000077b40812e8a0,0x000077b40812e96c] = 204
 dependencies   [0x000077b40812e8a0,0x000077b40812e8a8] = 8
 handler table  [0x000077b40812e8a8,0x000077b40812e8c0] = 24
 scopes pcs     [0x000077b40812e8c0,0x000077b40812e940] = 128
 scopes data    [0x000077b40812e940,0x000077b40812e968] = 40

[Disassembly]
--------------------------------------------------------------------------------
[Constant Pool (empty)]

--------------------------------------------------------------------------------

[Instructions begin]
  0x000077b45fbdda00:   xchg   %ax,%ax
[Entry Point]
  # {method} {0x00000000461b63d0} &apos;&lt;init&gt;&apos; &apos;(I)V&apos; in &apos;java/lang/AbstractStringBuilder&apos;
  # this:     rsi:rsi   = &apos;java/lang/AbstractStringBuilder&apos;
  # parm0:    rdx       = int
  #           [sp+0x30]  (sp of caller)
  0x000077b45fbdda02:   mov    0x8(%rsi),%r10d
  0x000077b45fbdda06:   cmp    0x8(%rax),%r10d
  0x000077b45fbdda0a:   jne    0x000077b45f4ad6e0           ;   {runtime_call ic_miss_blob (shared runtime)}
[Verified Entry Point]
  0x000077b45fbdda10:   mov    %eax,-0x14000(%rsp)
  0x000077b45fbdda17:   push   %rbp
  0x000077b45fbdda18:   sub    $0x20,%rsp
  0x000077b45fbdda1c:   cmpl   $0x1,0x20(%r15)
  0x000077b45fbdda24:   jne    0x000077b45fbddbee           ;*synchronization entry
                                                            ; - java.lang.AbstractStringBuilder::&lt;init&gt;@-1 (line 99)
  0x000077b45fbdda2a:   mov    %rsi,%rbp
  0x000077b45fbdda2d:   cmp    $0x100000,%edx
  0x000077b45fbdda33:   ja     0x000077b45fbddb58
  0x000077b45fbdda39:   mov    %edx,%r11d
  0x000077b45fbdda3c:   movslq %r11d,%rcx
  0x000077b45fbdda3f:   add    $0x17,%rcx
  0x000077b45fbdda43:   mov    %rcx,%r10
  0x000077b45fbdda46:   and    $0xfffffffffffffff8,%r10
  0x000077b45fbdda4a:   mov    0x1b0(%r15),%r9
  0x000077b45fbdda51:   mov    %r9,%r11
  0x000077b45fbdda54:   add    %r10,%r11
  0x000077b45fbdda57:   cmp    0x1c0(%r15),%r11
  0x000077b45fbdda5e:   jae    0x000077b45fbddb58
  0x000077b45fbdda64:   mov    %r11,0x1b0(%r15)
  0x000077b45fbdda6b:   mov    %r9,%rdi
  0x000077b45fbdda6e:   add    $0x10,%rdi
  0x000077b45fbdda72:   movq   $0x1,(%r9)
  0x000077b45fbdda79:   prefetchw 0xc0(%r11)
  0x000077b45fbdda81:   movl   $0x175de8,0x8(%r9)           ;   {metadata({type array byte})}
  0x000077b45fbdda89:   mov    %edx,0xc(%r9)
  0x000077b45fbdda8d:   prefetchw 0x100(%r11)
  0x000077b45fbdda95:   prefetchw 0x140(%r11)
  0x000077b45fbdda9d:   prefetchw 0x180(%r11)
  0x000077b45fbddaa5:   shr    $0x3,%rcx
  0x000077b45fbddaa9:   add    $0xfffffffffffffffe,%rcx
  0x000077b45fbddaad:   xor    %rax,%rax
  0x000077b45fbddab0:   cmp    $0x8,%rcx
  0x000077b45fbddab4:   jg     0x000077b45fbddac6
  0x000077b45fbddab6:   dec    %rcx
  0x000077b45fbddab9:   js     0x000077b45fbddb0a
  0x000077b45fbddabb:   mov    %rax,(%rdi,%rcx,8)
  0x000077b45fbddabf:   dec    %rcx
  0x000077b45fbddac2:   jge    0x000077b45fbddabb
  0x000077b45fbddac4:   jmp    0x000077b45fbddb0a
  0x000077b45fbddac6:   vpxor  %ymm0,%ymm0,%ymm0
  0x000077b45fbddaca:   jmp    0x000077b45fbddadc
  0x000077b45fbddacf:   vmovdqu %ymm0,(%rdi)
  0x000077b45fbddad3:   vmovdqu %ymm0,0x20(%rdi)
  0x000077b45fbddad8:   add    $0x40,%rdi
  0x000077b45fbddadc:   sub    $0x8,%rcx
  0x000077b45fbddae0:   jge    0x000077b45fbddacf
  0x000077b45fbddae2:   add    $0x4,%rcx
  0x000077b45fbddae6:   jl     0x000077b45fbddaf4
  0x000077b45fbddae8:   vmovdqu %ymm0,(%rdi)
  0x000077b45fbddaec:   add    $0x20,%rdi
  0x000077b45fbddaf0:   sub    $0x4,%rcx
  0x000077b45fbddaf4:   add    $0x4,%rcx
  0x000077b45fbddaf8:   jle    0x000077b45fbddb0a
  0x000077b45fbddafa:   dec    %rcx
  0x000077b45fbddafd:   vmovq  %xmm0,(%rdi)
  0x000077b45fbddb01:   add    $0x8,%rdi
  0x000077b45fbddb05:   dec    %rcx
  0x000077b45fbddb08:   jge    0x000077b45fbddafd           ;*newarray {reexecute=0 rethrow=0 return_oop=0}
                                                            ; - java.lang.AbstractStringBuilder::&lt;init&gt;@12 (line 101)
  0x000077b45fbddb0a:   mov    %r12b,0x10(%rbp)             ;*putfield coder {reexecute=0 rethrow=0 return_oop=0}
                                                            ; - java.lang.AbstractStringBuilder::&lt;init&gt;@19 (line 102)
  0x000077b45fbddb0e:   lea    0x14(%rbp),%r10
  0x000077b45fbddb12:   cmpb   $0x0,0x48(%r15)
  0x000077b45fbddb17:   jne    0x000077b45fbddb82
  0x000077b45fbddb1d:   mov    %r9,%r11
  0x000077b45fbddb20:   shr    $0x3,%r11
  0x000077b45fbddb24:   mov    %r11d,(%r10)
  0x000077b45fbddb27:   mov    %r10,%r8
  0x000077b45fbddb2a:   xor    %r9,%r8
  0x000077b45fbddb2d:   shr    $0x17,%r8
  0x000077b45fbddb31:   je     0x000077b45fbddb48
  0x000077b45fbddb33:   mov    %r10,%r8
  0x000077b45fbddb36:   shr    $0x9,%r8
  0x000077b45fbddb3a:   add    0x50(%r15),%r8
  0x000077b45fbddb3e:   cmpb   $0xff,(%r8)
  0x000077b45fbddb42:   jne    0x000077b45fbddb48
  0x000077b45fbddb44:   movb   $0x0,(%r8)                   ;*synchronization entry
                                                            ; - java.lang.AbstractStringBuilder::&lt;init&gt;@-1 (line 99)
  0x000077b45fbddb48:   add    $0x20,%rsp
  0x000077b45fbddb4c:   pop    %rbp
  0x000077b45fbddb4d:   cmp    0x28(%r15),%rsp              ;   {poll_return}
  0x000077b45fbddb51:   ja     0x000077b45fbddbd8
  0x000077b45fbddb57:   ret    
  0x000077b45fbddb58:   movabs $0x46175de8,%rsi             ;   {metadata({type array byte})}
  0x000077b45fbddb62:   nop
  0x000077b45fbddb63:   call   0x000077b45f585fe0           ; ImmutableOopMap {rbp=Oop }
                                                            ;*newarray {reexecute=0 rethrow=0 return_oop=1}
                                                            ; - java.lang.AbstractStringBuilder::&lt;init&gt;@12 (line 101)
                                                            ;   {runtime_call new_array_blob (C2 runtime)}
  0x000077b45fbddb68:   nopl   0x260(%rax,%rax,1)           ;   {post_call_nop}
  0x000077b45fbddb70:   mov    %rax,%r9
  0x000077b45fbddb73:   jmp    0x000077b45fbddb0a           ;*newarray {reexecute=0 rethrow=0 return_oop=0}
                                                            ; - java.lang.AbstractStringBuilder::&lt;init&gt;@12 (line 101)
  0x000077b45fbddb75:   mov    %rax,%rsi
  0x000077b45fbddb78:   add    $0x20,%rsp
  0x000077b45fbddb7c:   pop    %rbp
  0x000077b45fbddb7d:   jmp    0x000077b45f58b8e0           ;   {runtime_call rethrow_blob (C2 runtime)}
  0x000077b45fbddb82:   mov    (%r10),%r11d
  0x000077b45fbddb85:   shl    $0x3,%r11
  0x000077b45fbddb89:   test   %r11,%r11
  0x000077b45fbddb8c:   je     0x000077b45fbddb1d
  0x000077b45fbddb8e:   mov    0x40(%r15),%r8
  0x000077b45fbddb92:   test   %r8,%r8
  0x000077b45fbddb95:   je     0x000077b45fbddbab
  0x000077b45fbddb97:   sub    $0x8,%r8
  0x000077b45fbddb9b:   mov    %r8,0x40(%r15)
  0x000077b45fbddb9f:   add    0x38(%r15),%r8
  0x000077b45fbddba3:   mov    %r11,(%r8)
  0x000077b45fbddba6:   jmp    0x000077b45fbddb1d
  0x000077b45fbddbab:   sub    $0x10,%rsp
  0x000077b45fbddbaf:   mov    %r10,0x8(%rsp)
  0x000077b45fbddbb4:   mov    %r9,(%rsp)
  0x000077b45fbddbb8:   mov    %r11,%rdi
  0x000077b45fbddbbb:   mov    %r15,%rsi
  0x000077b45fbddbbe:   call   0x000077b478309bd0           ;   {runtime_call G1BarrierSetRuntime::write_ref_field_pre_entry(oopDesc*, JavaThread*)}
  0x000077b45fbddbc3:   mov    (%rsp),%r9
  0x000077b45fbddbc7:   mov    0x8(%rsp),%r10
  0x000077b45fbddbcc:   vzeroupper 
  0x000077b45fbddbcf:   add    $0x10,%rsp
  0x000077b45fbddbd3:   jmp    0x000077b45fbddb1d
  0x000077b45fbddbd8:   movabs $0x77b45fbddb4d,%r10         ;   {internal_word}
  0x000077b45fbddbe2:   mov    %r10,0x510(%r15)
  0x000077b45fbddbe9:   jmp    0x000077b45f4afb60           ;   {runtime_call SafepointBlob}
  0x000077b45fbddbee:   call   Stub::method_entry_barrier_stub (stub gen)
                                                            ;   {runtime_call Stub::method_entry_barrier_stub (stub gen)}
  0x000077b45fbddbf3:   jmp    0x000077b45fbdda2a
[Stub Code]
  0x000077b45fbddbf8:   call   0x000077b45f4afe60           ;   {runtime_call DeoptimizationBlob}
[Deopt Handler Entry Point]
  0x000077b45fbddbfd:   jmp    0x000077b45fbddbf8
  0x000077b45fbddbff:   hlt    
--------------------------------------------------------------------------------
[/Disassembly]
