
============================= C1-compiled nmethod ==============================
----------------------------------- Assembly -----------------------------------

Compiled method (c1) 2814  149       3       java.io.RandomAccessFile::readBytes (28 bytes)
 total in heap  [0x000077b45801a088,0x000077b45801a3d0] = 840
 main code      [0x000077b45801a180,0x000077b45801a378] = 504
 stub code      [0x000077b45801a378,0x000077b45801a3d0] = 88
 mutable data [0x000077b3e8019160,0x000077b3e80191d0] = 112
 relocation     [0x000077b3e8019160,0x000077b3e80191c0] = 96
 metadata       [0x000077b3e80191c0,0x000077b3e80191d0] = 16
 immutable data [0x000077b3e8019000,0x000077b3e8019154] = 340
 dependencies   [0x000077b3e8019000,0x000077b3e8019008] = 8
 scopes pcs     [0x000077b3e8019008,0x000077b3e80190e8] = 224
 scopes data    [0x000077b3e80190e8,0x000077b3e8019150] = 104

[Disassembly]
--------------------------------------------------------------------------------
[Constant Pool (empty)]

--------------------------------------------------------------------------------

[Instructions begin]
  0x000077b45801a180:   data16 data16 nopw 0x0(%rax,%rax,1)
  0x000077b45801a18b:   data16 data16 xchg %ax,%ax
  0x000077b45801a18f:   data16 xchg %ax,%ax
[Entry Point]
  # {method} {0x00000000462c1f20} &apos;readBytes&apos; &apos;([BII)I&apos; in &apos;java/io/RandomAccessFile&apos;
  # this:     rsi:rsi   = &apos;java/io/RandomAccessFile&apos;
  # parm0:    rdx:rdx   = &apos;[B&apos;
  # parm1:    rcx       = int
  # parm2:    r8        = int
  #           [sp+0x60]  (sp of caller)
  0x000077b45801a192:   mov    0x8(%rsi),%r10d
  0x000077b45801a196:   cmp    0x8(%rax),%r10d
  0x000077b45801a19a:   jne    0x000077b45f4ad6e0           ;   {runtime_call ic_miss_blob (shared runtime)}
[Verified Entry Point]
  0x000077b45801a1a0:   mov    %eax,-0x14000(%rsp)
  0x000077b45801a1a7:   push   %rbp
  0x000077b45801a1a8:   sub    $0x50,%rsp
  0x000077b45801a1ac:   cmpl   $0x1,0x20(%r15)
  0x000077b45801a1b4:   je     0x000077b45801a1bb
  0x000077b45801a1b6:   call   Stub::method_entry_barrier_stub (stub gen)
                                                            ;   {runtime_call Stub::method_entry_barrier_stub (stub gen)}
  0x000077b45801a1bb:   movabs $0x77b41404b240,%rdi         ;   {metadata(method data for {method} {0x00000000462c1f20} &apos;readBytes&apos; &apos;([BII)I&apos; in &apos;java/io/RandomAccessFile&apos;)}
  0x000077b45801a1c5:   mov    0x90(%rdi),%ebx
  0x000077b45801a1cb:   add    $0x2,%ebx
  0x000077b45801a1ce:   mov    %ebx,0x90(%rdi)
  0x000077b45801a1d4:   and    $0x7fe,%ebx
  0x000077b45801a1da:   test   %ebx,%ebx
  0x000077b45801a1dc:   je     0x000077b45801a304
  0x000077b45801a1e2:   movabs $0x7ff89df30,%rdi            ;   {oop(a &apos;java/lang/Class&apos;{0x00000007ff89df30} = &apos;java/io/RandomAccessFile&apos;)}
  0x000077b45801a1ec:   movsbl 0x8c(%rdi),%edi              ;*getstatic jfrTracing {reexecute=0 rethrow=0 return_oop=0}
                                                            ; - java.io.RandomAccessFile::readBytes@0 (line 392)
  0x000077b45801a1f3:   test   %edi,%edi
  0x000077b45801a1f5:   movabs $0x77b41404b240,%rdi         ;   {metadata(method data for {method} {0x00000000462c1f20} &apos;readBytes&apos; &apos;([BII)I&apos; in &apos;java/io/RandomAccessFile&apos;)}
  0x000077b45801a1ff:   mov    $0xd8,%ebx
  0x000077b45801a204:   je     0x000077b45801a20b
  0x000077b45801a206:   mov    $0xe8,%ebx
  0x000077b45801a20b:   mov    (%rdi,%rbx,1),%rax
  0x000077b45801a20f:   lea    0x1(%rax),%rax
  0x000077b45801a213:   mov    %rax,(%rdi,%rbx,1)
  0x000077b45801a217:   mov    %r8d,0x3c(%rsp)
  0x000077b45801a21c:   mov    %ecx,0x38(%rsp)
  0x000077b45801a220:   mov    %rdx,0x30(%rsp)
  0x000077b45801a225:   mov    %rsi,0x28(%rsp)
  0x000077b45801a22a:   je     0x000077b45801a26e           ;*ifeq {reexecute=0 rethrow=0 return_oop=0}
                                                            ; - java.io.RandomAccessFile::readBytes@3 (line 392)
  0x000077b45801a230:   nopl   0x0(%rax)
  0x000077b45801a237:   call   0x000077b45f4adfe0           ; ImmutableOopMap {[40]=Oop [48]=Oop }
                                                            ;*invokestatic enabled {reexecute=0 rethrow=0 return_oop=0}
                                                            ; - java.io.RandomAccessFile::readBytes@6 (line 392)
                                                            ;   {static_call}
  0x000077b45801a23c:   nopl   0x1b4(%rax,%rax,1)           ;*invokestatic enabled {reexecute=0 rethrow=0 return_oop=0}
                                                            ; - java.io.RandomAccessFile::readBytes@6 (line 392)
                                                            ;   {post_call_nop}
  0x000077b45801a244:   test   %eax,%eax
  0x000077b45801a246:   movabs $0x77b41404b240,%rdx         ;   {metadata(method data for {method} {0x00000000462c1f20} &apos;readBytes&apos; &apos;([BII)I&apos; in &apos;java/io/RandomAccessFile&apos;)}
  0x000077b45801a250:   mov    $0x118,%ecx
  0x000077b45801a255:   jne    0x000077b45801a25c
  0x000077b45801a257:   mov    $0x108,%ecx
  0x000077b45801a25c:   mov    (%rdx,%rcx,1),%r8
  0x000077b45801a260:   lea    0x1(%r8),%r8
  0x000077b45801a264:   mov    %r8,(%rdx,%rcx,1)
  0x000077b45801a268:   jne    0x000077b45801a2bc           ;*ifeq {reexecute=0 rethrow=0 return_oop=0}
                                                            ; - java.io.RandomAccessFile::readBytes@9 (line 392)
  0x000077b45801a26e:   mov    0x28(%rsp),%rsi
  0x000077b45801a273:   movabs $0x77b41404b240,%rdx         ;   {metadata(method data for {method} {0x00000000462c1f20} &apos;readBytes&apos; &apos;([BII)I&apos; in &apos;java/io/RandomAccessFile&apos;)}
  0x000077b45801a27d:   addq   $0x1,0x158(%rdx)
  0x000077b45801a285:   mov    0x30(%rsp),%rdx
  0x000077b45801a28a:   mov    0x38(%rsp),%ecx
  0x000077b45801a28e:   mov    0x3c(%rsp),%r8d
  0x000077b45801a293:   mov    0x28(%rsp),%rsi              ;*invokevirtual readBytes0 {reexecute=0 rethrow=0 return_oop=0}
                                                            ; - java.io.RandomAccessFile::readBytes@24 (line 395)
  0x000077b45801a298:   nopl   0x0(%rax)
  0x000077b45801a29f:   call   0x000077b45f4ad9e0           ; ImmutableOopMap {}
                                                            ;*invokevirtual readBytes0 {reexecute=0 rethrow=0 return_oop=0}
                                                            ; - java.io.RandomAccessFile::readBytes@24 (line 395)
                                                            ;   {optimized virtual_call}
  0x000077b45801a2a4:   nopl   0x100021c(%rax,%rax,1)       ;*invokevirtual readBytes0 {reexecute=0 rethrow=0 return_oop=0}
                                                            ; - java.io.RandomAccessFile::readBytes@24 (line 395)
                                                            ;   {post_call_nop}
  0x000077b45801a2ac:   add    $0x50,%rsp
  0x000077b45801a2b0:   pop    %rbp
  0x000077b45801a2b1:   cmp    0x28(%r15),%rsp              ;   {poll_return}
  0x000077b45801a2b5:   ja     0x000077b45801a325
  0x000077b45801a2bb:   ret                                 ;*ireturn {reexecute=0 rethrow=0 return_oop=0}
                                                            ; - java.io.RandomAccessFile::readBytes@27 (line 395)
  0x000077b45801a2bc:   mov    0x3c(%rsp),%r8d
  0x000077b45801a2c1:   mov    0x38(%rsp),%ecx
  0x000077b45801a2c5:   mov    0x30(%rsp),%rdx
  0x000077b45801a2ca:   mov    0x28(%rsp),%rsi
  0x000077b45801a2cf:   mov    %rsi,%rdi
  0x000077b45801a2d2:   movabs $0x77b41404b240,%rbx         ;   {metadata(method data for {method} {0x00000000462c1f20} &apos;readBytes&apos; &apos;([BII)I&apos; in &apos;java/io/RandomAccessFile&apos;)}
  0x000077b45801a2dc:   addq   $0x1,0x128(%rbx)
  0x000077b45801a2e4:   data16 xchg %ax,%ax
  0x000077b45801a2e7:   call   0x000077b45f4ad9e0           ; ImmutableOopMap {}
                                                            ;*invokevirtual traceReadBytes0 {reexecute=0 rethrow=0 return_oop=0}
                                                            ; - java.io.RandomAccessFile::readBytes@16 (line 393)
                                                            ;   {optimized virtual_call}
  0x000077b45801a2ec:   nopl   0x2000264(%rax,%rax,1)       ;*invokevirtual traceReadBytes0 {reexecute=0 rethrow=0 return_oop=0}
                                                            ; - java.io.RandomAccessFile::readBytes@16 (line 393)
                                                            ;   {post_call_nop}
  0x000077b45801a2f4:   add    $0x50,%rsp
  0x000077b45801a2f8:   pop    %rbp
  0x000077b45801a2f9:   cmp    0x28(%r15),%rsp              ;   {poll_return}
  0x000077b45801a2fd:   ja     0x000077b45801a33b
  0x000077b45801a303:   ret    
  0x000077b45801a304:   movabs $0x462c1f20,%r10             ;   {metadata({method} {0x00000000462c1f20} &apos;readBytes&apos; &apos;([BII)I&apos; in &apos;java/io/RandomAccessFile&apos;)}
  0x000077b45801a30e:   mov    %r10,0x8(%rsp)
  0x000077b45801a313:   movq   $0xffffffffffffffff,(%rsp)
  0x000077b45801a31b:   call   0x000077b45f582fe0           ; ImmutableOopMap {rsi=Oop rdx=Oop }
                                                            ;*synchronization entry
                                                            ; - java.io.RandomAccessFile::readBytes@-1 (line 392)
                                                            ;   {runtime_call counter_overflow_blob (C1 runtime)}
  0x000077b45801a320:   jmp    0x000077b45801a1e2
  0x000077b45801a325:   movabs $0x77b45801a2b1,%r10         ;   {internal_word}
  0x000077b45801a32f:   mov    %r10,0x510(%r15)
  0x000077b45801a336:   jmp    0x000077b45f4afb60           ;   {runtime_call SafepointBlob}
  0x000077b45801a33b:   movabs $0x77b45801a2f9,%r10         ;   {internal_word}
  0x000077b45801a345:   mov    %r10,0x510(%r15)
  0x000077b45801a34c:   jmp    0x000077b45f4afb60           ;   {runtime_call SafepointBlob}
  0x000077b45801a351:   mov    0x5c0(%r15),%rax
  0x000077b45801a358:   movq   $0x0,0x5c0(%r15)
  0x000077b45801a363:   movq   $0x0,0x5c8(%r15)
  0x000077b45801a36e:   add    $0x50,%rsp
  0x000077b45801a372:   pop    %rbp
  0x000077b45801a373:   jmp    0x000077b45f57b760           ;   {runtime_call unwind_exception_blob (C1 runtime)}
[Stub Code]
  0x000077b45801a378:   nopl   0x0(%rax,%rax,1)             ;   {other}
  0x000077b45801a37d:   movabs $0x0,%rbx                    ;   {static_stub}
  0x000077b45801a387:   jmp    0x000077b45801a387           ;   {runtime_call nmethod}
  0x000077b45801a38c:   movabs $0x0,%rbx                    ;   {static_stub}
  0x000077b45801a396:   jmp    0x000077b45801a396           ;   {runtime_call nmethod}
  0x000077b45801a39b:   movabs $0x0,%rbx                    ;   {static_stub}
  0x000077b45801a3a5:   jmp    0x000077b45801a3a5           ;   {runtime_call nmethod}
[Exception Handler]
  0x000077b45801a3aa:   call   0x000077b45f57ede0           ;   {runtime_call handle_exception_from_callee_blob (C1 runtime)}
  0x000077b45801a3af:   movabs $0x77b478d3aec4,%rdi         ;   {external_word}
  0x000077b45801a3b9:   and    $0xfffffffffffffff0,%rsp
  0x000077b45801a3bd:   call   0x000077b478791cc0           ;   {runtime_call MacroAssembler::debug64(char*, long, long*)}
  0x000077b45801a3c2:   hlt    
  0x000077b45801a3c3:   call   0x000077b45f4afe60           ;   {runtime_call DeoptimizationBlob}
[Deopt Handler Entry Point]
  0x000077b45801a3c8:   jmp    0x000077b45801a3c3
  0x000077b45801a3ca:   hlt    
  0x000077b45801a3cb:   hlt    
  0x000077b45801a3cc:   hlt    
  0x000077b45801a3cd:   hlt    
  0x000077b45801a3ce:   hlt    
  0x000077b45801a3cf:   hlt    
--------------------------------------------------------------------------------
[/Disassembly]
