
============================= C1-compiled nmethod ==============================
----------------------------------- Assembly -----------------------------------

Compiled method (c1) 34524 1508   !   3       picocli.CommandLine$Range::parseInt (33 bytes)
 total in heap  [0x000077b458120d88,0x000077b458121260] = 1240
 main code      [0x000077b458120e80,0x000077b458121208] = 904
 stub code      [0x000077b458121208,0x000077b458121258] = 80
 oops           [0x000077b458121258,0x000077b458121260] = 8
 mutable data [0x000077b3fc31c800,0x000077b3fc31c888] = 136
 relocation     [0x000077b3fc31c800,0x000077b3fc31c878] = 120
 metadata       [0x000077b3fc31c878,0x000077b3fc31c888] = 16
 immutable data [0x000077b3fc098ab0,0x000077b3fc098d3c] = 652
 dependencies   [0x000077b3fc098ab0,0x000077b3fc098ab8] = 8
 nul chk table  [0x000077b3fc098ab8,0x000077b3fc098ac8] = 16
 handler table  [0x000077b3fc098ac8,0x000077b3fc098b40] = 120
 scopes pcs     [0x000077b3fc098b40,0x000077b3fc098ca0] = 352
 scopes data    [0x000077b3fc098ca0,0x000077b3fc098d38] = 152

[Disassembly]
--------------------------------------------------------------------------------
[Constant Pool (empty)]

--------------------------------------------------------------------------------

[Verified Entry Point]
  # {method} {0x000077b4144cb9a8} &apos;parseInt&apos; &apos;(Ljava/lang/String;I)I&apos; in &apos;picocli/CommandLine$Range&apos;
  # parm0:    rsi:rsi   = &apos;java/lang/String&apos;
  # parm1:    rdx       = int
  #           [sp+0x70]  (sp of caller)
  0x000077b458120e80:   mov    %eax,-0x14000(%rsp)
  0x000077b458120e87:   push   %rbp
  0x000077b458120e88:   sub    $0x60,%rsp
  0x000077b458120e8c:   cmpl   $0x1,0x20(%r15)
  0x000077b458120e94:   je     0x000077b458120e9b
  0x000077b458120e96:   call   Stub::method_entry_barrier_stub (stub gen)
                                                            ;   {runtime_call Stub::method_entry_barrier_stub (stub gen)}
  0x000077b458120e9b:   mov    %rsi,0x40(%rsp)
  0x000077b458120ea0:   movabs $0x77b41473e010,%rdi         ;   {metadata(method data for {method} {0x000077b4144cb9a8} &apos;parseInt&apos; &apos;(Ljava/lang/String;I)I&apos; in &apos;picocli/CommandLine$Range&apos;)}
  0x000077b458120eaa:   mov    0x90(%rdi),%ebx
  0x000077b458120eb0:   add    $0x2,%ebx
  0x000077b458120eb3:   mov    %ebx,0x90(%rdi)
  0x000077b458120eb9:   and    $0x7fe,%ebx
  0x000077b458120ebf:   test   %ebx,%ebx
  0x000077b458120ec1:   je     0x000077b45812113a           ;*aload_0 {reexecute=0 rethrow=0 return_oop=0}
                                                            ; - picocli.CommandLine$Range::parseInt@0 (line 5855)
  0x000077b458120ec7:   mov    %edx,0x48(%rsp)
  0x000077b458120ecb:   cmp    (%rsi),%rax                  ; implicit exception: dispatches to 0x000077b45812115b
  0x000077b458120ece:   mov    %rsi,%rdi
  0x000077b458120ed1:   movabs $0x77b41473e010,%rbx         ;   {metadata(method data for {method} {0x000077b4144cb9a8} &apos;parseInt&apos; &apos;(Ljava/lang/String;I)I&apos; in &apos;picocli/CommandLine$Range&apos;)}
  0x000077b458120edb:   mov    0x8(%rdi),%edi
  0x000077b458120ede:   mov    $0x46000000,%r10d
  0x000077b458120ee4:   add    %r10,%rdi
  0x000077b458120ee7:   mov    $0x1c,%r10d
  0x000077b458120eed:   cmp    (%rbx,%r10,8),%rdi
  0x000077b458120ef1:   je     0x000077b458120f2a
  0x000077b458120ef3:   add    $0x2,%r10
  0x000077b458120ef7:   cmp    $0x20,%r10
  0x000077b458120efb:   jne    0x000077b458120eed
  0x000077b458120efd:   mov    $0x1c,%r10d
  0x000077b458120f03:   cmpq   $0x0,(%rbx,%r10,8)
  0x000077b458120f08:   je     0x000077b458120f16
  0x000077b458120f0a:   add    $0x2,%r10
  0x000077b458120f0e:   cmp    $0x20,%r10
  0x000077b458120f12:   jne    0x000077b458120f03
  0x000077b458120f14:   jmp    0x000077b458120f22
  0x000077b458120f16:   push   %rax
  0x000077b458120f17:   xor    %rax,%rax
  0x000077b458120f1a:   cmpxchg %rdi,(%rbx,%r10,8)
  0x000077b458120f1f:   pop    %rax
  0x000077b458120f20:   jmp    0x000077b458120ee7
  0x000077b458120f22:   mov    $0x1b,%r10d
  0x000077b458120f28:   jmp    0x000077b458120f2e
  0x000077b458120f2a:   add    $0x1,%r10
  0x000077b458120f2e:   addq   $0x1,(%rbx,%r10,8)
  0x000077b458120f33:   mov    $0x2b,%edx
  0x000077b458120f38:   mov    %rsi,%rbx
  0x000077b458120f3b:   mov    %rbx,%rsi                    ;*invokevirtual indexOf {reexecute=0 rethrow=0 return_oop=0}
                                                            ; - picocli.CommandLine$Range::parseInt@3 (line 5855)
  0x000077b458120f3e:   nop
  0x000077b458120f3f:   call   0x000077b45f4ad9e0           ; ImmutableOopMap {[64]=Oop }
                                                            ;*invokevirtual indexOf {reexecute=0 rethrow=0 return_oop=0}
                                                            ; - picocli.CommandLine$Range::parseInt@3 (line 5855)
                                                            ;   {optimized virtual_call}
  0x000077b458120f44:   nopl   0x1bc(%rax,%rax,1)           ;*invokevirtual indexOf {reexecute=0 rethrow=0 return_oop=0}
                                                            ; - picocli.CommandLine$Range::parseInt@3 (line 5855)
                                                            ;   {post_call_nop}
  0x000077b458120f4c:   test   %eax,%eax
  0x000077b458120f4e:   movabs $0x77b41473e010,%rdx         ;   {metadata(method data for {method} {0x000077b4144cb9a8} &apos;parseInt&apos; &apos;(Ljava/lang/String;I)I&apos; in &apos;picocli/CommandLine$Range&apos;)}
  0x000077b458120f58:   mov    $0x108,%esi
  0x000077b458120f5d:   jge    0x000077b458120f64
  0x000077b458120f5f:   mov    $0x118,%esi
  0x000077b458120f64:   mov    (%rdx,%rsi,1),%rdi
  0x000077b458120f68:   lea    0x1(%rdi),%rdi
  0x000077b458120f6c:   mov    %rdi,(%rdx,%rsi,1)
  0x000077b458120f70:   jge    0x000077b458120f90           ;*ifge {reexecute=0 rethrow=0 return_oop=0}
                                                            ; - picocli.CommandLine$Range::parseInt@8 (line 5856)
  0x000077b458120f76:   movabs $0x77b41473e010,%rdx         ;   {metadata(method data for {method} {0x000077b4144cb9a8} &apos;parseInt&apos; &apos;(Ljava/lang/String;I)I&apos; in &apos;picocli/CommandLine$Range&apos;)}
  0x000077b458120f80:   incl   0x128(%rdx)
  0x000077b458120f86:   mov    0x40(%rsp),%rsi
  0x000077b458120f8b:   jmp    0x000077b45812109f           ;*goto {reexecute=0 rethrow=0 return_oop=0}
                                                            ; - picocli.CommandLine$Range::parseInt@12 (line 5856)
  0x000077b458120f90:   mov    0x40(%rsp),%rsi
  0x000077b458120f95:   mov    %rsi,%rdx
  0x000077b458120f98:   movabs $0x77b41473e010,%rdi         ;   {metadata(method data for {method} {0x000077b4144cb9a8} &apos;parseInt&apos; &apos;(Ljava/lang/String;I)I&apos; in &apos;picocli/CommandLine$Range&apos;)}
  0x000077b458120fa2:   mov    0x8(%rdx),%edx
  0x000077b458120fa5:   mov    $0x46000000,%r10d
  0x000077b458120fab:   add    %r10,%rdx
  0x000077b458120fae:   mov    $0x29,%r10d
  0x000077b458120fb4:   cmp    (%rdi,%r10,8),%rdx
  0x000077b458120fb8:   je     0x000077b458120ff1
  0x000077b458120fba:   add    $0x2,%r10
  0x000077b458120fbe:   cmp    $0x2d,%r10
  0x000077b458120fc2:   jne    0x000077b458120fb4
  0x000077b458120fc4:   mov    $0x29,%r10d
  0x000077b458120fca:   cmpq   $0x0,(%rdi,%r10,8)
  0x000077b458120fcf:   je     0x000077b458120fdd
  0x000077b458120fd1:   add    $0x2,%r10
  0x000077b458120fd5:   cmp    $0x2d,%r10
  0x000077b458120fd9:   jne    0x000077b458120fca
  0x000077b458120fdb:   jmp    0x000077b458120fe9
  0x000077b458120fdd:   push   %rax
  0x000077b458120fde:   xor    %rax,%rax
  0x000077b458120fe1:   cmpxchg %rdx,(%rdi,%r10,8)
  0x000077b458120fe6:   pop    %rax
  0x000077b458120fe7:   jmp    0x000077b458120fae
  0x000077b458120fe9:   mov    $0x28,%r10d
  0x000077b458120fef:   jmp    0x000077b458120ff5
  0x000077b458120ff1:   add    $0x1,%r10
  0x000077b458120ff5:   addq   $0x1,(%rdi,%r10,8)
  0x000077b458120ffa:   mov    $0x2b,%edx
  0x000077b458120fff:   mov    %rsi,%rdi
  0x000077b458121002:   mov    %rdi,%rsi                    ;*invokevirtual indexOf {reexecute=0 rethrow=0 return_oop=0}
                                                            ; - picocli.CommandLine$Range::parseInt@20 (line 5856)
  0x000077b458121005:   xchg   %ax,%ax
  0x000077b458121007:   call   0x000077b45f4ad9e0           ; ImmutableOopMap {[64]=Oop }
                                                            ;*invokevirtual indexOf {reexecute=0 rethrow=0 return_oop=0}
                                                            ; - picocli.CommandLine$Range::parseInt@20 (line 5856)
                                                            ;   {optimized virtual_call}
  0x000077b45812100c:   nopl   0x1000284(%rax,%rax,1)       ;*invokevirtual indexOf {reexecute=0 rethrow=0 return_oop=0}
                                                            ; - picocli.CommandLine$Range::parseInt@20 (line 5856)
                                                            ;   {post_call_nop}
  0x000077b458121014:   mov    0x40(%rsp),%rsi
  0x000077b458121019:   movabs $0x77b41473e010,%rdx         ;   {metadata(method data for {method} {0x000077b4144cb9a8} &apos;parseInt&apos; &apos;(Ljava/lang/String;I)I&apos; in &apos;picocli/CommandLine$Range&apos;)}
  0x000077b458121023:   mov    0x8(%rsi),%esi
  0x000077b458121026:   mov    $0x46000000,%r10d
  0x000077b45812102c:   add    %r10,%rsi
  0x000077b45812102f:   mov    $0x2f,%r10d
  0x000077b458121035:   cmp    (%rdx,%r10,8),%rsi
  0x000077b458121039:   je     0x000077b458121072
  0x000077b45812103b:   add    $0x2,%r10
  0x000077b45812103f:   cmp    $0x33,%r10
  0x000077b458121043:   jne    0x000077b458121035
  0x000077b458121045:   mov    $0x2f,%r10d
  0x000077b45812104b:   cmpq   $0x0,(%rdx,%r10,8)
  0x000077b458121050:   je     0x000077b45812105e
  0x000077b458121052:   add    $0x2,%r10
  0x000077b458121056:   cmp    $0x33,%r10
  0x000077b45812105a:   jne    0x000077b45812104b
  0x000077b45812105c:   jmp    0x000077b45812106a
  0x000077b45812105e:   push   %rax
  0x000077b45812105f:   xor    %rax,%rax
  0x000077b458121062:   cmpxchg %rsi,(%rdx,%r10,8)
  0x000077b458121067:   pop    %rax
  0x000077b458121068:   jmp    0x000077b45812102f
  0x000077b45812106a:   mov    $0x2e,%r10d
  0x000077b458121070:   jmp    0x000077b458121076
  0x000077b458121072:   add    $0x1,%r10
  0x000077b458121076:   addq   $0x1,(%rdx,%r10,8)
  0x000077b45812107b:   mov    $0x0,%edx
  0x000077b458121080:   mov    %rax,%rcx
  0x000077b458121083:   mov    0x40(%rsp),%rsi              ;*invokevirtual substring {reexecute=0 rethrow=0 return_oop=0}
                                                            ; - picocli.CommandLine$Range::parseInt@23 (line 5856)
  0x000077b458121088:   nopl   0x0(%rax)
  0x000077b45812108f:   call   0x000077b45f4ad9e0           ; ImmutableOopMap {}
                                                            ;*invokevirtual substring {reexecute=0 rethrow=0 return_oop=0}
                                                            ; - picocli.CommandLine$Range::parseInt@23 (line 5856)
                                                            ;   {optimized virtual_call}
  0x000077b458121094:   nopl   0x200030c(%rax,%rax,1)       ;*invokevirtual substring {reexecute=0 rethrow=0 return_oop=0}
                                                            ; - picocli.CommandLine$Range::parseInt@23 (line 5856)
                                                            ;   {post_call_nop}
  0x000077b45812109c:   mov    %rax,%rsi                    ;*invokestatic parseInt {reexecute=0 rethrow=0 return_oop=0}
                                                            ; - picocli.CommandLine$Range::parseInt@26 (line 5856)
  0x000077b45812109f:   movabs $0x77b41473e010,%rdx         ;   {metadata(method data for {method} {0x000077b4144cb9a8} &apos;parseInt&apos; &apos;(Ljava/lang/String;I)I&apos; in &apos;picocli/CommandLine$Range&apos;)}
  0x000077b4581210a9:   addq   $0x1,0x1a0(%rdx)
  0x000077b4581210b1:   movabs $0x77b4146aff18,%rdx         ;   {metadata(method data for {method} {0x00000000461a29b0} &apos;parseInt&apos; &apos;(Ljava/lang/String;)I&apos; in &apos;java/lang/Integer&apos;)}
  0x000077b4581210bb:   mov    0x90(%rdx),%edi
  0x000077b4581210c1:   add    $0x2,%edi
  0x000077b4581210c4:   mov    %edi,0x90(%rdx)
  0x000077b4581210ca:   and    $0x1ffffe,%edi
  0x000077b4581210d0:   test   %edi,%edi
  0x000077b4581210d2:   je     0x000077b458121160
  0x000077b4581210d8:   movabs $0x77b4146aff18,%rdx         ;   {metadata(method data for {method} {0x00000000461a29b0} &apos;parseInt&apos; &apos;(Ljava/lang/String;)I&apos; in &apos;java/lang/Integer&apos;)}
  0x000077b4581210e2:   addq   $0x1,0xd8(%rdx)
  0x000077b4581210ea:   mov    $0xa,%edx                    ;*invokestatic parseInt {reexecute=0 rethrow=0 return_oop=0}
                                                            ; - java.lang.Integer::parseInt@3 (line 626)
                                                            ; - picocli.CommandLine$Range::parseInt@26 (line 5856)
  0x000077b4581210ef:   call   0x000077b45f4adfe0           ; ImmutableOopMap {}
                                                            ;*invokestatic parseInt {reexecute=0 rethrow=0 return_oop=0}
                                                            ; - java.lang.Integer::parseInt@3 (line 626)
                                                            ; - picocli.CommandLine$Range::parseInt@26 (line 5856)
                                                            ;   {static_call}
  0x000077b4581210f4:   nopl   0x300036c(%rax,%rax,1)       ;*invokestatic parseInt {reexecute=0 rethrow=0 return_oop=0}
                                                            ; - java.lang.Integer::parseInt@3 (line 626)
                                                            ; - picocli.CommandLine$Range::parseInt@26 (line 5856)
                                                            ;   {post_call_nop}
  0x000077b4581210fc:   add    $0x60,%rsp
  0x000077b458121100:   pop    %rbp
  0x000077b458121101:   cmp    0x28(%r15),%rsp              ;   {poll_return}
  0x000077b458121105:   ja     0x000077b458121181
  0x000077b45812110b:   ret                                 ;*ireturn {reexecute=0 rethrow=0 return_oop=0}
                                                            ; - picocli.CommandLine$Range::parseInt@29 (line 5856)
  0x000077b45812110c:   mov    0x5c0(%r15),%rax
  0x000077b458121113:   xor    %r10,%r10
  0x000077b458121116:   mov    %r10,0x5c0(%r15)
  0x000077b45812111d:   xor    %r10,%r10
  0x000077b458121120:   mov    %r10,0x5c8(%r15)
  0x000077b458121127:   mov    %rdx,%rax
  0x000077b45812112a:   add    $0x60,%rsp
  0x000077b45812112e:   pop    %rbp
  0x000077b45812112f:   cmp    0x28(%r15),%rsp              ;   {poll_return}
  0x000077b458121133:   ja     0x000077b458121197
  0x000077b458121139:   ret    
  0x000077b45812113a:   movabs $0x77b4144cb9a8,%r10         ;   {metadata({method} {0x000077b4144cb9a8} &apos;parseInt&apos; &apos;(Ljava/lang/String;I)I&apos; in &apos;picocli/CommandLine$Range&apos;)}
  0x000077b458121144:   mov    %r10,0x8(%rsp)
  0x000077b458121149:   movq   $0xffffffffffffffff,(%rsp)
  0x000077b458121151:   call   0x000077b45f582fe0           ; ImmutableOopMap {rsi=Oop [64]=Oop }
                                                            ;*synchronization entry
                                                            ; - picocli.CommandLine$Range::parseInt@-1 (line 5855)
                                                            ;   {runtime_call counter_overflow_blob (C1 runtime)}
  0x000077b458121156:   jmp    0x000077b458120ec7
  0x000077b45812115b:   call   0x000077b45f57c660           ; ImmutableOopMap {rsi=Oop [64]=Oop }
                                                            ;*invokevirtual indexOf {reexecute=0 rethrow=0 return_oop=0}
                                                            ; - picocli.CommandLine$Range::parseInt@3 (line 5855)
                                                            ;   {runtime_call throw_null_pointer_exception_blob (C1 runtime)}
  0x000077b458121160:   movabs $0x461a29b0,%r10             ;   {metadata({method} {0x00000000461a29b0} &apos;parseInt&apos; &apos;(Ljava/lang/String;)I&apos; in &apos;java/lang/Integer&apos;)}
  0x000077b45812116a:   mov    %r10,0x8(%rsp)
  0x000077b45812116f:   movq   $0xffffffffffffffff,(%rsp)
  0x000077b458121177:   call   0x000077b45f582fe0           ; ImmutableOopMap {rsi=Oop }
                                                            ;*synchronization entry
                                                            ; - java.lang.Integer::parseInt@-1 (line 626)
                                                            ; - picocli.CommandLine$Range::parseInt@26 (line 5856)
                                                            ;   {runtime_call counter_overflow_blob (C1 runtime)}
  0x000077b45812117c:   jmp    0x000077b4581210d8
  0x000077b458121181:   movabs $0x77b458121101,%r10         ;   {internal_word}
  0x000077b45812118b:   mov    %r10,0x510(%r15)
  0x000077b458121192:   jmp    0x000077b45f4afb60           ;   {runtime_call SafepointBlob}
  0x000077b458121197:   movabs $0x77b45812112f,%r10         ;   {internal_word}
  0x000077b4581211a1:   mov    %r10,0x510(%r15)
  0x000077b4581211a8:   jmp    0x000077b45f4afb60           ;   {runtime_call SafepointBlob}
  0x000077b4581211ad:   mov    0x48(%rsp),%edx
  0x000077b4581211b1:   jmp    0x000077b45812110c
  0x000077b4581211b6:   mov    0x48(%rsp),%edx
  0x000077b4581211ba:   jmp    0x000077b45812110c
  0x000077b4581211bf:   mov    0x48(%rsp),%edx
  0x000077b4581211c3:   jmp    0x000077b45812110c
  0x000077b4581211c8:   mov    0x48(%rsp),%edx
  0x000077b4581211cc:   jmp    0x000077b45812110c
  0x000077b4581211d1:   mov    0x48(%rsp),%edx
  0x000077b4581211d5:   jmp    0x000077b45812110c
  0x000077b4581211da:   mov    0x5c0(%r15),%rax
  0x000077b4581211e1:   movq   $0x0,0x5c0(%r15)
  0x000077b4581211ec:   movq   $0x0,0x5c8(%r15)
  0x000077b4581211f7:   add    $0x60,%rsp
  0x000077b4581211fb:   pop    %rbp
  0x000077b4581211fc:   jmp    0x000077b45f57b760           ;   {runtime_call unwind_exception_blob (C1 runtime)}
  0x000077b458121201:   hlt    
  0x000077b458121202:   hlt    
  0x000077b458121203:   hlt    
  0x000077b458121204:   hlt    
  0x000077b458121205:   hlt    
  0x000077b458121206:   hlt    
  0x000077b458121207:   hlt    
[Stub Code]
  0x000077b458121208:   movabs $0x0,%rbx                    ;   {static_stub}
  0x000077b458121212:   jmp    0x000077b458121212           ;   {runtime_call nmethod}
  0x000077b458121217:   movabs $0x0,%rbx                    ;   {static_stub}
  0x000077b458121221:   jmp    0x000077b458121221           ;   {runtime_call nmethod}
  0x000077b458121226:   movabs $0x0,%rbx                    ;   {static_stub}
  0x000077b458121230:   jmp    0x000077b458121230           ;   {runtime_call nmethod}
[Exception Handler]
  0x000077b458121235:   call   0x000077b45f57ede0           ;   {runtime_call handle_exception_from_callee_blob (C1 runtime)}
  0x000077b45812123a:   movabs $0x77b478d3aec4,%rdi         ;   {external_word}
  0x000077b458121244:   and    $0xfffffffffffffff0,%rsp
  0x000077b458121248:   call   0x000077b478791cc0           ;   {runtime_call MacroAssembler::debug64(char*, long, long*)}
  0x000077b45812124d:   hlt    
  0x000077b45812124e:   call   0x000077b45f4afe60           ;   {runtime_call DeoptimizationBlob}
[Deopt Handler Entry Point]
  0x000077b458121253:   jmp    0x000077b45812124e
  0x000077b458121255:   hlt    
  0x000077b458121256:   hlt    
  0x000077b458121257:   hlt    
--------------------------------------------------------------------------------
[/Disassembly]
