
============================= C1-compiled nmethod ==============================
----------------------------------- Assembly -----------------------------------

Compiled method (c1) 35120 1528       3       java.lang.Boolean::valueOf (14 bytes)
 total in heap  [0x000077b458129988,0x000077b458129bc8] = 576
 main code      [0x000077b458129a80,0x000077b458129ba8] = 296
 stub code      [0x000077b458129ba8,0x000077b458129bc8] = 32
 mutable data [0x000077b3e826db80,0x000077b3e826dbc0] = 64
 relocation     [0x000077b3e826db80,0x000077b3e826dbb8] = 56
 metadata       [0x000077b3e826dbb8,0x000077b3e826dbc0] = 8
 immutable data [0x000077b3e826dad0,0x000077b3e826db74] = 164
 dependencies   [0x000077b3e826dad0,0x000077b3e826dad8] = 8
 scopes pcs     [0x000077b3e826dad8,0x000077b3e826db48] = 112
 scopes data    [0x000077b3e826db48,0x000077b3e826db70] = 40

[Disassembly]
--------------------------------------------------------------------------------
[Constant Pool (empty)]

--------------------------------------------------------------------------------

[Verified Entry Point]
  # {method} {0x0000000046199638} &apos;valueOf&apos; &apos;(Z)Ljava/lang/Boolean;&apos; in &apos;java/lang/Boolean&apos;
  # parm0:    rsi       = boolean
  #           [sp+0x30]  (sp of caller)
  0x000077b458129a80:   mov    %eax,-0x14000(%rsp)
  0x000077b458129a87:   push   %rbp
  0x000077b458129a88:   sub    $0x20,%rsp
  0x000077b458129a8c:   cmpl   $0x1,0x20(%r15)
  0x000077b458129a94:   je     0x000077b458129a9b
  0x000077b458129a96:   call   Stub::method_entry_barrier_stub (stub gen)
                                                            ;   {runtime_call Stub::method_entry_barrier_stub (stub gen)}
  0x000077b458129a9b:   movabs $0x77b4146c1138,%rax         ;   {metadata(method data for {method} {0x0000000046199638} &apos;valueOf&apos; &apos;(Z)Ljava/lang/Boolean;&apos; in &apos;java/lang/Boolean&apos;)}
  0x000077b458129aa5:   mov    0x90(%rax),%edi
  0x000077b458129aab:   add    $0x2,%edi
  0x000077b458129aae:   mov    %edi,0x90(%rax)
  0x000077b458129ab4:   and    $0x7fe,%edi
  0x000077b458129aba:   test   %edi,%edi
  0x000077b458129abc:   je     0x000077b458129b30           ;*iload_0 {reexecute=0 rethrow=0 return_oop=0}
                                                            ; - java.lang.Boolean::valueOf@0 (line 178)
  0x000077b458129ac2:   test   %esi,%esi
  0x000077b458129ac4:   movabs $0x77b4146c1138,%rax         ;   {metadata(method data for {method} {0x0000000046199638} &apos;valueOf&apos; &apos;(Z)Ljava/lang/Boolean;&apos; in &apos;java/lang/Boolean&apos;)}
  0x000077b458129ace:   mov    $0xd8,%esi
  0x000077b458129ad3:   je     0x000077b458129ada
  0x000077b458129ad5:   mov    $0xe8,%esi
  0x000077b458129ada:   mov    (%rax,%rsi,1),%rdi
  0x000077b458129ade:   lea    0x1(%rdi),%rdi
  0x000077b458129ae2:   mov    %rdi,(%rax,%rsi,1)
  0x000077b458129ae6:   je     0x000077b458129b16           ;*ifeq {reexecute=0 rethrow=0 return_oop=0}
                                                            ; - java.lang.Boolean::valueOf@1 (line 178)
  0x000077b458129aec:   movabs $0x77b4146c1138,%rax         ;   {metadata(method data for {method} {0x0000000046199638} &apos;valueOf&apos; &apos;(Z)Ljava/lang/Boolean;&apos; in &apos;java/lang/Boolean&apos;)}
  0x000077b458129af6:   incl   0xf8(%rax)
  0x000077b458129afc:   movabs $0x4200406c0,%rax            ;*goto {reexecute=0 rethrow=0 return_oop=0}
                                                            ; - java.lang.Boolean::valueOf@7 (line 178)
                                                            ;   {oop(a &apos;java/lang/Boolean&apos;{0x00000004200406c0} = true)}
  0x000077b458129b06:   add    $0x20,%rsp
  0x000077b458129b0a:   pop    %rbp
  0x000077b458129b0b:   cmp    0x28(%r15),%rsp              ;   {poll_return}
  0x000077b458129b0f:   ja     0x000077b458129b51
  0x000077b458129b15:   ret    
  0x000077b458129b16:   movabs $0x42003f6c8,%rax            ;*areturn {reexecute=0 rethrow=0 return_oop=0}
                                                            ; - java.lang.Boolean::valueOf@13 (line 178)
                                                            ;   {oop(a &apos;java/lang/Boolean&apos;{0x000000042003f6c8} = false)}
  0x000077b458129b20:   add    $0x20,%rsp
  0x000077b458129b24:   pop    %rbp
  0x000077b458129b25:   cmp    0x28(%r15),%rsp              ;   {poll_return}
  0x000077b458129b29:   ja     0x000077b458129b67
  0x000077b458129b2f:   ret    
  0x000077b458129b30:   movabs $0x46199638,%r10             ;   {metadata({method} {0x0000000046199638} &apos;valueOf&apos; &apos;(Z)Ljava/lang/Boolean;&apos; in &apos;java/lang/Boolean&apos;)}
  0x000077b458129b3a:   mov    %r10,0x8(%rsp)
  0x000077b458129b3f:   movq   $0xffffffffffffffff,(%rsp)
  0x000077b458129b47:   call   0x000077b45f582fe0           ; ImmutableOopMap {}
                                                            ;*synchronization entry
                                                            ; - java.lang.Boolean::valueOf@-1 (line 178)
                                                            ;   {runtime_call counter_overflow_blob (C1 runtime)}
  0x000077b458129b4c:   jmp    0x000077b458129ac2
  0x000077b458129b51:   movabs $0x77b458129b0b,%r10         ;   {internal_word}
  0x000077b458129b5b:   mov    %r10,0x510(%r15)
  0x000077b458129b62:   jmp    0x000077b45f4afb60           ;   {runtime_call SafepointBlob}
  0x000077b458129b67:   movabs $0x77b458129b25,%r10         ;   {internal_word}
  0x000077b458129b71:   mov    %r10,0x510(%r15)
  0x000077b458129b78:   jmp    0x000077b45f4afb60           ;   {runtime_call SafepointBlob}
  0x000077b458129b7d:   mov    0x5c0(%r15),%rax
  0x000077b458129b84:   movq   $0x0,0x5c0(%r15)
  0x000077b458129b8f:   movq   $0x0,0x5c8(%r15)
  0x000077b458129b9a:   add    $0x20,%rsp
  0x000077b458129b9e:   pop    %rbp
  0x000077b458129b9f:   jmp    0x000077b45f57b760           ;   {runtime_call unwind_exception_blob (C1 runtime)}
  0x000077b458129ba4:   hlt    
  0x000077b458129ba5:   hlt    
  0x000077b458129ba6:   hlt    
  0x000077b458129ba7:   hlt    
[Exception Handler]
  0x000077b458129ba8:   call   0x000077b45f57ede0           ;   {runtime_call handle_exception_from_callee_blob (C1 runtime)}
  0x000077b458129bad:   movabs $0x77b478d3aec4,%rdi         ;   {external_word}
  0x000077b458129bb7:   and    $0xfffffffffffffff0,%rsp
  0x000077b458129bbb:   call   0x000077b478791cc0           ;   {runtime_call MacroAssembler::debug64(char*, long, long*)}
  0x000077b458129bc0:   hlt    
  0x000077b458129bc1:   call   0x000077b45f4afe60           ;   {runtime_call DeoptimizationBlob}
[Deopt Handler Entry Point]
  0x000077b458129bc6:   jmp    0x000077b458129bc1
--------------------------------------------------------------------------------
[/Disassembly]
