
============================= C1-compiled nmethod ==============================
----------------------------------- Assembly -----------------------------------

Compiled method (c1) 35083 1529       3       java.lang.Class::arrayContentsEq (70 bytes)
 total in heap  [0x000077b458129488,0x000077b458129960] = 1240
 main code      [0x000077b458129580,0x000077b458129940] = 960
 stub code      [0x000077b458129940,0x000077b458129960] = 32
 mutable data [0x000077b3f023bed0,0x000077b3f023bf48] = 120
 relocation     [0x000077b3f023bed0,0x000077b3f023bf40] = 112
 metadata       [0x000077b3f023bf40,0x000077b3f023bf48] = 8
 immutable data [0x000077b3f00d2cc0,0x000077b3f00d2ffc] = 828
 dependencies   [0x000077b3f00d2cc0,0x000077b3f00d2cc8] = 8
 nul chk table  [0x000077b3f00d2cc8,0x000077b3f00d2cf0] = 40
 scopes pcs     [0x000077b3f00d2cf0,0x000077b3f00d2f20] = 560
 scopes data    [0x000077b3f00d2f20,0x000077b3f00d2ff8] = 216

[Disassembly]
--------------------------------------------------------------------------------
[Constant Pool (empty)]

--------------------------------------------------------------------------------

[Verified Entry Point]
  # {method} {0x00000000461898f0} &apos;arrayContentsEq&apos; &apos;([Ljava/lang/Object;[Ljava/lang/Object;)Z&apos; in &apos;java/lang/Class&apos;
  # parm0:    rsi:rsi   = &apos;[Ljava/lang/Object;&apos;
  # parm1:    rdx:rdx   = &apos;[Ljava/lang/Object;&apos;
  #           [sp+0x40]  (sp of caller)
  0x000077b458129580:   mov    %eax,-0x14000(%rsp)
  0x000077b458129587:   push   %rbp
  0x000077b458129588:   sub    $0x30,%rsp
  0x000077b45812958c:   cmpl   $0x1,0x20(%r15)
  0x000077b458129594:   je     0x000077b45812959b
  0x000077b458129596:   call   Stub::method_entry_barrier_stub (stub gen)
                                                            ;   {runtime_call Stub::method_entry_barrier_stub (stub gen)}
  0x000077b45812959b:   movabs $0x77b4146b8e38,%rax         ;   {metadata(method data for {method} {0x00000000461898f0} &apos;arrayContentsEq&apos; &apos;([Ljava/lang/Object;[Ljava/lang/Object;)Z&apos; in &apos;java/lang/Class&apos;)}
  0x000077b4581295a5:   mov    0x90(%rax),%edi
  0x000077b4581295ab:   add    $0x2,%edi
  0x000077b4581295ae:   mov    %edi,0x90(%rax)
  0x000077b4581295b4:   and    $0x7fe,%edi
  0x000077b4581295ba:   test   %edi,%edi
  0x000077b4581295bc:   je     0x000077b458129844           ;*aload_0 {reexecute=0 rethrow=0 return_oop=0}
                                                            ; - java.lang.Class::arrayContentsEq@0 (line 3196)
  0x000077b4581295c2:   test   %rsi,%rsi
  0x000077b4581295c5:   movabs $0x77b4146b8e38,%rax         ;   {metadata(method data for {method} {0x00000000461898f0} &apos;arrayContentsEq&apos; &apos;([Ljava/lang/Object;[Ljava/lang/Object;)Z&apos; in &apos;java/lang/Class&apos;)}
  0x000077b4581295cf:   mov    $0xd8,%edi
  0x000077b4581295d4:   jne    0x000077b4581295db
  0x000077b4581295d6:   mov    $0xe8,%edi
  0x000077b4581295db:   mov    (%rax,%rdi,1),%rbx
  0x000077b4581295df:   lea    0x1(%rbx),%rbx
  0x000077b4581295e3:   mov    %rbx,(%rax,%rdi,1)
  0x000077b4581295e7:   jne    0x000077b45812964a           ;*ifnonnull {reexecute=0 rethrow=0 return_oop=0}
                                                            ; - java.lang.Class::arrayContentsEq@1 (line 3196)
  0x000077b4581295ed:   test   %rdx,%rdx
  0x000077b4581295f0:   movabs $0x77b4146b8e38,%rax         ;   {metadata(method data for {method} {0x00000000461898f0} &apos;arrayContentsEq&apos; &apos;([Ljava/lang/Object;[Ljava/lang/Object;)Z&apos; in &apos;java/lang/Class&apos;)}
  0x000077b4581295fa:   mov    $0xf8,%esi
  0x000077b4581295ff:   je     0x000077b458129606
  0x000077b458129601:   mov    $0x108,%esi
  0x000077b458129606:   mov    (%rax,%rsi,1),%rdi
  0x000077b45812960a:   lea    0x1(%rdi),%rdi
  0x000077b45812960e:   mov    %rdi,(%rax,%rsi,1)
  0x000077b458129612:   je     0x000077b458129812           ;*ifnull {reexecute=0 rethrow=0 return_oop=0}
                                                            ; - java.lang.Class::arrayContentsEq@5 (line 3197)
  0x000077b458129618:   mov    0xc(%rdx),%eax               ; implicit exception: dispatches to 0x000077b458129865
                                                            ;*arraylength {reexecute=0 rethrow=0 return_oop=0}
                                                            ; - java.lang.Class::arrayContentsEq@9 (line 3197)
  0x000077b45812961b:   test   %eax,%eax
  0x000077b45812961d:   movabs $0x77b4146b8e38,%rax         ;   {metadata(method data for {method} {0x00000000461898f0} &apos;arrayContentsEq&apos; &apos;([Ljava/lang/Object;[Ljava/lang/Object;)Z&apos; in &apos;java/lang/Class&apos;)}
  0x000077b458129627:   mov    $0x118,%esi
  0x000077b45812962c:   jne    0x000077b458129633
  0x000077b45812962e:   mov    $0x128,%esi
  0x000077b458129633:   mov    (%rax,%rsi,1),%rdi
  0x000077b458129637:   lea    0x1(%rdi),%rdi
  0x000077b45812963b:   mov    %rdi,(%rax,%rsi,1)
  0x000077b45812963f:   jne    0x000077b45812982c
  0x000077b458129645:   jmp    0x000077b458129812           ;*ifne {reexecute=0 rethrow=0 return_oop=0}
                                                            ; - java.lang.Class::arrayContentsEq@10 (line 3197)
  0x000077b45812964a:   test   %rdx,%rdx
  0x000077b45812964d:   movabs $0x77b4146b8e38,%rax         ;   {metadata(method data for {method} {0x00000000461898f0} &apos;arrayContentsEq&apos; &apos;([Ljava/lang/Object;[Ljava/lang/Object;)Z&apos; in &apos;java/lang/Class&apos;)}
  0x000077b458129657:   mov    $0x150,%edi
  0x000077b45812965c:   jne    0x000077b458129663
  0x000077b45812965e:   mov    $0x160,%edi
  0x000077b458129663:   mov    (%rax,%rdi,1),%rbx
  0x000077b458129667:   lea    0x1(%rbx),%rbx
  0x000077b45812966b:   mov    %rbx,(%rax,%rdi,1)
  0x000077b45812966f:   jne    0x000077b4581296a7           ;*ifnonnull {reexecute=0 rethrow=0 return_oop=0}
                                                            ; - java.lang.Class::arrayContentsEq@20 (line 3200)
  0x000077b458129675:   mov    0xc(%rsi),%eax               ; implicit exception: dispatches to 0x000077b45812986a
                                                            ;*arraylength {reexecute=0 rethrow=0 return_oop=0}
                                                            ; - java.lang.Class::arrayContentsEq@24 (line 3201)
  0x000077b458129678:   test   %eax,%eax
  0x000077b45812967a:   movabs $0x77b4146b8e38,%rax         ;   {metadata(method data for {method} {0x00000000461898f0} &apos;arrayContentsEq&apos; &apos;([Ljava/lang/Object;[Ljava/lang/Object;)Z&apos; in &apos;java/lang/Class&apos;)}
  0x000077b458129684:   mov    $0x170,%esi
  0x000077b458129689:   jne    0x000077b458129690
  0x000077b45812968b:   mov    $0x180,%esi
  0x000077b458129690:   mov    (%rax,%rsi,1),%rdi
  0x000077b458129694:   lea    0x1(%rdi),%rdi
  0x000077b458129698:   mov    %rdi,(%rax,%rsi,1)
  0x000077b45812969c:   jne    0x000077b4581297fa
  0x000077b4581296a2:   jmp    0x000077b4581297e0           ;*ifne {reexecute=0 rethrow=0 return_oop=0}
                                                            ; - java.lang.Class::arrayContentsEq@25 (line 3201)
  0x000077b4581296a7:   mov    0xc(%rsi),%eax               ; implicit exception: dispatches to 0x000077b45812986f
                                                            ;*arraylength {reexecute=0 rethrow=0 return_oop=0}
                                                            ; - java.lang.Class::arrayContentsEq@35 (line 3204)
  0x000077b4581296aa:   mov    0xc(%rdx),%edi               ; implicit exception: dispatches to 0x000077b458129874
                                                            ;*arraylength {reexecute=0 rethrow=0 return_oop=0}
                                                            ; - java.lang.Class::arrayContentsEq@37 (line 3204)
  0x000077b4581296ad:   cmp    %edi,%eax
  0x000077b4581296af:   movabs $0x77b4146b8e38,%rdi         ;   {metadata(method data for {method} {0x00000000461898f0} &apos;arrayContentsEq&apos; &apos;([Ljava/lang/Object;[Ljava/lang/Object;)Z&apos; in &apos;java/lang/Class&apos;)}
  0x000077b4581296b9:   mov    $0x1b8,%ebx
  0x000077b4581296be:   jne    0x000077b4581296c5
  0x000077b4581296c0:   mov    $0x1a8,%ebx
  0x000077b4581296c5:   mov    (%rdi,%rbx,1),%rcx
  0x000077b4581296c9:   lea    0x1(%rcx),%rcx
  0x000077b4581296cd:   mov    %rcx,(%rdi,%rbx,1)
  0x000077b4581296d1:   jne    0x000077b4581297cb           ;*if_icmpeq {reexecute=0 rethrow=0 return_oop=0}
                                                            ; - java.lang.Class::arrayContentsEq@38 (line 3204)
  0x000077b4581296d7:   mov    $0x0,%edi
  0x000077b4581296dc:   jmp    0x000077b458129772           ;*iload_2 {reexecute=0 rethrow=0 return_oop=0}
                                                            ; - java.lang.Class::arrayContentsEq@45 (line 3208)
  0x000077b4581296e1:   nopl   0x0(%rax)
  0x000077b4581296e8:   movslq %edi,%rbx
  0x000077b4581296eb:   mov    0x10(%rsi,%rbx,4),%ebx
  0x000077b4581296ef:   shl    $0x3,%rbx                    ;*aaload {reexecute=0 rethrow=0 return_oop=0}
                                                            ; - java.lang.Class::arrayContentsEq@53 (line 3209)
  0x000077b4581296f3:   cmp    0xc(%rdx),%edi
  0x000077b4581296f6:   jae    0x000077b458129879
  0x000077b4581296fc:   movslq %edi,%rcx
  0x000077b4581296ff:   mov    0x10(%rdx,%rcx,4),%ecx
  0x000077b458129703:   shl    $0x3,%rcx                    ;*aaload {reexecute=0 rethrow=0 return_oop=0}
                                                            ; - java.lang.Class::arrayContentsEq@56 (line 3209)
  0x000077b458129707:   cmp    %rcx,%rbx
  0x000077b45812970a:   movabs $0x77b4146b8e38,%rbx         ;   {metadata(method data for {method} {0x00000000461898f0} &apos;arrayContentsEq&apos; &apos;([Ljava/lang/Object;[Ljava/lang/Object;)Z&apos; in &apos;java/lang/Class&apos;)}
  0x000077b458129714:   mov    $0x1f8,%ecx
  0x000077b458129719:   jne    0x000077b458129720
  0x000077b45812971b:   mov    $0x1e8,%ecx
  0x000077b458129720:   mov    (%rbx,%rcx,1),%r8
  0x000077b458129724:   lea    0x1(%r8),%r8
  0x000077b458129728:   mov    %r8,(%rbx,%rcx,1)
  0x000077b45812972c:   jne    0x000077b4581297a1           ;*if_acmpeq {reexecute=0 rethrow=0 return_oop=0}
                                                            ; - java.lang.Class::arrayContentsEq@57 (line 3209)
  0x000077b458129732:   inc    %edi
  0x000077b458129734:   movabs $0x77b4146b8e38,%rbx         ;   {metadata(method data for {method} {0x00000000461898f0} &apos;arrayContentsEq&apos; &apos;([Ljava/lang/Object;[Ljava/lang/Object;)Z&apos; in &apos;java/lang/Class&apos;)}
  0x000077b45812973e:   mov    0x94(%rbx),%ecx
  0x000077b458129744:   add    $0x2,%ecx
  0x000077b458129747:   mov    %ecx,0x94(%rbx)
  0x000077b45812974d:   and    $0x3ffe,%ecx
  0x000077b458129753:   test   %ecx,%ecx
  0x000077b458129755:   je     0x000077b458129887           ;*goto {reexecute=0 rethrow=0 return_oop=0}
                                                            ; - java.lang.Class::arrayContentsEq@65 (line 3208)
  0x000077b45812975b:   mov    0x30(%r15),%r10              ; ImmutableOopMap {rdx=Oop rsi=Oop }
                                                            ;*goto {reexecute=1 rethrow=0 return_oop=0}
                                                            ; - (reexecute) java.lang.Class::arrayContentsEq@65 (line 3208)
  0x000077b45812975f:   test   %eax,(%r10)                  ;   {poll}
  0x000077b458129762:   movabs $0x77b4146b8e38,%rbx         ;   {metadata(method data for {method} {0x00000000461898f0} &apos;arrayContentsEq&apos; &apos;([Ljava/lang/Object;[Ljava/lang/Object;)Z&apos; in &apos;java/lang/Class&apos;)}
  0x000077b45812976c:   incl   0x208(%rbx)                  ;*goto {reexecute=0 rethrow=0 return_oop=0}
                                                            ; - java.lang.Class::arrayContentsEq@65 (line 3208)
  0x000077b458129772:   cmp    %eax,%edi
  0x000077b458129774:   movabs $0x77b4146b8e38,%rbx         ;   {metadata(method data for {method} {0x00000000461898f0} &apos;arrayContentsEq&apos; &apos;([Ljava/lang/Object;[Ljava/lang/Object;)Z&apos; in &apos;java/lang/Class&apos;)}
  0x000077b45812977e:   mov    $0x1c8,%ecx
  0x000077b458129783:   jge    0x000077b45812978a
  0x000077b458129785:   mov    $0x1d8,%ecx
  0x000077b45812978a:   mov    (%rbx,%rcx,1),%r8
  0x000077b45812978e:   lea    0x1(%r8),%r8
  0x000077b458129792:   mov    %r8,(%rbx,%rcx,1)
  0x000077b458129796:   jge    0x000077b4581297b6
  0x000077b45812979c:   jmp    0x000077b4581296e8           ;*if_icmpge {reexecute=0 rethrow=0 return_oop=0}
                                                            ; - java.lang.Class::arrayContentsEq@48 (line 3208)
  0x000077b4581297a1:   mov    $0x0,%eax
  0x000077b4581297a6:   add    $0x30,%rsp
  0x000077b4581297aa:   pop    %rbp
  0x000077b4581297ab:   cmp    0x28(%r15),%rsp              ;   {poll_return}
  0x000077b4581297af:   ja     0x000077b4581298a8
  0x000077b4581297b5:   ret                                 ;*ireturn {reexecute=0 rethrow=0 return_oop=0}
                                                            ; - java.lang.Class::arrayContentsEq@61 (line 3210)
  0x000077b4581297b6:   mov    $0x1,%eax
  0x000077b4581297bb:   add    $0x30,%rsp
  0x000077b4581297bf:   pop    %rbp
  0x000077b4581297c0:   cmp    0x28(%r15),%rsp              ;   {poll_return}
  0x000077b4581297c4:   ja     0x000077b4581298be
  0x000077b4581297ca:   ret                                 ;*ireturn {reexecute=0 rethrow=0 return_oop=0}
                                                            ; - java.lang.Class::arrayContentsEq@69 (line 3214)
  0x000077b4581297cb:   mov    $0x0,%eax
  0x000077b4581297d0:   add    $0x30,%rsp
  0x000077b4581297d4:   pop    %rbp
  0x000077b4581297d5:   cmp    0x28(%r15),%rsp              ;   {poll_return}
  0x000077b4581297d9:   ja     0x000077b4581298d4
  0x000077b4581297df:   ret                                 ;*ireturn {reexecute=0 rethrow=0 return_oop=0}
                                                            ; - java.lang.Class::arrayContentsEq@42 (line 3205)
  0x000077b4581297e0:   movabs $0x77b4146b8e38,%rax         ;   {metadata(method data for {method} {0x00000000461898f0} &apos;arrayContentsEq&apos; &apos;([Ljava/lang/Object;[Ljava/lang/Object;)Z&apos; in &apos;java/lang/Class&apos;)}
  0x000077b4581297ea:   incl   0x190(%rax)
  0x000077b4581297f0:   mov    $0x1,%eax
  0x000077b4581297f5:   jmp    0x000077b4581297ff           ;*goto {reexecute=0 rethrow=0 return_oop=0}
                                                            ; - java.lang.Class::arrayContentsEq@29 (line 3201)
  0x000077b4581297fa:   mov    $0x0,%eax
  0x000077b4581297ff:   and    $0x1,%eax
  0x000077b458129802:   add    $0x30,%rsp
  0x000077b458129806:   pop    %rbp
  0x000077b458129807:   cmp    0x28(%r15),%rsp              ;   {poll_return}
  0x000077b45812980b:   ja     0x000077b4581298ea
  0x000077b458129811:   ret                                 ;*ireturn {reexecute=0 rethrow=0 return_oop=0}
                                                            ; - java.lang.Class::arrayContentsEq@33 (line 3201)
  0x000077b458129812:   movabs $0x77b4146b8e38,%rax         ;   {metadata(method data for {method} {0x00000000461898f0} &apos;arrayContentsEq&apos; &apos;([Ljava/lang/Object;[Ljava/lang/Object;)Z&apos; in &apos;java/lang/Class&apos;)}
  0x000077b45812981c:   incl   0x138(%rax)
  0x000077b458129822:   mov    $0x1,%eax
  0x000077b458129827:   jmp    0x000077b458129831           ;*goto {reexecute=0 rethrow=0 return_oop=0}
                                                            ; - java.lang.Class::arrayContentsEq@14 (line 3197)
  0x000077b45812982c:   mov    $0x0,%eax                    ;*ireturn {reexecute=0 rethrow=0 return_oop=0}
                                                            ; - java.lang.Class::arrayContentsEq@18 (line 3197)
  0x000077b458129831:   and    $0x1,%eax
  0x000077b458129834:   add    $0x30,%rsp
  0x000077b458129838:   pop    %rbp
  0x000077b458129839:   cmp    0x28(%r15),%rsp              ;   {poll_return}
  0x000077b45812983d:   ja     0x000077b458129900
  0x000077b458129843:   ret    
  0x000077b458129844:   movabs $0x461898f0,%r10             ;   {metadata({method} {0x00000000461898f0} &apos;arrayContentsEq&apos; &apos;([Ljava/lang/Object;[Ljava/lang/Object;)Z&apos; in &apos;java/lang/Class&apos;)}
  0x000077b45812984e:   mov    %r10,0x8(%rsp)
  0x000077b458129853:   movq   $0xffffffffffffffff,(%rsp)
  0x000077b45812985b:   call   0x000077b45f582fe0           ; ImmutableOopMap {rsi=Oop rdx=Oop }
                                                            ;*synchronization entry
                                                            ; - java.lang.Class::arrayContentsEq@-1 (line 3196)
                                                            ;   {runtime_call counter_overflow_blob (C1 runtime)}
  0x000077b458129860:   jmp    0x000077b4581295c2
  0x000077b458129865:   call   0x000077b45f57c660           ; ImmutableOopMap {}
                                                            ;*arraylength {reexecute=0 rethrow=0 return_oop=0}
                                                            ; - java.lang.Class::arrayContentsEq@9 (line 3197)
                                                            ;   {runtime_call throw_null_pointer_exception_blob (C1 runtime)}
  0x000077b45812986a:   call   0x000077b45f57c660           ; ImmutableOopMap {}
                                                            ;*arraylength {reexecute=0 rethrow=0 return_oop=0}
                                                            ; - java.lang.Class::arrayContentsEq@24 (line 3201)
                                                            ;   {runtime_call throw_null_pointer_exception_blob (C1 runtime)}
  0x000077b45812986f:   call   0x000077b45f57c660           ; ImmutableOopMap {rdx=Oop rsi=Oop }
                                                            ;*arraylength {reexecute=0 rethrow=0 return_oop=0}
                                                            ; - java.lang.Class::arrayContentsEq@35 (line 3204)
                                                            ;   {runtime_call throw_null_pointer_exception_blob (C1 runtime)}
  0x000077b458129874:   call   0x000077b45f57c660           ; ImmutableOopMap {rdx=Oop rsi=Oop }
                                                            ;*arraylength {reexecute=0 rethrow=0 return_oop=0}
                                                            ; - java.lang.Class::arrayContentsEq@37 (line 3204)
                                                            ;   {runtime_call throw_null_pointer_exception_blob (C1 runtime)}
  0x000077b458129879:   mov    %rdi,(%rsp)
  0x000077b45812987d:   mov    %rdx,0x8(%rsp)
  0x000077b458129882:   call   0x000077b45f57bd60           ; ImmutableOopMap {rdx=Oop rsi=Oop rbx=Oop }
                                                            ;*aaload {reexecute=0 rethrow=0 return_oop=0}
                                                            ; - java.lang.Class::arrayContentsEq@56 (line 3209)
                                                            ;   {runtime_call throw_range_check_failed_blob (C1 runtime)}
  0x000077b458129887:   movabs $0x461898f0,%r10             ;   {metadata({method} {0x00000000461898f0} &apos;arrayContentsEq&apos; &apos;([Ljava/lang/Object;[Ljava/lang/Object;)Z&apos; in &apos;java/lang/Class&apos;)}
  0x000077b458129891:   mov    %r10,0x8(%rsp)
  0x000077b458129896:   movq   $0x41,(%rsp)
  0x000077b45812989e:   call   0x000077b45f582fe0           ; ImmutableOopMap {rdx=Oop rsi=Oop }
                                                            ;*goto {reexecute=1 rethrow=0 return_oop=0}
                                                            ; - (reexecute) java.lang.Class::arrayContentsEq@65 (line 3208)
                                                            ;   {runtime_call counter_overflow_blob (C1 runtime)}
  0x000077b4581298a3:   jmp    0x000077b45812975b
  0x000077b4581298a8:   movabs $0x77b4581297ab,%r10         ;   {internal_word}
  0x000077b4581298b2:   mov    %r10,0x510(%r15)
  0x000077b4581298b9:   jmp    0x000077b45f4afb60           ;   {runtime_call SafepointBlob}
  0x000077b4581298be:   movabs $0x77b4581297c0,%r10         ;   {internal_word}
  0x000077b4581298c8:   mov    %r10,0x510(%r15)
  0x000077b4581298cf:   jmp    0x000077b45f4afb60           ;   {runtime_call SafepointBlob}
  0x000077b4581298d4:   movabs $0x77b4581297d5,%r10         ;   {internal_word}
  0x000077b4581298de:   mov    %r10,0x510(%r15)
  0x000077b4581298e5:   jmp    0x000077b45f4afb60           ;   {runtime_call SafepointBlob}
  0x000077b4581298ea:   movabs $0x77b458129807,%r10         ;   {internal_word}
  0x000077b4581298f4:   mov    %r10,0x510(%r15)
  0x000077b4581298fb:   jmp    0x000077b45f4afb60           ;   {runtime_call SafepointBlob}
  0x000077b458129900:   movabs $0x77b458129839,%r10         ;   {internal_word}
  0x000077b45812990a:   mov    %r10,0x510(%r15)
  0x000077b458129911:   jmp    0x000077b45f4afb60           ;   {runtime_call SafepointBlob}
  0x000077b458129916:   mov    0x5c0(%r15),%rax
  0x000077b45812991d:   movq   $0x0,0x5c0(%r15)
  0x000077b458129928:   movq   $0x0,0x5c8(%r15)
  0x000077b458129933:   add    $0x30,%rsp
  0x000077b458129937:   pop    %rbp
  0x000077b458129938:   jmp    0x000077b45f57b760           ;   {runtime_call unwind_exception_blob (C1 runtime)}
  0x000077b45812993d:   hlt    
  0x000077b45812993e:   hlt    
  0x000077b45812993f:   hlt    
[Exception Handler]
  0x000077b458129940:   call   0x000077b45f57ede0           ;   {runtime_call handle_exception_from_callee_blob (C1 runtime)}
  0x000077b458129945:   movabs $0x77b478d3aec4,%rdi         ;   {external_word}
  0x000077b45812994f:   and    $0xfffffffffffffff0,%rsp
  0x000077b458129953:   call   0x000077b478791cc0           ;   {runtime_call MacroAssembler::debug64(char*, long, long*)}
  0x000077b458129958:   hlt    
  0x000077b458129959:   call   0x000077b45f4afe60           ;   {runtime_call DeoptimizationBlob}
[Deopt Handler Entry Point]
  0x000077b45812995e:   jmp    0x000077b458129959
--------------------------------------------------------------------------------
[/Disassembly]
