
============================= C1-compiled nmethod ==============================
----------------------------------- Assembly -----------------------------------

Compiled method (c1) 35771 1546       3       java.util.LinkedHashMap::&lt;init&gt; (21 bytes)
 total in heap  [0x000077b45812dd08,0x000077b45812e0a8] = 928
 main code      [0x000077b45812de00,0x000077b45812e078] = 632
 stub code      [0x000077b45812e078,0x000077b45812e0a8] = 48
 mutable data [0x000077b3fc0b3d80,0x000077b3fc0b3df8] = 120
 relocation     [0x000077b3fc0b3d80,0x000077b3fc0b3dd0] = 80
 metadata       [0x000077b3fc0b3dd0,0x000077b3fc0b3df8] = 40
 immutable data [0x000077b3fc19a470,0x000077b3fc19a5bc] = 332
 dependencies   [0x000077b3fc19a470,0x000077b3fc19a480] = 16
 scopes pcs     [0x000077b3fc19a480,0x000077b3fc19a550] = 208
 scopes data    [0x000077b3fc19a550,0x000077b3fc19a5b8] = 104

[Disassembly]
--------------------------------------------------------------------------------
[Constant Pool (empty)]

--------------------------------------------------------------------------------

[Instructions begin]
  0x000077b45812de00:   data16 data16 nopw 0x0(%rax,%rax,1)
  0x000077b45812de0b:   data16 data16 xchg %ax,%ax
  0x000077b45812de0f:   data16 xchg %ax,%ax
[Entry Point]
  # {method} {0x000000004624b0d0} &apos;&lt;init&gt;&apos; &apos;(Ljava/util/Map;)V&apos; in &apos;java/util/LinkedHashMap&apos;
  # this:     rsi:rsi   = &apos;java/util/LinkedHashMap&apos;
  # parm0:    rdx:rdx   = &apos;java/util/Map&apos;
  #           [sp+0x70]  (sp of caller)
  0x000077b45812de12:   mov    0x8(%rsi),%r10d
  0x000077b45812de16:   cmp    0x8(%rax),%r10d
  0x000077b45812de1a:   jne    0x000077b45f4ad6e0           ;   {runtime_call ic_miss_blob (shared runtime)}
[Verified Entry Point]
  0x000077b45812de20:   mov    %eax,-0x14000(%rsp)
  0x000077b45812de27:   push   %rbp
  0x000077b45812de28:   sub    $0x60,%rsp
  0x000077b45812de2c:   cmpl   $0x1,0x20(%r15)
  0x000077b45812de34:   je     0x000077b45812de3b
  0x000077b45812de36:   call   Stub::method_entry_barrier_stub (stub gen)
                                                            ;   {runtime_call Stub::method_entry_barrier_stub (stub gen)}
  0x000077b45812de3b:   movabs $0x77b4146c2dc8,%rcx         ;   {metadata(method data for {method} {0x000000004624b0d0} &apos;&lt;init&gt;&apos; &apos;(Ljava/util/Map;)V&apos; in &apos;java/util/LinkedHashMap&apos;)}
  0x000077b45812de45:   mov    0x90(%rcx),%edi
  0x000077b45812de4b:   add    $0x2,%edi
  0x000077b45812de4e:   mov    %edi,0x90(%rcx)
  0x000077b45812de54:   and    $0x7fe,%edi
  0x000077b45812de5a:   test   %edi,%edi
  0x000077b45812de5c:   je     0x000077b45812dfb4           ;*aload_0 {reexecute=0 rethrow=0 return_oop=0}
                                                            ; - java.util.LinkedHashMap::&lt;init&gt;@0 (line 479)
  0x000077b45812de62:   mov    %rsi,%rcx
  0x000077b45812de65:   movabs $0x77b4146c2dc8,%rdi         ;   {metadata(method data for {method} {0x000000004624b0d0} &apos;&lt;init&gt;&apos; &apos;(Ljava/util/Map;)V&apos; in &apos;java/util/LinkedHashMap&apos;)}
  0x000077b45812de6f:   addq   $0x1,0xd8(%rdi)
  0x000077b45812de77:   movabs $0x77b414280020,%rcx         ;   {metadata(method data for {method} {0x00000000464798a8} &apos;&lt;init&gt;&apos; &apos;()V&apos; in &apos;java/util/HashMap&apos;)}
  0x000077b45812de81:   mov    0x90(%rcx),%edi
  0x000077b45812de87:   add    $0x2,%edi
  0x000077b45812de8a:   mov    %edi,0x90(%rcx)
  0x000077b45812de90:   and    $0x1ffffe,%edi
  0x000077b45812de96:   test   %edi,%edi
  0x000077b45812de98:   je     0x000077b45812dfd5
  0x000077b45812de9e:   mov    %rsi,%rcx
  0x000077b45812dea1:   movabs $0x77b414280020,%rdi         ;   {metadata(method data for {method} {0x00000000464798a8} &apos;&lt;init&gt;&apos; &apos;()V&apos; in &apos;java/util/HashMap&apos;)}
  0x000077b45812deab:   addq   $0x1,0xd8(%rdi)
  0x000077b45812deb3:   movabs $0x77b41411d310,%rcx         ;   {metadata(method data for {method} {0x00000000464855d0} &apos;&lt;init&gt;&apos; &apos;()V&apos; in &apos;java/util/AbstractMap&apos;)}
  0x000077b45812debd:   mov    0x90(%rcx),%edi
  0x000077b45812dec3:   add    $0x2,%edi
  0x000077b45812dec6:   mov    %edi,0x90(%rcx)
  0x000077b45812decc:   and    $0x1ffffe,%edi
  0x000077b45812ded2:   test   %edi,%edi
  0x000077b45812ded4:   je     0x000077b45812dff6
  0x000077b45812deda:   mov    %rsi,%rcx
  0x000077b45812dedd:   movabs $0x77b41411d310,%rdi         ;   {metadata(method data for {method} {0x00000000464855d0} &apos;&lt;init&gt;&apos; &apos;()V&apos; in &apos;java/util/AbstractMap&apos;)}
  0x000077b45812dee7:   addq   $0x1,0xd8(%rdi)
  0x000077b45812deef:   movabs $0x77b414010cd0,%rcx         ;   {metadata(method data for {method} {0x00000000464a6d78} &apos;&lt;init&gt;&apos; &apos;()V&apos; in &apos;java/lang/Object&apos;)}
  0x000077b45812def9:   mov    0x90(%rcx),%edi
  0x000077b45812deff:   add    $0x2,%edi
  0x000077b45812df02:   mov    %edi,0x90(%rcx)
  0x000077b45812df08:   and    $0x1ffffe,%edi
  0x000077b45812df0e:   test   %edi,%edi
  0x000077b45812df10:   je     0x000077b45812e017
  0x000077b45812df16:   movl   $0x3f400000,0x28(%rsi)       ;*putfield loadFactor {reexecute=0 rethrow=0 return_oop=0}
                                                            ; - java.util.HashMap::&lt;init&gt;@7 (line 478)
                                                            ; - java.util.LinkedHashMap::&lt;init&gt;@1 (line 479)
  0x000077b45812df1d:   movl   $0x0,0x2c(%rsi)              ;*putfield putMode {reexecute=0 rethrow=0 return_oop=0}
                                                            ; - java.util.LinkedHashMap::&lt;init&gt;@6 (line 333)
  0x000077b45812df24:   movb   $0x0,0x30(%rsi)              ;*putfield accessOrder {reexecute=0 rethrow=0 return_oop=0}
                                                            ; - java.util.LinkedHashMap::&lt;init&gt;@11 (line 480)
  0x000077b45812df28:   mov    %rsi,%rcx
  0x000077b45812df2b:   movabs $0x77b4146c2dc8,%rdi         ;   {metadata(method data for {method} {0x000000004624b0d0} &apos;&lt;init&gt;&apos; &apos;(Ljava/util/Map;)V&apos; in &apos;java/util/LinkedHashMap&apos;)}
  0x000077b45812df35:   mov    0x8(%rcx),%ecx
  0x000077b45812df38:   mov    $0x46000000,%r10d
  0x000077b45812df3e:   add    %r10,%rcx
  0x000077b45812df41:   mov    $0x1e,%r10d
  0x000077b45812df47:   cmp    (%rdi,%r10,8),%rcx
  0x000077b45812df4b:   je     0x000077b45812df84
  0x000077b45812df4d:   add    $0x2,%r10
  0x000077b45812df51:   cmp    $0x22,%r10
  0x000077b45812df55:   jne    0x000077b45812df47
  0x000077b45812df57:   mov    $0x1e,%r10d
  0x000077b45812df5d:   cmpq   $0x0,(%rdi,%r10,8)
  0x000077b45812df62:   je     0x000077b45812df70
  0x000077b45812df64:   add    $0x2,%r10
  0x000077b45812df68:   cmp    $0x22,%r10
  0x000077b45812df6c:   jne    0x000077b45812df5d
  0x000077b45812df6e:   jmp    0x000077b45812df7c
  0x000077b45812df70:   push   %rax
  0x000077b45812df71:   xor    %rax,%rax
  0x000077b45812df74:   cmpxchg %rcx,(%rdi,%r10,8)
  0x000077b45812df79:   pop    %rax
  0x000077b45812df7a:   jmp    0x000077b45812df41
  0x000077b45812df7c:   mov    $0x1d,%r10d
  0x000077b45812df82:   jmp    0x000077b45812df88
  0x000077b45812df84:   add    $0x1,%r10
  0x000077b45812df88:   addq   $0x1,(%rdi,%r10,8)
  0x000077b45812df8d:   mov    $0x0,%ecx                    ;*invokevirtual putMapEntries {reexecute=0 rethrow=0 return_oop=0}
                                                            ; - java.util.LinkedHashMap::&lt;init&gt;@17 (line 481)
  0x000077b45812df92:   nopl   0x0(%rax,%rax,1)
  0x000077b45812df97:   call   0x000077b45f4ad9e0           ; ImmutableOopMap {}
                                                            ;*invokevirtual putMapEntries {reexecute=0 rethrow=0 return_oop=0}
                                                            ; - java.util.LinkedHashMap::&lt;init&gt;@17 (line 481)
                                                            ;   {optimized virtual_call}
  0x000077b45812df9c:   nopl   0x294(%rax,%rax,1)           ;*invokevirtual putMapEntries {reexecute=0 rethrow=0 return_oop=0}
                                                            ; - java.util.LinkedHashMap::&lt;init&gt;@17 (line 481)
                                                            ;   {post_call_nop}
  0x000077b45812dfa4:   add    $0x60,%rsp
  0x000077b45812dfa8:   pop    %rbp
  0x000077b45812dfa9:   cmp    0x28(%r15),%rsp              ;   {poll_return}
  0x000077b45812dfad:   ja     0x000077b45812e038
  0x000077b45812dfb3:   ret    
  0x000077b45812dfb4:   movabs $0x4624b0d0,%r10             ;   {metadata({method} {0x000000004624b0d0} &apos;&lt;init&gt;&apos; &apos;(Ljava/util/Map;)V&apos; in &apos;java/util/LinkedHashMap&apos;)}
  0x000077b45812dfbe:   mov    %r10,0x8(%rsp)
  0x000077b45812dfc3:   movq   $0xffffffffffffffff,(%rsp)
  0x000077b45812dfcb:   call   0x000077b45f582fe0           ; ImmutableOopMap {rsi=Oop rdx=Oop }
                                                            ;*synchronization entry
                                                            ; - java.util.LinkedHashMap::&lt;init&gt;@-1 (line 479)
                                                            ;   {runtime_call counter_overflow_blob (C1 runtime)}
  0x000077b45812dfd0:   jmp    0x000077b45812de62
  0x000077b45812dfd5:   movabs $0x464798a8,%r10             ;   {metadata({method} {0x00000000464798a8} &apos;&lt;init&gt;&apos; &apos;()V&apos; in &apos;java/util/HashMap&apos;)}
  0x000077b45812dfdf:   mov    %r10,0x8(%rsp)
  0x000077b45812dfe4:   movq   $0xffffffffffffffff,(%rsp)
  0x000077b45812dfec:   call   0x000077b45f582fe0           ; ImmutableOopMap {rsi=Oop rdx=Oop }
                                                            ;*synchronization entry
                                                            ; - java.util.HashMap::&lt;init&gt;@-1 (line 477)
                                                            ; - java.util.LinkedHashMap::&lt;init&gt;@1 (line 479)
                                                            ;   {runtime_call counter_overflow_blob (C1 runtime)}
  0x000077b45812dff1:   jmp    0x000077b45812de9e
  0x000077b45812dff6:   movabs $0x464855d0,%r10             ;   {metadata({method} {0x00000000464855d0} &apos;&lt;init&gt;&apos; &apos;()V&apos; in &apos;java/util/AbstractMap&apos;)}
  0x000077b45812e000:   mov    %r10,0x8(%rsp)
  0x000077b45812e005:   movq   $0xffffffffffffffff,(%rsp)
  0x000077b45812e00d:   call   0x000077b45f582fe0           ; ImmutableOopMap {rsi=Oop rdx=Oop }
                                                            ;*synchronization entry
                                                            ; - java.util.AbstractMap::&lt;init&gt;@-1 (line 79)
                                                            ; - java.util.HashMap::&lt;init&gt;@1 (line 477)
                                                            ; - java.util.LinkedHashMap::&lt;init&gt;@1 (line 479)
                                                            ;   {runtime_call counter_overflow_blob (C1 runtime)}
  0x000077b45812e012:   jmp    0x000077b45812deda
  0x000077b45812e017:   movabs $0x464a6d78,%r10             ;   {metadata({method} {0x00000000464a6d78} &apos;&lt;init&gt;&apos; &apos;()V&apos; in &apos;java/lang/Object&apos;)}
  0x000077b45812e021:   mov    %r10,0x8(%rsp)
  0x000077b45812e026:   movq   $0xffffffffffffffff,(%rsp)
  0x000077b45812e02e:   call   0x000077b45f582fe0           ; ImmutableOopMap {rsi=Oop rdx=Oop }
                                                            ;*synchronization entry
                                                            ; - java.lang.Object::&lt;init&gt;@-1 (line 46)
                                                            ; - java.util.AbstractMap::&lt;init&gt;@1 (line 79)
                                                            ; - java.util.HashMap::&lt;init&gt;@1 (line 477)
                                                            ; - java.util.LinkedHashMap::&lt;init&gt;@1 (line 479)
                                                            ;   {runtime_call counter_overflow_blob (C1 runtime)}
  0x000077b45812e033:   jmp    0x000077b45812df16
  0x000077b45812e038:   movabs $0x77b45812dfa9,%r10         ;   {internal_word}
  0x000077b45812e042:   mov    %r10,0x510(%r15)
  0x000077b45812e049:   jmp    0x000077b45f4afb60           ;   {runtime_call SafepointBlob}
  0x000077b45812e04e:   mov    0x5c0(%r15),%rax
  0x000077b45812e055:   movq   $0x0,0x5c0(%r15)
  0x000077b45812e060:   movq   $0x0,0x5c8(%r15)
  0x000077b45812e06b:   add    $0x60,%rsp
  0x000077b45812e06f:   pop    %rbp
  0x000077b45812e070:   jmp    0x000077b45f57b760           ;   {runtime_call unwind_exception_blob (C1 runtime)}
  0x000077b45812e075:   hlt    
  0x000077b45812e076:   hlt    
  0x000077b45812e077:   hlt    
[Stub Code]
  0x000077b45812e078:   movabs $0x0,%rbx                    ;   {static_stub}
  0x000077b45812e082:   jmp    0x000077b45812e082           ;   {runtime_call nmethod}
[Exception Handler]
  0x000077b45812e087:   call   0x000077b45f57ede0           ;   {runtime_call handle_exception_from_callee_blob (C1 runtime)}
  0x000077b45812e08c:   movabs $0x77b478d3aec4,%rdi         ;   {external_word}
  0x000077b45812e096:   and    $0xfffffffffffffff0,%rsp
  0x000077b45812e09a:   call   0x000077b478791cc0           ;   {runtime_call MacroAssembler::debug64(char*, long, long*)}
  0x000077b45812e09f:   hlt    
  0x000077b45812e0a0:   call   0x000077b45f4afe60           ;   {runtime_call DeoptimizationBlob}
[Deopt Handler Entry Point]
  0x000077b45812e0a5:   jmp    0x000077b45812e0a0
  0x000077b45812e0a7:   hlt    
--------------------------------------------------------------------------------
[/Disassembly]
