
============================= C1-compiled nmethod ==============================
----------------------------------- Assembly -----------------------------------

Compiled method (c1) 36168 1584       3       java.lang.invoke.DirectMethodHandle$Holder::newInvokeSpecial (21 bytes)
 total in heap  [0x000077b458130208,0x000077b458130838] = 1584
 main code      [0x000077b458130300,0x000077b4581307f8] = 1272
 stub code      [0x000077b4581307f8,0x000077b458130838] = 64
 mutable data [0x000077b3e8283ef0,0x000077b3e8283f78] = 136
 relocation     [0x000077b3e8283ef0,0x000077b3e8283f60] = 112
 metadata       [0x000077b3e8283f60,0x000077b3e8283f78] = 24
 immutable data [0x000077b3e853b990,0x000077b3e853bbbc] = 556
 dependencies   [0x000077b3e853b990,0x000077b3e853b998] = 8
 nul chk table  [0x000077b3e853b998,0x000077b3e853b9b0] = 24
 scopes pcs     [0x000077b3e853b9b0,0x000077b3e853baf0] = 320
 scopes data    [0x000077b3e853baf0,0x000077b3e853bbb8] = 200

[Disassembly]
--------------------------------------------------------------------------------
[Constant Pool (empty)]

--------------------------------------------------------------------------------

[Verified Entry Point]
  # {method} {0x00000000462115f8} &apos;newInvokeSpecial&apos; &apos;(Ljava/lang/Object;Ljava/lang/Object;)Ljava/lang/Object;&apos; in &apos;java/lang/invoke/DirectMethodHandle$Holder&apos;
  # parm0:    rsi:rsi   = &apos;java/lang/Object&apos;
  # parm1:    rdx:rdx   = &apos;java/lang/Object&apos;
  #           [sp+0x70]  (sp of caller)
  0x000077b458130300:   mov    %eax,-0x14000(%rsp)
  0x000077b458130307:   push   %rbp
  0x000077b458130308:   sub    $0x60,%rsp
  0x000077b45813030c:   cmpl   $0x1,0x20(%r15)
  0x000077b458130314:   je     0x000077b45813031b
  0x000077b458130316:   call   Stub::method_entry_barrier_stub (stub gen)
                                                            ;   {runtime_call Stub::method_entry_barrier_stub (stub gen)}
  0x000077b45813031b:   movabs $0x77b41460cf70,%rdi         ;   {metadata(method data for {method} {0x00000000462115f8} &apos;newInvokeSpecial&apos; &apos;(Ljava/lang/Object;Ljava/lang/Object;)Ljava/lang/Object;&apos; in &apos;java/lang/invoke/DirectMethodHandle$Holder&apos;)}
  0x000077b458130325:   lea    0x200(%rdi),%rdi
  0x000077b45813032c:   test   %rsi,%rsi
  0x000077b45813032f:   jne    0x000077b45813033d
  0x000077b458130331:   testb  $0x1,(%rdi)
  0x000077b458130334:   jne    0x000077b458130361
  0x000077b458130336:   lock orq $0x1,(%rdi)
  0x000077b45813033b:   jmp    0x000077b458130361
  0x000077b45813033d:   mov    0x8(%rsi),%ebx
  0x000077b458130340:   mov    $0x46000000,%r10d
  0x000077b458130346:   add    %r10,%rbx
  0x000077b458130349:   mov    %rbx,%r10
  0x000077b45813034c:   xor    (%rdi),%rbx
  0x000077b45813034f:   test   $0xfffffffffffffffc,%rbx
  0x000077b458130356:   je     0x000077b458130361
  0x000077b458130358:   test   $0x2,%bl
  0x000077b45813035b:   jne    0x000077b458130361
  0x000077b45813035d:   orq    $0x2,(%rdi)
  0x000077b458130361:   test   %rdx,%rdx
  0x000077b458130364:   jne    0x000077b458130372
  0x000077b458130366:   testb  $0x1,0x10(%rdi)
  0x000077b45813036a:   jne    0x000077b458130372
  0x000077b45813036c:   lock orq $0x1,0x10(%rdi)
  0x000077b458130372:   movabs $0x77b41460cf70,%rdi         ;   {metadata(method data for {method} {0x00000000462115f8} &apos;newInvokeSpecial&apos; &apos;(Ljava/lang/Object;Ljava/lang/Object;)Ljava/lang/Object;&apos; in &apos;java/lang/invoke/DirectMethodHandle$Holder&apos;)}
  0x000077b45813037c:   mov    0x90(%rdi),%ebx
  0x000077b458130382:   add    $0x2,%ebx
  0x000077b458130385:   mov    %ebx,0x90(%rdi)
  0x000077b45813038b:   and    $0x7fe,%ebx
  0x000077b458130391:   test   %ebx,%ebx
  0x000077b458130393:   je     0x000077b458130739           ;*aload_0 {reexecute=0 rethrow=0 return_oop=0}
                                                            ; - java.lang.invoke.DirectMethodHandle$Holder::newInvokeSpecial@0
  0x000077b458130399:   mov    %rdx,0x40(%rsp)
  0x000077b45813039e:   movabs $0x77b41460cf70,%rdi         ;   {metadata(method data for {method} {0x00000000462115f8} &apos;newInvokeSpecial&apos; &apos;(Ljava/lang/Object;Ljava/lang/Object;)Ljava/lang/Object;&apos; in &apos;java/lang/invoke/DirectMethodHandle$Holder&apos;)}
  0x000077b4581303a8:   lea    0xe8(%rdi),%rdi
  0x000077b4581303af:   test   %rsi,%rsi
  0x000077b4581303b2:   jne    0x000077b4581303c2
  0x000077b4581303b4:   testb  $0x1,0x8(%rdi)
  0x000077b4581303b8:   jne    0x000077b4581303e8
  0x000077b4581303ba:   lock orq $0x1,0x8(%rdi)
  0x000077b4581303c0:   jmp    0x000077b4581303e8
  0x000077b4581303c2:   mov    0x8(%rsi),%ebx
  0x000077b4581303c5:   mov    $0x46000000,%r10d
  0x000077b4581303cb:   add    %r10,%rbx
  0x000077b4581303ce:   mov    %rbx,%r10
  0x000077b4581303d1:   xor    0x8(%rdi),%rbx
  0x000077b4581303d5:   test   $0xfffffffffffffffc,%rbx
  0x000077b4581303dc:   je     0x000077b4581303e8
  0x000077b4581303de:   test   $0x2,%bl
  0x000077b4581303e1:   jne    0x000077b4581303e8
  0x000077b4581303e3:   orq    $0x2,0x8(%rdi)
  0x000077b4581303e8:   movabs $0x77b41460cf70,%rdi         ;   {metadata(method data for {method} {0x00000000462115f8} &apos;newInvokeSpecial&apos; &apos;(Ljava/lang/Object;Ljava/lang/Object;)Ljava/lang/Object;&apos; in &apos;java/lang/invoke/DirectMethodHandle$Holder&apos;)}
  0x000077b4581303f2:   addq   $0x1,0xd8(%rdi)
  0x000077b4581303fa:   movabs $0x77b414280378,%rdi         ;   {metadata(method data for {method} {0x0000000046201498} &apos;allocateInstance&apos; &apos;(Ljava/lang/Object;)Ljava/lang/Object;&apos; in &apos;java/lang/invoke/DirectMethodHandle&apos;)}
  0x000077b458130404:   mov    0x90(%rdi),%ebx
  0x000077b45813040a:   add    $0x2,%ebx
  0x000077b45813040d:   mov    %ebx,0x90(%rdi)
  0x000077b458130413:   and    $0x1ffffe,%ebx
  0x000077b458130419:   test   %ebx,%ebx
  0x000077b45813041b:   je     0x000077b45813075a
  0x000077b458130421:   test   %rsi,%rsi
  0x000077b458130424:   movabs $0x77b414280378,%rax         ;   {metadata(method data for {method} {0x0000000046201498} &apos;allocateInstance&apos; &apos;(Ljava/lang/Object;)Ljava/lang/Object;&apos; in &apos;java/lang/invoke/DirectMethodHandle&apos;)}
  0x000077b45813042e:   jne    0x000077b45813043c
  0x000077b458130430:   orb    $0x1,0xd1(%rax)
  0x000077b458130437:   jmp    0x000077b4581304be
  0x000077b45813043c:   mov    0x8(%rsi),%ecx
  0x000077b45813043f:   mov    $0x46000000,%r10d
  0x000077b458130445:   add    %r10,%rcx
  0x000077b458130448:   mov    $0x1c,%r10d
  0x000077b45813044e:   cmp    (%rax,%r10,8),%rcx
  0x000077b458130452:   je     0x000077b458130491
  0x000077b458130454:   add    $0x2,%r10
  0x000077b458130458:   cmp    $0x20,%r10
  0x000077b45813045c:   jne    0x000077b45813044e
  0x000077b45813045e:   mov    $0x1c,%r10d
  0x000077b458130464:   cmpq   $0x0,(%rax,%r10,8)
  0x000077b458130469:   je     0x000077b458130477
  0x000077b45813046b:   add    $0x2,%r10
  0x000077b45813046f:   cmp    $0x20,%r10
  0x000077b458130473:   jne    0x000077b458130464
  0x000077b458130475:   jmp    0x000077b458130489
  0x000077b458130477:   push   %rbx
  0x000077b458130478:   mov    %rax,%rbx
  0x000077b45813047b:   xor    %rax,%rax
  0x000077b45813047e:   cmpxchg %rcx,(%rbx,%r10,8)
  0x000077b458130483:   mov    %rbx,%rax
  0x000077b458130486:   pop    %rbx
  0x000077b458130487:   jmp    0x000077b458130448
  0x000077b458130489:   mov    $0x1b,%r10d
  0x000077b45813048f:   jmp    0x000077b458130495
  0x000077b458130491:   add    $0x1,%r10
  0x000077b458130495:   addq   $0x1,(%rax,%r10,8)
  0x000077b45813049a:   movabs $0x46282e20,%rcx             ;   {metadata(&apos;java/lang/invoke/DirectMethodHandle$Constructor&apos;)}
  0x000077b4581304a4:   mov    0x8(%rsi),%ebx
  0x000077b4581304a7:   mov    $0x46000000,%r10d
  0x000077b4581304ad:   add    %r10,%rbx
  0x000077b4581304b0:   cmp    %rbx,%rcx
  0x000077b4581304b3:   jne    0x000077b45813077b
  0x000077b4581304b9:   jmp    0x000077b4581304be
  0x000077b4581304be:   mov    %rsi,%rdi                    ;*checkcast {reexecute=0 rethrow=0 return_oop=0}
                                                            ; - java.lang.invoke.DirectMethodHandle::allocateInstance@1 (line 502)
                                                            ; - java.lang.invoke.DirectMethodHandle$Holder::newInvokeSpecial@1
  0x000077b4581304c1:   mov    0x28(%rdi),%edi              ; implicit exception: dispatches to 0x000077b458130784
  0x000077b4581304c4:   shl    $0x3,%rdi                    ;*getfield instanceClass {reexecute=0 rethrow=0 return_oop=0}
                                                            ; - java.lang.invoke.DirectMethodHandle::allocateInstance@9 (line 503)
                                                            ; - java.lang.invoke.DirectMethodHandle$Holder::newInvokeSpecial@1
  0x000077b4581304c8:   movabs $0x420821090,%rbx            ;   {oop(a &apos;jdk/internal/misc/Unsafe&apos;{0x0000000420821090})}
  0x000077b4581304d2:   mov    %rbx,%rax
  0x000077b4581304d5:   movabs $0x77b414280378,%rcx         ;   {metadata(method data for {method} {0x0000000046201498} &apos;allocateInstance&apos; &apos;(Ljava/lang/Object;)Ljava/lang/Object;&apos; in &apos;java/lang/invoke/DirectMethodHandle&apos;)}
  0x000077b4581304df:   mov    0x8(%rax),%eax
  0x000077b4581304e2:   mov    $0x46000000,%r10d
  0x000077b4581304e8:   add    %r10,%rax
  0x000077b4581304eb:   mov    $0x22,%r10d
  0x000077b4581304f1:   cmp    (%rcx,%r10,8),%rax
  0x000077b4581304f5:   je     0x000077b458130534
  0x000077b4581304f7:   add    $0x2,%r10
  0x000077b4581304fb:   cmp    $0x26,%r10
  0x000077b4581304ff:   jne    0x000077b4581304f1
  0x000077b458130501:   mov    $0x22,%r10d
  0x000077b458130507:   cmpq   $0x0,(%rcx,%r10,8)
  0x000077b45813050c:   je     0x000077b45813051a
  0x000077b45813050e:   add    $0x2,%r10
  0x000077b458130512:   cmp    $0x26,%r10
  0x000077b458130516:   jne    0x000077b458130507
  0x000077b458130518:   jmp    0x000077b45813052c
  0x000077b45813051a:   push   %rbx
  0x000077b45813051b:   mov    %rax,%rbx
  0x000077b45813051e:   xor    %rax,%rax
  0x000077b458130521:   cmpxchg %rbx,(%rcx,%r10,8)
  0x000077b458130526:   mov    %rbx,%rax
  0x000077b458130529:   pop    %rbx
  0x000077b45813052a:   jmp    0x000077b4581304eb
  0x000077b45813052c:   mov    $0x21,%r10d
  0x000077b458130532:   jmp    0x000077b458130538
  0x000077b458130534:   add    $0x1,%r10
  0x000077b458130538:   addq   $0x1,(%rcx,%r10,8)
  0x000077b45813053d:   mov    %rdi,%rdx
  0x000077b458130540:   mov    %rsi,0x38(%rsp)
  0x000077b458130545:   mov    %rbx,%rsi                    ;*invokevirtual allocateInstance {reexecute=0 rethrow=0 return_oop=0}
                                                            ; - java.lang.invoke.DirectMethodHandle::allocateInstance@12 (line 503)
                                                            ; - java.lang.invoke.DirectMethodHandle$Holder::newInvokeSpecial@1
  0x000077b458130548:   nopl   0x0(%rax)
  0x000077b45813054f:   call   0x000077b45f4ad9e0           ; ImmutableOopMap {[56]=Oop [64]=Oop }
                                                            ;*invokevirtual allocateInstance {reexecute=0 rethrow=0 return_oop=0}
                                                            ; - java.lang.invoke.DirectMethodHandle::allocateInstance@12 (line 503)
                                                            ; - java.lang.invoke.DirectMethodHandle$Holder::newInvokeSpecial@1
                                                            ;   {optimized virtual_call}
  0x000077b458130554:   nopl   0x34c(%rax,%rax,1)           ;*invokevirtual allocateInstance {reexecute=0 rethrow=0 return_oop=0}
                                                            ; - java.lang.invoke.DirectMethodHandle::allocateInstance@12 (line 503)
                                                            ; - java.lang.invoke.DirectMethodHandle$Holder::newInvokeSpecial@1
                                                            ;   {post_call_nop}
  0x000077b45813055c:   movabs $0x77b41460cf70,%rsi         ;   {metadata(method data for {method} {0x00000000462115f8} &apos;newInvokeSpecial&apos; &apos;(Ljava/lang/Object;Ljava/lang/Object;)Ljava/lang/Object;&apos; in &apos;java/lang/invoke/DirectMethodHandle$Holder&apos;)}
  0x000077b458130566:   lea    0xf8(%rsi),%rsi
  0x000077b45813056d:   test   %rax,%rax
  0x000077b458130570:   jne    0x000077b45813057c
  0x000077b458130572:   testb  $0x1,(%rsi)
  0x000077b458130575:   jne    0x000077b45813057c
  0x000077b458130577:   lock orq $0x1,(%rsi)
  0x000077b45813057c:   movabs $0x77b41460cf70,%rsi         ;   {metadata(method data for {method} {0x00000000462115f8} &apos;newInvokeSpecial&apos; &apos;(Ljava/lang/Object;Ljava/lang/Object;)Ljava/lang/Object;&apos; in &apos;java/lang/invoke/DirectMethodHandle$Holder&apos;)}
  0x000077b458130586:   lea    0x118(%rsi),%rsi
  0x000077b45813058d:   mov    0x38(%rsp),%rdx
  0x000077b458130592:   test   %rdx,%rdx
  0x000077b458130595:   jne    0x000077b4581305a5
  0x000077b458130597:   testb  $0x1,0x8(%rsi)
  0x000077b45813059b:   jne    0x000077b4581305cb
  0x000077b45813059d:   lock orq $0x1,0x8(%rsi)
  0x000077b4581305a3:   jmp    0x000077b4581305cb
  0x000077b4581305a5:   mov    0x8(%rdx),%ecx
  0x000077b4581305a8:   mov    $0x46000000,%r10d
  0x000077b4581305ae:   add    %r10,%rcx
  0x000077b4581305b1:   mov    %rcx,%r10
  0x000077b4581305b4:   xor    0x8(%rsi),%rcx
  0x000077b4581305b8:   test   $0xfffffffffffffffc,%rcx
  0x000077b4581305bf:   je     0x000077b4581305cb
  0x000077b4581305c1:   test   $0x2,%cl
  0x000077b4581305c4:   jne    0x000077b4581305cb
  0x000077b4581305c6:   orq    $0x2,0x8(%rsi)
  0x000077b4581305cb:   movabs $0x77b41460cf70,%rsi         ;   {metadata(method data for {method} {0x00000000462115f8} &apos;newInvokeSpecial&apos; &apos;(Ljava/lang/Object;Ljava/lang/Object;)Ljava/lang/Object;&apos; in &apos;java/lang/invoke/DirectMethodHandle$Holder&apos;)}
  0x000077b4581305d5:   addq   $0x1,0x108(%rsi)
  0x000077b4581305dd:   movabs $0x77b4142804f0,%rsi         ;   {metadata(method data for {method} {0x0000000046201f40} &apos;constructorMethod&apos; &apos;(Ljava/lang/Object;)Ljava/lang/Object;&apos; in &apos;java/lang/invoke/DirectMethodHandle&apos;)}
  0x000077b4581305e7:   mov    0x90(%rsi),%ecx
  0x000077b4581305ed:   add    $0x2,%ecx
  0x000077b4581305f0:   mov    %ecx,0x90(%rsi)
  0x000077b4581305f6:   and    $0x1ffffe,%ecx
  0x000077b4581305fc:   test   %ecx,%ecx
  0x000077b4581305fe:   je     0x000077b458130789
  0x000077b458130604:   test   %rdx,%rdx
  0x000077b458130607:   movabs $0x77b4142804f0,%rcx         ;   {metadata(method data for {method} {0x0000000046201f40} &apos;constructorMethod&apos; &apos;(Ljava/lang/Object;)Ljava/lang/Object;&apos; in &apos;java/lang/invoke/DirectMethodHandle&apos;)}
  0x000077b458130611:   jne    0x000077b45813061f
  0x000077b458130613:   orb    $0x1,0xd1(%rcx)
  0x000077b45813061a:   jmp    0x000077b45813069b
  0x000077b45813061f:   mov    0x8(%rdx),%edi
  0x000077b458130622:   mov    $0x46000000,%r10d
  0x000077b458130628:   add    %r10,%rdi
  0x000077b45813062b:   mov    $0x1c,%r10d
  0x000077b458130631:   cmp    (%rcx,%r10,8),%rdi
  0x000077b458130635:   je     0x000077b45813066e
  0x000077b458130637:   add    $0x2,%r10
  0x000077b45813063b:   cmp    $0x20,%r10
  0x000077b45813063f:   jne    0x000077b458130631
  0x000077b458130641:   mov    $0x1c,%r10d
  0x000077b458130647:   cmpq   $0x0,(%rcx,%r10,8)
  0x000077b45813064c:   je     0x000077b45813065a
  0x000077b45813064e:   add    $0x2,%r10
  0x000077b458130652:   cmp    $0x20,%r10
  0x000077b458130656:   jne    0x000077b458130647
  0x000077b458130658:   jmp    0x000077b458130666
  0x000077b45813065a:   push   %rax
  0x000077b45813065b:   xor    %rax,%rax
  0x000077b45813065e:   cmpxchg %rdi,(%rcx,%r10,8)
  0x000077b458130663:   pop    %rax
  0x000077b458130664:   jmp    0x000077b45813062b
  0x000077b458130666:   mov    $0x1b,%r10d
  0x000077b45813066c:   jmp    0x000077b458130672
  0x000077b45813066e:   add    $0x1,%r10
  0x000077b458130672:   addq   $0x1,(%rcx,%r10,8)
  0x000077b458130677:   movabs $0x46282e20,%rdi             ;   {metadata(&apos;java/lang/invoke/DirectMethodHandle$Constructor&apos;)}
  0x000077b458130681:   mov    0x8(%rdx),%esi
  0x000077b458130684:   mov    $0x46000000,%r10d
  0x000077b45813068a:   add    %r10,%rsi
  0x000077b45813068d:   cmp    %rsi,%rdi
  0x000077b458130690:   jne    0x000077b4581307aa
  0x000077b458130696:   jmp    0x000077b45813069b
  0x000077b45813069b:   mov    %rdx,%rsi                    ;*checkcast {reexecute=0 rethrow=0 return_oop=0}
                                                            ; - java.lang.invoke.DirectMethodHandle::constructorMethod@1 (line 496)
                                                            ; - java.lang.invoke.DirectMethodHandle$Holder::newInvokeSpecial@6
  0x000077b45813069e:   mov    0x24(%rsi),%ecx              ; implicit exception: dispatches to 0x000077b4581307b3
  0x000077b4581306a1:   shl    $0x3,%rcx                    ;*getfield initMethod {reexecute=0 rethrow=0 return_oop=0}
                                                            ; - java.lang.invoke.DirectMethodHandle::constructorMethod@6 (line 497)
                                                            ; - java.lang.invoke.DirectMethodHandle$Holder::newInvokeSpecial@6
  0x000077b4581306a5:   movabs $0x77b41460cf70,%rsi         ;   {metadata(method data for {method} {0x00000000462115f8} &apos;newInvokeSpecial&apos; &apos;(Ljava/lang/Object;Ljava/lang/Object;)Ljava/lang/Object;&apos; in &apos;java/lang/invoke/DirectMethodHandle$Holder&apos;)}
  0x000077b4581306af:   lea    0x128(%rsi),%rsi
  0x000077b4581306b6:   test   %rcx,%rcx
  0x000077b4581306b9:   jne    0x000077b4581306c5
  0x000077b4581306bb:   testb  $0x1,(%rsi)
  0x000077b4581306be:   jne    0x000077b4581306c5
  0x000077b4581306c0:   lock orq $0x1,(%rsi)
  0x000077b4581306c5:   movabs $0x77b41460cf70,%rsi         ;   {metadata(method data for {method} {0x00000000462115f8} &apos;newInvokeSpecial&apos; &apos;(Ljava/lang/Object;Ljava/lang/Object;)Ljava/lang/Object;&apos; in &apos;java/lang/invoke/DirectMethodHandle$Holder&apos;)}
  0x000077b4581306cf:   lea    0x178(%rsi),%rsi
  0x000077b4581306d6:   test   %rax,%rax
  0x000077b4581306d9:   jne    0x000077b4581306e7
  0x000077b4581306db:   testb  $0x1,0x8(%rsi)
  0x000077b4581306df:   jne    0x000077b4581306e7
  0x000077b4581306e1:   lock orq $0x1,0x8(%rsi)
  0x000077b4581306e7:   mov    0x40(%rsp),%rdx
  0x000077b4581306ec:   test   %rdx,%rdx
  0x000077b4581306ef:   jne    0x000077b4581306fd
  0x000077b4581306f1:   testb  $0x1,0x18(%rsi)
  0x000077b4581306f5:   jne    0x000077b4581306fd
  0x000077b4581306f7:   lock orq $0x1,0x18(%rsi)
  0x000077b4581306fd:   movabs $0x77b41460cf70,%rsi         ;   {metadata(method data for {method} {0x00000000462115f8} &apos;newInvokeSpecial&apos; &apos;(Ljava/lang/Object;Ljava/lang/Object;)Ljava/lang/Object;&apos; in &apos;java/lang/invoke/DirectMethodHandle$Holder&apos;)}
  0x000077b458130707:   addq   $0x1,0x168(%rsi)
  0x000077b45813070f:   mov    %rax,%rsi                    ;*invokestatic linkToSpecial {reexecute=0 rethrow=0 return_oop=0}
                                                            ; - java.lang.invoke.DirectMethodHandle$Holder::newInvokeSpecial@16
  0x000077b458130712:   mov    %rax,0x48(%rsp)
  0x000077b458130717:   call   0x000077b45f4adfe0           ; ImmutableOopMap {[72]=Oop }
                                                            ;*invokestatic linkToSpecial {reexecute=0 rethrow=0 return_oop=0}
                                                            ; - java.lang.invoke.DirectMethodHandle$Holder::newInvokeSpecial@16
                                                            ;   {static_call}
  0x000077b45813071c:   nopl   0x1000514(%rax,%rax,1)       ;*invokestatic linkToSpecial {reexecute=0 rethrow=0 return_oop=0}
                                                            ; - java.lang.invoke.DirectMethodHandle$Holder::newInvokeSpecial@16
                                                            ;   {post_call_nop}
  0x000077b458130724:   mov    0x48(%rsp),%rax
  0x000077b458130729:   add    $0x60,%rsp
  0x000077b45813072d:   pop    %rbp
  0x000077b45813072e:   cmp    0x28(%r15),%rsp              ;   {poll_return}
  0x000077b458130732:   ja     0x000077b4581307b8
  0x000077b458130738:   ret    
  0x000077b458130739:   movabs $0x462115f8,%r10             ;   {metadata({method} {0x00000000462115f8} &apos;newInvokeSpecial&apos; &apos;(Ljava/lang/Object;Ljava/lang/Object;)Ljava/lang/Object;&apos; in &apos;java/lang/invoke/DirectMethodHandle$Holder&apos;)}
  0x000077b458130743:   mov    %r10,0x8(%rsp)
  0x000077b458130748:   movq   $0xffffffffffffffff,(%rsp)
  0x000077b458130750:   call   0x000077b45f582fe0           ; ImmutableOopMap {rsi=Oop rdx=Oop }
                                                            ;*synchronization entry
                                                            ; - java.lang.invoke.DirectMethodHandle$Holder::newInvokeSpecial@-1
                                                            ;   {runtime_call counter_overflow_blob (C1 runtime)}
  0x000077b458130755:   jmp    0x000077b458130399
  0x000077b45813075a:   movabs $0x46201498,%r10             ;   {metadata({method} {0x0000000046201498} &apos;allocateInstance&apos; &apos;(Ljava/lang/Object;)Ljava/lang/Object;&apos; in &apos;java/lang/invoke/DirectMethodHandle&apos;)}
  0x000077b458130764:   mov    %r10,0x8(%rsp)
  0x000077b458130769:   movq   $0xffffffffffffffff,(%rsp)
  0x000077b458130771:   call   0x000077b45f582fe0           ; ImmutableOopMap {rsi=Oop [64]=Oop }
                                                            ;*synchronization entry
                                                            ; - java.lang.invoke.DirectMethodHandle::allocateInstance@-1 (line 502)
                                                            ; - java.lang.invoke.DirectMethodHandle$Holder::newInvokeSpecial@1
                                                            ;   {runtime_call counter_overflow_blob (C1 runtime)}
  0x000077b458130776:   jmp    0x000077b458130421
  0x000077b45813077b:   mov    %rsi,(%rsp)
  0x000077b45813077f:   call   0x000077b45f57f3e0           ; ImmutableOopMap {rsi=Oop [64]=Oop }
                                                            ;*checkcast {reexecute=0 rethrow=0 return_oop=0}
                                                            ; - java.lang.invoke.DirectMethodHandle::allocateInstance@1 (line 502)
                                                            ; - java.lang.invoke.DirectMethodHandle$Holder::newInvokeSpecial@1
                                                            ;   {runtime_call throw_class_cast_exception_blob (C1 runtime)}
  0x000077b458130784:   call   0x000077b45f57c660           ; ImmutableOopMap {rsi=Oop [64]=Oop }
                                                            ;*getfield instanceClass {reexecute=1 rethrow=0 return_oop=0}
                                                            ; - (reexecute) java.lang.invoke.DirectMethodHandle::allocateInstance@9 (line 503)
                                                            ; - java.lang.invoke.DirectMethodHandle$Holder::newInvokeSpecial@1
                                                            ;   {runtime_call throw_null_pointer_exception_blob (C1 runtime)}
  0x000077b458130789:   movabs $0x46201f40,%r10             ;   {metadata({method} {0x0000000046201f40} &apos;constructorMethod&apos; &apos;(Ljava/lang/Object;)Ljava/lang/Object;&apos; in &apos;java/lang/invoke/DirectMethodHandle&apos;)}
  0x000077b458130793:   mov    %r10,0x8(%rsp)
  0x000077b458130798:   movq   $0xffffffffffffffff,(%rsp)
  0x000077b4581307a0:   call   0x000077b45f582fe0           ; ImmutableOopMap {rax=Oop rdx=Oop [64]=Oop }
                                                            ;*synchronization entry
                                                            ; - java.lang.invoke.DirectMethodHandle::constructorMethod@-1 (line 496)
                                                            ; - java.lang.invoke.DirectMethodHandle$Holder::newInvokeSpecial@6
                                                            ;   {runtime_call counter_overflow_blob (C1 runtime)}
  0x000077b4581307a5:   jmp    0x000077b458130604
  0x000077b4581307aa:   mov    %rdx,(%rsp)
  0x000077b4581307ae:   call   0x000077b45f57f3e0           ; ImmutableOopMap {rax=Oop [64]=Oop }
                                                            ;*checkcast {reexecute=0 rethrow=0 return_oop=0}
                                                            ; - java.lang.invoke.DirectMethodHandle::constructorMethod@1 (line 496)
                                                            ; - java.lang.invoke.DirectMethodHandle$Holder::newInvokeSpecial@6
                                                            ;   {runtime_call throw_class_cast_exception_blob (C1 runtime)}
  0x000077b4581307b3:   call   0x000077b45f57c660           ; ImmutableOopMap {rax=Oop [64]=Oop }
                                                            ;*getfield initMethod {reexecute=1 rethrow=0 return_oop=0}
                                                            ; - (reexecute) java.lang.invoke.DirectMethodHandle::constructorMethod@6 (line 497)
                                                            ; - java.lang.invoke.DirectMethodHandle$Holder::newInvokeSpecial@6
                                                            ;   {runtime_call throw_null_pointer_exception_blob (C1 runtime)}
  0x000077b4581307b8:   movabs $0x77b45813072e,%r10         ;   {internal_word}
  0x000077b4581307c2:   mov    %r10,0x510(%r15)
  0x000077b4581307c9:   jmp    0x000077b45f4afb60           ;   {runtime_call SafepointBlob}
  0x000077b4581307ce:   mov    0x5c0(%r15),%rax
  0x000077b4581307d5:   movq   $0x0,0x5c0(%r15)
  0x000077b4581307e0:   movq   $0x0,0x5c8(%r15)
  0x000077b4581307eb:   add    $0x60,%rsp
  0x000077b4581307ef:   pop    %rbp
  0x000077b4581307f0:   jmp    0x000077b45f57b760           ;   {runtime_call unwind_exception_blob (C1 runtime)}
  0x000077b4581307f5:   hlt    
  0x000077b4581307f6:   hlt    
  0x000077b4581307f7:   hlt    
[Stub Code]
  0x000077b4581307f8:   movabs $0x0,%rbx                    ;   {static_stub}
  0x000077b458130802:   jmp    0x000077b458130802           ;   {runtime_call nmethod}
  0x000077b458130807:   movabs $0x0,%rbx                    ;   {static_stub}
  0x000077b458130811:   jmp    0x000077b458130811           ;   {runtime_call nmethod}
[Exception Handler]
  0x000077b458130816:   call   0x000077b45f57ede0           ;   {runtime_call handle_exception_from_callee_blob (C1 runtime)}
  0x000077b45813081b:   movabs $0x77b478d3aec4,%rdi         ;   {external_word}
  0x000077b458130825:   and    $0xfffffffffffffff0,%rsp
  0x000077b458130829:   call   0x000077b478791cc0           ;   {runtime_call MacroAssembler::debug64(char*, long, long*)}
  0x000077b45813082e:   hlt    
  0x000077b45813082f:   call   0x000077b45f4afe60           ;   {runtime_call DeoptimizationBlob}
[Deopt Handler Entry Point]
  0x000077b458130834:   jmp    0x000077b45813082f
  0x000077b458130836:   hlt    
  0x000077b458130837:   hlt    
--------------------------------------------------------------------------------
[/Disassembly]
