
============================= C1-compiled nmethod ==============================
----------------------------------- Assembly -----------------------------------

Compiled method (c1) 3014  162       1       jdk.internal.util.StrongReferenceKey::get (5 bytes)
 total in heap  [0x000077b45fba9b88,0x000077b45fba9d30] = 424
 main code      [0x000077b45fba9c80,0x000077b45fba9d10] = 144
 stub code      [0x000077b45fba9d10,0x000077b45fba9d30] = 32
 mutable data [0x000077b3ec0189c0,0x000077b3ec0189e8] = 40
 relocation     [0x000077b3ec0189c0,0x000077b3ec0189e0] = 32
 metadata       [0x000077b3ec0189e0,0x000077b3ec0189e8] = 8
 immutable data [0x000077b3ec018950,0x000077b3ec0189ac] = 92
 dependencies   [0x000077b3ec018950,0x000077b3ec018958] = 8
 scopes pcs     [0x000077b3ec018958,0x000077b3ec018998] = 64
 scopes data    [0x000077b3ec018998,0x000077b3ec0189a8] = 16

[Disassembly]
--------------------------------------------------------------------------------
[Constant Pool (empty)]

--------------------------------------------------------------------------------

[Instructions begin]
  0x000077b45fba9c80:   data16 data16 nopw 0x0(%rax,%rax,1)
  0x000077b45fba9c8b:   data16 data16 xchg %ax,%ax
  0x000077b45fba9c8f:   data16 xchg %ax,%ax
[Entry Point]
  # {method} {0x00000000463302c8} &apos;get&apos; &apos;()Ljava/lang/Object;&apos; in &apos;jdk/internal/util/StrongReferenceKey&apos;
  #           [sp+0x30]  (sp of caller)
  0x000077b45fba9c92:   mov    0x8(%rsi),%r10d
  0x000077b45fba9c96:   cmp    0x8(%rax),%r10d
  0x000077b45fba9c9a:   jne    0x000077b45f4ad6e0           ;   {runtime_call ic_miss_blob (shared runtime)}
[Verified Entry Point]
  0x000077b45fba9ca0:   mov    %eax,-0x14000(%rsp)
  0x000077b45fba9ca7:   push   %rbp
  0x000077b45fba9ca8:   sub    $0x20,%rsp
  0x000077b45fba9cac:   cmpl   $0x1,0x20(%r15)
  0x000077b45fba9cb4:   je     0x000077b45fba9cbb
  0x000077b45fba9cb6:   call   Stub::method_entry_barrier_stub (stub gen)
                                                            ;*aload_0 {reexecute=0 rethrow=0 return_oop=0}
                                                            ; - jdk.internal.util.StrongReferenceKey::get@0 (line 55)
                                                            ;   {runtime_call Stub::method_entry_barrier_stub (stub gen)}
  0x000077b45fba9cbb:   mov    0xc(%rsi),%eax
  0x000077b45fba9cbe:   shl    $0x3,%rax                    ;*getfield key {reexecute=0 rethrow=0 return_oop=0}
                                                            ; - jdk.internal.util.StrongReferenceKey::get@1 (line 55)
  0x000077b45fba9cc2:   add    $0x20,%rsp
  0x000077b45fba9cc6:   pop    %rbp
  0x000077b45fba9cc7:   cmp    0x28(%r15),%rsp              ;   {poll_return}
  0x000077b45fba9ccb:   ja     0x000077b45fba9cd2
  0x000077b45fba9cd1:   ret    
  0x000077b45fba9cd2:   movabs $0x77b45fba9cc7,%r10         ;   {internal_word}
  0x000077b45fba9cdc:   mov    %r10,0x510(%r15)
  0x000077b45fba9ce3:   jmp    0x000077b45f4afb60           ;   {runtime_call SafepointBlob}
  0x000077b45fba9ce8:   mov    0x5c0(%r15),%rax
  0x000077b45fba9cef:   movq   $0x0,0x5c0(%r15)
  0x000077b45fba9cfa:   movq   $0x0,0x5c8(%r15)
  0x000077b45fba9d05:   add    $0x20,%rsp
  0x000077b45fba9d09:   pop    %rbp
  0x000077b45fba9d0a:   jmp    0x000077b45f57b760           ;   {runtime_call unwind_exception_blob (C1 runtime)}
  0x000077b45fba9d0f:   hlt    
[Exception Handler]
  0x000077b45fba9d10:   call   0x000077b45f57ede0           ;   {runtime_call handle_exception_from_callee_blob (C1 runtime)}
  0x000077b45fba9d15:   movabs $0x77b478d3aec4,%rdi         ;   {external_word}
  0x000077b45fba9d1f:   and    $0xfffffffffffffff0,%rsp
  0x000077b45fba9d23:   call   0x000077b478791cc0           ;   {runtime_call MacroAssembler::debug64(char*, long, long*)}
  0x000077b45fba9d28:   hlt    
  0x000077b45fba9d29:   call   0x000077b45f4afe60           ;   {runtime_call DeoptimizationBlob}
[Deopt Handler Entry Point]
  0x000077b45fba9d2e:   jmp    0x000077b45fba9d29
--------------------------------------------------------------------------------
[/Disassembly]
