
============================= C1-compiled nmethod ==============================
----------------------------------- Assembly -----------------------------------

Compiled method (c1) 36444 1643       3       picocli.CommandLine$Model$OptionSpec::names (15 bytes)
 total in heap  [0x000077b458132888,0x000077b458132d80] = 1272
 main code      [0x000077b458132980,0x000077b458132d30] = 944
 stub code      [0x000077b458132d30,0x000077b458132d78] = 72
 oops           [0x000077b458132d78,0x000077b458132d80] = 8
 mutable data [0x000077b3f01d26e0,0x000077b3f01d2768] = 136
 relocation     [0x000077b3f01d26e0,0x000077b3f01d2740] = 96
 metadata       [0x000077b3f01d2740,0x000077b3f01d2768] = 40
 immutable data [0x000077b3f0070c00,0x000077b3f0070e34] = 564
 dependencies   [0x000077b3f0070c00,0x000077b3f0070c10] = 16
 nul chk table  [0x000077b3f0070c10,0x000077b3f0070c30] = 32
 scopes pcs     [0x000077b3f0070c30,0x000077b3f0070d90] = 352
 scopes data    [0x000077b3f0070d90,0x000077b3f0070e30] = 160

[Disassembly]
--------------------------------------------------------------------------------
[Constant Pool (empty)]

--------------------------------------------------------------------------------

[Instructions begin]
  0x000077b458132980:   data16 data16 nopw 0x0(%rax,%rax,1)
  0x000077b45813298b:   data16 data16 xchg %ax,%ax
  0x000077b45813298f:   data16 xchg %ax,%ax
[Entry Point]
  # {method} {0x000077b41443a898} &apos;names&apos; &apos;()[Ljava/lang/String;&apos; in &apos;picocli/CommandLine$Model$OptionSpec&apos;
  #           [sp+0x60]  (sp of caller)
  0x000077b458132992:   mov    0x8(%rsi),%r10d
  0x000077b458132996:   cmp    0x8(%rax),%r10d
  0x000077b45813299a:   jne    0x000077b45f4ad6e0           ;   {runtime_call ic_miss_blob (shared runtime)}
[Verified Entry Point]
  0x000077b4581329a0:   mov    %eax,-0x14000(%rsp)
  0x000077b4581329a7:   push   %rbp
  0x000077b4581329a8:   sub    $0x50,%rsp
  0x000077b4581329ac:   cmpl   $0x1,0x20(%r15)
  0x000077b4581329b4:   je     0x000077b4581329bb
  0x000077b4581329b6:   call   Stub::method_entry_barrier_stub (stub gen)
                                                            ;   {runtime_call Stub::method_entry_barrier_stub (stub gen)}
  0x000077b4581329bb:   movabs $0x77b414752be0,%rdi         ;   {metadata(method data for {method} {0x000077b41443a898} &apos;names&apos; &apos;()[Ljava/lang/String;&apos; in &apos;picocli/CommandLine$Model$OptionSpec&apos;)}
  0x000077b4581329c5:   mov    0x90(%rdi),%ebx
  0x000077b4581329cb:   add    $0x2,%ebx
  0x000077b4581329ce:   mov    %ebx,0x90(%rdi)
  0x000077b4581329d4:   and    $0x7fe,%ebx
  0x000077b4581329da:   test   %ebx,%ebx
  0x000077b4581329dc:   je     0x000077b458132c92           ;*aload_0 {reexecute=0 rethrow=0 return_oop=0}
                                                            ; - picocli.CommandLine$Model$OptionSpec::names@0 (line 10049)
  0x000077b4581329e2:   mov    0xa0(%rsi),%edi
  0x000077b4581329e8:   shl    $0x3,%rdi                    ;*getfield names {reexecute=0 rethrow=0 return_oop=0}
                                                            ; - picocli.CommandLine$Model$OptionSpec::names@2 (line 10049)
  0x000077b4581329ec:   cmp    (%rdi),%rax                  ; implicit exception: dispatches to 0x000077b458132cb3
  0x000077b4581329ef:   mov    %rdi,%rbx
  0x000077b4581329f2:   movabs $0x77b414752be0,%rax         ;   {metadata(method data for {method} {0x000077b41443a898} &apos;names&apos; &apos;()[Ljava/lang/String;&apos; in &apos;picocli/CommandLine$Model$OptionSpec&apos;)}
  0x000077b4581329fc:   mov    0x8(%rbx),%ebx
  0x000077b4581329ff:   mov    $0x46000000,%r10d
  0x000077b458132a05:   add    %r10,%rbx
  0x000077b458132a08:   mov    $0x1c,%r10d
  0x000077b458132a0e:   cmp    (%rax,%r10,8),%rbx
  0x000077b458132a12:   je     0x000077b458132a51
  0x000077b458132a14:   add    $0x2,%r10
  0x000077b458132a18:   cmp    $0x20,%r10
  0x000077b458132a1c:   jne    0x000077b458132a0e
  0x000077b458132a1e:   mov    $0x1c,%r10d
  0x000077b458132a24:   cmpq   $0x0,(%rax,%r10,8)
  0x000077b458132a29:   je     0x000077b458132a37
  0x000077b458132a2b:   add    $0x2,%r10
  0x000077b458132a2f:   cmp    $0x20,%r10
  0x000077b458132a33:   jne    0x000077b458132a24
  0x000077b458132a35:   jmp    0x000077b458132a49
  0x000077b458132a37:   push   %rcx
  0x000077b458132a38:   mov    %rax,%rcx
  0x000077b458132a3b:   xor    %rax,%rax
  0x000077b458132a3e:   cmpxchg %rbx,(%rcx,%r10,8)
  0x000077b458132a43:   mov    %rcx,%rax
  0x000077b458132a46:   pop    %rcx
  0x000077b458132a47:   jmp    0x000077b458132a08
  0x000077b458132a49:   mov    $0x1b,%r10d
  0x000077b458132a4f:   jmp    0x000077b458132a55
  0x000077b458132a51:   add    $0x1,%r10
  0x000077b458132a55:   addq   $0x1,(%rax,%r10,8)
  0x000077b458132a5a:   mov    %rsi,0x40(%rsp)
  0x000077b458132a5f:   mov    %rdi,%rsi                    ;*invokevirtual clone {reexecute=0 rethrow=0 return_oop=0}
                                                            ; - picocli.CommandLine$Model$OptionSpec::names@5 (line 10049)
  0x000077b458132a62:   nopl   0x0(%rax,%rax,1)
  0x000077b458132a67:   call   0x000077b45f4ad9e0           ; ImmutableOopMap {[64]=Oop }
                                                            ;*invokevirtual clone {reexecute=0 rethrow=0 return_oop=0}
                                                            ; - picocli.CommandLine$Model$OptionSpec::names@5 (line 10049)
                                                            ;   {optimized virtual_call}
  0x000077b458132a6c:   nopl   0x1e4(%rax,%rax,1)           ;*invokevirtual clone {reexecute=0 rethrow=0 return_oop=0}
                                                            ; - picocli.CommandLine$Model$OptionSpec::names@5 (line 10049)
                                                            ;   {post_call_nop}
  0x000077b458132a74:   test   %rax,%rax
  0x000077b458132a77:   movabs $0x77b414752be0,%rdi         ;   {metadata(method data for {method} {0x000077b41443a898} &apos;names&apos; &apos;()[Ljava/lang/String;&apos; in &apos;picocli/CommandLine$Model$OptionSpec&apos;)}
  0x000077b458132a81:   jne    0x000077b458132a8f
  0x000077b458132a83:   orb    $0x1,0x101(%rdi)
  0x000077b458132a8a:   jmp    0x000077b458132b0c
  0x000077b458132a8f:   mov    0x8(%rax),%ebx
  0x000077b458132a92:   mov    $0x46000000,%r10d
  0x000077b458132a98:   add    %r10,%rbx
  0x000077b458132a9b:   mov    $0x22,%r10d
  0x000077b458132aa1:   cmp    (%rdi,%r10,8),%rbx
  0x000077b458132aa5:   je     0x000077b458132ade
  0x000077b458132aa7:   add    $0x2,%r10
  0x000077b458132aab:   cmp    $0x26,%r10
  0x000077b458132aaf:   jne    0x000077b458132aa1
  0x000077b458132ab1:   mov    $0x22,%r10d
  0x000077b458132ab7:   cmpq   $0x0,(%rdi,%r10,8)
  0x000077b458132abc:   je     0x000077b458132aca
  0x000077b458132abe:   add    $0x2,%r10
  0x000077b458132ac2:   cmp    $0x26,%r10
  0x000077b458132ac6:   jne    0x000077b458132ab7
  0x000077b458132ac8:   jmp    0x000077b458132ad6
  0x000077b458132aca:   push   %rax
  0x000077b458132acb:   xor    %rax,%rax
  0x000077b458132ace:   cmpxchg %rbx,(%rdi,%r10,8)
  0x000077b458132ad3:   pop    %rax
  0x000077b458132ad4:   jmp    0x000077b458132a9b
  0x000077b458132ad6:   mov    $0x21,%r10d
  0x000077b458132adc:   jmp    0x000077b458132ae2
  0x000077b458132ade:   add    $0x1,%r10
  0x000077b458132ae2:   addq   $0x1,(%rdi,%r10,8)
  0x000077b458132ae7:   movabs $0x46179170,%rbx             ;   {metadata(&apos;java/lang/String&apos;[])}
  0x000077b458132af1:   mov    0x8(%rax),%edi
  0x000077b458132af4:   mov    $0x46000000,%r10d
  0x000077b458132afa:   add    %r10,%rdi
  0x000077b458132afd:   cmp    0x40(%rdi),%rbx
  0x000077b458132b01:   jne    0x000077b458132cb8
  0x000077b458132b07:   jmp    0x000077b458132b0c
  0x000077b458132b0c:   mov    %rax,%rdx                    ;*checkcast {reexecute=0 rethrow=0 return_oop=0}
                                                            ; - picocli.CommandLine$Model$OptionSpec::names@8 (line 10049)
  0x000077b458132b0f:   mov    0x40(%rsp),%rsi
  0x000077b458132b14:   movabs $0x77b414752be0,%rdi         ;   {metadata(method data for {method} {0x000077b41443a898} &apos;names&apos; &apos;()[Ljava/lang/String;&apos; in &apos;picocli/CommandLine$Model$OptionSpec&apos;)}
  0x000077b458132b1e:   mov    0x8(%rsi),%esi
  0x000077b458132b21:   mov    $0x46000000,%r10d
  0x000077b458132b27:   add    %r10,%rsi
  0x000077b458132b2a:   mov    $0x28,%r10d
  0x000077b458132b30:   cmp    (%rdi,%r10,8),%rsi
  0x000077b458132b34:   je     0x000077b458132b6d
  0x000077b458132b36:   add    $0x2,%r10
  0x000077b458132b3a:   cmp    $0x2c,%r10
  0x000077b458132b3e:   jne    0x000077b458132b30
  0x000077b458132b40:   mov    $0x28,%r10d
  0x000077b458132b46:   cmpq   $0x0,(%rdi,%r10,8)
  0x000077b458132b4b:   je     0x000077b458132b59
  0x000077b458132b4d:   add    $0x2,%r10
  0x000077b458132b51:   cmp    $0x2c,%r10
  0x000077b458132b55:   jne    0x000077b458132b46
  0x000077b458132b57:   jmp    0x000077b458132b65
  0x000077b458132b59:   push   %rax
  0x000077b458132b5a:   xor    %rax,%rax
  0x000077b458132b5d:   cmpxchg %rsi,(%rdi,%r10,8)
  0x000077b458132b62:   pop    %rax
  0x000077b458132b63:   jmp    0x000077b458132b2a
  0x000077b458132b65:   mov    $0x27,%r10d
  0x000077b458132b6b:   jmp    0x000077b458132b71
  0x000077b458132b6d:   add    $0x1,%r10
  0x000077b458132b71:   addq   $0x1,(%rdi,%r10,8)
  0x000077b458132b76:   movabs $0x77b41474fcf0,%rsi         ;   {metadata(method data for {method} {0x000077b414433b08} &apos;interpolate&apos; &apos;([Ljava/lang/String;)[Ljava/lang/String;&apos; in &apos;picocli/CommandLine$Model$ArgSpec&apos;)}
  0x000077b458132b80:   mov    0x90(%rsi),%edi
  0x000077b458132b86:   add    $0x2,%edi
  0x000077b458132b89:   mov    %edi,0x90(%rsi)
  0x000077b458132b8f:   and    $0x1ffffe,%edi
  0x000077b458132b95:   test   %edi,%edi
  0x000077b458132b97:   je     0x000077b458132cc1
  0x000077b458132b9d:   mov    0x40(%rsp),%rsi
  0x000077b458132ba2:   mov    0x30(%rsi),%esi
  0x000077b458132ba5:   shl    $0x3,%rsi                    ;*getfield commandSpec {reexecute=0 rethrow=0 return_oop=0}
                                                            ; - picocli.CommandLine$Model$ArgSpec::interpolate@1 (line 9465)
                                                            ; - picocli.CommandLine$Model$OptionSpec::names@11 (line 10049)
  0x000077b458132ba9:   test   %rsi,%rsi
  0x000077b458132bac:   movabs $0x77b41474fcf0,%rdi         ;   {metadata(method data for {method} {0x000077b414433b08} &apos;interpolate&apos; &apos;([Ljava/lang/String;)[Ljava/lang/String;&apos; in &apos;picocli/CommandLine$Model$ArgSpec&apos;)}
  0x000077b458132bb6:   mov    $0xd8,%ebx
  0x000077b458132bbb:   jne    0x000077b458132bc2
  0x000077b458132bbd:   mov    $0xe8,%ebx
  0x000077b458132bc2:   mov    (%rdi,%rbx,1),%rax
  0x000077b458132bc6:   lea    0x1(%rax),%rax
  0x000077b458132bca:   mov    %rax,(%rdi,%rbx,1)
  0x000077b458132bce:   jne    0x000077b458132be9           ;*ifnonnull {reexecute=0 rethrow=0 return_oop=0}
                                                            ; - picocli.CommandLine$Model$ArgSpec::interpolate@4 (line 9465)
                                                            ; - picocli.CommandLine$Model$OptionSpec::names@11 (line 10049)
  0x000077b458132bd4:   movabs $0x77b41474fcf0,%rsi         ;   {metadata(method data for {method} {0x000077b414433b08} &apos;interpolate&apos; &apos;([Ljava/lang/String;)[Ljava/lang/String;&apos; in &apos;picocli/CommandLine$Model$ArgSpec&apos;)}
  0x000077b458132bde:   incl   0xf8(%rsi)
  0x000077b458132be4:   jmp    0x000077b458132c7f           ;*goto {reexecute=0 rethrow=0 return_oop=0}
                                                            ; - picocli.CommandLine$Model$ArgSpec::interpolate@8 (line 9465)
                                                            ; - picocli.CommandLine$Model$OptionSpec::names@11 (line 10049)
  0x000077b458132be9:   movabs $0x77b41474fcf0,%rdi         ;   {metadata(method data for {method} {0x000077b414433b08} &apos;interpolate&apos; &apos;([Ljava/lang/String;)[Ljava/lang/String;&apos; in &apos;picocli/CommandLine$Model$ArgSpec&apos;)}
  0x000077b458132bf3:   addq   $0x1,0x110(%rdi)
  0x000077b458132bfb:   mov    0x4c(%rsi),%esi              ; implicit exception: dispatches to 0x000077b458132ce2
  0x000077b458132bfe:   shl    $0x3,%rsi                    ;*getfield interpolator {reexecute=0 rethrow=0 return_oop=0}
                                                            ; - picocli.CommandLine$Model$CommandSpec::access$8100@1 (line 6245)
                                                            ; - picocli.CommandLine$Model$ArgSpec::interpolate@15 (line 9465)
                                                            ; - picocli.CommandLine$Model$OptionSpec::names@11 (line 10049)
  0x000077b458132c02:   cmp    (%rsi),%rax                  ; implicit exception: dispatches to 0x000077b458132ce7
                                                            ;*invokevirtual interpolate {reexecute=0 rethrow=0 return_oop=0}
                                                            ; - picocli.CommandLine$Model$ArgSpec::interpolate@19 (line 9465)
                                                            ; - picocli.CommandLine$Model$OptionSpec::names@11 (line 10049)
  0x000077b458132c05:   mov    %rsi,%rdi
  0x000077b458132c08:   movabs $0x77b41474fcf0,%rbx         ;   {metadata(method data for {method} {0x000077b414433b08} &apos;interpolate&apos; &apos;([Ljava/lang/String;)[Ljava/lang/String;&apos; in &apos;picocli/CommandLine$Model$ArgSpec&apos;)}
  0x000077b458132c12:   movabs $0x4704f5b8,%rdi             ;   {metadata(&apos;picocli/CommandLine$Model$Interpolator&apos;)}
  0x000077b458132c1c:   mov    $0x25,%r10d
  0x000077b458132c22:   cmp    (%rbx,%r10,8),%rdi
  0x000077b458132c26:   je     0x000077b458132c5f
  0x000077b458132c28:   add    $0x2,%r10
  0x000077b458132c2c:   cmp    $0x29,%r10
  0x000077b458132c30:   jne    0x000077b458132c22
  0x000077b458132c32:   mov    $0x25,%r10d
  0x000077b458132c38:   cmpq   $0x0,(%rbx,%r10,8)
  0x000077b458132c3d:   je     0x000077b458132c4b
  0x000077b458132c3f:   add    $0x2,%r10
  0x000077b458132c43:   cmp    $0x29,%r10
  0x000077b458132c47:   jne    0x000077b458132c38
  0x000077b458132c49:   jmp    0x000077b458132c57
  0x000077b458132c4b:   push   %rax
  0x000077b458132c4c:   xor    %rax,%rax
  0x000077b458132c4f:   cmpxchg %rdi,(%rbx,%r10,8)
  0x000077b458132c54:   pop    %rax
  0x000077b458132c55:   jmp    0x000077b458132c1c
  0x000077b458132c57:   mov    $0x24,%r10d
  0x000077b458132c5d:   jmp    0x000077b458132c63
  0x000077b458132c5f:   add    $0x1,%r10
  0x000077b458132c63:   addq   $0x1,(%rbx,%r10,8)
  0x000077b458132c68:   nopl   0x0(%rax)
  0x000077b458132c6f:   call   0x000077b45f4ad9e0           ; ImmutableOopMap {}
                                                            ;*invokevirtual interpolate {reexecute=0 rethrow=0 return_oop=0}
                                                            ; - picocli.CommandLine$Model$ArgSpec::interpolate@19 (line 9465)
                                                            ; - picocli.CommandLine$Model$OptionSpec::names@11 (line 10049)
                                                            ;   {optimized virtual_call}
  0x000077b458132c74:   nopl   0x10003ec(%rax,%rax,1)       ;*invokevirtual interpolate {reexecute=0 rethrow=0 return_oop=0}
                                                            ; - picocli.CommandLine$Model$ArgSpec::interpolate@19 (line 9465)
                                                            ; - picocli.CommandLine$Model$OptionSpec::names@11 (line 10049)
                                                            ;   {post_call_nop}
  0x000077b458132c7c:   mov    %rax,%rdx                    ;*areturn {reexecute=0 rethrow=0 return_oop=0}
                                                            ; - picocli.CommandLine$Model$ArgSpec::interpolate@22 (line 9465)
                                                            ; - picocli.CommandLine$Model$OptionSpec::names@11 (line 10049)
  0x000077b458132c7f:   mov    %rdx,%rax
  0x000077b458132c82:   add    $0x50,%rsp
  0x000077b458132c86:   pop    %rbp
  0x000077b458132c87:   cmp    0x28(%r15),%rsp              ;   {poll_return}
  0x000077b458132c8b:   ja     0x000077b458132cec
  0x000077b458132c91:   ret    
  0x000077b458132c92:   movabs $0x77b41443a898,%r10         ;   {metadata({method} {0x000077b41443a898} &apos;names&apos; &apos;()[Ljava/lang/String;&apos; in &apos;picocli/CommandLine$Model$OptionSpec&apos;)}
  0x000077b458132c9c:   mov    %r10,0x8(%rsp)
  0x000077b458132ca1:   movq   $0xffffffffffffffff,(%rsp)
  0x000077b458132ca9:   call   0x000077b45f582fe0           ; ImmutableOopMap {rsi=Oop }
                                                            ;*synchronization entry
                                                            ; - picocli.CommandLine$Model$OptionSpec::names@-1 (line 10049)
                                                            ;   {runtime_call counter_overflow_blob (C1 runtime)}
  0x000077b458132cae:   jmp    0x000077b4581329e2
  0x000077b458132cb3:   call   0x000077b45f57c660           ; ImmutableOopMap {rsi=Oop rdi=Oop }
                                                            ;*invokevirtual clone {reexecute=0 rethrow=0 return_oop=0}
                                                            ; - picocli.CommandLine$Model$OptionSpec::names@5 (line 10049)
                                                            ;   {runtime_call throw_null_pointer_exception_blob (C1 runtime)}
  0x000077b458132cb8:   mov    %rax,(%rsp)
  0x000077b458132cbc:   call   0x000077b45f57f3e0           ; ImmutableOopMap {[64]=Oop }
                                                            ;*checkcast {reexecute=0 rethrow=0 return_oop=0}
                                                            ; - picocli.CommandLine$Model$OptionSpec::names@8 (line 10049)
                                                            ;   {runtime_call throw_class_cast_exception_blob (C1 runtime)}
  0x000077b458132cc1:   movabs $0x77b414433b08,%r10         ;   {metadata({method} {0x000077b414433b08} &apos;interpolate&apos; &apos;([Ljava/lang/String;)[Ljava/lang/String;&apos; in &apos;picocli/CommandLine$Model$ArgSpec&apos;)}
  0x000077b458132ccb:   mov    %r10,0x8(%rsp)
  0x000077b458132cd0:   movq   $0xffffffffffffffff,(%rsp)
  0x000077b458132cd8:   call   0x000077b45f582fe0           ; ImmutableOopMap {rdx=Oop [64]=Oop }
                                                            ;*synchronization entry
                                                            ; - picocli.CommandLine$Model$ArgSpec::interpolate@-1 (line 9465)
                                                            ; - picocli.CommandLine$Model$OptionSpec::names@11 (line 10049)
                                                            ;   {runtime_call counter_overflow_blob (C1 runtime)}
  0x000077b458132cdd:   jmp    0x000077b458132b9d
  0x000077b458132ce2:   call   0x000077b45f57c660           ; ImmutableOopMap {rdx=Oop }
                                                            ;*getfield interpolator {reexecute=1 rethrow=0 return_oop=0}
                                                            ; - (reexecute) picocli.CommandLine$Model$CommandSpec::access$8100@1 (line 6245)
                                                            ; - picocli.CommandLine$Model$ArgSpec::interpolate@15 (line 9465)
                                                            ; - picocli.CommandLine$Model$OptionSpec::names@11 (line 10049)
                                                            ;   {runtime_call throw_null_pointer_exception_blob (C1 runtime)}
  0x000077b458132ce7:   call   0x000077b45f57c660           ; ImmutableOopMap {rdx=Oop rsi=Oop }
                                                            ;*invokevirtual interpolate {reexecute=0 rethrow=0 return_oop=0}
                                                            ; - picocli.CommandLine$Model$ArgSpec::interpolate@19 (line 9465)
                                                            ; - picocli.CommandLine$Model$OptionSpec::names@11 (line 10049)
                                                            ;   {runtime_call throw_null_pointer_exception_blob (C1 runtime)}
  0x000077b458132cec:   movabs $0x77b458132c87,%r10         ;   {internal_word}
  0x000077b458132cf6:   mov    %r10,0x510(%r15)
  0x000077b458132cfd:   jmp    0x000077b45f4afb60           ;   {runtime_call SafepointBlob}
  0x000077b458132d02:   mov    0x5c0(%r15),%rax
  0x000077b458132d09:   movq   $0x0,0x5c0(%r15)
  0x000077b458132d14:   movq   $0x0,0x5c8(%r15)
  0x000077b458132d1f:   add    $0x50,%rsp
  0x000077b458132d23:   pop    %rbp
  0x000077b458132d24:   jmp    0x000077b45f57b760           ;   {runtime_call unwind_exception_blob (C1 runtime)}
  0x000077b458132d29:   hlt    
  0x000077b458132d2a:   hlt    
  0x000077b458132d2b:   hlt    
  0x000077b458132d2c:   hlt    
  0x000077b458132d2d:   hlt    
  0x000077b458132d2e:   hlt    
  0x000077b458132d2f:   hlt    
[Stub Code]
  0x000077b458132d30:   nopl   0x0(%rax,%rax,1)             ;   {other}
  0x000077b458132d35:   movabs $0x0,%rbx                    ;   {static_stub}
  0x000077b458132d3f:   jmp    0x000077b458132d3f           ;   {runtime_call nmethod}
  0x000077b458132d44:   nop
  0x000077b458132d45:   movabs $0x0,%rbx                    ;   {static_stub}
  0x000077b458132d4f:   jmp    0x000077b458132d4f           ;   {runtime_call nmethod}
[Exception Handler]
  0x000077b458132d54:   call   0x000077b45f57ede0           ;   {runtime_call handle_exception_from_callee_blob (C1 runtime)}
  0x000077b458132d59:   movabs $0x77b478d3aec4,%rdi         ;   {external_word}
  0x000077b458132d63:   and    $0xfffffffffffffff0,%rsp
  0x000077b458132d67:   call   0x000077b478791cc0           ;   {runtime_call MacroAssembler::debug64(char*, long, long*)}
  0x000077b458132d6c:   hlt    
  0x000077b458132d6d:   call   0x000077b45f4afe60           ;   {runtime_call DeoptimizationBlob}
[Deopt Handler Entry Point]
  0x000077b458132d72:   jmp    0x000077b458132d6d
  0x000077b458132d74:   hlt    
  0x000077b458132d75:   hlt    
  0x000077b458132d76:   hlt    
  0x000077b458132d77:   hlt    
--------------------------------------------------------------------------------
[/Disassembly]
