
============================= C1-compiled nmethod ==============================
----------------------------------- Assembly -----------------------------------

Compiled method (c1) 37228 1664       3       java.lang.ref.PhantomReference::&lt;init&gt; (7 bytes)
 total in heap  [0x000077b458137f08,0x000077b4581382b0] = 936
 main code      [0x000077b458138000,0x000077b458138290] = 656
 stub code      [0x000077b458138290,0x000077b4581382b0] = 32
 mutable data [0x000077b3dc1a4d30,0x000077b3dc1a4d90] = 96
 relocation     [0x000077b3dc1a4d30,0x000077b3dc1a4d70] = 64
 metadata       [0x000077b3dc1a4d70,0x000077b3dc1a4d90] = 32
 immutable data [0x000077b3dc180c90,0x000077b3dc180d9c] = 268
 dependencies   [0x000077b3dc180c90,0x000077b3dc180ca0] = 16
 scopes pcs     [0x000077b3dc180ca0,0x000077b3dc180d40] = 160
 scopes data    [0x000077b3dc180d40,0x000077b3dc180d98] = 88

[Disassembly]
--------------------------------------------------------------------------------
[Constant Pool (empty)]

--------------------------------------------------------------------------------

[Instructions begin]
  0x000077b458138000:   data16 data16 nopw 0x0(%rax,%rax,1)
  0x000077b45813800b:   data16 data16 xchg %ax,%ax
  0x000077b45813800f:   data16 xchg %ax,%ax
[Entry Point]
  # {method} {0x00000000461a9b40} &apos;&lt;init&gt;&apos; &apos;(Ljava/lang/Object;Ljava/lang/ref/ReferenceQueue;)V&apos; in &apos;java/lang/ref/PhantomReference&apos;
  # this:     rsi:rsi   = &apos;java/lang/ref/PhantomReference&apos;
  # parm0:    rdx:rdx   = &apos;java/lang/Object&apos;
  # parm1:    rcx:rcx   = &apos;java/lang/ref/ReferenceQueue&apos;
  #           [sp+0x60]  (sp of caller)
  0x000077b458138012:   mov    0x8(%rsi),%r10d
  0x000077b458138016:   cmp    0x8(%rax),%r10d
  0x000077b45813801a:   jne    0x000077b45f4ad6e0           ;   {runtime_call ic_miss_blob (shared runtime)}
[Verified Entry Point]
  0x000077b458138020:   mov    %eax,-0x14000(%rsp)
  0x000077b458138027:   push   %rbp
  0x000077b458138028:   sub    $0x50,%rsp
  0x000077b45813802c:   cmpl   $0x1,0x20(%r15)
  0x000077b458138034:   je     0x000077b45813803b
  0x000077b458138036:   call   Stub::method_entry_barrier_stub (stub gen)
                                                            ;   {runtime_call Stub::method_entry_barrier_stub (stub gen)}
  0x000077b45813803b:   movabs $0x77b4146ca1f0,%rdi         ;   {metadata(method data for {method} {0x00000000461a9b40} &apos;&lt;init&gt;&apos; &apos;(Ljava/lang/Object;Ljava/lang/ref/ReferenceQueue;)V&apos; in &apos;java/lang/ref/PhantomReference&apos;)}
  0x000077b458138045:   mov    0x90(%rdi),%ebx
  0x000077b45813804b:   add    $0x2,%ebx
  0x000077b45813804e:   mov    %ebx,0x90(%rdi)
  0x000077b458138054:   and    $0x7fe,%ebx
  0x000077b45813805a:   test   %ebx,%ebx
  0x000077b45813805c:   je     0x000077b4581381ad           ;*aload_0 {reexecute=0 rethrow=0 return_oop=0}
                                                            ; - java.lang.ref.PhantomReference::&lt;init&gt;@0 (line 105)
  0x000077b458138062:   mov    %rsi,%rdi
  0x000077b458138065:   movabs $0x77b4146ca1f0,%rbx         ;   {metadata(method data for {method} {0x00000000461a9b40} &apos;&lt;init&gt;&apos; &apos;(Ljava/lang/Object;Ljava/lang/ref/ReferenceQueue;)V&apos; in &apos;java/lang/ref/PhantomReference&apos;)}
  0x000077b45813806f:   addq   $0x1,0xd8(%rbx)
  0x000077b458138077:   movabs $0x77b4140924a8,%rdi         ;   {metadata(method data for {method} {0x00000000461a8110} &apos;&lt;init&gt;&apos; &apos;(Ljava/lang/Object;Ljava/lang/ref/ReferenceQueue;)V&apos; in &apos;java/lang/ref/Reference&apos;)}
  0x000077b458138081:   mov    0x90(%rdi),%ebx
  0x000077b458138087:   add    $0x2,%ebx
  0x000077b45813808a:   mov    %ebx,0x90(%rdi)
  0x000077b458138090:   and    $0x1ffffe,%ebx
  0x000077b458138096:   test   %ebx,%ebx
  0x000077b458138098:   je     0x000077b4581381ce
  0x000077b45813809e:   mov    %rsi,%rdi
  0x000077b4581380a1:   movabs $0x77b4140924a8,%rbx         ;   {metadata(method data for {method} {0x00000000461a8110} &apos;&lt;init&gt;&apos; &apos;(Ljava/lang/Object;Ljava/lang/ref/ReferenceQueue;)V&apos; in &apos;java/lang/ref/Reference&apos;)}
  0x000077b4581380ab:   addq   $0x1,0xd8(%rbx)
  0x000077b4581380b3:   movabs $0x77b414010cd0,%rdi         ;   {metadata(method data for {method} {0x00000000464a6d78} &apos;&lt;init&gt;&apos; &apos;()V&apos; in &apos;java/lang/Object&apos;)}
  0x000077b4581380bd:   mov    0x90(%rdi),%ebx
  0x000077b4581380c3:   add    $0x2,%ebx
  0x000077b4581380c6:   mov    %ebx,0x90(%rdi)
  0x000077b4581380cc:   and    $0x1ffffe,%ebx
  0x000077b4581380d2:   test   %ebx,%ebx
  0x000077b4581380d4:   je     0x000077b4581381ef
  0x000077b4581380da:   movsbl 0x48(%r15),%edi
  0x000077b4581380df:   test   %edi,%edi
  0x000077b4581380e1:   jne    0x000077b458138210
  0x000077b4581380e7:   mov    %rdx,%r10
  0x000077b4581380ea:   shr    $0x3,%r10
  0x000077b4581380ee:   mov    %r10d,0xc(%rsi)
  0x000077b4581380f2:   mov    %rsi,%rbx
  0x000077b4581380f5:   xor    %rdx,%rbx
  0x000077b4581380f8:   shr    $0x17,%rbx
  0x000077b4581380fc:   je     0x000077b458138116
  0x000077b4581380fe:   test   %rdx,%rdx
  0x000077b458138101:   je     0x000077b458138116
  0x000077b458138103:   mov    %rsi,%rbx
  0x000077b458138106:   shr    $0x9,%rbx
  0x000077b45813810a:   add    0x50(%r15),%rbx
  0x000077b45813810e:   cmpb   $0xff,(%rbx)
  0x000077b458138111:   jne    0x000077b458138116
  0x000077b458138113:   movb   $0x0,(%rbx)                  ;*putfield referent {reexecute=0 rethrow=0 return_oop=0}
                                                            ; - java.lang.ref.Reference::&lt;init&gt;@6 (line 532)
                                                            ; - java.lang.ref.PhantomReference::&lt;init&gt;@3 (line 105)
  0x000077b458138116:   test   %rcx,%rcx
  0x000077b458138119:   movabs $0x77b4140924a8,%rdi         ;   {metadata(method data for {method} {0x00000000461a8110} &apos;&lt;init&gt;&apos; &apos;(Ljava/lang/Object;Ljava/lang/ref/ReferenceQueue;)V&apos; in &apos;java/lang/ref/Reference&apos;)}
  0x000077b458138123:   mov    $0xe8,%ebx
  0x000077b458138128:   jne    0x000077b45813812f
  0x000077b45813812a:   mov    $0xf8,%ebx
  0x000077b45813812f:   mov    (%rdi,%rbx,1),%rax
  0x000077b458138133:   lea    0x1(%rax),%rax
  0x000077b458138137:   mov    %rax,(%rdi,%rbx,1)
  0x000077b45813813b:   jne    0x000077b45813815b           ;*ifnonnull {reexecute=0 rethrow=0 return_oop=0}
                                                            ; - java.lang.ref.Reference::&lt;init&gt;@11 (line 533)
                                                            ; - java.lang.ref.PhantomReference::&lt;init&gt;@3 (line 105)
  0x000077b458138141:   movabs $0x77b4140924a8,%rdi         ;   {metadata(method data for {method} {0x00000000461a8110} &apos;&lt;init&gt;&apos; &apos;(Ljava/lang/Object;Ljava/lang/ref/ReferenceQueue;)V&apos; in &apos;java/lang/ref/Reference&apos;)}
  0x000077b45813814b:   incl   0x108(%rdi)
  0x000077b458138151:   movabs $0x420823c40,%rcx            ;*goto {reexecute=0 rethrow=0 return_oop=0}
                                                            ; - java.lang.ref.Reference::&lt;init&gt;@17 (line 533)
                                                            ; - java.lang.ref.PhantomReference::&lt;init&gt;@3 (line 105)
                                                            ;   {oop(a &apos;java/lang/ref/ReferenceQueue$Null&apos;{0x0000000420823c40})}
  0x000077b45813815b:   movsbl 0x48(%r15),%edi
  0x000077b458138160:   test   %edi,%edi
  0x000077b458138162:   jne    0x000077b45813822e
  0x000077b458138168:   mov    %rcx,%r10
  0x000077b45813816b:   shr    $0x3,%r10
  0x000077b45813816f:   mov    %r10d,0x10(%rsi)
  0x000077b458138173:   lock addl $0x0,-0x40(%rsp)
  0x000077b458138179:   mov    %rsi,%rbx
  0x000077b45813817c:   xor    %rcx,%rbx
  0x000077b45813817f:   shr    $0x17,%rbx
  0x000077b458138183:   je     0x000077b45813819d
  0x000077b458138185:   test   %rcx,%rcx
  0x000077b458138188:   je     0x000077b45813819d
  0x000077b45813818a:   mov    %rsi,%rbx
  0x000077b45813818d:   shr    $0x9,%rbx
  0x000077b458138191:   add    0x50(%r15),%rbx
  0x000077b458138195:   cmpb   $0xff,(%rbx)
  0x000077b458138198:   jne    0x000077b45813819d
  0x000077b45813819a:   movb   $0x0,(%rbx)                  ;*putfield queue {reexecute=0 rethrow=0 return_oop=0}
                                                            ; - java.lang.ref.Reference::&lt;init&gt;@21 (line 533)
                                                            ; - java.lang.ref.PhantomReference::&lt;init&gt;@3 (line 105)
  0x000077b45813819d:   add    $0x50,%rsp
  0x000077b4581381a1:   pop    %rbp
  0x000077b4581381a2:   cmp    0x28(%r15),%rsp              ;   {poll_return}
  0x000077b4581381a6:   ja     0x000077b45813824c
  0x000077b4581381ac:   ret    
  0x000077b4581381ad:   movabs $0x461a9b40,%r10             ;   {metadata({method} {0x00000000461a9b40} &apos;&lt;init&gt;&apos; &apos;(Ljava/lang/Object;Ljava/lang/ref/ReferenceQueue;)V&apos; in &apos;java/lang/ref/PhantomReference&apos;)}
  0x000077b4581381b7:   mov    %r10,0x8(%rsp)
  0x000077b4581381bc:   movq   $0xffffffffffffffff,(%rsp)
  0x000077b4581381c4:   call   0x000077b45f582fe0           ; ImmutableOopMap {rsi=Oop rdx=Oop rcx=Oop }
                                                            ;*synchronization entry
                                                            ; - java.lang.ref.PhantomReference::&lt;init&gt;@-1 (line 105)
                                                            ;   {runtime_call counter_overflow_blob (C1 runtime)}
  0x000077b4581381c9:   jmp    0x000077b458138062
  0x000077b4581381ce:   movabs $0x461a8110,%r10             ;   {metadata({method} {0x00000000461a8110} &apos;&lt;init&gt;&apos; &apos;(Ljava/lang/Object;Ljava/lang/ref/ReferenceQueue;)V&apos; in &apos;java/lang/ref/Reference&apos;)}
  0x000077b4581381d8:   mov    %r10,0x8(%rsp)
  0x000077b4581381dd:   movq   $0xffffffffffffffff,(%rsp)
  0x000077b4581381e5:   call   0x000077b45f582fe0           ; ImmutableOopMap {rsi=Oop rdx=Oop rcx=Oop }
                                                            ;*synchronization entry
                                                            ; - java.lang.ref.Reference::&lt;init&gt;@-1 (line 531)
                                                            ; - java.lang.ref.PhantomReference::&lt;init&gt;@3 (line 105)
                                                            ;   {runtime_call counter_overflow_blob (C1 runtime)}
  0x000077b4581381ea:   jmp    0x000077b45813809e
  0x000077b4581381ef:   movabs $0x464a6d78,%r10             ;   {metadata({method} {0x00000000464a6d78} &apos;&lt;init&gt;&apos; &apos;()V&apos; in &apos;java/lang/Object&apos;)}
  0x000077b4581381f9:   mov    %r10,0x8(%rsp)
  0x000077b4581381fe:   movq   $0xffffffffffffffff,(%rsp)
  0x000077b458138206:   call   0x000077b45f582fe0           ; ImmutableOopMap {rsi=Oop rdx=Oop rcx=Oop }
                                                            ;*synchronization entry
                                                            ; - java.lang.Object::&lt;init&gt;@-1 (line 46)
                                                            ; - java.lang.ref.Reference::&lt;init&gt;@1 (line 531)
                                                            ; - java.lang.ref.PhantomReference::&lt;init&gt;@3 (line 105)
                                                            ;   {runtime_call counter_overflow_blob (C1 runtime)}
  0x000077b45813820b:   jmp    0x000077b4581380da
  0x000077b458138210:   mov    0xc(%rsi),%edi
  0x000077b458138213:   shl    $0x3,%rdi
  0x000077b458138217:   test   %rdi,%rdi
  0x000077b45813821a:   je     0x000077b4581380e7
  0x000077b458138220:   mov    %rdi,(%rsp)
  0x000077b458138224:   call   0x000077b45f583a60           ;   {runtime_call g1_pre_barrier_slow}
  0x000077b458138229:   jmp    0x000077b4581380e7
  0x000077b45813822e:   mov    0x10(%rsi),%edi
  0x000077b458138231:   shl    $0x3,%rdi
  0x000077b458138235:   test   %rdi,%rdi
  0x000077b458138238:   je     0x000077b458138168
  0x000077b45813823e:   mov    %rdi,(%rsp)
  0x000077b458138242:   call   0x000077b45f583a60           ;   {runtime_call g1_pre_barrier_slow}
  0x000077b458138247:   jmp    0x000077b458138168
  0x000077b45813824c:   movabs $0x77b4581381a2,%r10         ;   {internal_word}
  0x000077b458138256:   mov    %r10,0x510(%r15)
  0x000077b45813825d:   jmp    0x000077b45f4afb60           ;   {runtime_call SafepointBlob}
  0x000077b458138262:   mov    0x5c0(%r15),%rax
  0x000077b458138269:   movq   $0x0,0x5c0(%r15)
  0x000077b458138274:   movq   $0x0,0x5c8(%r15)
  0x000077b45813827f:   add    $0x50,%rsp
  0x000077b458138283:   pop    %rbp
  0x000077b458138284:   jmp    0x000077b45f57b760           ;   {runtime_call unwind_exception_blob (C1 runtime)}
  0x000077b458138289:   hlt    
  0x000077b45813828a:   hlt    
  0x000077b45813828b:   hlt    
  0x000077b45813828c:   hlt    
  0x000077b45813828d:   hlt    
  0x000077b45813828e:   hlt    
  0x000077b45813828f:   hlt    
[Exception Handler]
  0x000077b458138290:   call   0x000077b45f57ede0           ;   {runtime_call handle_exception_from_callee_blob (C1 runtime)}
  0x000077b458138295:   movabs $0x77b478d3aec4,%rdi         ;   {external_word}
  0x000077b45813829f:   and    $0xfffffffffffffff0,%rsp
  0x000077b4581382a3:   call   0x000077b478791cc0           ;   {runtime_call MacroAssembler::debug64(char*, long, long*)}
  0x000077b4581382a8:   hlt    
  0x000077b4581382a9:   call   0x000077b45f4afe60           ;   {runtime_call DeoptimizationBlob}
[Deopt Handler Entry Point]
  0x000077b4581382ae:   jmp    0x000077b4581382a9
--------------------------------------------------------------------------------
[/Disassembly]
