
============================= C1-compiled nmethod ==============================
----------------------------------- Assembly -----------------------------------

Compiled method (c1) 37489 1670       3       java.lang.ref.Reference::clear (5 bytes)
 total in heap  [0x000077b458139c88,0x000077b458139f10] = 648
 main code      [0x000077b458139d80,0x000077b458139ed8] = 344
 stub code      [0x000077b458139ed8,0x000077b458139f10] = 56
 mutable data [0x000077b3fc2b5440,0x000077b3fc2b5480] = 64
 relocation     [0x000077b3fc2b5440,0x000077b3fc2b5478] = 56
 metadata       [0x000077b3fc2b5478,0x000077b3fc2b5480] = 8
 immutable data [0x000077b3fc2b53a0,0x000077b3fc2b542c] = 140
 dependencies   [0x000077b3fc2b53a0,0x000077b3fc2b53a8] = 8
 scopes pcs     [0x000077b3fc2b53a8,0x000077b3fc2b5408] = 96
 scopes data    [0x000077b3fc2b5408,0x000077b3fc2b5428] = 32

[Disassembly]
--------------------------------------------------------------------------------
[Constant Pool (empty)]

--------------------------------------------------------------------------------

[Instructions begin]
  0x000077b458139d80:   data16 data16 nopw 0x0(%rax,%rax,1)
  0x000077b458139d8b:   data16 data16 xchg %ax,%ax
  0x000077b458139d8f:   data16 xchg %ax,%ax
[Entry Point]
  # {method} {0x00000000461a7bf8} &apos;clear&apos; &apos;()V&apos; in &apos;java/lang/ref/Reference&apos;
  #           [sp+0x30]  (sp of caller)
  0x000077b458139d92:   mov    0x8(%rsi),%r10d
  0x000077b458139d96:   cmp    0x8(%rax),%r10d
  0x000077b458139d9a:   jne    0x000077b45f4ad6e0           ;   {runtime_call ic_miss_blob (shared runtime)}
[Verified Entry Point]
  0x000077b458139da0:   mov    %eax,-0x14000(%rsp)
  0x000077b458139da7:   push   %rbp
  0x000077b458139da8:   sub    $0x20,%rsp
  0x000077b458139dac:   cmpl   $0x1,0x20(%r15)
  0x000077b458139db4:   je     0x000077b458139dbb
  0x000077b458139db6:   call   Stub::method_entry_barrier_stub (stub gen)
                                                            ;   {runtime_call Stub::method_entry_barrier_stub (stub gen)}
  0x000077b458139dbb:   movabs $0x77b4146ca6b0,%rdi         ;   {metadata(method data for {method} {0x00000000461a7bf8} &apos;clear&apos; &apos;()V&apos; in &apos;java/lang/ref/Reference&apos;)}
  0x000077b458139dc5:   mov    0x90(%rdi),%ebx
  0x000077b458139dcb:   add    $0x2,%ebx
  0x000077b458139dce:   mov    %ebx,0x90(%rdi)
  0x000077b458139dd4:   and    $0x7fe,%ebx
  0x000077b458139dda:   test   %ebx,%ebx
  0x000077b458139ddc:   je     0x000077b458139e74           ;*aload_0 {reexecute=0 rethrow=0 return_oop=0}
                                                            ; - java.lang.ref.Reference::clear@0 (line 391)
  0x000077b458139de2:   mov    %rsi,%rdi
  0x000077b458139de5:   movabs $0x77b4146ca6b0,%rbx         ;   {metadata(method data for {method} {0x00000000461a7bf8} &apos;clear&apos; &apos;()V&apos; in &apos;java/lang/ref/Reference&apos;)}
  0x000077b458139def:   mov    0x8(%rdi),%edi
  0x000077b458139df2:   mov    $0x46000000,%r10d
  0x000077b458139df8:   add    %r10,%rdi
  0x000077b458139dfb:   mov    $0x1c,%r10d
  0x000077b458139e01:   cmp    (%rbx,%r10,8),%rdi
  0x000077b458139e05:   je     0x000077b458139e3e
  0x000077b458139e07:   add    $0x2,%r10
  0x000077b458139e0b:   cmp    $0x20,%r10
  0x000077b458139e0f:   jne    0x000077b458139e01
  0x000077b458139e11:   mov    $0x1c,%r10d
  0x000077b458139e17:   cmpq   $0x0,(%rbx,%r10,8)
  0x000077b458139e1c:   je     0x000077b458139e2a
  0x000077b458139e1e:   add    $0x2,%r10
  0x000077b458139e22:   cmp    $0x20,%r10
  0x000077b458139e26:   jne    0x000077b458139e17
  0x000077b458139e28:   jmp    0x000077b458139e36
  0x000077b458139e2a:   push   %rax
  0x000077b458139e2b:   xor    %rax,%rax
  0x000077b458139e2e:   cmpxchg %rdi,(%rbx,%r10,8)
  0x000077b458139e33:   pop    %rax
  0x000077b458139e34:   jmp    0x000077b458139dfb
  0x000077b458139e36:   mov    $0x1b,%r10d
  0x000077b458139e3c:   jmp    0x000077b458139e42
  0x000077b458139e3e:   add    $0x1,%r10
  0x000077b458139e42:   addq   $0x1,(%rbx,%r10,8)
  0x000077b458139e47:   nopw   0x0(%rax,%rax,1)
  0x000077b458139e4d:   movabs $0x77b3fc2b5490,%rax
  0x000077b458139e57:   call   0x000077b45f4adce0           ; ImmutableOopMap {}
                                                            ;*invokevirtual clearImpl {reexecute=0 rethrow=0 return_oop=0}
                                                            ; - java.lang.ref.Reference::clear@1 (line 391)
                                                            ;   {virtual_call}
  0x000077b458139e5c:   nopl   0x1d4(%rax,%rax,1)           ;*invokevirtual clearImpl {reexecute=0 rethrow=0 return_oop=0}
                                                            ; - java.lang.ref.Reference::clear@1 (line 391)
                                                            ;   {post_call_nop}
  0x000077b458139e64:   add    $0x20,%rsp
  0x000077b458139e68:   pop    %rbp
  0x000077b458139e69:   cmp    0x28(%r15),%rsp              ;   {poll_return}
  0x000077b458139e6d:   ja     0x000077b458139e95
  0x000077b458139e73:   ret    
  0x000077b458139e74:   movabs $0x461a7bf8,%r10             ;   {metadata({method} {0x00000000461a7bf8} &apos;clear&apos; &apos;()V&apos; in &apos;java/lang/ref/Reference&apos;)}
  0x000077b458139e7e:   mov    %r10,0x8(%rsp)
  0x000077b458139e83:   movq   $0xffffffffffffffff,(%rsp)
  0x000077b458139e8b:   call   0x000077b45f582fe0           ; ImmutableOopMap {rsi=Oop }
                                                            ;*synchronization entry
                                                            ; - java.lang.ref.Reference::clear@-1 (line 391)
                                                            ;   {runtime_call counter_overflow_blob (C1 runtime)}
  0x000077b458139e90:   jmp    0x000077b458139de2
  0x000077b458139e95:   movabs $0x77b458139e69,%r10         ;   {internal_word}
  0x000077b458139e9f:   mov    %r10,0x510(%r15)
  0x000077b458139ea6:   jmp    0x000077b45f4afb60           ;   {runtime_call SafepointBlob}
  0x000077b458139eab:   mov    0x5c0(%r15),%rax
  0x000077b458139eb2:   movq   $0x0,0x5c0(%r15)
  0x000077b458139ebd:   movq   $0x0,0x5c8(%r15)
  0x000077b458139ec8:   add    $0x20,%rsp
  0x000077b458139ecc:   pop    %rbp
  0x000077b458139ecd:   jmp    0x000077b45f57b760           ;   {runtime_call unwind_exception_blob (C1 runtime)}
  0x000077b458139ed2:   hlt    
  0x000077b458139ed3:   hlt    
  0x000077b458139ed4:   hlt    
  0x000077b458139ed5:   hlt    
  0x000077b458139ed6:   hlt    
  0x000077b458139ed7:   hlt    
[Stub Code]
  0x000077b458139ed8:   nopl   0x0(%rax,%rax,1)             ;   {other}
  0x000077b458139edd:   movabs $0x0,%rbx                    ;   {static_stub}
  0x000077b458139ee7:   jmp    0x000077b458139ee7           ;   {runtime_call nmethod}
[Exception Handler]
  0x000077b458139eec:   call   0x000077b45f57ede0           ;   {runtime_call handle_exception_from_callee_blob (C1 runtime)}
  0x000077b458139ef1:   movabs $0x77b478d3aec4,%rdi         ;   {external_word}
  0x000077b458139efb:   and    $0xfffffffffffffff0,%rsp
  0x000077b458139eff:   call   0x000077b478791cc0           ;   {runtime_call MacroAssembler::debug64(char*, long, long*)}
  0x000077b458139f04:   hlt    
  0x000077b458139f05:   call   0x000077b45f4afe60           ;   {runtime_call DeoptimizationBlob}
[Deopt Handler Entry Point]
  0x000077b458139f0a:   jmp    0x000077b458139f05
  0x000077b458139f0c:   hlt    
  0x000077b458139f0d:   hlt    
  0x000077b458139f0e:   hlt    
  0x000077b458139f0f:   hlt    
--------------------------------------------------------------------------------
[/Disassembly]
