
============================= C1-compiled nmethod ==============================
----------------------------------- Assembly -----------------------------------

Compiled method (c1) 38161 1687       3       picocli.CommandLine::access$16500 (5 bytes)
 total in heap  [0x000077b45813f688,0x000077b45813f890] = 520
 main code      [0x000077b45813f780,0x000077b45813f858] = 216
 stub code      [0x000077b45813f858,0x000077b45813f888] = 48
 oops           [0x000077b45813f888,0x000077b45813f890] = 8
 mutable data [0x000077b3fc2bf630,0x000077b3fc2bf670] = 64
 relocation     [0x000077b3fc2bf630,0x000077b3fc2bf668] = 56
 metadata       [0x000077b3fc2bf668,0x000077b3fc2bf670] = 8
 immutable data [0x000077b3fc2bf590,0x000077b3fc2bf61c] = 140
 dependencies   [0x000077b3fc2bf590,0x000077b3fc2bf598] = 8
 scopes pcs     [0x000077b3fc2bf598,0x000077b3fc2bf5f8] = 96
 scopes data    [0x000077b3fc2bf5f8,0x000077b3fc2bf618] = 32

[Disassembly]
--------------------------------------------------------------------------------
[Constant Pool (empty)]

--------------------------------------------------------------------------------

[Verified Entry Point]
  # {method} {0x000077b4144135f8} &apos;access$16500&apos; &apos;(Ljava/lang/Class;)Z&apos; in &apos;picocli/CommandLine&apos;
  # parm0:    rsi:rsi   = &apos;java/lang/Class&apos;
  #           [sp+0x30]  (sp of caller)
  0x000077b45813f780:   mov    %eax,-0x14000(%rsp)
  0x000077b45813f787:   push   %rbp
  0x000077b45813f788:   sub    $0x20,%rsp
  0x000077b45813f78c:   cmpl   $0x1,0x20(%r15)
  0x000077b45813f794:   je     0x000077b45813f79b
  0x000077b45813f796:   call   Stub::method_entry_barrier_stub (stub gen)
                                                            ;   {runtime_call Stub::method_entry_barrier_stub (stub gen)}
  0x000077b45813f79b:   movabs $0x470cceb0,%rdi             ;   {metadata(method data for {method} {0x000077b4144135f8} &apos;access$16500&apos; &apos;(Ljava/lang/Class;)Z&apos; in &apos;picocli/CommandLine&apos;)}
  0x000077b45813f7a5:   mov    0x90(%rdi),%ebx
  0x000077b45813f7ab:   add    $0x2,%ebx
  0x000077b45813f7ae:   mov    %ebx,0x90(%rdi)
  0x000077b45813f7b4:   and    $0x7fe,%ebx
  0x000077b45813f7ba:   test   %ebx,%ebx
  0x000077b45813f7bc:   je     0x000077b45813f7f7           ;*aload_0 {reexecute=0 rethrow=0 return_oop=0}
                                                            ; - picocli.CommandLine::access$16500@0 (line 148)
  0x000077b45813f7c2:   movabs $0x470cceb0,%rdi             ;   {metadata(method data for {method} {0x000077b4144135f8} &apos;access$16500&apos; &apos;(Ljava/lang/Class;)Z&apos; in &apos;picocli/CommandLine&apos;)}
  0x000077b45813f7cc:   addq   $0x1,0xd8(%rdi)
  0x000077b45813f7d4:   data16 xchg %ax,%ax
  0x000077b45813f7d7:   call   0x000077b45f4adfe0           ; ImmutableOopMap {}
                                                            ;*invokestatic isMultiValue {reexecute=0 rethrow=0 return_oop=0}
                                                            ; - picocli.CommandLine::access$16500@1 (line 148)
                                                            ;   {static_call}
  0x000077b45813f7dc:   nopl   0x154(%rax,%rax,1)           ;*invokestatic isMultiValue {reexecute=0 rethrow=0 return_oop=0}
                                                            ; - picocli.CommandLine::access$16500@1 (line 148)
                                                            ;   {post_call_nop}
  0x000077b45813f7e4:   and    $0x1,%eax
  0x000077b45813f7e7:   add    $0x20,%rsp
  0x000077b45813f7eb:   pop    %rbp
  0x000077b45813f7ec:   cmp    0x28(%r15),%rsp              ;   {poll_return}
  0x000077b45813f7f0:   ja     0x000077b45813f815
  0x000077b45813f7f6:   ret    
  0x000077b45813f7f7:   movabs $0x77b4144135f8,%r10         ;   {metadata({method} {0x000077b4144135f8} &apos;access$16500&apos; &apos;(Ljava/lang/Class;)Z&apos; in &apos;picocli/CommandLine&apos;)}
  0x000077b45813f801:   mov    %r10,0x8(%rsp)
  0x000077b45813f806:   movq   $0xffffffffffffffff,(%rsp)
  0x000077b45813f80e:   call   0x000077b45f582fe0           ; ImmutableOopMap {rsi=Oop }
                                                            ;*synchronization entry
                                                            ; - picocli.CommandLine::access$16500@-1 (line 148)
                                                            ;   {runtime_call counter_overflow_blob (C1 runtime)}
  0x000077b45813f813:   jmp    0x000077b45813f7c2
  0x000077b45813f815:   movabs $0x77b45813f7ec,%r10         ;   {internal_word}
  0x000077b45813f81f:   mov    %r10,0x510(%r15)
  0x000077b45813f826:   jmp    0x000077b45f4afb60           ;   {runtime_call SafepointBlob}
  0x000077b45813f82b:   mov    0x5c0(%r15),%rax
  0x000077b45813f832:   movq   $0x0,0x5c0(%r15)
  0x000077b45813f83d:   movq   $0x0,0x5c8(%r15)
  0x000077b45813f848:   add    $0x20,%rsp
  0x000077b45813f84c:   pop    %rbp
  0x000077b45813f84d:   jmp    0x000077b45f57b760           ;   {runtime_call unwind_exception_blob (C1 runtime)}
  0x000077b45813f852:   hlt    
  0x000077b45813f853:   hlt    
  0x000077b45813f854:   hlt    
  0x000077b45813f855:   hlt    
  0x000077b45813f856:   hlt    
  0x000077b45813f857:   hlt    
[Stub Code]
  0x000077b45813f858:   movabs $0x0,%rbx                    ;   {static_stub}
  0x000077b45813f862:   jmp    0x000077b45813f862           ;   {runtime_call nmethod}
[Exception Handler]
  0x000077b45813f867:   call   0x000077b45f57ede0           ;   {runtime_call handle_exception_from_callee_blob (C1 runtime)}
  0x000077b45813f86c:   movabs $0x77b478d3aec4,%rdi         ;   {external_word}
  0x000077b45813f876:   and    $0xfffffffffffffff0,%rsp
  0x000077b45813f87a:   call   0x000077b478791cc0           ;   {runtime_call MacroAssembler::debug64(char*, long, long*)}
  0x000077b45813f87f:   hlt    
  0x000077b45813f880:   call   0x000077b45f4afe60           ;   {runtime_call DeoptimizationBlob}
[Deopt Handler Entry Point]
  0x000077b45813f885:   jmp    0x000077b45813f880
  0x000077b45813f887:   hlt    
--------------------------------------------------------------------------------
[/Disassembly]
