
============================= C1-compiled nmethod ==============================
----------------------------------- Assembly -----------------------------------

Compiled method (c1) 38346 1691   !   3       java.util.regex.Pattern::RemoveQEQuoting (370 bytes)
 total in heap  [0x000077b458140c88,0x000077b458141e08] = 4480
 main code      [0x000077b458140d80,0x000077b458141d98] = 4120
 stub code      [0x000077b458141d98,0x000077b458141e08] = 112
 mutable data [0x000077b3e82925d0,0x000077b3e8292778] = 424
 relocation     [0x000077b3e82925d0,0x000077b3e8292738] = 360
 metadata       [0x000077b3e8292738,0x000077b3e8292778] = 64
 immutable data [0x000077b3e80f7720,0x000077b3e80f8504] = 3556
 dependencies   [0x000077b3e80f7720,0x000077b3e80f7738] = 24
 nul chk table  [0x000077b3e80f7738,0x000077b3e80f7760] = 40
 handler table  [0x000077b3e80f7760,0x000077b3e80f77d8] = 120
 scopes pcs     [0x000077b3e80f77d8,0x000077b3e80f8058] = 2176
 scopes data    [0x000077b3e80f8058,0x000077b3e80f8500] = 1192

[Disassembly]
--------------------------------------------------------------------------------
[Constant Pool (empty)]

--------------------------------------------------------------------------------

[Instructions begin]
  0x000077b458140d80:   data16 data16 nopw 0x0(%rax,%rax,1)
  0x000077b458140d8b:   data16 data16 xchg %ax,%ax
  0x000077b458140d8f:   data16 xchg %ax,%ax
[Entry Point]
  # {method} {0x00000000462285d0} &apos;RemoveQEQuoting&apos; &apos;()V&apos; in &apos;java/util/regex/Pattern&apos;
  #           [sp+0xc0]  (sp of caller)
  0x000077b458140d92:   mov    0x8(%rsi),%r10d
  0x000077b458140d96:   cmp    0x8(%rax),%r10d
  0x000077b458140d9a:   jne    0x000077b45f4ad6e0           ;   {runtime_call ic_miss_blob (shared runtime)}
[Verified Entry Point]
  0x000077b458140da0:   mov    %eax,-0x14000(%rsp)
  0x000077b458140da7:   push   %rbp
  0x000077b458140da8:   sub    $0xb0,%rsp
  0x000077b458140daf:   nop
  0x000077b458140db0:   cmpl   $0x1,0x20(%r15)
  0x000077b458140db8:   je     0x000077b458140dbf
  0x000077b458140dba:   call   Stub::method_entry_barrier_stub (stub gen)
                                                            ;   {runtime_call Stub::method_entry_barrier_stub (stub gen)}
  0x000077b458140dbf:   mov    %rsi,0x80(%rsp)
  0x000077b458140dc7:   movabs $0x77b4146ba698,%rdx         ;   {metadata(method data for {method} {0x00000000462285d0} &apos;RemoveQEQuoting&apos; &apos;()V&apos; in &apos;java/util/regex/Pattern&apos;)}
  0x000077b458140dd1:   mov    0x90(%rdx),%edi
  0x000077b458140dd7:   add    $0x2,%edi
  0x000077b458140dda:   mov    %edi,0x90(%rdx)
  0x000077b458140de0:   and    $0x7fe,%edi
  0x000077b458140de6:   test   %edi,%edi
  0x000077b458140de8:   je     0x000077b458141a51           ;*aload_0 {reexecute=0 rethrow=0 return_oop=0}
                                                            ; - java.util.regex.Pattern::RemoveQEQuoting@0 (line 1830)
  0x000077b458140dee:   mov    0x24(%rsi),%edi              ;*getfield patternLength {reexecute=0 rethrow=0 return_oop=0}
                                                            ; - java.util.regex.Pattern::RemoveQEQuoting@1 (line 1830)
  0x000077b458140df1:   mov    %edi,0x88(%rsp)
  0x000077b458140df8:   mov    $0x0,%ebx
  0x000077b458140dfd:   jmp    0x000077b458140f10           ;*iload_2 {reexecute=0 rethrow=0 return_oop=0}
                                                            ; - java.util.regex.Pattern::RemoveQEQuoting@7 (line 1832)
  0x000077b458140e02:   nopw   0x0(%rax,%rax,1)
  0x000077b458140e08:   mov    0x50(%rsi),%eax
  0x000077b458140e0b:   shl    $0x3,%rax                    ;*getfield temp {reexecute=0 rethrow=0 return_oop=0}
                                                            ; - java.util.regex.Pattern::RemoveQEQuoting@15 (line 1833)
  0x000077b458140e0f:   cmp    0xc(%rax),%ebx               ; implicit exception: dispatches to 0x000077b458141a72
  0x000077b458140e12:   jae    0x000077b458141a7c
  0x000077b458140e18:   movslq %ebx,%rcx
  0x000077b458140e1b:   mov    0x10(%rax,%rcx,4),%ecx       ;*iaload {reexecute=0 rethrow=0 return_oop=0}
                                                            ; - java.util.regex.Pattern::RemoveQEQuoting@19 (line 1833)
  0x000077b458140e1f:   cmp    $0x5c,%ecx
  0x000077b458140e22:   movabs $0x77b4146ba698,%rcx         ;   {metadata(method data for {method} {0x00000000462285d0} &apos;RemoveQEQuoting&apos; &apos;()V&apos; in &apos;java/util/regex/Pattern&apos;)}
  0x000077b458140e2c:   mov    $0x108,%r8d
  0x000077b458140e32:   jne    0x000077b458140e3a
  0x000077b458140e34:   mov    $0xf8,%r8d
  0x000077b458140e3a:   mov    (%rcx,%r8,1),%r9
  0x000077b458140e3e:   lea    0x1(%r9),%r9
  0x000077b458140e42:   mov    %r9,(%rcx,%r8,1)
  0x000077b458140e46:   jne    0x000077b458140ed1           ;*if_icmpeq {reexecute=0 rethrow=0 return_oop=0}
                                                            ; - java.util.regex.Pattern::RemoveQEQuoting@22 (line 1833)
  0x000077b458140e4c:   mov    %rbx,%rcx
  0x000077b458140e4f:   inc    %ecx
  0x000077b458140e51:   cmp    0xc(%rax),%ecx
  0x000077b458140e54:   jae    0x000077b458141a8a
  0x000077b458140e5a:   movslq %ecx,%rcx
  0x000077b458140e5d:   mov    0x10(%rax,%rcx,4),%eax       ;*iaload {reexecute=0 rethrow=0 return_oop=0}
                                                            ; - java.util.regex.Pattern::RemoveQEQuoting@38 (line 1835)
  0x000077b458140e61:   cmp    $0x51,%eax
  0x000077b458140e64:   movabs $0x77b4146ba698,%rax         ;   {metadata(method data for {method} {0x00000000462285d0} &apos;RemoveQEQuoting&apos; &apos;()V&apos; in &apos;java/util/regex/Pattern&apos;)}
  0x000077b458140e6e:   mov    $0x130,%ecx
  0x000077b458140e73:   je     0x000077b458140e7a
  0x000077b458140e75:   mov    $0x140,%ecx
  0x000077b458140e7a:   mov    (%rax,%rcx,1),%r8
  0x000077b458140e7e:   lea    0x1(%r8),%r8
  0x000077b458140e82:   mov    %r8,(%rax,%rcx,1)
  0x000077b458140e86:   je     0x000077b458140f3f           ;*if_icmpeq {reexecute=0 rethrow=0 return_oop=0}
                                                            ; - java.util.regex.Pattern::RemoveQEQuoting@41 (line 1835)
  0x000077b458140e8c:   add    $0x2,%ebx
  0x000077b458140e8f:   movabs $0x77b4146ba698,%rdx         ;   {metadata(method data for {method} {0x00000000462285d0} &apos;RemoveQEQuoting&apos; &apos;()V&apos; in &apos;java/util/regex/Pattern&apos;)}
  0x000077b458140e99:   mov    0x94(%rdx),%eax
  0x000077b458140e9f:   add    $0x2,%eax
  0x000077b458140ea2:   mov    %eax,0x94(%rdx)
  0x000077b458140ea8:   and    $0x3ffe,%eax
  0x000077b458140ead:   test   %eax,%eax
  0x000077b458140eaf:   je     0x000077b458141a98           ;*goto {reexecute=0 rethrow=0 return_oop=0}
                                                            ; - java.util.regex.Pattern::RemoveQEQuoting@47 (line 1836)
  0x000077b458140eb5:   mov    0x30(%r15),%r10              ; ImmutableOopMap {rsi=Oop [128]=Oop }
                                                            ;*goto {reexecute=1 rethrow=0 return_oop=0}
                                                            ; - (reexecute) java.util.regex.Pattern::RemoveQEQuoting@47 (line 1836)
  0x000077b458140eb9:   test   %eax,(%r10)                  ;   {poll}
  0x000077b458140ebc:   movabs $0x77b4146ba698,%rdx         ;   {metadata(method data for {method} {0x00000000462285d0} &apos;RemoveQEQuoting&apos; &apos;()V&apos; in &apos;java/util/regex/Pattern&apos;)}
  0x000077b458140ec6:   incl   0x150(%rdx)
  0x000077b458140ecc:   jmp    0x000077b458140f10           ;*goto {reexecute=0 rethrow=0 return_oop=0}
                                                            ; - java.util.regex.Pattern::RemoveQEQuoting@47 (line 1836)
  0x000077b458140ed1:   inc    %ebx
  0x000077b458140ed3:   movabs $0x77b4146ba698,%rdx         ;   {metadata(method data for {method} {0x00000000462285d0} &apos;RemoveQEQuoting&apos; &apos;()V&apos; in &apos;java/util/regex/Pattern&apos;)}
  0x000077b458140edd:   mov    0x94(%rdx),%eax
  0x000077b458140ee3:   add    $0x2,%eax
  0x000077b458140ee6:   mov    %eax,0x94(%rdx)
  0x000077b458140eec:   and    $0x3ffe,%eax
  0x000077b458140ef1:   test   %eax,%eax
  0x000077b458140ef3:   je     0x000077b458141ab9           ;*goto {reexecute=0 rethrow=0 return_oop=0}
                                                            ; - java.util.regex.Pattern::RemoveQEQuoting@28 (line 1834)
  0x000077b458140ef9:   mov    0x30(%r15),%r10              ; ImmutableOopMap {rsi=Oop [128]=Oop }
                                                            ;*goto {reexecute=1 rethrow=0 return_oop=0}
                                                            ; - (reexecute) java.util.regex.Pattern::RemoveQEQuoting@28 (line 1834)
  0x000077b458140efd:   test   %eax,(%r10)                  ;   {poll}
  0x000077b458140f00:   movabs $0x77b4146ba698,%rdx         ;   {metadata(method data for {method} {0x00000000462285d0} &apos;RemoveQEQuoting&apos; &apos;()V&apos; in &apos;java/util/regex/Pattern&apos;)}
  0x000077b458140f0a:   incl   0x118(%rdx)                  ;*goto {reexecute=0 rethrow=0 return_oop=0}
                                                            ; - java.util.regex.Pattern::RemoveQEQuoting@28 (line 1834)
  0x000077b458140f10:   mov    %rdi,%rdx
  0x000077b458140f13:   dec    %edx
  0x000077b458140f15:   cmp    %edx,%ebx
  0x000077b458140f17:   movabs $0x77b4146ba698,%rax         ;   {metadata(method data for {method} {0x00000000462285d0} &apos;RemoveQEQuoting&apos; &apos;()V&apos; in &apos;java/util/regex/Pattern&apos;)}
  0x000077b458140f21:   mov    $0xe8,%ecx
  0x000077b458140f26:   jl     0x000077b458140f2d
  0x000077b458140f28:   mov    $0xd8,%ecx
  0x000077b458140f2d:   mov    (%rax,%rcx,1),%r8
  0x000077b458140f31:   lea    0x1(%r8),%r8
  0x000077b458140f35:   mov    %r8,(%rax,%rcx,1)
  0x000077b458140f39:   jl     0x000077b458140e08           ;*if_icmpge {reexecute=0 rethrow=0 return_oop=0}
                                                            ; - java.util.regex.Pattern::RemoveQEQuoting@11 (line 1832)
  0x000077b458140f3f:   cmp    %edx,%ebx
  0x000077b458140f41:   movabs $0x77b4146ba698,%rdx         ;   {metadata(method data for {method} {0x00000000462285d0} &apos;RemoveQEQuoting&apos; &apos;()V&apos; in &apos;java/util/regex/Pattern&apos;)}
  0x000077b458140f4b:   mov    $0x178,%eax
  0x000077b458140f50:   jge    0x000077b458140f57
  0x000077b458140f52:   mov    $0x168,%eax
  0x000077b458140f57:   mov    (%rdx,%rax,1),%rcx
  0x000077b458140f5b:   lea    0x1(%rcx),%rcx
  0x000077b458140f5f:   mov    %rcx,(%rdx,%rax,1)
  0x000077b458140f63:   jge    0x000077b4581418e3           ;*if_icmplt {reexecute=0 rethrow=0 return_oop=0}
                                                            ; - java.util.regex.Pattern::RemoveQEQuoting@54 (line 1840)
  0x000077b458140f69:   mov    %rbx,%rax
  0x000077b458140f6c:   add    $0x2,%eax
  0x000077b458140f6f:   mov    %eax,0x78(%rsp)
  0x000077b458140f73:   mov    %ebx,0x7c(%rsp)
  0x000077b458140f77:   movabs $0x77b4146ba698,%rdx         ;   {metadata(method data for {method} {0x00000000462285d0} &apos;RemoveQEQuoting&apos; &apos;()V&apos; in &apos;java/util/regex/Pattern&apos;)}
  0x000077b458140f81:   addq   $0x1,0x188(%rdx)
  0x000077b458140f89:   mov    %rdi,%rdx
  0x000077b458140f8c:   sub    %eax,%edx
  0x000077b458140f8e:   mov    $0x3,%esi                    ;*invokestatic multiplyExact {reexecute=0 rethrow=0 return_oop=0}
                                                            ; - java.util.regex.Pattern::RemoveQEQuoting@70 (line 1846)
  0x000077b458140f93:   nopl   0x0(%rax)
  0x000077b458140f97:   call   0x000077b45f4adfe0           ; ImmutableOopMap {[128]=Oop }
                                                            ;*invokestatic multiplyExact {reexecute=0 rethrow=0 return_oop=0}
                                                            ; - java.util.regex.Pattern::RemoveQEQuoting@70 (line 1846)
                                                            ;   {static_call}
  0x000077b458140f9c:   nopl   0x2000314(%rax,%rax,1)       ;*invokestatic multiplyExact {reexecute=0 rethrow=0 return_oop=0}
                                                            ; - java.util.regex.Pattern::RemoveQEQuoting@70 (line 1846)
                                                            ;   {post_call_nop}
  0x000077b458140fa4:   movabs $0x77b4146ba698,%rbx         ;   {metadata(method data for {method} {0x00000000462285d0} &apos;RemoveQEQuoting&apos; &apos;()V&apos; in &apos;java/util/regex/Pattern&apos;)}
  0x000077b458140fae:   addq   $0x1,0x198(%rbx)
  0x000077b458140fb6:   movabs $0x77b4146aad38,%rbx         ;   {metadata(method data for {method} {0x00000000464904b0} &apos;addExact&apos; &apos;(II)I&apos; in &apos;java/lang/Math&apos;)}
  0x000077b458140fc0:   mov    0x90(%rbx),%edx
  0x000077b458140fc6:   add    $0x2,%edx
  0x000077b458140fc9:   mov    %edx,0x90(%rbx)
  0x000077b458140fcf:   and    $0x1ffffe,%edx
  0x000077b458140fd5:   test   %edx,%edx
  0x000077b458140fd7:   je     0x000077b458141ada
  0x000077b458140fdd:   mov    %rax,%rbx
  0x000077b458140fe0:   add    0x78(%rsp),%ebx
  0x000077b458140fe4:   mov    %rbx,%rdx
  0x000077b458140fe7:   xor    0x78(%rsp),%edx
  0x000077b458140feb:   xor    %rbx,%rax
  0x000077b458140fee:   and    %rax,%rdx
  0x000077b458140ff1:   test   %edx,%edx
  0x000077b458140ff3:   movabs $0x77b4146aad38,%rdx         ;   {metadata(method data for {method} {0x00000000464904b0} &apos;addExact&apos; &apos;(II)I&apos; in &apos;java/lang/Math&apos;)}
  0x000077b458140ffd:   mov    $0xe8,%esi
  0x000077b458141002:   jl     0x000077b458141009
  0x000077b458141004:   mov    $0xd8,%esi
  0x000077b458141009:   mov    (%rdx,%rsi,1),%rdi
  0x000077b45814100d:   lea    0x1(%rdi),%rdi
  0x000077b458141011:   mov    %rdi,(%rdx,%rsi,1)
  0x000077b458141015:   jl     0x000077b4581418f6           ;*ifge {reexecute=0 rethrow=0 return_oop=0}
                                                            ; - java.lang.Math::addExact@11 (line 914)
                                                            ; - java.util.regex.Pattern::RemoveQEQuoting@73 (line 1846)
  0x000077b45814101b:   movabs $0x77b4146ba698,%rdx         ;   {metadata(method data for {method} {0x00000000462285d0} &apos;RemoveQEQuoting&apos; &apos;()V&apos; in &apos;java/util/regex/Pattern&apos;)}
  0x000077b458141025:   incl   0x1a8(%rdx)                  ;*goto {reexecute=0 rethrow=0 return_oop=0}
                                                            ; - java.util.regex.Pattern::RemoveQEQuoting@78 (line 1849)
  0x000077b45814102b:   mov    0x80(%rsp),%rsi
  0x000077b458141033:   movabs $0x461761e8,%rdx             ;   {metadata({type array int})}
  0x000077b45814103d:   mov    %rsi,%r11
  0x000077b458141040:   movslq %ebx,%rbx
  0x000077b458141043:   mov    %rbx,%rdi
  0x000077b458141046:   cmp    $0xffffff,%rbx
  0x000077b45814104d:   ja     0x000077b458141afb
  0x000077b458141053:   mov    $0x17,%esi
  0x000077b458141058:   lea    (%rsi,%rbx,4),%rsi
  0x000077b45814105c:   and    $0xfffffffffffffff8,%rsi
  0x000077b458141060:   mov    0x1b0(%r15),%rax
  0x000077b458141067:   lea    (%rax,%rsi,1),%rsi
  0x000077b45814106b:   cmp    0x1c0(%r15),%rsi
  0x000077b458141072:   ja     0x000077b458141afb
  0x000077b458141078:   mov    %rsi,0x1b0(%r15)
  0x000077b45814107f:   sub    %rax,%rsi
  0x000077b458141082:   movq   $0x1,(%rax)
  0x000077b458141089:   mov    %rdx,%rcx
  0x000077b45814108c:   mov    $0x46000000,%r10d
  0x000077b458141092:   sub    %r10,%rcx
  0x000077b458141095:   mov    %ecx,0x8(%rax)
  0x000077b458141098:   mov    %ebx,0xc(%rax)
  0x000077b45814109b:   sub    $0x10,%rsi
  0x000077b45814109f:   test   %rsi,%rsi
  0x000077b4581410a2:   je     0x000077b4581410b9
  0x000077b4581410a8:   xor    %rbx,%rbx
  0x000077b4581410ab:   shr    $0x3,%rsi
  0x000077b4581410af:   mov    %rbx,0x8(%rax,%rsi,8)
  0x000077b4581410b4:   dec    %rsi
  0x000077b4581410b7:   jne    0x000077b4581410af           ;*newarray {reexecute=0 rethrow=0 return_oop=0}
                                                            ; - java.util.regex.Pattern::RemoveQEQuoting@96 (line 1850)
  0x000077b4581410b9:   mov    0x50(%r11),%esi
  0x000077b4581410bd:   shl    $0x3,%rsi                    ;*getfield temp {reexecute=0 rethrow=0 return_oop=0}
                                                            ; - java.util.regex.Pattern::RemoveQEQuoting@101 (line 1851)
  0x000077b4581410c1:   movabs $0x77b4146ba698,%rdx         ;   {metadata(method data for {method} {0x00000000462285d0} &apos;RemoveQEQuoting&apos; &apos;()V&apos; in &apos;java/util/regex/Pattern&apos;)}
  0x000077b4581410cb:   addq   $0x1,0x1d0(%rdx)
  0x000077b4581410d3:   mov    $0x0,%edx
  0x000077b4581410d8:   mov    %rax,%rcx
  0x000077b4581410db:   mov    $0x0,%r8d
  0x000077b4581410e1:   mov    0x7c(%rsp),%r9d
  0x000077b4581410e6:   mov    %rax,0x90(%rsp)
  0x000077b4581410ee:   test   %rsi,%rsi
  0x000077b4581410f1:   je     0x000077b458141b05
  0x000077b4581410f7:   lea    (%rdx,%r9,1),%rdi
  0x000077b4581410fb:   cmp    0xc(%rsi),%edi
  0x000077b4581410fe:   ja     0x000077b458141b05
  0x000077b458141104:   lea    (%r8,%r9,1),%rdi
  0x000077b458141108:   cmp    0xc(%rcx),%edi
  0x000077b45814110b:   ja     0x000077b458141b05
  0x000077b458141111:   test   %r9d,%r9d
  0x000077b458141114:   jl     0x000077b458141b05
  0x000077b45814111a:   movslq %edx,%rdx
  0x000077b45814111d:   movslq %r8d,%r8
  0x000077b458141120:   lea    0x10(%rsi,%rdx,4),%rdi
  0x000077b458141125:   lea    0x10(%rcx,%r8,4),%rsi
  0x000077b45814112a:   mov    %r9,%rdx
  0x000077b45814112d:   test   $0xf,%spl
  0x000077b458141131:   je     0x000077b458141149
  0x000077b458141137:   sub    $0x8,%rsp
  0x000077b45814113b:   call   Stub::jint_disjoint_arraycopy_stub (stub gen)
                                                            ;   {runtime_call Stub::jint_disjoint_arraycopy_stub (stub gen)}
  0x000077b458141140:   add    $0x8,%rsp
  0x000077b458141144:   jmp    0x000077b45814114e
  0x000077b458141149:   call   Stub::jint_disjoint_arraycopy_stub (stub gen)
                                                            ;*invokestatic arraycopy {reexecute=0 rethrow=0 return_oop=0}
                                                            ; - java.util.regex.Pattern::RemoveQEQuoting@109 (line 1851)
                                                            ;   {runtime_call Stub::jint_disjoint_arraycopy_stub (stub gen)}
  0x000077b45814114e:   mov    0x7c(%rsp),%ebx
  0x000077b458141152:   mov    0x78(%rsp),%eax
  0x000077b458141156:   mov    $0x1,%esi
  0x000077b45814115b:   mov    $0x1,%edx                    ;*iload_2 {reexecute=0 rethrow=0 return_oop=0}
                                                            ; - java.util.regex.Pattern::RemoveQEQuoting@118 (line 1855)
  0x000077b458141160:   mov    0x90(%rsp),%r8
  0x000077b458141168:   mov    0x88(%rsp),%edi
  0x000077b45814116f:   mov    0x80(%rsp),%rcx
  0x000077b458141177:   cmp    %edi,%eax
  0x000077b458141179:   movabs $0x77b4146ba698,%r9          ;   {metadata(method data for {method} {0x00000000462285d0} &apos;RemoveQEQuoting&apos; &apos;()V&apos; in &apos;java/util/regex/Pattern&apos;)}
  0x000077b458141183:   mov    $0x1e0,%r11d
  0x000077b458141189:   jge    0x000077b458141191
  0x000077b45814118b:   mov    $0x1f0,%r11d
  0x000077b458141191:   mov    (%r9,%r11,1),%r13
  0x000077b458141195:   lea    0x1(%r13),%r13
  0x000077b458141199:   mov    %r13,(%r9,%r11,1)
  0x000077b45814119d:   jge    0x000077b458141858           ;*if_icmpge {reexecute=0 rethrow=0 return_oop=0}
                                                            ; - java.util.regex.Pattern::RemoveQEQuoting@120 (line 1855)
  0x000077b4581411a3:   mov    0x50(%rcx),%r9d
  0x000077b4581411a7:   shl    $0x3,%r9                     ;*getfield temp {reexecute=0 rethrow=0 return_oop=0}
                                                            ; - java.util.regex.Pattern::RemoveQEQuoting@124 (line 1856)
  0x000077b4581411ab:   mov    %rax,%r11
  0x000077b4581411ae:   inc    %r11d
  0x000077b4581411b1:   cmp    0xc(%r9),%eax                ; implicit exception: dispatches to 0x000077b458141b11
  0x000077b4581411b5:   jae    0x000077b458141b1b
  0x000077b4581411bb:   movslq %eax,%rax
  0x000077b4581411be:   mov    0x10(%r9,%rax,4),%eax        ;*iaload {reexecute=0 rethrow=0 return_oop=0}
                                                            ; - java.util.regex.Pattern::RemoveQEQuoting@131 (line 1856)
  0x000077b4581411c3:   movabs $0x77b4146ba698,%r13         ;   {metadata(method data for {method} {0x00000000462285d0} &apos;RemoveQEQuoting&apos; &apos;()V&apos; in &apos;java/util/regex/Pattern&apos;)}
  0x000077b4581411cd:   addq   $0x1,0x200(%r13)
  0x000077b4581411d5:   movabs $0x77b4146ce948,%r13         ;   {metadata(method data for {method} {0x000000004640a880} &apos;isAscii&apos; &apos;(I)Z&apos; in &apos;java/util/regex/ASCII&apos;)}
  0x000077b4581411df:   mov    0x90(%r13),%r14d
  0x000077b4581411e6:   add    $0x2,%r14d
  0x000077b4581411ea:   mov    %r14d,0x90(%r13)
  0x000077b4581411f1:   and    $0x1ffffe,%r14d
  0x000077b4581411f8:   test   %r14d,%r14d
  0x000077b4581411fb:   je     0x000077b458141b29
  0x000077b458141201:   mov    %rax,%r13
  0x000077b458141204:   and    $0xffffff80,%r13d
  0x000077b458141208:   test   %r13d,%r13d
  0x000077b45814120b:   movabs $0x77b4146ce948,%r14         ;   {metadata(method data for {method} {0x000000004640a880} &apos;isAscii&apos; &apos;(I)Z&apos; in &apos;java/util/regex/ASCII&apos;)}
  0x000077b458141215:   mov    $0xd8,%ecx
  0x000077b45814121a:   jne    0x000077b458141221
  0x000077b45814121c:   mov    $0xe8,%ecx
  0x000077b458141221:   mov    (%r14,%rcx,1),%rdi
  0x000077b458141225:   lea    0x1(%rdi),%rdi
  0x000077b458141229:   mov    %rdi,(%r14,%rcx,1)
  0x000077b45814122d:   jne    0x000077b45814124d           ;*ifne {reexecute=0 rethrow=0 return_oop=0}
                                                            ; - java.util.regex.ASCII::isAscii@4 (line 207)
                                                            ; - java.util.regex.Pattern::RemoveQEQuoting@136 (line 1857)
  0x000077b458141233:   movabs $0x77b4146ce948,%rdi         ;   {metadata(method data for {method} {0x000000004640a880} &apos;isAscii&apos; &apos;(I)Z&apos; in &apos;java/util/regex/ASCII&apos;)}
  0x000077b45814123d:   incl   0xf8(%rdi)
  0x000077b458141243:   mov    $0x1,%edi
  0x000077b458141248:   jmp    0x000077b458141252           ;*goto {reexecute=0 rethrow=0 return_oop=0}
                                                            ; - java.util.regex.ASCII::isAscii@8 (line 207)
                                                            ; - java.util.regex.Pattern::RemoveQEQuoting@136 (line 1857)
  0x000077b45814124d:   mov    $0x0,%edi                    ;*ireturn {reexecute=0 rethrow=0 return_oop=0}
                                                            ; - java.util.regex.ASCII::isAscii@12 (line 207)
                                                            ; - java.util.regex.Pattern::RemoveQEQuoting@136 (line 1857)
  0x000077b458141252:   and    $0x1,%edi
  0x000077b458141255:   test   %edi,%edi
  0x000077b458141257:   movabs $0x77b4146ba698,%rdi         ;   {metadata(method data for {method} {0x00000000462285d0} &apos;RemoveQEQuoting&apos; &apos;()V&apos; in &apos;java/util/regex/Pattern&apos;)}
  0x000077b458141261:   mov    $0x210,%ecx
  0x000077b458141266:   je     0x000077b45814126d
  0x000077b458141268:   mov    $0x220,%ecx
  0x000077b45814126d:   mov    (%rdi,%rcx,1),%r14
  0x000077b458141271:   lea    0x1(%r14),%r14
  0x000077b458141275:   mov    %r14,(%rdi,%rcx,1)
  0x000077b458141279:   je     0x000077b45814140c           ;*ifeq {reexecute=0 rethrow=0 return_oop=0}
                                                            ; - java.util.regex.Pattern::RemoveQEQuoting@139 (line 1857)
  0x000077b45814127f:   movabs $0x77b4146ba698,%rdi         ;   {metadata(method data for {method} {0x00000000462285d0} &apos;RemoveQEQuoting&apos; &apos;()V&apos; in &apos;java/util/regex/Pattern&apos;)}
  0x000077b458141289:   addq   $0x1,0x230(%rdi)
  0x000077b458141291:   movabs $0x77b4146cea70,%rdi         ;   {metadata(method data for {method} {0x000000004640a8d8} &apos;isAlpha&apos; &apos;(I)Z&apos; in &apos;java/util/regex/ASCII&apos;)}
  0x000077b45814129b:   mov    0x90(%rdi),%ecx
  0x000077b4581412a1:   add    $0x2,%ecx
  0x000077b4581412a4:   mov    %ecx,0x90(%rdi)
  0x000077b4581412aa:   and    $0x1ffffe,%ecx
  0x000077b4581412b0:   test   %ecx,%ecx
  0x000077b4581412b2:   je     0x000077b458141b4a
  0x000077b4581412b8:   movabs $0x77b4146cea70,%rdi         ;   {metadata(method data for {method} {0x000000004640a8d8} &apos;isAlpha&apos; &apos;(I)Z&apos; in &apos;java/util/regex/ASCII&apos;)}
  0x000077b4581412c2:   addq   $0x1,0xd8(%rdi)
  0x000077b4581412ca:   movabs $0x77b4146ceb98,%rdi         ;   {metadata(method data for {method} {0x000000004640a618} &apos;isType&apos; &apos;(II)Z&apos; in &apos;java/util/regex/ASCII&apos;)}
  0x000077b4581412d4:   mov    0x90(%rdi),%ecx
  0x000077b4581412da:   add    $0x2,%ecx
  0x000077b4581412dd:   mov    %ecx,0x90(%rdi)
  0x000077b4581412e3:   and    $0x1ffffe,%ecx
  0x000077b4581412e9:   test   %ecx,%ecx
  0x000077b4581412eb:   je     0x000077b458141b6b
  0x000077b4581412f1:   movabs $0x77b4146ceb98,%rdi         ;   {metadata(method data for {method} {0x000000004640a618} &apos;isType&apos; &apos;(II)Z&apos; in &apos;java/util/regex/ASCII&apos;)}
  0x000077b4581412fb:   addq   $0x1,0xd8(%rdi)
  0x000077b458141303:   movabs $0x77b4146ced00,%rdi         ;   {metadata(method data for {method} {0x000000004640a5c0} &apos;getType&apos; &apos;(I)I&apos; in &apos;java/util/regex/ASCII&apos;)}
  0x000077b45814130d:   mov    0x90(%rdi),%ecx
  0x000077b458141313:   add    $0x2,%ecx
  0x000077b458141316:   mov    %ecx,0x90(%rdi)
  0x000077b45814131c:   and    $0x1ffffe,%ecx
  0x000077b458141322:   test   %ecx,%ecx
  0x000077b458141324:   je     0x000077b458141b8c
  0x000077b45814132a:   test   %r13d,%r13d
  0x000077b45814132d:   movabs $0x77b4146ced00,%rdi         ;   {metadata(method data for {method} {0x000000004640a5c0} &apos;getType&apos; &apos;(I)I&apos; in &apos;java/util/regex/ASCII&apos;)}
  0x000077b458141337:   mov    $0xd8,%ecx
  0x000077b45814133c:   jne    0x000077b458141343
  0x000077b45814133e:   mov    $0xe8,%ecx
  0x000077b458141343:   mov    (%rdi,%rcx,1),%r13
  0x000077b458141347:   lea    0x1(%r13),%r13
  0x000077b45814134b:   mov    %r13,(%rdi,%rcx,1)
  0x000077b45814134f:   jne    0x000077b458141388           ;*ifne {reexecute=0 rethrow=0 return_oop=0}
                                                            ; - java.util.regex.ASCII::getType@4 (line 199)
                                                            ; - java.util.regex.ASCII::isType@1 (line 203)
                                                            ; - java.util.regex.ASCII::isAlpha@4 (line 211)
                                                            ; - java.util.regex.Pattern::RemoveQEQuoting@144 (line 1857)
  0x000077b458141355:   mov    $0x80,%edi
  0x000077b45814135a:   movabs $0x420aa1970,%rcx            ;   {oop([I{0x0000000420aa1970})}
  0x000077b458141364:   cmp    %eax,%edi
  0x000077b458141366:   jbe    0x000077b458141bad
  0x000077b45814136c:   movslq %eax,%rdi
  0x000077b45814136f:   mov    0x10(%rcx,%rdi,4),%edi       ;*iaload {reexecute=0 rethrow=0 return_oop=0}
                                                            ; - java.util.regex.ASCII::getType@11 (line 199)
                                                            ; - java.util.regex.ASCII::isType@1 (line 203)
                                                            ; - java.util.regex.ASCII::isAlpha@4 (line 211)
                                                            ; - java.util.regex.Pattern::RemoveQEQuoting@144 (line 1857)
  0x000077b458141373:   movabs $0x77b4146ced00,%rcx         ;   {metadata(method data for {method} {0x000000004640a5c0} &apos;getType&apos; &apos;(I)I&apos; in &apos;java/util/regex/ASCII&apos;)}
  0x000077b45814137d:   incl   0xf8(%rcx)
  0x000077b458141383:   jmp    0x000077b45814138d           ;*goto {reexecute=0 rethrow=0 return_oop=0}
                                                            ; - java.util.regex.ASCII::getType@12 (line 199)
                                                            ; - java.util.regex.ASCII::isType@1 (line 203)
                                                            ; - java.util.regex.ASCII::isAlpha@4 (line 211)
                                                            ; - java.util.regex.Pattern::RemoveQEQuoting@144 (line 1857)
  0x000077b458141388:   mov    $0x0,%edi                    ;*ireturn {reexecute=0 rethrow=0 return_oop=0}
                                                            ; - java.util.regex.ASCII::getType@16 (line 199)
                                                            ; - java.util.regex.ASCII::isType@1 (line 203)
                                                            ; - java.util.regex.ASCII::isAlpha@4 (line 211)
                                                            ; - java.util.regex.Pattern::RemoveQEQuoting@144 (line 1857)
  0x000077b45814138d:   and    $0x300,%edi
  0x000077b458141393:   test   %edi,%edi
  0x000077b458141395:   movabs $0x77b4146ceb98,%rdi         ;   {metadata(method data for {method} {0x000000004640a618} &apos;isType&apos; &apos;(II)Z&apos; in &apos;java/util/regex/ASCII&apos;)}
  0x000077b45814139f:   mov    $0xe8,%ecx
  0x000077b4581413a4:   je     0x000077b4581413ab
  0x000077b4581413a6:   mov    $0xf8,%ecx
  0x000077b4581413ab:   mov    (%rdi,%rcx,1),%r13
  0x000077b4581413af:   lea    0x1(%r13),%r13
  0x000077b4581413b3:   mov    %r13,(%rdi,%rcx,1)
  0x000077b4581413b7:   je     0x000077b4581413d7           ;*ifeq {reexecute=0 rethrow=0 return_oop=0}
                                                            ; - java.util.regex.ASCII::isType@6 (line 203)
                                                            ; - java.util.regex.ASCII::isAlpha@4 (line 211)
                                                            ; - java.util.regex.Pattern::RemoveQEQuoting@144 (line 1857)
  0x000077b4581413bd:   movabs $0x77b4146ceb98,%rdi         ;   {metadata(method data for {method} {0x000000004640a618} &apos;isType&apos; &apos;(II)Z&apos; in &apos;java/util/regex/ASCII&apos;)}
  0x000077b4581413c7:   incl   0x108(%rdi)
  0x000077b4581413cd:   mov    $0x1,%edi
  0x000077b4581413d2:   jmp    0x000077b4581413dc           ;*goto {reexecute=0 rethrow=0 return_oop=0}
                                                            ; - java.util.regex.ASCII::isType@10 (line 203)
                                                            ; - java.util.regex.ASCII::isAlpha@4 (line 211)
                                                            ; - java.util.regex.Pattern::RemoveQEQuoting@144 (line 1857)
  0x000077b4581413d7:   mov    $0x0,%edi                    ;*ireturn {reexecute=0 rethrow=0 return_oop=0}
                                                            ; - java.util.regex.ASCII::isType@14 (line 203)
                                                            ; - java.util.regex.ASCII::isAlpha@4 (line 211)
                                                            ; - java.util.regex.Pattern::RemoveQEQuoting@144 (line 1857)
  0x000077b4581413dc:   and    $0x1,%edi
  0x000077b4581413df:   and    $0x1,%edi
  0x000077b4581413e2:   test   %edi,%edi
  0x000077b4581413e4:   movabs $0x77b4146ba698,%rdi         ;   {metadata(method data for {method} {0x00000000462285d0} &apos;RemoveQEQuoting&apos; &apos;()V&apos; in &apos;java/util/regex/Pattern&apos;)}
  0x000077b4581413ee:   mov    $0x240,%ecx
  0x000077b4581413f3:   je     0x000077b4581413fa
  0x000077b4581413f5:   mov    $0x250,%ecx
  0x000077b4581413fa:   mov    (%rdi,%rcx,1),%r13
  0x000077b4581413fe:   lea    0x1(%r13),%r13
  0x000077b458141402:   mov    %r13,(%rdi,%rcx,1)
  0x000077b458141406:   je     0x000077b458141438           ;*ifeq {reexecute=0 rethrow=0 return_oop=0}
                                                            ; - java.util.regex.Pattern::RemoveQEQuoting@147 (line 1857)
  0x000077b45814140c:   mov    %rbx,%rsi
  0x000077b45814140f:   inc    %esi
  0x000077b458141411:   cmp    0xc(%r8),%ebx
  0x000077b458141415:   jae    0x000077b458141bbb
  0x000077b45814141b:   movslq %ebx,%rbx
  0x000077b45814141e:   mov    %eax,0x10(%r8,%rbx,4)        ;*iastore {reexecute=0 rethrow=0 return_oop=0}
                                                            ; - java.util.regex.Pattern::RemoveQEQuoting@158 (line 1858)
  0x000077b458141423:   movabs $0x77b4146ba698,%rdi         ;   {metadata(method data for {method} {0x00000000462285d0} &apos;RemoveQEQuoting&apos; &apos;()V&apos; in &apos;java/util/regex/Pattern&apos;)}
  0x000077b45814142d:   incl   0x260(%rdi)
  0x000077b458141433:   jmp    0x000077b4581417b7           ;*goto {reexecute=0 rethrow=0 return_oop=0}
                                                            ; - java.util.regex.Pattern::RemoveQEQuoting@159 (line 1858)
  0x000077b458141438:   movabs $0x77b4146ba698,%rdi         ;   {metadata(method data for {method} {0x00000000462285d0} &apos;RemoveQEQuoting&apos; &apos;()V&apos; in &apos;java/util/regex/Pattern&apos;)}
  0x000077b458141442:   addq   $0x1,0x278(%rdi)
  0x000077b45814144a:   movabs $0x77b4146aaad0,%rdi         ;   {metadata(method data for {method} {0x000000004640a568} &apos;isDigit&apos; &apos;(I)Z&apos; in &apos;java/util/regex/ASCII&apos;)}
  0x000077b458141454:   mov    0x90(%rdi),%ecx
  0x000077b45814145a:   add    $0x2,%ecx
  0x000077b45814145d:   mov    %ecx,0x90(%rdi)
  0x000077b458141463:   and    $0x1ffffe,%ecx
  0x000077b458141469:   test   %ecx,%ecx
  0x000077b45814146b:   je     0x000077b458141bc9
  0x000077b458141471:   mov    %rax,%rdi
  0x000077b458141474:   sub    $0x30,%edi
  0x000077b458141477:   mov    $0x39,%ecx
  0x000077b45814147c:   sub    %eax,%ecx
  0x000077b45814147e:   or     %rcx,%rdi
  0x000077b458141481:   test   %edi,%edi
  0x000077b458141483:   movabs $0x77b4146aaad0,%rdi         ;   {metadata(method data for {method} {0x000000004640a568} &apos;isDigit&apos; &apos;(I)Z&apos; in &apos;java/util/regex/ASCII&apos;)}
  0x000077b45814148d:   mov    $0xd8,%ecx
  0x000077b458141492:   jl     0x000077b458141499
  0x000077b458141494:   mov    $0xe8,%ecx
  0x000077b458141499:   mov    (%rdi,%rcx,1),%r13
  0x000077b45814149d:   lea    0x1(%r13),%r13
  0x000077b4581414a1:   mov    %r13,(%rdi,%rcx,1)
  0x000077b4581414a5:   jl     0x000077b4581414c5           ;*iflt {reexecute=0 rethrow=0 return_oop=0}
                                                            ; - java.util.regex.ASCII::isDigit@9 (line 215)
                                                            ; - java.util.regex.Pattern::RemoveQEQuoting@164 (line 1859)
  0x000077b4581414ab:   movabs $0x77b4146aaad0,%rdi         ;   {metadata(method data for {method} {0x000000004640a568} &apos;isDigit&apos; &apos;(I)Z&apos; in &apos;java/util/regex/ASCII&apos;)}
  0x000077b4581414b5:   incl   0xf8(%rdi)
  0x000077b4581414bb:   mov    $0x1,%edi
  0x000077b4581414c0:   jmp    0x000077b4581414ca           ;*goto {reexecute=0 rethrow=0 return_oop=0}
                                                            ; - java.util.regex.ASCII::isDigit@13 (line 215)
                                                            ; - java.util.regex.Pattern::RemoveQEQuoting@164 (line 1859)
  0x000077b4581414c5:   mov    $0x0,%edi                    ;*ireturn {reexecute=0 rethrow=0 return_oop=0}
                                                            ; - java.util.regex.ASCII::isDigit@17 (line 215)
                                                            ; - java.util.regex.Pattern::RemoveQEQuoting@164 (line 1859)
  0x000077b4581414ca:   and    $0x1,%edi
  0x000077b4581414cd:   test   %edi,%edi
  0x000077b4581414cf:   movabs $0x77b4146ba698,%rdi         ;   {metadata(method data for {method} {0x00000000462285d0} &apos;RemoveQEQuoting&apos; &apos;()V&apos; in &apos;java/util/regex/Pattern&apos;)}
  0x000077b4581414d9:   mov    $0x288,%ecx
  0x000077b4581414de:   je     0x000077b4581414e5
  0x000077b4581414e0:   mov    $0x298,%ecx
  0x000077b4581414e5:   mov    (%rdi,%rcx,1),%r13
  0x000077b4581414e9:   lea    0x1(%r13),%r13
  0x000077b4581414ed:   mov    %r13,(%rdi,%rcx,1)
  0x000077b4581414f1:   je     0x000077b45814159b           ;*ifeq {reexecute=0 rethrow=0 return_oop=0}
                                                            ; - java.util.regex.Pattern::RemoveQEQuoting@167 (line 1859)
  0x000077b4581414f7:   test   %esi,%esi
  0x000077b4581414f9:   movabs $0x77b4146ba698,%rsi         ;   {metadata(method data for {method} {0x00000000462285d0} &apos;RemoveQEQuoting&apos; &apos;()V&apos; in &apos;java/util/regex/Pattern&apos;)}
  0x000077b458141503:   mov    $0x2a8,%edi
  0x000077b458141508:   je     0x000077b45814150f
  0x000077b45814150a:   mov    $0x2b8,%edi
  0x000077b45814150f:   mov    (%rsi,%rdi,1),%rcx
  0x000077b458141513:   lea    0x1(%rcx),%rcx
  0x000077b458141517:   mov    %rcx,(%rsi,%rdi,1)
  0x000077b45814151b:   je     0x000077b45814156f           ;*ifeq {reexecute=0 rethrow=0 return_oop=0}
                                                            ; - java.util.regex.Pattern::RemoveQEQuoting@172 (line 1860)
  0x000077b458141521:   cmp    0xc(%r8),%ebx
  0x000077b458141525:   jae    0x000077b458141bea
  0x000077b45814152b:   movslq %ebx,%rsi
  0x000077b45814152e:   movl   $0x5c,0x10(%r8,%rsi,4)       ;*iastore {reexecute=0 rethrow=0 return_oop=0}
                                                            ; - java.util.regex.Pattern::RemoveQEQuoting@183 (line 1866)
  0x000077b458141537:   inc    %ebx
  0x000077b458141539:   cmp    0xc(%r8),%ebx
  0x000077b45814153d:   jae    0x000077b458141bf8
  0x000077b458141543:   movslq %ebx,%rsi
  0x000077b458141546:   movl   $0x78,0x10(%r8,%rsi,4)       ;*iastore {reexecute=0 rethrow=0 return_oop=0}
                                                            ; - java.util.regex.Pattern::RemoveQEQuoting@192 (line 1867)
  0x000077b45814154f:   inc    %ebx
  0x000077b458141551:   mov    %rbx,%rsi
  0x000077b458141554:   inc    %esi
  0x000077b458141556:   cmp    0xc(%r8),%ebx
  0x000077b45814155a:   jae    0x000077b458141c06
  0x000077b458141560:   movslq %ebx,%rbx
  0x000077b458141563:   movl   $0x33,0x10(%r8,%rbx,4)       ;*iastore {reexecute=0 rethrow=0 return_oop=0}
                                                            ; - java.util.regex.Pattern::RemoveQEQuoting@201 (line 1868)
  0x000077b45814156c:   mov    %rsi,%rbx                    ;*aload {reexecute=0 rethrow=0 return_oop=0}
                                                            ; - java.util.regex.Pattern::RemoveQEQuoting@202 (line 1870)
  0x000077b45814156f:   mov    %rbx,%rsi
  0x000077b458141572:   inc    %esi
  0x000077b458141574:   cmp    0xc(%r8),%ebx
  0x000077b458141578:   jae    0x000077b458141c14
  0x000077b45814157e:   movslq %ebx,%rbx
  0x000077b458141581:   mov    %eax,0x10(%r8,%rbx,4)        ;*iastore {reexecute=0 rethrow=0 return_oop=0}
                                                            ; - java.util.regex.Pattern::RemoveQEQuoting@210 (line 1870)
  0x000077b458141586:   movabs $0x77b4146ba698,%rdi         ;   {metadata(method data for {method} {0x00000000462285d0} &apos;RemoveQEQuoting&apos; &apos;()V&apos; in &apos;java/util/regex/Pattern&apos;)}
  0x000077b458141590:   incl   0x2c8(%rdi)
  0x000077b458141596:   jmp    0x000077b4581417b7           ;*goto {reexecute=0 rethrow=0 return_oop=0}
                                                            ; - java.util.regex.Pattern::RemoveQEQuoting@211 (line 1870)
  0x000077b45814159b:   cmp    $0x5c,%eax
  0x000077b45814159e:   movabs $0x77b4146ba698,%rsi         ;   {metadata(method data for {method} {0x00000000462285d0} &apos;RemoveQEQuoting&apos; &apos;()V&apos; in &apos;java/util/regex/Pattern&apos;)}
  0x000077b4581415a8:   mov    $0x2e0,%edi
  0x000077b4581415ad:   je     0x000077b4581415b4
  0x000077b4581415af:   mov    $0x2f0,%edi
  0x000077b4581415b4:   mov    (%rsi,%rdi,1),%rcx
  0x000077b4581415b8:   lea    0x1(%rcx),%rcx
  0x000077b4581415bc:   mov    %rcx,(%rsi,%rdi,1)
  0x000077b4581415c0:   je     0x000077b45814163a           ;*if_icmpeq {reexecute=0 rethrow=0 return_oop=0}
                                                            ; - java.util.regex.Pattern::RemoveQEQuoting@218 (line 1871)
  0x000077b4581415c6:   test   %edx,%edx
  0x000077b4581415c8:   movabs $0x77b4146ba698,%rsi         ;   {metadata(method data for {method} {0x00000000462285d0} &apos;RemoveQEQuoting&apos; &apos;()V&apos; in &apos;java/util/regex/Pattern&apos;)}
  0x000077b4581415d2:   mov    $0x300,%edi
  0x000077b4581415d7:   je     0x000077b4581415de
  0x000077b4581415d9:   mov    $0x310,%edi
  0x000077b4581415de:   mov    (%rsi,%rdi,1),%rcx
  0x000077b4581415e2:   lea    0x1(%rcx),%rcx
  0x000077b4581415e6:   mov    %rcx,(%rsi,%rdi,1)
  0x000077b4581415ea:   je     0x000077b45814160e           ;*ifeq {reexecute=0 rethrow=0 return_oop=0}
                                                            ; - java.util.regex.Pattern::RemoveQEQuoting@223 (line 1872)
  0x000077b4581415f0:   mov    %rbx,%rsi
  0x000077b4581415f3:   inc    %esi
  0x000077b4581415f5:   cmp    0xc(%r8),%ebx
  0x000077b4581415f9:   jae    0x000077b458141c22
  0x000077b4581415ff:   movslq %ebx,%rbx
  0x000077b458141602:   movl   $0x5c,0x10(%r8,%rbx,4)       ;*iastore {reexecute=0 rethrow=0 return_oop=0}
                                                            ; - java.util.regex.Pattern::RemoveQEQuoting@234 (line 1872)
  0x000077b45814160b:   mov    %rsi,%rbx                    ;*aload {reexecute=0 rethrow=0 return_oop=0}
                                                            ; - java.util.regex.Pattern::RemoveQEQuoting@235 (line 1873)
  0x000077b45814160e:   mov    %rbx,%rsi
  0x000077b458141611:   inc    %esi
  0x000077b458141613:   cmp    0xc(%r8),%ebx
  0x000077b458141617:   jae    0x000077b458141c30
  0x000077b45814161d:   movslq %ebx,%rbx
  0x000077b458141620:   mov    %eax,0x10(%r8,%rbx,4)        ;*iastore {reexecute=0 rethrow=0 return_oop=0}
                                                            ; - java.util.regex.Pattern::RemoveQEQuoting@243 (line 1873)
  0x000077b458141625:   movabs $0x77b4146ba698,%rdi         ;   {metadata(method data for {method} {0x00000000462285d0} &apos;RemoveQEQuoting&apos; &apos;()V&apos; in &apos;java/util/regex/Pattern&apos;)}
  0x000077b45814162f:   incl   0x320(%rdi)
  0x000077b458141635:   jmp    0x000077b4581417b7           ;*goto {reexecute=0 rethrow=0 return_oop=0}
                                                            ; - java.util.regex.Pattern::RemoveQEQuoting@244 (line 1873)
  0x000077b45814163a:   test   %edx,%edx
  0x000077b45814163c:   movabs $0x77b4146ba698,%rsi         ;   {metadata(method data for {method} {0x00000000462285d0} &apos;RemoveQEQuoting&apos; &apos;()V&apos; in &apos;java/util/regex/Pattern&apos;)}
  0x000077b458141646:   mov    $0x338,%edi
  0x000077b45814164b:   je     0x000077b458141652
  0x000077b45814164d:   mov    $0x348,%edi
  0x000077b458141652:   mov    (%rsi,%rdi,1),%rcx
  0x000077b458141656:   lea    0x1(%rcx),%rcx
  0x000077b45814165a:   mov    %rcx,(%rsi,%rdi,1)
  0x000077b45814165e:   je     0x000077b458141709           ;*ifeq {reexecute=0 rethrow=0 return_oop=0}
                                                            ; - java.util.regex.Pattern::RemoveQEQuoting@249 (line 1874)
  0x000077b458141664:   cmp    0xc(%r9),%r11d
  0x000077b458141668:   jae    0x000077b458141c3e
  0x000077b45814166e:   movslq %r11d,%rsi
  0x000077b458141671:   mov    0x10(%r9,%rsi,4),%esi        ;*iaload {reexecute=0 rethrow=0 return_oop=0}
                                                            ; - java.util.regex.Pattern::RemoveQEQuoting@257 (line 1875)
  0x000077b458141676:   cmp    $0x45,%esi
  0x000077b458141679:   movabs $0x77b4146ba698,%rsi         ;   {metadata(method data for {method} {0x00000000462285d0} &apos;RemoveQEQuoting&apos; &apos;()V&apos; in &apos;java/util/regex/Pattern&apos;)}
  0x000077b458141683:   mov    $0x358,%edi
  0x000077b458141688:   jne    0x000077b45814168f
  0x000077b45814168a:   mov    $0x368,%edi
  0x000077b45814168f:   mov    (%rsi,%rdi,1),%rax
  0x000077b458141693:   lea    0x1(%rax),%rax
  0x000077b458141697:   mov    %rax,(%rsi,%rdi,1)
  0x000077b45814169b:   jne    0x000077b4581416c1           ;*if_icmpne {reexecute=0 rethrow=0 return_oop=0}
                                                            ; - java.util.regex.Pattern::RemoveQEQuoting@260 (line 1875)
  0x000077b4581416a1:   inc    %r11d
  0x000077b4581416a4:   movabs $0x77b4146ba698,%rsi         ;   {metadata(method data for {method} {0x00000000462285d0} &apos;RemoveQEQuoting&apos; &apos;()V&apos; in &apos;java/util/regex/Pattern&apos;)}
  0x000077b4581416ae:   incl   0x378(%rsi)
  0x000077b4581416b4:   mov    %rbx,%rsi
  0x000077b4581416b7:   mov    $0x0,%edx
  0x000077b4581416bc:   jmp    0x000077b4581417b7           ;*goto {reexecute=0 rethrow=0 return_oop=0}
                                                            ; - java.util.regex.Pattern::RemoveQEQuoting@269 (line 1877)
  0x000077b4581416c1:   cmp    0xc(%r8),%ebx
  0x000077b4581416c5:   jae    0x000077b458141c4c
  0x000077b4581416cb:   movslq %ebx,%rsi
  0x000077b4581416ce:   movl   $0x5c,0x10(%r8,%rsi,4)       ;*iastore {reexecute=0 rethrow=0 return_oop=0}
                                                            ; - java.util.regex.Pattern::RemoveQEQuoting@280 (line 1879)
  0x000077b4581416d7:   inc    %ebx
  0x000077b4581416d9:   mov    %rbx,%rsi
  0x000077b4581416dc:   inc    %esi
  0x000077b4581416de:   cmp    0xc(%r8),%ebx
  0x000077b4581416e2:   jae    0x000077b458141c5a
  0x000077b4581416e8:   movslq %ebx,%rbx
  0x000077b4581416eb:   movl   $0x5c,0x10(%r8,%rbx,4)       ;*iastore {reexecute=0 rethrow=0 return_oop=0}
                                                            ; - java.util.regex.Pattern::RemoveQEQuoting@289 (line 1880)
  0x000077b4581416f4:   movabs $0x77b4146ba698,%rdi         ;   {metadata(method data for {method} {0x00000000462285d0} &apos;RemoveQEQuoting&apos; &apos;()V&apos; in &apos;java/util/regex/Pattern&apos;)}
  0x000077b4581416fe:   incl   0x390(%rdi)
  0x000077b458141704:   jmp    0x000077b4581417b7           ;*goto {reexecute=0 rethrow=0 return_oop=0}
                                                            ; - java.util.regex.Pattern::RemoveQEQuoting@290 (line 1880)
  0x000077b458141709:   cmp    0xc(%r9),%r11d
  0x000077b45814170d:   jae    0x000077b458141c68
  0x000077b458141713:   movslq %r11d,%rsi
  0x000077b458141716:   mov    0x10(%r9,%rsi,4),%esi        ;*iaload {reexecute=0 rethrow=0 return_oop=0}
                                                            ; - java.util.regex.Pattern::RemoveQEQuoting@298 (line 1883)
  0x000077b45814171b:   cmp    $0x51,%esi
  0x000077b45814171e:   movabs $0x77b4146ba698,%rsi         ;   {metadata(method data for {method} {0x00000000462285d0} &apos;RemoveQEQuoting&apos; &apos;()V&apos; in &apos;java/util/regex/Pattern&apos;)}
  0x000077b458141728:   mov    $0x3b8,%edi
  0x000077b45814172d:   je     0x000077b458141734
  0x000077b45814172f:   mov    $0x3a8,%edi
  0x000077b458141734:   mov    (%rsi,%rdi,1),%rcx
  0x000077b458141738:   lea    0x1(%rcx),%rcx
  0x000077b45814173c:   mov    %rcx,(%rsi,%rdi,1)
  0x000077b458141740:   je     0x000077b458141805           ;*if_icmpne {reexecute=0 rethrow=0 return_oop=0}
                                                            ; - java.util.regex.Pattern::RemoveQEQuoting@301 (line 1883)
  0x000077b458141746:   mov    %rbx,%rsi
  0x000077b458141749:   inc    %esi
  0x000077b45814174b:   cmp    0xc(%r8),%ebx
  0x000077b45814174f:   jae    0x000077b458141c76
  0x000077b458141755:   movslq %ebx,%rbx
  0x000077b458141758:   mov    %eax,0x10(%r8,%rbx,4)        ;*iastore {reexecute=0 rethrow=0 return_oop=0}
                                                            ; - java.util.regex.Pattern::RemoveQEQuoting@324 (line 1889)
  0x000077b45814175d:   cmp    0x88(%rsp),%r11d
  0x000077b458141765:   movabs $0x77b4146ba698,%rdi         ;   {metadata(method data for {method} {0x00000000462285d0} &apos;RemoveQEQuoting&apos; &apos;()V&apos; in &apos;java/util/regex/Pattern&apos;)}
  0x000077b45814176f:   mov    $0x3e0,%ebx
  0x000077b458141774:   je     0x000077b45814177b
  0x000077b458141776:   mov    $0x3f0,%ebx
  0x000077b45814177b:   mov    (%rdi,%rbx,1),%rax
  0x000077b45814177f:   lea    0x1(%rax),%rax
  0x000077b458141783:   mov    %rax,(%rdi,%rbx,1)
  0x000077b458141787:   je     0x000077b4581417b7           ;*if_icmpeq {reexecute=0 rethrow=0 return_oop=0}
                                                            ; - java.util.regex.Pattern::RemoveQEQuoting@327 (line 1890)
  0x000077b45814178d:   mov    %rsi,%rdi
  0x000077b458141790:   inc    %edi
  0x000077b458141792:   mov    %r11,%rbx
  0x000077b458141795:   inc    %ebx
  0x000077b458141797:   movslq %r11d,%r11
  0x000077b45814179a:   mov    0x10(%r9,%r11,4),%eax        ;*iaload {reexecute=0 rethrow=0 return_oop=0}
                                                            ; - java.util.regex.Pattern::RemoveQEQuoting@344 (line 1891)
  0x000077b45814179f:   cmp    0xc(%r8),%esi
  0x000077b4581417a3:   jae    0x000077b458141c84
  0x000077b4581417a9:   movslq %esi,%rsi
  0x000077b4581417ac:   mov    %eax,0x10(%r8,%rsi,4)        ;*iastore {reexecute=0 rethrow=0 return_oop=0}
                                                            ; - java.util.regex.Pattern::RemoveQEQuoting@345 (line 1891)
  0x000077b4581417b1:   mov    %rdi,%rsi
  0x000077b4581417b4:   mov    %rbx,%r11                    ;*iconst_0 {reexecute=0 rethrow=0 return_oop=0}
                                                            ; - java.util.regex.Pattern::RemoveQEQuoting@346 (line 1895)
  0x000077b4581417b7:   movabs $0x77b4146ba698,%rdi         ;   {metadata(method data for {method} {0x00000000462285d0} &apos;RemoveQEQuoting&apos; &apos;()V&apos; in &apos;java/util/regex/Pattern&apos;)}
  0x000077b4581417c1:   mov    0x94(%rdi),%ebx
  0x000077b4581417c7:   add    $0x2,%ebx
  0x000077b4581417ca:   mov    %ebx,0x94(%rdi)
  0x000077b4581417d0:   and    $0x3ffe,%ebx
  0x000077b4581417d6:   test   %ebx,%ebx
  0x000077b4581417d8:   je     0x000077b458141c92           ;*goto {reexecute=0 rethrow=0 return_oop=0}
                                                            ; - java.util.regex.Pattern::RemoveQEQuoting@349 (line 1896)
  0x000077b4581417de:   mov    0x30(%r15),%r10              ; ImmutableOopMap {r8=Oop [128]=Oop }
                                                            ;*goto {reexecute=1 rethrow=0 return_oop=0}
                                                            ; - (reexecute) java.util.regex.Pattern::RemoveQEQuoting@349 (line 1896)
  0x000077b4581417e2:   test   %eax,(%r10)                  ;   {poll}
  0x000077b4581417e5:   movabs $0x77b4146ba698,%rdi         ;   {metadata(method data for {method} {0x00000000462285d0} &apos;RemoveQEQuoting&apos; &apos;()V&apos; in &apos;java/util/regex/Pattern&apos;)}
  0x000077b4581417ef:   incl   0x400(%rdi)
  0x000077b4581417f5:   mov    %rsi,%rbx
  0x000077b4581417f8:   mov    %r11,%rax
  0x000077b4581417fb:   mov    $0x0,%esi
  0x000077b458141800:   jmp    0x000077b458141168           ;*goto {reexecute=0 rethrow=0 return_oop=0}
                                                            ; - java.util.regex.Pattern::RemoveQEQuoting@349 (line 1896)
  0x000077b458141805:   inc    %r11d
  0x000077b458141808:   movabs $0x77b4146ba698,%rsi         ;   {metadata(method data for {method} {0x00000000462285d0} &apos;RemoveQEQuoting&apos; &apos;()V&apos; in &apos;java/util/regex/Pattern&apos;)}
  0x000077b458141812:   mov    0x94(%rsi),%edx
  0x000077b458141818:   add    $0x2,%edx
  0x000077b45814181b:   mov    %edx,0x94(%rsi)
  0x000077b458141821:   and    $0x3ffe,%edx
  0x000077b458141827:   test   %edx,%edx
  0x000077b458141829:   je     0x000077b458141cb3           ;*goto {reexecute=0 rethrow=0 return_oop=0}
                                                            ; - java.util.regex.Pattern::RemoveQEQuoting@313 (line 1887)
  0x000077b45814182f:   mov    0x30(%r15),%r10              ; ImmutableOopMap {r8=Oop [128]=Oop }
                                                            ;*goto {reexecute=1 rethrow=0 return_oop=0}
                                                            ; - (reexecute) java.util.regex.Pattern::RemoveQEQuoting@313 (line 1887)
  0x000077b458141833:   test   %eax,(%r10)                  ;   {poll}
  0x000077b458141836:   movabs $0x77b4146ba698,%rsi         ;   {metadata(method data for {method} {0x00000000462285d0} &apos;RemoveQEQuoting&apos; &apos;()V&apos; in &apos;java/util/regex/Pattern&apos;)}
  0x000077b458141840:   incl   0x3c8(%rsi)
  0x000077b458141846:   mov    %r11,%rax
  0x000077b458141849:   mov    $0x1,%esi
  0x000077b45814184e:   mov    $0x1,%edx
  0x000077b458141853:   jmp    0x000077b458141168           ;*goto {reexecute=0 rethrow=0 return_oop=0}
                                                            ; - java.util.regex.Pattern::RemoveQEQuoting@313 (line 1887)
  0x000077b458141858:   mov    %rcx,%rdi
  0x000077b45814185b:   mov    %ebx,0x24(%rdi)              ;*putfield patternLength {reexecute=0 rethrow=0 return_oop=0}
                                                            ; - java.util.regex.Pattern::RemoveQEQuoting@354 (line 1898)
  0x000077b45814185e:   movabs $0x77b4146ba698,%rsi         ;   {metadata(method data for {method} {0x00000000462285d0} &apos;RemoveQEQuoting&apos; &apos;()V&apos; in &apos;java/util/regex/Pattern&apos;)}
  0x000077b458141868:   addq   $0x1,0x418(%rsi)
  0x000077b458141870:   add    $0x2,%ebx
  0x000077b458141873:   mov    %r8,%rsi
  0x000077b458141876:   mov    %rbx,%rdx                    ;*invokestatic copyOf {reexecute=0 rethrow=0 return_oop=0}
                                                            ; - java.util.regex.Pattern::RemoveQEQuoting@363 (line 1899)
  0x000077b458141879:   nopw   0x0(%rax,%rax,1)
  0x000077b45814187f:   call   0x000077b45f4adfe0           ; ImmutableOopMap {[128]=Oop }
                                                            ;*invokestatic copyOf {reexecute=0 rethrow=0 return_oop=0}
                                                            ; - java.util.regex.Pattern::RemoveQEQuoting@363 (line 1899)
                                                            ;   {static_call}
  0x000077b458141884:   nopl   0x5000bfc(%rax,%rax,1)       ;*invokestatic copyOf {reexecute=0 rethrow=0 return_oop=0}
                                                            ; - java.util.regex.Pattern::RemoveQEQuoting@363 (line 1899)
                                                            ;   {post_call_nop}
  0x000077b45814188c:   movsbl 0x48(%r15),%edx
  0x000077b458141891:   test   %edx,%edx
  0x000077b458141893:   mov    0x80(%rsp),%rsi
  0x000077b45814189b:   jne    0x000077b458141cd4
  0x000077b4581418a1:   mov    %rax,%r10
  0x000077b4581418a4:   shr    $0x3,%r10
  0x000077b4581418a8:   mov    %r10d,0x50(%rsi)
  0x000077b4581418ac:   mov    %rsi,%rdi
  0x000077b4581418af:   xor    %rax,%rdi
  0x000077b4581418b2:   shr    $0x17,%rdi
  0x000077b4581418b6:   je     0x000077b4581418d0
  0x000077b4581418b8:   test   %rax,%rax
  0x000077b4581418bb:   je     0x000077b4581418d0
  0x000077b4581418bd:   mov    %rsi,%rdi
  0x000077b4581418c0:   shr    $0x9,%rdi
  0x000077b4581418c4:   add    0x50(%r15),%rdi
  0x000077b4581418c8:   cmpb   $0xff,(%rdi)
  0x000077b4581418cb:   jne    0x000077b4581418d0
  0x000077b4581418cd:   movb   $0x0,(%rdi)                  ;*putfield temp {reexecute=0 rethrow=0 return_oop=0}
                                                            ; - java.util.regex.Pattern::RemoveQEQuoting@366 (line 1899)
  0x000077b4581418d0:   add    $0xb0,%rsp
  0x000077b4581418d7:   pop    %rbp
  0x000077b4581418d8:   cmp    0x28(%r15),%rsp              ;   {poll_return}
  0x000077b4581418dc:   ja     0x000077b458141cf2
  0x000077b4581418e2:   ret                                 ;*return {reexecute=0 rethrow=0 return_oop=0}
                                                            ; - java.util.regex.Pattern::RemoveQEQuoting@369 (line 1900)
  0x000077b4581418e3:   add    $0xb0,%rsp
  0x000077b4581418ea:   pop    %rbp
  0x000077b4581418eb:   cmp    0x28(%r15),%rsp              ;   {poll_return}
  0x000077b4581418ef:   ja     0x000077b458141d08
  0x000077b4581418f5:   ret                                 ;*return {reexecute=0 rethrow=0 return_oop=0}
                                                            ; - java.util.regex.Pattern::RemoveQEQuoting@57 (line 1841)
  0x000077b4581418f6:   xchg   %ax,%ax
  0x000077b4581418f8:   jmp    0x000077b458141d2d           ;   {other}
  0x000077b4581418fd:   add    %al,(%rax)
  0x000077b4581418ff:   add    %al,(%rax)
  0x000077b458141901:   add    %cl,-0x75(%rcx)
  0x000077b458141904:   xchg   %esi,0x48000001(%rax)
  0x000077b45814190a:   lea    0x28(%rax),%edi
  0x000077b45814190d:   cmp    0x1c0(%r15),%rdi
  0x000077b458141914:   ja     0x000077b458141d37
  0x000077b45814191a:   mov    %rdi,0x1b0(%r15)
  0x000077b458141921:   movq   $0x1,(%rax)
  0x000077b458141928:   mov    %rdx,%rcx
  0x000077b45814192b:   mov    $0x46000000,%r10d
  0x000077b458141931:   sub    %r10,%rcx
  0x000077b458141934:   mov    %ecx,0x8(%rax)
  0x000077b458141937:   xor    %rcx,%rcx
  0x000077b45814193a:   mov    %ecx,0xc(%rax)
  0x000077b45814193d:   xor    %rcx,%rcx
  0x000077b458141940:   mov    %rcx,0x10(%rax)
  0x000077b458141944:   mov    %rcx,0x18(%rax)
  0x000077b458141948:   mov    %rcx,0x20(%rax)              ;*new {reexecute=0 rethrow=0 return_oop=0}
                                                            ; - java.lang.Math::addExact@14 (line 915)
                                                            ; - java.util.regex.Pattern::RemoveQEQuoting@73 (line 1846)
  0x000077b45814194c:   mov    %rax,%rdx
  0x000077b45814194f:   movabs $0x77b4146aad38,%rsi         ;   {metadata(method data for {method} {0x00000000464904b0} &apos;addExact&apos; &apos;(II)I&apos; in &apos;java/lang/Math&apos;)}
  0x000077b458141959:   addq   $0x1,0xf8(%rsi)
  0x000077b458141961:   movabs $0x7ff850500,%rdx            ;   {oop(&quot;integer overflow&quot;{0x00000007ff850500})}
  0x000077b45814196b:   mov    %rax,%rsi                    ;*invokespecial &lt;init&gt; {reexecute=0 rethrow=0 return_oop=0}
                                                            ; - java.lang.Math::addExact@20 (line 915)
                                                            ; - java.util.regex.Pattern::RemoveQEQuoting@73 (line 1846)
  0x000077b45814196e:   mov    %rax,0x98(%rsp)
  0x000077b458141976:   nop
  0x000077b458141977:   call   0x000077b45f4ad9e0           ; ImmutableOopMap {[128]=Oop [152]=Oop }
                                                            ;*invokespecial &lt;init&gt; {reexecute=0 rethrow=0 return_oop=0}
                                                            ; - java.lang.Math::addExact@20 (line 915)
                                                            ; - java.util.regex.Pattern::RemoveQEQuoting@73 (line 1846)
                                                            ;   {optimized virtual_call}
  0x000077b45814197c:   nopl   0x6000cf4(%rax,%rax,1)       ;*invokespecial &lt;init&gt; {reexecute=0 rethrow=0 return_oop=0}
                                                            ; - java.lang.Math::addExact@20 (line 915)
                                                            ; - java.util.regex.Pattern::RemoveQEQuoting@73 (line 1846)
                                                            ;   {post_call_nop}
  0x000077b458141984:   mov    0x98(%rsp),%rax              ; ImmutableOopMap {rax=Oop [128]=Oop }
                                                            ;*athrow {reexecute=1 rethrow=0 return_oop=0}
                                                            ; - (reexecute) java.lang.Math::addExact@23 (line 915)
                                                            ; - java.util.regex.Pattern::RemoveQEQuoting@73 (line 1846)
  0x000077b45814198c:   movabs $0x77b45814198c,%rdx         ;   {section_word}
  0x000077b458141996:   call   0x000077b45f57e2e0           ;   {runtime_call handle_exception_nofpu_blob (C1 runtime)}
  0x000077b45814199b:   nop                                 ;*athrow {reexecute=0 rethrow=0 return_oop=0}
                                                            ; - java.lang.Math::addExact@23 (line 915)
                                                            ; - java.util.regex.Pattern::RemoveQEQuoting@73 (line 1846)
  0x000077b45814199c:   mov    0x5c0(%r15),%rax
  0x000077b4581419a3:   xor    %r10,%r10
  0x000077b4581419a6:   mov    %r10,0x5c0(%r15)
  0x000077b4581419ad:   xor    %r10,%r10
  0x000077b4581419b0:   mov    %r10,0x5c8(%r15)
  0x000077b4581419b7:   nop
  0x000077b4581419b8:   jmp    0x000077b458141d53           ;   {other}
  0x000077b4581419bd:   add    %al,(%rax)
  0x000077b4581419bf:   add    %al,(%rax)
  0x000077b4581419c1:   add    %cl,-0x75(%rcx)
  0x000077b4581419c4:   xchg   %esi,0x48000001(%rax)
  0x000077b4581419ca:   lea    0x28(%rax),%edi
  0x000077b4581419cd:   cmp    0x1c0(%r15),%rdi
  0x000077b4581419d4:   ja     0x000077b458141d5d
  0x000077b4581419da:   mov    %rdi,0x1b0(%r15)
  0x000077b4581419e1:   movq   $0x1,(%rax)
  0x000077b4581419e8:   mov    %rdx,%rcx
  0x000077b4581419eb:   mov    $0x46000000,%r10d
  0x000077b4581419f1:   sub    %r10,%rcx
  0x000077b4581419f4:   mov    %ecx,0x8(%rax)
  0x000077b4581419f7:   xor    %rcx,%rcx
  0x000077b4581419fa:   mov    %ecx,0xc(%rax)
  0x000077b4581419fd:   xor    %rcx,%rcx
  0x000077b458141a00:   mov    %rcx,0x10(%rax)
  0x000077b458141a04:   mov    %rcx,0x18(%rax)
  0x000077b458141a08:   mov    %rcx,0x20(%rax)              ;*new {reexecute=0 rethrow=0 return_oop=0}
                                                            ; - java.util.regex.Pattern::RemoveQEQuoting@83 (line 1848)
  0x000077b458141a0c:   mov    %rax,%rdx
  0x000077b458141a0f:   movabs $0x77b4146ba698,%rsi         ;   {metadata(method data for {method} {0x00000000462285d0} &apos;RemoveQEQuoting&apos; &apos;()V&apos; in &apos;java/util/regex/Pattern&apos;)}
  0x000077b458141a19:   addq   $0x1,0x1c0(%rsi)
  0x000077b458141a21:   movabs $0x7ff874738,%rdx            ;   {oop(&quot;Required pattern length too large&quot;{0x00000007ff874738})}
  0x000077b458141a2b:   mov    %rax,%rsi                    ;*invokespecial &lt;init&gt; {reexecute=0 rethrow=0 return_oop=0}
                                                            ; - java.util.regex.Pattern::RemoveQEQuoting@90 (line 1848)
  0x000077b458141a2e:   mov    %rax,0xa0(%rsp)
  0x000077b458141a36:   nop
  0x000077b458141a37:   call   0x000077b45f4ad9e0           ; ImmutableOopMap {[160]=Oop }
                                                            ;*invokespecial &lt;init&gt; {reexecute=0 rethrow=0 return_oop=0}
                                                            ; - java.util.regex.Pattern::RemoveQEQuoting@90 (line 1848)
                                                            ;   {optimized virtual_call}
  0x000077b458141a3c:   nopl   0x8000db4(%rax,%rax,1)       ;*invokespecial &lt;init&gt; {reexecute=0 rethrow=0 return_oop=0}
                                                            ; - java.util.regex.Pattern::RemoveQEQuoting@90 (line 1848)
                                                            ;   {post_call_nop}
  0x000077b458141a44:   mov    0xa0(%rsp),%rax
  0x000077b458141a4c:   jmp    0x000077b458141d87
  0x000077b458141a51:   movabs $0x462285d0,%r10             ;   {metadata({method} {0x00000000462285d0} &apos;RemoveQEQuoting&apos; &apos;()V&apos; in &apos;java/util/regex/Pattern&apos;)}
  0x000077b458141a5b:   mov    %r10,0x8(%rsp)
  0x000077b458141a60:   movq   $0xffffffffffffffff,(%rsp)
  0x000077b458141a68:   call   0x000077b45f582fe0           ; ImmutableOopMap {rsi=Oop [128]=Oop }
                                                            ;*synchronization entry
                                                            ; - java.util.regex.Pattern::RemoveQEQuoting@-1 (line 1830)
                                                            ;   {runtime_call counter_overflow_blob (C1 runtime)}
  0x000077b458141a6d:   jmp    0x000077b458140dee
  0x000077b458141a72:   call   0x000077b45f57c660           ; ImmutableOopMap {rsi=Oop rax=Oop [128]=Oop }
                                                            ;*iaload {reexecute=0 rethrow=0 return_oop=0}
                                                            ; - java.util.regex.Pattern::RemoveQEQuoting@19 (line 1833)
                                                            ;   {runtime_call throw_null_pointer_exception_blob (C1 runtime)}
  0x000077b458141a77:   call   0x000077b45f57c660           ; ImmutableOopMap {rsi=Oop rax=Oop [128]=Oop }
                                                            ;*iaload {reexecute=0 rethrow=0 return_oop=0}
                                                            ; - java.util.regex.Pattern::RemoveQEQuoting@19 (line 1833)
                                                            ;   {runtime_call throw_null_pointer_exception_blob (C1 runtime)}
  0x000077b458141a7c:   mov    %rbx,(%rsp)
  0x000077b458141a80:   mov    %rax,0x8(%rsp)
  0x000077b458141a85:   call   0x000077b45f57bd60           ; ImmutableOopMap {rsi=Oop rax=Oop [128]=Oop }
                                                            ;*iaload {reexecute=0 rethrow=0 return_oop=0}
                                                            ; - java.util.regex.Pattern::RemoveQEQuoting@19 (line 1833)
                                                            ;   {runtime_call throw_range_check_failed_blob (C1 runtime)}
  0x000077b458141a8a:   mov    %rcx,(%rsp)
  0x000077b458141a8e:   mov    %rax,0x8(%rsp)
  0x000077b458141a93:   call   0x000077b45f57bd60           ; ImmutableOopMap {rsi=Oop rax=Oop [128]=Oop }
                                                            ;*iaload {reexecute=0 rethrow=0 return_oop=0}
                                                            ; - java.util.regex.Pattern::RemoveQEQuoting@38 (line 1835)
                                                            ;   {runtime_call throw_range_check_failed_blob (C1 runtime)}
  0x000077b458141a98:   movabs $0x462285d0,%r10             ;   {metadata({method} {0x00000000462285d0} &apos;RemoveQEQuoting&apos; &apos;()V&apos; in &apos;java/util/regex/Pattern&apos;)}
  0x000077b458141aa2:   mov    %r10,0x8(%rsp)
  0x000077b458141aa7:   movq   $0x2f,(%rsp)
  0x000077b458141aaf:   call   0x000077b45f582fe0           ; ImmutableOopMap {rsi=Oop [128]=Oop }
                                                            ;*goto {reexecute=1 rethrow=0 return_oop=0}
                                                            ; - (reexecute) java.util.regex.Pattern::RemoveQEQuoting@47 (line 1836)
                                                            ;   {runtime_call counter_overflow_blob (C1 runtime)}
  0x000077b458141ab4:   jmp    0x000077b458140eb5
  0x000077b458141ab9:   movabs $0x462285d0,%r10             ;   {metadata({method} {0x00000000462285d0} &apos;RemoveQEQuoting&apos; &apos;()V&apos; in &apos;java/util/regex/Pattern&apos;)}
  0x000077b458141ac3:   mov    %r10,0x8(%rsp)
  0x000077b458141ac8:   movq   $0x1c,(%rsp)
  0x000077b458141ad0:   call   0x000077b45f582fe0           ; ImmutableOopMap {rsi=Oop [128]=Oop }
                                                            ;*goto {reexecute=1 rethrow=0 return_oop=0}
                                                            ; - (reexecute) java.util.regex.Pattern::RemoveQEQuoting@28 (line 1834)
                                                            ;   {runtime_call counter_overflow_blob (C1 runtime)}
  0x000077b458141ad5:   jmp    0x000077b458140ef9
  0x000077b458141ada:   movabs $0x464904b0,%r10             ;   {metadata({method} {0x00000000464904b0} &apos;addExact&apos; &apos;(II)I&apos; in &apos;java/lang/Math&apos;)}
  0x000077b458141ae4:   mov    %r10,0x8(%rsp)
  0x000077b458141ae9:   movq   $0xffffffffffffffff,(%rsp)
  0x000077b458141af1:   call   0x000077b45f582fe0           ; ImmutableOopMap {[128]=Oop }
                                                            ;*synchronization entry
                                                            ; - java.lang.Math::addExact@-1 (line 912)
                                                            ; - java.util.regex.Pattern::RemoveQEQuoting@73 (line 1846)
                                                            ;   {runtime_call counter_overflow_blob (C1 runtime)}
  0x000077b458141af6:   jmp    0x000077b458140fdd
  0x000077b458141afb:   call   0x000077b45f57d9e0           ; ImmutableOopMap {r11=Oop [128]=Oop }
                                                            ;*newarray {reexecute=0 rethrow=0 return_oop=0}
                                                            ; - java.util.regex.Pattern::RemoveQEQuoting@96 (line 1850)
                                                            ;   {runtime_call new_type_array_blob (C1 runtime)}
  0x000077b458141b00:   jmp    0x000077b4581410b9
  0x000077b458141b05:   xchg   %ax,%ax
  0x000077b458141b07:   call   0x000077b45f4adfe0           ; ImmutableOopMap {[128]=Oop [144]=Oop }
                                                            ;*invokestatic arraycopy {reexecute=0 rethrow=0 return_oop=0}
                                                            ; - java.util.regex.Pattern::RemoveQEQuoting@109 (line 1851)
                                                            ;   {static_call}
  0x000077b458141b0c:   jmp    0x000077b45814114e
  0x000077b458141b11:   call   0x000077b45f57c660           ; ImmutableOopMap {r8=Oop rcx=Oop r9=Oop [128]=Oop }
                                                            ;*iaload {reexecute=0 rethrow=0 return_oop=0}
                                                            ; - java.util.regex.Pattern::RemoveQEQuoting@131 (line 1856)
                                                            ;   {runtime_call throw_null_pointer_exception_blob (C1 runtime)}
  0x000077b458141b16:   call   0x000077b45f57c660           ; ImmutableOopMap {r8=Oop rcx=Oop r9=Oop [128]=Oop }
                                                            ;*iaload {reexecute=0 rethrow=0 return_oop=0}
                                                            ; - java.util.regex.Pattern::RemoveQEQuoting@131 (line 1856)
                                                            ;   {runtime_call throw_null_pointer_exception_blob (C1 runtime)}
  0x000077b458141b1b:   mov    %rax,(%rsp)
  0x000077b458141b1f:   mov    %r9,0x8(%rsp)
  0x000077b458141b24:   call   0x000077b45f57bd60           ; ImmutableOopMap {r8=Oop rcx=Oop r9=Oop [128]=Oop }
                                                            ;*iaload {reexecute=0 rethrow=0 return_oop=0}
                                                            ; - java.util.regex.Pattern::RemoveQEQuoting@131 (line 1856)
                                                            ;   {runtime_call throw_range_check_failed_blob (C1 runtime)}
  0x000077b458141b29:   movabs $0x4640a880,%r10             ;   {metadata({method} {0x000000004640a880} &apos;isAscii&apos; &apos;(I)Z&apos; in &apos;java/util/regex/ASCII&apos;)}
  0x000077b458141b33:   mov    %r10,0x8(%rsp)
  0x000077b458141b38:   movq   $0xffffffffffffffff,(%rsp)
  0x000077b458141b40:   call   0x000077b45f582fe0           ; ImmutableOopMap {r8=Oop rcx=Oop r9=Oop [128]=Oop }
                                                            ;*synchronization entry
                                                            ; - java.util.regex.ASCII::isAscii@-1 (line 207)
                                                            ; - java.util.regex.Pattern::RemoveQEQuoting@136 (line 1857)
                                                            ;   {runtime_call counter_overflow_blob (C1 runtime)}
  0x000077b458141b45:   jmp    0x000077b458141201
  0x000077b458141b4a:   movabs $0x4640a8d8,%r10             ;   {metadata({method} {0x000000004640a8d8} &apos;isAlpha&apos; &apos;(I)Z&apos; in &apos;java/util/regex/ASCII&apos;)}
  0x000077b458141b54:   mov    %r10,0x8(%rsp)
  0x000077b458141b59:   movq   $0xffffffffffffffff,(%rsp)
  0x000077b458141b61:   call   0x000077b45f582fe0           ; ImmutableOopMap {r8=Oop r9=Oop [128]=Oop }
                                                            ;*synchronization entry
                                                            ; - java.util.regex.ASCII::isAlpha@-1 (line 211)
                                                            ; - java.util.regex.Pattern::RemoveQEQuoting@144 (line 1857)
                                                            ;   {runtime_call counter_overflow_blob (C1 runtime)}
  0x000077b458141b66:   jmp    0x000077b4581412b8
  0x000077b458141b6b:   movabs $0x4640a618,%r10             ;   {metadata({method} {0x000000004640a618} &apos;isType&apos; &apos;(II)Z&apos; in &apos;java/util/regex/ASCII&apos;)}
  0x000077b458141b75:   mov    %r10,0x8(%rsp)
  0x000077b458141b7a:   movq   $0xffffffffffffffff,(%rsp)
  0x000077b458141b82:   call   0x000077b45f582fe0           ; ImmutableOopMap {r8=Oop r9=Oop [128]=Oop }
                                                            ;*synchronization entry
                                                            ; - java.util.regex.ASCII::isType@-1 (line 203)
                                                            ; - java.util.regex.ASCII::isAlpha@4 (line 211)
                                                            ; - java.util.regex.Pattern::RemoveQEQuoting@144 (line 1857)
                                                            ;   {runtime_call counter_overflow_blob (C1 runtime)}
  0x000077b458141b87:   jmp    0x000077b4581412f1
  0x000077b458141b8c:   movabs $0x4640a5c0,%r10             ;   {metadata({method} {0x000000004640a5c0} &apos;getType&apos; &apos;(I)I&apos; in &apos;java/util/regex/ASCII&apos;)}
  0x000077b458141b96:   mov    %r10,0x8(%rsp)
  0x000077b458141b9b:   movq   $0xffffffffffffffff,(%rsp)
  0x000077b458141ba3:   call   0x000077b45f582fe0           ; ImmutableOopMap {r8=Oop r9=Oop [128]=Oop }
                                                            ;*synchronization entry
                                                            ; - java.util.regex.ASCII::getType@-1 (line 199)
                                                            ; - java.util.regex.ASCII::isType@1 (line 203)
                                                            ; - java.util.regex.ASCII::isAlpha@4 (line 211)
                                                            ; - java.util.regex.Pattern::RemoveQEQuoting@144 (line 1857)
                                                            ;   {runtime_call counter_overflow_blob (C1 runtime)}
  0x000077b458141ba8:   jmp    0x000077b45814132a
  0x000077b458141bad:   mov    %rax,(%rsp)
  0x000077b458141bb1:   mov    %rcx,0x8(%rsp)
  0x000077b458141bb6:   call   0x000077b45f57bd60           ; ImmutableOopMap {r8=Oop r9=Oop rcx=Oop [128]=Oop }
                                                            ;*iaload {reexecute=0 rethrow=0 return_oop=0}
                                                            ; - java.util.regex.ASCII::getType@11 (line 199)
                                                            ; - java.util.regex.ASCII::isType@1 (line 203)
                                                            ; - java.util.regex.ASCII::isAlpha@4 (line 211)
                                                            ; - java.util.regex.Pattern::RemoveQEQuoting@144 (line 1857)
                                                            ;   {runtime_call throw_range_check_failed_blob (C1 runtime)}
  0x000077b458141bbb:   mov    %rbx,(%rsp)
  0x000077b458141bbf:   mov    %r8,0x8(%rsp)
  0x000077b458141bc4:   call   0x000077b45f57bd60           ; ImmutableOopMap {r8=Oop [128]=Oop }
                                                            ;*iastore {reexecute=0 rethrow=0 return_oop=0}
                                                            ; - java.util.regex.Pattern::RemoveQEQuoting@158 (line 1858)
                                                            ;   {runtime_call throw_range_check_failed_blob (C1 runtime)}
  0x000077b458141bc9:   movabs $0x4640a568,%r10             ;   {metadata({method} {0x000000004640a568} &apos;isDigit&apos; &apos;(I)Z&apos; in &apos;java/util/regex/ASCII&apos;)}
  0x000077b458141bd3:   mov    %r10,0x8(%rsp)
  0x000077b458141bd8:   movq   $0xffffffffffffffff,(%rsp)
  0x000077b458141be0:   call   0x000077b45f582fe0           ; ImmutableOopMap {r8=Oop r9=Oop [128]=Oop }
                                                            ;*synchronization entry
                                                            ; - java.util.regex.ASCII::isDigit@-1 (line 215)
                                                            ; - java.util.regex.Pattern::RemoveQEQuoting@164 (line 1859)
                                                            ;   {runtime_call counter_overflow_blob (C1 runtime)}
  0x000077b458141be5:   jmp    0x000077b458141471
  0x000077b458141bea:   mov    %rbx,(%rsp)
  0x000077b458141bee:   mov    %r8,0x8(%rsp)
  0x000077b458141bf3:   call   0x000077b45f57bd60           ; ImmutableOopMap {r8=Oop [128]=Oop }
                                                            ;*iastore {reexecute=0 rethrow=0 return_oop=0}
                                                            ; - java.util.regex.Pattern::RemoveQEQuoting@183 (line 1866)
                                                            ;   {runtime_call throw_range_check_failed_blob (C1 runtime)}
  0x000077b458141bf8:   mov    %rbx,(%rsp)
  0x000077b458141bfc:   mov    %r8,0x8(%rsp)
  0x000077b458141c01:   call   0x000077b45f57bd60           ; ImmutableOopMap {r8=Oop [128]=Oop }
                                                            ;*iastore {reexecute=0 rethrow=0 return_oop=0}
                                                            ; - java.util.regex.Pattern::RemoveQEQuoting@192 (line 1867)
                                                            ;   {runtime_call throw_range_check_failed_blob (C1 runtime)}
  0x000077b458141c06:   mov    %rbx,(%rsp)
  0x000077b458141c0a:   mov    %r8,0x8(%rsp)
  0x000077b458141c0f:   call   0x000077b45f57bd60           ; ImmutableOopMap {r8=Oop [128]=Oop }
                                                            ;*iastore {reexecute=0 rethrow=0 return_oop=0}
                                                            ; - java.util.regex.Pattern::RemoveQEQuoting@201 (line 1868)
                                                            ;   {runtime_call throw_range_check_failed_blob (C1 runtime)}
  0x000077b458141c14:   mov    %rbx,(%rsp)
  0x000077b458141c18:   mov    %r8,0x8(%rsp)
  0x000077b458141c1d:   call   0x000077b45f57bd60           ; ImmutableOopMap {r8=Oop [128]=Oop }
                                                            ;*iastore {reexecute=0 rethrow=0 return_oop=0}
                                                            ; - java.util.regex.Pattern::RemoveQEQuoting@210 (line 1870)
                                                            ;   {runtime_call throw_range_check_failed_blob (C1 runtime)}
  0x000077b458141c22:   mov    %rbx,(%rsp)
  0x000077b458141c26:   mov    %r8,0x8(%rsp)
  0x000077b458141c2b:   call   0x000077b45f57bd60           ; ImmutableOopMap {r8=Oop [128]=Oop }
                                                            ;*iastore {reexecute=0 rethrow=0 return_oop=0}
                                                            ; - java.util.regex.Pattern::RemoveQEQuoting@234 (line 1872)
                                                            ;   {runtime_call throw_range_check_failed_blob (C1 runtime)}
  0x000077b458141c30:   mov    %rbx,(%rsp)
  0x000077b458141c34:   mov    %r8,0x8(%rsp)
  0x000077b458141c39:   call   0x000077b45f57bd60           ; ImmutableOopMap {r8=Oop [128]=Oop }
                                                            ;*iastore {reexecute=0 rethrow=0 return_oop=0}
                                                            ; - java.util.regex.Pattern::RemoveQEQuoting@243 (line 1873)
                                                            ;   {runtime_call throw_range_check_failed_blob (C1 runtime)}
  0x000077b458141c3e:   mov    %r11,(%rsp)
  0x000077b458141c42:   mov    %r9,0x8(%rsp)
  0x000077b458141c47:   call   0x000077b45f57bd60           ; ImmutableOopMap {r8=Oop r9=Oop [128]=Oop }
                                                            ;*iaload {reexecute=0 rethrow=0 return_oop=0}
                                                            ; - java.util.regex.Pattern::RemoveQEQuoting@257 (line 1875)
                                                            ;   {runtime_call throw_range_check_failed_blob (C1 runtime)}
  0x000077b458141c4c:   mov    %rbx,(%rsp)
  0x000077b458141c50:   mov    %r8,0x8(%rsp)
  0x000077b458141c55:   call   0x000077b45f57bd60           ; ImmutableOopMap {r8=Oop [128]=Oop }
                                                            ;*iastore {reexecute=0 rethrow=0 return_oop=0}
                                                            ; - java.util.regex.Pattern::RemoveQEQuoting@280 (line 1879)
                                                            ;   {runtime_call throw_range_check_failed_blob (C1 runtime)}
  0x000077b458141c5a:   mov    %rbx,(%rsp)
  0x000077b458141c5e:   mov    %r8,0x8(%rsp)
  0x000077b458141c63:   call   0x000077b45f57bd60           ; ImmutableOopMap {r8=Oop [128]=Oop }
                                                            ;*iastore {reexecute=0 rethrow=0 return_oop=0}
                                                            ; - java.util.regex.Pattern::RemoveQEQuoting@289 (line 1880)
                                                            ;   {runtime_call throw_range_check_failed_blob (C1 runtime)}
  0x000077b458141c68:   mov    %r11,(%rsp)
  0x000077b458141c6c:   mov    %r9,0x8(%rsp)
  0x000077b458141c71:   call   0x000077b45f57bd60           ; ImmutableOopMap {r8=Oop r9=Oop [128]=Oop }
                                                            ;*iaload {reexecute=0 rethrow=0 return_oop=0}
                                                            ; - java.util.regex.Pattern::RemoveQEQuoting@298 (line 1883)
                                                            ;   {runtime_call throw_range_check_failed_blob (C1 runtime)}
  0x000077b458141c76:   mov    %rbx,(%rsp)
  0x000077b458141c7a:   mov    %r8,0x8(%rsp)
  0x000077b458141c7f:   call   0x000077b45f57bd60           ; ImmutableOopMap {r8=Oop r9=Oop [128]=Oop }
                                                            ;*iastore {reexecute=0 rethrow=0 return_oop=0}
                                                            ; - java.util.regex.Pattern::RemoveQEQuoting@324 (line 1889)
                                                            ;   {runtime_call throw_range_check_failed_blob (C1 runtime)}
  0x000077b458141c84:   mov    %rsi,(%rsp)
  0x000077b458141c88:   mov    %r8,0x8(%rsp)
  0x000077b458141c8d:   call   0x000077b45f57bd60           ; ImmutableOopMap {r8=Oop [128]=Oop }
                                                            ;*iastore {reexecute=0 rethrow=0 return_oop=0}
                                                            ; - java.util.regex.Pattern::RemoveQEQuoting@345 (line 1891)
                                                            ;   {runtime_call throw_range_check_failed_blob (C1 runtime)}
  0x000077b458141c92:   movabs $0x462285d0,%r10             ;   {metadata({method} {0x00000000462285d0} &apos;RemoveQEQuoting&apos; &apos;()V&apos; in &apos;java/util/regex/Pattern&apos;)}
  0x000077b458141c9c:   mov    %r10,0x8(%rsp)
  0x000077b458141ca1:   movq   $0x15d,(%rsp)
  0x000077b458141ca9:   call   0x000077b45f582fe0           ; ImmutableOopMap {r8=Oop [128]=Oop }
                                                            ;*goto {reexecute=1 rethrow=0 return_oop=0}
                                                            ; - (reexecute) java.util.regex.Pattern::RemoveQEQuoting@349 (line 1896)
                                                            ;   {runtime_call counter_overflow_blob (C1 runtime)}
  0x000077b458141cae:   jmp    0x000077b4581417de
  0x000077b458141cb3:   movabs $0x462285d0,%r10             ;   {metadata({method} {0x00000000462285d0} &apos;RemoveQEQuoting&apos; &apos;()V&apos; in &apos;java/util/regex/Pattern&apos;)}
  0x000077b458141cbd:   mov    %r10,0x8(%rsp)
  0x000077b458141cc2:   movq   $0x139,(%rsp)
  0x000077b458141cca:   call   0x000077b45f582fe0           ; ImmutableOopMap {r8=Oop [128]=Oop }
                                                            ;*goto {reexecute=1 rethrow=0 return_oop=0}
                                                            ; - (reexecute) java.util.regex.Pattern::RemoveQEQuoting@313 (line 1887)
                                                            ;   {runtime_call counter_overflow_blob (C1 runtime)}
  0x000077b458141ccf:   jmp    0x000077b45814182f
  0x000077b458141cd4:   mov    0x50(%rsi),%edx
  0x000077b458141cd7:   shl    $0x3,%rdx
  0x000077b458141cdb:   test   %rdx,%rdx
  0x000077b458141cde:   je     0x000077b4581418a1
  0x000077b458141ce4:   mov    %rdx,(%rsp)
  0x000077b458141ce8:   call   0x000077b45f583a60           ;   {runtime_call g1_pre_barrier_slow}
  0x000077b458141ced:   jmp    0x000077b4581418a1
  0x000077b458141cf2:   movabs $0x77b4581418d8,%r10         ;   {internal_word}
  0x000077b458141cfc:   mov    %r10,0x510(%r15)
  0x000077b458141d03:   jmp    0x000077b45f4afb60           ;   {runtime_call SafepointBlob}
  0x000077b458141d08:   movabs $0x77b4581418eb,%r10         ;   {internal_word}
  0x000077b458141d12:   mov    %r10,0x510(%r15)
  0x000077b458141d19:   jmp    0x000077b45f4afb60           ;   {runtime_call SafepointBlob}
  0x000077b458141d1e:   movabs $0x0,%rdx                    ;   {metadata(nullptr)}
  0x000077b458141d28:   mov    $0xa050f00,%eax
  0x000077b458141d2d:   call   0x000077b45f5820e0           ; ImmutableOopMap {[128]=Oop }
                                                            ;*new {reexecute=1 rethrow=0 return_oop=0}
                                                            ; - (reexecute) java.lang.Math::addExact@14 (line 915)
                                                            ; - java.util.regex.Pattern::RemoveQEQuoting@73 (line 1846)
                                                            ;   {runtime_call load_klass_patching_blob (C1 runtime)}
  0x000077b458141d32:   jmp    0x000077b4581418f8
  0x000077b458141d37:   mov    %rdx,%rdx
  0x000077b458141d3a:   call   0x000077b45f57d3e0           ; ImmutableOopMap {[128]=Oop }
                                                            ;*new {reexecute=0 rethrow=0 return_oop=0}
                                                            ; - java.lang.Math::addExact@14 (line 915)
                                                            ; - java.util.regex.Pattern::RemoveQEQuoting@73 (line 1846)
                                                            ;   {runtime_call fast_new_instance_blob (C1 runtime)}
  0x000077b458141d3f:   jmp    0x000077b45814194c
  0x000077b458141d44:   movabs $0x0,%rdx                    ;   {metadata(nullptr)}
  0x000077b458141d4e:   mov    $0xa050f00,%eax
  0x000077b458141d53:   call   0x000077b45f5820e0           ; ImmutableOopMap {}
                                                            ;*new {reexecute=1 rethrow=0 return_oop=0}
                                                            ; - (reexecute) java.util.regex.Pattern::RemoveQEQuoting@83 (line 1848)
                                                            ;   {runtime_call load_klass_patching_blob (C1 runtime)}
  0x000077b458141d58:   jmp    0x000077b4581419b8
  0x000077b458141d5d:   mov    %rdx,%rdx
  0x000077b458141d60:   call   0x000077b45f57d3e0           ; ImmutableOopMap {}
                                                            ;*new {reexecute=0 rethrow=0 return_oop=0}
                                                            ; - java.util.regex.Pattern::RemoveQEQuoting@83 (line 1848)
                                                            ;   {runtime_call fast_new_instance_blob (C1 runtime)}
  0x000077b458141d65:   jmp    0x000077b458141a0c
  0x000077b458141d6a:   mov    0x5c0(%r15),%rax
  0x000077b458141d71:   movq   $0x0,0x5c0(%r15)
  0x000077b458141d7c:   movq   $0x0,0x5c8(%r15)
  0x000077b458141d87:   add    $0xb0,%rsp
  0x000077b458141d8e:   pop    %rbp
  0x000077b458141d8f:   jmp    0x000077b45f57b760           ;   {runtime_call unwind_exception_blob (C1 runtime)}
  0x000077b458141d94:   hlt    
  0x000077b458141d95:   hlt    
  0x000077b458141d96:   hlt    
  0x000077b458141d97:   hlt    
[Stub Code]
  0x000077b458141d98:   movabs $0x0,%rbx                    ;   {static_stub}
  0x000077b458141da2:   jmp    0x000077b458141da2           ;   {runtime_call nmethod}
  0x000077b458141da7:   movabs $0x0,%rbx                    ;   {static_stub}
  0x000077b458141db1:   jmp    0x000077b458141db1           ;   {runtime_call nmethod}
  0x000077b458141db6:   movabs $0x0,%rbx                    ;   {static_stub}
  0x000077b458141dc0:   jmp    0x000077b458141dc0           ;   {runtime_call nmethod}
  0x000077b458141dc5:   movabs $0x0,%rbx                    ;   {static_stub}
  0x000077b458141dcf:   jmp    0x000077b458141dcf           ;   {runtime_call nmethod}
  0x000077b458141dd4:   nop
  0x000077b458141dd5:   movabs $0x0,%rbx                    ;   {static_stub}
  0x000077b458141ddf:   jmp    0x000077b458141ddf           ;   {runtime_call nmethod}
[Exception Handler]
  0x000077b458141de4:   call   0x000077b45f57ede0           ;   {runtime_call handle_exception_from_callee_blob (C1 runtime)}
  0x000077b458141de9:   movabs $0x77b478d3aec4,%rdi         ;   {external_word}
  0x000077b458141df3:   and    $0xfffffffffffffff0,%rsp
  0x000077b458141df7:   call   0x000077b478791cc0           ;   {runtime_call MacroAssembler::debug64(char*, long, long*)}
  0x000077b458141dfc:   hlt    
  0x000077b458141dfd:   call   0x000077b45f4afe60           ;   {runtime_call DeoptimizationBlob}
[Deopt Handler Entry Point]
  0x000077b458141e02:   jmp    0x000077b458141dfd
  0x000077b458141e04:   hlt    
  0x000077b458141e05:   hlt    
  0x000077b458141e06:   hlt    
  0x000077b458141e07:   hlt    
--------------------------------------------------------------------------------
[/Disassembly]
