----------------------------------- Assembly -----------------------------------

Compiled method (c2) 38469 1695       4       java.util.LinkedHashMap$LinkedHashIterator::nextNode (68 bytes)
 total in heap  [0x000077b45fbe3288,0x000077b45fbe35b0] = 808
 main code      [0x000077b45fbe3380,0x000077b45fbe35a8] = 552
 stub code      [0x000077b45fbe35a8,0x000077b45fbe35b0] = 8
 mutable data [0x000077b408195200,0x000077b408195230] = 48
 relocation     [0x000077b408195200,0x000077b408195228] = 40
 metadata       [0x000077b408195228,0x000077b408195230] = 8
 immutable data [0x000077b408195000,0x000077b4081951ec] = 492
 dependencies   [0x000077b408195000,0x000077b408195008] = 8
 nul chk table  [0x000077b408195008,0x000077b408195020] = 24
 scopes pcs     [0x000077b408195020,0x000077b408195170] = 336
 scopes data    [0x000077b408195170,0x000077b4081951e8] = 120

[Disassembly]
--------------------------------------------------------------------------------
[Constant Pool (empty)]

--------------------------------------------------------------------------------

[Instructions begin]
  0x000077b45fbe3380:   xchg   %ax,%ax
[Entry Point]
  # {method} {0x00000000463e34b0} &apos;nextNode&apos; &apos;()Ljava/util/LinkedHashMap$Entry;&apos; in &apos;java/util/LinkedHashMap$LinkedHashIterator&apos;
  #           [sp+0x30]  (sp of caller)
  0x000077b45fbe3382:   mov    0x8(%rsi),%r10d
  0x000077b45fbe3386:   cmp    0x8(%rax),%r10d
  0x000077b45fbe338a:   jne    0x000077b45f4ad6e0           ;   {runtime_call ic_miss_blob (shared runtime)}
[Verified Entry Point]
  0x000077b45fbe3390:   mov    %eax,-0x14000(%rsp)
  0x000077b45fbe3397:   push   %rbp
  0x000077b45fbe3398:   sub    $0x20,%rsp
  0x000077b45fbe339c:   cmpl   $0x1,0x20(%r15)
  0x000077b45fbe33a4:   jne    0x000077b45fbe359e           ;*synchronization entry
                                                            ; - java.util.LinkedHashMap$LinkedHashIterator::nextNode@-1 (line 1022)
  0x000077b45fbe33aa:   mov    0x1c(%rsi),%r10d             ;*getfield this$0 {reexecute=0 rethrow=0 return_oop=0}
                                                            ; - java.util.LinkedHashMap$LinkedHashIterator::nextNode@6 (line 1023)
  0x000077b45fbe33ae:   mov    0x20(%r12,%r10,8),%r10d      ; implicit exception: dispatches to 0x000077b45fbe3490
                                                            ;*getfield modCount {reexecute=0 rethrow=0 return_oop=0}
                                                            ; - java.util.LinkedHashMap$LinkedHashIterator::nextNode@9 (line 1023)
  0x000077b45fbe33b3:   mov    0xc(%rsi),%ebp               ;*getfield expectedModCount {reexecute=0 rethrow=0 return_oop=0}
                                                            ; - java.util.LinkedHashMap$LinkedHashIterator::nextNode@13 (line 1023)
  0x000077b45fbe33b6:   cmp    %ebp,%r10d
  0x000077b45fbe33b9:   jne    0x000077b45fbe345c           ;*if_icmpeq {reexecute=0 rethrow=0 return_oop=0}
                                                            ; - java.util.LinkedHashMap$LinkedHashIterator::nextNode@16 (line 1023)
  0x000077b45fbe33bf:   mov    0x14(%rsi),%ebx              ;*getfield next {reexecute=0 rethrow=0 return_oop=0}
                                                            ; - java.util.LinkedHashMap$LinkedHashIterator::nextNode@1 (line 1022)
  0x000077b45fbe33c2:   mov    0x20(%r12,%rbx,8),%ecx       ; implicit exception: dispatches to 0x000077b45fbe34a4
  0x000077b45fbe33c7:   movzbl 0x10(%rsi),%ebp              ;*getfield reversed {reexecute=0 rethrow=0 return_oop=0}
                                                            ; - java.util.LinkedHashMap$LinkedHashIterator::nextNode@46 (line 1028)
  0x000077b45fbe33cb:   lea    0x18(%rsi),%r8
  0x000077b45fbe33cf:   cmpb   $0x0,0x48(%r15)
  0x000077b45fbe33d4:   jne    0x000077b45fbe34bc
  0x000077b45fbe33da:   mov    %ebx,(%r8)
  0x000077b45fbe33dd:   mov    %ebx,%r11d
  0x000077b45fbe33e0:   shl    $0x3,%r11
  0x000077b45fbe33e4:   mov    %r8,%r10
  0x000077b45fbe33e7:   xor    %r11,%r10
  0x000077b45fbe33ea:   shr    $0x17,%r10
  0x000077b45fbe33ee:   je     0x000077b45fbe3405
  0x000077b45fbe33f0:   mov    %r8,%r10
  0x000077b45fbe33f3:   shr    $0x9,%r10
  0x000077b45fbe33f7:   add    0x50(%r15),%r10
  0x000077b45fbe33fb:   cmpb   $0xff,(%r10)
  0x000077b45fbe33ff:   jne    0x000077b45fbe3405
  0x000077b45fbe3401:   movb   $0x0,(%r10)                  ;*putfield current {reexecute=0 rethrow=0 return_oop=0}
                                                            ; - java.util.LinkedHashMap$LinkedHashIterator::nextNode@41 (line 1027)
  0x000077b45fbe3405:   test   %ebp,%ebp
  0x000077b45fbe3407:   jne    0x000077b45fbe3474           ;*ifeq {reexecute=0 rethrow=0 return_oop=0}
                                                            ; - java.util.LinkedHashMap$LinkedHashIterator::nextNode@49 (line 1028)
  0x000077b45fbe3409:   lea    (%r12,%rbx,8),%rax           ;*getfield next {reexecute=0 rethrow=0 return_oop=0}
                                                            ; - java.util.LinkedHashMap$LinkedHashIterator::nextNode@1 (line 1022)
  0x000077b45fbe340d:   lea    0x14(%rsi),%r11
  0x000077b45fbe3411:   cmpb   $0x0,0x48(%r15)
  0x000077b45fbe3416:   jne    0x000077b45fbe3522
  0x000077b45fbe341c:   mov    %ecx,(%r11)
  0x000077b45fbe341f:   mov    %ecx,%r8d
  0x000077b45fbe3422:   shl    $0x3,%r8
  0x000077b45fbe3426:   mov    %r11,%r10
  0x000077b45fbe3429:   xor    %r8,%r10
  0x000077b45fbe342c:   shr    $0x17,%r10
  0x000077b45fbe3430:   je     0x000077b45fbe344c
  0x000077b45fbe3432:   test   %r8,%r8
  0x000077b45fbe3435:   je     0x000077b45fbe344c
  0x000077b45fbe3437:   mov    %r11,%r10
  0x000077b45fbe343a:   shr    $0x9,%r10
  0x000077b45fbe343e:   add    0x50(%r15),%r10
  0x000077b45fbe3442:   cmpb   $0xff,(%r10)
  0x000077b45fbe3446:   jne    0x000077b45fbe344c
  0x000077b45fbe3448:   movb   $0x0,(%r10)                  ;*synchronization entry
                                                            ; - java.util.LinkedHashMap$LinkedHashIterator::nextNode@-1 (line 1022)
  0x000077b45fbe344c:   add    $0x20,%rsp
  0x000077b45fbe3450:   pop    %rbp
  0x000077b45fbe3451:   cmp    0x28(%r15),%rsp              ;   {poll_return}
  0x000077b45fbe3455:   ja     0x000077b45fbe3588
  0x000077b45fbe345b:   ret    
  0x000077b45fbe345c:   mov    $0xffffff45,%esi
  0x000077b45fbe3461:   mov    %r10d,(%rsp)
  0x000077b45fbe3465:   xchg   %ax,%ax
  0x000077b45fbe3467:   call   0x000077b45f5865e0           ; ImmutableOopMap {}
                                                            ;*if_icmpeq {reexecute=1 rethrow=0 return_oop=0}
                                                            ; - (reexecute) java.util.LinkedHashMap$LinkedHashIterator::nextNode@16 (line 1023)
                                                            ;   {runtime_call UncommonTrapBlob}
  0x000077b45fbe346c:   nopl   0x1e4(%rax,%rax,1)           ;*ifnonnull {reexecute=0 rethrow=0 return_oop=0}
                                                            ; - java.util.LinkedHashMap$LinkedHashIterator::nextNode@28 (line 1025)
                                                            ;   {post_call_nop}
  0x000077b45fbe3474:   mov    %rsi,(%rsp)
  0x000077b45fbe3478:   mov    %ebx,0x8(%rsp)
  0x000077b45fbe347c:   mov    $0xffffff45,%esi
  0x000077b45fbe3481:   xchg   %ax,%ax
  0x000077b45fbe3483:   call   0x000077b45f5865e0           ; ImmutableOopMap {[0]=Oop [8]=NarrowOop }
                                                            ;*ifeq {reexecute=1 rethrow=0 return_oop=0}
                                                            ; - (reexecute) java.util.LinkedHashMap$LinkedHashIterator::nextNode@49 (line 1028)
                                                            ;   {runtime_call UncommonTrapBlob}
  0x000077b45fbe3488:   nopl   0x1000200(%rax,%rax,1)       ;*ifeq {reexecute=0 rethrow=0 return_oop=0}
                                                            ; - java.util.LinkedHashMap$LinkedHashIterator::nextNode@49 (line 1028)
                                                            ;   {post_call_nop}
  0x000077b45fbe3490:   mov    $0xfffffff6,%esi
  0x000077b45fbe3495:   xchg   %ax,%ax
  0x000077b45fbe3497:   call   0x000077b45f5865e0           ; ImmutableOopMap {}
                                                            ;*getfield modCount {reexecute=1 rethrow=0 return_oop=0}
                                                            ; - (reexecute) java.util.LinkedHashMap$LinkedHashIterator::nextNode@9 (line 1023)
                                                            ;   {runtime_call UncommonTrapBlob}
  0x000077b45fbe349c:   nopl   0x2000214(%rax,%rax,1)       ;*getfield modCount {reexecute=0 rethrow=0 return_oop=0}
                                                            ; - java.util.LinkedHashMap$LinkedHashIterator::nextNode@9 (line 1023)
                                                            ;   {post_call_nop}
  0x000077b45fbe34a4:   mov    $0xffffff45,%esi
  0x000077b45fbe34a9:   mov    %ebx,(%rsp)
  0x000077b45fbe34ac:   data16 xchg %ax,%ax
  0x000077b45fbe34af:   call   0x000077b45f5865e0           ; ImmutableOopMap {[0]=NarrowOop }
                                                            ;*ifnonnull {reexecute=1 rethrow=0 return_oop=0}
                                                            ; - (reexecute) java.util.LinkedHashMap$LinkedHashIterator::nextNode@28 (line 1025)
                                                            ;   {runtime_call UncommonTrapBlob}
  0x000077b45fbe34b4:   nopl   0x300022c(%rax,%rax,1)       ;*ifnonnull {reexecute=0 rethrow=0 return_oop=0}
                                                            ; - java.util.LinkedHashMap$LinkedHashIterator::nextNode@28 (line 1025)
                                                            ;   {post_call_nop}
  0x000077b45fbe34bc:   mov    (%r8),%r11d
  0x000077b45fbe34bf:   shl    $0x3,%r11
  0x000077b45fbe34c3:   test   %r11,%r11
  0x000077b45fbe34c6:   je     0x000077b45fbe33da
  0x000077b45fbe34cc:   mov    0x40(%r15),%r10
  0x000077b45fbe34d0:   test   %r10,%r10
  0x000077b45fbe34d3:   je     0x000077b45fbe34e9
  0x000077b45fbe34d5:   sub    $0x8,%r10
  0x000077b45fbe34d9:   mov    %r10,0x40(%r15)
  0x000077b45fbe34dd:   add    0x38(%r15),%r10
  0x000077b45fbe34e1:   mov    %r11,(%r10)
  0x000077b45fbe34e4:   jmp    0x000077b45fbe33da
  0x000077b45fbe34e9:   sub    $0x20,%rsp
  0x000077b45fbe34ed:   mov    %r8,0x18(%rsp)
  0x000077b45fbe34f2:   mov    %rcx,0x10(%rsp)
  0x000077b45fbe34f7:   mov    %rsi,0x8(%rsp)
  0x000077b45fbe34fc:   mov    %r11,%rdi
  0x000077b45fbe34ff:   mov    %r15,%rsi
  0x000077b45fbe3502:   call   0x000077b478309bd0           ;   {runtime_call G1BarrierSetRuntime::write_ref_field_pre_entry(oopDesc*, JavaThread*)}
  0x000077b45fbe3507:   mov    0x8(%rsp),%rsi
  0x000077b45fbe350c:   mov    0x10(%rsp),%rcx
  0x000077b45fbe3511:   mov    0x18(%rsp),%r8
  0x000077b45fbe3516:   vzeroupper 
  0x000077b45fbe3519:   add    $0x20,%rsp
  0x000077b45fbe351d:   jmp    0x000077b45fbe33da
  0x000077b45fbe3522:   mov    (%r11),%r8d
  0x000077b45fbe3525:   shl    $0x3,%r8
  0x000077b45fbe3529:   test   %r8,%r8
  0x000077b45fbe352c:   je     0x000077b45fbe341c
  0x000077b45fbe3532:   mov    0x40(%r15),%r10
  0x000077b45fbe3536:   test   %r10,%r10
  0x000077b45fbe3539:   je     0x000077b45fbe354f
  0x000077b45fbe353b:   sub    $0x8,%r10
  0x000077b45fbe353f:   mov    %r10,0x40(%r15)
  0x000077b45fbe3543:   add    0x38(%r15),%r10
  0x000077b45fbe3547:   mov    %r8,(%r10)
  0x000077b45fbe354a:   jmp    0x000077b45fbe341c
  0x000077b45fbe354f:   sub    $0x20,%rsp
  0x000077b45fbe3553:   mov    %r11,0x18(%rsp)
  0x000077b45fbe3558:   mov    %rcx,0x10(%rsp)
  0x000077b45fbe355d:   mov    %rax,0x8(%rsp)
  0x000077b45fbe3562:   mov    %r8,%rdi
  0x000077b45fbe3565:   mov    %r15,%rsi
  0x000077b45fbe3568:   call   0x000077b478309bd0           ;   {runtime_call G1BarrierSetRuntime::write_ref_field_pre_entry(oopDesc*, JavaThread*)}
  0x000077b45fbe356d:   mov    0x8(%rsp),%rax
  0x000077b45fbe3572:   mov    0x10(%rsp),%rcx
  0x000077b45fbe3577:   mov    0x18(%rsp),%r11
  0x000077b45fbe357c:   vzeroupper 
  0x000077b45fbe357f:   add    $0x20,%rsp
  0x000077b45fbe3583:   jmp    0x000077b45fbe341c
  0x000077b45fbe3588:   movabs $0x77b45fbe3451,%r10         ;   {internal_word}
  0x000077b45fbe3592:   mov    %r10,0x510(%r15)
  0x000077b45fbe3599:   jmp    0x000077b45f4afb60           ;   {runtime_call SafepointBlob}
  0x000077b45fbe359e:   call   Stub::method_entry_barrier_stub (stub gen)
                                                            ;   {runtime_call Stub::method_entry_barrier_stub (stub gen)}
  0x000077b45fbe35a3:   jmp    0x000077b45fbe33aa
[Stub Code]
  0x000077b45fbe35a8:   call   0x000077b45f4afe60           ;   {runtime_call DeoptimizationBlob}
[Deopt Handler Entry Point]
  0x000077b45fbe35ad:   jmp    0x000077b45fbe35a8
  0x000077b45fbe35af:   hlt    
--------------------------------------------------------------------------------
[/Disassembly]
