
============================= C1-compiled nmethod ==============================
----------------------------------- Assembly -----------------------------------

Compiled method (c1) 38937 1721       3       jdk.internal.loader.URLClassPath$JarLoader::ensureOpen (57 bytes)
 total in heap  [0x000077b458145388,0x000077b458145658] = 720
 main code      [0x000077b458145480,0x000077b458145628] = 424
 stub code      [0x000077b458145628,0x000077b458145658] = 48
 mutable data [0x000077b3fc23d300,0x000077b3fc23d350] = 80
 relocation     [0x000077b3fc23d300,0x000077b3fc23d340] = 64
 metadata       [0x000077b3fc23d340,0x000077b3fc23d350] = 16
 immutable data [0x000077b3fc0b7400,0x000077b3fc0b7514] = 276
 dependencies   [0x000077b3fc0b7400,0x000077b3fc0b7408] = 8
 scopes pcs     [0x000077b3fc0b7408,0x000077b3fc0b74c8] = 192
 scopes data    [0x000077b3fc0b74c8,0x000077b3fc0b7510] = 72

[Disassembly]
--------------------------------------------------------------------------------
[Constant Pool (empty)]

--------------------------------------------------------------------------------

[Instructions begin]
  0x000077b458145480:   data16 data16 nopw 0x0(%rax,%rax,1)
  0x000077b45814548b:   data16 data16 xchg %ax,%ax
  0x000077b45814548f:   data16 xchg %ax,%ax
[Entry Point]
  # {method} {0x0000000046315ae0} &apos;ensureOpen&apos; &apos;()V&apos; in &apos;jdk/internal/loader/URLClassPath$JarLoader&apos;
  #           [sp+0x40]  (sp of caller)
  0x000077b458145492:   mov    0x8(%rsi),%r10d
  0x000077b458145496:   cmp    0x8(%rax),%r10d
  0x000077b45814549a:   jne    0x000077b45f4ad6e0           ;   {runtime_call ic_miss_blob (shared runtime)}
[Verified Entry Point]
  0x000077b4581454a0:   mov    %eax,-0x14000(%rsp)
  0x000077b4581454a7:   push   %rbp
  0x000077b4581454a8:   sub    $0x30,%rsp
  0x000077b4581454ac:   cmpl   $0x1,0x20(%r15)
  0x000077b4581454b4:   je     0x000077b4581454bb
  0x000077b4581454b6:   call   Stub::method_entry_barrier_stub (stub gen)
                                                            ;   {runtime_call Stub::method_entry_barrier_stub (stub gen)}
  0x000077b4581454bb:   movabs $0x77b4146d0ca8,%rdx         ;   {metadata(method data for {method} {0x0000000046315ae0} &apos;ensureOpen&apos; &apos;()V&apos; in &apos;jdk/internal/loader/URLClassPath$JarLoader&apos;)}
  0x000077b4581454c5:   mov    0x90(%rdx),%edi
  0x000077b4581454cb:   add    $0x2,%edi
  0x000077b4581454ce:   mov    %edi,0x90(%rdx)
  0x000077b4581454d4:   and    $0x7fe,%edi
  0x000077b4581454da:   test   %edi,%edi
  0x000077b4581454dc:   je     0x000077b4581455ad           ;*aload_0 {reexecute=0 rethrow=0 return_oop=0}
                                                            ; - jdk.internal.loader.URLClassPath$JarLoader::ensureOpen@0 (line 648)
  0x000077b4581454e2:   mov    0x14(%rsi),%edx
  0x000077b4581454e5:   shl    $0x3,%rdx                    ;*getfield jar {reexecute=0 rethrow=0 return_oop=0}
                                                            ; - jdk.internal.loader.URLClassPath$JarLoader::ensureOpen@1 (line 648)
  0x000077b4581454e9:   test   %rdx,%rdx
  0x000077b4581454ec:   movabs $0x77b4146d0ca8,%rdx         ;   {metadata(method data for {method} {0x0000000046315ae0} &apos;ensureOpen&apos; &apos;()V&apos; in &apos;jdk/internal/loader/URLClassPath$JarLoader&apos;)}
  0x000077b4581454f6:   mov    $0xd8,%edi
  0x000077b4581454fb:   jne    0x000077b458145502
  0x000077b4581454fd:   mov    $0xe8,%edi
  0x000077b458145502:   mov    (%rdx,%rdi,1),%rbx
  0x000077b458145506:   lea    0x1(%rbx),%rbx
  0x000077b45814550a:   mov    %rbx,(%rdx,%rdi,1)
  0x000077b45814550e:   jne    0x000077b45814559d           ;*ifnonnull {reexecute=0 rethrow=0 return_oop=0}
                                                            ; - jdk.internal.loader.URLClassPath$JarLoader::ensureOpen@4 (line 648)
  0x000077b458145514:   movabs $0x77b4146d0ca8,%rdx         ;   {metadata(method data for {method} {0x0000000046315ae0} &apos;ensureOpen&apos; &apos;()V&apos; in &apos;jdk/internal/loader/URLClassPath$JarLoader&apos;)}
  0x000077b45814551e:   incl   0xf8(%rdx)                   ;*ifeq {reexecute=0 rethrow=0 return_oop=0}
                                                            ; - jdk.internal.loader.URLClassPath$JarLoader::ensureOpen@10 (line 649)
  0x000077b458145524:   mov    0x18(%rsi),%edx
  0x000077b458145527:   shl    $0x3,%rdx                    ;*getfield csu {reexecute=0 rethrow=0 return_oop=0}
                                                            ; - jdk.internal.loader.URLClassPath$JarLoader::ensureOpen@47 (line 653)
  0x000077b45814552b:   mov    %rsi,%rdi
  0x000077b45814552e:   movabs $0x77b4146d0ca8,%rbx         ;   {metadata(method data for {method} {0x0000000046315ae0} &apos;ensureOpen&apos; &apos;()V&apos; in &apos;jdk/internal/loader/URLClassPath$JarLoader&apos;)}
  0x000077b458145538:   addq   $0x1,0x1f8(%rbx)
  0x000077b458145540:   mov    %rsi,%rdi
  0x000077b458145543:   mov    %rdi,%rsi                    ;*invokevirtual getJarFile {reexecute=0 rethrow=0 return_oop=0}
                                                            ; - jdk.internal.loader.URLClassPath$JarLoader::ensureOpen@50 (line 653)
  0x000077b458145546:   mov    %rdi,0x20(%rsp)
  0x000077b45814554b:   nopl   0x0(%rax)
  0x000077b45814554f:   call   0x000077b45f4ad9e0           ; ImmutableOopMap {[32]=Oop }
                                                            ;*invokevirtual getJarFile {reexecute=0 rethrow=0 return_oop=0}
                                                            ; - jdk.internal.loader.URLClassPath$JarLoader::ensureOpen@50 (line 653)
                                                            ;   {optimized virtual_call}
  0x000077b458145554:   nopl   0x1cc(%rax,%rax,1)           ;*invokevirtual getJarFile {reexecute=0 rethrow=0 return_oop=0}
                                                            ; - jdk.internal.loader.URLClassPath$JarLoader::ensureOpen@50 (line 653)
                                                            ;   {post_call_nop}
  0x000077b45814555c:   movsbl 0x48(%r15),%esi
  0x000077b458145561:   test   %esi,%esi
  0x000077b458145563:   mov    0x20(%rsp),%rsi
  0x000077b458145568:   jne    0x000077b4581455ce
  0x000077b45814556e:   mov    %rax,%r10
  0x000077b458145571:   shr    $0x3,%r10
  0x000077b458145575:   mov    %r10d,0x14(%rsi)
  0x000077b458145579:   mov    %rsi,%rbx
  0x000077b45814557c:   xor    %rax,%rbx
  0x000077b45814557f:   shr    $0x17,%rbx
  0x000077b458145583:   je     0x000077b45814559d
  0x000077b458145585:   test   %rax,%rax
  0x000077b458145588:   je     0x000077b45814559d
  0x000077b45814558a:   mov    %rsi,%rbx
  0x000077b45814558d:   shr    $0x9,%rbx
  0x000077b458145591:   add    0x50(%r15),%rbx
  0x000077b458145595:   cmpb   $0xff,(%rbx)
  0x000077b458145598:   jne    0x000077b45814559d
  0x000077b45814559a:   movb   $0x0,(%rbx)                  ;*putfield jar {reexecute=0 rethrow=0 return_oop=0}
                                                            ; - jdk.internal.loader.URLClassPath$JarLoader::ensureOpen@53 (line 653)
  0x000077b45814559d:   add    $0x30,%rsp
  0x000077b4581455a1:   pop    %rbp
  0x000077b4581455a2:   cmp    0x28(%r15),%rsp              ;   {poll_return}
  0x000077b4581455a6:   ja     0x000077b4581455e5
  0x000077b4581455ac:   ret    
  0x000077b4581455ad:   movabs $0x46315ae0,%r10             ;   {metadata({method} {0x0000000046315ae0} &apos;ensureOpen&apos; &apos;()V&apos; in &apos;jdk/internal/loader/URLClassPath$JarLoader&apos;)}
  0x000077b4581455b7:   mov    %r10,0x8(%rsp)
  0x000077b4581455bc:   movq   $0xffffffffffffffff,(%rsp)
  0x000077b4581455c4:   call   0x000077b45f582fe0           ; ImmutableOopMap {rsi=Oop }
                                                            ;*synchronization entry
                                                            ; - jdk.internal.loader.URLClassPath$JarLoader::ensureOpen@-1 (line 648)
                                                            ;   {runtime_call counter_overflow_blob (C1 runtime)}
  0x000077b4581455c9:   jmp    0x000077b4581454e2
  0x000077b4581455ce:   mov    0x14(%rsi),%edi
  0x000077b4581455d1:   shl    $0x3,%rdi
  0x000077b4581455d5:   test   %rdi,%rdi
  0x000077b4581455d8:   je     0x000077b45814556e
  0x000077b4581455da:   mov    %rdi,(%rsp)
  0x000077b4581455de:   call   0x000077b45f583a60           ;   {runtime_call g1_pre_barrier_slow}
  0x000077b4581455e3:   jmp    0x000077b45814556e
  0x000077b4581455e5:   movabs $0x77b4581455a2,%r10         ;   {internal_word}
  0x000077b4581455ef:   mov    %r10,0x510(%r15)
  0x000077b4581455f6:   jmp    0x000077b45f4afb60           ;   {runtime_call SafepointBlob}
  0x000077b4581455fb:   mov    0x5c0(%r15),%rax
  0x000077b458145602:   movq   $0x0,0x5c0(%r15)
  0x000077b45814560d:   movq   $0x0,0x5c8(%r15)
  0x000077b458145618:   add    $0x30,%rsp
  0x000077b45814561c:   pop    %rbp
  0x000077b45814561d:   jmp    0x000077b45f57b760           ;   {runtime_call unwind_exception_blob (C1 runtime)}
  0x000077b458145622:   hlt    
  0x000077b458145623:   hlt    
  0x000077b458145624:   hlt    
  0x000077b458145625:   hlt    
  0x000077b458145626:   hlt    
  0x000077b458145627:   hlt    
[Stub Code]
  0x000077b458145628:   movabs $0x0,%rbx                    ;   {static_stub}
  0x000077b458145632:   jmp    0x000077b458145632           ;   {runtime_call nmethod}
[Exception Handler]
  0x000077b458145637:   call   0x000077b45f57ede0           ;   {runtime_call handle_exception_from_callee_blob (C1 runtime)}
  0x000077b45814563c:   movabs $0x77b478d3aec4,%rdi         ;   {external_word}
  0x000077b458145646:   and    $0xfffffffffffffff0,%rsp
  0x000077b45814564a:   call   0x000077b478791cc0           ;   {runtime_call MacroAssembler::debug64(char*, long, long*)}
  0x000077b45814564f:   hlt    
  0x000077b458145650:   call   0x000077b45f4afe60           ;   {runtime_call DeoptimizationBlob}
[Deopt Handler Entry Point]
  0x000077b458145655:   jmp    0x000077b458145650
  0x000077b458145657:   hlt    
--------------------------------------------------------------------------------
[/Disassembly]
