
============================= C1-compiled nmethod ==============================
----------------------------------- Assembly -----------------------------------

Compiled method (c1) 39448 1741   !   3       jdk.internal.loader.URLClassPath$JarLoader::getResource (39 bytes)
 total in heap  [0x000077b458149908,0x000077b458149f08] = 1536
 main code      [0x000077b458149a00,0x000077b458149ea0] = 1184
 stub code      [0x000077b458149ea0,0x000077b458149f08] = 104
 mutable data [0x000077b3dc1ced50,0x000077b3dc1cee00] = 176
 relocation     [0x000077b3dc1ced50,0x000077b3dc1cede0] = 144
 metadata       [0x000077b3dc1cede0,0x000077b3dc1cee00] = 32
 immutable data [0x000077b3dc1cea70,0x000077b3dc1ced3c] = 716
 dependencies   [0x000077b3dc1cea70,0x000077b3dc1cea80] = 16
 nul chk table  [0x000077b3dc1cea80,0x000077b3dc1cea90] = 16
 handler table  [0x000077b3dc1cea90,0x000077b3dc1ceaa8] = 24
 scopes pcs     [0x000077b3dc1ceaa8,0x000077b3dc1cec68] = 448
 scopes data    [0x000077b3dc1cec68,0x000077b3dc1ced38] = 208

[Disassembly]
--------------------------------------------------------------------------------
[Constant Pool (empty)]

--------------------------------------------------------------------------------

[Instructions begin]
  0x000077b458149a00:   data16 data16 nopw 0x0(%rax,%rax,1)
  0x000077b458149a0b:   data16 data16 xchg %ax,%ax
  0x000077b458149a0f:   data16 xchg %ax,%ax
[Entry Point]
  # {method} {0x0000000046315878} &apos;getResource&apos; &apos;(Ljava/lang/String;)Ljdk/internal/loader/Resource;&apos; in &apos;jdk/internal/loader/URLClassPath$JarLoader&apos;
  # this:     rsi:rsi   = &apos;jdk/internal/loader/URLClassPath$JarLoader&apos;
  # parm0:    rdx:rdx   = &apos;java/lang/String&apos;
  #           [sp+0x70]  (sp of caller)
  0x000077b458149a12:   mov    0x8(%rsi),%r10d
  0x000077b458149a16:   cmp    0x8(%rax),%r10d
  0x000077b458149a1a:   jne    0x000077b45f4ad6e0           ;   {runtime_call ic_miss_blob (shared runtime)}
[Verified Entry Point]
  0x000077b458149a20:   mov    %eax,-0x14000(%rsp)
  0x000077b458149a27:   push   %rbp
  0x000077b458149a28:   sub    $0x60,%rsp
  0x000077b458149a2c:   cmpl   $0x1,0x20(%r15)
  0x000077b458149a34:   je     0x000077b458149a3b
  0x000077b458149a36:   call   Stub::method_entry_barrier_stub (stub gen)
                                                            ;   {runtime_call Stub::method_entry_barrier_stub (stub gen)}
  0x000077b458149a3b:   mov    %rsi,0x38(%rsp)
  0x000077b458149a40:   movabs $0x77b4146d3818,%rdi         ;   {metadata(method data for {method} {0x0000000046315878} &apos;getResource&apos; &apos;(Ljava/lang/String;)Ljdk/internal/loader/Resource;&apos; in &apos;jdk/internal/loader/URLClassPath$JarLoader&apos;)}
  0x000077b458149a4a:   mov    0x90(%rdi),%ebx
  0x000077b458149a50:   add    $0x2,%ebx
  0x000077b458149a53:   mov    %ebx,0x90(%rdi)
  0x000077b458149a59:   and    $0x7fe,%ebx
  0x000077b458149a5f:   test   %ebx,%ebx
  0x000077b458149a61:   je     0x000077b458149dd6           ;*aload_0 {reexecute=0 rethrow=0 return_oop=0}
                                                            ; - jdk.internal.loader.URLClassPath$JarLoader::getResource@0 (line 760)
  0x000077b458149a67:   mov    %rdx,0x40(%rsp)
  0x000077b458149a6c:   mov    %rsi,%rdi
  0x000077b458149a6f:   movabs $0x77b4146d3818,%rbx         ;   {metadata(method data for {method} {0x0000000046315878} &apos;getResource&apos; &apos;(Ljava/lang/String;)Ljdk/internal/loader/Resource;&apos; in &apos;jdk/internal/loader/URLClassPath$JarLoader&apos;)}
  0x000077b458149a79:   addq   $0x1,0xd8(%rbx)
  0x000077b458149a81:   mov    %rsi,%rdi
  0x000077b458149a84:   mov    %rdi,%rsi                    ;*invokevirtual ensureOpen {reexecute=0 rethrow=0 return_oop=0}
                                                            ; - jdk.internal.loader.URLClassPath$JarLoader::getResource@1 (line 760)
  0x000077b458149a87:   call   0x000077b45f4ad9e0           ; ImmutableOopMap {[56]=Oop [64]=Oop }
                                                            ;*invokevirtual ensureOpen {reexecute=0 rethrow=0 return_oop=0}
                                                            ; - jdk.internal.loader.URLClassPath$JarLoader::getResource@1 (line 760)
                                                            ;   {optimized virtual_call}
  0x000077b458149a8c:   nopl   0x184(%rax,%rax,1)           ;*invokevirtual ensureOpen {reexecute=0 rethrow=0 return_oop=0}
                                                            ; - jdk.internal.loader.URLClassPath$JarLoader::getResource@1 (line 760)
                                                            ;   {post_call_nop}
  0x000077b458149a94:   movabs $0x77b4146d3818,%rdx         ;   {metadata(method data for {method} {0x0000000046315878} &apos;getResource&apos; &apos;(Ljava/lang/String;)Ljdk/internal/loader/Resource;&apos; in &apos;jdk/internal/loader/URLClassPath$JarLoader&apos;)}
  0x000077b458149a9e:   incl   0x108(%rdx)                  ;*goto {reexecute=0 rethrow=0 return_oop=0}
                                                            ; - jdk.internal.loader.URLClassPath$JarLoader::getResource@4 (line 763)
  0x000077b458149aa4:   mov    0x38(%rsp),%rsi
  0x000077b458149aa9:   mov    0x14(%rsi),%edi
  0x000077b458149aac:   shl    $0x3,%rdi                    ;*getfield jar {reexecute=0 rethrow=0 return_oop=0}
                                                            ; - jdk.internal.loader.URLClassPath$JarLoader::getResource@18 (line 764)
  0x000077b458149ab0:   cmp    (%rdi),%rax                  ; implicit exception: dispatches to 0x000077b458149df7
                                                            ;*invokevirtual getJarEntry {reexecute=0 rethrow=0 return_oop=0}
                                                            ; - jdk.internal.loader.URLClassPath$JarLoader::getResource@22 (line 764)
  0x000077b458149ab3:   mov    %rdi,%rdx
  0x000077b458149ab6:   movabs $0x77b4146d3818,%rbx         ;   {metadata(method data for {method} {0x0000000046315878} &apos;getResource&apos; &apos;(Ljava/lang/String;)Ljdk/internal/loader/Resource;&apos; in &apos;jdk/internal/loader/URLClassPath$JarLoader&apos;)}
  0x000077b458149ac0:   movabs $0x462bd998,%rdx             ;   {metadata(&apos;java/util/jar/JarFile&apos;)}
  0x000077b458149aca:   mov    $0x27,%r10d
  0x000077b458149ad0:   cmp    (%rbx,%r10,8),%rdx
  0x000077b458149ad4:   je     0x000077b458149b0d
  0x000077b458149ad6:   add    $0x2,%r10
  0x000077b458149ada:   cmp    $0x2b,%r10
  0x000077b458149ade:   jne    0x000077b458149ad0
  0x000077b458149ae0:   mov    $0x27,%r10d
  0x000077b458149ae6:   cmpq   $0x0,(%rbx,%r10,8)
  0x000077b458149aeb:   je     0x000077b458149af9
  0x000077b458149aed:   add    $0x2,%r10
  0x000077b458149af1:   cmp    $0x2b,%r10
  0x000077b458149af5:   jne    0x000077b458149ae6
  0x000077b458149af7:   jmp    0x000077b458149b05
  0x000077b458149af9:   push   %rax
  0x000077b458149afa:   xor    %rax,%rax
  0x000077b458149afd:   cmpxchg %rdx,(%rbx,%r10,8)
  0x000077b458149b02:   pop    %rax
  0x000077b458149b03:   jmp    0x000077b458149aca
  0x000077b458149b05:   mov    $0x26,%r10d
  0x000077b458149b0b:   jmp    0x000077b458149b11
  0x000077b458149b0d:   add    $0x1,%r10
  0x000077b458149b11:   addq   $0x1,(%rbx,%r10,8)
  0x000077b458149b16:   movabs $0x77b4146d3a18,%rdx         ;   {metadata(method data for {method} {0x00000000462bee30} &apos;getJarEntry&apos; &apos;(Ljava/lang/String;)Ljava/util/jar/JarEntry;&apos; in &apos;java/util/jar/JarFile&apos;)}
  0x000077b458149b20:   mov    0x90(%rdx),%ebx
  0x000077b458149b26:   add    $0x2,%ebx
  0x000077b458149b29:   mov    %ebx,0x90(%rdx)
  0x000077b458149b2f:   and    $0x1ffffe,%ebx
  0x000077b458149b35:   test   %ebx,%ebx
  0x000077b458149b37:   je     0x000077b458149dfc
  0x000077b458149b3d:   mov    %rdi,%rdx
  0x000077b458149b40:   movabs $0x77b4146d3a18,%rbx         ;   {metadata(method data for {method} {0x00000000462bee30} &apos;getJarEntry&apos; &apos;(Ljava/lang/String;)Ljava/util/jar/JarEntry;&apos; in &apos;java/util/jar/JarFile&apos;)}
  0x000077b458149b4a:   movabs $0x462bd998,%rdx             ;   {metadata(&apos;java/util/jar/JarFile&apos;)}
  0x000077b458149b54:   mov    $0x1c,%r10d
  0x000077b458149b5a:   cmp    (%rbx,%r10,8),%rdx
  0x000077b458149b5e:   je     0x000077b458149b97
  0x000077b458149b60:   add    $0x2,%r10
  0x000077b458149b64:   cmp    $0x20,%r10
  0x000077b458149b68:   jne    0x000077b458149b5a
  0x000077b458149b6a:   mov    $0x1c,%r10d
  0x000077b458149b70:   cmpq   $0x0,(%rbx,%r10,8)
  0x000077b458149b75:   je     0x000077b458149b83
  0x000077b458149b77:   add    $0x2,%r10
  0x000077b458149b7b:   cmp    $0x20,%r10
  0x000077b458149b7f:   jne    0x000077b458149b70
  0x000077b458149b81:   jmp    0x000077b458149b8f
  0x000077b458149b83:   push   %rax
  0x000077b458149b84:   xor    %rax,%rax
  0x000077b458149b87:   cmpxchg %rdx,(%rbx,%r10,8)
  0x000077b458149b8c:   pop    %rax
  0x000077b458149b8d:   jmp    0x000077b458149b54
  0x000077b458149b8f:   mov    $0x1b,%r10d
  0x000077b458149b95:   jmp    0x000077b458149b9b
  0x000077b458149b97:   add    $0x1,%r10
  0x000077b458149b9b:   addq   $0x1,(%rbx,%r10,8)
  0x000077b458149ba0:   mov    0x40(%rsp),%rdx
  0x000077b458149ba5:   mov    %rdi,%rsi                    ;*invokevirtual getEntry {reexecute=0 rethrow=0 return_oop=0}
                                                            ; - java.util.jar.JarFile::getJarEntry@2 (line 462)
                                                            ; - jdk.internal.loader.URLClassPath$JarLoader::getResource@22 (line 764)
  0x000077b458149ba8:   nopl   0x0(%rax)
  0x000077b458149baf:   call   0x000077b45f4ad9e0           ; ImmutableOopMap {[56]=Oop [64]=Oop }
                                                            ;*invokevirtual getEntry {reexecute=0 rethrow=0 return_oop=0}
                                                            ; - java.util.jar.JarFile::getJarEntry@2 (line 462)
                                                            ; - jdk.internal.loader.URLClassPath$JarLoader::getResource@22 (line 764)
                                                            ;   {optimized virtual_call}
  0x000077b458149bb4:   nopl   0x10002ac(%rax,%rax,1)       ;*invokevirtual getEntry {reexecute=0 rethrow=0 return_oop=0}
                                                            ; - java.util.jar.JarFile::getJarEntry@2 (line 462)
                                                            ; - jdk.internal.loader.URLClassPath$JarLoader::getResource@22 (line 764)
                                                            ;   {post_call_nop}
  0x000077b458149bbc:   test   %rax,%rax
  0x000077b458149bbf:   movabs $0x77b4146d3a18,%rsi         ;   {metadata(method data for {method} {0x00000000462bee30} &apos;getJarEntry&apos; &apos;(Ljava/lang/String;)Ljava/util/jar/JarEntry;&apos; in &apos;java/util/jar/JarFile&apos;)}
  0x000077b458149bc9:   jne    0x000077b458149bd7
  0x000077b458149bcb:   orb    $0x1,0x101(%rsi)
  0x000077b458149bd2:   jmp    0x000077b458149c54
  0x000077b458149bd7:   mov    0x8(%rax),%edi
  0x000077b458149bda:   mov    $0x46000000,%r10d
  0x000077b458149be0:   add    %r10,%rdi
  0x000077b458149be3:   mov    $0x22,%r10d
  0x000077b458149be9:   cmp    (%rsi,%r10,8),%rdi
  0x000077b458149bed:   je     0x000077b458149c26
  0x000077b458149bef:   add    $0x2,%r10
  0x000077b458149bf3:   cmp    $0x26,%r10
  0x000077b458149bf7:   jne    0x000077b458149be9
  0x000077b458149bf9:   mov    $0x22,%r10d
  0x000077b458149bff:   cmpq   $0x0,(%rsi,%r10,8)
  0x000077b458149c04:   je     0x000077b458149c12
  0x000077b458149c06:   add    $0x2,%r10
  0x000077b458149c0a:   cmp    $0x26,%r10
  0x000077b458149c0e:   jne    0x000077b458149bff
  0x000077b458149c10:   jmp    0x000077b458149c1e
  0x000077b458149c12:   push   %rax
  0x000077b458149c13:   xor    %rax,%rax
  0x000077b458149c16:   cmpxchg %rdi,(%rsi,%r10,8)
  0x000077b458149c1b:   pop    %rax
  0x000077b458149c1c:   jmp    0x000077b458149be3
  0x000077b458149c1e:   mov    $0x21,%r10d
  0x000077b458149c24:   jmp    0x000077b458149c2a
  0x000077b458149c26:   add    $0x1,%r10
  0x000077b458149c2a:   addq   $0x1,(%rsi,%r10,8)
  0x000077b458149c2f:   movabs $0x4630a278,%rdi             ;   {metadata(&apos;java/util/jar/JarEntry&apos;)}
  0x000077b458149c39:   mov    0x8(%rax),%esi
  0x000077b458149c3c:   mov    $0x46000000,%r10d
  0x000077b458149c42:   add    %r10,%rsi
  0x000077b458149c45:   cmp    0x40(%rsi),%rdi
  0x000077b458149c49:   jne    0x000077b458149e1d
  0x000077b458149c4f:   jmp    0x000077b458149c54
  0x000077b458149c54:   mov    %rax,%rcx                    ;*checkcast {reexecute=0 rethrow=0 return_oop=0}
                                                            ; - java.util.jar.JarFile::getJarEntry@5 (line 462)
                                                            ; - jdk.internal.loader.URLClassPath$JarLoader::getResource@22 (line 764)
  0x000077b458149c57:   test   %rcx,%rcx
  0x000077b458149c5a:   movabs $0x77b4146d3818,%rdx         ;   {metadata(method data for {method} {0x0000000046315878} &apos;getResource&apos; &apos;(Ljava/lang/String;)Ljdk/internal/loader/Resource;&apos; in &apos;jdk/internal/loader/URLClassPath$JarLoader&apos;)}
  0x000077b458149c64:   mov    $0x160,%esi
  0x000077b458149c69:   je     0x000077b458149c70
  0x000077b458149c6b:   mov    $0x170,%esi
  0x000077b458149c70:   mov    (%rdx,%rsi,1),%rdi
  0x000077b458149c74:   lea    0x1(%rdi),%rdi
  0x000077b458149c78:   mov    %rdi,(%rdx,%rsi,1)
  0x000077b458149c7c:   je     0x000077b458149d0c           ;*ifnull {reexecute=0 rethrow=0 return_oop=0}
                                                            ; - jdk.internal.loader.URLClassPath$JarLoader::getResource@27 (line 765)
  0x000077b458149c82:   mov    0x40(%rsp),%rdx
  0x000077b458149c87:   mov    0x38(%rsp),%rsi
  0x000077b458149c8c:   mov    %rsi,%rdi
  0x000077b458149c8f:   movabs $0x77b4146d3818,%rbx         ;   {metadata(method data for {method} {0x0000000046315878} &apos;getResource&apos; &apos;(Ljava/lang/String;)Ljdk/internal/loader/Resource;&apos; in &apos;jdk/internal/loader/URLClassPath$JarLoader&apos;)}
  0x000077b458149c99:   movabs $0x46315558,%rdi             ;   {metadata(&apos;jdk/internal/loader/URLClassPath$JarLoader&apos;)}
  0x000077b458149ca3:   mov    $0x31,%r10d
  0x000077b458149ca9:   cmp    (%rbx,%r10,8),%rdi
  0x000077b458149cad:   je     0x000077b458149ce6
  0x000077b458149caf:   add    $0x2,%r10
  0x000077b458149cb3:   cmp    $0x35,%r10
  0x000077b458149cb7:   jne    0x000077b458149ca9
  0x000077b458149cb9:   mov    $0x31,%r10d
  0x000077b458149cbf:   cmpq   $0x0,(%rbx,%r10,8)
  0x000077b458149cc4:   je     0x000077b458149cd2
  0x000077b458149cc6:   add    $0x2,%r10
  0x000077b458149cca:   cmp    $0x35,%r10
  0x000077b458149cce:   jne    0x000077b458149cbf
  0x000077b458149cd0:   jmp    0x000077b458149cde
  0x000077b458149cd2:   push   %rax
  0x000077b458149cd3:   xor    %rax,%rax
  0x000077b458149cd6:   cmpxchg %rdi,(%rbx,%r10,8)
  0x000077b458149cdb:   pop    %rax
  0x000077b458149cdc:   jmp    0x000077b458149ca3
  0x000077b458149cde:   mov    $0x30,%r10d
  0x000077b458149ce4:   jmp    0x000077b458149cea
  0x000077b458149ce6:   add    $0x1,%r10
  0x000077b458149cea:   addq   $0x1,(%rbx,%r10,8)
  0x000077b458149cef:   call   0x000077b45f4ad9e0           ; ImmutableOopMap {}
                                                            ;*invokevirtual createResource {reexecute=0 rethrow=0 return_oop=0}
                                                            ; - jdk.internal.loader.URLClassPath$JarLoader::getResource@33 (line 766)
                                                            ;   {optimized virtual_call}
  0x000077b458149cf4:   nopl   0x20003ec(%rax,%rax,1)       ;*invokevirtual createResource {reexecute=0 rethrow=0 return_oop=0}
                                                            ; - jdk.internal.loader.URLClassPath$JarLoader::getResource@33 (line 766)
                                                            ;   {post_call_nop}
  0x000077b458149cfc:   add    $0x60,%rsp
  0x000077b458149d00:   pop    %rbp
  0x000077b458149d01:   cmp    0x28(%r15),%rsp              ;   {poll_return}
  0x000077b458149d05:   ja     0x000077b458149e26
  0x000077b458149d0b:   ret                                 ;*areturn {reexecute=0 rethrow=0 return_oop=0}
                                                            ; - jdk.internal.loader.URLClassPath$JarLoader::getResource@36 (line 766)
  0x000077b458149d0c:   movabs $0x0,%rax                    ;   {oop(nullptr)}
  0x000077b458149d16:   add    $0x60,%rsp
  0x000077b458149d1a:   pop    %rbp
  0x000077b458149d1b:   cmp    0x28(%r15),%rsp              ;   {poll_return}
  0x000077b458149d1f:   ja     0x000077b458149e3c
  0x000077b458149d25:   ret                                 ;*areturn {reexecute=0 rethrow=0 return_oop=0}
                                                            ; - jdk.internal.loader.URLClassPath$JarLoader::getResource@38 (line 768)
  0x000077b458149d26:   mov    0x5c0(%r15),%rax
  0x000077b458149d2d:   xor    %r10,%r10
  0x000077b458149d30:   mov    %r10,0x5c0(%r15)
  0x000077b458149d37:   xor    %r10,%r10
  0x000077b458149d3a:   mov    %r10,0x5c8(%r15)
  0x000077b458149d41:   mov    %rax,%rbx
  0x000077b458149d44:   nopl   0x0(%rax)
  0x000077b458149d48:   jmp    0x000077b458149e61           ;   {other}
  0x000077b458149d4d:   add    %al,(%rax)
  0x000077b458149d4f:   add    %al,(%rax)
  0x000077b458149d51:   add    %cl,-0x75(%rcx)
  0x000077b458149d54:   xchg   %esi,0x48000001(%rax)
  0x000077b458149d5a:   lea    0x28(%rax),%edi
  0x000077b458149d5d:   cmp    0x1c0(%r15),%rdi
  0x000077b458149d64:   ja     0x000077b458149e6b
  0x000077b458149d6a:   mov    %rdi,0x1b0(%r15)
  0x000077b458149d71:   movq   $0x1,(%rax)
  0x000077b458149d78:   mov    %rdx,%rcx
  0x000077b458149d7b:   mov    $0x46000000,%r10d
  0x000077b458149d81:   sub    %r10,%rcx
  0x000077b458149d84:   mov    %ecx,0x8(%rax)
  0x000077b458149d87:   xor    %rcx,%rcx
  0x000077b458149d8a:   mov    %ecx,0xc(%rax)
  0x000077b458149d8d:   xor    %rcx,%rcx
  0x000077b458149d90:   mov    %rcx,0x10(%rax)
  0x000077b458149d94:   mov    %rcx,0x18(%rax)
  0x000077b458149d98:   mov    %rcx,0x20(%rax)              ;*new {reexecute=0 rethrow=0 return_oop=0}
                                                            ; - jdk.internal.loader.URLClassPath$JarLoader::getResource@8 (line 762)
  0x000077b458149d9c:   mov    %rax,%rdx
  0x000077b458149d9f:   movabs $0x77b4146d3818,%rsi         ;   {metadata(method data for {method} {0x0000000046315878} &apos;getResource&apos; &apos;(Ljava/lang/String;)Ljdk/internal/loader/Resource;&apos; in &apos;jdk/internal/loader/URLClassPath$JarLoader&apos;)}
  0x000077b458149da9:   addq   $0x1,0x120(%rsi)
  0x000077b458149db1:   mov    %rbx,%rdx
  0x000077b458149db4:   mov    %rax,%rsi                    ;*invokespecial &lt;init&gt; {reexecute=0 rethrow=0 return_oop=0}
                                                            ; - jdk.internal.loader.URLClassPath$JarLoader::getResource@13 (line 762)
  0x000077b458149db7:   mov    %rax,0x48(%rsp)
  0x000077b458149dbc:   data16 xchg %ax,%ax
  0x000077b458149dbf:   call   0x000077b45f4ad9e0           ; ImmutableOopMap {[72]=Oop }
                                                            ;*invokespecial &lt;init&gt; {reexecute=0 rethrow=0 return_oop=0}
                                                            ; - jdk.internal.loader.URLClassPath$JarLoader::getResource@13 (line 762)
                                                            ;   {optimized virtual_call}
  0x000077b458149dc4:   nopl   0x30004bc(%rax,%rax,1)       ;*invokespecial &lt;init&gt; {reexecute=0 rethrow=0 return_oop=0}
                                                            ; - jdk.internal.loader.URLClassPath$JarLoader::getResource@13 (line 762)
                                                            ;   {post_call_nop}
  0x000077b458149dcc:   mov    0x48(%rsp),%rax
  0x000077b458149dd1:   jmp    0x000077b458149e95
  0x000077b458149dd6:   movabs $0x46315878,%r10             ;   {metadata({method} {0x0000000046315878} &apos;getResource&apos; &apos;(Ljava/lang/String;)Ljdk/internal/loader/Resource;&apos; in &apos;jdk/internal/loader/URLClassPath$JarLoader&apos;)}
  0x000077b458149de0:   mov    %r10,0x8(%rsp)
  0x000077b458149de5:   movq   $0xffffffffffffffff,(%rsp)
  0x000077b458149ded:   call   0x000077b45f582fe0           ; ImmutableOopMap {rsi=Oop rdx=Oop [56]=Oop }
                                                            ;*synchronization entry
                                                            ; - jdk.internal.loader.URLClassPath$JarLoader::getResource@-1 (line 760)
                                                            ;   {runtime_call counter_overflow_blob (C1 runtime)}
  0x000077b458149df2:   jmp    0x000077b458149a67
  0x000077b458149df7:   call   0x000077b45f57c660           ; ImmutableOopMap {rsi=Oop rdi=Oop [56]=Oop [64]=Oop }
                                                            ;*invokevirtual getJarEntry {reexecute=0 rethrow=0 return_oop=0}
                                                            ; - jdk.internal.loader.URLClassPath$JarLoader::getResource@22 (line 764)
                                                            ;   {runtime_call throw_null_pointer_exception_blob (C1 runtime)}
  0x000077b458149dfc:   movabs $0x462bee30,%r10             ;   {metadata({method} {0x00000000462bee30} &apos;getJarEntry&apos; &apos;(Ljava/lang/String;)Ljava/util/jar/JarEntry;&apos; in &apos;java/util/jar/JarFile&apos;)}
  0x000077b458149e06:   mov    %r10,0x8(%rsp)
  0x000077b458149e0b:   movq   $0xffffffffffffffff,(%rsp)
  0x000077b458149e13:   call   0x000077b45f582fe0           ; ImmutableOopMap {rsi=Oop rdi=Oop [56]=Oop [64]=Oop }
                                                            ;*synchronization entry
                                                            ; - java.util.jar.JarFile::getJarEntry@-1 (line 462)
                                                            ; - jdk.internal.loader.URLClassPath$JarLoader::getResource@22 (line 764)
                                                            ;   {runtime_call counter_overflow_blob (C1 runtime)}
  0x000077b458149e18:   jmp    0x000077b458149b3d
  0x000077b458149e1d:   mov    %rax,(%rsp)
  0x000077b458149e21:   call   0x000077b45f57f3e0           ; ImmutableOopMap {[56]=Oop [64]=Oop }
                                                            ;*checkcast {reexecute=0 rethrow=0 return_oop=0}
                                                            ; - java.util.jar.JarFile::getJarEntry@5 (line 462)
                                                            ; - jdk.internal.loader.URLClassPath$JarLoader::getResource@22 (line 764)
                                                            ;   {runtime_call throw_class_cast_exception_blob (C1 runtime)}
  0x000077b458149e26:   movabs $0x77b458149d01,%r10         ;   {internal_word}
  0x000077b458149e30:   mov    %r10,0x510(%r15)
  0x000077b458149e37:   jmp    0x000077b45f4afb60           ;   {runtime_call SafepointBlob}
  0x000077b458149e3c:   movabs $0x77b458149d1b,%r10         ;   {internal_word}
  0x000077b458149e46:   mov    %r10,0x510(%r15)
  0x000077b458149e4d:   jmp    0x000077b45f4afb60           ;   {runtime_call SafepointBlob}
  0x000077b458149e52:   movabs $0x0,%rdx                    ;   {metadata(nullptr)}
  0x000077b458149e5c:   mov    $0xa050f00,%eax
  0x000077b458149e61:   call   0x000077b45f5820e0           ; ImmutableOopMap {rbx=Oop }
                                                            ;*new {reexecute=1 rethrow=0 return_oop=0}
                                                            ; - (reexecute) jdk.internal.loader.URLClassPath$JarLoader::getResource@8 (line 762)
                                                            ;   {runtime_call load_klass_patching_blob (C1 runtime)}
  0x000077b458149e66:   jmp    0x000077b458149d48
  0x000077b458149e6b:   mov    %rdx,%rdx
  0x000077b458149e6e:   call   0x000077b45f57d3e0           ; ImmutableOopMap {rbx=Oop }
                                                            ;*new {reexecute=0 rethrow=0 return_oop=0}
                                                            ; - jdk.internal.loader.URLClassPath$JarLoader::getResource@8 (line 762)
                                                            ;   {runtime_call fast_new_instance_blob (C1 runtime)}
  0x000077b458149e73:   jmp    0x000077b458149d9c
  0x000077b458149e78:   mov    0x5c0(%r15),%rax
  0x000077b458149e7f:   movq   $0x0,0x5c0(%r15)
  0x000077b458149e8a:   movq   $0x0,0x5c8(%r15)
  0x000077b458149e95:   add    $0x60,%rsp
  0x000077b458149e99:   pop    %rbp
  0x000077b458149e9a:   jmp    0x000077b45f57b760           ;   {runtime_call unwind_exception_blob (C1 runtime)}
  0x000077b458149e9f:   hlt    
[Stub Code]
  0x000077b458149ea0:   nopl   0x0(%rax,%rax,1)             ;   {other}
  0x000077b458149ea5:   movabs $0x0,%rbx                    ;   {static_stub}
  0x000077b458149eaf:   jmp    0x000077b458149eaf           ;   {runtime_call nmethod}
  0x000077b458149eb4:   nop
  0x000077b458149eb5:   movabs $0x0,%rbx                    ;   {static_stub}
  0x000077b458149ebf:   jmp    0x000077b458149ebf           ;   {runtime_call nmethod}
  0x000077b458149ec4:   movabs $0x0,%rbx                    ;   {static_stub}
  0x000077b458149ece:   jmp    0x000077b458149ece           ;   {runtime_call nmethod}
  0x000077b458149ed3:   movabs $0x0,%rbx                    ;   {static_stub}
  0x000077b458149edd:   jmp    0x000077b458149edd           ;   {runtime_call nmethod}
[Exception Handler]
  0x000077b458149ee2:   call   0x000077b45f57ede0           ;   {runtime_call handle_exception_from_callee_blob (C1 runtime)}
  0x000077b458149ee7:   movabs $0x77b478d3aec4,%rdi         ;   {external_word}
  0x000077b458149ef1:   and    $0xfffffffffffffff0,%rsp
  0x000077b458149ef5:   call   0x000077b478791cc0           ;   {runtime_call MacroAssembler::debug64(char*, long, long*)}
  0x000077b458149efa:   hlt    
  0x000077b458149efb:   call   0x000077b45f4afe60           ;   {runtime_call DeoptimizationBlob}
[Deopt Handler Entry Point]
  0x000077b458149f00:   jmp    0x000077b458149efb
  0x000077b458149f02:   hlt    
  0x000077b458149f03:   hlt    
  0x000077b458149f04:   hlt    
  0x000077b458149f05:   hlt    
  0x000077b458149f06:   hlt    
  0x000077b458149f07:   hlt    
--------------------------------------------------------------------------------
[/Disassembly]
