
============================= C1-compiled nmethod ==============================
----------------------------------- Assembly -----------------------------------

Compiled method (c1) 39465 1743       3       java.util.jar.JarFile::getEntry (35 bytes)
 total in heap  [0x000077b458149f88,0x000077b45814a4f0] = 1384
 main code      [0x000077b45814a080,0x000077b45814a488] = 1032
 stub code      [0x000077b45814a488,0x000077b45814a4f0] = 104
 mutable data [0x000077b3e810d8e0,0x000077b3e810d980] = 160
 relocation     [0x000077b3e810d8e0,0x000077b3e810d968] = 136
 metadata       [0x000077b3e810d968,0x000077b3e810d980] = 24
 immutable data [0x000077b3e810d630,0x000077b3e810d8d4] = 676
 dependencies   [0x000077b3e810d630,0x000077b3e810d638] = 8
 handler table  [0x000077b3e810d638,0x000077b3e810d650] = 24
 scopes pcs     [0x000077b3e810d650,0x000077b3e810d810] = 448
 scopes data    [0x000077b3e810d810,0x000077b3e810d8d0] = 192

[Disassembly]
--------------------------------------------------------------------------------
[Constant Pool (empty)]

--------------------------------------------------------------------------------

[Instructions begin]
  0x000077b45814a080:   data16 data16 nopw 0x0(%rax,%rax,1)
  0x000077b45814a08b:   data16 data16 xchg %ax,%ax
  0x000077b45814a08f:   data16 xchg %ax,%ax
[Entry Point]
  # {method} {0x00000000462bed28} &apos;getEntry&apos; &apos;(Ljava/lang/String;)Ljava/util/zip/ZipEntry;&apos; in &apos;java/util/jar/JarFile&apos;
  # this:     rsi:rsi   = &apos;java/util/jar/JarFile&apos;
  # parm0:    rdx:rdx   = &apos;java/lang/String&apos;
  #           [sp+0x60]  (sp of caller)
  0x000077b45814a092:   mov    0x8(%rsi),%r10d
  0x000077b45814a096:   cmp    0x8(%rax),%r10d
  0x000077b45814a09a:   jne    0x000077b45f4ad6e0           ;   {runtime_call ic_miss_blob (shared runtime)}
[Verified Entry Point]
  0x000077b45814a0a0:   mov    %eax,-0x14000(%rsp)
  0x000077b45814a0a7:   push   %rbp
  0x000077b45814a0a8:   sub    $0x50,%rsp
  0x000077b45814a0ac:   cmpl   $0x1,0x20(%r15)
  0x000077b45814a0b4:   je     0x000077b45814a0bb
  0x000077b45814a0b6:   call   Stub::method_entry_barrier_stub (stub gen)
                                                            ;   {runtime_call Stub::method_entry_barrier_stub (stub gen)}
  0x000077b45814a0bb:   mov    %rsi,0x38(%rsp)
  0x000077b45814a0c0:   movabs $0x77b4146d3b98,%rdi         ;   {metadata(method data for {method} {0x00000000462bed28} &apos;getEntry&apos; &apos;(Ljava/lang/String;)Ljava/util/zip/ZipEntry;&apos; in &apos;java/util/jar/JarFile&apos;)}
  0x000077b45814a0ca:   mov    0x90(%rdi),%ebx
  0x000077b45814a0d0:   add    $0x2,%ebx
  0x000077b45814a0d3:   mov    %ebx,0x90(%rdi)
  0x000077b45814a0d9:   and    $0x7fe,%ebx
  0x000077b45814a0df:   test   %ebx,%ebx
  0x000077b45814a0e1:   je     0x000077b45814a3e4           ;*aload_0 {reexecute=0 rethrow=0 return_oop=0}
                                                            ; - java.util.jar.JarFile::getEntry@0 (line 500)
  0x000077b45814a0e7:   mov    %rsi,%rdi
  0x000077b45814a0ea:   movabs $0x77b4146d3b98,%rbx         ;   {metadata(method data for {method} {0x00000000462bed28} &apos;getEntry&apos; &apos;(Ljava/lang/String;)Ljava/util/zip/ZipEntry;&apos; in &apos;java/util/jar/JarFile&apos;)}
  0x000077b45814a0f4:   mov    0x8(%rdi),%edi
  0x000077b45814a0f7:   mov    $0x46000000,%r10d
  0x000077b45814a0fd:   add    %r10,%rdi
  0x000077b45814a100:   mov    $0x1c,%r10d
  0x000077b45814a106:   cmp    (%rbx,%r10,8),%rdi
  0x000077b45814a10a:   je     0x000077b45814a143
  0x000077b45814a10c:   add    $0x2,%r10
  0x000077b45814a110:   cmp    $0x20,%r10
  0x000077b45814a114:   jne    0x000077b45814a106
  0x000077b45814a116:   mov    $0x1c,%r10d
  0x000077b45814a11c:   cmpq   $0x0,(%rbx,%r10,8)
  0x000077b45814a121:   je     0x000077b45814a12f
  0x000077b45814a123:   add    $0x2,%r10
  0x000077b45814a127:   cmp    $0x20,%r10
  0x000077b45814a12b:   jne    0x000077b45814a11c
  0x000077b45814a12d:   jmp    0x000077b45814a13b
  0x000077b45814a12f:   push   %rax
  0x000077b45814a130:   xor    %rax,%rax
  0x000077b45814a133:   cmpxchg %rdi,(%rbx,%r10,8)
  0x000077b45814a138:   pop    %rax
  0x000077b45814a139:   jmp    0x000077b45814a100
  0x000077b45814a13b:   mov    $0x1b,%r10d
  0x000077b45814a141:   jmp    0x000077b45814a147
  0x000077b45814a143:   add    $0x1,%r10
  0x000077b45814a147:   addq   $0x1,(%rbx,%r10,8)
  0x000077b45814a14c:   movabs $0x77b414113348,%rdi         ;   {metadata(method data for {method} {0x00000000462bf358} &apos;isMultiRelease&apos; &apos;()Z&apos; in &apos;java/util/jar/JarFile&apos;)}
  0x000077b45814a156:   mov    0x90(%rdi),%ebx
  0x000077b45814a15c:   add    $0x2,%ebx
  0x000077b45814a15f:   mov    %ebx,0x90(%rdi)
  0x000077b45814a165:   and    $0x1ffffe,%ebx
  0x000077b45814a16b:   test   %ebx,%ebx
  0x000077b45814a16d:   je     0x000077b45814a405
  0x000077b45814a173:   movsbl 0x13(%rsi),%edi              ;*getfield isMultiRelease {reexecute=0 rethrow=0 return_oop=0}
                                                            ; - java.util.jar.JarFile::isMultiRelease@1 (line 372)
                                                            ; - java.util.jar.JarFile::getEntry@1 (line 500)
  0x000077b45814a177:   test   %edi,%edi
  0x000077b45814a179:   movabs $0x77b414113348,%rdi         ;   {metadata(method data for {method} {0x00000000462bf358} &apos;isMultiRelease&apos; &apos;()Z&apos; in &apos;java/util/jar/JarFile&apos;)}
  0x000077b45814a183:   mov    $0xd8,%ebx
  0x000077b45814a188:   je     0x000077b45814a18f
  0x000077b45814a18a:   mov    $0xe8,%ebx
  0x000077b45814a18f:   mov    (%rdi,%rbx,1),%rax
  0x000077b45814a193:   lea    0x1(%rax),%rax
  0x000077b45814a197:   mov    %rax,(%rdi,%rbx,1)
  0x000077b45814a19b:   je     0x000077b45814a1b0           ;*ifeq {reexecute=0 rethrow=0 return_oop=0}
                                                            ; - java.util.jar.JarFile::isMultiRelease@4 (line 372)
                                                            ; - java.util.jar.JarFile::getEntry@1 (line 500)
  0x000077b45814a1a1:   mov    $0x1,%edi
  0x000077b45814a1a6:   mov    %rdx,0x40(%rsp)
  0x000077b45814a1ab:   jmp    0x000077b45814a23c           ;*ifeq {reexecute=0 rethrow=0 return_oop=0}
                                                            ; - java.util.jar.JarFile::getEntry@4 (line 500)
  0x000077b45814a1b0:   movabs $0x77b414113348,%rdi         ;   {metadata(method data for {method} {0x00000000462bf358} &apos;isMultiRelease&apos; &apos;()Z&apos; in &apos;java/util/jar/JarFile&apos;)}
  0x000077b45814a1ba:   incl   0x108(%rdi)                  ;*ifeq {reexecute=0 rethrow=0 return_oop=0}
                                                            ; - java.util.jar.JarFile::isMultiRelease@12 (line 375)
                                                            ; - java.util.jar.JarFile::getEntry@1 (line 500)
  0x000077b45814a1c0:   mov    %rdx,0x40(%rsp)
  0x000077b45814a1c5:   mov    %rsi,%rdi
  0x000077b45814a1c8:   movabs $0x77b414113348,%rbx         ;   {metadata(method data for {method} {0x00000000462bf358} &apos;isMultiRelease&apos; &apos;()Z&apos; in &apos;java/util/jar/JarFile&apos;)}
  0x000077b45814a1d2:   addq   $0x1,0x118(%rbx)
  0x000077b45814a1da:   mov    %rsi,%rdi
  0x000077b45814a1dd:   mov    %rdi,%rsi                    ;*invokevirtual checkForSpecialAttributes {reexecute=0 rethrow=0 return_oop=0}
                                                            ; - java.util.jar.JarFile::isMultiRelease@16 (line 377)
                                                            ; - java.util.jar.JarFile::getEntry@1 (line 500)
  0x000077b45814a1e0:   nopl   0x0(%rax)
  0x000077b45814a1e7:   call   0x000077b45f4ad9e0           ; ImmutableOopMap {[56]=Oop [64]=Oop }
                                                            ;*invokevirtual checkForSpecialAttributes {reexecute=0 rethrow=0 return_oop=0}
                                                            ; - java.util.jar.JarFile::isMultiRelease@16 (line 377)
                                                            ; - java.util.jar.JarFile::getEntry@1 (line 500)
                                                            ;   {optimized virtual_call}
  0x000077b45814a1ec:   nopl   0x264(%rax,%rax,1)           ;*invokevirtual checkForSpecialAttributes {reexecute=0 rethrow=0 return_oop=0}
                                                            ; - java.util.jar.JarFile::isMultiRelease@16 (line 377)
                                                            ; - java.util.jar.JarFile::getEntry@1 (line 500)
                                                            ;   {post_call_nop}
  0x000077b45814a1f4:   movabs $0x77b414113348,%rax         ;   {metadata(method data for {method} {0x00000000462bf358} &apos;isMultiRelease&apos; &apos;()Z&apos; in &apos;java/util/jar/JarFile&apos;)}
  0x000077b45814a1fe:   incl   0x148(%rax)
  0x000077b45814a204:   mov    0x38(%rsp),%rsi
  0x000077b45814a209:   jmp    0x000077b45814a232           ;*goto {reexecute=0 rethrow=0 return_oop=0}
                                                            ; - java.util.jar.JarFile::isMultiRelease@19 (line 380)
                                                            ; - java.util.jar.JarFile::getEntry@1 (line 500)
  0x000077b45814a20e:   mov    0x38(%rsp),%rsi
  0x000077b45814a213:   mov    0x5c0(%r15),%rax
  0x000077b45814a21a:   xor    %r10,%r10
  0x000077b45814a21d:   mov    %r10,0x5c0(%r15)
  0x000077b45814a224:   xor    %r10,%r10
  0x000077b45814a227:   mov    %r10,0x5c8(%r15)
  0x000077b45814a22e:   movb   $0x0,0x13(%rsi)              ;*putfield isMultiRelease {reexecute=0 rethrow=0 return_oop=0}
                                                            ; - java.util.jar.JarFile::isMultiRelease@25 (line 379)
                                                            ; - java.util.jar.JarFile::getEntry@1 (line 500)
  0x000077b45814a232:   movsbl 0x13(%rsi),%edx              ;*getfield isMultiRelease {reexecute=0 rethrow=0 return_oop=0}
                                                            ; - java.util.jar.JarFile::isMultiRelease@29 (line 382)
                                                            ; - java.util.jar.JarFile::getEntry@1 (line 500)
  0x000077b45814a236:   and    $0x1,%edx
  0x000077b45814a239:   mov    %rdx,%rdi
  0x000077b45814a23c:   test   %edi,%edi
  0x000077b45814a23e:   movabs $0x77b4146d3b98,%rdx         ;   {metadata(method data for {method} {0x00000000462bed28} &apos;getEntry&apos; &apos;(Ljava/lang/String;)Ljava/util/zip/ZipEntry;&apos; in &apos;java/util/jar/JarFile&apos;)}
  0x000077b45814a248:   mov    $0x108,%ecx
  0x000077b45814a24d:   je     0x000077b45814a254
  0x000077b45814a24f:   mov    $0x118,%ecx
  0x000077b45814a254:   mov    (%rdx,%rcx,1),%rdi
  0x000077b45814a258:   lea    0x1(%rdi),%rdi
  0x000077b45814a25c:   mov    %rdi,(%rdx,%rcx,1)
  0x000077b45814a260:   je     0x000077b45814a3ac           ;*ifeq {reexecute=0 rethrow=0 return_oop=0}
                                                            ; - java.util.jar.JarFile::getEntry@4 (line 500)
  0x000077b45814a266:   mov    %rsi,%rdx
  0x000077b45814a269:   movabs $0x77b4146d3b98,%rcx         ;   {metadata(method data for {method} {0x00000000462bed28} &apos;getEntry&apos; &apos;(Ljava/lang/String;)Ljava/util/zip/ZipEntry;&apos; in &apos;java/util/jar/JarFile&apos;)}
  0x000077b45814a273:   addq   $0x1,0x128(%rcx)
  0x000077b45814a27b:   mov    0x40(%rsp),%rdx
  0x000077b45814a280:   movabs $0x0,%rcx                    ;   {oop(nullptr)}
  0x000077b45814a28a:   mov    %rsi,%rdi
  0x000077b45814a28d:   mov    %rdi,%rsi                    ;*invokevirtual getVersionedEntry {reexecute=0 rethrow=0 return_oop=0}
                                                            ; - java.util.jar.JarFile::getEntry@10 (line 501)
  0x000077b45814a290:   nopl   0x0(%rax)
  0x000077b45814a297:   call   0x000077b45f4ad9e0           ; ImmutableOopMap {[56]=Oop [64]=Oop }
                                                            ;*invokevirtual getVersionedEntry {reexecute=0 rethrow=0 return_oop=0}
                                                            ; - java.util.jar.JarFile::getEntry@10 (line 501)
                                                            ;   {optimized virtual_call}
  0x000077b45814a29c:   nopl   0x1000314(%rax,%rax,1)       ;*invokevirtual getVersionedEntry {reexecute=0 rethrow=0 return_oop=0}
                                                            ; - java.util.jar.JarFile::getEntry@10 (line 501)
                                                            ;   {post_call_nop}
  0x000077b45814a2a4:   test   %rax,%rax
  0x000077b45814a2a7:   movabs $0x77b4146d3b98,%rdx         ;   {metadata(method data for {method} {0x00000000462bed28} &apos;getEntry&apos; &apos;(Ljava/lang/String;)Ljava/util/zip/ZipEntry;&apos; in &apos;java/util/jar/JarFile&apos;)}
  0x000077b45814a2b1:   mov    $0x158,%esi
  0x000077b45814a2b6:   jne    0x000077b45814a2bd
  0x000077b45814a2b8:   mov    $0x168,%esi
  0x000077b45814a2bd:   mov    (%rdx,%rsi,1),%rdi
  0x000077b45814a2c1:   lea    0x1(%rdi),%rdi
  0x000077b45814a2c5:   mov    %rdi,(%rdx,%rsi,1)
  0x000077b45814a2c9:   jne    0x000077b45814a39c           ;*ifnonnull {reexecute=0 rethrow=0 return_oop=0}
                                                            ; - java.util.jar.JarFile::getEntry@15 (line 502)
  0x000077b45814a2cf:   mov    0x38(%rsp),%rsi
  0x000077b45814a2d4:   movabs $0x77b4146d3b98,%rdx         ;   {metadata(method data for {method} {0x00000000462bed28} &apos;getEntry&apos; &apos;(Ljava/lang/String;)Ljava/util/zip/ZipEntry;&apos; in &apos;java/util/jar/JarFile&apos;)}
  0x000077b45814a2de:   addq   $0x1,0x178(%rdx)
  0x000077b45814a2e6:   mov    0x40(%rsp),%rdx
  0x000077b45814a2eb:   mov    0x38(%rsp),%rsi              ;*invokespecial getEntry {reexecute=0 rethrow=0 return_oop=0}
                                                            ; - java.util.jar.JarFile::getEntry@20 (line 503)
  0x000077b45814a2f0:   nopl   0x0(%rax)
  0x000077b45814a2f7:   call   0x000077b45f4ad9e0           ; ImmutableOopMap {}
                                                            ;*invokespecial getEntry {reexecute=0 rethrow=0 return_oop=0}
                                                            ; - java.util.jar.JarFile::getEntry@20 (line 503)
                                                            ;   {optimized virtual_call}
  0x000077b45814a2fc:   nopl   0x2000374(%rax,%rax,1)       ;*invokespecial getEntry {reexecute=0 rethrow=0 return_oop=0}
                                                            ; - java.util.jar.JarFile::getEntry@20 (line 503)
                                                            ;   {post_call_nop}
  0x000077b45814a304:   test   %rax,%rax
  0x000077b45814a307:   movabs $0x77b4146d3b98,%rsi         ;   {metadata(method data for {method} {0x00000000462bed28} &apos;getEntry&apos; &apos;(Ljava/lang/String;)Ljava/util/zip/ZipEntry;&apos; in &apos;java/util/jar/JarFile&apos;)}
  0x000077b45814a311:   jne    0x000077b45814a31f
  0x000077b45814a313:   orb    $0x1,0x181(%rsi)
  0x000077b45814a31a:   jmp    0x000077b45814a39c
  0x000077b45814a31f:   mov    0x8(%rax),%edi
  0x000077b45814a322:   mov    $0x46000000,%r10d
  0x000077b45814a328:   add    %r10,%rdi
  0x000077b45814a32b:   mov    $0x32,%r10d
  0x000077b45814a331:   cmp    (%rsi,%r10,8),%rdi
  0x000077b45814a335:   je     0x000077b45814a36e
  0x000077b45814a337:   add    $0x2,%r10
  0x000077b45814a33b:   cmp    $0x36,%r10
  0x000077b45814a33f:   jne    0x000077b45814a331
  0x000077b45814a341:   mov    $0x32,%r10d
  0x000077b45814a347:   cmpq   $0x0,(%rsi,%r10,8)
  0x000077b45814a34c:   je     0x000077b45814a35a
  0x000077b45814a34e:   add    $0x2,%r10
  0x000077b45814a352:   cmp    $0x36,%r10
  0x000077b45814a356:   jne    0x000077b45814a347
  0x000077b45814a358:   jmp    0x000077b45814a366
  0x000077b45814a35a:   push   %rax
  0x000077b45814a35b:   xor    %rax,%rax
  0x000077b45814a35e:   cmpxchg %rdi,(%rsi,%r10,8)
  0x000077b45814a363:   pop    %rax
  0x000077b45814a364:   jmp    0x000077b45814a32b
  0x000077b45814a366:   mov    $0x31,%r10d
  0x000077b45814a36c:   jmp    0x000077b45814a372
  0x000077b45814a36e:   add    $0x1,%r10
  0x000077b45814a372:   addq   $0x1,(%rsi,%r10,8)
  0x000077b45814a377:   movabs $0x4630a278,%rdi             ;   {metadata(&apos;java/util/jar/JarEntry&apos;)}
  0x000077b45814a381:   mov    0x8(%rax),%esi
  0x000077b45814a384:   mov    $0x46000000,%r10d
  0x000077b45814a38a:   add    %r10,%rsi
  0x000077b45814a38d:   cmp    0x40(%rsi),%rdi
  0x000077b45814a391:   jne    0x000077b45814a426
  0x000077b45814a397:   jmp    0x000077b45814a39c           ;*checkcast {reexecute=0 rethrow=0 return_oop=0}
                                                            ; - java.util.jar.JarFile::getEntry@23 (line 503)
  0x000077b45814a39c:   add    $0x50,%rsp
  0x000077b45814a3a0:   pop    %rbp
  0x000077b45814a3a1:   cmp    0x28(%r15),%rsp              ;   {poll_return}
  0x000077b45814a3a5:   ja     0x000077b45814a42f
  0x000077b45814a3ab:   ret                                 ;*areturn {reexecute=0 rethrow=0 return_oop=0}
                                                            ; - java.util.jar.JarFile::getEntry@28 (line 505)
  0x000077b45814a3ac:   mov    0x40(%rsp),%rdx
  0x000077b45814a3b1:   mov    %rsi,%rdi
  0x000077b45814a3b4:   movabs $0x77b4146d3b98,%rbx         ;   {metadata(method data for {method} {0x00000000462bed28} &apos;getEntry&apos; &apos;(Ljava/lang/String;)Ljava/util/zip/ZipEntry;&apos; in &apos;java/util/jar/JarFile&apos;)}
  0x000077b45814a3be:   addq   $0x1,0x1b8(%rbx)
  0x000077b45814a3c6:   nop
  0x000077b45814a3c7:   call   0x000077b45f4ad9e0           ; ImmutableOopMap {}
                                                            ;*invokespecial getEntry {reexecute=0 rethrow=0 return_oop=0}
                                                            ; - java.util.jar.JarFile::getEntry@31 (line 507)
                                                            ;   {optimized virtual_call}
  0x000077b45814a3cc:   nopl   0x3000444(%rax,%rax,1)       ;*invokespecial getEntry {reexecute=0 rethrow=0 return_oop=0}
                                                            ; - java.util.jar.JarFile::getEntry@31 (line 507)
                                                            ;   {post_call_nop}
  0x000077b45814a3d4:   add    $0x50,%rsp
  0x000077b45814a3d8:   pop    %rbp
  0x000077b45814a3d9:   cmp    0x28(%r15),%rsp              ;   {poll_return}
  0x000077b45814a3dd:   ja     0x000077b45814a445
  0x000077b45814a3e3:   ret    
  0x000077b45814a3e4:   movabs $0x462bed28,%r10             ;   {metadata({method} {0x00000000462bed28} &apos;getEntry&apos; &apos;(Ljava/lang/String;)Ljava/util/zip/ZipEntry;&apos; in &apos;java/util/jar/JarFile&apos;)}
  0x000077b45814a3ee:   mov    %r10,0x8(%rsp)
  0x000077b45814a3f3:   movq   $0xffffffffffffffff,(%rsp)
  0x000077b45814a3fb:   call   0x000077b45f582fe0           ; ImmutableOopMap {rsi=Oop rdx=Oop [56]=Oop }
                                                            ;*synchronization entry
                                                            ; - java.util.jar.JarFile::getEntry@-1 (line 500)
                                                            ;   {runtime_call counter_overflow_blob (C1 runtime)}
  0x000077b45814a400:   jmp    0x000077b45814a0e7
  0x000077b45814a405:   movabs $0x462bf358,%r10             ;   {metadata({method} {0x00000000462bf358} &apos;isMultiRelease&apos; &apos;()Z&apos; in &apos;java/util/jar/JarFile&apos;)}
  0x000077b45814a40f:   mov    %r10,0x8(%rsp)
  0x000077b45814a414:   movq   $0xffffffffffffffff,(%rsp)
  0x000077b45814a41c:   call   0x000077b45f582fe0           ; ImmutableOopMap {rsi=Oop rdx=Oop [56]=Oop }
                                                            ;*synchronization entry
                                                            ; - java.util.jar.JarFile::isMultiRelease@-1 (line 372)
                                                            ; - java.util.jar.JarFile::getEntry@1 (line 500)
                                                            ;   {runtime_call counter_overflow_blob (C1 runtime)}
  0x000077b45814a421:   jmp    0x000077b45814a173
  0x000077b45814a426:   mov    %rax,(%rsp)
  0x000077b45814a42a:   call   0x000077b45f57f3e0           ; ImmutableOopMap {}
                                                            ;*checkcast {reexecute=0 rethrow=0 return_oop=0}
                                                            ; - java.util.jar.JarFile::getEntry@23 (line 503)
                                                            ;   {runtime_call throw_class_cast_exception_blob (C1 runtime)}
  0x000077b45814a42f:   movabs $0x77b45814a3a1,%r10         ;   {internal_word}
  0x000077b45814a439:   mov    %r10,0x510(%r15)
  0x000077b45814a440:   jmp    0x000077b45f4afb60           ;   {runtime_call SafepointBlob}
  0x000077b45814a445:   movabs $0x77b45814a3d9,%r10         ;   {internal_word}
  0x000077b45814a44f:   mov    %r10,0x510(%r15)
  0x000077b45814a456:   jmp    0x000077b45f4afb60           ;   {runtime_call SafepointBlob}
  0x000077b45814a45b:   mov    0x5c0(%r15),%rax
  0x000077b45814a462:   movq   $0x0,0x5c0(%r15)
  0x000077b45814a46d:   movq   $0x0,0x5c8(%r15)
  0x000077b45814a478:   add    $0x50,%rsp
  0x000077b45814a47c:   pop    %rbp
  0x000077b45814a47d:   jmp    0x000077b45f57b760           ;   {runtime_call unwind_exception_blob (C1 runtime)}
  0x000077b45814a482:   hlt    
  0x000077b45814a483:   hlt    
  0x000077b45814a484:   hlt    
  0x000077b45814a485:   hlt    
  0x000077b45814a486:   hlt    
  0x000077b45814a487:   hlt    
[Stub Code]
  0x000077b45814a488:   nopl   0x0(%rax,%rax,1)             ;   {other}
  0x000077b45814a48d:   movabs $0x0,%rbx                    ;   {static_stub}
  0x000077b45814a497:   jmp    0x000077b45814a497           ;   {runtime_call nmethod}
  0x000077b45814a49c:   nop
  0x000077b45814a49d:   movabs $0x0,%rbx                    ;   {static_stub}
  0x000077b45814a4a7:   jmp    0x000077b45814a4a7           ;   {runtime_call nmethod}
  0x000077b45814a4ac:   movabs $0x0,%rbx                    ;   {static_stub}
  0x000077b45814a4b6:   jmp    0x000077b45814a4b6           ;   {runtime_call nmethod}
  0x000077b45814a4bb:   movabs $0x0,%rbx                    ;   {static_stub}
  0x000077b45814a4c5:   jmp    0x000077b45814a4c5           ;   {runtime_call nmethod}
[Exception Handler]
  0x000077b45814a4ca:   call   0x000077b45f57ede0           ;   {runtime_call handle_exception_from_callee_blob (C1 runtime)}
  0x000077b45814a4cf:   movabs $0x77b478d3aec4,%rdi         ;   {external_word}
  0x000077b45814a4d9:   and    $0xfffffffffffffff0,%rsp
  0x000077b45814a4dd:   call   0x000077b478791cc0           ;   {runtime_call MacroAssembler::debug64(char*, long, long*)}
  0x000077b45814a4e2:   hlt    
  0x000077b45814a4e3:   call   0x000077b45f4afe60           ;   {runtime_call DeoptimizationBlob}
[Deopt Handler Entry Point]
  0x000077b45814a4e8:   jmp    0x000077b45814a4e3
  0x000077b45814a4ea:   hlt    
  0x000077b45814a4eb:   hlt    
  0x000077b45814a4ec:   hlt    
  0x000077b45814a4ed:   hlt    
  0x000077b45814a4ee:   hlt    
  0x000077b45814a4ef:   hlt    
--------------------------------------------------------------------------------
[/Disassembly]
