
============================= C1-compiled nmethod ==============================
----------------------------------- Assembly -----------------------------------

Compiled method (c1) 39537 1750       3       picocli.CommandLine::tracer (39 bytes)
 total in heap  [0x000077b45814ab88,0x000077b45814b068] = 1248
 main code      [0x000077b45814ac80,0x000077b45814aff8] = 888
 stub code      [0x000077b45814aff8,0x000077b45814b050] = 88
 oops           [0x000077b45814b050,0x000077b45814b068] = 24
 mutable data [0x000077b3fc277380,0x000077b3fc277430] = 176
 relocation     [0x000077b3fc277380,0x000077b3fc277400] = 128
 metadata       [0x000077b3fc277400,0x000077b3fc277430] = 48
 immutable data [0x000077b3fc277150,0x000077b3fc277374] = 548
 dependencies   [0x000077b3fc277150,0x000077b3fc277160] = 16
 nul chk table  [0x000077b3fc277160,0x000077b3fc277170] = 16
 scopes pcs     [0x000077b3fc277170,0x000077b3fc2772e0] = 368
 scopes data    [0x000077b3fc2772e0,0x000077b3fc277370] = 144

[Disassembly]
--------------------------------------------------------------------------------
[Constant Pool (empty)]

--------------------------------------------------------------------------------

[Verified Entry Point]
  # {method} {0x000077b414412db8} &apos;tracer&apos; &apos;()Lpicocli/CommandLine$Tracer;&apos; in &apos;picocli/CommandLine&apos;
  #           [sp+0x60]  (sp of caller)
  0x000077b45814ac80:   mov    %eax,-0x14000(%rsp)
  0x000077b45814ac87:   push   %rbp
  0x000077b45814ac88:   sub    $0x50,%rsp
  0x000077b45814ac8c:   cmpl   $0x1,0x20(%r15)
  0x000077b45814ac94:   je     0x000077b45814ac9b
  0x000077b45814ac96:   call   Stub::method_entry_barrier_stub (stub gen)
                                                            ;   {runtime_call Stub::method_entry_barrier_stub (stub gen)}
  0x000077b45814ac9b:   movabs $0x77b4147418c8,%rsi         ;   {metadata(method data for {method} {0x000077b414412db8} &apos;tracer&apos; &apos;()Lpicocli/CommandLine$Tracer;&apos; in &apos;picocli/CommandLine&apos;)}
  0x000077b45814aca5:   mov    0x90(%rsi),%edi
  0x000077b45814acab:   add    $0x2,%edi
  0x000077b45814acae:   mov    %edi,0x90(%rsi)
  0x000077b45814acb4:   and    $0x7fe,%edi
  0x000077b45814acba:   test   %edi,%edi
  0x000077b45814acbc:   je     0x000077b45814aef1           ;*getstatic TRACER {reexecute=0 rethrow=0 return_oop=0}
                                                            ; - picocli.CommandLine::tracer@0 (line 18486)
  0x000077b45814acc2:   movabs $0x4209debe8,%rsi            ;   {oop(a &apos;picocli/CommandLine$Tracer&apos;{0x00000004209debe8})}
  0x000077b45814accc:   movsbl 0xc(%rsi),%esi               ;*getfield modified {reexecute=0 rethrow=0 return_oop=0}
                                                            ; - picocli.CommandLine::tracer@3 (line 18486)
  0x000077b45814acd0:   test   %esi,%esi
  0x000077b45814acd2:   movabs $0x77b4147418c8,%rsi         ;   {metadata(method data for {method} {0x000077b414412db8} &apos;tracer&apos; &apos;()Lpicocli/CommandLine$Tracer;&apos; in &apos;picocli/CommandLine&apos;)}
  0x000077b45814acdc:   mov    $0xd8,%edi
  0x000077b45814ace1:   jne    0x000077b45814ace8
  0x000077b45814ace3:   mov    $0xe8,%edi
  0x000077b45814ace8:   mov    (%rsi,%rdi,1),%rbx
  0x000077b45814acec:   lea    0x1(%rbx),%rbx
  0x000077b45814acf0:   mov    %rbx,(%rsi,%rdi,1)
  0x000077b45814acf4:   jne    0x000077b45814aed7           ;*ifne {reexecute=0 rethrow=0 return_oop=0}
                                                            ; - picocli.CommandLine::tracer@6 (line 18486)
  0x000077b45814acfa:   movabs $0x77b4147418c8,%rsi         ;   {metadata(method data for {method} {0x000077b414412db8} &apos;tracer&apos; &apos;()Lpicocli/CommandLine$Tracer;&apos; in &apos;picocli/CommandLine&apos;)}
  0x000077b45814ad04:   addq   $0x1,0xf8(%rsi)
  0x000077b45814ad0c:   movabs $0x77b414689378,%rsi         ;   {metadata(method data for {method} {0x00000000461852e8} &apos;getProperty&apos; &apos;(Ljava/lang/String;)Ljava/lang/String;&apos; in &apos;java/lang/System&apos;)}
  0x000077b45814ad16:   mov    0x90(%rsi),%edi
  0x000077b45814ad1c:   add    $0x2,%edi
  0x000077b45814ad1f:   mov    %edi,0x90(%rsi)
  0x000077b45814ad25:   and    $0x1ffffe,%edi
  0x000077b45814ad2b:   test   %edi,%edi
  0x000077b45814ad2d:   je     0x000077b45814af12
  0x000077b45814ad33:   movabs $0x77b414689378,%rsi         ;   {metadata(method data for {method} {0x00000000461852e8} &apos;getProperty&apos; &apos;(Ljava/lang/String;)Ljava/lang/String;&apos; in &apos;java/lang/System&apos;)}
  0x000077b45814ad3d:   addq   $0x1,0xd8(%rsi)
  0x000077b45814ad45:   movabs $0x4209dba68,%rdi            ;   {oop(&quot;picocli.trace&quot;{0x00000004209dba68})}
  0x000077b45814ad4f:   mov    %rdi,%rsi                    ;*invokestatic checkKey {reexecute=0 rethrow=0 return_oop=0}
                                                            ; - java.lang.System::getProperty@1 (line 743)
                                                            ; - picocli.CommandLine::tracer@15 (line 18487)
  0x000077b45814ad52:   mov    %rdi,0x38(%rsp)
  0x000077b45814ad57:   call   0x000077b45f4adfe0           ; ImmutableOopMap {[56]=Oop }
                                                            ;*invokestatic checkKey {reexecute=0 rethrow=0 return_oop=0}
                                                            ; - java.lang.System::getProperty@1 (line 743)
                                                            ; - picocli.CommandLine::tracer@15 (line 18487)
                                                            ;   {static_call}
  0x000077b45814ad5c:   nopl   0x1d4(%rax,%rax,1)           ;*invokestatic checkKey {reexecute=0 rethrow=0 return_oop=0}
                                                            ; - java.lang.System::getProperty@1 (line 743)
                                                            ; - picocli.CommandLine::tracer@15 (line 18487)
                                                            ;   {post_call_nop}
  0x000077b45814ad64:   movabs $0x7ff83b838,%rdi            ;   {oop(a &apos;java/lang/Class&apos;{0x00000007ff83b838} = &apos;java/lang/System&apos;)}
  0x000077b45814ad6e:   mov    0x94(%rdi),%esi
  0x000077b45814ad74:   shl    $0x3,%rsi                    ;*getstatic props {reexecute=0 rethrow=0 return_oop=0}
                                                            ; - java.lang.System::getProperty@4 (line 744)
                                                            ; - picocli.CommandLine::tracer@15 (line 18487)
  0x000077b45814ad78:   cmp    (%rsi),%rax                  ; implicit exception: dispatches to 0x000077b45814af33
  0x000077b45814ad7b:   mov    %rsi,%rdx
  0x000077b45814ad7e:   movabs $0x77b414689378,%rbx         ;   {metadata(method data for {method} {0x00000000461852e8} &apos;getProperty&apos; &apos;(Ljava/lang/String;)Ljava/lang/String;&apos; in &apos;java/lang/System&apos;)}
  0x000077b45814ad88:   addq   $0x1,0xf8(%rbx)
  0x000077b45814ad90:   mov    0x38(%rsp),%rdx              ;*invokevirtual getProperty {reexecute=0 rethrow=0 return_oop=0}
                                                            ; - java.lang.System::getProperty@8 (line 744)
                                                            ; - picocli.CommandLine::tracer@15 (line 18487)
  0x000077b45814ad95:   mov    %rdi,0x40(%rsp)
  0x000077b45814ad9a:   nopl   0x0(%rax,%rax,1)
  0x000077b45814ad9f:   call   0x000077b45f4ad9e0           ; ImmutableOopMap {[64]=Oop }
                                                            ;*invokevirtual getProperty {reexecute=0 rethrow=0 return_oop=0}
                                                            ; - java.lang.System::getProperty@8 (line 744)
                                                            ; - picocli.CommandLine::tracer@15 (line 18487)
                                                            ;   {optimized virtual_call}
  0x000077b45814ada4:   nopl   0x100021c(%rax,%rax,1)       ;*invokevirtual getProperty {reexecute=0 rethrow=0 return_oop=0}
                                                            ; - java.lang.System::getProperty@8 (line 744)
                                                            ; - picocli.CommandLine::tracer@15 (line 18487)
                                                            ;   {post_call_nop}
  0x000077b45814adac:   movabs $0x77b4147418c8,%rsi         ;   {metadata(method data for {method} {0x000077b414412db8} &apos;tracer&apos; &apos;()Lpicocli/CommandLine$Tracer;&apos; in &apos;picocli/CommandLine&apos;)}
  0x000077b45814adb6:   addq   $0x1,0x108(%rsi)
  0x000077b45814adbe:   mov    %rax,%rsi                    ;*invokestatic lookup {reexecute=0 rethrow=0 return_oop=0}
                                                            ; - picocli.CommandLine::tracer@18 (line 18487)
  0x000077b45814adc1:   nopw   0x0(%rax,%rax,1)
  0x000077b45814adc7:   call   0x000077b45f4adfe0           ; ImmutableOopMap {[64]=Oop }
                                                            ;*invokestatic lookup {reexecute=0 rethrow=0 return_oop=0}
                                                            ; - picocli.CommandLine::tracer@18 (line 18487)
                                                            ;   {static_call}
  0x000077b45814adcc:   nopl   0x2000244(%rax,%rax,1)       ;*invokestatic lookup {reexecute=0 rethrow=0 return_oop=0}
                                                            ; - picocli.CommandLine::tracer@18 (line 18487)
                                                            ;   {post_call_nop}
  0x000077b45814add4:   movabs $0x77b4147418c8,%rsi         ;   {metadata(method data for {method} {0x000077b414412db8} &apos;tracer&apos; &apos;()Lpicocli/CommandLine$Tracer;&apos; in &apos;picocli/CommandLine&apos;)}
  0x000077b45814adde:   addq   $0x1,0x118(%rsi)
  0x000077b45814ade6:   movabs $0x77b41473dcd0,%rsi         ;   {metadata(method data for {method} {0x000077b41441b0b8} &apos;access$24802&apos; &apos;(Lpicocli/CommandLine$Tracer;Lpicocli/CommandLine$TraceLevel;)Lpicocli/CommandLine$TraceLevel;&apos; in &apos;picocli/CommandLine$Tracer&apos;)}
  0x000077b45814adf0:   mov    0x90(%rsi),%edi
  0x000077b45814adf6:   add    $0x2,%edi
  0x000077b45814adf9:   mov    %edi,0x90(%rsi)
  0x000077b45814adff:   and    $0x1ffffe,%edi
  0x000077b45814ae05:   test   %edi,%edi
  0x000077b45814ae07:   je     0x000077b45814af38
  0x000077b45814ae0d:   movabs $0x4209debe8,%rsi            ;   {oop(a &apos;picocli/CommandLine$Tracer&apos;{0x00000004209debe8})}
  0x000077b45814ae17:   movsbl 0x48(%r15),%edi
  0x000077b45814ae1c:   test   %edi,%edi
  0x000077b45814ae1e:   jne    0x000077b45814af59
  0x000077b45814ae24:   mov    %rax,%r10
  0x000077b45814ae27:   shr    $0x3,%r10
  0x000077b45814ae2b:   mov    %r10d,0x14(%rsi)
  0x000077b45814ae2f:   mov    %rsi,%rbx
  0x000077b45814ae32:   xor    %rax,%rbx
  0x000077b45814ae35:   shr    $0x17,%rbx
  0x000077b45814ae39:   je     0x000077b45814ae53
  0x000077b45814ae3b:   test   %rax,%rax
  0x000077b45814ae3e:   je     0x000077b45814ae53
  0x000077b45814ae40:   mov    %rsi,%rbx
  0x000077b45814ae43:   shr    $0x9,%rbx
  0x000077b45814ae47:   add    0x50(%r15),%rbx
  0x000077b45814ae4b:   cmpb   $0xff,(%rbx)
  0x000077b45814ae4e:   jne    0x000077b45814ae53
  0x000077b45814ae50:   movb   $0x0,(%rbx)                  ;*putfield level {reexecute=0 rethrow=0 return_oop=0}
                                                            ; - picocli.CommandLine$Tracer::access$24802@3 (line 18440)
                                                            ; - picocli.CommandLine::tracer@21 (line 18487)
  0x000077b45814ae53:   mov    0x40(%rsp),%rdi
  0x000077b45814ae58:   mov    0x80(%rdi),%eax
  0x000077b45814ae5e:   shl    $0x3,%rax                    ;*getstatic err {reexecute=0 rethrow=0 return_oop=0}
                                                            ; - picocli.CommandLine::tracer@28 (line 18488)
  0x000077b45814ae62:   movabs $0x77b4147418c8,%rdi         ;   {metadata(method data for {method} {0x000077b414412db8} &apos;tracer&apos; &apos;()Lpicocli/CommandLine$Tracer;&apos; in &apos;picocli/CommandLine&apos;)}
  0x000077b45814ae6c:   addq   $0x1,0x128(%rdi)
  0x000077b45814ae74:   movabs $0x77b41473ddd8,%rdi         ;   {metadata(method data for {method} {0x000077b41441b170} &apos;access$1302&apos; &apos;(Lpicocli/CommandLine$Tracer;Ljava/io/PrintStream;)Ljava/io/PrintStream;&apos; in &apos;picocli/CommandLine$Tracer&apos;)}
  0x000077b45814ae7e:   mov    0x90(%rdi),%ebx
  0x000077b45814ae84:   add    $0x2,%ebx
  0x000077b45814ae87:   mov    %ebx,0x90(%rdi)
  0x000077b45814ae8d:   and    $0x1ffffe,%ebx
  0x000077b45814ae93:   test   %ebx,%ebx
  0x000077b45814ae95:   je     0x000077b45814af77
  0x000077b45814ae9b:   movsbl 0x48(%r15),%edi
  0x000077b45814aea0:   test   %edi,%edi
  0x000077b45814aea2:   jne    0x000077b45814af98
  0x000077b45814aea8:   mov    %rax,%r10
  0x000077b45814aeab:   shr    $0x3,%r10
  0x000077b45814aeaf:   mov    %r10d,0x10(%rsi)
  0x000077b45814aeb3:   mov    %rsi,%rbx
  0x000077b45814aeb6:   xor    %rax,%rbx
  0x000077b45814aeb9:   shr    $0x17,%rbx
  0x000077b45814aebd:   je     0x000077b45814aed7
  0x000077b45814aebf:   test   %rax,%rax
  0x000077b45814aec2:   je     0x000077b45814aed7
  0x000077b45814aec4:   mov    %rsi,%rbx
  0x000077b45814aec7:   shr    $0x9,%rbx
  0x000077b45814aecb:   add    0x50(%r15),%rbx
  0x000077b45814aecf:   cmpb   $0xff,(%rbx)
  0x000077b45814aed2:   jne    0x000077b45814aed7
  0x000077b45814aed4:   movb   $0x0,(%rbx)                  ;*putfield stream {reexecute=0 rethrow=0 return_oop=0}
                                                            ; - picocli.CommandLine$Tracer::access$1302@3 (line 18440)
                                                            ; - picocli.CommandLine::tracer@31 (line 18488)
  0x000077b45814aed7:   movabs $0x4209debe8,%rax            ;   {oop(a &apos;picocli/CommandLine$Tracer&apos;{0x00000004209debe8})}
  0x000077b45814aee1:   add    $0x50,%rsp
  0x000077b45814aee5:   pop    %rbp
  0x000077b45814aee6:   cmp    0x28(%r15),%rsp              ;   {poll_return}
  0x000077b45814aeea:   ja     0x000077b45814afb6
  0x000077b45814aef0:   ret    
  0x000077b45814aef1:   movabs $0x77b414412db8,%r10         ;   {metadata({method} {0x000077b414412db8} &apos;tracer&apos; &apos;()Lpicocli/CommandLine$Tracer;&apos; in &apos;picocli/CommandLine&apos;)}
  0x000077b45814aefb:   mov    %r10,0x8(%rsp)
  0x000077b45814af00:   movq   $0xffffffffffffffff,(%rsp)
  0x000077b45814af08:   call   0x000077b45f582fe0           ; ImmutableOopMap {}
                                                            ;*synchronization entry
                                                            ; - picocli.CommandLine::tracer@-1 (line 18486)
                                                            ;   {runtime_call counter_overflow_blob (C1 runtime)}
  0x000077b45814af0d:   jmp    0x000077b45814acc2
  0x000077b45814af12:   movabs $0x461852e8,%r10             ;   {metadata({method} {0x00000000461852e8} &apos;getProperty&apos; &apos;(Ljava/lang/String;)Ljava/lang/String;&apos; in &apos;java/lang/System&apos;)}
  0x000077b45814af1c:   mov    %r10,0x8(%rsp)
  0x000077b45814af21:   movq   $0xffffffffffffffff,(%rsp)
  0x000077b45814af29:   call   0x000077b45f582fe0           ; ImmutableOopMap {}
                                                            ;*synchronization entry
                                                            ; - java.lang.System::getProperty@-1 (line 743)
                                                            ; - picocli.CommandLine::tracer@15 (line 18487)
                                                            ;   {runtime_call counter_overflow_blob (C1 runtime)}
  0x000077b45814af2e:   jmp    0x000077b45814ad33
  0x000077b45814af33:   call   0x000077b45f57c660           ; ImmutableOopMap {rdi=Oop rsi=Oop [56]=Oop }
                                                            ;*invokevirtual getProperty {reexecute=0 rethrow=0 return_oop=0}
                                                            ; - java.lang.System::getProperty@8 (line 744)
                                                            ; - picocli.CommandLine::tracer@15 (line 18487)
                                                            ;   {runtime_call throw_null_pointer_exception_blob (C1 runtime)}
  0x000077b45814af38:   movabs $0x77b41441b0b8,%r10         ;   {metadata({method} {0x000077b41441b0b8} &apos;access$24802&apos; &apos;(Lpicocli/CommandLine$Tracer;Lpicocli/CommandLine$TraceLevel;)Lpicocli/CommandLine$TraceLevel;&apos; in &apos;picocli/CommandLine$Tracer&apos;)}
  0x000077b45814af42:   mov    %r10,0x8(%rsp)
  0x000077b45814af47:   movq   $0xffffffffffffffff,(%rsp)
  0x000077b45814af4f:   call   0x000077b45f582fe0           ; ImmutableOopMap {rax=Oop [64]=Oop }
                                                            ;*synchronization entry
                                                            ; - picocli.CommandLine$Tracer::access$24802@-1 (line 18440)
                                                            ; - picocli.CommandLine::tracer@21 (line 18487)
                                                            ;   {runtime_call counter_overflow_blob (C1 runtime)}
  0x000077b45814af54:   jmp    0x000077b45814ae0d
  0x000077b45814af59:   mov    0x14(%rsi),%edi
  0x000077b45814af5c:   shl    $0x3,%rdi
  0x000077b45814af60:   test   %rdi,%rdi
  0x000077b45814af63:   je     0x000077b45814ae24
  0x000077b45814af69:   mov    %rdi,(%rsp)
  0x000077b45814af6d:   call   0x000077b45f583a60           ;   {runtime_call g1_pre_barrier_slow}
  0x000077b45814af72:   jmp    0x000077b45814ae24
  0x000077b45814af77:   movabs $0x77b41441b170,%r10         ;   {metadata({method} {0x000077b41441b170} &apos;access$1302&apos; &apos;(Lpicocli/CommandLine$Tracer;Ljava/io/PrintStream;)Ljava/io/PrintStream;&apos; in &apos;picocli/CommandLine$Tracer&apos;)}
  0x000077b45814af81:   mov    %r10,0x8(%rsp)
  0x000077b45814af86:   movq   $0xffffffffffffffff,(%rsp)
  0x000077b45814af8e:   call   0x000077b45f582fe0           ; ImmutableOopMap {rsi=Oop rax=Oop }
                                                            ;*synchronization entry
                                                            ; - picocli.CommandLine$Tracer::access$1302@-1 (line 18440)
                                                            ; - picocli.CommandLine::tracer@31 (line 18488)
                                                            ;   {runtime_call counter_overflow_blob (C1 runtime)}
  0x000077b45814af93:   jmp    0x000077b45814ae9b
  0x000077b45814af98:   mov    0x10(%rsi),%edi
  0x000077b45814af9b:   shl    $0x3,%rdi
  0x000077b45814af9f:   test   %rdi,%rdi
  0x000077b45814afa2:   je     0x000077b45814aea8
  0x000077b45814afa8:   mov    %rdi,(%rsp)
  0x000077b45814afac:   call   0x000077b45f583a60           ;   {runtime_call g1_pre_barrier_slow}
  0x000077b45814afb1:   jmp    0x000077b45814aea8
  0x000077b45814afb6:   movabs $0x77b45814aee6,%r10         ;   {internal_word}
  0x000077b45814afc0:   mov    %r10,0x510(%r15)
  0x000077b45814afc7:   jmp    0x000077b45f4afb60           ;   {runtime_call SafepointBlob}
  0x000077b45814afcc:   mov    0x5c0(%r15),%rax
  0x000077b45814afd3:   movq   $0x0,0x5c0(%r15)
  0x000077b45814afde:   movq   $0x0,0x5c8(%r15)
  0x000077b45814afe9:   add    $0x50,%rsp
  0x000077b45814afed:   pop    %rbp
  0x000077b45814afee:   jmp    0x000077b45f57b760           ;   {runtime_call unwind_exception_blob (C1 runtime)}
  0x000077b45814aff3:   hlt    
  0x000077b45814aff4:   hlt    
  0x000077b45814aff5:   hlt    
  0x000077b45814aff6:   hlt    
  0x000077b45814aff7:   hlt    
[Stub Code]
  0x000077b45814aff8:   nopl   0x0(%rax,%rax,1)             ;   {other}
  0x000077b45814affd:   movabs $0x0,%rbx                    ;   {static_stub}
  0x000077b45814b007:   jmp    0x000077b45814b007           ;   {runtime_call nmethod}
  0x000077b45814b00c:   movabs $0x0,%rbx                    ;   {static_stub}
  0x000077b45814b016:   jmp    0x000077b45814b016           ;   {runtime_call nmethod}
  0x000077b45814b01b:   movabs $0x0,%rbx                    ;   {static_stub}
  0x000077b45814b025:   jmp    0x000077b45814b025           ;   {runtime_call nmethod}
[Exception Handler]
  0x000077b45814b02a:   call   0x000077b45f57ede0           ;   {runtime_call handle_exception_from_callee_blob (C1 runtime)}
  0x000077b45814b02f:   movabs $0x77b478d3aec4,%rdi         ;   {external_word}
  0x000077b45814b039:   and    $0xfffffffffffffff0,%rsp
  0x000077b45814b03d:   call   0x000077b478791cc0           ;   {runtime_call MacroAssembler::debug64(char*, long, long*)}
  0x000077b45814b042:   hlt    
  0x000077b45814b043:   call   0x000077b45f4afe60           ;   {runtime_call DeoptimizationBlob}
[Deopt Handler Entry Point]
  0x000077b45814b048:   jmp    0x000077b45814b043
  0x000077b45814b04a:   hlt    
  0x000077b45814b04b:   hlt    
  0x000077b45814b04c:   hlt    
  0x000077b45814b04d:   hlt    
  0x000077b45814b04e:   hlt    
  0x000077b45814b04f:   hlt    
--------------------------------------------------------------------------------
[/Disassembly]
