
============================= C1-compiled nmethod ==============================
----------------------------------- Assembly -----------------------------------

Compiled method (c1) 39725 1753       1       picocli.CommandLine::getCommandSpec (5 bytes)
 total in heap  [0x000077b45fbe3f08,0x000077b45fbe40b8] = 432
 main code      [0x000077b45fbe4000,0x000077b45fbe4090] = 144
 stub code      [0x000077b45fbe4090,0x000077b45fbe40b0] = 32
 oops           [0x000077b45fbe40b0,0x000077b45fbe40b8] = 8
 mutable data [0x000077b47031cca0,0x000077b47031ccc8] = 40
 relocation     [0x000077b47031cca0,0x000077b47031ccc0] = 32
 metadata       [0x000077b47031ccc0,0x000077b47031ccc8] = 8
 immutable data [0x000077b3e811c100,0x000077b3e811c15c] = 92
 dependencies   [0x000077b3e811c100,0x000077b3e811c108] = 8
 scopes pcs     [0x000077b3e811c108,0x000077b3e811c148] = 64
 scopes data    [0x000077b3e811c148,0x000077b3e811c158] = 16

[Disassembly]
--------------------------------------------------------------------------------
[Constant Pool (empty)]

--------------------------------------------------------------------------------

[Instructions begin]
  0x000077b45fbe4000:   data16 data16 nopw 0x0(%rax,%rax,1)
  0x000077b45fbe400b:   data16 data16 xchg %ax,%ax
  0x000077b45fbe400f:   data16 xchg %ax,%ax
[Entry Point]
  # {method} {0x000077b41440ce18} &apos;getCommandSpec&apos; &apos;()Lpicocli/CommandLine$Model$CommandSpec;&apos; in &apos;picocli/CommandLine&apos;
  #           [sp+0x30]  (sp of caller)
  0x000077b45fbe4012:   mov    0x8(%rsi),%r10d
  0x000077b45fbe4016:   cmp    0x8(%rax),%r10d
  0x000077b45fbe401a:   jne    0x000077b45f4ad6e0           ;   {runtime_call ic_miss_blob (shared runtime)}
[Verified Entry Point]
  0x000077b45fbe4020:   mov    %eax,-0x14000(%rsp)
  0x000077b45fbe4027:   push   %rbp
  0x000077b45fbe4028:   sub    $0x20,%rsp
  0x000077b45fbe402c:   cmpl   $0x1,0x20(%r15)
  0x000077b45fbe4034:   je     0x000077b45fbe403b
  0x000077b45fbe4036:   call   Stub::method_entry_barrier_stub (stub gen)
                                                            ;*aload_0 {reexecute=0 rethrow=0 return_oop=0}
                                                            ; - picocli.CommandLine::getCommandSpec@0 (line 266)
                                                            ;   {runtime_call Stub::method_entry_barrier_stub (stub gen)}
  0x000077b45fbe403b:   mov    0xc(%rsi),%eax
  0x000077b45fbe403e:   shl    $0x3,%rax                    ;*getfield commandSpec {reexecute=0 rethrow=0 return_oop=0}
                                                            ; - picocli.CommandLine::getCommandSpec@1 (line 266)
  0x000077b45fbe4042:   add    $0x20,%rsp
  0x000077b45fbe4046:   pop    %rbp
  0x000077b45fbe4047:   cmp    0x28(%r15),%rsp              ;   {poll_return}
  0x000077b45fbe404b:   ja     0x000077b45fbe4052
  0x000077b45fbe4051:   ret    
  0x000077b45fbe4052:   movabs $0x77b45fbe4047,%r10         ;   {internal_word}
  0x000077b45fbe405c:   mov    %r10,0x510(%r15)
  0x000077b45fbe4063:   jmp    0x000077b45f4afb60           ;   {runtime_call SafepointBlob}
  0x000077b45fbe4068:   mov    0x5c0(%r15),%rax
  0x000077b45fbe406f:   movq   $0x0,0x5c0(%r15)
  0x000077b45fbe407a:   movq   $0x0,0x5c8(%r15)
  0x000077b45fbe4085:   add    $0x20,%rsp
  0x000077b45fbe4089:   pop    %rbp
  0x000077b45fbe408a:   jmp    0x000077b45f57b760           ;   {runtime_call unwind_exception_blob (C1 runtime)}
  0x000077b45fbe408f:   hlt    
[Exception Handler]
  0x000077b45fbe4090:   call   0x000077b45f57ede0           ;   {runtime_call handle_exception_from_callee_blob (C1 runtime)}
  0x000077b45fbe4095:   movabs $0x77b478d3aec4,%rdi         ;   {external_word}
  0x000077b45fbe409f:   and    $0xfffffffffffffff0,%rsp
  0x000077b45fbe40a3:   call   0x000077b478791cc0           ;   {runtime_call MacroAssembler::debug64(char*, long, long*)}
  0x000077b45fbe40a8:   hlt    
  0x000077b45fbe40a9:   call   0x000077b45f4afe60           ;   {runtime_call DeoptimizationBlob}
[Deopt Handler Entry Point]
  0x000077b45fbe40ae:   jmp    0x000077b45fbe40a9
--------------------------------------------------------------------------------
[/Disassembly]
