
============================= C1-compiled nmethod ==============================
----------------------------------- Assembly -----------------------------------

Compiled method (c1) 40309 1775       3       java.nio.Buffer::&lt;init&gt; (105 bytes)
 total in heap  [0x000077b458151c08,0x000077b458152a58] = 3664
 main code      [0x000077b458151d00,0x000077b458152970] = 3184
 stub code      [0x000077b458152970,0x000077b458152a40] = 208
 oops           [0x000077b458152a40,0x000077b458152a58] = 24
 mutable data [0x000077b3f0205510,0x000077b3f02056a8] = 408
 relocation     [0x000077b3f0205510,0x000077b3f0205660] = 336
 metadata       [0x000077b3f0205660,0x000077b3f02056a8] = 72
 immutable data [0x000077b3f0204e00,0x000077b3f02054fc] = 1788
 dependencies   [0x000077b3f0204e00,0x000077b3f0204e18] = 24
 nul chk table  [0x000077b3f0204e18,0x000077b3f0204e28] = 16
 scopes pcs     [0x000077b3f0204e28,0x000077b3f0205268] = 1088
 scopes data    [0x000077b3f0205268,0x000077b3f02054f8] = 656

[Disassembly]
--------------------------------------------------------------------------------
[Constant Pool (empty)]

--------------------------------------------------------------------------------

[Instructions begin]
  0x000077b458151d00:   data16 data16 nopw 0x0(%rax,%rax,1)
  0x000077b458151d0b:   data16 data16 xchg %ax,%ax
  0x000077b458151d0f:   data16 xchg %ax,%ax
[Entry Point]
  # {method} {0x00000000461c0d20} &apos;&lt;init&gt;&apos; &apos;(IIIILjava/lang/foreign/MemorySegment;)V&apos; in &apos;java/nio/Buffer&apos;
  # this:     rsi:rsi   = &apos;java/nio/Buffer&apos;
  # parm0:    rdx       = int
  # parm1:    rcx       = int
  # parm2:    r8        = int
  # parm3:    r9        = int
  # parm4:    rdi:rdi   = &apos;java/lang/foreign/MemorySegment&apos;
  #           [sp+0xb0]  (sp of caller)
  0x000077b458151d12:   mov    0x8(%rsi),%r10d
  0x000077b458151d16:   cmp    0x8(%rax),%r10d
  0x000077b458151d1a:   jne    0x000077b45f4ad6e0           ;   {runtime_call ic_miss_blob (shared runtime)}
[Verified Entry Point]
  0x000077b458151d20:   mov    %eax,-0x14000(%rsp)
  0x000077b458151d27:   push   %rbp
  0x000077b458151d28:   sub    $0xa0,%rsp
  0x000077b458151d2f:   nop
  0x000077b458151d30:   cmpl   $0x1,0x20(%r15)
  0x000077b458151d38:   je     0x000077b458151d3f
  0x000077b458151d3a:   call   Stub::method_entry_barrier_stub (stub gen)
                                                            ;   {runtime_call Stub::method_entry_barrier_stub (stub gen)}
  0x000077b458151d3f:   mov    %edx,0x7c(%rsp)
  0x000077b458151d43:   mov    %ecx,0x78(%rsp)
  0x000077b458151d47:   movabs $0x77b4146a9510,%rbx         ;   {metadata(method data for {method} {0x00000000461c0d20} &apos;&lt;init&gt;&apos; &apos;(IIIILjava/lang/foreign/MemorySegment;)V&apos; in &apos;java/nio/Buffer&apos;)}
  0x000077b458151d51:   mov    0x90(%rbx),%eax
  0x000077b458151d57:   add    $0x2,%eax
  0x000077b458151d5a:   mov    %eax,0x90(%rbx)
  0x000077b458151d60:   and    $0x7fe,%eax
  0x000077b458151d65:   test   %eax,%eax
  0x000077b458151d67:   je     0x000077b458152764           ;*aload_0 {reexecute=0 rethrow=0 return_oop=0}
                                                            ; - java.nio.Buffer::&lt;init&gt;@0 (line 250)
  0x000077b458151d6d:   mov    %rsi,%rbx
  0x000077b458151d70:   movabs $0x77b4146a9510,%rax         ;   {metadata(method data for {method} {0x00000000461c0d20} &apos;&lt;init&gt;&apos; &apos;(IIIILjava/lang/foreign/MemorySegment;)V&apos; in &apos;java/nio/Buffer&apos;)}
  0x000077b458151d7a:   addq   $0x1,0xd8(%rax)
  0x000077b458151d82:   movabs $0x77b414010cd0,%rbx         ;   {metadata(method data for {method} {0x00000000464a6d78} &apos;&lt;init&gt;&apos; &apos;()V&apos; in &apos;java/lang/Object&apos;)}
  0x000077b458151d8c:   mov    0x90(%rbx),%eax
  0x000077b458151d92:   add    $0x2,%eax
  0x000077b458151d95:   mov    %eax,0x90(%rbx)
  0x000077b458151d9b:   and    $0x1ffffe,%eax
  0x000077b458151da0:   test   %eax,%eax
  0x000077b458151da2:   je     0x000077b458152785
  0x000077b458151da8:   movl   $0xffffffff,0xc(%rsi)        ;*putfield mark {reexecute=0 rethrow=0 return_oop=0}
                                                            ; - java.nio.Buffer::&lt;init&gt;@6 (line 218)
  0x000077b458151daf:   movl   $0x0,0x18(%rsi)              ;*putfield position {reexecute=0 rethrow=0 return_oop=0}
                                                            ; - java.nio.Buffer::&lt;init&gt;@11 (line 219)
  0x000077b458151db6:   test   %r9d,%r9d
  0x000077b458151db9:   movabs $0x77b4146a9510,%rbx         ;   {metadata(method data for {method} {0x00000000461c0d20} &apos;&lt;init&gt;&apos; &apos;(IIIILjava/lang/foreign/MemorySegment;)V&apos; in &apos;java/nio/Buffer&apos;)}
  0x000077b458151dc3:   mov    $0xf8,%eax
  0x000077b458151dc8:   jl     0x000077b458151dcf
  0x000077b458151dca:   mov    $0xe8,%eax
  0x000077b458151dcf:   mov    (%rbx,%rax,1),%r11
  0x000077b458151dd3:   lea    0x1(%r11),%r11
  0x000077b458151dd7:   mov    %r11,(%rbx,%rax,1)
  0x000077b458151ddb:   jl     0x000077b458152739           ;*ifge {reexecute=0 rethrow=0 return_oop=0}
                                                            ; - java.nio.Buffer::&lt;init&gt;@16 (line 251)
  0x000077b458151de1:   mov    %r9d,0x20(%rsi)              ;*putfield capacity {reexecute=0 rethrow=0 return_oop=0}
                                                            ; - java.nio.Buffer::&lt;init&gt;@28 (line 253)
  0x000077b458151de5:   movsbl 0x48(%r15),%ebx
  0x000077b458151dea:   test   %ebx,%ebx
  0x000077b458151dec:   jne    0x000077b4581527a6
  0x000077b458151df2:   mov    %rdi,%r10
  0x000077b458151df5:   shr    $0x3,%r10
  0x000077b458151df9:   mov    %r10d,0x24(%rsi)
  0x000077b458151dfd:   mov    %rsi,%rax
  0x000077b458151e00:   xor    %rdi,%rax
  0x000077b458151e03:   shr    $0x17,%rax
  0x000077b458151e07:   je     0x000077b458151e21
  0x000077b458151e09:   test   %rdi,%rdi
  0x000077b458151e0c:   je     0x000077b458151e21
  0x000077b458151e0e:   mov    %rsi,%rax
  0x000077b458151e11:   shr    $0x9,%rax
  0x000077b458151e15:   add    0x50(%r15),%rax
  0x000077b458151e19:   cmpb   $0xff,(%rax)
  0x000077b458151e1c:   jne    0x000077b458151e21
  0x000077b458151e1e:   movb   $0x0,(%rax)                  ;*putfield segment {reexecute=0 rethrow=0 return_oop=0}
                                                            ; - java.nio.Buffer::&lt;init&gt;@34 (line 254)
  0x000077b458151e21:   mov    %rsi,%rdi
  0x000077b458151e24:   movabs $0x77b4146a9510,%rbx         ;   {metadata(method data for {method} {0x00000000461c0d20} &apos;&lt;init&gt;&apos; &apos;(IIIILjava/lang/foreign/MemorySegment;)V&apos; in &apos;java/nio/Buffer&apos;)}
  0x000077b458151e2e:   mov    0x8(%rdi),%edi
  0x000077b458151e31:   mov    $0x46000000,%r10d
  0x000077b458151e37:   add    %r10,%rdi
  0x000077b458151e3a:   mov    $0x24,%r10d
  0x000077b458151e40:   cmp    (%rbx,%r10,8),%rdi
  0x000077b458151e44:   je     0x000077b458151e7d
  0x000077b458151e46:   add    $0x2,%r10
  0x000077b458151e4a:   cmp    $0x28,%r10
  0x000077b458151e4e:   jne    0x000077b458151e40
  0x000077b458151e50:   mov    $0x24,%r10d
  0x000077b458151e56:   cmpq   $0x0,(%rbx,%r10,8)
  0x000077b458151e5b:   je     0x000077b458151e69
  0x000077b458151e5d:   add    $0x2,%r10
  0x000077b458151e61:   cmp    $0x28,%r10
  0x000077b458151e65:   jne    0x000077b458151e56
  0x000077b458151e67:   jmp    0x000077b458151e75
  0x000077b458151e69:   push   %rax
  0x000077b458151e6a:   xor    %rax,%rax
  0x000077b458151e6d:   cmpxchg %rdi,(%rbx,%r10,8)
  0x000077b458151e72:   pop    %rax
  0x000077b458151e73:   jmp    0x000077b458151e3a
  0x000077b458151e75:   mov    $0x23,%r10d
  0x000077b458151e7b:   jmp    0x000077b458151e81
  0x000077b458151e7d:   add    $0x1,%r10
  0x000077b458151e81:   addq   $0x1,(%rbx,%r10,8)
  0x000077b458151e86:   mov    %r8,%rdx
  0x000077b458151e89:   mov    %rsi,%rbx
  0x000077b458151e8c:   mov    %rbx,%rsi                    ;*invokevirtual limit {reexecute=0 rethrow=0 return_oop=0}
                                                            ; - java.nio.Buffer::&lt;init&gt;@39 (line 255)
  0x000077b458151e8f:   mov    %rbx,0x70(%rsp)
  0x000077b458151e94:   nop
  0x000077b458151e95:   movabs $0x77b3f02056e0,%rax
  0x000077b458151e9f:   call   0x000077b45f4adce0           ; ImmutableOopMap {[112]=Oop }
                                                            ;*invokevirtual limit {reexecute=0 rethrow=0 return_oop=0}
                                                            ; - java.nio.Buffer::&lt;init&gt;@39 (line 255)
                                                            ;   {virtual_call}
  0x000077b458151ea4:   nopl   0x29c(%rax,%rax,1)           ;*invokevirtual limit {reexecute=0 rethrow=0 return_oop=0}
                                                            ; - java.nio.Buffer::&lt;init&gt;@39 (line 255)
                                                            ;   {post_call_nop}
  0x000077b458151eac:   mov    0x70(%rsp),%rsi
  0x000077b458151eb1:   movabs $0x77b4146a9510,%rdx         ;   {metadata(method data for {method} {0x00000000461c0d20} &apos;&lt;init&gt;&apos; &apos;(IIIILjava/lang/foreign/MemorySegment;)V&apos; in &apos;java/nio/Buffer&apos;)}
  0x000077b458151ebb:   mov    0x8(%rsi),%esi
  0x000077b458151ebe:   mov    $0x46000000,%r10d
  0x000077b458151ec4:   add    %r10,%rsi
  0x000077b458151ec7:   mov    $0x2a,%r10d
  0x000077b458151ecd:   cmp    (%rdx,%r10,8),%rsi
  0x000077b458151ed1:   je     0x000077b458151f0a
  0x000077b458151ed3:   add    $0x2,%r10
  0x000077b458151ed7:   cmp    $0x2e,%r10
  0x000077b458151edb:   jne    0x000077b458151ecd
  0x000077b458151edd:   mov    $0x2a,%r10d
  0x000077b458151ee3:   cmpq   $0x0,(%rdx,%r10,8)
  0x000077b458151ee8:   je     0x000077b458151ef6
  0x000077b458151eea:   add    $0x2,%r10
  0x000077b458151eee:   cmp    $0x2e,%r10
  0x000077b458151ef2:   jne    0x000077b458151ee3
  0x000077b458151ef4:   jmp    0x000077b458151f02
  0x000077b458151ef6:   push   %rax
  0x000077b458151ef7:   xor    %rax,%rax
  0x000077b458151efa:   cmpxchg %rsi,(%rdx,%r10,8)
  0x000077b458151eff:   pop    %rax
  0x000077b458151f00:   jmp    0x000077b458151ec7
  0x000077b458151f02:   mov    $0x29,%r10d
  0x000077b458151f08:   jmp    0x000077b458151f0e
  0x000077b458151f0a:   add    $0x1,%r10
  0x000077b458151f0e:   addq   $0x1,(%rdx,%r10,8)
  0x000077b458151f13:   mov    0x78(%rsp),%edx
  0x000077b458151f17:   mov    0x70(%rsp),%rsi              ;*invokevirtual position {reexecute=0 rethrow=0 return_oop=0}
                                                            ; - java.nio.Buffer::&lt;init&gt;@45 (line 256)
  0x000077b458151f1c:   nop
  0x000077b458151f1d:   movabs $0x77b3f0205708,%rax
  0x000077b458151f27:   call   0x000077b45f4adce0           ; ImmutableOopMap {[112]=Oop }
                                                            ;*invokevirtual position {reexecute=0 rethrow=0 return_oop=0}
                                                            ; - java.nio.Buffer::&lt;init&gt;@45 (line 256)
                                                            ;   {virtual_call}
  0x000077b458151f2c:   nopl   0x1000324(%rax,%rax,1)       ;*invokevirtual position {reexecute=0 rethrow=0 return_oop=0}
                                                            ; - java.nio.Buffer::&lt;init&gt;@45 (line 256)
                                                            ;   {post_call_nop}
  0x000077b458151f34:   mov    0x7c(%rsp),%edx
  0x000077b458151f38:   test   %edx,%edx
  0x000077b458151f3a:   movabs $0x77b4146a9510,%rsi         ;   {metadata(method data for {method} {0x00000000461c0d20} &apos;&lt;init&gt;&apos; &apos;(IIIILjava/lang/foreign/MemorySegment;)V&apos; in &apos;java/nio/Buffer&apos;)}
  0x000077b458151f44:   mov    $0x178,%edi
  0x000077b458151f49:   jl     0x000077b458151f50
  0x000077b458151f4b:   mov    $0x188,%edi
  0x000077b458151f50:   mov    (%rsi,%rdi,1),%rax
  0x000077b458151f54:   lea    0x1(%rax),%rax
  0x000077b458151f58:   mov    %rax,(%rsi,%rdi,1)
  0x000077b458151f5c:   jl     0x000077b458152646           ;*iflt {reexecute=0 rethrow=0 return_oop=0}
                                                            ; - java.nio.Buffer::&lt;init&gt;@50 (line 257)
  0x000077b458151f62:   cmp    0x78(%rsp),%edx
  0x000077b458151f66:   movabs $0x77b4146a9510,%rsi         ;   {metadata(method data for {method} {0x00000000461c0d20} &apos;&lt;init&gt;&apos; &apos;(IIIILjava/lang/foreign/MemorySegment;)V&apos; in &apos;java/nio/Buffer&apos;)}
  0x000077b458151f70:   mov    $0x198,%edi
  0x000077b458151f75:   jle    0x000077b458151f7c
  0x000077b458151f77:   mov    $0x1a8,%edi
  0x000077b458151f7c:   mov    (%rsi,%rdi,1),%rax
  0x000077b458151f80:   lea    0x1(%rax),%rax
  0x000077b458151f84:   mov    %rax,(%rsi,%rdi,1)
  0x000077b458151f88:   jle    0x000077b45815263e           ;*if_icmple {reexecute=0 rethrow=0 return_oop=0}
                                                            ; - java.nio.Buffer::&lt;init&gt;@55 (line 258)
  0x000077b458151f8e:   xchg   %ax,%ax
  0x000077b458151f90:   jmp    0x000077b4581527d3           ;   {other}
  0x000077b458151f95:   add    %al,(%rax)
  0x000077b458151f97:   add    %al,(%rax)
  0x000077b458151f99:   add    %cl,-0x75(%rcx)
  0x000077b458151f9c:   xchg   %esi,0x48000001(%rax)
  0x000077b458151fa2:   lea    0x28(%rax),%edi
  0x000077b458151fa5:   cmp    0x1c0(%r15),%rdi
  0x000077b458151fac:   ja     0x000077b4581527dd
  0x000077b458151fb2:   mov    %rdi,0x1b0(%r15)
  0x000077b458151fb9:   movq   $0x1,(%rax)
  0x000077b458151fc0:   mov    %rdx,%rcx
  0x000077b458151fc3:   mov    $0x46000000,%r10d
  0x000077b458151fc9:   sub    %r10,%rcx
  0x000077b458151fcc:   mov    %ecx,0x8(%rax)
  0x000077b458151fcf:   xor    %rcx,%rcx
  0x000077b458151fd2:   mov    %ecx,0xc(%rax)
  0x000077b458151fd5:   xor    %rcx,%rcx
  0x000077b458151fd8:   mov    %rcx,0x10(%rax)
  0x000077b458151fdc:   mov    %rcx,0x18(%rax)
  0x000077b458151fe0:   mov    %rcx,0x20(%rax)              ;*new {reexecute=0 rethrow=0 return_oop=0}
                                                            ; - java.nio.Buffer::&lt;init&gt;@58 (line 259)
  0x000077b458151fe4:   mov    %rax,0x88(%rsp)
  0x000077b458151fec:   nopl   0x0(%rax)
  0x000077b458151ff0:   jmp    0x000077b4581527f9           ;   {other}
  0x000077b458151ff5:   add    %al,(%rax)
  0x000077b458151ff7:   add    %al,(%rax)
  0x000077b458151ff9:   add    %cl,-0x75(%rcx)
  0x000077b458151ffc:   xchg   %esi,0x48000001(%rax)
  0x000077b458152002:   lea    0x18(%rax),%edi
  0x000077b458152005:   cmp    0x1c0(%r15),%rdi
  0x000077b45815200c:   ja     0x000077b458152803
  0x000077b458152012:   mov    %rdi,0x1b0(%r15)
  0x000077b458152019:   movq   $0x1,(%rax)
  0x000077b458152020:   mov    %rdx,%rcx
  0x000077b458152023:   mov    $0x46000000,%r10d
  0x000077b458152029:   sub    %r10,%rcx
  0x000077b45815202c:   mov    %ecx,0x8(%rax)
  0x000077b45815202f:   xor    %rcx,%rcx
  0x000077b458152032:   mov    %ecx,0xc(%rax)
  0x000077b458152035:   xor    %rcx,%rcx
  0x000077b458152038:   mov    %rcx,0x10(%rax)              ;*new {reexecute=0 rethrow=0 return_oop=0}
                                                            ; - java.nio.Buffer::&lt;init&gt;@62 (line 259)
  0x000077b45815203c:   mov    %rax,%rdx
  0x000077b45815203f:   movabs $0x77b4146a9510,%rsi         ;   {metadata(method data for {method} {0x00000000461c0d20} &apos;&lt;init&gt;&apos; &apos;(IIIILjava/lang/foreign/MemorySegment;)V&apos; in &apos;java/nio/Buffer&apos;)}
  0x000077b458152049:   addq   $0x1,0x1b8(%rsi)
  0x000077b458152051:   movabs $0x77b41401a9e8,%rdx         ;   {metadata(method data for {method} {0x00000000461ba900} &apos;&lt;init&gt;&apos; &apos;()V&apos; in &apos;java/lang/StringBuilder&apos;)}
  0x000077b45815205b:   mov    0x90(%rdx),%esi
  0x000077b458152061:   add    $0x2,%esi
  0x000077b458152064:   mov    %esi,0x90(%rdx)
  0x000077b45815206a:   and    $0x1ffffe,%esi
  0x000077b458152070:   test   %esi,%esi
  0x000077b458152072:   je     0x000077b458152810
  0x000077b458152078:   mov    %rax,%rdx
  0x000077b45815207b:   movabs $0x77b41401a9e8,%rsi         ;   {metadata(method data for {method} {0x00000000461ba900} &apos;&lt;init&gt;&apos; &apos;()V&apos; in &apos;java/lang/StringBuilder&apos;)}
  0x000077b458152085:   addq   $0x1,0xd8(%rsi)
  0x000077b45815208d:   mov    $0x10,%edx
  0x000077b458152092:   mov    %rax,%rsi                    ;*invokespecial &lt;init&gt; {reexecute=0 rethrow=0 return_oop=0}
                                                            ; - java.lang.StringBuilder::&lt;init&gt;@3 (line 106)
                                                            ; - java.nio.Buffer::&lt;init&gt;@66 (line 259)
  0x000077b458152095:   mov    %rax,0x80(%rsp)
  0x000077b45815209d:   xchg   %ax,%ax
  0x000077b45815209f:   call   0x000077b45f4ad9e0           ; ImmutableOopMap {[128]=Oop [136]=Oop }
                                                            ;*invokespecial &lt;init&gt; {reexecute=0 rethrow=0 return_oop=0}
                                                            ; - java.lang.StringBuilder::&lt;init&gt;@3 (line 106)
                                                            ; - java.nio.Buffer::&lt;init&gt;@66 (line 259)
                                                            ;   {optimized virtual_call}
  0x000077b4581520a4:   nopl   0x200049c(%rax,%rax,1)       ;*invokespecial &lt;init&gt; {reexecute=0 rethrow=0 return_oop=0}
                                                            ; - java.lang.StringBuilder::&lt;init&gt;@3 (line 106)
                                                            ; - java.nio.Buffer::&lt;init&gt;@66 (line 259)
                                                            ;   {post_call_nop}
  0x000077b4581520ac:   mov    0x80(%rsp),%rax
  0x000077b4581520b4:   movabs $0x77b4146a9510,%rdx         ;   {metadata(method data for {method} {0x00000000461c0d20} &apos;&lt;init&gt;&apos; &apos;(IIIILjava/lang/foreign/MemorySegment;)V&apos; in &apos;java/nio/Buffer&apos;)}
  0x000077b4581520be:   mov    0x8(%rax),%eax
  0x000077b4581520c1:   mov    $0x46000000,%r10d
  0x000077b4581520c7:   add    %r10,%rax
  0x000077b4581520ca:   mov    $0x3a,%r10d
  0x000077b4581520d0:   cmp    (%rdx,%r10,8),%rax
  0x000077b4581520d4:   je     0x000077b458152113
  0x000077b4581520d6:   add    $0x2,%r10
  0x000077b4581520da:   cmp    $0x3e,%r10
  0x000077b4581520de:   jne    0x000077b4581520d0
  0x000077b4581520e0:   mov    $0x3a,%r10d
  0x000077b4581520e6:   cmpq   $0x0,(%rdx,%r10,8)
  0x000077b4581520eb:   je     0x000077b4581520f9
  0x000077b4581520ed:   add    $0x2,%r10
  0x000077b4581520f1:   cmp    $0x3e,%r10
  0x000077b4581520f5:   jne    0x000077b4581520e6
  0x000077b4581520f7:   jmp    0x000077b45815210b
  0x000077b4581520f9:   push   %rbx
  0x000077b4581520fa:   mov    %rax,%rbx
  0x000077b4581520fd:   xor    %rax,%rax
  0x000077b458152100:   cmpxchg %rbx,(%rdx,%r10,8)
  0x000077b458152105:   mov    %rbx,%rax
  0x000077b458152108:   pop    %rbx
  0x000077b458152109:   jmp    0x000077b4581520ca
  0x000077b45815210b:   mov    $0x39,%r10d
  0x000077b458152111:   jmp    0x000077b458152117
  0x000077b458152113:   add    $0x1,%r10
  0x000077b458152117:   addq   $0x1,(%rdx,%r10,8)
  0x000077b45815211c:   movabs $0x77b41401b028,%rdx         ;   {metadata(method data for {method} {0x00000000461bab10} &apos;append&apos; &apos;(Ljava/lang/String;)Ljava/lang/StringBuilder;&apos; in &apos;java/lang/StringBuilder&apos;)}
  0x000077b458152126:   mov    0x90(%rdx),%esi
  0x000077b45815212c:   add    $0x2,%esi
  0x000077b45815212f:   mov    %esi,0x90(%rdx)
  0x000077b458152135:   and    $0x1ffffe,%esi
  0x000077b45815213b:   test   %esi,%esi
  0x000077b45815213d:   je     0x000077b458152831
  0x000077b458152143:   mov    0x80(%rsp),%rax
  0x000077b45815214b:   movabs $0x77b41401b028,%rdx         ;   {metadata(method data for {method} {0x00000000461bab10} &apos;append&apos; &apos;(Ljava/lang/String;)Ljava/lang/StringBuilder;&apos; in &apos;java/lang/StringBuilder&apos;)}
  0x000077b458152155:   addq   $0x1,0xd8(%rdx)
  0x000077b45815215d:   movabs $0x7ff845e88,%rdx            ;   {oop(&quot;mark &gt; position: (&quot;{0x00000007ff845e88})}
  0x000077b458152167:   mov    0x80(%rsp),%rsi              ;*invokespecial append {reexecute=0 rethrow=0 return_oop=0}
                                                            ; - java.lang.StringBuilder::append@2 (line 179)
                                                            ; - java.nio.Buffer::&lt;init&gt;@71 (line 259)
  0x000077b45815216f:   call   0x000077b45f4ad9e0           ; ImmutableOopMap {[128]=Oop [136]=Oop }
                                                            ;*invokespecial append {reexecute=0 rethrow=0 return_oop=0}
                                                            ; - java.lang.StringBuilder::append@2 (line 179)
                                                            ; - java.nio.Buffer::&lt;init&gt;@71 (line 259)
                                                            ;   {optimized virtual_call}
  0x000077b458152174:   nopl   0x300056c(%rax,%rax,1)       ;*invokespecial append {reexecute=0 rethrow=0 return_oop=0}
                                                            ; - java.lang.StringBuilder::append@2 (line 179)
                                                            ; - java.nio.Buffer::&lt;init&gt;@71 (line 259)
                                                            ;   {post_call_nop}
  0x000077b45815217c:   mov    0x80(%rsp),%rax
  0x000077b458152184:   movabs $0x77b4146a9510,%rdx         ;   {metadata(method data for {method} {0x00000000461c0d20} &apos;&lt;init&gt;&apos; &apos;(IIIILjava/lang/foreign/MemorySegment;)V&apos; in &apos;java/nio/Buffer&apos;)}
  0x000077b45815218e:   mov    0x8(%rax),%eax
  0x000077b458152191:   mov    $0x46000000,%r10d
  0x000077b458152197:   add    %r10,%rax
  0x000077b45815219a:   mov    $0x40,%r10d
  0x000077b4581521a0:   cmp    (%rdx,%r10,8),%rax
  0x000077b4581521a4:   je     0x000077b4581521e3
  0x000077b4581521a6:   add    $0x2,%r10
  0x000077b4581521aa:   cmp    $0x44,%r10
  0x000077b4581521ae:   jne    0x000077b4581521a0
  0x000077b4581521b0:   mov    $0x40,%r10d
  0x000077b4581521b6:   cmpq   $0x0,(%rdx,%r10,8)
  0x000077b4581521bb:   je     0x000077b4581521c9
  0x000077b4581521bd:   add    $0x2,%r10
  0x000077b4581521c1:   cmp    $0x44,%r10
  0x000077b4581521c5:   jne    0x000077b4581521b6
  0x000077b4581521c7:   jmp    0x000077b4581521db
  0x000077b4581521c9:   push   %rbx
  0x000077b4581521ca:   mov    %rax,%rbx
  0x000077b4581521cd:   xor    %rax,%rax
  0x000077b4581521d0:   cmpxchg %rbx,(%rdx,%r10,8)
  0x000077b4581521d5:   mov    %rbx,%rax
  0x000077b4581521d8:   pop    %rbx
  0x000077b4581521d9:   jmp    0x000077b45815219a
  0x000077b4581521db:   mov    $0x3f,%r10d
  0x000077b4581521e1:   jmp    0x000077b4581521e7
  0x000077b4581521e3:   add    $0x1,%r10
  0x000077b4581521e7:   addq   $0x1,(%rdx,%r10,8)
  0x000077b4581521ec:   movabs $0x77b41401b480,%rdx         ;   {metadata(method data for {method} {0x00000000461bad78} &apos;append&apos; &apos;(I)Ljava/lang/StringBuilder;&apos; in &apos;java/lang/StringBuilder&apos;)}
  0x000077b4581521f6:   mov    0x90(%rdx),%esi
  0x000077b4581521fc:   add    $0x2,%esi
  0x000077b4581521ff:   mov    %esi,0x90(%rdx)
  0x000077b458152205:   and    $0x1ffffe,%esi
  0x000077b45815220b:   test   %esi,%esi
  0x000077b45815220d:   je     0x000077b458152852
  0x000077b458152213:   mov    0x80(%rsp),%rax
  0x000077b45815221b:   movabs $0x77b41401b480,%rdx         ;   {metadata(method data for {method} {0x00000000461bad78} &apos;append&apos; &apos;(I)Ljava/lang/StringBuilder;&apos; in &apos;java/lang/StringBuilder&apos;)}
  0x000077b458152225:   addq   $0x1,0xd8(%rdx)
  0x000077b45815222d:   mov    0x7c(%rsp),%edx
  0x000077b458152231:   mov    0x80(%rsp),%rsi              ;*invokespecial append {reexecute=0 rethrow=0 return_oop=0}
                                                            ; - java.lang.StringBuilder::append@2 (line 253)
                                                            ; - java.nio.Buffer::&lt;init&gt;@75 (line 259)
  0x000077b458152239:   nopw   0x0(%rax,%rax,1)
  0x000077b45815223f:   call   0x000077b45f4ad9e0           ; ImmutableOopMap {[128]=Oop [136]=Oop }
                                                            ;*invokespecial append {reexecute=0 rethrow=0 return_oop=0}
                                                            ; - java.lang.StringBuilder::append@2 (line 253)
                                                            ; - java.nio.Buffer::&lt;init&gt;@75 (line 259)
                                                            ;   {optimized virtual_call}
  0x000077b458152244:   nopl   0x400063c(%rax,%rax,1)       ;*invokespecial append {reexecute=0 rethrow=0 return_oop=0}
                                                            ; - java.lang.StringBuilder::append@2 (line 253)
                                                            ; - java.nio.Buffer::&lt;init&gt;@75 (line 259)
                                                            ;   {post_call_nop}
  0x000077b45815224c:   mov    0x80(%rsp),%rax
  0x000077b458152254:   movabs $0x77b4146a9510,%rdx         ;   {metadata(method data for {method} {0x00000000461c0d20} &apos;&lt;init&gt;&apos; &apos;(IIIILjava/lang/foreign/MemorySegment;)V&apos; in &apos;java/nio/Buffer&apos;)}
  0x000077b45815225e:   mov    0x8(%rax),%eax
  0x000077b458152261:   mov    $0x46000000,%r10d
  0x000077b458152267:   add    %r10,%rax
  0x000077b45815226a:   mov    $0x46,%r10d
  0x000077b458152270:   cmp    (%rdx,%r10,8),%rax
  0x000077b458152274:   je     0x000077b4581522b3
  0x000077b458152276:   add    $0x2,%r10
  0x000077b45815227a:   cmp    $0x4a,%r10
  0x000077b45815227e:   jne    0x000077b458152270
  0x000077b458152280:   mov    $0x46,%r10d
  0x000077b458152286:   cmpq   $0x0,(%rdx,%r10,8)
  0x000077b45815228b:   je     0x000077b458152299
  0x000077b45815228d:   add    $0x2,%r10
  0x000077b458152291:   cmp    $0x4a,%r10
  0x000077b458152295:   jne    0x000077b458152286
  0x000077b458152297:   jmp    0x000077b4581522ab
  0x000077b458152299:   push   %rbx
  0x000077b45815229a:   mov    %rax,%rbx
  0x000077b45815229d:   xor    %rax,%rax
  0x000077b4581522a0:   cmpxchg %rbx,(%rdx,%r10,8)
  0x000077b4581522a5:   mov    %rbx,%rax
  0x000077b4581522a8:   pop    %rbx
  0x000077b4581522a9:   jmp    0x000077b45815226a
  0x000077b4581522ab:   mov    $0x45,%r10d
  0x000077b4581522b1:   jmp    0x000077b4581522b7
  0x000077b4581522b3:   add    $0x1,%r10
  0x000077b4581522b7:   addq   $0x1,(%rdx,%r10,8)
  0x000077b4581522bc:   movabs $0x77b41401b028,%rdx         ;   {metadata(method data for {method} {0x00000000461bab10} &apos;append&apos; &apos;(Ljava/lang/String;)Ljava/lang/StringBuilder;&apos; in &apos;java/lang/StringBuilder&apos;)}
  0x000077b4581522c6:   mov    0x90(%rdx),%esi
  0x000077b4581522cc:   add    $0x2,%esi
  0x000077b4581522cf:   mov    %esi,0x90(%rdx)
  0x000077b4581522d5:   and    $0x1ffffe,%esi
  0x000077b4581522db:   test   %esi,%esi
  0x000077b4581522dd:   je     0x000077b458152873
  0x000077b4581522e3:   mov    0x80(%rsp),%rax
  0x000077b4581522eb:   movabs $0x77b41401b028,%rdx         ;   {metadata(method data for {method} {0x00000000461bab10} &apos;append&apos; &apos;(Ljava/lang/String;)Ljava/lang/StringBuilder;&apos; in &apos;java/lang/StringBuilder&apos;)}
  0x000077b4581522f5:   addq   $0x1,0xd8(%rdx)
  0x000077b4581522fd:   movabs $0x7ff845298,%rdx            ;   {oop(&quot; &gt; &quot;{0x00000007ff845298})}
  0x000077b458152307:   mov    0x80(%rsp),%rsi              ;*invokespecial append {reexecute=0 rethrow=0 return_oop=0}
                                                            ; - java.lang.StringBuilder::append@2 (line 179)
                                                            ; - java.nio.Buffer::&lt;init&gt;@80 (line 259)
  0x000077b45815230f:   call   0x000077b45f4ad9e0           ; ImmutableOopMap {[128]=Oop [136]=Oop }
                                                            ;*invokespecial append {reexecute=0 rethrow=0 return_oop=0}
                                                            ; - java.lang.StringBuilder::append@2 (line 179)
                                                            ; - java.nio.Buffer::&lt;init&gt;@80 (line 259)
                                                            ;   {optimized virtual_call}
  0x000077b458152314:   nopl   0x500070c(%rax,%rax,1)       ;*invokespecial append {reexecute=0 rethrow=0 return_oop=0}
                                                            ; - java.lang.StringBuilder::append@2 (line 179)
                                                            ; - java.nio.Buffer::&lt;init&gt;@80 (line 259)
                                                            ;   {post_call_nop}
  0x000077b45815231c:   mov    0x80(%rsp),%rax
  0x000077b458152324:   movabs $0x77b4146a9510,%rdx         ;   {metadata(method data for {method} {0x00000000461c0d20} &apos;&lt;init&gt;&apos; &apos;(IIIILjava/lang/foreign/MemorySegment;)V&apos; in &apos;java/nio/Buffer&apos;)}
  0x000077b45815232e:   mov    0x8(%rax),%eax
  0x000077b458152331:   mov    $0x46000000,%r10d
  0x000077b458152337:   add    %r10,%rax
  0x000077b45815233a:   mov    $0x4c,%r10d
  0x000077b458152340:   cmp    (%rdx,%r10,8),%rax
  0x000077b458152344:   je     0x000077b458152383
  0x000077b458152346:   add    $0x2,%r10
  0x000077b45815234a:   cmp    $0x50,%r10
  0x000077b45815234e:   jne    0x000077b458152340
  0x000077b458152350:   mov    $0x4c,%r10d
  0x000077b458152356:   cmpq   $0x0,(%rdx,%r10,8)
  0x000077b45815235b:   je     0x000077b458152369
  0x000077b45815235d:   add    $0x2,%r10
  0x000077b458152361:   cmp    $0x50,%r10
  0x000077b458152365:   jne    0x000077b458152356
  0x000077b458152367:   jmp    0x000077b45815237b
  0x000077b458152369:   push   %rbx
  0x000077b45815236a:   mov    %rax,%rbx
  0x000077b45815236d:   xor    %rax,%rax
  0x000077b458152370:   cmpxchg %rbx,(%rdx,%r10,8)
  0x000077b458152375:   mov    %rbx,%rax
  0x000077b458152378:   pop    %rbx
  0x000077b458152379:   jmp    0x000077b45815233a
  0x000077b45815237b:   mov    $0x4b,%r10d
  0x000077b458152381:   jmp    0x000077b458152387
  0x000077b458152383:   add    $0x1,%r10
  0x000077b458152387:   addq   $0x1,(%rdx,%r10,8)
  0x000077b45815238c:   movabs $0x77b41401b480,%rdx         ;   {metadata(method data for {method} {0x00000000461bad78} &apos;append&apos; &apos;(I)Ljava/lang/StringBuilder;&apos; in &apos;java/lang/StringBuilder&apos;)}
  0x000077b458152396:   mov    0x90(%rdx),%esi
  0x000077b45815239c:   add    $0x2,%esi
  0x000077b45815239f:   mov    %esi,0x90(%rdx)
  0x000077b4581523a5:   and    $0x1ffffe,%esi
  0x000077b4581523ab:   test   %esi,%esi
  0x000077b4581523ad:   je     0x000077b458152894
  0x000077b4581523b3:   mov    0x80(%rsp),%rax
  0x000077b4581523bb:   movabs $0x77b41401b480,%rdx         ;   {metadata(method data for {method} {0x00000000461bad78} &apos;append&apos; &apos;(I)Ljava/lang/StringBuilder;&apos; in &apos;java/lang/StringBuilder&apos;)}
  0x000077b4581523c5:   addq   $0x1,0xd8(%rdx)
  0x000077b4581523cd:   mov    0x78(%rsp),%edx
  0x000077b4581523d1:   mov    0x80(%rsp),%rsi              ;*invokespecial append {reexecute=0 rethrow=0 return_oop=0}
                                                            ; - java.lang.StringBuilder::append@2 (line 253)
                                                            ; - java.nio.Buffer::&lt;init&gt;@84 (line 259)
  0x000077b4581523d9:   nopw   0x0(%rax,%rax,1)
  0x000077b4581523df:   call   0x000077b45f4ad9e0           ; ImmutableOopMap {[128]=Oop [136]=Oop }
                                                            ;*invokespecial append {reexecute=0 rethrow=0 return_oop=0}
                                                            ; - java.lang.StringBuilder::append@2 (line 253)
                                                            ; - java.nio.Buffer::&lt;init&gt;@84 (line 259)
                                                            ;   {optimized virtual_call}
  0x000077b4581523e4:   nopl   0x60007dc(%rax,%rax,1)       ;*invokespecial append {reexecute=0 rethrow=0 return_oop=0}
                                                            ; - java.lang.StringBuilder::append@2 (line 253)
                                                            ; - java.nio.Buffer::&lt;init&gt;@84 (line 259)
                                                            ;   {post_call_nop}
  0x000077b4581523ec:   mov    0x80(%rsp),%rax
  0x000077b4581523f4:   movabs $0x77b4146a9510,%rdx         ;   {metadata(method data for {method} {0x00000000461c0d20} &apos;&lt;init&gt;&apos; &apos;(IIIILjava/lang/foreign/MemorySegment;)V&apos; in &apos;java/nio/Buffer&apos;)}
  0x000077b4581523fe:   mov    0x8(%rax),%eax
  0x000077b458152401:   mov    $0x46000000,%r10d
  0x000077b458152407:   add    %r10,%rax
  0x000077b45815240a:   mov    $0x52,%r10d
  0x000077b458152410:   cmp    (%rdx,%r10,8),%rax
  0x000077b458152414:   je     0x000077b458152453
  0x000077b458152416:   add    $0x2,%r10
  0x000077b45815241a:   cmp    $0x56,%r10
  0x000077b45815241e:   jne    0x000077b458152410
  0x000077b458152420:   mov    $0x52,%r10d
  0x000077b458152426:   cmpq   $0x0,(%rdx,%r10,8)
  0x000077b45815242b:   je     0x000077b458152439
  0x000077b45815242d:   add    $0x2,%r10
  0x000077b458152431:   cmp    $0x56,%r10
  0x000077b458152435:   jne    0x000077b458152426
  0x000077b458152437:   jmp    0x000077b45815244b
  0x000077b458152439:   push   %rbx
  0x000077b45815243a:   mov    %rax,%rbx
  0x000077b45815243d:   xor    %rax,%rax
  0x000077b458152440:   cmpxchg %rbx,(%rdx,%r10,8)
  0x000077b458152445:   mov    %rbx,%rax
  0x000077b458152448:   pop    %rbx
  0x000077b458152449:   jmp    0x000077b45815240a
  0x000077b45815244b:   mov    $0x51,%r10d
  0x000077b458152451:   jmp    0x000077b458152457
  0x000077b458152453:   add    $0x1,%r10
  0x000077b458152457:   addq   $0x1,(%rdx,%r10,8)
  0x000077b45815245c:   movabs $0x77b41401b028,%rdx         ;   {metadata(method data for {method} {0x00000000461bab10} &apos;append&apos; &apos;(Ljava/lang/String;)Ljava/lang/StringBuilder;&apos; in &apos;java/lang/StringBuilder&apos;)}
  0x000077b458152466:   mov    0x90(%rdx),%esi
  0x000077b45815246c:   add    $0x2,%esi
  0x000077b45815246f:   mov    %esi,0x90(%rdx)
  0x000077b458152475:   and    $0x1ffffe,%esi
  0x000077b45815247b:   test   %esi,%esi
  0x000077b45815247d:   je     0x000077b4581528b5
  0x000077b458152483:   mov    0x80(%rsp),%rax
  0x000077b45815248b:   movabs $0x77b41401b028,%rdx         ;   {metadata(method data for {method} {0x00000000461bab10} &apos;append&apos; &apos;(Ljava/lang/String;)Ljava/lang/StringBuilder;&apos; in &apos;java/lang/StringBuilder&apos;)}
  0x000077b458152495:   addq   $0x1,0xd8(%rdx)
  0x000077b45815249d:   movabs $0x7ff83b688,%rdx            ;   {oop(&quot;)&quot;{0x00000007ff83b688})}
  0x000077b4581524a7:   mov    0x80(%rsp),%rsi              ;*invokespecial append {reexecute=0 rethrow=0 return_oop=0}
                                                            ; - java.lang.StringBuilder::append@2 (line 179)
                                                            ; - java.nio.Buffer::&lt;init&gt;@89 (line 259)
  0x000077b4581524af:   call   0x000077b45f4ad9e0           ; ImmutableOopMap {[128]=Oop [136]=Oop }
                                                            ;*invokespecial append {reexecute=0 rethrow=0 return_oop=0}
                                                            ; - java.lang.StringBuilder::append@2 (line 179)
                                                            ; - java.nio.Buffer::&lt;init&gt;@89 (line 259)
                                                            ;   {optimized virtual_call}
  0x000077b4581524b4:   nopl   0x70008ac(%rax,%rax,1)       ;*invokespecial append {reexecute=0 rethrow=0 return_oop=0}
                                                            ; - java.lang.StringBuilder::append@2 (line 179)
                                                            ; - java.nio.Buffer::&lt;init&gt;@89 (line 259)
                                                            ;   {post_call_nop}
  0x000077b4581524bc:   mov    0x80(%rsp),%rax
  0x000077b4581524c4:   movabs $0x77b4146a9510,%rdx         ;   {metadata(method data for {method} {0x00000000461c0d20} &apos;&lt;init&gt;&apos; &apos;(IIIILjava/lang/foreign/MemorySegment;)V&apos; in &apos;java/nio/Buffer&apos;)}
  0x000077b4581524ce:   mov    0x8(%rax),%eax
  0x000077b4581524d1:   mov    $0x46000000,%r10d
  0x000077b4581524d7:   add    %r10,%rax
  0x000077b4581524da:   mov    $0x58,%r10d
  0x000077b4581524e0:   cmp    (%rdx,%r10,8),%rax
  0x000077b4581524e4:   je     0x000077b458152523
  0x000077b4581524e6:   add    $0x2,%r10
  0x000077b4581524ea:   cmp    $0x5c,%r10
  0x000077b4581524ee:   jne    0x000077b4581524e0
  0x000077b4581524f0:   mov    $0x58,%r10d
  0x000077b4581524f6:   cmpq   $0x0,(%rdx,%r10,8)
  0x000077b4581524fb:   je     0x000077b458152509
  0x000077b4581524fd:   add    $0x2,%r10
  0x000077b458152501:   cmp    $0x5c,%r10
  0x000077b458152505:   jne    0x000077b4581524f6
  0x000077b458152507:   jmp    0x000077b45815251b
  0x000077b458152509:   push   %rbx
  0x000077b45815250a:   mov    %rax,%rbx
  0x000077b45815250d:   xor    %rax,%rax
  0x000077b458152510:   cmpxchg %rbx,(%rdx,%r10,8)
  0x000077b458152515:   mov    %rbx,%rax
  0x000077b458152518:   pop    %rbx
  0x000077b458152519:   jmp    0x000077b4581524da
  0x000077b45815251b:   mov    $0x57,%r10d
  0x000077b458152521:   jmp    0x000077b458152527
  0x000077b458152523:   add    $0x1,%r10
  0x000077b458152527:   addq   $0x1,(%rdx,%r10,8)
  0x000077b45815252c:   movabs $0x77b41401b880,%rdx         ;   {metadata(method data for {method} {0x00000000461b93a0} &apos;toString&apos; &apos;()Ljava/lang/String;&apos; in &apos;java/lang/StringBuilder&apos;)}
  0x000077b458152536:   mov    0x90(%rdx),%esi
  0x000077b45815253c:   add    $0x2,%esi
  0x000077b45815253f:   mov    %esi,0x90(%rdx)
  0x000077b458152545:   and    $0x1ffffe,%esi
  0x000077b45815254b:   test   %esi,%esi
  0x000077b45815254d:   je     0x000077b4581528d6
  0x000077b458152553:   mov    0x80(%rsp),%rax
  0x000077b45815255b:   movabs $0x77b41401b880,%rdx         ;   {metadata(method data for {method} {0x00000000461b93a0} &apos;toString&apos; &apos;()Ljava/lang/String;&apos; in &apos;java/lang/StringBuilder&apos;)}
  0x000077b458152565:   mov    0x8(%rax),%eax
  0x000077b458152568:   mov    $0x46000000,%r10d
  0x000077b45815256e:   add    %r10,%rax
  0x000077b458152571:   mov    $0x1c,%r10d
  0x000077b458152577:   cmp    (%rdx,%r10,8),%rax
  0x000077b45815257b:   je     0x000077b4581525ba
  0x000077b45815257d:   add    $0x2,%r10
  0x000077b458152581:   cmp    $0x20,%r10
  0x000077b458152585:   jne    0x000077b458152577
  0x000077b458152587:   mov    $0x1c,%r10d
  0x000077b45815258d:   cmpq   $0x0,(%rdx,%r10,8)
  0x000077b458152592:   je     0x000077b4581525a0
  0x000077b458152594:   add    $0x2,%r10
  0x000077b458152598:   cmp    $0x20,%r10
  0x000077b45815259c:   jne    0x000077b45815258d
  0x000077b45815259e:   jmp    0x000077b4581525b2
  0x000077b4581525a0:   push   %rbx
  0x000077b4581525a1:   mov    %rax,%rbx
  0x000077b4581525a4:   xor    %rax,%rax
  0x000077b4581525a7:   cmpxchg %rbx,(%rdx,%r10,8)
  0x000077b4581525ac:   mov    %rbx,%rax
  0x000077b4581525af:   pop    %rbx
  0x000077b4581525b0:   jmp    0x000077b458152571
  0x000077b4581525b2:   mov    $0x1b,%r10d
  0x000077b4581525b8:   jmp    0x000077b4581525be
  0x000077b4581525ba:   add    $0x1,%r10
  0x000077b4581525be:   addq   $0x1,(%rdx,%r10,8)
  0x000077b4581525c3:   movabs $0x77b41401ba78,%rdx         ;   {metadata(method data for {method} {0x00000000461b94b8} &apos;length&apos; &apos;()I&apos; in &apos;java/lang/StringBuilder&apos;)}
  0x000077b4581525cd:   mov    0x90(%rdx),%esi
  0x000077b4581525d3:   add    $0x2,%esi
  0x000077b4581525d6:   mov    %esi,0x90(%rdx)
  0x000077b4581525dc:   and    $0x1ffffe,%esi
  0x000077b4581525e2:   test   %esi,%esi
  0x000077b4581525e4:   je     0x000077b4581528f7
  0x000077b4581525ea:   mov    0x80(%rsp),%rax
  0x000077b4581525f2:   movabs $0x77b41401ba78,%rdx         ;   {metadata(method data for {method} {0x00000000461b94b8} &apos;length&apos; &apos;()I&apos; in &apos;java/lang/StringBuilder&apos;)}
  0x000077b4581525fc:   addq   $0x1,0xd8(%rdx)
  0x000077b458152604:   mov    0x80(%rsp),%rbx
  0x000077b45815260c:   mov    0xc(%rbx),%edx               ;*getfield count {reexecute=0 rethrow=0 return_oop=0}
                                                            ; - java.lang.AbstractStringBuilder::length@1 (line 199)
                                                            ; - java.lang.StringBuilder::length@1 (line 91)
                                                            ; - java.lang.StringBuilder::toString@1 (line 474)
                                                            ; - java.nio.Buffer::&lt;init&gt;@92 (line 259)
  0x000077b45815260f:   test   %edx,%edx
  0x000077b458152611:   movabs $0x77b41401b880,%rdx         ;   {metadata(method data for {method} {0x00000000461b93a0} &apos;toString&apos; &apos;()Ljava/lang/String;&apos; in &apos;java/lang/StringBuilder&apos;)}
  0x000077b45815261b:   mov    $0x108,%esi
  0x000077b458152620:   jne    0x000077b458152627
  0x000077b458152622:   mov    $0x118,%esi
  0x000077b458152627:   mov    (%rdx,%rsi,1),%rdi
  0x000077b45815262b:   lea    0x1(%rdi),%rdi
  0x000077b45815262f:   mov    %rdi,(%rdx,%rsi,1)
  0x000077b458152633:   jne    0x000077b458152668
  0x000077b458152639:   jmp    0x000077b458152659           ;*ifne {reexecute=0 rethrow=0 return_oop=0}
                                                            ; - java.lang.StringBuilder::toString@4 (line 474)
                                                            ; - java.nio.Buffer::&lt;init&gt;@92 (line 259)
  0x000077b45815263e:   mov    0x70(%rsp),%rsi
  0x000077b458152643:   mov    %edx,0xc(%rsi)               ;*putfield mark {reexecute=0 rethrow=0 return_oop=0}
                                                            ; - java.nio.Buffer::&lt;init&gt;@101 (line 261)
  0x000077b458152646:   add    $0xa0,%rsp
  0x000077b45815264d:   pop    %rbp
  0x000077b45815264e:   cmp    0x28(%r15),%rsp              ;   {poll_return}
  0x000077b458152652:   ja     0x000077b458152918
  0x000077b458152658:   ret                                 ;*return {reexecute=0 rethrow=0 return_oop=0}
                                                            ; - java.nio.Buffer::&lt;init&gt;@104 (line 263)
  0x000077b458152659:   movabs $0x7ff8044c8,%rsi            ;   {oop(&quot;&quot;{0x00000007ff8044c8})}
  0x000077b458152663:   jmp    0x000077b4581526fc           ;*invokespecial &lt;init&gt; {reexecute=0 rethrow=0 return_oop=0}
                                                            ; - java.nio.Buffer::&lt;init&gt;@95 (line 259)
  0x000077b458152668:   movabs $0x46178db8,%rdx             ;   {metadata(&apos;java/lang/String&apos;)}
  0x000077b458152672:   mov    0x1b0(%r15),%rax
  0x000077b458152679:   lea    0x18(%rax),%rdi
  0x000077b45815267d:   cmp    0x1c0(%r15),%rdi
  0x000077b458152684:   ja     0x000077b45815292e
  0x000077b45815268a:   mov    %rdi,0x1b0(%r15)
  0x000077b458152691:   movq   $0x1,(%rax)
  0x000077b458152698:   mov    %rdx,%rcx
  0x000077b45815269b:   mov    $0x46000000,%r10d
  0x000077b4581526a1:   sub    %r10,%rcx
  0x000077b4581526a4:   mov    %ecx,0x8(%rax)
  0x000077b4581526a7:   xor    %rcx,%rcx
  0x000077b4581526aa:   mov    %ecx,0xc(%rax)
  0x000077b4581526ad:   xor    %rcx,%rcx
  0x000077b4581526b0:   mov    %rcx,0x10(%rax)              ;*new {reexecute=0 rethrow=0 return_oop=0}
                                                            ; - java.lang.StringBuilder::toString@10 (line 478)
                                                            ; - java.nio.Buffer::&lt;init&gt;@92 (line 259)
  0x000077b4581526b4:   mov    %rax,%rdx
  0x000077b4581526b7:   movabs $0x77b41401b880,%rcx         ;   {metadata(method data for {method} {0x00000000461b93a0} &apos;toString&apos; &apos;()Ljava/lang/String;&apos; in &apos;java/lang/StringBuilder&apos;)}
  0x000077b4581526c1:   addq   $0x1,0x128(%rcx)
  0x000077b4581526c9:   mov    %rbx,%rdx
  0x000077b4581526cc:   movabs $0x0,%rcx                    ;   {oop(nullptr)}
  0x000077b4581526d6:   mov    %rax,%rsi                    ;*invokespecial &lt;init&gt; {reexecute=0 rethrow=0 return_oop=0}
                                                            ; - java.lang.StringBuilder::toString@16 (line 478)
                                                            ; - java.nio.Buffer::&lt;init&gt;@92 (line 259)
  0x000077b4581526d9:   mov    %rax,0x90(%rsp)
  0x000077b4581526e1:   nopw   0x0(%rax,%rax,1)
  0x000077b4581526e7:   call   0x000077b45f4ad9e0           ; ImmutableOopMap {[136]=Oop [144]=Oop }
                                                            ;*invokespecial &lt;init&gt; {reexecute=0 rethrow=0 return_oop=0}
                                                            ; - java.lang.StringBuilder::toString@16 (line 478)
                                                            ; - java.nio.Buffer::&lt;init&gt;@92 (line 259)
                                                            ;   {optimized virtual_call}
  0x000077b4581526ec:   nopl   0x8000ae4(%rax,%rax,1)       ;*invokespecial &lt;init&gt; {reexecute=0 rethrow=0 return_oop=0}
                                                            ; - java.lang.StringBuilder::toString@16 (line 478)
                                                            ; - java.nio.Buffer::&lt;init&gt;@92 (line 259)
                                                            ;   {post_call_nop}
  0x000077b4581526f4:   mov    0x90(%rsp),%rsi
  0x000077b4581526fc:   mov    0x88(%rsp),%rax
  0x000077b458152704:   mov    %rax,%rdx
  0x000077b458152707:   movabs $0x77b4146a9510,%rdi         ;   {metadata(method data for {method} {0x00000000461c0d20} &apos;&lt;init&gt;&apos; &apos;(IIIILjava/lang/foreign/MemorySegment;)V&apos; in &apos;java/nio/Buffer&apos;)}
  0x000077b458152711:   addq   $0x1,0x2e8(%rdi)
  0x000077b458152719:   mov    %rsi,%rdx
  0x000077b45815271c:   mov    %rax,%rsi                    ;*invokespecial &lt;init&gt; {reexecute=0 rethrow=0 return_oop=0}
                                                            ; - java.nio.Buffer::&lt;init&gt;@95 (line 259)
  0x000077b45815271f:   call   0x000077b45f4ad9e0           ; ImmutableOopMap {[136]=Oop }
                                                            ;*invokespecial &lt;init&gt; {reexecute=0 rethrow=0 return_oop=0}
                                                            ; - java.nio.Buffer::&lt;init&gt;@95 (line 259)
                                                            ;   {optimized virtual_call}
  0x000077b458152724:   nopl   0x9000b1c(%rax,%rax,1)       ;*invokespecial &lt;init&gt; {reexecute=0 rethrow=0 return_oop=0}
                                                            ; - java.nio.Buffer::&lt;init&gt;@95 (line 259)
                                                            ;   {post_call_nop}
  0x000077b45815272c:   mov    0x88(%rsp),%rax
  0x000077b458152734:   jmp    0x000077b45815295d           ;*athrow {reexecute=0 rethrow=0 return_oop=0}
                                                            ; - java.nio.Buffer::&lt;init&gt;@98 (line 259)
  0x000077b458152739:   movabs $0x77b4146a9510,%rsi         ;   {metadata(method data for {method} {0x00000000461c0d20} &apos;&lt;init&gt;&apos; &apos;(IIIILjava/lang/foreign/MemorySegment;)V&apos; in &apos;java/nio/Buffer&apos;)}
  0x000077b458152743:   addq   $0x1,0x108(%rsi)
  0x000077b45815274b:   mov    %r9,%rsi                     ;*invokestatic createCapacityException {reexecute=0 rethrow=0 return_oop=0}
                                                            ; - java.nio.Buffer::&lt;init&gt;@21 (line 252)
  0x000077b45815274e:   nop
  0x000077b45815274f:   call   0x000077b45f4adfe0           ; ImmutableOopMap {}
                                                            ;*invokestatic createCapacityException {reexecute=0 rethrow=0 return_oop=0}
                                                            ; - java.nio.Buffer::&lt;init&gt;@21 (line 252)
                                                            ;   {static_call}
  0x000077b458152754:   nopl   0xa000b4c(%rax,%rax,1)       ;*invokestatic createCapacityException {reexecute=0 rethrow=0 return_oop=0}
                                                            ; - java.nio.Buffer::&lt;init&gt;@21 (line 252)
                                                            ;   {post_call_nop}
  0x000077b45815275c:   cmp    (%rax),%rax                  ; implicit exception: dispatches to 0x000077b45815293b
  0x000077b45815275f:   jmp    0x000077b45815295d
  0x000077b458152764:   movabs $0x461c0d20,%r10             ;   {metadata({method} {0x00000000461c0d20} &apos;&lt;init&gt;&apos; &apos;(IIIILjava/lang/foreign/MemorySegment;)V&apos; in &apos;java/nio/Buffer&apos;)}
  0x000077b45815276e:   mov    %r10,0x8(%rsp)
  0x000077b458152773:   movq   $0xffffffffffffffff,(%rsp)
  0x000077b45815277b:   call   0x000077b45f582fe0           ; ImmutableOopMap {rsi=Oop rdi=Oop }
                                                            ;*synchronization entry
                                                            ; - java.nio.Buffer::&lt;init&gt;@-1 (line 250)
                                                            ;   {runtime_call counter_overflow_blob (C1 runtime)}
  0x000077b458152780:   jmp    0x000077b458151d6d
  0x000077b458152785:   movabs $0x464a6d78,%r10             ;   {metadata({method} {0x00000000464a6d78} &apos;&lt;init&gt;&apos; &apos;()V&apos; in &apos;java/lang/Object&apos;)}
  0x000077b45815278f:   mov    %r10,0x8(%rsp)
  0x000077b458152794:   movq   $0xffffffffffffffff,(%rsp)
  0x000077b45815279c:   call   0x000077b45f582fe0           ; ImmutableOopMap {rsi=Oop rdi=Oop }
                                                            ;*synchronization entry
                                                            ; - java.lang.Object::&lt;init&gt;@-1 (line 46)
                                                            ; - java.nio.Buffer::&lt;init&gt;@1 (line 250)
                                                            ;   {runtime_call counter_overflow_blob (C1 runtime)}
  0x000077b4581527a1:   jmp    0x000077b458151da8
  0x000077b4581527a6:   mov    0x24(%rsi),%ebx
  0x000077b4581527a9:   shl    $0x3,%rbx
  0x000077b4581527ad:   test   %rbx,%rbx
  0x000077b4581527b0:   je     0x000077b458151df2
  0x000077b4581527b6:   mov    %rbx,(%rsp)
  0x000077b4581527ba:   call   0x000077b45f583a60           ;   {runtime_call g1_pre_barrier_slow}
  0x000077b4581527bf:   jmp    0x000077b458151df2
  0x000077b4581527c4:   movabs $0x0,%rdx                    ;   {metadata(nullptr)}
  0x000077b4581527ce:   mov    $0xa050f00,%eax
  0x000077b4581527d3:   call   0x000077b45f5820e0           ; ImmutableOopMap {}
                                                            ;*new {reexecute=1 rethrow=0 return_oop=0}
                                                            ; - (reexecute) java.nio.Buffer::&lt;init&gt;@58 (line 259)
                                                            ;   {runtime_call load_klass_patching_blob (C1 runtime)}
  0x000077b4581527d8:   jmp    0x000077b458151f90
  0x000077b4581527dd:   mov    %rdx,%rdx
  0x000077b4581527e0:   call   0x000077b45f57d3e0           ; ImmutableOopMap {}
                                                            ;*new {reexecute=0 rethrow=0 return_oop=0}
                                                            ; - java.nio.Buffer::&lt;init&gt;@58 (line 259)
                                                            ;   {runtime_call fast_new_instance_blob (C1 runtime)}
  0x000077b4581527e5:   jmp    0x000077b458151fe4
  0x000077b4581527ea:   movabs $0x0,%rdx                    ;   {metadata(nullptr)}
  0x000077b4581527f4:   mov    $0xa050f00,%eax
  0x000077b4581527f9:   call   0x000077b45f5820e0           ; ImmutableOopMap {rax=Oop [136]=Oop }
                                                            ;*new {reexecute=1 rethrow=0 return_oop=0}
                                                            ; - (reexecute) java.nio.Buffer::&lt;init&gt;@62 (line 259)
                                                            ;   {runtime_call load_klass_patching_blob (C1 runtime)}
  0x000077b4581527fe:   jmp    0x000077b458151ff0
  0x000077b458152803:   mov    %rdx,%rdx
  0x000077b458152806:   call   0x000077b45f57d3e0           ; ImmutableOopMap {[136]=Oop }
                                                            ;*new {reexecute=0 rethrow=0 return_oop=0}
                                                            ; - java.nio.Buffer::&lt;init&gt;@62 (line 259)
                                                            ;   {runtime_call fast_new_instance_blob (C1 runtime)}
  0x000077b45815280b:   jmp    0x000077b45815203c
  0x000077b458152810:   movabs $0x461ba900,%r10             ;   {metadata({method} {0x00000000461ba900} &apos;&lt;init&gt;&apos; &apos;()V&apos; in &apos;java/lang/StringBuilder&apos;)}
  0x000077b45815281a:   mov    %r10,0x8(%rsp)
  0x000077b45815281f:   movq   $0xffffffffffffffff,(%rsp)
  0x000077b458152827:   call   0x000077b45f582fe0           ; ImmutableOopMap {rax=Oop [136]=Oop }
                                                            ;*synchronization entry
                                                            ; - java.lang.StringBuilder::&lt;init&gt;@-1 (line 106)
                                                            ; - java.nio.Buffer::&lt;init&gt;@66 (line 259)
                                                            ;   {runtime_call counter_overflow_blob (C1 runtime)}
  0x000077b45815282c:   jmp    0x000077b458152078
  0x000077b458152831:   movabs $0x461bab10,%r10             ;   {metadata({method} {0x00000000461bab10} &apos;append&apos; &apos;(Ljava/lang/String;)Ljava/lang/StringBuilder;&apos; in &apos;java/lang/StringBuilder&apos;)}
  0x000077b45815283b:   mov    %r10,0x8(%rsp)
  0x000077b458152840:   movq   $0xffffffffffffffff,(%rsp)
  0x000077b458152848:   call   0x000077b45f582fe0           ; ImmutableOopMap {[128]=Oop [136]=Oop }
                                                            ;*synchronization entry
                                                            ; - java.lang.StringBuilder::append@-1 (line 179)
                                                            ; - java.nio.Buffer::&lt;init&gt;@71 (line 259)
                                                            ;   {runtime_call counter_overflow_blob (C1 runtime)}
  0x000077b45815284d:   jmp    0x000077b458152143
  0x000077b458152852:   movabs $0x461bad78,%r10             ;   {metadata({method} {0x00000000461bad78} &apos;append&apos; &apos;(I)Ljava/lang/StringBuilder;&apos; in &apos;java/lang/StringBuilder&apos;)}
  0x000077b45815285c:   mov    %r10,0x8(%rsp)
  0x000077b458152861:   movq   $0xffffffffffffffff,(%rsp)
  0x000077b458152869:   call   0x000077b45f582fe0           ; ImmutableOopMap {[128]=Oop [136]=Oop }
                                                            ;*synchronization entry
                                                            ; - java.lang.StringBuilder::append@-1 (line 253)
                                                            ; - java.nio.Buffer::&lt;init&gt;@75 (line 259)
                                                            ;   {runtime_call counter_overflow_blob (C1 runtime)}
  0x000077b45815286e:   jmp    0x000077b458152213
  0x000077b458152873:   movabs $0x461bab10,%r10             ;   {metadata({method} {0x00000000461bab10} &apos;append&apos; &apos;(Ljava/lang/String;)Ljava/lang/StringBuilder;&apos; in &apos;java/lang/StringBuilder&apos;)}
  0x000077b45815287d:   mov    %r10,0x8(%rsp)
  0x000077b458152882:   movq   $0xffffffffffffffff,(%rsp)
  0x000077b45815288a:   call   0x000077b45f582fe0           ; ImmutableOopMap {[128]=Oop [136]=Oop }
                                                            ;*synchronization entry
                                                            ; - java.lang.StringBuilder::append@-1 (line 179)
                                                            ; - java.nio.Buffer::&lt;init&gt;@80 (line 259)
                                                            ;   {runtime_call counter_overflow_blob (C1 runtime)}
  0x000077b45815288f:   jmp    0x000077b4581522e3
  0x000077b458152894:   movabs $0x461bad78,%r10             ;   {metadata({method} {0x00000000461bad78} &apos;append&apos; &apos;(I)Ljava/lang/StringBuilder;&apos; in &apos;java/lang/StringBuilder&apos;)}
  0x000077b45815289e:   mov    %r10,0x8(%rsp)
  0x000077b4581528a3:   movq   $0xffffffffffffffff,(%rsp)
  0x000077b4581528ab:   call   0x000077b45f582fe0           ; ImmutableOopMap {[128]=Oop [136]=Oop }
                                                            ;*synchronization entry
                                                            ; - java.lang.StringBuilder::append@-1 (line 253)
                                                            ; - java.nio.Buffer::&lt;init&gt;@84 (line 259)
                                                            ;   {runtime_call counter_overflow_blob (C1 runtime)}
  0x000077b4581528b0:   jmp    0x000077b4581523b3
  0x000077b4581528b5:   movabs $0x461bab10,%r10             ;   {metadata({method} {0x00000000461bab10} &apos;append&apos; &apos;(Ljava/lang/String;)Ljava/lang/StringBuilder;&apos; in &apos;java/lang/StringBuilder&apos;)}
  0x000077b4581528bf:   mov    %r10,0x8(%rsp)
  0x000077b4581528c4:   movq   $0xffffffffffffffff,(%rsp)
  0x000077b4581528cc:   call   0x000077b45f582fe0           ; ImmutableOopMap {[128]=Oop [136]=Oop }
                                                            ;*synchronization entry
                                                            ; - java.lang.StringBuilder::append@-1 (line 179)
                                                            ; - java.nio.Buffer::&lt;init&gt;@89 (line 259)
                                                            ;   {runtime_call counter_overflow_blob (C1 runtime)}
  0x000077b4581528d1:   jmp    0x000077b458152483
  0x000077b4581528d6:   movabs $0x461b93a0,%r10             ;   {metadata({method} {0x00000000461b93a0} &apos;toString&apos; &apos;()Ljava/lang/String;&apos; in &apos;java/lang/StringBuilder&apos;)}
  0x000077b4581528e0:   mov    %r10,0x8(%rsp)
  0x000077b4581528e5:   movq   $0xffffffffffffffff,(%rsp)
  0x000077b4581528ed:   call   0x000077b45f582fe0           ; ImmutableOopMap {[128]=Oop [136]=Oop }
                                                            ;*synchronization entry
                                                            ; - java.lang.StringBuilder::toString@-1 (line 474)
                                                            ; - java.nio.Buffer::&lt;init&gt;@92 (line 259)
                                                            ;   {runtime_call counter_overflow_blob (C1 runtime)}
  0x000077b4581528f2:   jmp    0x000077b458152553
  0x000077b4581528f7:   movabs $0x461b94b8,%r10             ;   {metadata({method} {0x00000000461b94b8} &apos;length&apos; &apos;()I&apos; in &apos;java/lang/StringBuilder&apos;)}
  0x000077b458152901:   mov    %r10,0x8(%rsp)
  0x000077b458152906:   movq   $0xffffffffffffffff,(%rsp)
  0x000077b45815290e:   call   0x000077b45f582fe0           ; ImmutableOopMap {[128]=Oop [136]=Oop }
                                                            ;*synchronization entry
                                                            ; - java.lang.StringBuilder::length@-1 (line 91)
                                                            ; - java.lang.StringBuilder::toString@1 (line 474)
                                                            ; - java.nio.Buffer::&lt;init&gt;@92 (line 259)
                                                            ;   {runtime_call counter_overflow_blob (C1 runtime)}
  0x000077b458152913:   jmp    0x000077b4581525ea
  0x000077b458152918:   movabs $0x77b45815264e,%r10         ;   {internal_word}
  0x000077b458152922:   mov    %r10,0x510(%r15)
  0x000077b458152929:   jmp    0x000077b45f4afb60           ;   {runtime_call SafepointBlob}
  0x000077b45815292e:   mov    %rdx,%rdx
  0x000077b458152931:   call   0x000077b45f57d3e0           ; ImmutableOopMap {rbx=Oop [136]=Oop }
                                                            ;*new {reexecute=0 rethrow=0 return_oop=0}
                                                            ; - java.lang.StringBuilder::toString@10 (line 478)
                                                            ; - java.nio.Buffer::&lt;init&gt;@92 (line 259)
                                                            ;   {runtime_call fast_new_instance_blob (C1 runtime)}
  0x000077b458152936:   jmp    0x000077b4581526b4
  0x000077b45815293b:   call   0x000077b45f57c660           ; ImmutableOopMap {rax=Oop }
                                                            ;*athrow {reexecute=1 rethrow=0 return_oop=0}
                                                            ; - (reexecute) java.nio.Buffer::&lt;init&gt;@24 (line 252)
                                                            ;   {runtime_call throw_null_pointer_exception_blob (C1 runtime)}
  0x000077b458152940:   mov    0x5c0(%r15),%rax
  0x000077b458152947:   movq   $0x0,0x5c0(%r15)
  0x000077b458152952:   movq   $0x0,0x5c8(%r15)
  0x000077b45815295d:   add    $0xa0,%rsp
  0x000077b458152964:   pop    %rbp
  0x000077b458152965:   jmp    0x000077b45f57b760           ;   {runtime_call unwind_exception_blob (C1 runtime)}
  0x000077b45815296a:   hlt    
  0x000077b45815296b:   hlt    
  0x000077b45815296c:   hlt    
  0x000077b45815296d:   hlt    
  0x000077b45815296e:   hlt    
  0x000077b45815296f:   hlt    
[Stub Code]
  0x000077b458152970:   nopl   0x0(%rax,%rax,1)             ;   {other}
  0x000077b458152975:   movabs $0x0,%rbx                    ;   {static_stub}
  0x000077b45815297f:   jmp    0x000077b45815297f           ;   {runtime_call nmethod}
  0x000077b458152984:   nop
  0x000077b458152985:   movabs $0x0,%rbx                    ;   {static_stub}
  0x000077b45815298f:   jmp    0x000077b45815298f           ;   {runtime_call nmethod}
  0x000077b458152994:   nop
  0x000077b458152995:   movabs $0x0,%rbx                    ;   {static_stub}
  0x000077b45815299f:   jmp    0x000077b45815299f           ;   {runtime_call nmethod}
  0x000077b4581529a4:   nop
  0x000077b4581529a5:   movabs $0x0,%rbx                    ;   {static_stub}
  0x000077b4581529af:   jmp    0x000077b4581529af           ;   {runtime_call nmethod}
  0x000077b4581529b4:   nop
  0x000077b4581529b5:   movabs $0x0,%rbx                    ;   {static_stub}
  0x000077b4581529bf:   jmp    0x000077b4581529bf           ;   {runtime_call nmethod}
  0x000077b4581529c4:   nop
  0x000077b4581529c5:   movabs $0x0,%rbx                    ;   {static_stub}
  0x000077b4581529cf:   jmp    0x000077b4581529cf           ;   {runtime_call nmethod}
  0x000077b4581529d4:   nop
  0x000077b4581529d5:   movabs $0x0,%rbx                    ;   {static_stub}
  0x000077b4581529df:   jmp    0x000077b4581529df           ;   {runtime_call nmethod}
  0x000077b4581529e4:   movabs $0x0,%rbx                    ;   {static_stub}
  0x000077b4581529ee:   jmp    0x000077b4581529ee           ;   {runtime_call nmethod}
  0x000077b4581529f3:   movabs $0x0,%rbx                    ;   {static_stub}
  0x000077b4581529fd:   jmp    0x000077b4581529fd           ;   {runtime_call nmethod}
  0x000077b458152a02:   movabs $0x0,%rbx                    ;   {static_stub}
  0x000077b458152a0c:   jmp    0x000077b458152a0c           ;   {runtime_call nmethod}
  0x000077b458152a11:   movabs $0x0,%rbx                    ;   {static_stub}
  0x000077b458152a1b:   jmp    0x000077b458152a1b           ;   {runtime_call nmethod}
[Exception Handler]
  0x000077b458152a20:   call   0x000077b45f57ede0           ;   {runtime_call handle_exception_from_callee_blob (C1 runtime)}
  0x000077b458152a25:   movabs $0x77b478d3aec4,%rdi         ;   {external_word}
  0x000077b458152a2f:   and    $0xfffffffffffffff0,%rsp
  0x000077b458152a33:   call   0x000077b478791cc0           ;   {runtime_call MacroAssembler::debug64(char*, long, long*)}
  0x000077b458152a38:   hlt    
  0x000077b458152a39:   call   0x000077b45f4afe60           ;   {runtime_call DeoptimizationBlob}
[Deopt Handler Entry Point]
  0x000077b458152a3e:   jmp    0x000077b458152a39
--------------------------------------------------------------------------------
[/Disassembly]
