----------------------------------- Assembly -----------------------------------

Compiled method (c2) 40904 1783       4       java.util.LinkedHashMap::linkNodeAtEnd (76 bytes)
 total in heap  [0x000077b45fbe6308,0x000077b45fbe6728] = 1056
 main code      [0x000077b45fbe6400,0x000077b45fbe6720] = 800
 stub code      [0x000077b45fbe6720,0x000077b45fbe6728] = 8
 mutable data [0x000077b4081ad0b0,0x000077b4081ad0d8] = 40
 relocation     [0x000077b4081ad0b0,0x000077b4081ad0d0] = 32
 metadata       [0x000077b4081ad0d0,0x000077b4081ad0d8] = 8
 immutable data [0x000077b40806e0d0,0x000077b40806e24c] = 380
 dependencies   [0x000077b40806e0d0,0x000077b40806e0d8] = 8
 scopes pcs     [0x000077b40806e0d8,0x000077b40806e1e8] = 272
 scopes data    [0x000077b40806e1e8,0x000077b40806e248] = 96

[Disassembly]
--------------------------------------------------------------------------------
[Constant Pool (empty)]

--------------------------------------------------------------------------------

[Instructions begin]
  0x000077b45fbe6400:   xchg   %ax,%ax
[Entry Point]
  # {method} {0x000000004624b390} &apos;linkNodeAtEnd&apos; &apos;(Ljava/util/LinkedHashMap$Entry;)V&apos; in &apos;java/util/LinkedHashMap&apos;
  # this:     rsi:rsi   = &apos;java/util/LinkedHashMap&apos;
  # parm0:    rdx:rdx   = &apos;java/util/LinkedHashMap$Entry&apos;
  #           [sp+0x30]  (sp of caller)
  0x000077b45fbe6402:   mov    0x8(%rsi),%r10d
  0x000077b45fbe6406:   cmp    0x8(%rax),%r10d
  0x000077b45fbe640a:   jne    0x000077b45f4ad6e0           ;   {runtime_call ic_miss_blob (shared runtime)}
[Verified Entry Point]
  0x000077b45fbe6410:   mov    %eax,-0x14000(%rsp)
  0x000077b45fbe6417:   push   %rbp
  0x000077b45fbe6418:   sub    $0x20,%rsp
  0x000077b45fbe641c:   cmpl   $0x1,0x20(%r15)
  0x000077b45fbe6424:   jne    0x000077b45fbe6712           ;*synchronization entry
                                                            ; - java.util.LinkedHashMap::linkNodeAtEnd@-1 (line 237)
  0x000077b45fbe642a:   mov    0x2c(%rsi),%r10d             ;*getfield putMode {reexecute=0 rethrow=0 return_oop=0}
                                                            ; - java.util.LinkedHashMap::linkNodeAtEnd@1 (line 237)
  0x000077b45fbe642e:   cmp    $0x1,%r10d
  0x000077b45fbe6432:   je     0x000077b45fbe6564           ;*if_icmpne {reexecute=0 rethrow=0 return_oop=0}
                                                            ; - java.util.LinkedHashMap::linkNodeAtEnd@5 (line 237)
  0x000077b45fbe6438:   mov    0x38(%rsi),%ebp              ;*getfield tail {reexecute=0 rethrow=0 return_oop=0}
                                                            ; - java.util.LinkedHashMap::linkNodeAtEnd@44 (line 247)
  0x000077b45fbe643b:   lea    0x38(%rsi),%r8
  0x000077b45fbe643f:   cmpb   $0x0,0x48(%r15)
  0x000077b45fbe6444:   jne    0x000077b45fbe6584
  0x000077b45fbe644a:   mov    %rdx,%r11
  0x000077b45fbe644d:   shr    $0x3,%r11
  0x000077b45fbe6451:   mov    %r11d,(%r8)
  0x000077b45fbe6454:   mov    %r8,%r10
  0x000077b45fbe6457:   xor    %rdx,%r10
  0x000077b45fbe645a:   shr    $0x17,%r10
  0x000077b45fbe645e:   je     0x000077b45fbe647a
  0x000077b45fbe6460:   test   %rdx,%rdx
  0x000077b45fbe6463:   je     0x000077b45fbe647a
  0x000077b45fbe6465:   mov    %r8,%r10
  0x000077b45fbe6468:   shr    $0x9,%r10
  0x000077b45fbe646c:   add    0x50(%r15),%r10
  0x000077b45fbe6470:   cmpb   $0xff,(%r10)
  0x000077b45fbe6474:   jne    0x000077b45fbe647a
  0x000077b45fbe6476:   movb   $0x0,(%r10)                  ;*putfield tail {reexecute=0 rethrow=0 return_oop=0}
                                                            ; - java.util.LinkedHashMap::linkNodeAtEnd@50 (line 248)
  0x000077b45fbe647a:   test   %ebp,%ebp
  0x000077b45fbe647c:   je     0x000077b45fbe6510           ;*ifnonnull {reexecute=0 rethrow=0 return_oop=0}
                                                            ; - java.util.LinkedHashMap::linkNodeAtEnd@54 (line 249)
  0x000077b45fbe6482:   test   %rdx,%rdx
  0x000077b45fbe6485:   je     0x000077b45fbe6551           ;*putfield before {reexecute=0 rethrow=0 return_oop=0}
                                                            ; - java.util.LinkedHashMap::linkNodeAtEnd@67 (line 252)
  0x000077b45fbe648b:   lea    0x20(%r12,%rbp,8),%r11
  0x000077b45fbe6490:   cmpb   $0x0,0x48(%r15)
  0x000077b45fbe6495:   jne    0x000077b45fbe65ea
  0x000077b45fbe649b:   mov    %rdx,%r8
  0x000077b45fbe649e:   shr    $0x3,%r8
  0x000077b45fbe64a2:   mov    %r8d,(%r11)
  0x000077b45fbe64a5:   mov    %r11,%r9
  0x000077b45fbe64a8:   xor    %rdx,%r9
  0x000077b45fbe64ab:   shr    $0x17,%r9
  0x000077b45fbe64af:   je     0x000077b45fbe64c6
  0x000077b45fbe64b1:   mov    %r11,%r9
  0x000077b45fbe64b4:   shr    $0x9,%r9
  0x000077b45fbe64b8:   add    0x50(%r15),%r9
  0x000077b45fbe64bc:   cmpb   $0xff,(%r9)
  0x000077b45fbe64c0:   jne    0x000077b45fbe64c6
  0x000077b45fbe64c2:   movb   $0x0,(%r9)                   ;*putfield after {reexecute=0 rethrow=0 return_oop=0}
                                                            ; - java.util.LinkedHashMap::linkNodeAtEnd@72 (line 253)
  0x000077b45fbe64c6:   lea    0x1c(%rdx),%r11
  0x000077b45fbe64ca:   cmpb   $0x0,0x48(%r15)
  0x000077b45fbe64cf:   jne    0x000077b45fbe6650
  0x000077b45fbe64d5:   mov    %ebp,(%r11)
  0x000077b45fbe64d8:   mov    %ebp,%r8d
  0x000077b45fbe64db:   shl    $0x3,%r8
  0x000077b45fbe64df:   mov    %r11,%r10
  0x000077b45fbe64e2:   xor    %r8,%r10
  0x000077b45fbe64e5:   shr    $0x17,%r10
  0x000077b45fbe64e9:   je     0x000077b45fbe6500
  0x000077b45fbe64eb:   mov    %r11,%r10
  0x000077b45fbe64ee:   shr    $0x9,%r10
  0x000077b45fbe64f2:   add    0x50(%r15),%r10
  0x000077b45fbe64f6:   cmpb   $0xff,(%r10)
  0x000077b45fbe64fa:   jne    0x000077b45fbe6500
  0x000077b45fbe64fc:   movb   $0x0,(%r10)                  ;*synchronization entry
                                                            ; - java.util.LinkedHashMap::linkNodeAtEnd@-1 (line 237)
  0x000077b45fbe6500:   add    $0x20,%rsp
  0x000077b45fbe6504:   pop    %rbp
  0x000077b45fbe6505:   cmp    0x28(%r15),%rsp              ;   {poll_return}
  0x000077b45fbe6509:   ja     0x000077b45fbe66fc
  0x000077b45fbe650f:   ret    
  0x000077b45fbe6510:   lea    0x34(%rsi),%r11
  0x000077b45fbe6514:   cmpb   $0x0,0x48(%r15)
  0x000077b45fbe6519:   jne    0x000077b45fbe66a2
  0x000077b45fbe651f:   mov    %rdx,%r8
  0x000077b45fbe6522:   shr    $0x3,%r8
  0x000077b45fbe6526:   mov    %r8d,(%r11)
  0x000077b45fbe6529:   mov    %r11,%r10
  0x000077b45fbe652c:   xor    %rdx,%r10
  0x000077b45fbe652f:   shr    $0x17,%r10
  0x000077b45fbe6533:   je     0x000077b45fbe654f
  0x000077b45fbe6535:   test   %rdx,%rdx
  0x000077b45fbe6538:   je     0x000077b45fbe654f
  0x000077b45fbe653a:   mov    %r11,%r10
  0x000077b45fbe653d:   shr    $0x9,%r10
  0x000077b45fbe6541:   add    0x50(%r15),%r10
  0x000077b45fbe6545:   cmpb   $0xff,(%r10)
  0x000077b45fbe6549:   jne    0x000077b45fbe654f
  0x000077b45fbe654b:   movb   $0x0,(%r10)                  ;*putfield head {reexecute=0 rethrow=0 return_oop=0}
                                                            ; - java.util.LinkedHashMap::linkNodeAtEnd@59 (line 250)
  0x000077b45fbe654f:   jmp    0x000077b45fbe6500           ;*putfield before {reexecute=0 rethrow=0 return_oop=0}
                                                            ; - java.util.LinkedHashMap::linkNodeAtEnd@67 (line 252)
  0x000077b45fbe6551:   mov    $0xfffffff6,%esi
  0x000077b45fbe6556:   nop
  0x000077b45fbe6557:   call   0x000077b45f5865e0           ; ImmutableOopMap {rbp=NarrowOop }
                                                            ;*putfield before {reexecute=1 rethrow=0 return_oop=0}
                                                            ; - (reexecute) java.util.LinkedHashMap::linkNodeAtEnd@67 (line 252)
                                                            ;   {runtime_call UncommonTrapBlob}
  0x000077b45fbe655c:   nopl   0x254(%rax,%rax,1)           ;*putfield before {reexecute=0 rethrow=0 return_oop=0}
                                                            ; - java.util.LinkedHashMap::linkNodeAtEnd@67 (line 252)
                                                            ;   {post_call_nop}
  0x000077b45fbe6564:   mov    %rsi,%rbp
  0x000077b45fbe6567:   mov    %rdx,(%rsp)
  0x000077b45fbe656b:   mov    %r10d,0x8(%rsp)
  0x000077b45fbe6570:   mov    $0xffffff45,%esi
  0x000077b45fbe6575:   xchg   %ax,%ax
  0x000077b45fbe6577:   call   0x000077b45f5865e0           ; ImmutableOopMap {rbp=Oop [0]=Oop }
                                                            ;*if_icmpne {reexecute=1 rethrow=0 return_oop=0}
                                                            ; - (reexecute) java.util.LinkedHashMap::linkNodeAtEnd@5 (line 237)
                                                            ;   {runtime_call UncommonTrapBlob}
  0x000077b45fbe657c:   nopl   0x1000274(%rax,%rax,1)       ;*if_icmpne {reexecute=0 rethrow=0 return_oop=0}
                                                            ; - java.util.LinkedHashMap::linkNodeAtEnd@5 (line 237)
                                                            ;   {post_call_nop}
  0x000077b45fbe6584:   mov    (%r8),%r11d
  0x000077b45fbe6587:   shl    $0x3,%r11
  0x000077b45fbe658b:   test   %r11,%r11
  0x000077b45fbe658e:   je     0x000077b45fbe644a
  0x000077b45fbe6594:   mov    0x40(%r15),%r10
  0x000077b45fbe6598:   test   %r10,%r10
  0x000077b45fbe659b:   je     0x000077b45fbe65b1
  0x000077b45fbe659d:   sub    $0x8,%r10
  0x000077b45fbe65a1:   mov    %r10,0x40(%r15)
  0x000077b45fbe65a5:   add    0x38(%r15),%r10
  0x000077b45fbe65a9:   mov    %r11,(%r10)
  0x000077b45fbe65ac:   jmp    0x000077b45fbe644a
  0x000077b45fbe65b1:   sub    $0x20,%rsp
  0x000077b45fbe65b5:   mov    %r8,0x18(%rsp)
  0x000077b45fbe65ba:   mov    %rdx,0x10(%rsp)
  0x000077b45fbe65bf:   mov    %rsi,0x8(%rsp)
  0x000077b45fbe65c4:   mov    %r11,%rdi
  0x000077b45fbe65c7:   mov    %r15,%rsi
  0x000077b45fbe65ca:   call   0x000077b478309bd0           ;   {runtime_call G1BarrierSetRuntime::write_ref_field_pre_entry(oopDesc*, JavaThread*)}
  0x000077b45fbe65cf:   mov    0x8(%rsp),%rsi
  0x000077b45fbe65d4:   mov    0x10(%rsp),%rdx
  0x000077b45fbe65d9:   mov    0x18(%rsp),%r8
  0x000077b45fbe65de:   vzeroupper 
  0x000077b45fbe65e1:   add    $0x20,%rsp
  0x000077b45fbe65e5:   jmp    0x000077b45fbe644a
  0x000077b45fbe65ea:   mov    (%r11),%r8d
  0x000077b45fbe65ed:   shl    $0x3,%r8
  0x000077b45fbe65f1:   test   %r8,%r8
  0x000077b45fbe65f4:   je     0x000077b45fbe649b
  0x000077b45fbe65fa:   mov    0x40(%r15),%r9
  0x000077b45fbe65fe:   test   %r9,%r9
  0x000077b45fbe6601:   je     0x000077b45fbe6617
  0x000077b45fbe6603:   sub    $0x8,%r9
  0x000077b45fbe6607:   mov    %r9,0x40(%r15)
  0x000077b45fbe660b:   add    0x38(%r15),%r9
  0x000077b45fbe660f:   mov    %r8,(%r9)
  0x000077b45fbe6612:   jmp    0x000077b45fbe649b
  0x000077b45fbe6617:   sub    $0x20,%rsp
  0x000077b45fbe661b:   mov    %r10,0x18(%rsp)
  0x000077b45fbe6620:   mov    %r11,0x10(%rsp)
  0x000077b45fbe6625:   mov    %rdx,0x8(%rsp)
  0x000077b45fbe662a:   mov    %r8,%rdi
  0x000077b45fbe662d:   mov    %r15,%rsi
  0x000077b45fbe6630:   call   0x000077b478309bd0           ;   {runtime_call G1BarrierSetRuntime::write_ref_field_pre_entry(oopDesc*, JavaThread*)}
  0x000077b45fbe6635:   mov    0x8(%rsp),%rdx
  0x000077b45fbe663a:   mov    0x10(%rsp),%r11
  0x000077b45fbe663f:   mov    0x18(%rsp),%r10
  0x000077b45fbe6644:   vzeroupper 
  0x000077b45fbe6647:   add    $0x20,%rsp
  0x000077b45fbe664b:   jmp    0x000077b45fbe649b
  0x000077b45fbe6650:   mov    (%r11),%r8d
  0x000077b45fbe6653:   shl    $0x3,%r8
  0x000077b45fbe6657:   test   %r8,%r8
  0x000077b45fbe665a:   je     0x000077b45fbe64d5
  0x000077b45fbe6660:   mov    0x40(%r15),%r10
  0x000077b45fbe6664:   test   %r10,%r10
  0x000077b45fbe6667:   je     0x000077b45fbe667d
  0x000077b45fbe6669:   sub    $0x8,%r10
  0x000077b45fbe666d:   mov    %r10,0x40(%r15)
  0x000077b45fbe6671:   add    0x38(%r15),%r10
  0x000077b45fbe6675:   mov    %r8,(%r10)
  0x000077b45fbe6678:   jmp    0x000077b45fbe64d5
  0x000077b45fbe667d:   sub    $0x10,%rsp
  0x000077b45fbe6681:   mov    %r11,0x8(%rsp)
  0x000077b45fbe6686:   mov    %r8,%rdi
  0x000077b45fbe6689:   mov    %r15,%rsi
  0x000077b45fbe668c:   call   0x000077b478309bd0           ;   {runtime_call G1BarrierSetRuntime::write_ref_field_pre_entry(oopDesc*, JavaThread*)}
  0x000077b45fbe6691:   mov    0x8(%rsp),%r11
  0x000077b45fbe6696:   vzeroupper 
  0x000077b45fbe6699:   add    $0x10,%rsp
  0x000077b45fbe669d:   jmp    0x000077b45fbe64d5
  0x000077b45fbe66a2:   mov    (%r11),%r8d
  0x000077b45fbe66a5:   shl    $0x3,%r8
  0x000077b45fbe66a9:   test   %r8,%r8
  0x000077b45fbe66ac:   je     0x000077b45fbe651f
  0x000077b45fbe66b2:   mov    0x40(%r15),%r10
  0x000077b45fbe66b6:   test   %r10,%r10
  0x000077b45fbe66b9:   je     0x000077b45fbe66cf
  0x000077b45fbe66bb:   sub    $0x8,%r10
  0x000077b45fbe66bf:   mov    %r10,0x40(%r15)
  0x000077b45fbe66c3:   add    0x38(%r15),%r10
  0x000077b45fbe66c7:   mov    %r8,(%r10)
  0x000077b45fbe66ca:   jmp    0x000077b45fbe651f
  0x000077b45fbe66cf:   sub    $0x10,%rsp
  0x000077b45fbe66d3:   mov    %r11,0x8(%rsp)
  0x000077b45fbe66d8:   mov    %rdx,(%rsp)
  0x000077b45fbe66dc:   mov    %r8,%rdi
  0x000077b45fbe66df:   mov    %r15,%rsi
  0x000077b45fbe66e2:   call   0x000077b478309bd0           ;   {runtime_call G1BarrierSetRuntime::write_ref_field_pre_entry(oopDesc*, JavaThread*)}
  0x000077b45fbe66e7:   mov    (%rsp),%rdx
  0x000077b45fbe66eb:   mov    0x8(%rsp),%r11
  0x000077b45fbe66f0:   vzeroupper 
  0x000077b45fbe66f3:   add    $0x10,%rsp
  0x000077b45fbe66f7:   jmp    0x000077b45fbe651f
  0x000077b45fbe66fc:   movabs $0x77b45fbe6505,%r10         ;   {internal_word}
  0x000077b45fbe6706:   mov    %r10,0x510(%r15)
  0x000077b45fbe670d:   jmp    0x000077b45f4afb60           ;   {runtime_call SafepointBlob}
  0x000077b45fbe6712:   call   Stub::method_entry_barrier_stub (stub gen)
                                                            ;   {runtime_call Stub::method_entry_barrier_stub (stub gen)}
  0x000077b45fbe6717:   jmp    0x000077b45fbe642a
  0x000077b45fbe671c:   hlt    
  0x000077b45fbe671d:   hlt    
  0x000077b45fbe671e:   hlt    
  0x000077b45fbe671f:   hlt    
[Stub Code]
  0x000077b45fbe6720:   call   0x000077b45f4afe60           ;   {runtime_call DeoptimizationBlob}
[Deopt Handler Entry Point]
  0x000077b45fbe6725:   jmp    0x000077b45fbe6720
  0x000077b45fbe6727:   hlt    
--------------------------------------------------------------------------------
[/Disassembly]
