
============================= C1-compiled nmethod ==============================
----------------------------------- Assembly -----------------------------------

Compiled method (c1) 40660 1786       3       java.util.ArrayList::toArray (12 bytes)
 total in heap  [0x000077b458154488,0x000077b458154790] = 776
 main code      [0x000077b458154580,0x000077b458154760] = 480
 stub code      [0x000077b458154760,0x000077b458154790] = 48
 mutable data [0x000077b3e85f5730,0x000077b3e85f5788] = 88
 relocation     [0x000077b3e85f5730,0x000077b3e85f5770] = 64
 metadata       [0x000077b3e85f5770,0x000077b3e85f5788] = 24
 immutable data [0x000077b47024bfc0,0x000077b47024c0f4] = 308
 dependencies   [0x000077b47024bfc0,0x000077b47024bfc8] = 8
 nul chk table  [0x000077b47024bfc8,0x000077b47024bfd8] = 16
 scopes pcs     [0x000077b47024bfd8,0x000077b47024c098] = 192
 scopes data    [0x000077b47024c098,0x000077b47024c0f0] = 88

[Disassembly]
--------------------------------------------------------------------------------
[Constant Pool (empty)]

--------------------------------------------------------------------------------

[Instructions begin]
  0x000077b458154580:   data16 data16 nopw 0x0(%rax,%rax,1)
  0x000077b45815458b:   data16 data16 xchg %ax,%ax
  0x000077b45815458f:   data16 xchg %ax,%ax
[Entry Point]
  # {method} {0x000000004621d470} &apos;toArray&apos; &apos;()[Ljava/lang/Object;&apos; in &apos;java/util/ArrayList&apos;
  #           [sp+0x50]  (sp of caller)
  0x000077b458154592:   mov    0x8(%rsi),%r10d
  0x000077b458154596:   cmp    0x8(%rax),%r10d
  0x000077b45815459a:   jne    0x000077b45f4ad6e0           ;   {runtime_call ic_miss_blob (shared runtime)}
[Verified Entry Point]
  0x000077b4581545a0:   mov    %eax,-0x14000(%rsp)
  0x000077b4581545a7:   push   %rbp
  0x000077b4581545a8:   sub    $0x40,%rsp
  0x000077b4581545ac:   cmpl   $0x1,0x20(%r15)
  0x000077b4581545b4:   je     0x000077b4581545bb
  0x000077b4581545b6:   call   Stub::method_entry_barrier_stub (stub gen)
                                                            ;   {runtime_call Stub::method_entry_barrier_stub (stub gen)}
  0x000077b4581545bb:   movabs $0x77b4146f09a8,%rdx         ;   {metadata(method data for {method} {0x000000004621d470} &apos;toArray&apos; &apos;()[Ljava/lang/Object;&apos; in &apos;java/util/ArrayList&apos;)}
  0x000077b4581545c5:   mov    0x90(%rdx),%ecx
  0x000077b4581545cb:   add    $0x2,%ecx
  0x000077b4581545ce:   mov    %ecx,0x90(%rdx)
  0x000077b4581545d4:   and    $0x7fe,%ecx
  0x000077b4581545da:   test   %ecx,%ecx
  0x000077b4581545dc:   je     0x000077b4581546dc           ;*aload_0 {reexecute=0 rethrow=0 return_oop=0}
                                                            ; - java.util.ArrayList::toArray@0 (line 370)
  0x000077b4581545e2:   mov    0x14(%rsi),%edx
  0x000077b4581545e5:   shl    $0x3,%rdx                    ;*getfield elementData {reexecute=0 rethrow=0 return_oop=0}
                                                            ; - java.util.ArrayList::toArray@1 (line 370)
  0x000077b4581545e9:   mov    0x10(%rsi),%ecx              ;*getfield size {reexecute=0 rethrow=0 return_oop=0}
                                                            ; - java.util.ArrayList::toArray@5 (line 370)
  0x000077b4581545ec:   movabs $0x77b4146f09a8,%rsi         ;   {metadata(method data for {method} {0x000000004621d470} &apos;toArray&apos; &apos;()[Ljava/lang/Object;&apos; in &apos;java/util/ArrayList&apos;)}
  0x000077b4581545f6:   addq   $0x1,0xd8(%rsi)
  0x000077b4581545fe:   movabs $0x77b4140fb6f0,%rsi         ;   {metadata(method data for {method} {0x000000004648b110} &apos;copyOf&apos; &apos;([Ljava/lang/Object;I)[Ljava/lang/Object;&apos; in &apos;java/util/Arrays&apos;)}
  0x000077b458154608:   mov    0x90(%rsi),%edi
  0x000077b45815460e:   add    $0x2,%edi
  0x000077b458154611:   mov    %edi,0x90(%rsi)
  0x000077b458154617:   and    $0x1ffffe,%edi
  0x000077b45815461d:   test   %edi,%edi
  0x000077b45815461f:   je     0x000077b4581546fd
  0x000077b458154625:   cmp    (%rdx),%rax                  ; implicit exception: dispatches to 0x000077b45815471e
  0x000077b458154628:   mov    %rdx,%rsi
  0x000077b45815462b:   movabs $0x77b4140fb6f0,%rdi         ;   {metadata(method data for {method} {0x000000004648b110} &apos;copyOf&apos; &apos;([Ljava/lang/Object;I)[Ljava/lang/Object;&apos; in &apos;java/util/Arrays&apos;)}
  0x000077b458154635:   mov    0x8(%rsi),%esi
  0x000077b458154638:   mov    $0x46000000,%r10d
  0x000077b45815463e:   add    %r10,%rsi
  0x000077b458154641:   mov    $0x1c,%r10d
  0x000077b458154647:   cmp    (%rdi,%r10,8),%rsi
  0x000077b45815464b:   je     0x000077b458154684
  0x000077b45815464d:   add    $0x2,%r10
  0x000077b458154651:   cmp    $0x20,%r10
  0x000077b458154655:   jne    0x000077b458154647
  0x000077b458154657:   mov    $0x1c,%r10d
  0x000077b45815465d:   cmpq   $0x0,(%rdi,%r10,8)
  0x000077b458154662:   je     0x000077b458154670
  0x000077b458154664:   add    $0x2,%r10
  0x000077b458154668:   cmp    $0x20,%r10
  0x000077b45815466c:   jne    0x000077b45815465d
  0x000077b45815466e:   jmp    0x000077b45815467c
  0x000077b458154670:   push   %rax
  0x000077b458154671:   xor    %rax,%rax
  0x000077b458154674:   cmpxchg %rsi,(%rdi,%r10,8)
  0x000077b458154679:   pop    %rax
  0x000077b45815467a:   jmp    0x000077b458154641
  0x000077b45815467c:   mov    $0x1b,%r10d
  0x000077b458154682:   jmp    0x000077b458154688
  0x000077b458154684:   add    $0x1,%r10
  0x000077b458154688:   addq   $0x1,(%rdi,%r10,8)
  0x000077b45815468d:   mov    0x8(%rdx),%esi
  0x000077b458154690:   mov    $0x46000000,%r10d
  0x000077b458154696:   add    %r10,%rsi
  0x000077b458154699:   mov    0x70(%rsi),%rsi
  0x000077b45815469d:   mov    (%rsi),%rdi                  ;*invokevirtual getClass {reexecute=0 rethrow=0 return_oop=0}
                                                            ; - java.util.Arrays::copyOf@3 (line 3478)
                                                            ; - java.util.ArrayList::toArray@8 (line 370)
  0x000077b4581546a0:   movabs $0x77b4140fb6f0,%rsi         ;   {metadata(method data for {method} {0x000000004648b110} &apos;copyOf&apos; &apos;([Ljava/lang/Object;I)[Ljava/lang/Object;&apos; in &apos;java/util/Arrays&apos;)}
  0x000077b4581546aa:   addq   $0x1,0x108(%rsi)
  0x000077b4581546b2:   mov    %rdx,%rsi
  0x000077b4581546b5:   mov    %rcx,%rdx
  0x000077b4581546b8:   mov    %rdi,%rcx                    ;*invokestatic copyOf {reexecute=0 rethrow=0 return_oop=0}
                                                            ; - java.util.Arrays::copyOf@6 (line 3478)
                                                            ; - java.util.ArrayList::toArray@8 (line 370)
  0x000077b4581546bb:   nopl   0x0(%rax)
  0x000077b4581546bf:   call   0x000077b45805c880           ; ImmutableOopMap {}
                                                            ;*invokestatic copyOf {reexecute=0 rethrow=0 return_oop=0}
                                                            ; - java.util.Arrays::copyOf@6 (line 3478)
                                                            ; - java.util.ArrayList::toArray@8 (line 370)
                                                            ;   {static_call}
  0x000077b4581546c4:   nopl   0x23c(%rax,%rax,1)           ;*invokestatic copyOf {reexecute=0 rethrow=0 return_oop=0}
                                                            ; - java.util.Arrays::copyOf@6 (line 3478)
                                                            ; - java.util.ArrayList::toArray@8 (line 370)
                                                            ;   {post_call_nop}
  0x000077b4581546cc:   add    $0x40,%rsp
  0x000077b4581546d0:   pop    %rbp
  0x000077b4581546d1:   cmp    0x28(%r15),%rsp              ;   {poll_return}
  0x000077b4581546d5:   ja     0x000077b458154723
  0x000077b4581546db:   ret    
  0x000077b4581546dc:   movabs $0x4621d470,%r10             ;   {metadata({method} {0x000000004621d470} &apos;toArray&apos; &apos;()[Ljava/lang/Object;&apos; in &apos;java/util/ArrayList&apos;)}
  0x000077b4581546e6:   mov    %r10,0x8(%rsp)
  0x000077b4581546eb:   movq   $0xffffffffffffffff,(%rsp)
  0x000077b4581546f3:   call   0x000077b45f582fe0           ; ImmutableOopMap {rsi=Oop }
                                                            ;*synchronization entry
                                                            ; - java.util.ArrayList::toArray@-1 (line 370)
                                                            ;   {runtime_call counter_overflow_blob (C1 runtime)}
  0x000077b4581546f8:   jmp    0x000077b4581545e2
  0x000077b4581546fd:   movabs $0x4648b110,%r10             ;   {metadata({method} {0x000000004648b110} &apos;copyOf&apos; &apos;([Ljava/lang/Object;I)[Ljava/lang/Object;&apos; in &apos;java/util/Arrays&apos;)}
  0x000077b458154707:   mov    %r10,0x8(%rsp)
  0x000077b45815470c:   movq   $0xffffffffffffffff,(%rsp)
  0x000077b458154714:   call   0x000077b45f582fe0           ; ImmutableOopMap {rdx=Oop }
                                                            ;*synchronization entry
                                                            ; - java.util.Arrays::copyOf@-1 (line 3478)
                                                            ; - java.util.ArrayList::toArray@8 (line 370)
                                                            ;   {runtime_call counter_overflow_blob (C1 runtime)}
  0x000077b458154719:   jmp    0x000077b458154625
  0x000077b45815471e:   call   0x000077b45f57c660           ; ImmutableOopMap {rdx=Oop }
                                                            ;*invokevirtual getClass {reexecute=0 rethrow=0 return_oop=0}
                                                            ; - java.util.Arrays::copyOf@3 (line 3478)
                                                            ; - java.util.ArrayList::toArray@8 (line 370)
                                                            ;   {runtime_call throw_null_pointer_exception_blob (C1 runtime)}
  0x000077b458154723:   movabs $0x77b4581546d1,%r10         ;   {internal_word}
  0x000077b45815472d:   mov    %r10,0x510(%r15)
  0x000077b458154734:   jmp    0x000077b45f4afb60           ;   {runtime_call SafepointBlob}
  0x000077b458154739:   mov    0x5c0(%r15),%rax
  0x000077b458154740:   movq   $0x0,0x5c0(%r15)
  0x000077b45815474b:   movq   $0x0,0x5c8(%r15)
  0x000077b458154756:   add    $0x40,%rsp
  0x000077b45815475a:   pop    %rbp
  0x000077b45815475b:   jmp    0x000077b45f57b760           ;   {runtime_call unwind_exception_blob (C1 runtime)}
[Stub Code]
  0x000077b458154760:   movabs $0x0,%rbx                    ;   {static_stub}
  0x000077b45815476a:   jmp    0x000077b45815476a           ;   {runtime_call nmethod}
[Exception Handler]
  0x000077b45815476f:   call   0x000077b45f57ede0           ;   {runtime_call handle_exception_from_callee_blob (C1 runtime)}
  0x000077b458154774:   movabs $0x77b478d3aec4,%rdi         ;   {external_word}
  0x000077b45815477e:   and    $0xfffffffffffffff0,%rsp
  0x000077b458154782:   call   0x000077b478791cc0           ;   {runtime_call MacroAssembler::debug64(char*, long, long*)}
  0x000077b458154787:   hlt    
  0x000077b458154788:   call   0x000077b45f4afe60           ;   {runtime_call DeoptimizationBlob}
[Deopt Handler Entry Point]
  0x000077b45815478d:   jmp    0x000077b458154788
  0x000077b45815478f:   hlt    
--------------------------------------------------------------------------------
[/Disassembly]
