
============================= C1-compiled nmethod ==============================
----------------------------------- Assembly -----------------------------------

Compiled method (c1) 40962 1796       3       sun.awt.X11.XToolkit::getDisplay (20 bytes)
 total in heap  [0x000077b458154b08,0x000077b458154ce8] = 480
 main code      [0x000077b458154c00,0x000077b458154cc8] = 200
 stub code      [0x000077b458154cc8,0x000077b458154ce8] = 32
 mutable data [0x000077b3e80ad780,0x000077b3e80ad7b0] = 48
 relocation     [0x000077b3e80ad780,0x000077b3e80ad7a8] = 40
 metadata       [0x000077b3e80ad7a8,0x000077b3e80ad7b0] = 8
 immutable data [0x000077b3e80ad700,0x000077b3e80ad774] = 116
 dependencies   [0x000077b3e80ad700,0x000077b3e80ad708] = 8
 scopes pcs     [0x000077b3e80ad708,0x000077b3e80ad758] = 80
 scopes data    [0x000077b3e80ad758,0x000077b3e80ad770] = 24

[Disassembly]
--------------------------------------------------------------------------------
[Constant Pool (empty)]

--------------------------------------------------------------------------------

[Verified Entry Point]
  # {method} {0x000077b4143d3998} &apos;getDisplay&apos; &apos;()J&apos; in &apos;sun/awt/X11/XToolkit&apos;
  #           [sp+0x40]  (sp of caller)
  0x000077b458154c00:   mov    %eax,-0x14000(%rsp)
  0x000077b458154c07:   push   %rbp
  0x000077b458154c08:   sub    $0x30,%rsp
  0x000077b458154c0c:   cmpl   $0x1,0x20(%r15)
  0x000077b458154c14:   je     0x000077b458154c1b
  0x000077b458154c16:   call   Stub::method_entry_barrier_stub (stub gen)
                                                            ;   {runtime_call Stub::method_entry_barrier_stub (stub gen)}
  0x000077b458154c1b:   movabs $0x77b4147c2cb8,%rax         ;   {metadata(method data for {method} {0x000077b4143d3998} &apos;getDisplay&apos; &apos;()J&apos; in &apos;sun/awt/X11/XToolkit&apos;)}
  0x000077b458154c25:   mov    0x90(%rax),%esi
  0x000077b458154c2b:   add    $0x2,%esi
  0x000077b458154c2e:   mov    %esi,0x90(%rax)
  0x000077b458154c34:   and    $0x7fe,%esi
  0x000077b458154c3a:   test   %esi,%esi
  0x000077b458154c3c:   je     0x000077b458154c6c           ;*getstatic localEnv {reexecute=0 rethrow=0 return_oop=0}
                                                            ; - sun.awt.X11.XToolkit::getDisplay@0 (line 288)
  0x000077b458154c42:   movabs $0x77b4147c2cb8,%rax         ;   {metadata(method data for {method} {0x000077b4143d3998} &apos;getDisplay&apos; &apos;()J&apos; in &apos;sun/awt/X11/XToolkit&apos;)}
  0x000077b458154c4c:   incl   0xd8(%rax)                   ;*ifnonnull {reexecute=0 rethrow=0 return_oop=0}
                                                            ; - sun.awt.X11.XToolkit::getDisplay@3 (line 288)
  0x000077b458154c52:   movabs $0x77b47026d480,%rax
  0x000077b458154c5c:   add    $0x30,%rsp
  0x000077b458154c60:   pop    %rbp
  0x000077b458154c61:   cmp    0x28(%r15),%rsp              ;   {poll_return}
  0x000077b458154c65:   ja     0x000077b458154c8a
  0x000077b458154c6b:   ret    
  0x000077b458154c6c:   movabs $0x77b4143d3998,%r10         ;   {metadata({method} {0x000077b4143d3998} &apos;getDisplay&apos; &apos;()J&apos; in &apos;sun/awt/X11/XToolkit&apos;)}
  0x000077b458154c76:   mov    %r10,0x8(%rsp)
  0x000077b458154c7b:   movq   $0xffffffffffffffff,(%rsp)
  0x000077b458154c83:   call   0x000077b45f582fe0           ; ImmutableOopMap {}
                                                            ;*synchronization entry
                                                            ; - sun.awt.X11.XToolkit::getDisplay@-1 (line 288)
                                                            ;   {runtime_call counter_overflow_blob (C1 runtime)}
  0x000077b458154c88:   jmp    0x000077b458154c42
  0x000077b458154c8a:   movabs $0x77b458154c61,%r10         ;   {internal_word}
  0x000077b458154c94:   mov    %r10,0x510(%r15)
  0x000077b458154c9b:   jmp    0x000077b45f4afb60           ;   {runtime_call SafepointBlob}
  0x000077b458154ca0:   mov    0x5c0(%r15),%rax
  0x000077b458154ca7:   movq   $0x0,0x5c0(%r15)
  0x000077b458154cb2:   movq   $0x0,0x5c8(%r15)
  0x000077b458154cbd:   add    $0x30,%rsp
  0x000077b458154cc1:   pop    %rbp
  0x000077b458154cc2:   jmp    0x000077b45f57b760           ;   {runtime_call unwind_exception_blob (C1 runtime)}
  0x000077b458154cc7:   hlt    
[Exception Handler]
  0x000077b458154cc8:   call   0x000077b45f57ede0           ;   {runtime_call handle_exception_from_callee_blob (C1 runtime)}
  0x000077b458154ccd:   movabs $0x77b478d3aec4,%rdi         ;   {external_word}
  0x000077b458154cd7:   and    $0xfffffffffffffff0,%rsp
  0x000077b458154cdb:   call   0x000077b478791cc0           ;   {runtime_call MacroAssembler::debug64(char*, long, long*)}
  0x000077b458154ce0:   hlt    
  0x000077b458154ce1:   call   0x000077b45f4afe60           ;   {runtime_call DeoptimizationBlob}
[Deopt Handler Entry Point]
  0x000077b458154ce6:   jmp    0x000077b458154ce1
--------------------------------------------------------------------------------
[/Disassembly]
