
============================= C1-compiled nmethod ==============================
----------------------------------- Assembly -----------------------------------

Compiled method (c1) 3333  180       3       java.nio.Buffer::session (20 bytes)
 total in heap  [0x000077b45801de88,0x000077b45801e1f8] = 880
 main code      [0x000077b45801df80,0x000077b45801e1c0] = 576
 stub code      [0x000077b45801e1c0,0x000077b45801e1f8] = 56
 mutable data [0x000077b3ec018de0,0x000077b3ec018e38] = 88
 relocation     [0x000077b3ec018de0,0x000077b3ec018e30] = 80
 metadata       [0x000077b3ec018e30,0x000077b3ec018e38] = 8
 immutable data [0x000077b47015da50,0x000077b47015db74] = 292
 dependencies   [0x000077b47015da50,0x000077b47015da58] = 8
 scopes pcs     [0x000077b47015da58,0x000077b47015db28] = 208
 scopes data    [0x000077b47015db28,0x000077b47015db70] = 72

[Disassembly]
--------------------------------------------------------------------------------
[Constant Pool (empty)]

--------------------------------------------------------------------------------

[Instructions begin]
  0x000077b45801df80:   data16 data16 nopw 0x0(%rax,%rax,1)
  0x000077b45801df8b:   data16 data16 xchg %ax,%ax
  0x000077b45801df8f:   data16 xchg %ax,%ax
[Entry Point]
  # {method} {0x00000000461c10e8} &apos;session&apos; &apos;()Ljdk/internal/foreign/MemorySessionImpl;&apos; in &apos;java/nio/Buffer&apos;
  #           [sp+0x30]  (sp of caller)
  0x000077b45801df92:   mov    0x8(%rsi),%r10d
  0x000077b45801df96:   cmp    0x8(%rax),%r10d
  0x000077b45801df9a:   jne    0x000077b45f4ad6e0           ;   {runtime_call ic_miss_blob (shared runtime)}
[Verified Entry Point]
  0x000077b45801dfa0:   mov    %eax,-0x14000(%rsp)
  0x000077b45801dfa7:   push   %rbp
  0x000077b45801dfa8:   sub    $0x20,%rsp
  0x000077b45801dfac:   cmpl   $0x1,0x20(%r15)
  0x000077b45801dfb4:   je     0x000077b45801dfbb
  0x000077b45801dfb6:   call   Stub::method_entry_barrier_stub (stub gen)
                                                            ;   {runtime_call Stub::method_entry_barrier_stub (stub gen)}
  0x000077b45801dfbb:   movabs $0x77b41406de40,%rdi         ;   {metadata(method data for {method} {0x00000000461c10e8} &apos;session&apos; &apos;()Ljdk/internal/foreign/MemorySessionImpl;&apos; in &apos;java/nio/Buffer&apos;)}
  0x000077b45801dfc5:   mov    0x90(%rdi),%ebx
  0x000077b45801dfcb:   add    $0x2,%ebx
  0x000077b45801dfce:   mov    %ebx,0x90(%rdi)
  0x000077b45801dfd4:   and    $0x7fe,%ebx
  0x000077b45801dfda:   test   %ebx,%ebx
  0x000077b45801dfdc:   je     0x000077b45801e126           ;*aload_0 {reexecute=0 rethrow=0 return_oop=0}
                                                            ; - java.nio.Buffer::session@0 (line 808)
  0x000077b45801dfe2:   mov    0x24(%rsi),%esi
  0x000077b45801dfe5:   shl    $0x3,%rsi                    ;*getfield segment {reexecute=0 rethrow=0 return_oop=0}
                                                            ; - java.nio.Buffer::session@1 (line 808)
  0x000077b45801dfe9:   test   %rsi,%rsi
  0x000077b45801dfec:   movabs $0x77b41406de40,%rdi         ;   {metadata(method data for {method} {0x00000000461c10e8} &apos;session&apos; &apos;()Ljdk/internal/foreign/MemorySessionImpl;&apos; in &apos;java/nio/Buffer&apos;)}
  0x000077b45801dff6:   mov    $0xd8,%ebx
  0x000077b45801dffb:   je     0x000077b45801e002
  0x000077b45801dffd:   mov    $0xe8,%ebx
  0x000077b45801e002:   mov    (%rdi,%rbx,1),%rax
  0x000077b45801e006:   lea    0x1(%rax),%rax
  0x000077b45801e00a:   mov    %rax,(%rdi,%rbx,1)
  0x000077b45801e00e:   je     0x000077b45801e10c           ;*ifnull {reexecute=0 rethrow=0 return_oop=0}
                                                            ; - java.nio.Buffer::session@4 (line 808)
  0x000077b45801e014:   test   %rsi,%rsi
  0x000077b45801e017:   movabs $0x77b41406de40,%rax         ;   {metadata(method data for {method} {0x00000000461c10e8} &apos;session&apos; &apos;()Ljdk/internal/foreign/MemorySessionImpl;&apos; in &apos;java/nio/Buffer&apos;)}
  0x000077b45801e021:   jne    0x000077b45801e02f
  0x000077b45801e023:   orb    $0x1,0xf1(%rax)
  0x000077b45801e02a:   jmp    0x000077b45801e0db
  0x000077b45801e02f:   mov    0x8(%rsi),%edx
  0x000077b45801e032:   mov    $0x46000000,%r10d
  0x000077b45801e038:   add    %r10,%rdx
  0x000077b45801e03b:   mov    $0x20,%r10d
  0x000077b45801e041:   cmp    (%rax,%r10,8),%rdx
  0x000077b45801e045:   je     0x000077b45801e084
  0x000077b45801e047:   add    $0x2,%r10
  0x000077b45801e04b:   cmp    $0x24,%r10
  0x000077b45801e04f:   jne    0x000077b45801e041
  0x000077b45801e051:   mov    $0x20,%r10d
  0x000077b45801e057:   cmpq   $0x0,(%rax,%r10,8)
  0x000077b45801e05c:   je     0x000077b45801e06a
  0x000077b45801e05e:   add    $0x2,%r10
  0x000077b45801e062:   cmp    $0x24,%r10
  0x000077b45801e066:   jne    0x000077b45801e057
  0x000077b45801e068:   jmp    0x000077b45801e07c
  0x000077b45801e06a:   push   %rbx
  0x000077b45801e06b:   mov    %rax,%rbx
  0x000077b45801e06e:   xor    %rax,%rax
  0x000077b45801e071:   cmpxchg %rdx,(%rbx,%r10,8)
  0x000077b45801e076:   mov    %rbx,%rax
  0x000077b45801e079:   pop    %rbx
  0x000077b45801e07a:   jmp    0x000077b45801e03b
  0x000077b45801e07c:   mov    $0x1f,%r10d
  0x000077b45801e082:   jmp    0x000077b45801e088
  0x000077b45801e084:   add    $0x1,%r10
  0x000077b45801e088:   addq   $0x1,(%rax,%r10,8)
  0x000077b45801e08d:   data16 xchg %ax,%ax
  0x000077b45801e090:   jmp    0x000077b45801e156           ;   {other}
  0x000077b45801e095:   add    %al,(%rax)
  0x000077b45801e097:   add    %al,(%rax)
  0x000077b45801e099:   add    %cl,-0x45bef7ba(%rbx)
  0x000077b45801e09f:   add    %al,(%rax)
  0x000077b45801e0a1:   add    %al,0x49(%rsi)
  0x000077b45801e0a4:   add    %edx,%eax
  0x000077b45801e0a6:   cmp    %rdx,%rax
  0x000077b45801e0a9:   je     0x000077b45801e0db
  0x000077b45801e0af:   mov    0x10(%rdx),%ebx
  0x000077b45801e0b2:   cmp    (%rax,%rbx,1),%rdx
  0x000077b45801e0b6:   je     0x000077b45801e0db
  0x000077b45801e0bc:   cmp    $0x20,%ebx
  0x000077b45801e0bf:   jne    0x000077b45801e160
  0x000077b45801e0c5:   push   %rax
  0x000077b45801e0c6:   push   %rdx
  0x000077b45801e0c7:   call   0x000077b45f57fee0           ;   {runtime_call slow_subtype_check_blob (C1 runtime)}
  0x000077b45801e0cc:   pop    %rax
  0x000077b45801e0cd:   pop    %rdx
  0x000077b45801e0ce:   test   %edx,%edx
  0x000077b45801e0d0:   je     0x000077b45801e160
  0x000077b45801e0d6:   jmp    0x000077b45801e0db
  0x000077b45801e0db:   mov    %rsi,%rdi                    ;*checkcast {reexecute=0 rethrow=0 return_oop=0}
                                                            ; - java.nio.Buffer::session@11 (line 809)
  0x000077b45801e0de:   mov    %rdi,%rsi                    ;*invokevirtual sessionImpl {reexecute=0 rethrow=0 return_oop=0}
                                                            ; - java.nio.Buffer::session@14 (line 809)
  0x000077b45801e0e1:   nopl   0x0(%rax)
  0x000077b45801e0e5:   movabs $0x77b3ec018e70,%rax
  0x000077b45801e0ef:   call   0x000077b45f4adce0           ; ImmutableOopMap {}
                                                            ;*invokevirtual sessionImpl {reexecute=0 rethrow=0 return_oop=0}
                                                            ; - java.nio.Buffer::session@14 (line 809)
                                                            ;   {virtual_call}
  0x000077b45801e0f4:   nopl   0x26c(%rax,%rax,1)           ;*invokevirtual sessionImpl {reexecute=0 rethrow=0 return_oop=0}
                                                            ; - java.nio.Buffer::session@14 (line 809)
                                                            ;   {post_call_nop}
  0x000077b45801e0fc:   add    $0x20,%rsp
  0x000077b45801e100:   pop    %rbp
  0x000077b45801e101:   cmp    0x28(%r15),%rsp              ;   {poll_return}
  0x000077b45801e105:   ja     0x000077b45801e169
  0x000077b45801e10b:   ret                                 ;*areturn {reexecute=0 rethrow=0 return_oop=0}
                                                            ; - java.nio.Buffer::session@17 (line 809)
  0x000077b45801e10c:   movabs $0x0,%rax                    ;   {oop(nullptr)}
  0x000077b45801e116:   add    $0x20,%rsp
  0x000077b45801e11a:   pop    %rbp
  0x000077b45801e11b:   cmp    0x28(%r15),%rsp              ;   {poll_return}
  0x000077b45801e11f:   ja     0x000077b45801e17f
  0x000077b45801e125:   ret    
  0x000077b45801e126:   movabs $0x461c10e8,%r10             ;   {metadata({method} {0x00000000461c10e8} &apos;session&apos; &apos;()Ljdk/internal/foreign/MemorySessionImpl;&apos; in &apos;java/nio/Buffer&apos;)}
  0x000077b45801e130:   mov    %r10,0x8(%rsp)
  0x000077b45801e135:   movq   $0xffffffffffffffff,(%rsp)
  0x000077b45801e13d:   call   0x000077b45f582fe0           ; ImmutableOopMap {rsi=Oop }
                                                            ;*synchronization entry
                                                            ; - java.nio.Buffer::session@-1 (line 808)
                                                            ;   {runtime_call counter_overflow_blob (C1 runtime)}
  0x000077b45801e142:   jmp    0x000077b45801dfe2
  0x000077b45801e147:   movabs $0x0,%rdx                    ;   {metadata(nullptr)}
  0x000077b45801e151:   mov    $0xa050f00,%eax
  0x000077b45801e156:   call   0x000077b45f5820e0           ; ImmutableOopMap {rsi=Oop }
                                                            ;*checkcast {reexecute=1 rethrow=0 return_oop=0}
                                                            ; - (reexecute) java.nio.Buffer::session@11 (line 809)
                                                            ;   {runtime_call load_klass_patching_blob (C1 runtime)}
  0x000077b45801e15b:   jmp    0x000077b45801e090
  0x000077b45801e160:   mov    %rsi,(%rsp)
  0x000077b45801e164:   call   0x000077b45f57f3e0           ; ImmutableOopMap {rsi=Oop }
                                                            ;*checkcast {reexecute=0 rethrow=0 return_oop=0}
                                                            ; - java.nio.Buffer::session@11 (line 809)
                                                            ;   {runtime_call throw_class_cast_exception_blob (C1 runtime)}
  0x000077b45801e169:   movabs $0x77b45801e101,%r10         ;   {internal_word}
  0x000077b45801e173:   mov    %r10,0x510(%r15)
  0x000077b45801e17a:   jmp    0x000077b45f4afb60           ;   {runtime_call SafepointBlob}
  0x000077b45801e17f:   movabs $0x77b45801e11b,%r10         ;   {internal_word}
  0x000077b45801e189:   mov    %r10,0x510(%r15)
  0x000077b45801e190:   jmp    0x000077b45f4afb60           ;   {runtime_call SafepointBlob}
  0x000077b45801e195:   mov    0x5c0(%r15),%rax
  0x000077b45801e19c:   movq   $0x0,0x5c0(%r15)
  0x000077b45801e1a7:   movq   $0x0,0x5c8(%r15)
  0x000077b45801e1b2:   add    $0x20,%rsp
  0x000077b45801e1b6:   pop    %rbp
  0x000077b45801e1b7:   jmp    0x000077b45f57b760           ;   {runtime_call unwind_exception_blob (C1 runtime)}
  0x000077b45801e1bc:   hlt    
  0x000077b45801e1bd:   hlt    
  0x000077b45801e1be:   hlt    
  0x000077b45801e1bf:   hlt    
[Stub Code]
  0x000077b45801e1c0:   nopl   0x0(%rax,%rax,1)             ;   {other}
  0x000077b45801e1c5:   movabs $0x0,%rbx                    ;   {static_stub}
  0x000077b45801e1cf:   jmp    0x000077b45801e1cf           ;   {runtime_call nmethod}
[Exception Handler]
  0x000077b45801e1d4:   call   0x000077b45f57ede0           ;   {runtime_call handle_exception_from_callee_blob (C1 runtime)}
  0x000077b45801e1d9:   movabs $0x77b478d3aec4,%rdi         ;   {external_word}
  0x000077b45801e1e3:   and    $0xfffffffffffffff0,%rsp
  0x000077b45801e1e7:   call   0x000077b478791cc0           ;   {runtime_call MacroAssembler::debug64(char*, long, long*)}
  0x000077b45801e1ec:   hlt    
  0x000077b45801e1ed:   call   0x000077b45f4afe60           ;   {runtime_call DeoptimizationBlob}
[Deopt Handler Entry Point]
  0x000077b45801e1f2:   jmp    0x000077b45801e1ed
  0x000077b45801e1f4:   hlt    
  0x000077b45801e1f5:   hlt    
  0x000077b45801e1f6:   hlt    
  0x000077b45801e1f7:   hlt    
--------------------------------------------------------------------------------
[/Disassembly]
