
============================= C1-compiled nmethod ==============================
----------------------------------- Assembly -----------------------------------

Compiled method (c1) 41562 1807       3       java.lang.AbstractStringBuilder::ensureCapacitySameCoder (26 bytes)
 total in heap  [0x000077b458157d88,0x000077b458158020] = 664
 main code      [0x000077b458157e80,0x000077b458157fe0] = 352
 stub code      [0x000077b458157fe0,0x000077b458158020] = 64
 mutable data [0x000077b3e80a5960,0x000077b3e80a59b0] = 80
 relocation     [0x000077b3e80a5960,0x000077b3e80a59a8] = 72
 metadata       [0x000077b3e80a59a8,0x000077b3e80a59b0] = 8
 immutable data [0x000077b3e81f4a00,0x000077b3e81f4b5c] = 348
 dependencies   [0x000077b3e81f4a00,0x000077b3e81f4a08] = 8
 nul chk table  [0x000077b3e81f4a08,0x000077b3e81f4a18] = 16
 scopes pcs     [0x000077b3e81f4a18,0x000077b3e81f4af8] = 224
 scopes data    [0x000077b3e81f4af8,0x000077b3e81f4b58] = 96

[Disassembly]
--------------------------------------------------------------------------------
[Constant Pool (empty)]

--------------------------------------------------------------------------------

[Verified Entry Point]
  # {method} {0x00000000461b6798} &apos;ensureCapacitySameCoder&apos; &apos;([BBI)[B&apos; in &apos;java/lang/AbstractStringBuilder&apos;
  # parm0:    rsi:rsi   = &apos;[B&apos;
  # parm1:    rdx       = byte
  # parm2:    rcx       = int
  #           [sp+0x50]  (sp of caller)
  0x000077b458157e80:   mov    %eax,-0x14000(%rsp)
  0x000077b458157e87:   push   %rbp
  0x000077b458157e88:   sub    $0x40,%rsp
  0x000077b458157e8c:   cmpl   $0x1,0x20(%r15)
  0x000077b458157e94:   je     0x000077b458157e9b
  0x000077b458157e96:   call   Stub::method_entry_barrier_stub (stub gen)
                                                            ;   {runtime_call Stub::method_entry_barrier_stub (stub gen)}
  0x000077b458157e9b:   mov    %rcx,%rdi
  0x000077b458157e9e:   movabs $0x77b4147d8420,%rcx         ;   {metadata(method data for {method} {0x00000000461b6798} &apos;ensureCapacitySameCoder&apos; &apos;([BBI)[B&apos; in &apos;java/lang/AbstractStringBuilder&apos;)}
  0x000077b458157ea8:   mov    0x90(%rcx),%ebx
  0x000077b458157eae:   add    $0x2,%ebx
  0x000077b458157eb1:   mov    %ebx,0x90(%rcx)
  0x000077b458157eb7:   and    $0x7fe,%ebx
  0x000077b458157ebd:   test   %ebx,%ebx
  0x000077b458157ebf:   je     0x000077b458157f7a           ;*aload_0 {reexecute=0 rethrow=0 return_oop=0}
                                                            ; - java.lang.AbstractStringBuilder::ensureCapacitySameCoder@0 (line 307)
  0x000077b458157ec5:   mov    0xc(%rsi),%ebx               ; implicit exception: dispatches to 0x000077b458157f9b
                                                            ;*arraylength {reexecute=0 rethrow=0 return_oop=0}
                                                            ; - java.lang.AbstractStringBuilder::ensureCapacitySameCoder@1 (line 307)
  0x000077b458157ec8:   mov    %rdx,%rcx
  0x000077b458157ecb:   sar    %cl,%ebx
  0x000077b458157ecd:   mov    %rdi,%rcx
  0x000077b458157ed0:   sub    %ebx,%ecx
  0x000077b458157ed2:   test   %ecx,%ecx
  0x000077b458157ed4:   movabs $0x77b4147d8420,%rcx         ;   {metadata(method data for {method} {0x00000000461b6798} &apos;ensureCapacitySameCoder&apos; &apos;([BBI)[B&apos; in &apos;java/lang/AbstractStringBuilder&apos;)}
  0x000077b458157ede:   mov    $0xd8,%ebx
  0x000077b458157ee3:   jle    0x000077b458157eea
  0x000077b458157ee5:   mov    $0xe8,%ebx
  0x000077b458157eea:   mov    (%rcx,%rbx,1),%rax
  0x000077b458157eee:   lea    0x1(%rax),%rax
  0x000077b458157ef2:   mov    %rax,(%rcx,%rbx,1)
  0x000077b458157ef6:   jle    0x000077b458157f67           ;*ifle {reexecute=0 rethrow=0 return_oop=0}
                                                            ; - java.lang.AbstractStringBuilder::ensureCapacitySameCoder@8 (line 308)
  0x000077b458157efc:   movabs $0x77b4147d8420,%rcx         ;   {metadata(method data for {method} {0x00000000461b6798} &apos;ensureCapacitySameCoder&apos; &apos;([BBI)[B&apos; in &apos;java/lang/AbstractStringBuilder&apos;)}
  0x000077b458157f06:   addq   $0x1,0xf8(%rcx)
  0x000077b458157f0e:   mov    %rsi,%rbx
  0x000077b458157f11:   mov    %rbx,%rsi
  0x000077b458157f14:   mov    %rdx,%rax
  0x000077b458157f17:   mov    %rax,%rdx
  0x000077b458157f1a:   mov    %rdi,%rcx                    ;*invokestatic newCapacity {reexecute=0 rethrow=0 return_oop=0}
                                                            ; - java.lang.AbstractStringBuilder::ensureCapacitySameCoder@15 (line 310)
  0x000077b458157f1d:   mov    %rbx,0x30(%rsp)
  0x000077b458157f22:   mov    %eax,0x28(%rsp)
  0x000077b458157f26:   nop
  0x000077b458157f27:   call   0x000077b45f4adfe0           ; ImmutableOopMap {[48]=Oop }
                                                            ;*invokestatic newCapacity {reexecute=0 rethrow=0 return_oop=0}
                                                            ; - java.lang.AbstractStringBuilder::ensureCapacitySameCoder@15 (line 310)
                                                            ;   {static_call}
  0x000077b458157f2c:   nopl   0x1a4(%rax,%rax,1)           ;*invokestatic newCapacity {reexecute=0 rethrow=0 return_oop=0}
                                                            ; - java.lang.AbstractStringBuilder::ensureCapacitySameCoder@15 (line 310)
                                                            ;   {post_call_nop}
  0x000077b458157f34:   movabs $0x77b4147d8420,%rcx         ;   {metadata(method data for {method} {0x00000000461b6798} &apos;ensureCapacitySameCoder&apos; &apos;([BBI)[B&apos; in &apos;java/lang/AbstractStringBuilder&apos;)}
  0x000077b458157f3e:   addq   $0x1,0x108(%rcx)
  0x000077b458157f46:   mov    0x28(%rsp),%ecx
  0x000077b458157f4a:   shl    %cl,%eax
  0x000077b458157f4c:   mov    0x30(%rsp),%rsi
  0x000077b458157f51:   mov    %rax,%rdx                    ;*invokestatic copyOf {reexecute=0 rethrow=0 return_oop=0}
                                                            ; - java.lang.AbstractStringBuilder::ensureCapacitySameCoder@20 (line 309)
  0x000077b458157f54:   data16 xchg %ax,%ax
  0x000077b458157f57:   call   0x000077b45f4adfe0           ; ImmutableOopMap {}
                                                            ;*invokestatic copyOf {reexecute=0 rethrow=0 return_oop=0}
                                                            ; - java.lang.AbstractStringBuilder::ensureCapacitySameCoder@20 (line 309)
                                                            ;   {static_call}
  0x000077b458157f5c:   nopl   0x10001d4(%rax,%rax,1)       ;*invokestatic copyOf {reexecute=0 rethrow=0 return_oop=0}
                                                            ; - java.lang.AbstractStringBuilder::ensureCapacitySameCoder@20 (line 309)
                                                            ;   {post_call_nop}
  0x000077b458157f64:   mov    %rax,%rsi                    ;*aload_0 {reexecute=0 rethrow=0 return_oop=0}
                                                            ; - java.lang.AbstractStringBuilder::ensureCapacitySameCoder@24 (line 312)
  0x000077b458157f67:   mov    %rsi,%rax
  0x000077b458157f6a:   add    $0x40,%rsp
  0x000077b458157f6e:   pop    %rbp
  0x000077b458157f6f:   cmp    0x28(%r15),%rsp              ;   {poll_return}
  0x000077b458157f73:   ja     0x000077b458157fa0
  0x000077b458157f79:   ret    
  0x000077b458157f7a:   movabs $0x461b6798,%r10             ;   {metadata({method} {0x00000000461b6798} &apos;ensureCapacitySameCoder&apos; &apos;([BBI)[B&apos; in &apos;java/lang/AbstractStringBuilder&apos;)}
  0x000077b458157f84:   mov    %r10,0x8(%rsp)
  0x000077b458157f89:   movq   $0xffffffffffffffff,(%rsp)
  0x000077b458157f91:   call   0x000077b45f582fe0           ; ImmutableOopMap {rsi=Oop }
                                                            ;*synchronization entry
                                                            ; - java.lang.AbstractStringBuilder::ensureCapacitySameCoder@-1 (line 307)
                                                            ;   {runtime_call counter_overflow_blob (C1 runtime)}
  0x000077b458157f96:   jmp    0x000077b458157ec5
  0x000077b458157f9b:   call   0x000077b45f57c660           ; ImmutableOopMap {rsi=Oop }
                                                            ;*arraylength {reexecute=0 rethrow=0 return_oop=0}
                                                            ; - java.lang.AbstractStringBuilder::ensureCapacitySameCoder@1 (line 307)
                                                            ;   {runtime_call throw_null_pointer_exception_blob (C1 runtime)}
  0x000077b458157fa0:   movabs $0x77b458157f6f,%r10         ;   {internal_word}
  0x000077b458157faa:   mov    %r10,0x510(%r15)
  0x000077b458157fb1:   jmp    0x000077b45f4afb60           ;   {runtime_call SafepointBlob}
  0x000077b458157fb6:   mov    0x5c0(%r15),%rax
  0x000077b458157fbd:   movq   $0x0,0x5c0(%r15)
  0x000077b458157fc8:   movq   $0x0,0x5c8(%r15)
  0x000077b458157fd3:   add    $0x40,%rsp
  0x000077b458157fd7:   pop    %rbp
  0x000077b458157fd8:   jmp    0x000077b45f57b760           ;   {runtime_call unwind_exception_blob (C1 runtime)}
  0x000077b458157fdd:   hlt    
  0x000077b458157fde:   hlt    
  0x000077b458157fdf:   hlt    
[Stub Code]
  0x000077b458157fe0:   movabs $0x0,%rbx                    ;   {static_stub}
  0x000077b458157fea:   jmp    0x000077b458157fea           ;   {runtime_call nmethod}
  0x000077b458157fef:   movabs $0x0,%rbx                    ;   {static_stub}
  0x000077b458157ff9:   jmp    0x000077b458157ff9           ;   {runtime_call nmethod}
[Exception Handler]
  0x000077b458157ffe:   call   0x000077b45f57ede0           ;   {runtime_call handle_exception_from_callee_blob (C1 runtime)}
  0x000077b458158003:   movabs $0x77b478d3aec4,%rdi         ;   {external_word}
  0x000077b45815800d:   and    $0xfffffffffffffff0,%rsp
  0x000077b458158011:   call   0x000077b478791cc0           ;   {runtime_call MacroAssembler::debug64(char*, long, long*)}
  0x000077b458158016:   hlt    
  0x000077b458158017:   call   0x000077b45f4afe60           ;   {runtime_call DeoptimizationBlob}
[Deopt Handler Entry Point]
  0x000077b45815801c:   jmp    0x000077b458158017
  0x000077b45815801e:   hlt    
  0x000077b45815801f:   hlt    
--------------------------------------------------------------------------------
[/Disassembly]
