
============================= C1-compiled nmethod ==============================
----------------------------------- Assembly -----------------------------------

Compiled method (c1) 461   20       2       jdk.internal.misc.Unsafe::getIntUnaligned (12 bytes)
 total in heap  [0x000077b458002508,0x000077b458002720] = 536
 main code      [0x000077b458002600,0x000077b458002700] = 256
 stub code      [0x000077b458002700,0x000077b458002720] = 32
 mutable data [0x000077b3e800b440,0x000077b3e800b488] = 72
 relocation     [0x000077b3e800b440,0x000077b3e800b468] = 40
 metadata       [0x000077b3e800b468,0x000077b3e800b488] = 32
 immutable data [0x000077b3e80138d0,0x000077b3e8013974] = 164
 dependencies   [0x000077b3e80138d0,0x000077b3e80138e0] = 16
 scopes pcs     [0x000077b3e80138e0,0x000077b3e8013940] = 96
 scopes data    [0x000077b3e8013940,0x000077b3e8013970] = 48

[Disassembly]
--------------------------------------------------------------------------------
[Constant Pool (empty)]

--------------------------------------------------------------------------------

[Instructions begin]
  0x000077b458002600:   data16 data16 nopw 0x0(%rax,%rax,1)
  0x000077b45800260b:   data16 data16 xchg %ax,%ax
  0x000077b45800260f:   data16 xchg %ax,%ax
[Entry Point]
  # {method} {0x00000000461e1b68} &apos;getIntUnaligned&apos; &apos;(Ljava/lang/Object;JZ)I&apos; in &apos;jdk/internal/misc/Unsafe&apos;
  # this:     rsi:rsi   = &apos;jdk/internal/misc/Unsafe&apos;
  # parm0:    rdx:rdx   = &apos;java/lang/Object&apos;
  # parm1:    rcx:rcx   = long
  # parm2:    r8        = boolean
  #           [sp+0x80]  (sp of caller)
  0x000077b458002612:   mov    0x8(%rsi),%r10d
  0x000077b458002616:   cmp    0x8(%rax),%r10d
  0x000077b45800261a:   jne    0x000077b45f4ad6e0           ;   {runtime_call ic_miss_blob (shared runtime)}
[Verified Entry Point]
  0x000077b458002620:   mov    %eax,-0x14000(%rsp)
  0x000077b458002627:   push   %rbp
  0x000077b458002628:   sub    $0x70,%rsp
  0x000077b45800262c:   cmpl   $0x1,0x20(%r15)
  0x000077b458002634:   je     0x000077b45800263b
  0x000077b458002636:   call   Stub::method_entry_barrier_stub (stub gen)
                                                            ;   {runtime_call Stub::method_entry_barrier_stub (stub gen)}
  0x000077b45800263b:   movabs $0x77b414013d80,%rax
  0x000077b458002645:   mov    0x8(%rax),%edi
  0x000077b458002648:   add    $0x2,%edi
  0x000077b45800264b:   mov    %edi,0x8(%rax)
  0x000077b45800264e:   and    $0xffe,%edi
  0x000077b458002654:   test   %edi,%edi
  0x000077b458002656:   je     0x000077b4580026a5           ;*iload {reexecute=0 rethrow=0 return_oop=0}
                                                            ; - jdk.internal.misc.Unsafe::getIntUnaligned@0 (line 3617)
  0x000077b45800265c:   mov    (%rdx,%rcx,1),%eax
  0x000077b45800265f:   test   %r8d,%r8d
  0x000077b458002662:   je     0x000077b458002695           ;*if_icmpne {reexecute=0 rethrow=0 return_oop=0}
                                                            ; - jdk.internal.misc.Unsafe::convEndian@4 (line 3860)
                                                            ; - jdk.internal.misc.Unsafe::getIntUnaligned@8 (line 3617)
  0x000077b458002668:   mov    %rax,%rsi
  0x000077b45800266b:   shl    $0x18,%esi
  0x000077b45800266e:   mov    %rax,%rdi
  0x000077b458002671:   and    $0xff00,%edi
  0x000077b458002677:   shl    $0x8,%edi
  0x000077b45800267a:   or     %rdi,%rsi
  0x000077b45800267d:   mov    %rax,%rdi
  0x000077b458002680:   shr    $0x8,%edi
  0x000077b458002683:   and    $0xff00,%edi
  0x000077b458002689:   or     %rdi,%rsi
  0x000077b45800268c:   shr    $0x18,%eax
  0x000077b45800268f:   or     %rax,%rsi
  0x000077b458002692:   mov    %rsi,%rax                    ;*ireturn {reexecute=0 rethrow=0 return_oop=0}
                                                            ; - jdk.internal.misc.Unsafe::convEndian@15 (line 3860)
                                                            ; - jdk.internal.misc.Unsafe::getIntUnaligned@8 (line 3617)
  0x000077b458002695:   add    $0x70,%rsp
  0x000077b458002699:   pop    %rbp
  0x000077b45800269a:   cmp    0x28(%r15),%rsp              ;   {poll_return}
  0x000077b45800269e:   ja     0x000077b4580026c3
  0x000077b4580026a4:   ret    
  0x000077b4580026a5:   movabs $0x461e1b68,%r10             ;   {metadata({method} {0x00000000461e1b68} &apos;getIntUnaligned&apos; &apos;(Ljava/lang/Object;JZ)I&apos; in &apos;jdk/internal/misc/Unsafe&apos;)}
  0x000077b4580026af:   mov    %r10,0x8(%rsp)
  0x000077b4580026b4:   movq   $0xffffffffffffffff,(%rsp)
  0x000077b4580026bc:   call   0x000077b45f582fe0           ; ImmutableOopMap {rsi=Oop rdx=Oop }
                                                            ;*synchronization entry
                                                            ; - jdk.internal.misc.Unsafe::getIntUnaligned@-1 (line 3617)
                                                            ;   {runtime_call counter_overflow_blob (C1 runtime)}
  0x000077b4580026c1:   jmp    0x000077b45800265c
  0x000077b4580026c3:   movabs $0x77b45800269a,%r10         ;   {internal_word}
  0x000077b4580026cd:   mov    %r10,0x510(%r15)
  0x000077b4580026d4:   jmp    0x000077b45f4afb60           ;   {runtime_call SafepointBlob}
  0x000077b4580026d9:   mov    0x5c0(%r15),%rax
  0x000077b4580026e0:   movq   $0x0,0x5c0(%r15)
  0x000077b4580026eb:   movq   $0x0,0x5c8(%r15)
  0x000077b4580026f6:   add    $0x70,%rsp
  0x000077b4580026fa:   pop    %rbp
  0x000077b4580026fb:   jmp    0x000077b45f57b760           ;   {runtime_call unwind_exception_blob (C1 runtime)}
[Exception Handler]
  0x000077b458002700:   call   0x000077b45f57ede0           ;   {runtime_call handle_exception_from_callee_blob (C1 runtime)}
  0x000077b458002705:   movabs $0x77b478d3aec4,%rdi         ;   {external_word}
  0x000077b45800270f:   and    $0xfffffffffffffff0,%rsp
  0x000077b458002713:   call   0x000077b478791cc0           ;   {runtime_call MacroAssembler::debug64(char*, long, long*)}
  0x000077b458002718:   hlt    
  0x000077b458002719:   call   0x000077b45f4afe60           ;   {runtime_call DeoptimizationBlob}
[Deopt Handler Entry Point]
  0x000077b45800271e:   jmp    0x000077b458002719
--------------------------------------------------------------------------------
[/Disassembly]
