
============================= C1-compiled nmethod ==============================
----------------------------------- Assembly -----------------------------------

Compiled method (c1) 4089  214       3       java.util.Objects::equals (23 bytes)
 total in heap  [0x000077b458024988,0x000077b458024c98] = 784
 main code      [0x000077b458024a80,0x000077b458024c60] = 480
 stub code      [0x000077b458024c60,0x000077b458024c98] = 56
 mutable data [0x000077b3e801af20,0x000077b3e801af68] = 72
 relocation     [0x000077b3e801af20,0x000077b3e801af60] = 64
 metadata       [0x000077b3e801af60,0x000077b3e801af68] = 8
 immutable data [0x000077b4701332e0,0x000077b470133414] = 308
 dependencies   [0x000077b4701332e0,0x000077b4701332e8] = 8
 nul chk table  [0x000077b4701332e8,0x000077b4701332f8] = 16
 scopes pcs     [0x000077b4701332f8,0x000077b4701333c8] = 208
 scopes data    [0x000077b4701333c8,0x000077b470133410] = 72

[Disassembly]
--------------------------------------------------------------------------------
[Constant Pool (empty)]

--------------------------------------------------------------------------------

[Verified Entry Point]
  # {method} {0x000000004621ec30} &apos;equals&apos; &apos;(Ljava/lang/Object;Ljava/lang/Object;)Z&apos; in &apos;java/util/Objects&apos;
  # parm0:    rsi:rsi   = &apos;java/lang/Object&apos;
  # parm1:    rdx:rdx   = &apos;java/lang/Object&apos;
  #           [sp+0x30]  (sp of caller)
  0x000077b458024a80:   mov    %eax,-0x14000(%rsp)
  0x000077b458024a87:   push   %rbp
  0x000077b458024a88:   sub    $0x20,%rsp
  0x000077b458024a8c:   cmpl   $0x1,0x20(%r15)
  0x000077b458024a94:   je     0x000077b458024a9b
  0x000077b458024a96:   call   Stub::method_entry_barrier_stub (stub gen)
                                                            ;   {runtime_call Stub::method_entry_barrier_stub (stub gen)}
  0x000077b458024a9b:   movabs $0x77b4140a5540,%rdi         ;   {metadata(method data for {method} {0x000000004621ec30} &apos;equals&apos; &apos;(Ljava/lang/Object;Ljava/lang/Object;)Z&apos; in &apos;java/util/Objects&apos;)}
  0x000077b458024aa5:   mov    0x90(%rdi),%ebx
  0x000077b458024aab:   add    $0x2,%ebx
  0x000077b458024aae:   mov    %ebx,0x90(%rdi)
  0x000077b458024ab4:   and    $0x7fe,%ebx
  0x000077b458024aba:   test   %ebx,%ebx
  0x000077b458024abc:   je     0x000077b458024bf8           ;*aload_0 {reexecute=0 rethrow=0 return_oop=0}
                                                            ; - java.util.Objects::equals@0 (line 62)
  0x000077b458024ac2:   cmp    %rdx,%rsi
  0x000077b458024ac5:   movabs $0x77b4140a5540,%rdi         ;   {metadata(method data for {method} {0x000000004621ec30} &apos;equals&apos; &apos;(Ljava/lang/Object;Ljava/lang/Object;)Z&apos; in &apos;java/util/Objects&apos;)}
  0x000077b458024acf:   mov    $0xd8,%ebx
  0x000077b458024ad4:   je     0x000077b458024adb
  0x000077b458024ad6:   mov    $0xe8,%ebx
  0x000077b458024adb:   mov    (%rdi,%rbx,1),%rax
  0x000077b458024adf:   lea    0x1(%rax),%rax
  0x000077b458024ae3:   mov    %rax,(%rdi,%rbx,1)
  0x000077b458024ae7:   je     0x000077b458024bd0           ;*if_acmpeq {reexecute=0 rethrow=0 return_oop=0}
                                                            ; - java.util.Objects::equals@2 (line 62)
  0x000077b458024aed:   test   %rsi,%rsi
  0x000077b458024af0:   movabs $0x77b4140a5540,%rdi         ;   {metadata(method data for {method} {0x000000004621ec30} &apos;equals&apos; &apos;(Ljava/lang/Object;Ljava/lang/Object;)Z&apos; in &apos;java/util/Objects&apos;)}
  0x000077b458024afa:   mov    $0xf8,%ebx
  0x000077b458024aff:   je     0x000077b458024b06
  0x000077b458024b01:   mov    $0x108,%ebx
  0x000077b458024b06:   mov    (%rdi,%rbx,1),%rax
  0x000077b458024b0a:   lea    0x1(%rax),%rax
  0x000077b458024b0e:   mov    %rax,(%rdi,%rbx,1)
  0x000077b458024b12:   je     0x000077b458024bc6           ;*ifnull {reexecute=0 rethrow=0 return_oop=0}
                                                            ; - java.util.Objects::equals@6 (line 62)
  0x000077b458024b18:   cmp    (%rsi),%rax                  ; implicit exception: dispatches to 0x000077b458024c19
                                                            ;*invokevirtual equals {reexecute=0 rethrow=0 return_oop=0}
                                                            ; - java.util.Objects::equals@11 (line 62)
  0x000077b458024b1b:   mov    %rsi,%rdi
  0x000077b458024b1e:   movabs $0x77b4140a5540,%rbx         ;   {metadata(method data for {method} {0x000000004621ec30} &apos;equals&apos; &apos;(Ljava/lang/Object;Ljava/lang/Object;)Z&apos; in &apos;java/util/Objects&apos;)}
  0x000077b458024b28:   mov    0x8(%rdi),%edi
  0x000077b458024b2b:   mov    $0x46000000,%r10d
  0x000077b458024b31:   add    %r10,%rdi
  0x000077b458024b34:   mov    $0x24,%r10d
  0x000077b458024b3a:   cmp    (%rbx,%r10,8),%rdi
  0x000077b458024b3e:   je     0x000077b458024b77
  0x000077b458024b40:   add    $0x2,%r10
  0x000077b458024b44:   cmp    $0x28,%r10
  0x000077b458024b48:   jne    0x000077b458024b3a
  0x000077b458024b4a:   mov    $0x24,%r10d
  0x000077b458024b50:   cmpq   $0x0,(%rbx,%r10,8)
  0x000077b458024b55:   je     0x000077b458024b63
  0x000077b458024b57:   add    $0x2,%r10
  0x000077b458024b5b:   cmp    $0x28,%r10
  0x000077b458024b5f:   jne    0x000077b458024b50
  0x000077b458024b61:   jmp    0x000077b458024b6f
  0x000077b458024b63:   push   %rax
  0x000077b458024b64:   xor    %rax,%rax
  0x000077b458024b67:   cmpxchg %rdi,(%rbx,%r10,8)
  0x000077b458024b6c:   pop    %rax
  0x000077b458024b6d:   jmp    0x000077b458024b34
  0x000077b458024b6f:   mov    $0x23,%r10d
  0x000077b458024b75:   jmp    0x000077b458024b7b
  0x000077b458024b77:   add    $0x1,%r10
  0x000077b458024b7b:   addq   $0x1,(%rbx,%r10,8)
  0x000077b458024b80:   nopl   0x0(%rax,%rax,1)
  0x000077b458024b85:   movabs $0x77b3e801b970,%rax
  0x000077b458024b8f:   call   0x000077b45f4adce0           ; ImmutableOopMap {}
                                                            ;*invokevirtual equals {reexecute=0 rethrow=0 return_oop=0}
                                                            ; - java.util.Objects::equals@11 (line 62)
                                                            ;   {virtual_call}
  0x000077b458024b94:   nopl   0x20c(%rax,%rax,1)           ;*invokevirtual equals {reexecute=0 rethrow=0 return_oop=0}
                                                            ; - java.util.Objects::equals@11 (line 62)
                                                            ;   {post_call_nop}
  0x000077b458024b9c:   test   %eax,%eax
  0x000077b458024b9e:   movabs $0x77b4140a5540,%rax         ;   {metadata(method data for {method} {0x000000004621ec30} &apos;equals&apos; &apos;(Ljava/lang/Object;Ljava/lang/Object;)Z&apos; in &apos;java/util/Objects&apos;)}
  0x000077b458024ba8:   mov    $0x158,%esi
  0x000077b458024bad:   jne    0x000077b458024bb4
  0x000077b458024baf:   mov    $0x148,%esi
  0x000077b458024bb4:   mov    (%rax,%rsi,1),%rdi
  0x000077b458024bb8:   lea    0x1(%rdi),%rdi
  0x000077b458024bbc:   mov    %rdi,(%rax,%rsi,1)
  0x000077b458024bc0:   jne    0x000077b458024bd0           ;*ifeq {reexecute=0 rethrow=0 return_oop=0}
                                                            ; - java.util.Objects::equals@14 (line 62)
  0x000077b458024bc6:   mov    $0x0,%eax
  0x000077b458024bcb:   jmp    0x000077b458024be5           ;*ireturn {reexecute=0 rethrow=0 return_oop=0}
                                                            ; - java.util.Objects::equals@22 (line 62)
  0x000077b458024bd0:   movabs $0x77b4140a5540,%rax         ;   {metadata(method data for {method} {0x000000004621ec30} &apos;equals&apos; &apos;(Ljava/lang/Object;Ljava/lang/Object;)Z&apos; in &apos;java/util/Objects&apos;)}
  0x000077b458024bda:   incl   0x168(%rax)
  0x000077b458024be0:   mov    $0x1,%eax                    ;*goto {reexecute=0 rethrow=0 return_oop=0}
                                                            ; - java.util.Objects::equals@18 (line 62)
  0x000077b458024be5:   and    $0x1,%eax
  0x000077b458024be8:   add    $0x20,%rsp
  0x000077b458024bec:   pop    %rbp
  0x000077b458024bed:   cmp    0x28(%r15),%rsp              ;   {poll_return}
  0x000077b458024bf1:   ja     0x000077b458024c1e
  0x000077b458024bf7:   ret    
  0x000077b458024bf8:   movabs $0x4621ec30,%r10             ;   {metadata({method} {0x000000004621ec30} &apos;equals&apos; &apos;(Ljava/lang/Object;Ljava/lang/Object;)Z&apos; in &apos;java/util/Objects&apos;)}
  0x000077b458024c02:   mov    %r10,0x8(%rsp)
  0x000077b458024c07:   movq   $0xffffffffffffffff,(%rsp)
  0x000077b458024c0f:   call   0x000077b45f582fe0           ; ImmutableOopMap {rsi=Oop rdx=Oop }
                                                            ;*synchronization entry
                                                            ; - java.util.Objects::equals@-1 (line 62)
                                                            ;   {runtime_call counter_overflow_blob (C1 runtime)}
  0x000077b458024c14:   jmp    0x000077b458024ac2
  0x000077b458024c19:   call   0x000077b45f57c660           ; ImmutableOopMap {rdx=Oop rsi=Oop }
                                                            ;*invokevirtual equals {reexecute=0 rethrow=0 return_oop=0}
                                                            ; - java.util.Objects::equals@11 (line 62)
                                                            ;   {runtime_call throw_null_pointer_exception_blob (C1 runtime)}
  0x000077b458024c1e:   movabs $0x77b458024bed,%r10         ;   {internal_word}
  0x000077b458024c28:   mov    %r10,0x510(%r15)
  0x000077b458024c2f:   jmp    0x000077b45f4afb60           ;   {runtime_call SafepointBlob}
  0x000077b458024c34:   mov    0x5c0(%r15),%rax
  0x000077b458024c3b:   movq   $0x0,0x5c0(%r15)
  0x000077b458024c46:   movq   $0x0,0x5c8(%r15)
  0x000077b458024c51:   add    $0x20,%rsp
  0x000077b458024c55:   pop    %rbp
  0x000077b458024c56:   jmp    0x000077b45f57b760           ;   {runtime_call unwind_exception_blob (C1 runtime)}
  0x000077b458024c5b:   hlt    
  0x000077b458024c5c:   hlt    
  0x000077b458024c5d:   hlt    
  0x000077b458024c5e:   hlt    
  0x000077b458024c5f:   hlt    
[Stub Code]
  0x000077b458024c60:   nopl   0x0(%rax,%rax,1)             ;   {other}
  0x000077b458024c65:   movabs $0x0,%rbx                    ;   {static_stub}
  0x000077b458024c6f:   jmp    0x000077b458024c6f           ;   {runtime_call nmethod}
[Exception Handler]
  0x000077b458024c74:   call   0x000077b45f57ede0           ;   {runtime_call handle_exception_from_callee_blob (C1 runtime)}
  0x000077b458024c79:   movabs $0x77b478d3aec4,%rdi         ;   {external_word}
  0x000077b458024c83:   and    $0xfffffffffffffff0,%rsp
  0x000077b458024c87:   call   0x000077b478791cc0           ;   {runtime_call MacroAssembler::debug64(char*, long, long*)}
  0x000077b458024c8c:   hlt    
  0x000077b458024c8d:   call   0x000077b45f4afe60           ;   {runtime_call DeoptimizationBlob}
[Deopt Handler Entry Point]
  0x000077b458024c92:   jmp    0x000077b458024c8d
  0x000077b458024c94:   hlt    
  0x000077b458024c95:   hlt    
  0x000077b458024c96:   hlt    
  0x000077b458024c97:   hlt    
--------------------------------------------------------------------------------
[/Disassembly]
