
============================= C1-compiled nmethod ==============================
----------------------------------- Assembly -----------------------------------

Compiled method (c1) 4566  240       3       java.util.zip.Inflater::ensureOpen (47 bytes)
 total in heap  [0x000077b458029188,0x000077b458029510] = 904
 main code      [0x000077b458029280,0x000077b4580294d8] = 600
 stub code      [0x000077b4580294d8,0x000077b458029510] = 56
 mutable data [0x000077b3e801e8a0,0x000077b3e801e908] = 104
 relocation     [0x000077b3e801e8a0,0x000077b3e801e8f0] = 80
 metadata       [0x000077b3e801e8f0,0x000077b3e801e908] = 24
 immutable data [0x000077b3e8018a70,0x000077b3e8018c14] = 420
 dependencies   [0x000077b3e8018a70,0x000077b3e8018a78] = 8
 nul chk table  [0x000077b3e8018a78,0x000077b3e8018a90] = 24
 scopes pcs     [0x000077b3e8018a90,0x000077b3e8018bb0] = 288
 scopes data    [0x000077b3e8018bb0,0x000077b3e8018c10] = 96

[Disassembly]
--------------------------------------------------------------------------------
[Constant Pool (empty)]

--------------------------------------------------------------------------------

[Instructions begin]
  0x000077b458029280:   data16 data16 nopw 0x0(%rax,%rax,1)
  0x000077b45802928b:   data16 data16 xchg %ax,%ax
  0x000077b45802928f:   data16 xchg %ax,%ax
[Entry Point]
  # {method} {0x000000004641c980} &apos;ensureOpen&apos; &apos;()V&apos; in &apos;java/util/zip/Inflater&apos;
  #           [sp+0x60]  (sp of caller)
  0x000077b458029292:   mov    0x8(%rsi),%r10d
  0x000077b458029296:   cmp    0x8(%rax),%r10d
  0x000077b45802929a:   jne    0x000077b45f4ad6e0           ;   {runtime_call ic_miss_blob (shared runtime)}
[Verified Entry Point]
  0x000077b4580292a0:   mov    %eax,-0x14000(%rsp)
  0x000077b4580292a7:   push   %rbp
  0x000077b4580292a8:   sub    $0x50,%rsp
  0x000077b4580292ac:   cmpl   $0x1,0x20(%r15)
  0x000077b4580292b4:   je     0x000077b4580292bb
  0x000077b4580292b6:   call   Stub::method_entry_barrier_stub (stub gen)
                                                            ;   {runtime_call Stub::method_entry_barrier_stub (stub gen)}
  0x000077b4580292bb:   movabs $0x77b4140b8430,%rdx         ;   {metadata(method data for {method} {0x000000004641c980} &apos;ensureOpen&apos; &apos;()V&apos; in &apos;java/util/zip/Inflater&apos;)}
  0x000077b4580292c5:   mov    0x90(%rdx),%edi
  0x000077b4580292cb:   add    $0x2,%edi
  0x000077b4580292ce:   mov    %edi,0x90(%rdx)
  0x000077b4580292d4:   and    $0x7fe,%edi
  0x000077b4580292da:   test   %edi,%edi
  0x000077b4580292dc:   je     0x000077b458029446           ;*getstatic $assertionsDisabled {reexecute=0 rethrow=0 return_oop=0}
                                                            ; - java.util.zip.Inflater::ensureOpen@0 (line 735)
  0x000077b4580292e2:   movabs $0x77b4140b8430,%rdx         ;   {metadata(method data for {method} {0x000000004641c980} &apos;ensureOpen&apos; &apos;()V&apos; in &apos;java/util/zip/Inflater&apos;)}
  0x000077b4580292ec:   incl   0xd8(%rdx)                   ;*ifne {reexecute=0 rethrow=0 return_oop=0}
                                                            ; - java.util.zip.Inflater::ensureOpen@3 (line 735)
  0x000077b4580292f2:   mov    0x30(%rsi),%edx
  0x000077b4580292f5:   shl    $0x3,%rdx                    ;*getfield zsRef {reexecute=0 rethrow=0 return_oop=0}
                                                            ; - java.util.zip.Inflater::ensureOpen@25 (line 736)
  0x000077b4580292f9:   cmp    (%rdx),%rax                  ; implicit exception: dispatches to 0x000077b458029467
                                                            ;*invokevirtual address {reexecute=0 rethrow=0 return_oop=0}
                                                            ; - java.util.zip.Inflater::ensureOpen@28 (line 736)
  0x000077b4580292fc:   mov    %rdx,%rsi
  0x000077b4580292ff:   movabs $0x77b4140b8430,%rdi         ;   {metadata(method data for {method} {0x000000004641c980} &apos;ensureOpen&apos; &apos;()V&apos; in &apos;java/util/zip/Inflater&apos;)}
  0x000077b458029309:   movabs $0x4641ccb8,%rsi             ;   {metadata(&apos;java/util/zip/Inflater$InflaterZStreamRef&apos;)}
  0x000077b458029313:   mov    $0x28,%r10d
  0x000077b458029319:   cmp    (%rdi,%r10,8),%rsi
  0x000077b45802931d:   je     0x000077b458029356
  0x000077b45802931f:   add    $0x2,%r10
  0x000077b458029323:   cmp    $0x2c,%r10
  0x000077b458029327:   jne    0x000077b458029319
  0x000077b458029329:   mov    $0x28,%r10d
  0x000077b45802932f:   cmpq   $0x0,(%rdi,%r10,8)
  0x000077b458029334:   je     0x000077b458029342
  0x000077b458029336:   add    $0x2,%r10
  0x000077b45802933a:   cmp    $0x2c,%r10
  0x000077b45802933e:   jne    0x000077b45802932f
  0x000077b458029340:   jmp    0x000077b45802934e
  0x000077b458029342:   push   %rax
  0x000077b458029343:   xor    %rax,%rax
  0x000077b458029346:   cmpxchg %rsi,(%rdi,%r10,8)
  0x000077b45802934b:   pop    %rax
  0x000077b45802934c:   jmp    0x000077b458029313
  0x000077b45802934e:   mov    $0x27,%r10d
  0x000077b458029354:   jmp    0x000077b45802935a
  0x000077b458029356:   add    $0x1,%r10
  0x000077b45802935a:   addq   $0x1,(%rdi,%r10,8)
  0x000077b45802935f:   mov    0x10(%rdx),%rsi              ;*getfield address {reexecute=0 rethrow=0 return_oop=0}
                                                            ; - java.util.zip.Inflater$InflaterZStreamRef::address@1 (line 783)
                                                            ; - java.util.zip.Inflater::ensureOpen@28 (line 736)
  0x000077b458029363:   cmp    $0x0,%rsi
  0x000077b458029367:   movabs $0x77b4140b8430,%rdx         ;   {metadata(method data for {method} {0x000000004641c980} &apos;ensureOpen&apos; &apos;()V&apos; in &apos;java/util/zip/Inflater&apos;)}
  0x000077b458029371:   mov    $0x178,%esi
  0x000077b458029376:   je     0x000077b45802937d
  0x000077b458029378:   mov    $0x168,%esi
  0x000077b45802937d:   mov    (%rdx,%rsi,1),%rdi
  0x000077b458029381:   lea    0x1(%rdi),%rdi
  0x000077b458029385:   mov    %rdi,(%rdx,%rsi,1)
  0x000077b458029389:   je     0x000077b45802939f           ;*lcmp {reexecute=0 rethrow=0 return_oop=0}
                                                            ; - java.util.zip.Inflater::ensureOpen@32 (line 736)
  0x000077b45802938f:   add    $0x50,%rsp
  0x000077b458029393:   pop    %rbp
  0x000077b458029394:   cmp    0x28(%r15),%rsp              ;   {poll_return}
  0x000077b458029398:   ja     0x000077b45802946c
  0x000077b45802939e:   ret                                 ;*return {reexecute=0 rethrow=0 return_oop=0}
                                                            ; - java.util.zip.Inflater::ensureOpen@46 (line 739)
  0x000077b45802939f:   nop
  0x000077b4580293a0:   jmp    0x000077b458029491           ;   {other}
  0x000077b4580293a5:   add    %al,(%rax)
  0x000077b4580293a7:   add    %al,(%rax)
  0x000077b4580293a9:   add    %al,0x130ba(%rax)
  0x000077b4580293af:   add    %al,(%rdi,%rcx,1)
  0x000077b4580293b2:   test   %ebp,%ecx
  0x000077b4580293b4:   add    %al,(%rax)
  0x000077b4580293b6:   add    %cl,-0x75(%rcx)
  0x000077b4580293b9:   xchg   %esi,0x48000001(%rax)
  0x000077b4580293bf:   lea    0x28(%rax),%edi
  0x000077b4580293c2:   cmp    0x1c0(%r15),%rdi
  0x000077b4580293c9:   ja     0x000077b4580294a0
  0x000077b4580293cf:   mov    %rdi,0x1b0(%r15)
  0x000077b4580293d6:   movq   $0x1,(%rax)
  0x000077b4580293dd:   mov    %rdx,%rcx
  0x000077b4580293e0:   mov    $0x46000000,%r10d
  0x000077b4580293e6:   sub    %r10,%rcx
  0x000077b4580293e9:   mov    %ecx,0x8(%rax)
  0x000077b4580293ec:   xor    %rcx,%rcx
  0x000077b4580293ef:   mov    %ecx,0xc(%rax)
  0x000077b4580293f2:   xor    %rcx,%rcx
  0x000077b4580293f5:   mov    %rcx,0x10(%rax)
  0x000077b4580293f9:   mov    %rcx,0x18(%rax)
  0x000077b4580293fd:   mov    %rcx,0x20(%rax)              ;*new {reexecute=0 rethrow=0 return_oop=0}
                                                            ; - java.util.zip.Inflater::ensureOpen@36 (line 737)
  0x000077b458029401:   mov    %rax,%rdx
  0x000077b458029404:   movabs $0x77b4140b8430,%rsi         ;   {metadata(method data for {method} {0x000000004641c980} &apos;ensureOpen&apos; &apos;()V&apos; in &apos;java/util/zip/Inflater&apos;)}
  0x000077b45802940e:   addq   $0x1,0x188(%rsi)
  0x000077b458029416:   movabs $0x7ff892910,%rdx            ;   {oop(&quot;Inflater has been closed&quot;{0x00000007ff892910})}
  0x000077b458029420:   mov    %rax,%rsi                    ;*invokespecial &lt;init&gt; {reexecute=0 rethrow=0 return_oop=0}
                                                            ; - java.util.zip.Inflater::ensureOpen@42 (line 737)
  0x000077b458029423:   mov    %rax,0x40(%rsp)
  0x000077b458029428:   nopl   0x0(%rax)
  0x000077b45802942f:   call   0x000077b45f4ad9e0           ; ImmutableOopMap {[64]=Oop }
                                                            ;*invokespecial &lt;init&gt; {reexecute=0 rethrow=0 return_oop=0}
                                                            ; - java.util.zip.Inflater::ensureOpen@42 (line 737)
                                                            ;   {optimized virtual_call}
  0x000077b458029434:   nopl   0x2ac(%rax,%rax,1)           ;*invokespecial &lt;init&gt; {reexecute=0 rethrow=0 return_oop=0}
                                                            ; - java.util.zip.Inflater::ensureOpen@42 (line 737)
                                                            ;   {post_call_nop}
  0x000077b45802943c:   mov    0x40(%rsp),%rax
  0x000077b458029441:   jmp    0x000077b4580294ca
  0x000077b458029446:   movabs $0x4641c980,%r10             ;   {metadata({method} {0x000000004641c980} &apos;ensureOpen&apos; &apos;()V&apos; in &apos;java/util/zip/Inflater&apos;)}
  0x000077b458029450:   mov    %r10,0x8(%rsp)
  0x000077b458029455:   movq   $0xffffffffffffffff,(%rsp)
  0x000077b45802945d:   call   0x000077b45f582fe0           ; ImmutableOopMap {rsi=Oop }
                                                            ;*synchronization entry
                                                            ; - java.util.zip.Inflater::ensureOpen@-1 (line 735)
                                                            ;   {runtime_call counter_overflow_blob (C1 runtime)}
  0x000077b458029462:   jmp    0x000077b4580292e2
  0x000077b458029467:   call   0x000077b45f57c660           ; ImmutableOopMap {rdx=Oop }
                                                            ;*invokevirtual address {reexecute=0 rethrow=0 return_oop=0}
                                                            ; - java.util.zip.Inflater::ensureOpen@28 (line 736)
                                                            ;   {runtime_call throw_null_pointer_exception_blob (C1 runtime)}
  0x000077b45802946c:   movabs $0x77b458029394,%r10         ;   {internal_word}
  0x000077b458029476:   mov    %r10,0x510(%r15)
  0x000077b45802947d:   jmp    0x000077b45f4afb60           ;   {runtime_call SafepointBlob}
  0x000077b458029482:   movabs $0x0,%rdx                    ;   {metadata(nullptr)}
  0x000077b45802948c:   mov    $0xa050f00,%eax
  0x000077b458029491:   call   0x000077b45f5820e0           ; ImmutableOopMap {}
                                                            ;*new {reexecute=1 rethrow=0 return_oop=0}
                                                            ; - (reexecute) java.util.zip.Inflater::ensureOpen@36 (line 737)
                                                            ;   {runtime_call load_klass_patching_blob (C1 runtime)}
  0x000077b458029496:   jmp    0x000077b4580293a0
  0x000077b45802949b:   call   0x000077b45f57c660           ; ImmutableOopMap {}
                                                            ;*new {reexecute=0 rethrow=0 return_oop=0}
                                                            ; - java.util.zip.Inflater::ensureOpen@36 (line 737)
                                                            ;   {runtime_call throw_null_pointer_exception_blob (C1 runtime)}
  0x000077b4580294a0:   mov    %rdx,%rdx
  0x000077b4580294a3:   call   0x000077b45f57d6e0           ; ImmutableOopMap {}
                                                            ;*new {reexecute=0 rethrow=0 return_oop=0}
                                                            ; - java.util.zip.Inflater::ensureOpen@36 (line 737)
                                                            ;   {runtime_call fast_new_instance_init_check_blob (C1 runtime)}
  0x000077b4580294a8:   jmp    0x000077b458029401
  0x000077b4580294ad:   mov    0x5c0(%r15),%rax
  0x000077b4580294b4:   movq   $0x0,0x5c0(%r15)
  0x000077b4580294bf:   movq   $0x0,0x5c8(%r15)
  0x000077b4580294ca:   add    $0x50,%rsp
  0x000077b4580294ce:   pop    %rbp
  0x000077b4580294cf:   jmp    0x000077b45f57b760           ;   {runtime_call unwind_exception_blob (C1 runtime)}
  0x000077b4580294d4:   hlt    
  0x000077b4580294d5:   hlt    
  0x000077b4580294d6:   hlt    
  0x000077b4580294d7:   hlt    
[Stub Code]
  0x000077b4580294d8:   nopl   0x0(%rax,%rax,1)             ;   {other}
  0x000077b4580294dd:   movabs $0x0,%rbx                    ;   {static_stub}
  0x000077b4580294e7:   jmp    0x000077b4580294e7           ;   {runtime_call nmethod}
[Exception Handler]
  0x000077b4580294ec:   call   0x000077b45f57ede0           ;   {runtime_call handle_exception_from_callee_blob (C1 runtime)}
  0x000077b4580294f1:   movabs $0x77b478d3aec4,%rdi         ;   {external_word}
  0x000077b4580294fb:   and    $0xfffffffffffffff0,%rsp
  0x000077b4580294ff:   call   0x000077b478791cc0           ;   {runtime_call MacroAssembler::debug64(char*, long, long*)}
  0x000077b458029504:   hlt    
  0x000077b458029505:   call   0x000077b45f4afe60           ;   {runtime_call DeoptimizationBlob}
[Deopt Handler Entry Point]
  0x000077b45802950a:   jmp    0x000077b458029505
  0x000077b45802950c:   hlt    
  0x000077b45802950d:   hlt    
  0x000077b45802950e:   hlt    
  0x000077b45802950f:   hlt    
--------------------------------------------------------------------------------
[/Disassembly]
