
============================= C1-compiled nmethod ==============================
----------------------------------- Assembly -----------------------------------

Compiled method (c1) 4672  245       3       java.lang.StringLatin1::regionMatchesCI (45 bytes)
 total in heap  [0x000077b45802a188,0x000077b45802a510] = 904
 main code      [0x000077b45802a280,0x000077b45802a4e0] = 608
 stub code      [0x000077b45802a4e0,0x000077b45802a510] = 48
 mutable data [0x000077b3e801da50,0x000077b3e801dab0] = 96
 relocation     [0x000077b3e801da50,0x000077b3e801daa8] = 88
 metadata       [0x000077b3e801daa8,0x000077b3e801dab0] = 8
 immutable data [0x000077b3e801dac0,0x000077b3e801dd0c] = 588
 dependencies   [0x000077b3e801dac0,0x000077b3e801dac8] = 8
 nul chk table  [0x000077b3e801dac8,0x000077b3e801daf0] = 40
 scopes pcs     [0x000077b3e801daf0,0x000077b3e801dc60] = 368
 scopes data    [0x000077b3e801dc60,0x000077b3e801dd08] = 168

[Disassembly]
--------------------------------------------------------------------------------
[Constant Pool (empty)]

--------------------------------------------------------------------------------

[Verified Entry Point]
  # {method} {0x00000000461906c8} &apos;regionMatchesCI&apos; &apos;([BI[BII)Z&apos; in &apos;java/lang/StringLatin1&apos;
  # parm0:    rsi:rsi   = &apos;[B&apos;
  # parm1:    rdx       = int
  # parm2:    rcx:rcx   = &apos;[B&apos;
  # parm3:    r8        = int
  # parm4:    r9        = int
  #           [sp+0x50]  (sp of caller)
  0x000077b45802a280:   mov    %eax,-0x14000(%rsp)
  0x000077b45802a287:   push   %rbp
  0x000077b45802a288:   sub    $0x40,%rsp
  0x000077b45802a28c:   cmpl   $0x1,0x20(%r15)
  0x000077b45802a294:   je     0x000077b45802a29b
  0x000077b45802a296:   call   Stub::method_entry_barrier_stub (stub gen)
                                                            ;   {runtime_call Stub::method_entry_barrier_stub (stub gen)}
  0x000077b45802a29b:   mov    %rsi,0x20(%rsp)
  0x000077b45802a2a0:   mov    %rcx,0x30(%rsp)
  0x000077b45802a2a5:   movabs $0x77b4140b9878,%rdi         ;   {metadata(method data for {method} {0x00000000461906c8} &apos;regionMatchesCI&apos; &apos;([BI[BII)Z&apos; in &apos;java/lang/StringLatin1&apos;)}
  0x000077b45802a2af:   mov    0x90(%rdi),%ebx
  0x000077b45802a2b5:   add    $0x2,%ebx
  0x000077b45802a2b8:   mov    %ebx,0x90(%rdi)
  0x000077b45802a2be:   and    $0x7fe,%ebx
  0x000077b45802a2c4:   test   %ebx,%ebx
  0x000077b45802a2c6:   je     0x000077b45802a419           ;*iload_1 {reexecute=0 rethrow=0 return_oop=0}
                                                            ; - java.lang.StringLatin1::regionMatchesCI@0 (line 494)
  0x000077b45802a2cc:   mov    %rdx,%rdi
  0x000077b45802a2cf:   add    %r9d,%edi
  0x000077b45802a2d2:   mov    %edi,0x28(%rsp)
  0x000077b45802a2d6:   jmp    0x000077b45802a3c0           ;*iload_1 {reexecute=0 rethrow=0 return_oop=0}
                                                            ; - java.lang.StringLatin1::regionMatchesCI@6 (line 495)
  0x000077b45802a2db:   nopl   0x0(%rax,%rax,1)
  0x000077b45802a2e0:   mov    %rdx,%rbx
  0x000077b45802a2e3:   inc    %ebx
  0x000077b45802a2e5:   cmp    0xc(%rsi),%edx               ; implicit exception: dispatches to 0x000077b45802a43a
  0x000077b45802a2e8:   jae    0x000077b45802a444
  0x000077b45802a2ee:   movslq %edx,%rdx
  0x000077b45802a2f1:   movsbl 0x10(%rsi,%rdx,1),%edx       ;*baload {reexecute=0 rethrow=0 return_oop=0}
                                                            ; - java.lang.StringLatin1::regionMatchesCI@17 (line 496)
  0x000077b45802a2f6:   mov    %r8,%rax
  0x000077b45802a2f9:   inc    %eax
  0x000077b45802a2fb:   cmp    0xc(%rcx),%r8d               ; implicit exception: dispatches to 0x000077b45802a452
  0x000077b45802a2ff:   jae    0x000077b45802a45c
  0x000077b45802a305:   movslq %r8d,%r8
  0x000077b45802a308:   movsbl 0x10(%rcx,%r8,1),%r8d        ;*baload {reexecute=0 rethrow=0 return_oop=0}
                                                            ; - java.lang.StringLatin1::regionMatchesCI@25 (line 497)
  0x000077b45802a30e:   movabs $0x77b4140b9878,%r9          ;   {metadata(method data for {method} {0x00000000461906c8} &apos;regionMatchesCI&apos; &apos;([BI[BII)Z&apos; in &apos;java/lang/StringLatin1&apos;)}
  0x000077b45802a318:   addq   $0x1,0xf8(%r9)
  0x000077b45802a320:   mov    %rdx,%rsi
  0x000077b45802a323:   mov    %r8,%rdx                     ;*invokestatic equalsIgnoreCase {reexecute=0 rethrow=0 return_oop=0}
                                                            ; - java.lang.StringLatin1::regionMatchesCI@32 (line 498)
  0x000077b45802a326:   mov    %ebx,0x1c(%rsp)
  0x000077b45802a32a:   mov    %eax,0x18(%rsp)
  0x000077b45802a32e:   nop
  0x000077b45802a32f:   call   0x000077b458029e80           ; ImmutableOopMap {[32]=Oop [48]=Oop }
                                                            ;*invokestatic equalsIgnoreCase {reexecute=0 rethrow=0 return_oop=0}
                                                            ; - java.lang.StringLatin1::regionMatchesCI@32 (line 498)
                                                            ;   {static_call}
  0x000077b45802a334:   nopl   0x1ac(%rax,%rax,1)           ;*invokestatic equalsIgnoreCase {reexecute=0 rethrow=0 return_oop=0}
                                                            ; - java.lang.StringLatin1::regionMatchesCI@32 (line 498)
                                                            ;   {post_call_nop}
  0x000077b45802a33c:   test   %eax,%eax
  0x000077b45802a33e:   movabs $0x77b4140b9878,%rax         ;   {metadata(method data for {method} {0x00000000461906c8} &apos;regionMatchesCI&apos; &apos;([BI[BII)Z&apos; in &apos;java/lang/StringLatin1&apos;)}
  0x000077b45802a348:   mov    $0x108,%esi
  0x000077b45802a34d:   je     0x000077b45802a354
  0x000077b45802a34f:   mov    $0x118,%esi
  0x000077b45802a354:   mov    (%rax,%rsi,1),%rdi
  0x000077b45802a358:   lea    0x1(%rdi),%rdi
  0x000077b45802a35c:   mov    %rdi,(%rax,%rsi,1)
  0x000077b45802a360:   je     0x000077b45802a3ef           ;*ifeq {reexecute=0 rethrow=0 return_oop=0}
                                                            ; - java.lang.StringLatin1::regionMatchesCI@35 (line 498)
  0x000077b45802a366:   mov    0x18(%rsp),%eax
  0x000077b45802a36a:   mov    0x1c(%rsp),%ebx
  0x000077b45802a36e:   movabs $0x77b4140b9878,%rsi         ;   {metadata(method data for {method} {0x00000000461906c8} &apos;regionMatchesCI&apos; &apos;([BI[BII)Z&apos; in &apos;java/lang/StringLatin1&apos;)}
  0x000077b45802a378:   mov    0x94(%rsi),%edi
  0x000077b45802a37e:   add    $0x2,%edi
  0x000077b45802a381:   mov    %edi,0x94(%rsi)
  0x000077b45802a387:   and    $0x3ffe,%edi
  0x000077b45802a38d:   test   %edi,%edi
  0x000077b45802a38f:   je     0x000077b45802a46a           ;*goto {reexecute=0 rethrow=0 return_oop=0}
                                                            ; - java.lang.StringLatin1::regionMatchesCI@38 (line 499)
  0x000077b45802a395:   mov    0x30(%r15),%r10              ; ImmutableOopMap {[32]=Oop [48]=Oop }
                                                            ;*goto {reexecute=1 rethrow=0 return_oop=0}
                                                            ; - (reexecute) java.lang.StringLatin1::regionMatchesCI@38 (line 499)
  0x000077b45802a399:   test   %eax,(%r10)                  ;   {poll}
  0x000077b45802a39c:   movabs $0x77b4140b9878,%rsi         ;   {metadata(method data for {method} {0x00000000461906c8} &apos;regionMatchesCI&apos; &apos;([BI[BII)Z&apos; in &apos;java/lang/StringLatin1&apos;)}
  0x000077b45802a3a6:   incl   0x128(%rsi)
  0x000077b45802a3ac:   mov    %rax,%r8
  0x000077b45802a3af:   mov    %rbx,%rdx                    ;*goto {reexecute=0 rethrow=0 return_oop=0}
                                                            ; - java.lang.StringLatin1::regionMatchesCI@38 (line 499)
  0x000077b45802a3b2:   mov    0x28(%rsp),%edi
  0x000077b45802a3b6:   mov    0x30(%rsp),%rcx
  0x000077b45802a3bb:   mov    0x20(%rsp),%rsi
  0x000077b45802a3c0:   cmp    %edi,%edx
  0x000077b45802a3c2:   movabs $0x77b4140b9878,%rbx         ;   {metadata(method data for {method} {0x00000000461906c8} &apos;regionMatchesCI&apos; &apos;([BI[BII)Z&apos; in &apos;java/lang/StringLatin1&apos;)}
  0x000077b45802a3cc:   mov    $0xd8,%eax
  0x000077b45802a3d1:   jge    0x000077b45802a3d8
  0x000077b45802a3d3:   mov    $0xe8,%eax
  0x000077b45802a3d8:   mov    (%rbx,%rax,1),%r9
  0x000077b45802a3dc:   lea    0x1(%r9),%r9
  0x000077b45802a3e0:   mov    %r9,(%rbx,%rax,1)
  0x000077b45802a3e4:   jge    0x000077b45802a404
  0x000077b45802a3ea:   jmp    0x000077b45802a2e0           ;*if_icmpge {reexecute=0 rethrow=0 return_oop=0}
                                                            ; - java.lang.StringLatin1::regionMatchesCI@9 (line 495)
  0x000077b45802a3ef:   mov    $0x0,%eax
  0x000077b45802a3f4:   add    $0x40,%rsp
  0x000077b45802a3f8:   pop    %rbp
  0x000077b45802a3f9:   cmp    0x28(%r15),%rsp              ;   {poll_return}
  0x000077b45802a3fd:   ja     0x000077b45802a48b
  0x000077b45802a403:   ret                                 ;*ireturn {reexecute=0 rethrow=0 return_oop=0}
                                                            ; - java.lang.StringLatin1::regionMatchesCI@42 (line 501)
  0x000077b45802a404:   mov    $0x1,%eax
  0x000077b45802a409:   add    $0x40,%rsp
  0x000077b45802a40d:   pop    %rbp
  0x000077b45802a40e:   cmp    0x28(%r15),%rsp              ;   {poll_return}
  0x000077b45802a412:   ja     0x000077b45802a4a1
  0x000077b45802a418:   ret    
  0x000077b45802a419:   movabs $0x461906c8,%r10             ;   {metadata({method} {0x00000000461906c8} &apos;regionMatchesCI&apos; &apos;([BI[BII)Z&apos; in &apos;java/lang/StringLatin1&apos;)}
  0x000077b45802a423:   mov    %r10,0x8(%rsp)
  0x000077b45802a428:   movq   $0xffffffffffffffff,(%rsp)
  0x000077b45802a430:   call   0x000077b45f582fe0           ; ImmutableOopMap {rsi=Oop rcx=Oop [32]=Oop [48]=Oop }
                                                            ;*synchronization entry
                                                            ; - java.lang.StringLatin1::regionMatchesCI@-1 (line 494)
                                                            ;   {runtime_call counter_overflow_blob (C1 runtime)}
  0x000077b45802a435:   jmp    0x000077b45802a2cc
  0x000077b45802a43a:   call   0x000077b45f57c660           ; ImmutableOopMap {rsi=Oop rcx=Oop [32]=Oop [48]=Oop }
                                                            ;*baload {reexecute=0 rethrow=0 return_oop=0}
                                                            ; - java.lang.StringLatin1::regionMatchesCI@17 (line 496)
                                                            ;   {runtime_call throw_null_pointer_exception_blob (C1 runtime)}
  0x000077b45802a43f:   call   0x000077b45f57c660           ; ImmutableOopMap {rsi=Oop rcx=Oop [32]=Oop [48]=Oop }
                                                            ;*baload {reexecute=0 rethrow=0 return_oop=0}
                                                            ; - java.lang.StringLatin1::regionMatchesCI@17 (line 496)
                                                            ;   {runtime_call throw_null_pointer_exception_blob (C1 runtime)}
  0x000077b45802a444:   mov    %rdx,(%rsp)
  0x000077b45802a448:   mov    %rsi,0x8(%rsp)
  0x000077b45802a44d:   call   0x000077b45f57bd60           ; ImmutableOopMap {rsi=Oop rcx=Oop [32]=Oop [48]=Oop }
                                                            ;*baload {reexecute=0 rethrow=0 return_oop=0}
                                                            ; - java.lang.StringLatin1::regionMatchesCI@17 (line 496)
                                                            ;   {runtime_call throw_range_check_failed_blob (C1 runtime)}
  0x000077b45802a452:   call   0x000077b45f57c660           ; ImmutableOopMap {rsi=Oop rcx=Oop [32]=Oop [48]=Oop }
                                                            ;*baload {reexecute=0 rethrow=0 return_oop=0}
                                                            ; - java.lang.StringLatin1::regionMatchesCI@25 (line 497)
                                                            ;   {runtime_call throw_null_pointer_exception_blob (C1 runtime)}
  0x000077b45802a457:   call   0x000077b45f57c660           ; ImmutableOopMap {rsi=Oop rcx=Oop [32]=Oop [48]=Oop }
                                                            ;*baload {reexecute=0 rethrow=0 return_oop=0}
                                                            ; - java.lang.StringLatin1::regionMatchesCI@25 (line 497)
                                                            ;   {runtime_call throw_null_pointer_exception_blob (C1 runtime)}
  0x000077b45802a45c:   mov    %r8,(%rsp)
  0x000077b45802a460:   mov    %rcx,0x8(%rsp)
  0x000077b45802a465:   call   0x000077b45f57bd60           ; ImmutableOopMap {rsi=Oop rcx=Oop [32]=Oop [48]=Oop }
                                                            ;*baload {reexecute=0 rethrow=0 return_oop=0}
                                                            ; - java.lang.StringLatin1::regionMatchesCI@25 (line 497)
                                                            ;   {runtime_call throw_range_check_failed_blob (C1 runtime)}
  0x000077b45802a46a:   movabs $0x461906c8,%r10             ;   {metadata({method} {0x00000000461906c8} &apos;regionMatchesCI&apos; &apos;([BI[BII)Z&apos; in &apos;java/lang/StringLatin1&apos;)}
  0x000077b45802a474:   mov    %r10,0x8(%rsp)
  0x000077b45802a479:   movq   $0x26,(%rsp)
  0x000077b45802a481:   call   0x000077b45f582fe0           ; ImmutableOopMap {[32]=Oop [48]=Oop }
                                                            ;*goto {reexecute=1 rethrow=0 return_oop=0}
                                                            ; - (reexecute) java.lang.StringLatin1::regionMatchesCI@38 (line 499)
                                                            ;   {runtime_call counter_overflow_blob (C1 runtime)}
  0x000077b45802a486:   jmp    0x000077b45802a395
  0x000077b45802a48b:   movabs $0x77b45802a3f9,%r10         ;   {internal_word}
  0x000077b45802a495:   mov    %r10,0x510(%r15)
  0x000077b45802a49c:   jmp    0x000077b45f4afb60           ;   {runtime_call SafepointBlob}
  0x000077b45802a4a1:   movabs $0x77b45802a40e,%r10         ;   {internal_word}
  0x000077b45802a4ab:   mov    %r10,0x510(%r15)
  0x000077b45802a4b2:   jmp    0x000077b45f4afb60           ;   {runtime_call SafepointBlob}
  0x000077b45802a4b7:   mov    0x5c0(%r15),%rax
  0x000077b45802a4be:   movq   $0x0,0x5c0(%r15)
  0x000077b45802a4c9:   movq   $0x0,0x5c8(%r15)
  0x000077b45802a4d4:   add    $0x40,%rsp
  0x000077b45802a4d8:   pop    %rbp
  0x000077b45802a4d9:   jmp    0x000077b45f57b760           ;   {runtime_call unwind_exception_blob (C1 runtime)}
  0x000077b45802a4de:   hlt    
  0x000077b45802a4df:   hlt    
[Stub Code]
  0x000077b45802a4e0:   movabs $0x0,%rbx                    ;   {static_stub}
  0x000077b45802a4ea:   jmp    0x000077b45802a4ea           ;   {runtime_call nmethod}
[Exception Handler]
  0x000077b45802a4ef:   call   0x000077b45f57ede0           ;   {runtime_call handle_exception_from_callee_blob (C1 runtime)}
  0x000077b45802a4f4:   movabs $0x77b478d3aec4,%rdi         ;   {external_word}
  0x000077b45802a4fe:   and    $0xfffffffffffffff0,%rsp
  0x000077b45802a502:   call   0x000077b478791cc0           ;   {runtime_call MacroAssembler::debug64(char*, long, long*)}
  0x000077b45802a507:   hlt    
  0x000077b45802a508:   call   0x000077b45f4afe60           ;   {runtime_call DeoptimizationBlob}
[Deopt Handler Entry Point]
  0x000077b45802a50d:   jmp    0x000077b45802a508
  0x000077b45802a50f:   hlt    
--------------------------------------------------------------------------------
[/Disassembly]
