
============================= C1-compiled nmethod ==============================
----------------------------------- Assembly -----------------------------------

Compiled method (c1) 4838  249       3       java.lang.Class::getName (18 bytes)
 total in heap  [0x000077b45802b888,0x000077b45802baf0] = 616
 main code      [0x000077b45802b980,0x000077b45802bac0] = 320
 stub code      [0x000077b45802bac0,0x000077b45802baf0] = 48
 mutable data [0x000077b3ec01e540,0x000077b3ec01e580] = 64
 relocation     [0x000077b3ec01e540,0x000077b3ec01e578] = 56
 metadata       [0x000077b3ec01e578,0x000077b3ec01e580] = 8
 immutable data [0x000077b3ec01f050,0x000077b3ec01f13c] = 236
 dependencies   [0x000077b3ec01f050,0x000077b3ec01f058] = 8
 scopes pcs     [0x000077b3ec01f058,0x000077b3ec01f0f8] = 160
 scopes data    [0x000077b3ec01f0f8,0x000077b3ec01f138] = 64

[Disassembly]
--------------------------------------------------------------------------------
[Constant Pool (empty)]

--------------------------------------------------------------------------------

[Instructions begin]
  0x000077b45802b980:   data16 data16 nopw 0x0(%rax,%rax,1)
  0x000077b45802b98b:   data16 data16 xchg %ax,%ax
  0x000077b45802b98f:   data16 xchg %ax,%ax
[Entry Point]
  # {method} {0x00000000461886e8} &apos;getName&apos; &apos;()Ljava/lang/String;&apos; in &apos;java/lang/Class&apos;
  #           [sp+0x30]  (sp of caller)
  0x000077b45802b992:   mov    0x8(%rsi),%r10d
  0x000077b45802b996:   cmp    0x8(%rax),%r10d
  0x000077b45802b99a:   jne    0x000077b45f4ad6e0           ;   {runtime_call ic_miss_blob (shared runtime)}
[Verified Entry Point]
  0x000077b45802b9a0:   mov    %eax,-0x14000(%rsp)
  0x000077b45802b9a7:   push   %rbp
  0x000077b45802b9a8:   sub    $0x20,%rsp
  0x000077b45802b9ac:   cmpl   $0x1,0x20(%r15)
  0x000077b45802b9b4:   je     0x000077b45802b9bb
  0x000077b45802b9b6:   call   Stub::method_entry_barrier_stub (stub gen)
                                                            ;   {runtime_call Stub::method_entry_barrier_stub (stub gen)}
  0x000077b45802b9bb:   movabs $0x77b4140bae08,%rdi         ;   {metadata(method data for {method} {0x00000000461886e8} &apos;getName&apos; &apos;()Ljava/lang/String;&apos; in &apos;java/lang/Class&apos;)}
  0x000077b45802b9c5:   mov    0x90(%rdi),%ebx
  0x000077b45802b9cb:   add    $0x2,%ebx
  0x000077b45802b9ce:   mov    %ebx,0x90(%rdi)
  0x000077b45802b9d4:   and    $0x7fe,%ebx
  0x000077b45802b9da:   test   %ebx,%ebx
  0x000077b45802b9dc:   je     0x000077b45802ba62           ;*aload_0 {reexecute=0 rethrow=0 return_oop=0}
                                                            ; - java.lang.Class::getName@0 (line 959)
  0x000077b45802b9e2:   mov    0x34(%rsi),%edi
  0x000077b45802b9e5:   shl    $0x3,%rdi                    ;*getfield name {reexecute=0 rethrow=0 return_oop=0}
                                                            ; - java.lang.Class::getName@1 (line 959)
  0x000077b45802b9e9:   test   %rdi,%rdi
  0x000077b45802b9ec:   movabs $0x77b4140bae08,%rbx         ;   {metadata(method data for {method} {0x00000000461886e8} &apos;getName&apos; &apos;()Ljava/lang/String;&apos; in &apos;java/lang/Class&apos;)}
  0x000077b45802b9f6:   mov    $0xd8,%eax
  0x000077b45802b9fb:   je     0x000077b45802ba02
  0x000077b45802b9fd:   mov    $0xe8,%eax
  0x000077b45802ba02:   mov    (%rbx,%rax,1),%rdx
  0x000077b45802ba06:   lea    0x1(%rdx),%rdx
  0x000077b45802ba0a:   mov    %rdx,(%rbx,%rax,1)
  0x000077b45802ba0e:   je     0x000077b45802ba29           ;*ifnull {reexecute=0 rethrow=0 return_oop=0}
                                                            ; - java.lang.Class::getName@6 (line 960)
  0x000077b45802ba14:   movabs $0x77b4140bae08,%rsi         ;   {metadata(method data for {method} {0x00000000461886e8} &apos;getName&apos; &apos;()Ljava/lang/String;&apos; in &apos;java/lang/Class&apos;)}
  0x000077b45802ba1e:   incl   0xf8(%rsi)
  0x000077b45802ba24:   jmp    0x000077b45802ba4f           ;*goto {reexecute=0 rethrow=0 return_oop=0}
                                                            ; - java.lang.Class::getName@10 (line 960)
  0x000077b45802ba29:   mov    %rsi,%rdi
  0x000077b45802ba2c:   movabs $0x77b4140bae08,%rbx         ;   {metadata(method data for {method} {0x00000000461886e8} &apos;getName&apos; &apos;()Ljava/lang/String;&apos; in &apos;java/lang/Class&apos;)}
  0x000077b45802ba36:   addq   $0x1,0x110(%rbx)
  0x000077b45802ba3e:   nop
  0x000077b45802ba3f:   call   0x000077b45fbaf810           ; ImmutableOopMap {}
                                                            ;*invokevirtual initClassName {reexecute=0 rethrow=0 return_oop=0}
                                                            ; - java.lang.Class::getName@14 (line 960)
                                                            ;   {optimized virtual_call}
  0x000077b45802ba44:   nopl   0x1bc(%rax,%rax,1)           ;*invokevirtual initClassName {reexecute=0 rethrow=0 return_oop=0}
                                                            ; - java.lang.Class::getName@14 (line 960)
                                                            ;   {post_call_nop}
  0x000077b45802ba4c:   mov    %rax,%rdi                    ;*areturn {reexecute=0 rethrow=0 return_oop=0}
                                                            ; - java.lang.Class::getName@17 (line 960)
  0x000077b45802ba4f:   mov    %rdi,%rax
  0x000077b45802ba52:   add    $0x20,%rsp
  0x000077b45802ba56:   pop    %rbp
  0x000077b45802ba57:   cmp    0x28(%r15),%rsp              ;   {poll_return}
  0x000077b45802ba5b:   ja     0x000077b45802ba83
  0x000077b45802ba61:   ret    
  0x000077b45802ba62:   movabs $0x461886e8,%r10             ;   {metadata({method} {0x00000000461886e8} &apos;getName&apos; &apos;()Ljava/lang/String;&apos; in &apos;java/lang/Class&apos;)}
  0x000077b45802ba6c:   mov    %r10,0x8(%rsp)
  0x000077b45802ba71:   movq   $0xffffffffffffffff,(%rsp)
  0x000077b45802ba79:   call   0x000077b45f582fe0           ; ImmutableOopMap {rsi=Oop }
                                                            ;*synchronization entry
                                                            ; - java.lang.Class::getName@-1 (line 959)
                                                            ;   {runtime_call counter_overflow_blob (C1 runtime)}
  0x000077b45802ba7e:   jmp    0x000077b45802b9e2
  0x000077b45802ba83:   movabs $0x77b45802ba57,%r10         ;   {internal_word}
  0x000077b45802ba8d:   mov    %r10,0x510(%r15)
  0x000077b45802ba94:   jmp    0x000077b45f4afb60           ;   {runtime_call SafepointBlob}
  0x000077b45802ba99:   mov    0x5c0(%r15),%rax
  0x000077b45802baa0:   movq   $0x0,0x5c0(%r15)
  0x000077b45802baab:   movq   $0x0,0x5c8(%r15)
  0x000077b45802bab6:   add    $0x20,%rsp
  0x000077b45802baba:   pop    %rbp
  0x000077b45802babb:   jmp    0x000077b45f57b760           ;   {runtime_call unwind_exception_blob (C1 runtime)}
[Stub Code]
  0x000077b45802bac0:   movabs $0x0,%rbx                    ;   {static_stub}
  0x000077b45802baca:   jmp    0x000077b45802baca           ;   {runtime_call nmethod}
[Exception Handler]
  0x000077b45802bacf:   call   0x000077b45f57ede0           ;   {runtime_call handle_exception_from_callee_blob (C1 runtime)}
  0x000077b45802bad4:   movabs $0x77b478d3aec4,%rdi         ;   {external_word}
  0x000077b45802bade:   and    $0xfffffffffffffff0,%rsp
  0x000077b45802bae2:   call   0x000077b478791cc0           ;   {runtime_call MacroAssembler::debug64(char*, long, long*)}
  0x000077b45802bae7:   hlt    
  0x000077b45802bae8:   call   0x000077b45f4afe60           ;   {runtime_call DeoptimizationBlob}
[Deopt Handler Entry Point]
  0x000077b45802baed:   jmp    0x000077b45802bae8
  0x000077b45802baef:   hlt    
--------------------------------------------------------------------------------
[/Disassembly]
