
============================= C1-compiled nmethod ==============================
----------------------------------- Assembly -----------------------------------

Compiled method (c1) 5247  262       3       java.util.ArrayList::add (25 bytes)
 total in heap  [0x000077b458030d88,0x000077b458031240] = 1208
 main code      [0x000077b458030e80,0x000077b458031210] = 912
 stub code      [0x000077b458031210,0x000077b458031240] = 48
 mutable data [0x000077b3f0004130,0x000077b3f00041a0] = 112
 relocation     [0x000077b3f0004130,0x000077b3f0004188] = 88
 metadata       [0x000077b3f0004188,0x000077b3f00041a0] = 24
 immutable data [0x000077b3f0003ea0,0x000077b3f000411c] = 636
 dependencies   [0x000077b3f0003ea0,0x000077b3f0003ea8] = 8
 nul chk table  [0x000077b3f0003ea8,0x000077b3f0003ed0] = 40
 scopes pcs     [0x000077b3f0003ed0,0x000077b3f0004050] = 384
 scopes data    [0x000077b3f0004050,0x000077b3f0004118] = 200

[Disassembly]
--------------------------------------------------------------------------------
[Constant Pool (empty)]

--------------------------------------------------------------------------------

[Instructions begin]
  0x000077b458030e80:   data16 data16 nopw 0x0(%rax,%rax,1)
  0x000077b458030e8b:   data16 data16 xchg %ax,%ax
  0x000077b458030e8f:   data16 xchg %ax,%ax
[Entry Point]
  # {method} {0x000000004621d3c0} &apos;add&apos; &apos;(Ljava/lang/Object;)Z&apos; in &apos;java/util/ArrayList&apos;
  # this:     rsi:rsi   = &apos;java/util/ArrayList&apos;
  # parm0:    rdx:rdx   = &apos;java/lang/Object&apos;
  #           [sp+0xa0]  (sp of caller)
  0x000077b458030e92:   mov    0x8(%rsi),%r10d
  0x000077b458030e96:   cmp    0x8(%rax),%r10d
  0x000077b458030e9a:   jne    0x000077b45f4ad6e0           ;   {runtime_call ic_miss_blob (shared runtime)}
[Verified Entry Point]
  0x000077b458030ea0:   mov    %eax,-0x14000(%rsp)
  0x000077b458030ea7:   push   %rbp
  0x000077b458030ea8:   sub    $0x90,%rsp
  0x000077b458030eaf:   nop
  0x000077b458030eb0:   cmpl   $0x1,0x20(%r15)
  0x000077b458030eb8:   je     0x000077b458030ebf
  0x000077b458030eba:   call   Stub::method_entry_barrier_stub (stub gen)
                                                            ;   {runtime_call Stub::method_entry_barrier_stub (stub gen)}
  0x000077b458030ebf:   movabs $0x77b4140bcfd8,%rdi         ;   {metadata(method data for {method} {0x000000004621d3c0} &apos;add&apos; &apos;(Ljava/lang/Object;)Z&apos; in &apos;java/util/ArrayList&apos;)}
  0x000077b458030ec9:   mov    0x90(%rdi),%ebx
  0x000077b458030ecf:   add    $0x2,%ebx
  0x000077b458030ed2:   mov    %ebx,0x90(%rdi)
  0x000077b458030ed8:   and    $0x7fe,%ebx
  0x000077b458030ede:   test   %ebx,%ebx
  0x000077b458030ee0:   je     0x000077b458031120           ;*aload_0 {reexecute=0 rethrow=0 return_oop=0}
                                                            ; - java.util.ArrayList::add@0 (line 496)
  0x000077b458030ee6:   mov    0xc(%rsi),%edi               ;*getfield modCount {reexecute=0 rethrow=0 return_oop=0}
                                                            ; - java.util.ArrayList::add@2 (line 496)
  0x000077b458030ee9:   inc    %edi
  0x000077b458030eeb:   mov    %edi,0xc(%rsi)               ;*putfield modCount {reexecute=0 rethrow=0 return_oop=0}
                                                            ; - java.util.ArrayList::add@7 (line 496)
  0x000077b458030eee:   mov    0x14(%rsi),%edi
  0x000077b458030ef1:   shl    $0x3,%rdi                    ;*getfield elementData {reexecute=0 rethrow=0 return_oop=0}
                                                            ; - java.util.ArrayList::add@13 (line 497)
  0x000077b458030ef5:   mov    0x10(%rsi),%ebx              ;*getfield size {reexecute=0 rethrow=0 return_oop=0}
                                                            ; - java.util.ArrayList::add@17 (line 497)
  0x000077b458030ef8:   mov    %rsi,%rax
  0x000077b458030efb:   movabs $0x77b4140bcfd8,%rcx         ;   {metadata(method data for {method} {0x000000004621d3c0} &apos;add&apos; &apos;(Ljava/lang/Object;)Z&apos; in &apos;java/util/ArrayList&apos;)}
  0x000077b458030f05:   addq   $0x1,0xd8(%rcx)
  0x000077b458030f0d:   movabs $0x77b4140bd128,%rax         ;   {metadata(method data for {method} {0x000000004621e2e0} &apos;add&apos; &apos;(Ljava/lang/Object;[Ljava/lang/Object;I)V&apos; in &apos;java/util/ArrayList&apos;)}
  0x000077b458030f17:   mov    0x90(%rax),%ecx
  0x000077b458030f1d:   add    $0x2,%ecx
  0x000077b458030f20:   mov    %ecx,0x90(%rax)
  0x000077b458030f26:   and    $0x1ffffe,%ecx
  0x000077b458030f2c:   test   %ecx,%ecx
  0x000077b458030f2e:   je     0x000077b458031141
  0x000077b458030f34:   mov    0xc(%rdi),%eax               ; implicit exception: dispatches to 0x000077b458031162
                                                            ;*arraylength {reexecute=0 rethrow=0 return_oop=0}
                                                            ; - java.util.ArrayList::add@2 (line 483)
                                                            ; - java.util.ArrayList::add@20 (line 497)
  0x000077b458030f37:   cmp    %eax,%ebx
  0x000077b458030f39:   movabs $0x77b4140bd128,%rax         ;   {metadata(method data for {method} {0x000000004621e2e0} &apos;add&apos; &apos;(Ljava/lang/Object;[Ljava/lang/Object;I)V&apos; in &apos;java/util/ArrayList&apos;)}
  0x000077b458030f43:   mov    $0xd8,%ecx
  0x000077b458030f48:   jne    0x000077b458030f4f
  0x000077b458030f4a:   mov    $0xe8,%ecx
  0x000077b458030f4f:   mov    (%rax,%rcx,1),%r8
  0x000077b458030f53:   lea    0x1(%r8),%r8
  0x000077b458030f57:   mov    %r8,(%rax,%rcx,1)
  0x000077b458030f5b:   jne    0x000077b458030fed           ;*if_icmpne {reexecute=0 rethrow=0 return_oop=0}
                                                            ; - java.util.ArrayList::add@3 (line 483)
                                                            ; - java.util.ArrayList::add@20 (line 497)
  0x000077b458030f61:   mov    %rdx,0x70(%rsp)
  0x000077b458030f66:   mov    %rsi,%rdi
  0x000077b458030f69:   movabs $0x77b4140bd128,%rax         ;   {metadata(method data for {method} {0x000000004621e2e0} &apos;add&apos; &apos;(Ljava/lang/Object;[Ljava/lang/Object;I)V&apos; in &apos;java/util/ArrayList&apos;)}
  0x000077b458030f73:   addq   $0x1,0xf8(%rax)
  0x000077b458030f7b:   movabs $0x77b4140bd2d8,%rdi         ;   {metadata(method data for {method} {0x000000004621e440} &apos;grow&apos; &apos;()[Ljava/lang/Object;&apos; in &apos;java/util/ArrayList&apos;)}
  0x000077b458030f85:   mov    0x90(%rdi),%eax
  0x000077b458030f8b:   add    $0x2,%eax
  0x000077b458030f8e:   mov    %eax,0x90(%rdi)
  0x000077b458030f94:   and    $0x1ffffe,%eax
  0x000077b458030f99:   test   %eax,%eax
  0x000077b458030f9b:   je     0x000077b458031167
  0x000077b458030fa1:   mov    %rsi,%rdi
  0x000077b458030fa4:   movabs $0x77b4140bd2d8,%rax         ;   {metadata(method data for {method} {0x000000004621e440} &apos;grow&apos; &apos;()[Ljava/lang/Object;&apos; in &apos;java/util/ArrayList&apos;)}
  0x000077b458030fae:   addq   $0x1,0xd8(%rax)
  0x000077b458030fb6:   mov    %rbx,%rdi
  0x000077b458030fb9:   inc    %edi
  0x000077b458030fbb:   mov    %rdi,%rdx
  0x000077b458030fbe:   mov    %rsi,%rdi
  0x000077b458030fc1:   mov    %rdi,%rsi                    ;*invokevirtual grow {reexecute=0 rethrow=0 return_oop=0}
                                                            ; - java.util.ArrayList::grow@7 (line 245)
                                                            ; - java.util.ArrayList::add@7 (line 484)
                                                            ; - java.util.ArrayList::add@20 (line 497)
  0x000077b458030fc4:   mov    %rdi,0x78(%rsp)
  0x000077b458030fc9:   mov    %ebx,0x68(%rsp)
  0x000077b458030fcd:   xchg   %ax,%ax
  0x000077b458030fcf:   call   0x000077b45f4ad9e0           ; ImmutableOopMap {[112]=Oop [120]=Oop }
                                                            ;*invokevirtual grow {reexecute=0 rethrow=0 return_oop=0}
                                                            ; - java.util.ArrayList::grow@7 (line 245)
                                                            ; - java.util.ArrayList::add@7 (line 484)
                                                            ; - java.util.ArrayList::add@20 (line 497)
                                                            ;   {optimized virtual_call}
  0x000077b458030fd4:   nopl   0x24c(%rax,%rax,1)           ;*invokevirtual grow {reexecute=0 rethrow=0 return_oop=0}
                                                            ; - java.util.ArrayList::grow@7 (line 245)
                                                            ; - java.util.ArrayList::add@7 (line 484)
                                                            ; - java.util.ArrayList::add@20 (line 497)
                                                            ;   {post_call_nop}
  0x000077b458030fdc:   mov    %rax,%rdi                    ;*aload_2 {reexecute=0 rethrow=0 return_oop=0}
                                                            ; - java.util.ArrayList::add@11 (line 485)
                                                            ; - java.util.ArrayList::add@20 (line 497)
  0x000077b458030fdf:   mov    0x68(%rsp),%ebx
  0x000077b458030fe3:   mov    0x70(%rsp),%rdx
  0x000077b458030fe8:   mov    0x78(%rsp),%rsi
  0x000077b458030fed:   cmp    0xc(%rdi),%ebx               ; implicit exception: dispatches to 0x000077b458031188
  0x000077b458030ff0:   jae    0x000077b458031192
  0x000077b458030ff6:   test   %rdx,%rdx
  0x000077b458030ff9:   movabs $0x77b4140bd128,%rcx         ;   {metadata(method data for {method} {0x000000004621e2e0} &apos;add&apos; &apos;(Ljava/lang/Object;[Ljava/lang/Object;I)V&apos; in &apos;java/util/ArrayList&apos;)}
  0x000077b458031003:   jne    0x000077b458031011
  0x000077b458031005:   orb    $0x1,0x121(%rcx)
  0x000077b45803100c:   jmp    0x000077b4580310c0
  0x000077b458031011:   mov    0x8(%rdx),%eax
  0x000077b458031014:   mov    $0x46000000,%r10d
  0x000077b45803101a:   add    %r10,%rax
  0x000077b45803101d:   mov    $0x26,%r10d
  0x000077b458031023:   cmp    (%rcx,%r10,8),%rax
  0x000077b458031027:   je     0x000077b458031066
  0x000077b458031029:   add    $0x2,%r10
  0x000077b45803102d:   cmp    $0x2a,%r10
  0x000077b458031031:   jne    0x000077b458031023
  0x000077b458031033:   mov    $0x26,%r10d
  0x000077b458031039:   cmpq   $0x0,(%rcx,%r10,8)
  0x000077b45803103e:   je     0x000077b45803104c
  0x000077b458031040:   add    $0x2,%r10
  0x000077b458031044:   cmp    $0x2a,%r10
  0x000077b458031048:   jne    0x000077b458031039
  0x000077b45803104a:   jmp    0x000077b45803105e
  0x000077b45803104c:   push   %rbx
  0x000077b45803104d:   mov    %rax,%rbx
  0x000077b458031050:   xor    %rax,%rax
  0x000077b458031053:   cmpxchg %rbx,(%rcx,%r10,8)
  0x000077b458031058:   mov    %rbx,%rax
  0x000077b45803105b:   pop    %rbx
  0x000077b45803105c:   jmp    0x000077b45803101d
  0x000077b45803105e:   mov    $0x25,%r10d
  0x000077b458031064:   jmp    0x000077b45803106a
  0x000077b458031066:   add    $0x1,%r10
  0x000077b45803106a:   addq   $0x1,(%rcx,%r10,8)
  0x000077b45803106f:   mov    0x8(%rdi),%eax               ; implicit exception: dispatches to 0x000077b4580311a0
  0x000077b458031072:   mov    $0x46000000,%r10d
  0x000077b458031078:   add    %r10,%rax
  0x000077b45803107b:   mov    0x8(%rdx),%ecx
  0x000077b45803107e:   mov    $0x46000000,%r10d
  0x000077b458031084:   add    %r10,%rcx
  0x000077b458031087:   mov    0xe0(%rax),%rax
  0x000077b45803108e:   cmp    %rax,%rcx
  0x000077b458031091:   je     0x000077b4580310c0
  0x000077b458031097:   mov    0x10(%rax),%r8d
  0x000077b45803109b:   cmp    (%rcx,%r8,1),%rax
  0x000077b45803109f:   je     0x000077b4580310c0
  0x000077b4580310a5:   cmp    $0x20,%r8d
  0x000077b4580310a9:   jne    0x000077b4580311a5
  0x000077b4580310af:   push   %rcx
  0x000077b4580310b0:   push   %rax
  0x000077b4580310b1:   call   0x000077b45f57fee0           ;   {runtime_call slow_subtype_check_blob (C1 runtime)}
  0x000077b4580310b6:   pop    %rcx
  0x000077b4580310b7:   pop    %rax
  0x000077b4580310b8:   test   %eax,%eax
  0x000077b4580310ba:   je     0x000077b4580311a5
  0x000077b4580310c0:   movslq %ebx,%rax
  0x000077b4580310c3:   lea    0x10(%rdi,%rax,4),%rax
  0x000077b4580310c8:   movsbl 0x48(%r15),%edi
  0x000077b4580310cd:   test   %edi,%edi
  0x000077b4580310cf:   jne    0x000077b4580311ae
  0x000077b4580310d5:   mov    %rdx,%r10
  0x000077b4580310d8:   shr    $0x3,%r10
  0x000077b4580310dc:   mov    %r10d,(%rax)
  0x000077b4580310df:   mov    %rax,%rcx
  0x000077b4580310e2:   xor    %rdx,%rcx
  0x000077b4580310e5:   shr    $0x17,%rcx
  0x000077b4580310e9:   je     0x000077b458031103
  0x000077b4580310eb:   test   %rdx,%rdx
  0x000077b4580310ee:   je     0x000077b458031103
  0x000077b4580310f0:   mov    %rax,%rcx
  0x000077b4580310f3:   shr    $0x9,%rcx
  0x000077b4580310f7:   add    0x50(%r15),%rcx
  0x000077b4580310fb:   cmpb   $0xff,(%rcx)
  0x000077b4580310fe:   jne    0x000077b458031103
  0x000077b458031100:   movb   $0x0,(%rcx)                  ;*aastore {reexecute=0 rethrow=0 return_oop=0}
                                                            ; - java.util.ArrayList::add@14 (line 485)
                                                            ; - java.util.ArrayList::add@20 (line 497)
  0x000077b458031103:   inc    %ebx
  0x000077b458031105:   mov    %ebx,0x10(%rsi)              ;*putfield size {reexecute=0 rethrow=0 return_oop=0}
                                                            ; - java.util.ArrayList::add@19 (line 486)
                                                            ; - java.util.ArrayList::add@20 (line 497)
  0x000077b458031108:   mov    $0x1,%eax
  0x000077b45803110d:   add    $0x90,%rsp
  0x000077b458031114:   pop    %rbp
  0x000077b458031115:   cmp    0x28(%r15),%rsp              ;   {poll_return}
  0x000077b458031119:   ja     0x000077b4580311cb
  0x000077b45803111f:   ret    
  0x000077b458031120:   movabs $0x4621d3c0,%r10             ;   {metadata({method} {0x000000004621d3c0} &apos;add&apos; &apos;(Ljava/lang/Object;)Z&apos; in &apos;java/util/ArrayList&apos;)}
  0x000077b45803112a:   mov    %r10,0x8(%rsp)
  0x000077b45803112f:   movq   $0xffffffffffffffff,(%rsp)
  0x000077b458031137:   call   0x000077b45f582fe0           ; ImmutableOopMap {rsi=Oop rdx=Oop }
                                                            ;*synchronization entry
                                                            ; - java.util.ArrayList::add@-1 (line 496)
                                                            ;   {runtime_call counter_overflow_blob (C1 runtime)}
  0x000077b45803113c:   jmp    0x000077b458030ee6
  0x000077b458031141:   movabs $0x4621e2e0,%r10             ;   {metadata({method} {0x000000004621e2e0} &apos;add&apos; &apos;(Ljava/lang/Object;[Ljava/lang/Object;I)V&apos; in &apos;java/util/ArrayList&apos;)}
  0x000077b45803114b:   mov    %r10,0x8(%rsp)
  0x000077b458031150:   movq   $0xffffffffffffffff,(%rsp)
  0x000077b458031158:   call   0x000077b45f582fe0           ; ImmutableOopMap {rsi=Oop rdx=Oop rdi=Oop }
                                                            ;*synchronization entry
                                                            ; - java.util.ArrayList::add@-1 (line 483)
                                                            ; - java.util.ArrayList::add@20 (line 497)
                                                            ;   {runtime_call counter_overflow_blob (C1 runtime)}
  0x000077b45803115d:   jmp    0x000077b458030f34
  0x000077b458031162:   call   0x000077b45f57c660           ; ImmutableOopMap {rsi=Oop rdx=Oop rdi=Oop }
                                                            ;*arraylength {reexecute=0 rethrow=0 return_oop=0}
                                                            ; - java.util.ArrayList::add@2 (line 483)
                                                            ; - java.util.ArrayList::add@20 (line 497)
                                                            ;   {runtime_call throw_null_pointer_exception_blob (C1 runtime)}
  0x000077b458031167:   movabs $0x4621e440,%r10             ;   {metadata({method} {0x000000004621e440} &apos;grow&apos; &apos;()[Ljava/lang/Object;&apos; in &apos;java/util/ArrayList&apos;)}
  0x000077b458031171:   mov    %r10,0x8(%rsp)
  0x000077b458031176:   movq   $0xffffffffffffffff,(%rsp)
  0x000077b45803117e:   call   0x000077b45f582fe0           ; ImmutableOopMap {rsi=Oop [112]=Oop }
                                                            ;*synchronization entry
                                                            ; - java.util.ArrayList::grow@-1 (line 245)
                                                            ; - java.util.ArrayList::add@7 (line 484)
                                                            ; - java.util.ArrayList::add@20 (line 497)
                                                            ;   {runtime_call counter_overflow_blob (C1 runtime)}
  0x000077b458031183:   jmp    0x000077b458030fa1
  0x000077b458031188:   call   0x000077b45f57c660           ; ImmutableOopMap {rdi=Oop rsi=Oop rdx=Oop }
                                                            ;*aastore {reexecute=1 rethrow=0 return_oop=0}
                                                            ; - (reexecute) java.util.ArrayList::add@14 (line 485)
                                                            ; - java.util.ArrayList::add@20 (line 497)
                                                            ;   {runtime_call throw_null_pointer_exception_blob (C1 runtime)}
  0x000077b45803118d:   call   0x000077b45f57c660           ; ImmutableOopMap {rdi=Oop rsi=Oop rdx=Oop }
                                                            ;*aastore {reexecute=1 rethrow=0 return_oop=0}
                                                            ; - (reexecute) java.util.ArrayList::add@14 (line 485)
                                                            ; - java.util.ArrayList::add@20 (line 497)
                                                            ;   {runtime_call throw_null_pointer_exception_blob (C1 runtime)}
  0x000077b458031192:   mov    %rbx,(%rsp)
  0x000077b458031196:   mov    %rdi,0x8(%rsp)
  0x000077b45803119b:   call   0x000077b45f57bd60           ; ImmutableOopMap {rdi=Oop rsi=Oop rdx=Oop }
                                                            ;*aastore {reexecute=1 rethrow=0 return_oop=0}
                                                            ; - (reexecute) java.util.ArrayList::add@14 (line 485)
                                                            ; - java.util.ArrayList::add@20 (line 497)
                                                            ;   {runtime_call throw_range_check_failed_blob (C1 runtime)}
  0x000077b4580311a0:   call   0x000077b45f57c660           ; ImmutableOopMap {rdi=Oop rsi=Oop rdx=Oop }
                                                            ;*aastore {reexecute=1 rethrow=0 return_oop=0}
                                                            ; - (reexecute) java.util.ArrayList::add@14 (line 485)
                                                            ; - java.util.ArrayList::add@20 (line 497)
                                                            ;   {runtime_call throw_null_pointer_exception_blob (C1 runtime)}
  0x000077b4580311a5:   mov    %rdx,(%rsp)
  0x000077b4580311a9:   call   0x000077b45f57f0e0           ; ImmutableOopMap {rdi=Oop rsi=Oop rdx=Oop }
                                                            ;*aastore {reexecute=1 rethrow=0 return_oop=0}
                                                            ; - (reexecute) java.util.ArrayList::add@14 (line 485)
                                                            ; - java.util.ArrayList::add@20 (line 497)
                                                            ;   {runtime_call throw_array_store_exception_blob (C1 runtime)}
  0x000077b4580311ae:   mov    (%rax),%edi
  0x000077b4580311b0:   shl    $0x3,%rdi
  0x000077b4580311b4:   test   %rdi,%rdi
  0x000077b4580311b7:   je     0x000077b4580310d5
  0x000077b4580311bd:   mov    %rdi,(%rsp)
  0x000077b4580311c1:   call   0x000077b45f583a60           ;   {runtime_call g1_pre_barrier_slow}
  0x000077b4580311c6:   jmp    0x000077b4580310d5
  0x000077b4580311cb:   movabs $0x77b458031115,%r10         ;   {internal_word}
  0x000077b4580311d5:   mov    %r10,0x510(%r15)
  0x000077b4580311dc:   jmp    0x000077b45f4afb60           ;   {runtime_call SafepointBlob}
  0x000077b4580311e1:   mov    0x5c0(%r15),%rax
  0x000077b4580311e8:   movq   $0x0,0x5c0(%r15)
  0x000077b4580311f3:   movq   $0x0,0x5c8(%r15)
  0x000077b4580311fe:   add    $0x90,%rsp
  0x000077b458031205:   pop    %rbp
  0x000077b458031206:   jmp    0x000077b45f57b760           ;   {runtime_call unwind_exception_blob (C1 runtime)}
  0x000077b45803120b:   hlt    
  0x000077b45803120c:   hlt    
  0x000077b45803120d:   hlt    
  0x000077b45803120e:   hlt    
  0x000077b45803120f:   hlt    
[Stub Code]
  0x000077b458031210:   movabs $0x0,%rbx                    ;   {static_stub}
  0x000077b45803121a:   jmp    0x000077b45803121a           ;   {runtime_call nmethod}
[Exception Handler]
  0x000077b45803121f:   call   0x000077b45f57ede0           ;   {runtime_call handle_exception_from_callee_blob (C1 runtime)}
  0x000077b458031224:   movabs $0x77b478d3aec4,%rdi         ;   {external_word}
  0x000077b45803122e:   and    $0xfffffffffffffff0,%rsp
  0x000077b458031232:   call   0x000077b478791cc0           ;   {runtime_call MacroAssembler::debug64(char*, long, long*)}
  0x000077b458031237:   hlt    
  0x000077b458031238:   call   0x000077b45f4afe60           ;   {runtime_call DeoptimizationBlob}
[Deopt Handler Entry Point]
  0x000077b45803123d:   jmp    0x000077b458031238
  0x000077b45803123f:   hlt    
--------------------------------------------------------------------------------
[/Disassembly]
