
============================= C1-compiled nmethod ==============================
----------------------------------- Assembly -----------------------------------

Compiled method (c1) 5563  276       3       java.util.Arrays::rangeCheck (74 bytes)
 total in heap  [0x000077b458032788,0x000077b4580334c0] = 3384
 main code      [0x000077b458032880,0x000077b4580333f8] = 2936
 stub code      [0x000077b4580333f8,0x000077b4580334a8] = 176
 oops           [0x000077b4580334a8,0x000077b4580334c0] = 24
 mutable data [0x000077b3fc05ed50,0x000077b3fc05eec0] = 368
 relocation     [0x000077b3fc05ed50,0x000077b3fc05ee88] = 312
 metadata       [0x000077b3fc05ee88,0x000077b3fc05eec0] = 56
 immutable data [0x000077b3fc05e6d0,0x000077b3fc05ed3c] = 1644
 dependencies   [0x000077b3fc05e6d0,0x000077b3fc05e6e0] = 16
 scopes pcs     [0x000077b3fc05e6e0,0x000077b3fc05eaf0] = 1040
 scopes data    [0x000077b3fc05eaf0,0x000077b3fc05ed38] = 584

[Disassembly]
--------------------------------------------------------------------------------
[Constant Pool (empty)]

--------------------------------------------------------------------------------

[Verified Entry Point]
  # {method} {0x0000000046489e80} &apos;rangeCheck&apos; &apos;(III)V&apos; in &apos;java/util/Arrays&apos;
  # parm0:    rsi       = int
  # parm1:    rdx       = int
  # parm2:    rcx       = int
  #           [sp+0xc0]  (sp of caller)
  0x000077b458032880:   mov    %eax,-0x14000(%rsp)
  0x000077b458032887:   push   %rbp
  0x000077b458032888:   sub    $0xb0,%rsp
  0x000077b45803288f:   nop
  0x000077b458032890:   cmpl   $0x1,0x20(%r15)
  0x000077b458032898:   je     0x000077b45803289f
  0x000077b45803289a:   call   Stub::method_entry_barrier_stub (stub gen)
                                                            ;   {runtime_call Stub::method_entry_barrier_stub (stub gen)}
  0x000077b45803289f:   movabs $0x77b4140bdb30,%rdi         ;   {metadata(method data for {method} {0x0000000046489e80} &apos;rangeCheck&apos; &apos;(III)V&apos; in &apos;java/util/Arrays&apos;)}
  0x000077b4580328a9:   mov    0x90(%rdi),%eax
  0x000077b4580328af:   add    $0x2,%eax
  0x000077b4580328b2:   mov    %eax,0x90(%rdi)
  0x000077b4580328b8:   and    $0x7fe,%eax
  0x000077b4580328bd:   test   %eax,%eax
  0x000077b4580328bf:   je     0x000077b4580331e9           ;*iload_1 {reexecute=0 rethrow=0 return_oop=0}
                                                            ; - java.util.Arrays::rangeCheck@0 (line 717)
  0x000077b4580328c5:   cmp    %ecx,%edx
  0x000077b4580328c7:   movabs $0x77b4140bdb30,%rdi         ;   {metadata(method data for {method} {0x0000000046489e80} &apos;rangeCheck&apos; &apos;(III)V&apos; in &apos;java/util/Arrays&apos;)}
  0x000077b4580328d1:   mov    $0xd8,%eax
  0x000077b4580328d6:   jle    0x000077b4580328dd
  0x000077b4580328d8:   mov    $0xe8,%eax
  0x000077b4580328dd:   mov    (%rdi,%rax,1),%rbx
  0x000077b4580328e1:   lea    0x1(%rbx),%rbx
  0x000077b4580328e5:   mov    %rbx,(%rdi,%rax,1)
  0x000077b4580328e9:   mov    %ecx,0x7c(%rsp)
  0x000077b4580328ed:   jle    0x000077b458032f72           ;*if_icmple {reexecute=0 rethrow=0 return_oop=0}
                                                            ; - java.util.Arrays::rangeCheck@2 (line 717)
  0x000077b4580328f3:   mov    %edx,0x78(%rsp)
  0x000077b4580328f7:   nop
  0x000077b4580328f8:   jmp    0x000077b458033219           ;   {other}
  0x000077b4580328fd:   add    %al,(%rax)
  0x000077b4580328ff:   add    %al,(%rax)
  0x000077b458032901:   add    %cl,-0x75(%rcx)
  0x000077b458032904:   xchg   %esi,0x48000001(%rax)
  0x000077b45803290a:   lea    0x28(%rax),%edi
  0x000077b45803290d:   cmp    0x1c0(%r15),%rdi
  0x000077b458032914:   ja     0x000077b458033223
  0x000077b45803291a:   mov    %rdi,0x1b0(%r15)
  0x000077b458032921:   movq   $0x1,(%rax)
  0x000077b458032928:   mov    %rdx,%rcx
  0x000077b45803292b:   mov    $0x46000000,%r10d
  0x000077b458032931:   sub    %r10,%rcx
  0x000077b458032934:   mov    %ecx,0x8(%rax)
  0x000077b458032937:   xor    %rcx,%rcx
  0x000077b45803293a:   mov    %ecx,0xc(%rax)
  0x000077b45803293d:   xor    %rcx,%rcx
  0x000077b458032940:   mov    %rcx,0x10(%rax)
  0x000077b458032944:   mov    %rcx,0x18(%rax)
  0x000077b458032948:   mov    %rcx,0x20(%rax)              ;*new {reexecute=0 rethrow=0 return_oop=0}
                                                            ; - java.util.Arrays::rangeCheck@5 (line 718)
  0x000077b45803294c:   mov    %rax,0x80(%rsp)
  0x000077b458032954:   nopl   0x0(%rax)
  0x000077b458032958:   jmp    0x000077b45803323f           ;   {other}
  0x000077b45803295d:   add    %al,(%rax)
  0x000077b45803295f:   add    %al,(%rax)
  0x000077b458032961:   add    %cl,-0x75(%rcx)
  0x000077b458032964:   xchg   %esi,0x48000001(%rax)
  0x000077b45803296a:   lea    0x18(%rax),%edi
  0x000077b45803296d:   cmp    0x1c0(%r15),%rdi
  0x000077b458032974:   ja     0x000077b458033249
  0x000077b45803297a:   mov    %rdi,0x1b0(%r15)
  0x000077b458032981:   movq   $0x1,(%rax)
  0x000077b458032988:   mov    %rdx,%rcx
  0x000077b45803298b:   mov    $0x46000000,%r10d
  0x000077b458032991:   sub    %r10,%rcx
  0x000077b458032994:   mov    %ecx,0x8(%rax)
  0x000077b458032997:   xor    %rcx,%rcx
  0x000077b45803299a:   mov    %ecx,0xc(%rax)
  0x000077b45803299d:   xor    %rcx,%rcx
  0x000077b4580329a0:   mov    %rcx,0x10(%rax)              ;*new {reexecute=0 rethrow=0 return_oop=0}
                                                            ; - java.util.Arrays::rangeCheck@9 (line 718)
  0x000077b4580329a4:   mov    %rax,%rdx
  0x000077b4580329a7:   movabs $0x77b4140bdb30,%rsi         ;   {metadata(method data for {method} {0x0000000046489e80} &apos;rangeCheck&apos; &apos;(III)V&apos; in &apos;java/util/Arrays&apos;)}
  0x000077b4580329b1:   addq   $0x1,0xf8(%rsi)
  0x000077b4580329b9:   movabs $0x77b41401a9e8,%rdx         ;   {metadata(method data for {method} {0x00000000461ba900} &apos;&lt;init&gt;&apos; &apos;()V&apos; in &apos;java/lang/StringBuilder&apos;)}
  0x000077b4580329c3:   mov    0x90(%rdx),%esi
  0x000077b4580329c9:   add    $0x2,%esi
  0x000077b4580329cc:   mov    %esi,0x90(%rdx)
  0x000077b4580329d2:   and    $0x1ffffe,%esi
  0x000077b4580329d8:   test   %esi,%esi
  0x000077b4580329da:   je     0x000077b458033256
  0x000077b4580329e0:   mov    %rax,%rdx
  0x000077b4580329e3:   movabs $0x77b41401a9e8,%rsi         ;   {metadata(method data for {method} {0x00000000461ba900} &apos;&lt;init&gt;&apos; &apos;()V&apos; in &apos;java/lang/StringBuilder&apos;)}
  0x000077b4580329ed:   addq   $0x1,0xd8(%rsi)
  0x000077b4580329f5:   mov    $0x10,%edx
  0x000077b4580329fa:   mov    %rax,%rsi                    ;*invokespecial &lt;init&gt; {reexecute=0 rethrow=0 return_oop=0}
                                                            ; - java.lang.StringBuilder::&lt;init&gt;@3 (line 106)
                                                            ; - java.util.Arrays::rangeCheck@13 (line 718)
  0x000077b4580329fd:   mov    %rax,0x70(%rsp)
  0x000077b458032a02:   nopl   0x0(%rax,%rax,1)
  0x000077b458032a07:   call   0x000077b45f4ad9e0           ; ImmutableOopMap {[112]=Oop [128]=Oop }
                                                            ;*invokespecial &lt;init&gt; {reexecute=0 rethrow=0 return_oop=0}
                                                            ; - java.lang.StringBuilder::&lt;init&gt;@3 (line 106)
                                                            ; - java.util.Arrays::rangeCheck@13 (line 718)
                                                            ;   {optimized virtual_call}
  0x000077b458032a0c:   nopl   0x284(%rax,%rax,1)           ;*invokespecial &lt;init&gt; {reexecute=0 rethrow=0 return_oop=0}
                                                            ; - java.lang.StringBuilder::&lt;init&gt;@3 (line 106)
                                                            ; - java.util.Arrays::rangeCheck@13 (line 718)
                                                            ;   {post_call_nop}
  0x000077b458032a14:   mov    0x70(%rsp),%rax
  0x000077b458032a19:   movabs $0x77b4140bdb30,%rdx         ;   {metadata(method data for {method} {0x0000000046489e80} &apos;rangeCheck&apos; &apos;(III)V&apos; in &apos;java/util/Arrays&apos;)}
  0x000077b458032a23:   mov    0x8(%rax),%eax
  0x000077b458032a26:   mov    $0x46000000,%r10d
  0x000077b458032a2c:   add    %r10,%rax
  0x000077b458032a2f:   mov    $0x22,%r10d
  0x000077b458032a35:   cmp    (%rdx,%r10,8),%rax
  0x000077b458032a39:   je     0x000077b458032a78
  0x000077b458032a3b:   add    $0x2,%r10
  0x000077b458032a3f:   cmp    $0x26,%r10
  0x000077b458032a43:   jne    0x000077b458032a35
  0x000077b458032a45:   mov    $0x22,%r10d
  0x000077b458032a4b:   cmpq   $0x0,(%rdx,%r10,8)
  0x000077b458032a50:   je     0x000077b458032a5e
  0x000077b458032a52:   add    $0x2,%r10
  0x000077b458032a56:   cmp    $0x26,%r10
  0x000077b458032a5a:   jne    0x000077b458032a4b
  0x000077b458032a5c:   jmp    0x000077b458032a70
  0x000077b458032a5e:   push   %rbx
  0x000077b458032a5f:   mov    %rax,%rbx
  0x000077b458032a62:   xor    %rax,%rax
  0x000077b458032a65:   cmpxchg %rbx,(%rdx,%r10,8)
  0x000077b458032a6a:   mov    %rbx,%rax
  0x000077b458032a6d:   pop    %rbx
  0x000077b458032a6e:   jmp    0x000077b458032a2f
  0x000077b458032a70:   mov    $0x21,%r10d
  0x000077b458032a76:   jmp    0x000077b458032a7c
  0x000077b458032a78:   add    $0x1,%r10
  0x000077b458032a7c:   addq   $0x1,(%rdx,%r10,8)
  0x000077b458032a81:   movabs $0x77b41401b028,%rdx         ;   {metadata(method data for {method} {0x00000000461bab10} &apos;append&apos; &apos;(Ljava/lang/String;)Ljava/lang/StringBuilder;&apos; in &apos;java/lang/StringBuilder&apos;)}
  0x000077b458032a8b:   mov    0x90(%rdx),%esi
  0x000077b458032a91:   add    $0x2,%esi
  0x000077b458032a94:   mov    %esi,0x90(%rdx)
  0x000077b458032a9a:   and    $0x1ffffe,%esi
  0x000077b458032aa0:   test   %esi,%esi
  0x000077b458032aa2:   je     0x000077b458033277
  0x000077b458032aa8:   mov    0x70(%rsp),%rax
  0x000077b458032aad:   movabs $0x77b41401b028,%rdx         ;   {metadata(method data for {method} {0x00000000461bab10} &apos;append&apos; &apos;(Ljava/lang/String;)Ljava/lang/StringBuilder;&apos; in &apos;java/lang/StringBuilder&apos;)}
  0x000077b458032ab7:   addq   $0x1,0xd8(%rdx)
  0x000077b458032abf:   movabs $0x7ff845268,%rdx            ;   {oop(&quot;fromIndex(&quot;{0x00000007ff845268})}
  0x000077b458032ac9:   mov    0x70(%rsp),%rsi              ;*invokespecial append {reexecute=0 rethrow=0 return_oop=0}
                                                            ; - java.lang.StringBuilder::append@2 (line 179)
                                                            ; - java.util.Arrays::rangeCheck@18 (line 718)
  0x000077b458032ace:   nop
  0x000077b458032acf:   call   0x000077b45f4ad9e0           ; ImmutableOopMap {[112]=Oop [128]=Oop }
                                                            ;*invokespecial append {reexecute=0 rethrow=0 return_oop=0}
                                                            ; - java.lang.StringBuilder::append@2 (line 179)
                                                            ; - java.util.Arrays::rangeCheck@18 (line 718)
                                                            ;   {optimized virtual_call}
  0x000077b458032ad4:   nopl   0x100034c(%rax,%rax,1)       ;*invokespecial append {reexecute=0 rethrow=0 return_oop=0}
                                                            ; - java.lang.StringBuilder::append@2 (line 179)
                                                            ; - java.util.Arrays::rangeCheck@18 (line 718)
                                                            ;   {post_call_nop}
  0x000077b458032adc:   mov    0x70(%rsp),%rax
  0x000077b458032ae1:   movabs $0x77b4140bdb30,%rdx         ;   {metadata(method data for {method} {0x0000000046489e80} &apos;rangeCheck&apos; &apos;(III)V&apos; in &apos;java/util/Arrays&apos;)}
  0x000077b458032aeb:   mov    0x8(%rax),%eax
  0x000077b458032aee:   mov    $0x46000000,%r10d
  0x000077b458032af4:   add    %r10,%rax
  0x000077b458032af7:   mov    $0x28,%r10d
  0x000077b458032afd:   cmp    (%rdx,%r10,8),%rax
  0x000077b458032b01:   je     0x000077b458032b40
  0x000077b458032b03:   add    $0x2,%r10
  0x000077b458032b07:   cmp    $0x2c,%r10
  0x000077b458032b0b:   jne    0x000077b458032afd
  0x000077b458032b0d:   mov    $0x28,%r10d
  0x000077b458032b13:   cmpq   $0x0,(%rdx,%r10,8)
  0x000077b458032b18:   je     0x000077b458032b26
  0x000077b458032b1a:   add    $0x2,%r10
  0x000077b458032b1e:   cmp    $0x2c,%r10
  0x000077b458032b22:   jne    0x000077b458032b13
  0x000077b458032b24:   jmp    0x000077b458032b38
  0x000077b458032b26:   push   %rbx
  0x000077b458032b27:   mov    %rax,%rbx
  0x000077b458032b2a:   xor    %rax,%rax
  0x000077b458032b2d:   cmpxchg %rbx,(%rdx,%r10,8)
  0x000077b458032b32:   mov    %rbx,%rax
  0x000077b458032b35:   pop    %rbx
  0x000077b458032b36:   jmp    0x000077b458032af7
  0x000077b458032b38:   mov    $0x27,%r10d
  0x000077b458032b3e:   jmp    0x000077b458032b44
  0x000077b458032b40:   add    $0x1,%r10
  0x000077b458032b44:   addq   $0x1,(%rdx,%r10,8)
  0x000077b458032b49:   movabs $0x77b41401b480,%rdx         ;   {metadata(method data for {method} {0x00000000461bad78} &apos;append&apos; &apos;(I)Ljava/lang/StringBuilder;&apos; in &apos;java/lang/StringBuilder&apos;)}
  0x000077b458032b53:   mov    0x90(%rdx),%esi
  0x000077b458032b59:   add    $0x2,%esi
  0x000077b458032b5c:   mov    %esi,0x90(%rdx)
  0x000077b458032b62:   and    $0x1ffffe,%esi
  0x000077b458032b68:   test   %esi,%esi
  0x000077b458032b6a:   je     0x000077b458033298
  0x000077b458032b70:   mov    0x70(%rsp),%rax
  0x000077b458032b75:   movabs $0x77b41401b480,%rdx         ;   {metadata(method data for {method} {0x00000000461bad78} &apos;append&apos; &apos;(I)Ljava/lang/StringBuilder;&apos; in &apos;java/lang/StringBuilder&apos;)}
  0x000077b458032b7f:   addq   $0x1,0xd8(%rdx)
  0x000077b458032b87:   mov    0x78(%rsp),%edx
  0x000077b458032b8b:   mov    0x70(%rsp),%rsi              ;*invokespecial append {reexecute=0 rethrow=0 return_oop=0}
                                                            ; - java.lang.StringBuilder::append@2 (line 253)
                                                            ; - java.util.Arrays::rangeCheck@22 (line 718)
  0x000077b458032b90:   nopl   0x0(%rax)
  0x000077b458032b97:   call   0x000077b45f4ad9e0           ; ImmutableOopMap {[112]=Oop [128]=Oop }
                                                            ;*invokespecial append {reexecute=0 rethrow=0 return_oop=0}
                                                            ; - java.lang.StringBuilder::append@2 (line 253)
                                                            ; - java.util.Arrays::rangeCheck@22 (line 718)
                                                            ;   {optimized virtual_call}
  0x000077b458032b9c:   nopl   0x2000414(%rax,%rax,1)       ;*invokespecial append {reexecute=0 rethrow=0 return_oop=0}
                                                            ; - java.lang.StringBuilder::append@2 (line 253)
                                                            ; - java.util.Arrays::rangeCheck@22 (line 718)
                                                            ;   {post_call_nop}
  0x000077b458032ba4:   mov    0x70(%rsp),%rax
  0x000077b458032ba9:   movabs $0x77b4140bdb30,%rdx         ;   {metadata(method data for {method} {0x0000000046489e80} &apos;rangeCheck&apos; &apos;(III)V&apos; in &apos;java/util/Arrays&apos;)}
  0x000077b458032bb3:   mov    0x8(%rax),%eax
  0x000077b458032bb6:   mov    $0x46000000,%r10d
  0x000077b458032bbc:   add    %r10,%rax
  0x000077b458032bbf:   mov    $0x2e,%r10d
  0x000077b458032bc5:   cmp    (%rdx,%r10,8),%rax
  0x000077b458032bc9:   je     0x000077b458032c08
  0x000077b458032bcb:   add    $0x2,%r10
  0x000077b458032bcf:   cmp    $0x32,%r10
  0x000077b458032bd3:   jne    0x000077b458032bc5
  0x000077b458032bd5:   mov    $0x2e,%r10d
  0x000077b458032bdb:   cmpq   $0x0,(%rdx,%r10,8)
  0x000077b458032be0:   je     0x000077b458032bee
  0x000077b458032be2:   add    $0x2,%r10
  0x000077b458032be6:   cmp    $0x32,%r10
  0x000077b458032bea:   jne    0x000077b458032bdb
  0x000077b458032bec:   jmp    0x000077b458032c00
  0x000077b458032bee:   push   %rbx
  0x000077b458032bef:   mov    %rax,%rbx
  0x000077b458032bf2:   xor    %rax,%rax
  0x000077b458032bf5:   cmpxchg %rbx,(%rdx,%r10,8)
  0x000077b458032bfa:   mov    %rbx,%rax
  0x000077b458032bfd:   pop    %rbx
  0x000077b458032bfe:   jmp    0x000077b458032bbf
  0x000077b458032c00:   mov    $0x2d,%r10d
  0x000077b458032c06:   jmp    0x000077b458032c0c
  0x000077b458032c08:   add    $0x1,%r10
  0x000077b458032c0c:   addq   $0x1,(%rdx,%r10,8)
  0x000077b458032c11:   movabs $0x77b41401b028,%rdx         ;   {metadata(method data for {method} {0x00000000461bab10} &apos;append&apos; &apos;(Ljava/lang/String;)Ljava/lang/StringBuilder;&apos; in &apos;java/lang/StringBuilder&apos;)}
  0x000077b458032c1b:   mov    0x90(%rdx),%esi
  0x000077b458032c21:   add    $0x2,%esi
  0x000077b458032c24:   mov    %esi,0x90(%rdx)
  0x000077b458032c2a:   and    $0x1ffffe,%esi
  0x000077b458032c30:   test   %esi,%esi
  0x000077b458032c32:   je     0x000077b4580332b9
  0x000077b458032c38:   mov    0x70(%rsp),%rax
  0x000077b458032c3d:   movabs $0x77b41401b028,%rdx         ;   {metadata(method data for {method} {0x00000000461bab10} &apos;append&apos; &apos;(Ljava/lang/String;)Ljava/lang/StringBuilder;&apos; in &apos;java/lang/StringBuilder&apos;)}
  0x000077b458032c47:   addq   $0x1,0xd8(%rdx)
  0x000077b458032c4f:   movabs $0x7ff845280,%rdx            ;   {oop(&quot;) &gt; toIndex(&quot;{0x00000007ff845280})}
  0x000077b458032c59:   mov    0x70(%rsp),%rsi              ;*invokespecial append {reexecute=0 rethrow=0 return_oop=0}
                                                            ; - java.lang.StringBuilder::append@2 (line 179)
                                                            ; - java.util.Arrays::rangeCheck@27 (line 718)
  0x000077b458032c5e:   nop
  0x000077b458032c5f:   call   0x000077b45f4ad9e0           ; ImmutableOopMap {[112]=Oop [128]=Oop }
                                                            ;*invokespecial append {reexecute=0 rethrow=0 return_oop=0}
                                                            ; - java.lang.StringBuilder::append@2 (line 179)
                                                            ; - java.util.Arrays::rangeCheck@27 (line 718)
                                                            ;   {optimized virtual_call}
  0x000077b458032c64:   nopl   0x30004dc(%rax,%rax,1)       ;*invokespecial append {reexecute=0 rethrow=0 return_oop=0}
                                                            ; - java.lang.StringBuilder::append@2 (line 179)
                                                            ; - java.util.Arrays::rangeCheck@27 (line 718)
                                                            ;   {post_call_nop}
  0x000077b458032c6c:   mov    0x70(%rsp),%rax
  0x000077b458032c71:   movabs $0x77b4140bdb30,%rdx         ;   {metadata(method data for {method} {0x0000000046489e80} &apos;rangeCheck&apos; &apos;(III)V&apos; in &apos;java/util/Arrays&apos;)}
  0x000077b458032c7b:   mov    0x8(%rax),%eax
  0x000077b458032c7e:   mov    $0x46000000,%r10d
  0x000077b458032c84:   add    %r10,%rax
  0x000077b458032c87:   mov    $0x34,%r10d
  0x000077b458032c8d:   cmp    (%rdx,%r10,8),%rax
  0x000077b458032c91:   je     0x000077b458032cd0
  0x000077b458032c93:   add    $0x2,%r10
  0x000077b458032c97:   cmp    $0x38,%r10
  0x000077b458032c9b:   jne    0x000077b458032c8d
  0x000077b458032c9d:   mov    $0x34,%r10d
  0x000077b458032ca3:   cmpq   $0x0,(%rdx,%r10,8)
  0x000077b458032ca8:   je     0x000077b458032cb6
  0x000077b458032caa:   add    $0x2,%r10
  0x000077b458032cae:   cmp    $0x38,%r10
  0x000077b458032cb2:   jne    0x000077b458032ca3
  0x000077b458032cb4:   jmp    0x000077b458032cc8
  0x000077b458032cb6:   push   %rbx
  0x000077b458032cb7:   mov    %rax,%rbx
  0x000077b458032cba:   xor    %rax,%rax
  0x000077b458032cbd:   cmpxchg %rbx,(%rdx,%r10,8)
  0x000077b458032cc2:   mov    %rbx,%rax
  0x000077b458032cc5:   pop    %rbx
  0x000077b458032cc6:   jmp    0x000077b458032c87
  0x000077b458032cc8:   mov    $0x33,%r10d
  0x000077b458032cce:   jmp    0x000077b458032cd4
  0x000077b458032cd0:   add    $0x1,%r10
  0x000077b458032cd4:   addq   $0x1,(%rdx,%r10,8)
  0x000077b458032cd9:   movabs $0x77b41401b480,%rdx         ;   {metadata(method data for {method} {0x00000000461bad78} &apos;append&apos; &apos;(I)Ljava/lang/StringBuilder;&apos; in &apos;java/lang/StringBuilder&apos;)}
  0x000077b458032ce3:   mov    0x90(%rdx),%esi
  0x000077b458032ce9:   add    $0x2,%esi
  0x000077b458032cec:   mov    %esi,0x90(%rdx)
  0x000077b458032cf2:   and    $0x1ffffe,%esi
  0x000077b458032cf8:   test   %esi,%esi
  0x000077b458032cfa:   je     0x000077b4580332da
  0x000077b458032d00:   mov    0x70(%rsp),%rax
  0x000077b458032d05:   movabs $0x77b41401b480,%rdx         ;   {metadata(method data for {method} {0x00000000461bad78} &apos;append&apos; &apos;(I)Ljava/lang/StringBuilder;&apos; in &apos;java/lang/StringBuilder&apos;)}
  0x000077b458032d0f:   addq   $0x1,0xd8(%rdx)
  0x000077b458032d17:   mov    0x7c(%rsp),%edx
  0x000077b458032d1b:   mov    0x70(%rsp),%rsi              ;*invokespecial append {reexecute=0 rethrow=0 return_oop=0}
                                                            ; - java.lang.StringBuilder::append@2 (line 253)
                                                            ; - java.util.Arrays::rangeCheck@31 (line 718)
  0x000077b458032d20:   nopl   0x0(%rax)
  0x000077b458032d27:   call   0x000077b45f4ad9e0           ; ImmutableOopMap {[112]=Oop [128]=Oop }
                                                            ;*invokespecial append {reexecute=0 rethrow=0 return_oop=0}
                                                            ; - java.lang.StringBuilder::append@2 (line 253)
                                                            ; - java.util.Arrays::rangeCheck@31 (line 718)
                                                            ;   {optimized virtual_call}
  0x000077b458032d2c:   nopl   0x40005a4(%rax,%rax,1)       ;*invokespecial append {reexecute=0 rethrow=0 return_oop=0}
                                                            ; - java.lang.StringBuilder::append@2 (line 253)
                                                            ; - java.util.Arrays::rangeCheck@31 (line 718)
                                                            ;   {post_call_nop}
  0x000077b458032d34:   mov    0x70(%rsp),%rax
  0x000077b458032d39:   movabs $0x77b4140bdb30,%rdx         ;   {metadata(method data for {method} {0x0000000046489e80} &apos;rangeCheck&apos; &apos;(III)V&apos; in &apos;java/util/Arrays&apos;)}
  0x000077b458032d43:   mov    0x8(%rax),%eax
  0x000077b458032d46:   mov    $0x46000000,%r10d
  0x000077b458032d4c:   add    %r10,%rax
  0x000077b458032d4f:   mov    $0x3a,%r10d
  0x000077b458032d55:   cmp    (%rdx,%r10,8),%rax
  0x000077b458032d59:   je     0x000077b458032d98
  0x000077b458032d5b:   add    $0x2,%r10
  0x000077b458032d5f:   cmp    $0x3e,%r10
  0x000077b458032d63:   jne    0x000077b458032d55
  0x000077b458032d65:   mov    $0x3a,%r10d
  0x000077b458032d6b:   cmpq   $0x0,(%rdx,%r10,8)
  0x000077b458032d70:   je     0x000077b458032d7e
  0x000077b458032d72:   add    $0x2,%r10
  0x000077b458032d76:   cmp    $0x3e,%r10
  0x000077b458032d7a:   jne    0x000077b458032d6b
  0x000077b458032d7c:   jmp    0x000077b458032d90
  0x000077b458032d7e:   push   %rbx
  0x000077b458032d7f:   mov    %rax,%rbx
  0x000077b458032d82:   xor    %rax,%rax
  0x000077b458032d85:   cmpxchg %rbx,(%rdx,%r10,8)
  0x000077b458032d8a:   mov    %rbx,%rax
  0x000077b458032d8d:   pop    %rbx
  0x000077b458032d8e:   jmp    0x000077b458032d4f
  0x000077b458032d90:   mov    $0x39,%r10d
  0x000077b458032d96:   jmp    0x000077b458032d9c
  0x000077b458032d98:   add    $0x1,%r10
  0x000077b458032d9c:   addq   $0x1,(%rdx,%r10,8)
  0x000077b458032da1:   movabs $0x77b41401b028,%rdx         ;   {metadata(method data for {method} {0x00000000461bab10} &apos;append&apos; &apos;(Ljava/lang/String;)Ljava/lang/StringBuilder;&apos; in &apos;java/lang/StringBuilder&apos;)}
  0x000077b458032dab:   mov    0x90(%rdx),%esi
  0x000077b458032db1:   add    $0x2,%esi
  0x000077b458032db4:   mov    %esi,0x90(%rdx)
  0x000077b458032dba:   and    $0x1ffffe,%esi
  0x000077b458032dc0:   test   %esi,%esi
  0x000077b458032dc2:   je     0x000077b4580332fb
  0x000077b458032dc8:   mov    0x70(%rsp),%rax
  0x000077b458032dcd:   movabs $0x77b41401b028,%rdx         ;   {metadata(method data for {method} {0x00000000461bab10} &apos;append&apos; &apos;(Ljava/lang/String;)Ljava/lang/StringBuilder;&apos; in &apos;java/lang/StringBuilder&apos;)}
  0x000077b458032dd7:   addq   $0x1,0xd8(%rdx)
  0x000077b458032ddf:   movabs $0x7ff83b688,%rdx            ;   {oop(&quot;)&quot;{0x00000007ff83b688})}
  0x000077b458032de9:   mov    0x70(%rsp),%rsi              ;*invokespecial append {reexecute=0 rethrow=0 return_oop=0}
                                                            ; - java.lang.StringBuilder::append@2 (line 179)
                                                            ; - java.util.Arrays::rangeCheck@36 (line 718)
  0x000077b458032dee:   nop
  0x000077b458032def:   call   0x000077b45f4ad9e0           ; ImmutableOopMap {[112]=Oop [128]=Oop }
                                                            ;*invokespecial append {reexecute=0 rethrow=0 return_oop=0}
                                                            ; - java.lang.StringBuilder::append@2 (line 179)
                                                            ; - java.util.Arrays::rangeCheck@36 (line 718)
                                                            ;   {optimized virtual_call}
  0x000077b458032df4:   nopl   0x500066c(%rax,%rax,1)       ;*invokespecial append {reexecute=0 rethrow=0 return_oop=0}
                                                            ; - java.lang.StringBuilder::append@2 (line 179)
                                                            ; - java.util.Arrays::rangeCheck@36 (line 718)
                                                            ;   {post_call_nop}
  0x000077b458032dfc:   mov    0x70(%rsp),%rax
  0x000077b458032e01:   movabs $0x77b4140bdb30,%rdx         ;   {metadata(method data for {method} {0x0000000046489e80} &apos;rangeCheck&apos; &apos;(III)V&apos; in &apos;java/util/Arrays&apos;)}
  0x000077b458032e0b:   mov    0x8(%rax),%eax
  0x000077b458032e0e:   mov    $0x46000000,%r10d
  0x000077b458032e14:   add    %r10,%rax
  0x000077b458032e17:   mov    $0x40,%r10d
  0x000077b458032e1d:   cmp    (%rdx,%r10,8),%rax
  0x000077b458032e21:   je     0x000077b458032e60
  0x000077b458032e23:   add    $0x2,%r10
  0x000077b458032e27:   cmp    $0x44,%r10
  0x000077b458032e2b:   jne    0x000077b458032e1d
  0x000077b458032e2d:   mov    $0x40,%r10d
  0x000077b458032e33:   cmpq   $0x0,(%rdx,%r10,8)
  0x000077b458032e38:   je     0x000077b458032e46
  0x000077b458032e3a:   add    $0x2,%r10
  0x000077b458032e3e:   cmp    $0x44,%r10
  0x000077b458032e42:   jne    0x000077b458032e33
  0x000077b458032e44:   jmp    0x000077b458032e58
  0x000077b458032e46:   push   %rbx
  0x000077b458032e47:   mov    %rax,%rbx
  0x000077b458032e4a:   xor    %rax,%rax
  0x000077b458032e4d:   cmpxchg %rbx,(%rdx,%r10,8)
  0x000077b458032e52:   mov    %rbx,%rax
  0x000077b458032e55:   pop    %rbx
  0x000077b458032e56:   jmp    0x000077b458032e17
  0x000077b458032e58:   mov    $0x3f,%r10d
  0x000077b458032e5e:   jmp    0x000077b458032e64
  0x000077b458032e60:   add    $0x1,%r10
  0x000077b458032e64:   addq   $0x1,(%rdx,%r10,8)
  0x000077b458032e69:   movabs $0x77b41401b880,%rdx         ;   {metadata(method data for {method} {0x00000000461b93a0} &apos;toString&apos; &apos;()Ljava/lang/String;&apos; in &apos;java/lang/StringBuilder&apos;)}
  0x000077b458032e73:   mov    0x90(%rdx),%esi
  0x000077b458032e79:   add    $0x2,%esi
  0x000077b458032e7c:   mov    %esi,0x90(%rdx)
  0x000077b458032e82:   and    $0x1ffffe,%esi
  0x000077b458032e88:   test   %esi,%esi
  0x000077b458032e8a:   je     0x000077b45803331c
  0x000077b458032e90:   mov    0x70(%rsp),%rax
  0x000077b458032e95:   movabs $0x77b41401b880,%rdx         ;   {metadata(method data for {method} {0x00000000461b93a0} &apos;toString&apos; &apos;()Ljava/lang/String;&apos; in &apos;java/lang/StringBuilder&apos;)}
  0x000077b458032e9f:   mov    0x8(%rax),%eax
  0x000077b458032ea2:   mov    $0x46000000,%r10d
  0x000077b458032ea8:   add    %r10,%rax
  0x000077b458032eab:   mov    $0x1c,%r10d
  0x000077b458032eb1:   cmp    (%rdx,%r10,8),%rax
  0x000077b458032eb5:   je     0x000077b458032ef4
  0x000077b458032eb7:   add    $0x2,%r10
  0x000077b458032ebb:   cmp    $0x20,%r10
  0x000077b458032ebf:   jne    0x000077b458032eb1
  0x000077b458032ec1:   mov    $0x1c,%r10d
  0x000077b458032ec7:   cmpq   $0x0,(%rdx,%r10,8)
  0x000077b458032ecc:   je     0x000077b458032eda
  0x000077b458032ece:   add    $0x2,%r10
  0x000077b458032ed2:   cmp    $0x20,%r10
  0x000077b458032ed6:   jne    0x000077b458032ec7
  0x000077b458032ed8:   jmp    0x000077b458032eec
  0x000077b458032eda:   push   %rbx
  0x000077b458032edb:   mov    %rax,%rbx
  0x000077b458032ede:   xor    %rax,%rax
  0x000077b458032ee1:   cmpxchg %rbx,(%rdx,%r10,8)
  0x000077b458032ee6:   mov    %rbx,%rax
  0x000077b458032ee9:   pop    %rbx
  0x000077b458032eea:   jmp    0x000077b458032eab
  0x000077b458032eec:   mov    $0x1b,%r10d
  0x000077b458032ef2:   jmp    0x000077b458032ef8
  0x000077b458032ef4:   add    $0x1,%r10
  0x000077b458032ef8:   addq   $0x1,(%rdx,%r10,8)
  0x000077b458032efd:   movabs $0x77b41401ba78,%rdx         ;   {metadata(method data for {method} {0x00000000461b94b8} &apos;length&apos; &apos;()I&apos; in &apos;java/lang/StringBuilder&apos;)}
  0x000077b458032f07:   mov    0x90(%rdx),%esi
  0x000077b458032f0d:   add    $0x2,%esi
  0x000077b458032f10:   mov    %esi,0x90(%rdx)
  0x000077b458032f16:   and    $0x1ffffe,%esi
  0x000077b458032f1c:   test   %esi,%esi
  0x000077b458032f1e:   je     0x000077b45803333d
  0x000077b458032f24:   mov    0x70(%rsp),%rax
  0x000077b458032f29:   movabs $0x77b41401ba78,%rdx         ;   {metadata(method data for {method} {0x00000000461b94b8} &apos;length&apos; &apos;()I&apos; in &apos;java/lang/StringBuilder&apos;)}
  0x000077b458032f33:   addq   $0x1,0xd8(%rdx)
  0x000077b458032f3b:   mov    0x70(%rsp),%rbx
  0x000077b458032f40:   mov    0xc(%rbx),%edx               ;*getfield count {reexecute=0 rethrow=0 return_oop=0}
                                                            ; - java.lang.AbstractStringBuilder::length@1 (line 199)
                                                            ; - java.lang.StringBuilder::length@1 (line 91)
                                                            ; - java.lang.StringBuilder::toString@1 (line 474)
                                                            ; - java.util.Arrays::rangeCheck@39 (line 718)
  0x000077b458032f43:   test   %edx,%edx
  0x000077b458032f45:   movabs $0x77b41401b880,%rdx         ;   {metadata(method data for {method} {0x00000000461b93a0} &apos;toString&apos; &apos;()Ljava/lang/String;&apos; in &apos;java/lang/StringBuilder&apos;)}
  0x000077b458032f4f:   mov    $0x108,%esi
  0x000077b458032f54:   jne    0x000077b458032f5b
  0x000077b458032f56:   mov    $0x118,%esi
  0x000077b458032f5b:   mov    (%rdx,%rsi,1),%rdi
  0x000077b458032f5f:   lea    0x1(%rdi),%rdi
  0x000077b458032f63:   mov    %rdi,(%rdx,%rsi,1)
  0x000077b458032f67:   jne    0x000077b458033118
  0x000077b458032f6d:   jmp    0x000077b458033109           ;*ifne {reexecute=0 rethrow=0 return_oop=0}
                                                            ; - java.lang.StringBuilder::toString@4 (line 474)
                                                            ; - java.util.Arrays::rangeCheck@39 (line 718)
  0x000077b458032f72:   mov    %rdx,%rbx
  0x000077b458032f75:   test   %ebx,%ebx
  0x000077b458032f77:   movabs $0x77b4140bdb30,%rdx         ;   {metadata(method data for {method} {0x0000000046489e80} &apos;rangeCheck&apos; &apos;(III)V&apos; in &apos;java/util/Arrays&apos;)}
  0x000077b458032f81:   mov    $0x248,%edi
  0x000077b458032f86:   jl     0x000077b458032f8d
  0x000077b458032f88:   mov    $0x238,%edi
  0x000077b458032f8d:   mov    (%rdx,%rdi,1),%rax
  0x000077b458032f91:   lea    0x1(%rax),%rax
  0x000077b458032f95:   mov    %rax,(%rdx,%rdi,1)
  0x000077b458032f99:   jl     0x000077b458033071           ;*ifge {reexecute=0 rethrow=0 return_oop=0}
                                                            ; - java.util.Arrays::rangeCheck@47 (line 721)
  0x000077b458032f9f:   mov    0x7c(%rsp),%ebx
  0x000077b458032fa3:   cmp    %esi,%ebx
  0x000077b458032fa5:   movabs $0x77b4140bdb30,%rdx         ;   {metadata(method data for {method} {0x0000000046489e80} &apos;rangeCheck&apos; &apos;(III)V&apos; in &apos;java/util/Arrays&apos;)}
  0x000077b458032faf:   mov    $0x278,%esi
  0x000077b458032fb4:   jg     0x000077b458032fbb
  0x000077b458032fb6:   mov    $0x268,%esi
  0x000077b458032fbb:   mov    (%rdx,%rsi,1),%rdi
  0x000077b458032fbf:   lea    0x1(%rdi),%rdi
  0x000077b458032fc3:   mov    %rdi,(%rdx,%rsi,1)
  0x000077b458032fc7:   jg     0x000077b458032fe0           ;*if_icmple {reexecute=0 rethrow=0 return_oop=0}
                                                            ; - java.util.Arrays::rangeCheck@61 (line 724)
  0x000077b458032fcd:   add    $0xb0,%rsp
  0x000077b458032fd4:   pop    %rbp
  0x000077b458032fd5:   cmp    0x28(%r15),%rsp              ;   {poll_return}
  0x000077b458032fd9:   ja     0x000077b45803335e
  0x000077b458032fdf:   ret                                 ;*return {reexecute=0 rethrow=0 return_oop=0}
                                                            ; - java.util.Arrays::rangeCheck@73 (line 727)
  0x000077b458032fe0:   jmp    0x000077b458033383           ;   {other}
  0x000077b458032fe5:   add    %al,(%rax)
  0x000077b458032fe7:   add    %al,(%rax)
  0x000077b458032fe9:   add    %cl,-0x75(%rcx)
  0x000077b458032fec:   xchg   %esi,0x48000001(%rax)
  0x000077b458032ff2:   lea    0x28(%rax),%edi
  0x000077b458032ff5:   cmp    0x1c0(%r15),%rdi
  0x000077b458032ffc:   ja     0x000077b45803338d
  0x000077b458033002:   mov    %rdi,0x1b0(%r15)
  0x000077b458033009:   movq   $0x1,(%rax)
  0x000077b458033010:   mov    %rdx,%rcx
  0x000077b458033013:   mov    $0x46000000,%r10d
  0x000077b458033019:   sub    %r10,%rcx
  0x000077b45803301c:   mov    %ecx,0x8(%rax)
  0x000077b45803301f:   xor    %rcx,%rcx
  0x000077b458033022:   mov    %ecx,0xc(%rax)
  0x000077b458033025:   xor    %rcx,%rcx
  0x000077b458033028:   mov    %rcx,0x10(%rax)
  0x000077b45803302c:   mov    %rcx,0x18(%rax)
  0x000077b458033030:   mov    %rcx,0x20(%rax)              ;*new {reexecute=0 rethrow=0 return_oop=0}
                                                            ; - java.util.Arrays::rangeCheck@64 (line 725)
  0x000077b458033034:   mov    %rax,%rdx
  0x000077b458033037:   movabs $0x77b4140bdb30,%rsi         ;   {metadata(method data for {method} {0x0000000046489e80} &apos;rangeCheck&apos; &apos;(III)V&apos; in &apos;java/util/Arrays&apos;)}
  0x000077b458033041:   addq   $0x1,0x288(%rsi)
  0x000077b458033049:   mov    %rbx,%rdx
  0x000077b45803304c:   mov    %rax,%rsi                    ;*invokespecial &lt;init&gt; {reexecute=0 rethrow=0 return_oop=0}
                                                            ; - java.util.Arrays::rangeCheck@69 (line 725)
  0x000077b45803304f:   mov    %rax,0x88(%rsp)
  0x000077b458033057:   call   0x000077b45f4ad9e0           ; ImmutableOopMap {[136]=Oop }
                                                            ;*invokespecial &lt;init&gt; {reexecute=0 rethrow=0 return_oop=0}
                                                            ; - java.util.Arrays::rangeCheck@69 (line 725)
                                                            ;   {optimized virtual_call}
  0x000077b45803305c:   nopl   0x60008d4(%rax,%rax,1)       ;*invokespecial &lt;init&gt; {reexecute=0 rethrow=0 return_oop=0}
                                                            ; - java.util.Arrays::rangeCheck@69 (line 725)
                                                            ;   {post_call_nop}
  0x000077b458033064:   mov    0x88(%rsp),%rax
  0x000077b45803306c:   jmp    0x000077b4580333ea           ;*athrow {reexecute=0 rethrow=0 return_oop=0}
                                                            ; - java.util.Arrays::rangeCheck@72 (line 725)
  0x000077b458033071:   nopl   0x0(%rax)
  0x000077b458033078:   jmp    0x000077b4580333a9           ;   {other}
  0x000077b45803307d:   add    %al,(%rax)
  0x000077b45803307f:   add    %al,(%rax)
  0x000077b458033081:   add    %cl,-0x75(%rcx)
  0x000077b458033084:   xchg   %esi,0x48000001(%rax)
  0x000077b45803308a:   lea    0x28(%rax),%edi
  0x000077b45803308d:   cmp    0x1c0(%r15),%rdi
  0x000077b458033094:   ja     0x000077b4580333b3
  0x000077b45803309a:   mov    %rdi,0x1b0(%r15)
  0x000077b4580330a1:   movq   $0x1,(%rax)
  0x000077b4580330a8:   mov    %rdx,%rcx
  0x000077b4580330ab:   mov    $0x46000000,%r10d
  0x000077b4580330b1:   sub    %r10,%rcx
  0x000077b4580330b4:   mov    %ecx,0x8(%rax)
  0x000077b4580330b7:   xor    %rcx,%rcx
  0x000077b4580330ba:   mov    %ecx,0xc(%rax)
  0x000077b4580330bd:   xor    %rcx,%rcx
  0x000077b4580330c0:   mov    %rcx,0x10(%rax)
  0x000077b4580330c4:   mov    %rcx,0x18(%rax)
  0x000077b4580330c8:   mov    %rcx,0x20(%rax)              ;*new {reexecute=0 rethrow=0 return_oop=0}
                                                            ; - java.util.Arrays::rangeCheck@50 (line 722)
  0x000077b4580330cc:   mov    %rax,%rdx
  0x000077b4580330cf:   movabs $0x77b4140bdb30,%rsi         ;   {metadata(method data for {method} {0x0000000046489e80} &apos;rangeCheck&apos; &apos;(III)V&apos; in &apos;java/util/Arrays&apos;)}
  0x000077b4580330d9:   addq   $0x1,0x258(%rsi)
  0x000077b4580330e1:   mov    %rbx,%rdx
  0x000077b4580330e4:   mov    %rax,%rsi                    ;*invokespecial &lt;init&gt; {reexecute=0 rethrow=0 return_oop=0}
                                                            ; - java.util.Arrays::rangeCheck@55 (line 722)
  0x000077b4580330e7:   mov    %rax,0x90(%rsp)
  0x000077b4580330ef:   call   0x000077b45f4ad9e0           ; ImmutableOopMap {[144]=Oop }
                                                            ;*invokespecial &lt;init&gt; {reexecute=0 rethrow=0 return_oop=0}
                                                            ; - java.util.Arrays::rangeCheck@55 (line 722)
                                                            ;   {optimized virtual_call}
  0x000077b4580330f4:   nopl   0x700096c(%rax,%rax,1)       ;*invokespecial &lt;init&gt; {reexecute=0 rethrow=0 return_oop=0}
                                                            ; - java.util.Arrays::rangeCheck@55 (line 722)
                                                            ;   {post_call_nop}
  0x000077b4580330fc:   mov    0x90(%rsp),%rax
  0x000077b458033104:   jmp    0x000077b4580333ea           ;*athrow {reexecute=0 rethrow=0 return_oop=0}
                                                            ; - java.util.Arrays::rangeCheck@58 (line 722)
  0x000077b458033109:   movabs $0x7ff8044c8,%rsi            ;   {oop(&quot;&quot;{0x00000007ff8044c8})}
  0x000077b458033113:   jmp    0x000077b4580331ac           ;*invokespecial &lt;init&gt; {reexecute=0 rethrow=0 return_oop=0}
                                                            ; - java.util.Arrays::rangeCheck@42 (line 718)
  0x000077b458033118:   movabs $0x46178db8,%rdx             ;   {metadata(&apos;java/lang/String&apos;)}
  0x000077b458033122:   mov    0x1b0(%r15),%rax
  0x000077b458033129:   lea    0x18(%rax),%rdi
  0x000077b45803312d:   cmp    0x1c0(%r15),%rdi
  0x000077b458033134:   ja     0x000077b4580333c0
  0x000077b45803313a:   mov    %rdi,0x1b0(%r15)
  0x000077b458033141:   movq   $0x1,(%rax)
  0x000077b458033148:   mov    %rdx,%rcx
  0x000077b45803314b:   mov    $0x46000000,%r10d
  0x000077b458033151:   sub    %r10,%rcx
  0x000077b458033154:   mov    %ecx,0x8(%rax)
  0x000077b458033157:   xor    %rcx,%rcx
  0x000077b45803315a:   mov    %ecx,0xc(%rax)
  0x000077b45803315d:   xor    %rcx,%rcx
  0x000077b458033160:   mov    %rcx,0x10(%rax)              ;*new {reexecute=0 rethrow=0 return_oop=0}
                                                            ; - java.lang.StringBuilder::toString@10 (line 478)
                                                            ; - java.util.Arrays::rangeCheck@39 (line 718)
  0x000077b458033164:   mov    %rax,%rdx
  0x000077b458033167:   movabs $0x77b41401b880,%rcx         ;   {metadata(method data for {method} {0x00000000461b93a0} &apos;toString&apos; &apos;()Ljava/lang/String;&apos; in &apos;java/lang/StringBuilder&apos;)}
  0x000077b458033171:   addq   $0x1,0x128(%rcx)
  0x000077b458033179:   mov    %rbx,%rdx
  0x000077b45803317c:   movabs $0x0,%rcx                    ;   {oop(nullptr)}
  0x000077b458033186:   mov    %rax,%rsi                    ;*invokespecial &lt;init&gt; {reexecute=0 rethrow=0 return_oop=0}
                                                            ; - java.lang.StringBuilder::toString@16 (line 478)
                                                            ; - java.util.Arrays::rangeCheck@39 (line 718)
  0x000077b458033189:   mov    %rax,0x98(%rsp)
  0x000077b458033191:   nopw   0x0(%rax,%rax,1)
  0x000077b458033197:   call   0x000077b45f4ad9e0           ; ImmutableOopMap {[128]=Oop [152]=Oop }
                                                            ;*invokespecial &lt;init&gt; {reexecute=0 rethrow=0 return_oop=0}
                                                            ; - java.lang.StringBuilder::toString@16 (line 478)
                                                            ; - java.util.Arrays::rangeCheck@39 (line 718)
                                                            ;   {optimized virtual_call}
  0x000077b45803319c:   nopl   0x8000a14(%rax,%rax,1)       ;*invokespecial &lt;init&gt; {reexecute=0 rethrow=0 return_oop=0}
                                                            ; - java.lang.StringBuilder::toString@16 (line 478)
                                                            ; - java.util.Arrays::rangeCheck@39 (line 718)
                                                            ;   {post_call_nop}
  0x000077b4580331a4:   mov    0x98(%rsp),%rsi
  0x000077b4580331ac:   mov    0x80(%rsp),%rax
  0x000077b4580331b4:   mov    %rax,%rdx
  0x000077b4580331b7:   movabs $0x77b4140bdb30,%rdi         ;   {metadata(method data for {method} {0x0000000046489e80} &apos;rangeCheck&apos; &apos;(III)V&apos; in &apos;java/util/Arrays&apos;)}
  0x000077b4580331c1:   addq   $0x1,0x228(%rdi)
  0x000077b4580331c9:   mov    %rsi,%rdx
  0x000077b4580331cc:   mov    %rax,%rsi                    ;*invokespecial &lt;init&gt; {reexecute=0 rethrow=0 return_oop=0}
                                                            ; - java.util.Arrays::rangeCheck@42 (line 718)
  0x000077b4580331cf:   call   0x000077b45f4ad9e0           ; ImmutableOopMap {[128]=Oop }
                                                            ;*invokespecial &lt;init&gt; {reexecute=0 rethrow=0 return_oop=0}
                                                            ; - java.util.Arrays::rangeCheck@42 (line 718)
                                                            ;   {optimized virtual_call}
  0x000077b4580331d4:   nopl   0x9000a4c(%rax,%rax,1)       ;*invokespecial &lt;init&gt; {reexecute=0 rethrow=0 return_oop=0}
                                                            ; - java.util.Arrays::rangeCheck@42 (line 718)
                                                            ;   {post_call_nop}
  0x000077b4580331dc:   mov    0x80(%rsp),%rax
  0x000077b4580331e4:   jmp    0x000077b4580333ea
  0x000077b4580331e9:   movabs $0x46489e80,%r10             ;   {metadata({method} {0x0000000046489e80} &apos;rangeCheck&apos; &apos;(III)V&apos; in &apos;java/util/Arrays&apos;)}
  0x000077b4580331f3:   mov    %r10,0x8(%rsp)
  0x000077b4580331f8:   movq   $0xffffffffffffffff,(%rsp)
  0x000077b458033200:   call   0x000077b45f582fe0           ; ImmutableOopMap {}
                                                            ;*synchronization entry
                                                            ; - java.util.Arrays::rangeCheck@-1 (line 717)
                                                            ;   {runtime_call counter_overflow_blob (C1 runtime)}
  0x000077b458033205:   jmp    0x000077b4580328c5
  0x000077b45803320a:   movabs $0x0,%rdx                    ;   {metadata(nullptr)}
  0x000077b458033214:   mov    $0xa050f00,%eax
  0x000077b458033219:   call   0x000077b45f5820e0           ; ImmutableOopMap {}
                                                            ;*new {reexecute=1 rethrow=0 return_oop=0}
                                                            ; - (reexecute) java.util.Arrays::rangeCheck@5 (line 718)
                                                            ;   {runtime_call load_klass_patching_blob (C1 runtime)}
  0x000077b45803321e:   jmp    0x000077b4580328f8
  0x000077b458033223:   mov    %rdx,%rdx
  0x000077b458033226:   call   0x000077b45f57d3e0           ; ImmutableOopMap {}
                                                            ;*new {reexecute=0 rethrow=0 return_oop=0}
                                                            ; - java.util.Arrays::rangeCheck@5 (line 718)
                                                            ;   {runtime_call fast_new_instance_blob (C1 runtime)}
  0x000077b45803322b:   jmp    0x000077b45803294c
  0x000077b458033230:   movabs $0x0,%rdx                    ;   {metadata(nullptr)}
  0x000077b45803323a:   mov    $0xa050f00,%eax
  0x000077b45803323f:   call   0x000077b45f5820e0           ; ImmutableOopMap {rax=Oop [128]=Oop }
                                                            ;*new {reexecute=1 rethrow=0 return_oop=0}
                                                            ; - (reexecute) java.util.Arrays::rangeCheck@9 (line 718)
                                                            ;   {runtime_call load_klass_patching_blob (C1 runtime)}
  0x000077b458033244:   jmp    0x000077b458032958
  0x000077b458033249:   mov    %rdx,%rdx
  0x000077b45803324c:   call   0x000077b45f57d3e0           ; ImmutableOopMap {[128]=Oop }
                                                            ;*new {reexecute=0 rethrow=0 return_oop=0}
                                                            ; - java.util.Arrays::rangeCheck@9 (line 718)
                                                            ;   {runtime_call fast_new_instance_blob (C1 runtime)}
  0x000077b458033251:   jmp    0x000077b4580329a4
  0x000077b458033256:   movabs $0x461ba900,%r10             ;   {metadata({method} {0x00000000461ba900} &apos;&lt;init&gt;&apos; &apos;()V&apos; in &apos;java/lang/StringBuilder&apos;)}
  0x000077b458033260:   mov    %r10,0x8(%rsp)
  0x000077b458033265:   movq   $0xffffffffffffffff,(%rsp)
  0x000077b45803326d:   call   0x000077b45f582fe0           ; ImmutableOopMap {rax=Oop [128]=Oop }
                                                            ;*synchronization entry
                                                            ; - java.lang.StringBuilder::&lt;init&gt;@-1 (line 106)
                                                            ; - java.util.Arrays::rangeCheck@13 (line 718)
                                                            ;   {runtime_call counter_overflow_blob (C1 runtime)}
  0x000077b458033272:   jmp    0x000077b4580329e0
  0x000077b458033277:   movabs $0x461bab10,%r10             ;   {metadata({method} {0x00000000461bab10} &apos;append&apos; &apos;(Ljava/lang/String;)Ljava/lang/StringBuilder;&apos; in &apos;java/lang/StringBuilder&apos;)}
  0x000077b458033281:   mov    %r10,0x8(%rsp)
  0x000077b458033286:   movq   $0xffffffffffffffff,(%rsp)
  0x000077b45803328e:   call   0x000077b45f582fe0           ; ImmutableOopMap {[112]=Oop [128]=Oop }
                                                            ;*synchronization entry
                                                            ; - java.lang.StringBuilder::append@-1 (line 179)
                                                            ; - java.util.Arrays::rangeCheck@18 (line 718)
                                                            ;   {runtime_call counter_overflow_blob (C1 runtime)}
  0x000077b458033293:   jmp    0x000077b458032aa8
  0x000077b458033298:   movabs $0x461bad78,%r10             ;   {metadata({method} {0x00000000461bad78} &apos;append&apos; &apos;(I)Ljava/lang/StringBuilder;&apos; in &apos;java/lang/StringBuilder&apos;)}
  0x000077b4580332a2:   mov    %r10,0x8(%rsp)
  0x000077b4580332a7:   movq   $0xffffffffffffffff,(%rsp)
  0x000077b4580332af:   call   0x000077b45f582fe0           ; ImmutableOopMap {[112]=Oop [128]=Oop }
                                                            ;*synchronization entry
                                                            ; - java.lang.StringBuilder::append@-1 (line 253)
                                                            ; - java.util.Arrays::rangeCheck@22 (line 718)
                                                            ;   {runtime_call counter_overflow_blob (C1 runtime)}
  0x000077b4580332b4:   jmp    0x000077b458032b70
  0x000077b4580332b9:   movabs $0x461bab10,%r10             ;   {metadata({method} {0x00000000461bab10} &apos;append&apos; &apos;(Ljava/lang/String;)Ljava/lang/StringBuilder;&apos; in &apos;java/lang/StringBuilder&apos;)}
  0x000077b4580332c3:   mov    %r10,0x8(%rsp)
  0x000077b4580332c8:   movq   $0xffffffffffffffff,(%rsp)
  0x000077b4580332d0:   call   0x000077b45f582fe0           ; ImmutableOopMap {[112]=Oop [128]=Oop }
                                                            ;*synchronization entry
                                                            ; - java.lang.StringBuilder::append@-1 (line 179)
                                                            ; - java.util.Arrays::rangeCheck@27 (line 718)
                                                            ;   {runtime_call counter_overflow_blob (C1 runtime)}
  0x000077b4580332d5:   jmp    0x000077b458032c38
  0x000077b4580332da:   movabs $0x461bad78,%r10             ;   {metadata({method} {0x00000000461bad78} &apos;append&apos; &apos;(I)Ljava/lang/StringBuilder;&apos; in &apos;java/lang/StringBuilder&apos;)}
  0x000077b4580332e4:   mov    %r10,0x8(%rsp)
  0x000077b4580332e9:   movq   $0xffffffffffffffff,(%rsp)
  0x000077b4580332f1:   call   0x000077b45f582fe0           ; ImmutableOopMap {[112]=Oop [128]=Oop }
                                                            ;*synchronization entry
                                                            ; - java.lang.StringBuilder::append@-1 (line 253)
                                                            ; - java.util.Arrays::rangeCheck@31 (line 718)
                                                            ;   {runtime_call counter_overflow_blob (C1 runtime)}
  0x000077b4580332f6:   jmp    0x000077b458032d00
  0x000077b4580332fb:   movabs $0x461bab10,%r10             ;   {metadata({method} {0x00000000461bab10} &apos;append&apos; &apos;(Ljava/lang/String;)Ljava/lang/StringBuilder;&apos; in &apos;java/lang/StringBuilder&apos;)}
  0x000077b458033305:   mov    %r10,0x8(%rsp)
  0x000077b45803330a:   movq   $0xffffffffffffffff,(%rsp)
  0x000077b458033312:   call   0x000077b45f582fe0           ; ImmutableOopMap {[112]=Oop [128]=Oop }
                                                            ;*synchronization entry
                                                            ; - java.lang.StringBuilder::append@-1 (line 179)
                                                            ; - java.util.Arrays::rangeCheck@36 (line 718)
                                                            ;   {runtime_call counter_overflow_blob (C1 runtime)}
  0x000077b458033317:   jmp    0x000077b458032dc8
  0x000077b45803331c:   movabs $0x461b93a0,%r10             ;   {metadata({method} {0x00000000461b93a0} &apos;toString&apos; &apos;()Ljava/lang/String;&apos; in &apos;java/lang/StringBuilder&apos;)}
  0x000077b458033326:   mov    %r10,0x8(%rsp)
  0x000077b45803332b:   movq   $0xffffffffffffffff,(%rsp)
  0x000077b458033333:   call   0x000077b45f582fe0           ; ImmutableOopMap {[112]=Oop [128]=Oop }
                                                            ;*synchronization entry
                                                            ; - java.lang.StringBuilder::toString@-1 (line 474)
                                                            ; - java.util.Arrays::rangeCheck@39 (line 718)
                                                            ;   {runtime_call counter_overflow_blob (C1 runtime)}
  0x000077b458033338:   jmp    0x000077b458032e90
  0x000077b45803333d:   movabs $0x461b94b8,%r10             ;   {metadata({method} {0x00000000461b94b8} &apos;length&apos; &apos;()I&apos; in &apos;java/lang/StringBuilder&apos;)}
  0x000077b458033347:   mov    %r10,0x8(%rsp)
  0x000077b45803334c:   movq   $0xffffffffffffffff,(%rsp)
  0x000077b458033354:   call   0x000077b45f582fe0           ; ImmutableOopMap {[112]=Oop [128]=Oop }
                                                            ;*synchronization entry
                                                            ; - java.lang.StringBuilder::length@-1 (line 91)
                                                            ; - java.lang.StringBuilder::toString@1 (line 474)
                                                            ; - java.util.Arrays::rangeCheck@39 (line 718)
                                                            ;   {runtime_call counter_overflow_blob (C1 runtime)}
  0x000077b458033359:   jmp    0x000077b458032f24
  0x000077b45803335e:   movabs $0x77b458032fd5,%r10         ;   {internal_word}
  0x000077b458033368:   mov    %r10,0x510(%r15)
  0x000077b45803336f:   jmp    0x000077b45f4afb60           ;   {runtime_call SafepointBlob}
  0x000077b458033374:   movabs $0x0,%rdx                    ;   {metadata(nullptr)}
  0x000077b45803337e:   mov    $0xa050f00,%eax
  0x000077b458033383:   call   0x000077b45f5820e0           ; ImmutableOopMap {}
                                                            ;*new {reexecute=1 rethrow=0 return_oop=0}
                                                            ; - (reexecute) java.util.Arrays::rangeCheck@64 (line 725)
                                                            ;   {runtime_call load_klass_patching_blob (C1 runtime)}
  0x000077b458033388:   jmp    0x000077b458032fe0
  0x000077b45803338d:   mov    %rdx,%rdx
  0x000077b458033390:   call   0x000077b45f57d3e0           ; ImmutableOopMap {}
                                                            ;*new {reexecute=0 rethrow=0 return_oop=0}
                                                            ; - java.util.Arrays::rangeCheck@64 (line 725)
                                                            ;   {runtime_call fast_new_instance_blob (C1 runtime)}
  0x000077b458033395:   jmp    0x000077b458033034
  0x000077b45803339a:   movabs $0x0,%rdx                    ;   {metadata(nullptr)}
  0x000077b4580333a4:   mov    $0xa050f00,%eax
  0x000077b4580333a9:   call   0x000077b45f5820e0           ; ImmutableOopMap {}
                                                            ;*new {reexecute=1 rethrow=0 return_oop=0}
                                                            ; - (reexecute) java.util.Arrays::rangeCheck@50 (line 722)
                                                            ;   {runtime_call load_klass_patching_blob (C1 runtime)}
  0x000077b4580333ae:   jmp    0x000077b458033078
  0x000077b4580333b3:   mov    %rdx,%rdx
  0x000077b4580333b6:   call   0x000077b45f57d3e0           ; ImmutableOopMap {}
                                                            ;*new {reexecute=0 rethrow=0 return_oop=0}
                                                            ; - java.util.Arrays::rangeCheck@50 (line 722)
                                                            ;   {runtime_call fast_new_instance_blob (C1 runtime)}
  0x000077b4580333bb:   jmp    0x000077b4580330cc
  0x000077b4580333c0:   mov    %rdx,%rdx
  0x000077b4580333c3:   call   0x000077b45f57d3e0           ; ImmutableOopMap {rbx=Oop [128]=Oop }
                                                            ;*new {reexecute=0 rethrow=0 return_oop=0}
                                                            ; - java.lang.StringBuilder::toString@10 (line 478)
                                                            ; - java.util.Arrays::rangeCheck@39 (line 718)
                                                            ;   {runtime_call fast_new_instance_blob (C1 runtime)}
  0x000077b4580333c8:   jmp    0x000077b458033164
  0x000077b4580333cd:   mov    0x5c0(%r15),%rax
  0x000077b4580333d4:   movq   $0x0,0x5c0(%r15)
  0x000077b4580333df:   movq   $0x0,0x5c8(%r15)
  0x000077b4580333ea:   add    $0xb0,%rsp
  0x000077b4580333f1:   pop    %rbp
  0x000077b4580333f2:   jmp    0x000077b45f57b760           ;   {runtime_call unwind_exception_blob (C1 runtime)}
  0x000077b4580333f7:   hlt    
[Stub Code]
  0x000077b4580333f8:   nopl   0x0(%rax,%rax,1)             ;   {other}
  0x000077b4580333fd:   movabs $0x0,%rbx                    ;   {static_stub}
  0x000077b458033407:   jmp    0x000077b458033407           ;   {runtime_call nmethod}
  0x000077b45803340c:   nop
  0x000077b45803340d:   movabs $0x0,%rbx                    ;   {static_stub}
  0x000077b458033417:   jmp    0x000077b458033417           ;   {runtime_call nmethod}
  0x000077b45803341c:   nop
  0x000077b45803341d:   movabs $0x0,%rbx                    ;   {static_stub}
  0x000077b458033427:   jmp    0x000077b458033427           ;   {runtime_call nmethod}
  0x000077b45803342c:   nop
  0x000077b45803342d:   movabs $0x0,%rbx                    ;   {static_stub}
  0x000077b458033437:   jmp    0x000077b458033437           ;   {runtime_call nmethod}
  0x000077b45803343c:   nop
  0x000077b45803343d:   movabs $0x0,%rbx                    ;   {static_stub}
  0x000077b458033447:   jmp    0x000077b458033447           ;   {runtime_call nmethod}
  0x000077b45803344c:   movabs $0x0,%rbx                    ;   {static_stub}
  0x000077b458033456:   jmp    0x000077b458033456           ;   {runtime_call nmethod}
  0x000077b45803345b:   movabs $0x0,%rbx                    ;   {static_stub}
  0x000077b458033465:   jmp    0x000077b458033465           ;   {runtime_call nmethod}
  0x000077b45803346a:   movabs $0x0,%rbx                    ;   {static_stub}
  0x000077b458033474:   jmp    0x000077b458033474           ;   {runtime_call nmethod}
  0x000077b458033479:   movabs $0x0,%rbx                    ;   {static_stub}
  0x000077b458033483:   jmp    0x000077b458033483           ;   {runtime_call nmethod}
[Exception Handler]
  0x000077b458033488:   call   0x000077b45f57ede0           ;   {runtime_call handle_exception_from_callee_blob (C1 runtime)}
  0x000077b45803348d:   movabs $0x77b478d3aec4,%rdi         ;   {external_word}
  0x000077b458033497:   and    $0xfffffffffffffff0,%rsp
  0x000077b45803349b:   call   0x000077b478791cc0           ;   {runtime_call MacroAssembler::debug64(char*, long, long*)}
  0x000077b4580334a0:   hlt    
  0x000077b4580334a1:   call   0x000077b45f4afe60           ;   {runtime_call DeoptimizationBlob}
[Deopt Handler Entry Point]
  0x000077b4580334a6:   jmp    0x000077b4580334a1
--------------------------------------------------------------------------------
[/Disassembly]
