
============================= C1-compiled nmethod ==============================
----------------------------------- Assembly -----------------------------------

Compiled method (c1) 5778  289       3       java.lang.Character::isSurrogate (18 bytes)
 total in heap  [0x000077b458035708,0x000077b458035950] = 584
 main code      [0x000077b458035800,0x000077b458035930] = 304
 stub code      [0x000077b458035930,0x000077b458035950] = 32
 mutable data [0x000077b3e801f730,0x000077b3e801f760] = 48
 relocation     [0x000077b3e801f730,0x000077b3e801f758] = 40
 metadata       [0x000077b3e801f758,0x000077b3e801f760] = 8
 immutable data [0x000077b3e801c2c0,0x000077b3e801c37c] = 188
 dependencies   [0x000077b3e801c2c0,0x000077b3e801c2c8] = 8
 scopes pcs     [0x000077b3e801c2c8,0x000077b3e801c348] = 128
 scopes data    [0x000077b3e801c348,0x000077b3e801c378] = 48

[Disassembly]
--------------------------------------------------------------------------------
[Constant Pool (empty)]

--------------------------------------------------------------------------------

[Verified Entry Point]
  # {method} {0x000000004619aa58} &apos;isSurrogate&apos; &apos;(C)Z&apos; in &apos;java/lang/Character&apos;
  # parm0:    rsi       = char
  #           [sp+0x30]  (sp of caller)
  0x000077b458035800:   mov    %eax,-0x14000(%rsp)
  0x000077b458035807:   push   %rbp
  0x000077b458035808:   sub    $0x20,%rsp
  0x000077b45803580c:   cmpl   $0x1,0x20(%r15)
  0x000077b458035814:   je     0x000077b45803581b
  0x000077b458035816:   call   Stub::method_entry_barrier_stub (stub gen)
                                                            ;   {runtime_call Stub::method_entry_barrier_stub (stub gen)}
  0x000077b45803581b:   movabs $0x77b4140c1538,%rax         ;   {metadata(method data for {method} {0x000000004619aa58} &apos;isSurrogate&apos; &apos;(C)Z&apos; in &apos;java/lang/Character&apos;)}
  0x000077b458035825:   mov    0x90(%rax),%edi
  0x000077b45803582b:   add    $0x2,%edi
  0x000077b45803582e:   mov    %edi,0x90(%rax)
  0x000077b458035834:   and    $0x7fe,%edi
  0x000077b45803583a:   test   %edi,%edi
  0x000077b45803583c:   je     0x000077b4580358d0           ;*iload_0 {reexecute=0 rethrow=0 return_oop=0}
                                                            ; - java.lang.Character::isSurrogate@0 (line 9655)
  0x000077b458035842:   cmp    $0xd800,%esi
  0x000077b458035848:   movabs $0x77b4140c1538,%rax         ;   {metadata(method data for {method} {0x000000004619aa58} &apos;isSurrogate&apos; &apos;(C)Z&apos; in &apos;java/lang/Character&apos;)}
  0x000077b458035852:   mov    $0xd8,%edi
  0x000077b458035857:   jl     0x000077b45803585e
  0x000077b458035859:   mov    $0xe8,%edi
  0x000077b45803585e:   mov    (%rax,%rdi,1),%rbx
  0x000077b458035862:   lea    0x1(%rbx),%rbx
  0x000077b458035866:   mov    %rbx,(%rax,%rdi,1)
  0x000077b45803586a:   jl     0x000077b45803589e           ;*if_icmplt {reexecute=0 rethrow=0 return_oop=0}
                                                            ; - java.lang.Character::isSurrogate@3 (line 9655)
  0x000077b458035870:   cmp    $0xe000,%esi
  0x000077b458035876:   movabs $0x77b4140c1538,%rax         ;   {metadata(method data for {method} {0x000000004619aa58} &apos;isSurrogate&apos; &apos;(C)Z&apos; in &apos;java/lang/Character&apos;)}
  0x000077b458035880:   mov    $0x108,%esi
  0x000077b458035885:   jl     0x000077b45803588c
  0x000077b458035887:   mov    $0xf8,%esi
  0x000077b45803588c:   mov    (%rax,%rsi,1),%rdi
  0x000077b458035890:   lea    0x1(%rdi),%rdi
  0x000077b458035894:   mov    %rdi,(%rax,%rsi,1)
  0x000077b458035898:   jl     0x000077b4580358a8           ;*if_icmpge {reexecute=0 rethrow=0 return_oop=0}
                                                            ; - java.lang.Character::isSurrogate@9 (line 9655)
  0x000077b45803589e:   mov    $0x0,%eax
  0x000077b4580358a3:   jmp    0x000077b4580358bd           ;*ireturn {reexecute=0 rethrow=0 return_oop=0}
                                                            ; - java.lang.Character::isSurrogate@17 (line 9655)
  0x000077b4580358a8:   movabs $0x77b4140c1538,%rax         ;   {metadata(method data for {method} {0x000000004619aa58} &apos;isSurrogate&apos; &apos;(C)Z&apos; in &apos;java/lang/Character&apos;)}
  0x000077b4580358b2:   incl   0x118(%rax)
  0x000077b4580358b8:   mov    $0x1,%eax                    ;*goto {reexecute=0 rethrow=0 return_oop=0}
                                                            ; - java.lang.Character::isSurrogate@13 (line 9655)
  0x000077b4580358bd:   and    $0x1,%eax
  0x000077b4580358c0:   add    $0x20,%rsp
  0x000077b4580358c4:   pop    %rbp
  0x000077b4580358c5:   cmp    0x28(%r15),%rsp              ;   {poll_return}
  0x000077b4580358c9:   ja     0x000077b4580358f1
  0x000077b4580358cf:   ret    
  0x000077b4580358d0:   movabs $0x4619aa58,%r10             ;   {metadata({method} {0x000000004619aa58} &apos;isSurrogate&apos; &apos;(C)Z&apos; in &apos;java/lang/Character&apos;)}
  0x000077b4580358da:   mov    %r10,0x8(%rsp)
  0x000077b4580358df:   movq   $0xffffffffffffffff,(%rsp)
  0x000077b4580358e7:   call   0x000077b45f582fe0           ; ImmutableOopMap {}
                                                            ;*synchronization entry
                                                            ; - java.lang.Character::isSurrogate@-1 (line 9655)
                                                            ;   {runtime_call counter_overflow_blob (C1 runtime)}
  0x000077b4580358ec:   jmp    0x000077b458035842
  0x000077b4580358f1:   movabs $0x77b4580358c5,%r10         ;   {internal_word}
  0x000077b4580358fb:   mov    %r10,0x510(%r15)
  0x000077b458035902:   jmp    0x000077b45f4afb60           ;   {runtime_call SafepointBlob}
  0x000077b458035907:   mov    0x5c0(%r15),%rax
  0x000077b45803590e:   movq   $0x0,0x5c0(%r15)
  0x000077b458035919:   movq   $0x0,0x5c8(%r15)
  0x000077b458035924:   add    $0x20,%rsp
  0x000077b458035928:   pop    %rbp
  0x000077b458035929:   jmp    0x000077b45f57b760           ;   {runtime_call unwind_exception_blob (C1 runtime)}
  0x000077b45803592e:   hlt    
  0x000077b45803592f:   hlt    
[Exception Handler]
  0x000077b458035930:   call   0x000077b45f57ede0           ;   {runtime_call handle_exception_from_callee_blob (C1 runtime)}
  0x000077b458035935:   movabs $0x77b478d3aec4,%rdi         ;   {external_word}
  0x000077b45803593f:   and    $0xfffffffffffffff0,%rsp
  0x000077b458035943:   call   0x000077b478791cc0           ;   {runtime_call MacroAssembler::debug64(char*, long, long*)}
  0x000077b458035948:   hlt    
  0x000077b458035949:   call   0x000077b45f4afe60           ;   {runtime_call DeoptimizationBlob}
[Deopt Handler Entry Point]
  0x000077b45803594e:   jmp    0x000077b458035949
--------------------------------------------------------------------------------
[/Disassembly]
