
============================= C1-compiled nmethod ==============================
----------------------------------- Assembly -----------------------------------

Compiled method (c1) 6088  297       3       jdk.internal.classfile.impl.SplitConstantPool::entryByIndex (59 bytes)
 total in heap  [0x000077b458037a88,0x000077b458038c48] = 4544
 main code      [0x000077b458037b80,0x000077b458038b80] = 4096
 stub code      [0x000077b458038b80,0x000077b458038c38] = 184
 oops           [0x000077b458038c38,0x000077b458038c48] = 16
 mutable data [0x000077b3f0007470,0x000077b3f0007650] = 480
 relocation     [0x000077b3f0007470,0x000077b3f00075f8] = 392
 metadata       [0x000077b3f00075f8,0x000077b3f0007650] = 88
 immutable data [0x000077b3f0007f90,0x000077b3f00088f4] = 2404
 dependencies   [0x000077b3f0007f90,0x000077b3f0007fa8] = 24
 nul chk table  [0x000077b3f0007fa8,0x000077b3f0007fc8] = 32
 scopes pcs     [0x000077b3f0007fc8,0x000077b3f0008588] = 1472
 scopes data    [0x000077b3f0008588,0x000077b3f00088f0] = 872

[Disassembly]
--------------------------------------------------------------------------------
[Constant Pool (empty)]

--------------------------------------------------------------------------------

[Instructions begin]
  0x000077b458037b80:   data16 data16 nopw 0x0(%rax,%rax,1)
  0x000077b458037b8b:   data16 data16 xchg %ax,%ax
  0x000077b458037b8f:   data16 xchg %ax,%ax
[Entry Point]
  # {method} {0x0000000046348600} &apos;entryByIndex&apos; &apos;(I)Ljava/lang/classfile/constantpool/PoolEntry;&apos; in &apos;jdk/internal/classfile/impl/SplitConstantPool&apos;
  # this:     rsi:rsi   = &apos;jdk/internal/classfile/impl/SplitConstantPool&apos;
  # parm0:    rdx       = int
  #           [sp+0xe0]  (sp of caller)
  0x000077b458037b92:   mov    0x8(%rsi),%r10d
  0x000077b458037b96:   cmp    0x8(%rax),%r10d
  0x000077b458037b9a:   jne    0x000077b45f4ad6e0           ;   {runtime_call ic_miss_blob (shared runtime)}
[Verified Entry Point]
  0x000077b458037ba0:   mov    %eax,-0x14000(%rsp)
  0x000077b458037ba7:   push   %rbp
  0x000077b458037ba8:   sub    $0xd0,%rsp
  0x000077b458037baf:   nop
  0x000077b458037bb0:   cmpl   $0x1,0x20(%r15)
  0x000077b458037bb8:   je     0x000077b458037bbf
  0x000077b458037bba:   call   Stub::method_entry_barrier_stub (stub gen)
                                                            ;   {runtime_call Stub::method_entry_barrier_stub (stub gen)}
  0x000077b458037bbf:   mov    %edx,0x98(%rsp)
  0x000077b458037bc6:   movabs $0x77b4140e2f58,%rax         ;   {metadata(method data for {method} {0x0000000046348600} &apos;entryByIndex&apos; &apos;(I)Ljava/lang/classfile/constantpool/PoolEntry;&apos; in &apos;jdk/internal/classfile/impl/SplitConstantPool&apos;)}
  0x000077b458037bd0:   mov    0x90(%rax),%edi
  0x000077b458037bd6:   add    $0x2,%edi
  0x000077b458037bd9:   mov    %edi,0x90(%rax)
  0x000077b458037bdf:   and    $0x7fe,%edi
  0x000077b458037be5:   test   %edi,%edi
  0x000077b458037be7:   je     0x000077b4580388a1           ;*iload_1 {reexecute=0 rethrow=0 return_oop=0}
                                                            ; - jdk.internal.classfile.impl.SplitConstantPool::entryByIndex@0 (line 87)
  0x000077b458037bed:   test   %edx,%edx
  0x000077b458037bef:   movabs $0x77b4140e2f58,%rax         ;   {metadata(method data for {method} {0x0000000046348600} &apos;entryByIndex&apos; &apos;(I)Ljava/lang/classfile/constantpool/PoolEntry;&apos; in &apos;jdk/internal/classfile/impl/SplitConstantPool&apos;)}
  0x000077b458037bf9:   mov    $0xd8,%edi
  0x000077b458037bfe:   jle    0x000077b458037c05
  0x000077b458037c00:   mov    $0xe8,%edi
  0x000077b458037c05:   mov    (%rax,%rdi,1),%rcx
  0x000077b458037c09:   lea    0x1(%rcx),%rcx
  0x000077b458037c0d:   mov    %rcx,(%rax,%rdi,1)
  0x000077b458037c11:   jle    0x000077b458037caf           ;*ifle {reexecute=0 rethrow=0 return_oop=0}
                                                            ; - jdk.internal.classfile.impl.SplitConstantPool::entryByIndex@1 (line 87)
  0x000077b458037c17:   mov    %rsi,%rax
  0x000077b458037c1a:   movabs $0x77b4140e2f58,%rdi         ;   {metadata(method data for {method} {0x0000000046348600} &apos;entryByIndex&apos; &apos;(I)Ljava/lang/classfile/constantpool/PoolEntry;&apos; in &apos;jdk/internal/classfile/impl/SplitConstantPool&apos;)}
  0x000077b458037c24:   mov    0x8(%rax),%eax
  0x000077b458037c27:   mov    $0x46000000,%r10d
  0x000077b458037c2d:   add    %r10,%rax
  0x000077b458037c30:   mov    $0x20,%r10d
  0x000077b458037c36:   cmp    (%rdi,%r10,8),%rax
  0x000077b458037c3a:   je     0x000077b458037c79
  0x000077b458037c3c:   add    $0x2,%r10
  0x000077b458037c40:   cmp    $0x24,%r10
  0x000077b458037c44:   jne    0x000077b458037c36
  0x000077b458037c46:   mov    $0x20,%r10d
  0x000077b458037c4c:   cmpq   $0x0,(%rdi,%r10,8)
  0x000077b458037c51:   je     0x000077b458037c5f
  0x000077b458037c53:   add    $0x2,%r10
  0x000077b458037c57:   cmp    $0x24,%r10
  0x000077b458037c5b:   jne    0x000077b458037c4c
  0x000077b458037c5d:   jmp    0x000077b458037c71
  0x000077b458037c5f:   push   %rbx
  0x000077b458037c60:   mov    %rax,%rbx
  0x000077b458037c63:   xor    %rax,%rax
  0x000077b458037c66:   cmpxchg %rbx,(%rdi,%r10,8)
  0x000077b458037c6b:   mov    %rbx,%rax
  0x000077b458037c6e:   pop    %rbx
  0x000077b458037c6f:   jmp    0x000077b458037c30
  0x000077b458037c71:   mov    $0x1f,%r10d
  0x000077b458037c77:   jmp    0x000077b458037c7d
  0x000077b458037c79:   add    $0x1,%r10
  0x000077b458037c7d:   addq   $0x1,(%rdi,%r10,8)
  0x000077b458037c82:   mov    0x14(%rsi),%eax              ;*getfield size {reexecute=0 rethrow=0 return_oop=0}
                                                            ; - jdk.internal.classfile.impl.SplitConstantPool::size@1 (line 77)
                                                            ; - jdk.internal.classfile.impl.SplitConstantPool::entryByIndex@6 (line 87)
  0x000077b458037c85:   cmp    %eax,%edx
  0x000077b458037c87:   movabs $0x77b4140e2f58,%rax         ;   {metadata(method data for {method} {0x0000000046348600} &apos;entryByIndex&apos; &apos;(I)Ljava/lang/classfile/constantpool/PoolEntry;&apos; in &apos;jdk/internal/classfile/impl/SplitConstantPool&apos;)}
  0x000077b458037c91:   mov    $0x128,%edi
  0x000077b458037c96:   jl     0x000077b458037c9d
  0x000077b458037c98:   mov    $0x138,%edi
  0x000077b458037c9d:   mov    (%rax,%rdi,1),%rcx
  0x000077b458037ca1:   lea    0x1(%rcx),%rcx
  0x000077b458037ca5:   mov    %rcx,(%rax,%rdi,1)
  0x000077b458037ca9:   jl     0x000077b458038181           ;*if_icmplt {reexecute=0 rethrow=0 return_oop=0}
                                                            ; - jdk.internal.classfile.impl.SplitConstantPool::entryByIndex@9 (line 87)
  0x000077b458037caf:   movabs $0x77b4140e2f58,%rax         ;   {metadata(method data for {method} {0x0000000046348600} &apos;entryByIndex&apos; &apos;(I)Ljava/lang/classfile/constantpool/PoolEntry;&apos; in &apos;jdk/internal/classfile/impl/SplitConstantPool&apos;)}
  0x000077b458037cb9:   addq   $0x1,0x148(%rax)
  0x000077b458037cc1:   movabs $0x77b4140e4e30,%rax         ;   {metadata(method data for {method} {0x00000000463487b8} &apos;badCP&apos; &apos;(I)Ljava/lang/classfile/constantpool/ConstantPoolException;&apos; in &apos;jdk/internal/classfile/impl/SplitConstantPool&apos;)}
  0x000077b458037ccb:   mov    0x90(%rax),%esi
  0x000077b458037cd1:   add    $0x2,%esi
  0x000077b458037cd4:   mov    %esi,0x90(%rax)
  0x000077b458037cda:   and    $0x1ffffe,%esi
  0x000077b458037ce0:   test   %esi,%esi
  0x000077b458037ce2:   je     0x000077b4580388c2
  0x000077b458037ce8:   jmp    0x000077b4580388f2           ;   {other}
  0x000077b458037ced:   add    %al,(%rax)
  0x000077b458037cef:   add    %al,(%rax)
  0x000077b458037cf1:   add    %ch,%cl
  0x000077b458037cf3:   add    $0x9000000c,%eax             ;*new {reexecute=0 rethrow=0 return_oop=0}
                                                            ; - jdk.internal.classfile.impl.SplitConstantPool::badCP@0 (line 100)
                                                            ; - jdk.internal.classfile.impl.SplitConstantPool::entryByIndex@13 (line 88)
  0x000077b458037cf8:   jmp    0x000077b458038918           ;   {other}
  0x000077b458037cfd:   add    %al,(%rax)
  0x000077b458037cff:   add    %al,(%rax)
  0x000077b458037d01:   add    %cl,-0x77(%rax)
  0x000077b458037d04:   test   %ah,(%rax,%riz,4)
  0x000077b458037d07:   add    %al,(%rax)
  0x000077b458037d09:   add    %cl,-0x75(%rcx)
  0x000077b458037d0c:   xchg   %esi,0x48000001(%rax)
  0x000077b458037d12:   lea    0x18(%rax),%edi
  0x000077b458037d15:   cmp    0x1c0(%r15),%rdi
  0x000077b458037d1c:   ja     0x000077b458038922
  0x000077b458037d22:   mov    %rdi,0x1b0(%r15)
  0x000077b458037d29:   movq   $0x1,(%rax)
  0x000077b458037d30:   mov    %rdx,%rcx
  0x000077b458037d33:   mov    $0x46000000,%r10d
  0x000077b458037d39:   sub    %r10,%rcx
  0x000077b458037d3c:   mov    %ecx,0x8(%rax)
  0x000077b458037d3f:   xor    %rcx,%rcx
  0x000077b458037d42:   mov    %ecx,0xc(%rax)
  0x000077b458037d45:   xor    %rcx,%rcx
  0x000077b458037d48:   mov    %rcx,0x10(%rax)              ;*new {reexecute=0 rethrow=0 return_oop=0}
                                                            ; - jdk.internal.classfile.impl.SplitConstantPool::badCP@4 (line 100)
                                                            ; - jdk.internal.classfile.impl.SplitConstantPool::entryByIndex@13 (line 88)
  0x000077b458037d4c:   mov    %rax,%rdx
  0x000077b458037d4f:   movabs $0x77b4140e4e30,%rsi         ;   {metadata(method data for {method} {0x00000000463487b8} &apos;badCP&apos; &apos;(I)Ljava/lang/classfile/constantpool/ConstantPoolException;&apos; in &apos;jdk/internal/classfile/impl/SplitConstantPool&apos;)}
  0x000077b458037d59:   addq   $0x1,0xd8(%rsi)
  0x000077b458037d61:   movabs $0x77b41401a9e8,%rdx         ;   {metadata(method data for {method} {0x00000000461ba900} &apos;&lt;init&gt;&apos; &apos;()V&apos; in &apos;java/lang/StringBuilder&apos;)}
  0x000077b458037d6b:   mov    0x90(%rdx),%esi
  0x000077b458037d71:   add    $0x2,%esi
  0x000077b458037d74:   mov    %esi,0x90(%rdx)
  0x000077b458037d7a:   and    $0x1ffffe,%esi
  0x000077b458037d80:   test   %esi,%esi
  0x000077b458037d82:   je     0x000077b45803892f
  0x000077b458037d88:   mov    %rax,%rdx
  0x000077b458037d8b:   movabs $0x77b41401a9e8,%rsi         ;   {metadata(method data for {method} {0x00000000461ba900} &apos;&lt;init&gt;&apos; &apos;()V&apos; in &apos;java/lang/StringBuilder&apos;)}
  0x000077b458037d95:   addq   $0x1,0xd8(%rsi)
  0x000077b458037d9d:   mov    $0x10,%edx
  0x000077b458037da2:   mov    %rax,%rsi                    ;*invokespecial &lt;init&gt; {reexecute=0 rethrow=0 return_oop=0}
                                                            ; - java.lang.StringBuilder::&lt;init&gt;@3 (line 106)
                                                            ; - jdk.internal.classfile.impl.SplitConstantPool::badCP@8 (line 100)
                                                            ; - jdk.internal.classfile.impl.SplitConstantPool::entryByIndex@13 (line 88)
  0x000077b458037da5:   mov    %rax,0x90(%rsp)
  0x000077b458037dad:   xchg   %ax,%ax
  0x000077b458037daf:   call   0x000077b45f4ad9e0           ; ImmutableOopMap {[144]=Oop [160]=Oop }
                                                            ;*invokespecial &lt;init&gt; {reexecute=0 rethrow=0 return_oop=0}
                                                            ; - java.lang.StringBuilder::&lt;init&gt;@3 (line 106)
                                                            ; - jdk.internal.classfile.impl.SplitConstantPool::badCP@8 (line 100)
                                                            ; - jdk.internal.classfile.impl.SplitConstantPool::entryByIndex@13 (line 88)
                                                            ;   {optimized virtual_call}
  0x000077b458037db4:   nopl   0x32c(%rax,%rax,1)           ;*invokespecial &lt;init&gt; {reexecute=0 rethrow=0 return_oop=0}
                                                            ; - java.lang.StringBuilder::&lt;init&gt;@3 (line 106)
                                                            ; - jdk.internal.classfile.impl.SplitConstantPool::badCP@8 (line 100)
                                                            ; - jdk.internal.classfile.impl.SplitConstantPool::entryByIndex@13 (line 88)
                                                            ;   {post_call_nop}
  0x000077b458037dbc:   mov    0x90(%rsp),%rax
  0x000077b458037dc4:   movabs $0x77b4140e4e30,%rdx         ;   {metadata(method data for {method} {0x00000000463487b8} &apos;badCP&apos; &apos;(I)Ljava/lang/classfile/constantpool/ConstantPoolException;&apos; in &apos;jdk/internal/classfile/impl/SplitConstantPool&apos;)}
  0x000077b458037dce:   mov    0x8(%rax),%eax
  0x000077b458037dd1:   mov    $0x46000000,%r10d
  0x000077b458037dd7:   add    %r10,%rax
  0x000077b458037dda:   mov    $0x1e,%r10d
  0x000077b458037de0:   cmp    (%rdx,%r10,8),%rax
  0x000077b458037de4:   je     0x000077b458037e23
  0x000077b458037de6:   add    $0x2,%r10
  0x000077b458037dea:   cmp    $0x22,%r10
  0x000077b458037dee:   jne    0x000077b458037de0
  0x000077b458037df0:   mov    $0x1e,%r10d
  0x000077b458037df6:   cmpq   $0x0,(%rdx,%r10,8)
  0x000077b458037dfb:   je     0x000077b458037e09
  0x000077b458037dfd:   add    $0x2,%r10
  0x000077b458037e01:   cmp    $0x22,%r10
  0x000077b458037e05:   jne    0x000077b458037df6
  0x000077b458037e07:   jmp    0x000077b458037e1b
  0x000077b458037e09:   push   %rbx
  0x000077b458037e0a:   mov    %rax,%rbx
  0x000077b458037e0d:   xor    %rax,%rax
  0x000077b458037e10:   cmpxchg %rbx,(%rdx,%r10,8)
  0x000077b458037e15:   mov    %rbx,%rax
  0x000077b458037e18:   pop    %rbx
  0x000077b458037e19:   jmp    0x000077b458037dda
  0x000077b458037e1b:   mov    $0x1d,%r10d
  0x000077b458037e21:   jmp    0x000077b458037e27
  0x000077b458037e23:   add    $0x1,%r10
  0x000077b458037e27:   addq   $0x1,(%rdx,%r10,8)
  0x000077b458037e2c:   movabs $0x77b41401b028,%rdx         ;   {metadata(method data for {method} {0x00000000461bab10} &apos;append&apos; &apos;(Ljava/lang/String;)Ljava/lang/StringBuilder;&apos; in &apos;java/lang/StringBuilder&apos;)}
  0x000077b458037e36:   mov    0x90(%rdx),%esi
  0x000077b458037e3c:   add    $0x2,%esi
  0x000077b458037e3f:   mov    %esi,0x90(%rdx)
  0x000077b458037e45:   and    $0x1ffffe,%esi
  0x000077b458037e4b:   test   %esi,%esi
  0x000077b458037e4d:   je     0x000077b458038950
  0x000077b458037e53:   mov    0x90(%rsp),%rax
  0x000077b458037e5b:   movabs $0x77b41401b028,%rdx         ;   {metadata(method data for {method} {0x00000000461bab10} &apos;append&apos; &apos;(Ljava/lang/String;)Ljava/lang/StringBuilder;&apos; in &apos;java/lang/StringBuilder&apos;)}
  0x000077b458037e65:   addq   $0x1,0xd8(%rdx)
  0x000077b458037e6d:   movabs $0x7ff872b40,%rdx            ;   {oop(&quot;Bad CP index: &quot;{0x00000007ff872b40})}
  0x000077b458037e77:   mov    0x90(%rsp),%rsi              ;*invokespecial append {reexecute=0 rethrow=0 return_oop=0}
                                                            ; - java.lang.StringBuilder::append@2 (line 179)
                                                            ; - jdk.internal.classfile.impl.SplitConstantPool::badCP@13 (line 100)
                                                            ; - jdk.internal.classfile.impl.SplitConstantPool::entryByIndex@13 (line 88)
  0x000077b458037e7f:   call   0x000077b45f4ad9e0           ; ImmutableOopMap {[144]=Oop [160]=Oop }
                                                            ;*invokespecial append {reexecute=0 rethrow=0 return_oop=0}
                                                            ; - java.lang.StringBuilder::append@2 (line 179)
                                                            ; - jdk.internal.classfile.impl.SplitConstantPool::badCP@13 (line 100)
                                                            ; - jdk.internal.classfile.impl.SplitConstantPool::entryByIndex@13 (line 88)
                                                            ;   {optimized virtual_call}
  0x000077b458037e84:   nopl   0x10003fc(%rax,%rax,1)       ;*invokespecial append {reexecute=0 rethrow=0 return_oop=0}
                                                            ; - java.lang.StringBuilder::append@2 (line 179)
                                                            ; - jdk.internal.classfile.impl.SplitConstantPool::badCP@13 (line 100)
                                                            ; - jdk.internal.classfile.impl.SplitConstantPool::entryByIndex@13 (line 88)
                                                            ;   {post_call_nop}
  0x000077b458037e8c:   mov    0x90(%rsp),%rax
  0x000077b458037e94:   movabs $0x77b4140e4e30,%rdx         ;   {metadata(method data for {method} {0x00000000463487b8} &apos;badCP&apos; &apos;(I)Ljava/lang/classfile/constantpool/ConstantPoolException;&apos; in &apos;jdk/internal/classfile/impl/SplitConstantPool&apos;)}
  0x000077b458037e9e:   mov    0x8(%rax),%eax
  0x000077b458037ea1:   mov    $0x46000000,%r10d
  0x000077b458037ea7:   add    %r10,%rax
  0x000077b458037eaa:   mov    $0x24,%r10d
  0x000077b458037eb0:   cmp    (%rdx,%r10,8),%rax
  0x000077b458037eb4:   je     0x000077b458037ef3
  0x000077b458037eb6:   add    $0x2,%r10
  0x000077b458037eba:   cmp    $0x28,%r10
  0x000077b458037ebe:   jne    0x000077b458037eb0
  0x000077b458037ec0:   mov    $0x24,%r10d
  0x000077b458037ec6:   cmpq   $0x0,(%rdx,%r10,8)
  0x000077b458037ecb:   je     0x000077b458037ed9
  0x000077b458037ecd:   add    $0x2,%r10
  0x000077b458037ed1:   cmp    $0x28,%r10
  0x000077b458037ed5:   jne    0x000077b458037ec6
  0x000077b458037ed7:   jmp    0x000077b458037eeb
  0x000077b458037ed9:   push   %rbx
  0x000077b458037eda:   mov    %rax,%rbx
  0x000077b458037edd:   xor    %rax,%rax
  0x000077b458037ee0:   cmpxchg %rbx,(%rdx,%r10,8)
  0x000077b458037ee5:   mov    %rbx,%rax
  0x000077b458037ee8:   pop    %rbx
  0x000077b458037ee9:   jmp    0x000077b458037eaa
  0x000077b458037eeb:   mov    $0x23,%r10d
  0x000077b458037ef1:   jmp    0x000077b458037ef7
  0x000077b458037ef3:   add    $0x1,%r10
  0x000077b458037ef7:   addq   $0x1,(%rdx,%r10,8)
  0x000077b458037efc:   movabs $0x77b41401b480,%rdx         ;   {metadata(method data for {method} {0x00000000461bad78} &apos;append&apos; &apos;(I)Ljava/lang/StringBuilder;&apos; in &apos;java/lang/StringBuilder&apos;)}
  0x000077b458037f06:   mov    0x90(%rdx),%esi
  0x000077b458037f0c:   add    $0x2,%esi
  0x000077b458037f0f:   mov    %esi,0x90(%rdx)
  0x000077b458037f15:   and    $0x1ffffe,%esi
  0x000077b458037f1b:   test   %esi,%esi
  0x000077b458037f1d:   je     0x000077b458038971
  0x000077b458037f23:   mov    0x90(%rsp),%rax
  0x000077b458037f2b:   movabs $0x77b41401b480,%rdx         ;   {metadata(method data for {method} {0x00000000461bad78} &apos;append&apos; &apos;(I)Ljava/lang/StringBuilder;&apos; in &apos;java/lang/StringBuilder&apos;)}
  0x000077b458037f35:   addq   $0x1,0xd8(%rdx)
  0x000077b458037f3d:   mov    0x98(%rsp),%edx
  0x000077b458037f44:   mov    0x90(%rsp),%rsi              ;*invokespecial append {reexecute=0 rethrow=0 return_oop=0}
                                                            ; - java.lang.StringBuilder::append@2 (line 253)
                                                            ; - jdk.internal.classfile.impl.SplitConstantPool::badCP@17 (line 100)
                                                            ; - jdk.internal.classfile.impl.SplitConstantPool::entryByIndex@13 (line 88)
  0x000077b458037f4c:   data16 xchg %ax,%ax
  0x000077b458037f4f:   call   0x000077b45f4ad9e0           ; ImmutableOopMap {[144]=Oop [160]=Oop }
                                                            ;*invokespecial append {reexecute=0 rethrow=0 return_oop=0}
                                                            ; - java.lang.StringBuilder::append@2 (line 253)
                                                            ; - jdk.internal.classfile.impl.SplitConstantPool::badCP@17 (line 100)
                                                            ; - jdk.internal.classfile.impl.SplitConstantPool::entryByIndex@13 (line 88)
                                                            ;   {optimized virtual_call}
  0x000077b458037f54:   nopl   0x20004cc(%rax,%rax,1)       ;*invokespecial append {reexecute=0 rethrow=0 return_oop=0}
                                                            ; - java.lang.StringBuilder::append@2 (line 253)
                                                            ; - jdk.internal.classfile.impl.SplitConstantPool::badCP@17 (line 100)
                                                            ; - jdk.internal.classfile.impl.SplitConstantPool::entryByIndex@13 (line 88)
                                                            ;   {post_call_nop}
  0x000077b458037f5c:   mov    0x90(%rsp),%rax
  0x000077b458037f64:   movabs $0x77b4140e4e30,%rdx         ;   {metadata(method data for {method} {0x00000000463487b8} &apos;badCP&apos; &apos;(I)Ljava/lang/classfile/constantpool/ConstantPoolException;&apos; in &apos;jdk/internal/classfile/impl/SplitConstantPool&apos;)}
  0x000077b458037f6e:   mov    0x8(%rax),%eax
  0x000077b458037f71:   mov    $0x46000000,%r10d
  0x000077b458037f77:   add    %r10,%rax
  0x000077b458037f7a:   mov    $0x2a,%r10d
  0x000077b458037f80:   cmp    (%rdx,%r10,8),%rax
  0x000077b458037f84:   je     0x000077b458037fc3
  0x000077b458037f86:   add    $0x2,%r10
  0x000077b458037f8a:   cmp    $0x2e,%r10
  0x000077b458037f8e:   jne    0x000077b458037f80
  0x000077b458037f90:   mov    $0x2a,%r10d
  0x000077b458037f96:   cmpq   $0x0,(%rdx,%r10,8)
  0x000077b458037f9b:   je     0x000077b458037fa9
  0x000077b458037f9d:   add    $0x2,%r10
  0x000077b458037fa1:   cmp    $0x2e,%r10
  0x000077b458037fa5:   jne    0x000077b458037f96
  0x000077b458037fa7:   jmp    0x000077b458037fbb
  0x000077b458037fa9:   push   %rbx
  0x000077b458037faa:   mov    %rax,%rbx
  0x000077b458037fad:   xor    %rax,%rax
  0x000077b458037fb0:   cmpxchg %rbx,(%rdx,%r10,8)
  0x000077b458037fb5:   mov    %rbx,%rax
  0x000077b458037fb8:   pop    %rbx
  0x000077b458037fb9:   jmp    0x000077b458037f7a
  0x000077b458037fbb:   mov    $0x29,%r10d
  0x000077b458037fc1:   jmp    0x000077b458037fc7
  0x000077b458037fc3:   add    $0x1,%r10
  0x000077b458037fc7:   addq   $0x1,(%rdx,%r10,8)
  0x000077b458037fcc:   movabs $0x77b41401b880,%rdx         ;   {metadata(method data for {method} {0x00000000461b93a0} &apos;toString&apos; &apos;()Ljava/lang/String;&apos; in &apos;java/lang/StringBuilder&apos;)}
  0x000077b458037fd6:   mov    0x90(%rdx),%esi
  0x000077b458037fdc:   add    $0x2,%esi
  0x000077b458037fdf:   mov    %esi,0x90(%rdx)
  0x000077b458037fe5:   and    $0x1ffffe,%esi
  0x000077b458037feb:   test   %esi,%esi
  0x000077b458037fed:   je     0x000077b458038992
  0x000077b458037ff3:   mov    0x90(%rsp),%rax
  0x000077b458037ffb:   movabs $0x77b41401b880,%rdx         ;   {metadata(method data for {method} {0x00000000461b93a0} &apos;toString&apos; &apos;()Ljava/lang/String;&apos; in &apos;java/lang/StringBuilder&apos;)}
  0x000077b458038005:   mov    0x8(%rax),%eax
  0x000077b458038008:   mov    $0x46000000,%r10d
  0x000077b45803800e:   add    %r10,%rax
  0x000077b458038011:   mov    $0x1c,%r10d
  0x000077b458038017:   cmp    (%rdx,%r10,8),%rax
  0x000077b45803801b:   je     0x000077b45803805a
  0x000077b45803801d:   add    $0x2,%r10
  0x000077b458038021:   cmp    $0x20,%r10
  0x000077b458038025:   jne    0x000077b458038017
  0x000077b458038027:   mov    $0x1c,%r10d
  0x000077b45803802d:   cmpq   $0x0,(%rdx,%r10,8)
  0x000077b458038032:   je     0x000077b458038040
  0x000077b458038034:   add    $0x2,%r10
  0x000077b458038038:   cmp    $0x20,%r10
  0x000077b45803803c:   jne    0x000077b45803802d
  0x000077b45803803e:   jmp    0x000077b458038052
  0x000077b458038040:   push   %rbx
  0x000077b458038041:   mov    %rax,%rbx
  0x000077b458038044:   xor    %rax,%rax
  0x000077b458038047:   cmpxchg %rbx,(%rdx,%r10,8)
  0x000077b45803804c:   mov    %rbx,%rax
  0x000077b45803804f:   pop    %rbx
  0x000077b458038050:   jmp    0x000077b458038011
  0x000077b458038052:   mov    $0x1b,%r10d
  0x000077b458038058:   jmp    0x000077b45803805e
  0x000077b45803805a:   add    $0x1,%r10
  0x000077b45803805e:   addq   $0x1,(%rdx,%r10,8)
  0x000077b458038063:   movabs $0x77b41401ba78,%rdx         ;   {metadata(method data for {method} {0x00000000461b94b8} &apos;length&apos; &apos;()I&apos; in &apos;java/lang/StringBuilder&apos;)}
  0x000077b45803806d:   mov    0x90(%rdx),%esi
  0x000077b458038073:   add    $0x2,%esi
  0x000077b458038076:   mov    %esi,0x90(%rdx)
  0x000077b45803807c:   and    $0x1ffffe,%esi
  0x000077b458038082:   test   %esi,%esi
  0x000077b458038084:   je     0x000077b4580389b3
  0x000077b45803808a:   mov    0x90(%rsp),%rax
  0x000077b458038092:   movabs $0x77b41401ba78,%rdx         ;   {metadata(method data for {method} {0x00000000461b94b8} &apos;length&apos; &apos;()I&apos; in &apos;java/lang/StringBuilder&apos;)}
  0x000077b45803809c:   addq   $0x1,0xd8(%rdx)
  0x000077b4580380a4:   mov    0x90(%rsp),%rbx
  0x000077b4580380ac:   mov    0xc(%rbx),%edx               ;*getfield count {reexecute=0 rethrow=0 return_oop=0}
                                                            ; - java.lang.AbstractStringBuilder::length@1 (line 199)
                                                            ; - java.lang.StringBuilder::length@1 (line 91)
                                                            ; - java.lang.StringBuilder::toString@1 (line 474)
                                                            ; - jdk.internal.classfile.impl.SplitConstantPool::badCP@20 (line 100)
                                                            ; - jdk.internal.classfile.impl.SplitConstantPool::entryByIndex@13 (line 88)
  0x000077b4580380af:   test   %edx,%edx
  0x000077b4580380b1:   movabs $0x77b41401b880,%rdx         ;   {metadata(method data for {method} {0x00000000461b93a0} &apos;toString&apos; &apos;()Ljava/lang/String;&apos; in &apos;java/lang/StringBuilder&apos;)}
  0x000077b4580380bb:   mov    $0x108,%esi
  0x000077b4580380c0:   jne    0x000077b4580380c7
  0x000077b4580380c2:   mov    $0x118,%esi
  0x000077b4580380c7:   mov    (%rdx,%rsi,1),%rdi
  0x000077b4580380cb:   lea    0x1(%rdi),%rdi
  0x000077b4580380cf:   mov    %rdi,(%rdx,%rsi,1)
  0x000077b4580380d3:   jne    0x000077b4580380e8           ;*ifne {reexecute=0 rethrow=0 return_oop=0}
                                                            ; - java.lang.StringBuilder::toString@4 (line 474)
                                                            ; - jdk.internal.classfile.impl.SplitConstantPool::badCP@20 (line 100)
                                                            ; - jdk.internal.classfile.impl.SplitConstantPool::entryByIndex@13 (line 88)
  0x000077b4580380d9:   movabs $0x7ff8044c8,%rsi            ;   {oop(&quot;&quot;{0x00000007ff8044c8})}
  0x000077b4580380e3:   jmp    0x000077b458038861           ;*invokespecial &lt;init&gt; {reexecute=0 rethrow=0 return_oop=0}
                                                            ; - jdk.internal.classfile.impl.SplitConstantPool::badCP@23 (line 100)
                                                            ; - jdk.internal.classfile.impl.SplitConstantPool::entryByIndex@13 (line 88)
  0x000077b4580380e8:   movabs $0x46178db8,%rdx             ;   {metadata(&apos;java/lang/String&apos;)}
  0x000077b4580380f2:   mov    0x1b0(%r15),%rax
  0x000077b4580380f9:   lea    0x18(%rax),%rdi
  0x000077b4580380fd:   cmp    0x1c0(%r15),%rdi
  0x000077b458038104:   ja     0x000077b4580389d4
  0x000077b45803810a:   mov    %rdi,0x1b0(%r15)
  0x000077b458038111:   movq   $0x1,(%rax)
  0x000077b458038118:   mov    %rdx,%rcx
  0x000077b45803811b:   mov    $0x46000000,%r10d
  0x000077b458038121:   sub    %r10,%rcx
  0x000077b458038124:   mov    %ecx,0x8(%rax)
  0x000077b458038127:   xor    %rcx,%rcx
  0x000077b45803812a:   mov    %ecx,0xc(%rax)
  0x000077b45803812d:   xor    %rcx,%rcx
  0x000077b458038130:   mov    %rcx,0x10(%rax)              ;*new {reexecute=0 rethrow=0 return_oop=0}
                                                            ; - java.lang.StringBuilder::toString@10 (line 478)
                                                            ; - jdk.internal.classfile.impl.SplitConstantPool::badCP@20 (line 100)
                                                            ; - jdk.internal.classfile.impl.SplitConstantPool::entryByIndex@13 (line 88)
  0x000077b458038134:   mov    %rax,%rdx
  0x000077b458038137:   movabs $0x77b41401b880,%rcx         ;   {metadata(method data for {method} {0x00000000461b93a0} &apos;toString&apos; &apos;()Ljava/lang/String;&apos; in &apos;java/lang/StringBuilder&apos;)}
  0x000077b458038141:   addq   $0x1,0x128(%rcx)
  0x000077b458038149:   mov    %rbx,%rdx
  0x000077b45803814c:   movabs $0x0,%rcx                    ;   {oop(nullptr)}
  0x000077b458038156:   mov    %rax,%rsi                    ;*invokespecial &lt;init&gt; {reexecute=0 rethrow=0 return_oop=0}
                                                            ; - java.lang.StringBuilder::toString@16 (line 478)
                                                            ; - jdk.internal.classfile.impl.SplitConstantPool::badCP@20 (line 100)
                                                            ; - jdk.internal.classfile.impl.SplitConstantPool::entryByIndex@13 (line 88)
  0x000077b458038159:   mov    %rax,0xa8(%rsp)
  0x000077b458038161:   nopw   0x0(%rax,%rax,1)
  0x000077b458038167:   call   0x000077b45f4ad9e0           ; ImmutableOopMap {[160]=Oop [168]=Oop }
                                                            ;*invokespecial &lt;init&gt; {reexecute=0 rethrow=0 return_oop=0}
                                                            ; - java.lang.StringBuilder::toString@16 (line 478)
                                                            ; - jdk.internal.classfile.impl.SplitConstantPool::badCP@20 (line 100)
                                                            ; - jdk.internal.classfile.impl.SplitConstantPool::entryByIndex@13 (line 88)
                                                            ;   {optimized virtual_call}
  0x000077b45803816c:   nopl   0x30006e4(%rax,%rax,1)       ;*invokespecial &lt;init&gt; {reexecute=0 rethrow=0 return_oop=0}
                                                            ; - java.lang.StringBuilder::toString@16 (line 478)
                                                            ; - jdk.internal.classfile.impl.SplitConstantPool::badCP@20 (line 100)
                                                            ; - jdk.internal.classfile.impl.SplitConstantPool::entryByIndex@13 (line 88)
                                                            ;   {post_call_nop}
  0x000077b458038174:   mov    0xa8(%rsp),%rsi
  0x000077b45803817c:   jmp    0x000077b458038861           ;*invokespecial &lt;init&gt; {reexecute=0 rethrow=0 return_oop=0}
                                                            ; - jdk.internal.classfile.impl.SplitConstantPool::badCP@23 (line 100)
                                                            ; - jdk.internal.classfile.impl.SplitConstantPool::entryByIndex@13 (line 88)
  0x000077b458038181:   mov    0xc(%rsi),%edi               ;*getfield parentSize {reexecute=0 rethrow=0 return_oop=0}
                                                            ; - jdk.internal.classfile.impl.SplitConstantPool::entryByIndex@19 (line 90)
  0x000077b458038184:   cmp    %edi,%edx
  0x000077b458038186:   movabs $0x77b4140e2f58,%rcx         ;   {metadata(method data for {method} {0x0000000046348600} &apos;entryByIndex&apos; &apos;(I)Ljava/lang/classfile/constantpool/PoolEntry;&apos; in &apos;jdk/internal/classfile/impl/SplitConstantPool&apos;)}
  0x000077b458038190:   mov    $0x158,%ebx
  0x000077b458038195:   jge    0x000077b45803819c
  0x000077b458038197:   mov    $0x168,%ebx
  0x000077b45803819c:   mov    (%rcx,%rbx,1),%rax
  0x000077b4580381a0:   lea    0x1(%rax),%rax
  0x000077b4580381a4:   mov    %rax,(%rcx,%rbx,1)
  0x000077b4580381a8:   jge    0x000077b4580382e1           ;*if_icmpge {reexecute=0 rethrow=0 return_oop=0}
                                                            ; - jdk.internal.classfile.impl.SplitConstantPool::entryByIndex@22 (line 90)
  0x000077b4580381ae:   mov    0x20(%rsi),%esi
  0x000077b4580381b1:   shl    $0x3,%rsi                    ;*getfield parent {reexecute=0 rethrow=0 return_oop=0}
                                                            ; - jdk.internal.classfile.impl.SplitConstantPool::entryByIndex@26 (line 91)
  0x000077b4580381b5:   cmp    (%rsi),%rax                  ; implicit exception: dispatches to 0x000077b4580389e1
                                                            ;*invokevirtual entryByIndex {reexecute=0 rethrow=0 return_oop=0}
                                                            ; - jdk.internal.classfile.impl.SplitConstantPool::entryByIndex@30 (line 91)
  0x000077b4580381b8:   mov    %rsi,%rcx
  0x000077b4580381bb:   movabs $0x77b4140e2f58,%rdi         ;   {metadata(method data for {method} {0x0000000046348600} &apos;entryByIndex&apos; &apos;(I)Ljava/lang/classfile/constantpool/PoolEntry;&apos; in &apos;jdk/internal/classfile/impl/SplitConstantPool&apos;)}
  0x000077b4580381c5:   mov    0x8(%rcx),%ecx
  0x000077b4580381c8:   mov    $0x46000000,%r10d
  0x000077b4580381ce:   add    %r10,%rcx
  0x000077b4580381d1:   mov    $0x30,%r10d
  0x000077b4580381d7:   cmp    (%rdi,%r10,8),%rcx
  0x000077b4580381db:   je     0x000077b458038214
  0x000077b4580381dd:   add    $0x2,%r10
  0x000077b4580381e1:   cmp    $0x34,%r10
  0x000077b4580381e5:   jne    0x000077b4580381d7
  0x000077b4580381e7:   mov    $0x30,%r10d
  0x000077b4580381ed:   cmpq   $0x0,(%rdi,%r10,8)
  0x000077b4580381f2:   je     0x000077b458038200
  0x000077b4580381f4:   add    $0x2,%r10
  0x000077b4580381f8:   cmp    $0x34,%r10
  0x000077b4580381fc:   jne    0x000077b4580381ed
  0x000077b4580381fe:   jmp    0x000077b45803820c
  0x000077b458038200:   push   %rax
  0x000077b458038201:   xor    %rax,%rax
  0x000077b458038204:   cmpxchg %rcx,(%rdi,%r10,8)
  0x000077b458038209:   pop    %rax
  0x000077b45803820a:   jmp    0x000077b4580381d1
  0x000077b45803820c:   mov    $0x2f,%r10d
  0x000077b458038212:   jmp    0x000077b458038218
  0x000077b458038214:   add    $0x1,%r10
  0x000077b458038218:   addq   $0x1,(%rdi,%r10,8)
  0x000077b45803821d:   movabs $0x77b4140e3208,%rcx         ;   {metadata(method data for {method} {0x0000000046346450} &apos;entryByIndex&apos; &apos;(I)Ljava/lang/classfile/constantpool/PoolEntry;&apos; in &apos;jdk/internal/classfile/impl/ClassReaderImpl&apos;)}
  0x000077b458038227:   mov    0x90(%rcx),%edi
  0x000077b45803822d:   add    $0x2,%edi
  0x000077b458038230:   mov    %edi,0x90(%rcx)
  0x000077b458038236:   and    $0x1ffffe,%edi
  0x000077b45803823c:   test   %edi,%edi
  0x000077b45803823e:   je     0x000077b4580389e6
  0x000077b458038244:   mov    %rsi,%rcx
  0x000077b458038247:   movabs $0x77b4140e3208,%rdi         ;   {metadata(method data for {method} {0x0000000046346450} &apos;entryByIndex&apos; &apos;(I)Ljava/lang/classfile/constantpool/PoolEntry;&apos; in &apos;jdk/internal/classfile/impl/ClassReaderImpl&apos;)}
  0x000077b458038251:   mov    0x8(%rcx),%ecx
  0x000077b458038254:   mov    $0x46000000,%r10d
  0x000077b45803825a:   add    %r10,%rcx
  0x000077b45803825d:   mov    $0x1c,%r10d
  0x000077b458038263:   cmp    (%rdi,%r10,8),%rcx
  0x000077b458038267:   je     0x000077b4580382a0
  0x000077b458038269:   add    $0x2,%r10
  0x000077b45803826d:   cmp    $0x20,%r10
  0x000077b458038271:   jne    0x000077b458038263
  0x000077b458038273:   mov    $0x1c,%r10d
  0x000077b458038279:   cmpq   $0x0,(%rdi,%r10,8)
  0x000077b45803827e:   je     0x000077b45803828c
  0x000077b458038280:   add    $0x2,%r10
  0x000077b458038284:   cmp    $0x20,%r10
  0x000077b458038288:   jne    0x000077b458038279
  0x000077b45803828a:   jmp    0x000077b458038298
  0x000077b45803828c:   push   %rax
  0x000077b45803828d:   xor    %rax,%rax
  0x000077b458038290:   cmpxchg %rcx,(%rdi,%r10,8)
  0x000077b458038295:   pop    %rax
  0x000077b458038296:   jmp    0x000077b45803825d
  0x000077b458038298:   mov    $0x1b,%r10d
  0x000077b45803829e:   jmp    0x000077b4580382a4
  0x000077b4580382a0:   add    $0x1,%r10
  0x000077b4580382a4:   addq   $0x1,(%rdi,%r10,8)
  0x000077b4580382a9:   mov    %rdx,%rdi
  0x000077b4580382ac:   mov    %rdi,%rdx
  0x000077b4580382af:   movabs $0x7ff8564c0,%rcx            ;*invokevirtual entryByIndex {reexecute=0 rethrow=0 return_oop=0}
                                                            ; - jdk.internal.classfile.impl.ClassReaderImpl::entryByIndex@4 (line 329)
                                                            ; - jdk.internal.classfile.impl.SplitConstantPool::entryByIndex@30 (line 91)
                                                            ;   {oop(a &apos;java/lang/Class&apos;{0x00000007ff8564c0} = &apos;java/lang/classfile/constantpool/PoolEntry&apos;)}
  0x000077b4580382b9:   nopw   0x0(%rax,%rax,1)
  0x000077b4580382bf:   call   0x000077b45f4ad9e0           ; ImmutableOopMap {}
                                                            ;*invokevirtual entryByIndex {reexecute=0 rethrow=0 return_oop=0}
                                                            ; - jdk.internal.classfile.impl.ClassReaderImpl::entryByIndex@4 (line 329)
                                                            ; - jdk.internal.classfile.impl.SplitConstantPool::entryByIndex@30 (line 91)
                                                            ;   {optimized virtual_call}
  0x000077b4580382c4:   nopl   0x400083c(%rax,%rax,1)       ;*invokevirtual entryByIndex {reexecute=0 rethrow=0 return_oop=0}
                                                            ; - jdk.internal.classfile.impl.ClassReaderImpl::entryByIndex@4 (line 329)
                                                            ; - jdk.internal.classfile.impl.SplitConstantPool::entryByIndex@30 (line 91)
                                                            ;   {post_call_nop}
  0x000077b4580382cc:   movabs $0x77b4140e2f58,%rdx         ;   {metadata(method data for {method} {0x0000000046348600} &apos;entryByIndex&apos; &apos;(I)Ljava/lang/classfile/constantpool/PoolEntry;&apos; in &apos;jdk/internal/classfile/impl/SplitConstantPool&apos;)}
  0x000077b4580382d6:   incl   0x1a8(%rdx)
  0x000077b4580382dc:   jmp    0x000077b458038308           ;*goto {reexecute=0 rethrow=0 return_oop=0}
                                                            ; - jdk.internal.classfile.impl.SplitConstantPool::entryByIndex@33 (line 91)
  0x000077b4580382e1:   mov    0x24(%rsi),%edx
  0x000077b4580382e4:   shl    $0x3,%rdx                    ;*getfield myEntries {reexecute=0 rethrow=0 return_oop=0}
                                                            ; - jdk.internal.classfile.impl.SplitConstantPool::entryByIndex@37 (line 92)
  0x000077b4580382e8:   mov    0x98(%rsp),%eax
  0x000077b4580382ef:   sub    %edi,%eax
  0x000077b4580382f1:   cmp    0xc(%rdx),%eax               ; implicit exception: dispatches to 0x000077b458038a07
  0x000077b4580382f4:   jae    0x000077b458038a11
  0x000077b4580382fa:   movslq %eax,%rax
  0x000077b4580382fd:   mov    0x10(%rdx,%rax,4),%edx
  0x000077b458038301:   shl    $0x3,%rdx                    ;*aaload {reexecute=0 rethrow=0 return_oop=0}
                                                            ; - jdk.internal.classfile.impl.SplitConstantPool::entryByIndex@46 (line 92)
  0x000077b458038305:   mov    %rdx,%rax                    ;*astore_2 {reexecute=0 rethrow=0 return_oop=0}
                                                            ; - jdk.internal.classfile.impl.SplitConstantPool::entryByIndex@47 (line 92)
  0x000077b458038308:   test   %rax,%rax
  0x000077b45803830b:   movabs $0x77b4140e2f58,%rdx         ;   {metadata(method data for {method} {0x0000000046348600} &apos;entryByIndex&apos; &apos;(I)Ljava/lang/classfile/constantpool/PoolEntry;&apos; in &apos;jdk/internal/classfile/impl/SplitConstantPool&apos;)}
  0x000077b458038315:   mov    $0x1c0,%esi
  0x000077b45803831a:   jne    0x000077b458038321
  0x000077b45803831c:   mov    $0x1d0,%esi
  0x000077b458038321:   mov    (%rdx,%rsi,1),%rdi
  0x000077b458038325:   lea    0x1(%rdi),%rdi
  0x000077b458038329:   mov    %rdi,(%rdx,%rsi,1)
  0x000077b45803832d:   jne    0x000077b458038809           ;*ifnonnull {reexecute=0 rethrow=0 return_oop=0}
                                                            ; - jdk.internal.classfile.impl.SplitConstantPool::entryByIndex@49 (line 93)
  0x000077b458038333:   movabs $0x77b4140e2f58,%rax         ;   {metadata(method data for {method} {0x0000000046348600} &apos;entryByIndex&apos; &apos;(I)Ljava/lang/classfile/constantpool/PoolEntry;&apos; in &apos;jdk/internal/classfile/impl/SplitConstantPool&apos;)}
  0x000077b45803833d:   addq   $0x1,0x1e0(%rax)
  0x000077b458038345:   movabs $0x77b4140e4710,%rax         ;   {metadata(method data for {method} {0x0000000046348810} &apos;unusableCP&apos; &apos;(I)Ljava/lang/classfile/constantpool/ConstantPoolException;&apos; in &apos;jdk/internal/classfile/impl/SplitConstantPool&apos;)}
  0x000077b45803834f:   mov    0x90(%rax),%esi
  0x000077b458038355:   add    $0x2,%esi
  0x000077b458038358:   mov    %esi,0x90(%rax)
  0x000077b45803835e:   and    $0x1ffffe,%esi
  0x000077b458038364:   test   %esi,%esi
  0x000077b458038366:   je     0x000077b458038a1f
  0x000077b45803836c:   nopl   0x0(%rax)
  0x000077b458038370:   jmp    0x000077b458038a4f           ;   {other}
  0x000077b458038375:   add    %al,(%rax)
  0x000077b458038377:   add    %al,(%rax)
  0x000077b458038379:   add    %ch,%cl
  0x000077b45803837b:   fiaddl (%rsi)
  0x000077b45803837d:   add    %al,(%rax)                   ;*new {reexecute=0 rethrow=0 return_oop=0}
                                                            ; - jdk.internal.classfile.impl.SplitConstantPool::unusableCP@0 (line 104)
                                                            ; - jdk.internal.classfile.impl.SplitConstantPool::entryByIndex@53 (line 94)
  0x000077b45803837f:   nop
  0x000077b458038380:   jmp    0x000077b458038a75           ;   {other}
  0x000077b458038385:   add    %al,(%rax)
  0x000077b458038387:   add    %al,(%rax)
  0x000077b458038389:   add    %cl,-0x77(%rax)
  0x000077b45803838c:   test   %ah,(%rax,%rdi,4)
  0x000077b45803838f:   add    %al,(%rax)
  0x000077b458038391:   add    %cl,-0x75(%rcx)
  0x000077b458038394:   xchg   %esi,0x48000001(%rax)
  0x000077b45803839a:   lea    0x18(%rax),%edi
  0x000077b45803839d:   cmp    0x1c0(%r15),%rdi
  0x000077b4580383a4:   ja     0x000077b458038a7f
  0x000077b4580383aa:   mov    %rdi,0x1b0(%r15)
  0x000077b4580383b1:   movq   $0x1,(%rax)
  0x000077b4580383b8:   mov    %rdx,%rcx
  0x000077b4580383bb:   mov    $0x46000000,%r10d
  0x000077b4580383c1:   sub    %r10,%rcx
  0x000077b4580383c4:   mov    %ecx,0x8(%rax)
  0x000077b4580383c7:   xor    %rcx,%rcx
  0x000077b4580383ca:   mov    %ecx,0xc(%rax)
  0x000077b4580383cd:   xor    %rcx,%rcx
  0x000077b4580383d0:   mov    %rcx,0x10(%rax)              ;*new {reexecute=0 rethrow=0 return_oop=0}
                                                            ; - jdk.internal.classfile.impl.SplitConstantPool::unusableCP@4 (line 104)
                                                            ; - jdk.internal.classfile.impl.SplitConstantPool::entryByIndex@53 (line 94)
  0x000077b4580383d4:   mov    %rax,%rdx
  0x000077b4580383d7:   movabs $0x77b4140e4710,%rsi         ;   {metadata(method data for {method} {0x0000000046348810} &apos;unusableCP&apos; &apos;(I)Ljava/lang/classfile/constantpool/ConstantPoolException;&apos; in &apos;jdk/internal/classfile/impl/SplitConstantPool&apos;)}
  0x000077b4580383e1:   addq   $0x1,0xd8(%rsi)
  0x000077b4580383e9:   movabs $0x77b41401a9e8,%rdx         ;   {metadata(method data for {method} {0x00000000461ba900} &apos;&lt;init&gt;&apos; &apos;()V&apos; in &apos;java/lang/StringBuilder&apos;)}
  0x000077b4580383f3:   mov    0x90(%rdx),%esi
  0x000077b4580383f9:   add    $0x2,%esi
  0x000077b4580383fc:   mov    %esi,0x90(%rdx)
  0x000077b458038402:   and    $0x1ffffe,%esi
  0x000077b458038408:   test   %esi,%esi
  0x000077b45803840a:   je     0x000077b458038a8c
  0x000077b458038410:   mov    %rax,%rdx
  0x000077b458038413:   movabs $0x77b41401a9e8,%rsi         ;   {metadata(method data for {method} {0x00000000461ba900} &apos;&lt;init&gt;&apos; &apos;()V&apos; in &apos;java/lang/StringBuilder&apos;)}
  0x000077b45803841d:   addq   $0x1,0xd8(%rsi)
  0x000077b458038425:   mov    $0x10,%edx
  0x000077b45803842a:   mov    %rax,%rsi                    ;*invokespecial &lt;init&gt; {reexecute=0 rethrow=0 return_oop=0}
                                                            ; - java.lang.StringBuilder::&lt;init&gt;@3 (line 106)
                                                            ; - jdk.internal.classfile.impl.SplitConstantPool::unusableCP@8 (line 104)
                                                            ; - jdk.internal.classfile.impl.SplitConstantPool::entryByIndex@53 (line 94)
  0x000077b45803842d:   mov    %rax,0xb0(%rsp)
  0x000077b458038435:   xchg   %ax,%ax
  0x000077b458038437:   call   0x000077b45f4ad9e0           ; ImmutableOopMap {[176]=Oop [184]=Oop }
                                                            ;*invokespecial &lt;init&gt; {reexecute=0 rethrow=0 return_oop=0}
                                                            ; - java.lang.StringBuilder::&lt;init&gt;@3 (line 106)
                                                            ; - jdk.internal.classfile.impl.SplitConstantPool::unusableCP@8 (line 104)
                                                            ; - jdk.internal.classfile.impl.SplitConstantPool::entryByIndex@53 (line 94)
                                                            ;   {optimized virtual_call}
  0x000077b45803843c:   nopl   0x50009b4(%rax,%rax,1)       ;*invokespecial &lt;init&gt; {reexecute=0 rethrow=0 return_oop=0}
                                                            ; - java.lang.StringBuilder::&lt;init&gt;@3 (line 106)
                                                            ; - jdk.internal.classfile.impl.SplitConstantPool::unusableCP@8 (line 104)
                                                            ; - jdk.internal.classfile.impl.SplitConstantPool::entryByIndex@53 (line 94)
                                                            ;   {post_call_nop}
  0x000077b458038444:   mov    0xb0(%rsp),%rax
  0x000077b45803844c:   movabs $0x77b4140e4710,%rdx         ;   {metadata(method data for {method} {0x0000000046348810} &apos;unusableCP&apos; &apos;(I)Ljava/lang/classfile/constantpool/ConstantPoolException;&apos; in &apos;jdk/internal/classfile/impl/SplitConstantPool&apos;)}
  0x000077b458038456:   mov    0x8(%rax),%eax
  0x000077b458038459:   mov    $0x46000000,%r10d
  0x000077b45803845f:   add    %r10,%rax
  0x000077b458038462:   mov    $0x1e,%r10d
  0x000077b458038468:   cmp    (%rdx,%r10,8),%rax
  0x000077b45803846c:   je     0x000077b4580384ab
  0x000077b45803846e:   add    $0x2,%r10
  0x000077b458038472:   cmp    $0x22,%r10
  0x000077b458038476:   jne    0x000077b458038468
  0x000077b458038478:   mov    $0x1e,%r10d
  0x000077b45803847e:   cmpq   $0x0,(%rdx,%r10,8)
  0x000077b458038483:   je     0x000077b458038491
  0x000077b458038485:   add    $0x2,%r10
  0x000077b458038489:   cmp    $0x22,%r10
  0x000077b45803848d:   jne    0x000077b45803847e
  0x000077b45803848f:   jmp    0x000077b4580384a3
  0x000077b458038491:   push   %rbx
  0x000077b458038492:   mov    %rax,%rbx
  0x000077b458038495:   xor    %rax,%rax
  0x000077b458038498:   cmpxchg %rbx,(%rdx,%r10,8)
  0x000077b45803849d:   mov    %rbx,%rax
  0x000077b4580384a0:   pop    %rbx
  0x000077b4580384a1:   jmp    0x000077b458038462
  0x000077b4580384a3:   mov    $0x1d,%r10d
  0x000077b4580384a9:   jmp    0x000077b4580384af
  0x000077b4580384ab:   add    $0x1,%r10
  0x000077b4580384af:   addq   $0x1,(%rdx,%r10,8)
  0x000077b4580384b4:   movabs $0x77b41401b028,%rdx         ;   {metadata(method data for {method} {0x00000000461bab10} &apos;append&apos; &apos;(Ljava/lang/String;)Ljava/lang/StringBuilder;&apos; in &apos;java/lang/StringBuilder&apos;)}
  0x000077b4580384be:   mov    0x90(%rdx),%esi
  0x000077b4580384c4:   add    $0x2,%esi
  0x000077b4580384c7:   mov    %esi,0x90(%rdx)
  0x000077b4580384cd:   and    $0x1ffffe,%esi
  0x000077b4580384d3:   test   %esi,%esi
  0x000077b4580384d5:   je     0x000077b458038aad
  0x000077b4580384db:   mov    0xb0(%rsp),%rax
  0x000077b4580384e3:   movabs $0x77b41401b028,%rdx         ;   {metadata(method data for {method} {0x00000000461bab10} &apos;append&apos; &apos;(Ljava/lang/String;)Ljava/lang/StringBuilder;&apos; in &apos;java/lang/StringBuilder&apos;)}
  0x000077b4580384ed:   addq   $0x1,0xd8(%rdx)
  0x000077b4580384f5:   movabs $0x7ff872b58,%rdx            ;   {oop(&quot;Unusable CP index: &quot;{0x00000007ff872b58})}
  0x000077b4580384ff:   mov    0xb0(%rsp),%rsi              ;*invokespecial append {reexecute=0 rethrow=0 return_oop=0}
                                                            ; - java.lang.StringBuilder::append@2 (line 179)
                                                            ; - jdk.internal.classfile.impl.SplitConstantPool::unusableCP@13 (line 104)
                                                            ; - jdk.internal.classfile.impl.SplitConstantPool::entryByIndex@53 (line 94)
  0x000077b458038507:   call   0x000077b45f4ad9e0           ; ImmutableOopMap {[176]=Oop [184]=Oop }
                                                            ;*invokespecial append {reexecute=0 rethrow=0 return_oop=0}
                                                            ; - java.lang.StringBuilder::append@2 (line 179)
                                                            ; - jdk.internal.classfile.impl.SplitConstantPool::unusableCP@13 (line 104)
                                                            ; - jdk.internal.classfile.impl.SplitConstantPool::entryByIndex@53 (line 94)
                                                            ;   {optimized virtual_call}
  0x000077b45803850c:   nopl   0x6000a84(%rax,%rax,1)       ;*invokespecial append {reexecute=0 rethrow=0 return_oop=0}
                                                            ; - java.lang.StringBuilder::append@2 (line 179)
                                                            ; - jdk.internal.classfile.impl.SplitConstantPool::unusableCP@13 (line 104)
                                                            ; - jdk.internal.classfile.impl.SplitConstantPool::entryByIndex@53 (line 94)
                                                            ;   {post_call_nop}
  0x000077b458038514:   mov    0xb0(%rsp),%rax
  0x000077b45803851c:   movabs $0x77b4140e4710,%rdx         ;   {metadata(method data for {method} {0x0000000046348810} &apos;unusableCP&apos; &apos;(I)Ljava/lang/classfile/constantpool/ConstantPoolException;&apos; in &apos;jdk/internal/classfile/impl/SplitConstantPool&apos;)}
  0x000077b458038526:   mov    0x8(%rax),%eax
  0x000077b458038529:   mov    $0x46000000,%r10d
  0x000077b45803852f:   add    %r10,%rax
  0x000077b458038532:   mov    $0x24,%r10d
  0x000077b458038538:   cmp    (%rdx,%r10,8),%rax
  0x000077b45803853c:   je     0x000077b45803857b
  0x000077b45803853e:   add    $0x2,%r10
  0x000077b458038542:   cmp    $0x28,%r10
  0x000077b458038546:   jne    0x000077b458038538
  0x000077b458038548:   mov    $0x24,%r10d
  0x000077b45803854e:   cmpq   $0x0,(%rdx,%r10,8)
  0x000077b458038553:   je     0x000077b458038561
  0x000077b458038555:   add    $0x2,%r10
  0x000077b458038559:   cmp    $0x28,%r10
  0x000077b45803855d:   jne    0x000077b45803854e
  0x000077b45803855f:   jmp    0x000077b458038573
  0x000077b458038561:   push   %rbx
  0x000077b458038562:   mov    %rax,%rbx
  0x000077b458038565:   xor    %rax,%rax
  0x000077b458038568:   cmpxchg %rbx,(%rdx,%r10,8)
  0x000077b45803856d:   mov    %rbx,%rax
  0x000077b458038570:   pop    %rbx
  0x000077b458038571:   jmp    0x000077b458038532
  0x000077b458038573:   mov    $0x23,%r10d
  0x000077b458038579:   jmp    0x000077b45803857f
  0x000077b45803857b:   add    $0x1,%r10
  0x000077b45803857f:   addq   $0x1,(%rdx,%r10,8)
  0x000077b458038584:   movabs $0x77b41401b480,%rdx         ;   {metadata(method data for {method} {0x00000000461bad78} &apos;append&apos; &apos;(I)Ljava/lang/StringBuilder;&apos; in &apos;java/lang/StringBuilder&apos;)}
  0x000077b45803858e:   mov    0x90(%rdx),%esi
  0x000077b458038594:   add    $0x2,%esi
  0x000077b458038597:   mov    %esi,0x90(%rdx)
  0x000077b45803859d:   and    $0x1ffffe,%esi
  0x000077b4580385a3:   test   %esi,%esi
  0x000077b4580385a5:   je     0x000077b458038ace
  0x000077b4580385ab:   mov    0xb0(%rsp),%rax
  0x000077b4580385b3:   movabs $0x77b41401b480,%rdx         ;   {metadata(method data for {method} {0x00000000461bad78} &apos;append&apos; &apos;(I)Ljava/lang/StringBuilder;&apos; in &apos;java/lang/StringBuilder&apos;)}
  0x000077b4580385bd:   addq   $0x1,0xd8(%rdx)
  0x000077b4580385c5:   mov    0x98(%rsp),%edx
  0x000077b4580385cc:   mov    0xb0(%rsp),%rsi              ;*invokespecial append {reexecute=0 rethrow=0 return_oop=0}
                                                            ; - java.lang.StringBuilder::append@2 (line 253)
                                                            ; - jdk.internal.classfile.impl.SplitConstantPool::unusableCP@17 (line 104)
                                                            ; - jdk.internal.classfile.impl.SplitConstantPool::entryByIndex@53 (line 94)
  0x000077b4580385d4:   data16 xchg %ax,%ax
  0x000077b4580385d7:   call   0x000077b45f4ad9e0           ; ImmutableOopMap {[176]=Oop [184]=Oop }
                                                            ;*invokespecial append {reexecute=0 rethrow=0 return_oop=0}
                                                            ; - java.lang.StringBuilder::append@2 (line 253)
                                                            ; - jdk.internal.classfile.impl.SplitConstantPool::unusableCP@17 (line 104)
                                                            ; - jdk.internal.classfile.impl.SplitConstantPool::entryByIndex@53 (line 94)
                                                            ;   {optimized virtual_call}
  0x000077b4580385dc:   nopl   0x7000b54(%rax,%rax,1)       ;*invokespecial append {reexecute=0 rethrow=0 return_oop=0}
                                                            ; - java.lang.StringBuilder::append@2 (line 253)
                                                            ; - jdk.internal.classfile.impl.SplitConstantPool::unusableCP@17 (line 104)
                                                            ; - jdk.internal.classfile.impl.SplitConstantPool::entryByIndex@53 (line 94)
                                                            ;   {post_call_nop}
  0x000077b4580385e4:   mov    0xb0(%rsp),%rax
  0x000077b4580385ec:   movabs $0x77b4140e4710,%rdx         ;   {metadata(method data for {method} {0x0000000046348810} &apos;unusableCP&apos; &apos;(I)Ljava/lang/classfile/constantpool/ConstantPoolException;&apos; in &apos;jdk/internal/classfile/impl/SplitConstantPool&apos;)}
  0x000077b4580385f6:   mov    0x8(%rax),%eax
  0x000077b4580385f9:   mov    $0x46000000,%r10d
  0x000077b4580385ff:   add    %r10,%rax
  0x000077b458038602:   mov    $0x2a,%r10d
  0x000077b458038608:   cmp    (%rdx,%r10,8),%rax
  0x000077b45803860c:   je     0x000077b45803864b
  0x000077b45803860e:   add    $0x2,%r10
  0x000077b458038612:   cmp    $0x2e,%r10
  0x000077b458038616:   jne    0x000077b458038608
  0x000077b458038618:   mov    $0x2a,%r10d
  0x000077b45803861e:   cmpq   $0x0,(%rdx,%r10,8)
  0x000077b458038623:   je     0x000077b458038631
  0x000077b458038625:   add    $0x2,%r10
  0x000077b458038629:   cmp    $0x2e,%r10
  0x000077b45803862d:   jne    0x000077b45803861e
  0x000077b45803862f:   jmp    0x000077b458038643
  0x000077b458038631:   push   %rbx
  0x000077b458038632:   mov    %rax,%rbx
  0x000077b458038635:   xor    %rax,%rax
  0x000077b458038638:   cmpxchg %rbx,(%rdx,%r10,8)
  0x000077b45803863d:   mov    %rbx,%rax
  0x000077b458038640:   pop    %rbx
  0x000077b458038641:   jmp    0x000077b458038602
  0x000077b458038643:   mov    $0x29,%r10d
  0x000077b458038649:   jmp    0x000077b45803864f
  0x000077b45803864b:   add    $0x1,%r10
  0x000077b45803864f:   addq   $0x1,(%rdx,%r10,8)
  0x000077b458038654:   movabs $0x77b41401b880,%rdx         ;   {metadata(method data for {method} {0x00000000461b93a0} &apos;toString&apos; &apos;()Ljava/lang/String;&apos; in &apos;java/lang/StringBuilder&apos;)}
  0x000077b45803865e:   mov    0x90(%rdx),%esi
  0x000077b458038664:   add    $0x2,%esi
  0x000077b458038667:   mov    %esi,0x90(%rdx)
  0x000077b45803866d:   and    $0x1ffffe,%esi
  0x000077b458038673:   test   %esi,%esi
  0x000077b458038675:   je     0x000077b458038aef
  0x000077b45803867b:   mov    0xb0(%rsp),%rax
  0x000077b458038683:   movabs $0x77b41401b880,%rdx         ;   {metadata(method data for {method} {0x00000000461b93a0} &apos;toString&apos; &apos;()Ljava/lang/String;&apos; in &apos;java/lang/StringBuilder&apos;)}
  0x000077b45803868d:   mov    0x8(%rax),%eax
  0x000077b458038690:   mov    $0x46000000,%r10d
  0x000077b458038696:   add    %r10,%rax
  0x000077b458038699:   mov    $0x1c,%r10d
  0x000077b45803869f:   cmp    (%rdx,%r10,8),%rax
  0x000077b4580386a3:   je     0x000077b4580386e2
  0x000077b4580386a5:   add    $0x2,%r10
  0x000077b4580386a9:   cmp    $0x20,%r10
  0x000077b4580386ad:   jne    0x000077b45803869f
  0x000077b4580386af:   mov    $0x1c,%r10d
  0x000077b4580386b5:   cmpq   $0x0,(%rdx,%r10,8)
  0x000077b4580386ba:   je     0x000077b4580386c8
  0x000077b4580386bc:   add    $0x2,%r10
  0x000077b4580386c0:   cmp    $0x20,%r10
  0x000077b4580386c4:   jne    0x000077b4580386b5
  0x000077b4580386c6:   jmp    0x000077b4580386da
  0x000077b4580386c8:   push   %rbx
  0x000077b4580386c9:   mov    %rax,%rbx
  0x000077b4580386cc:   xor    %rax,%rax
  0x000077b4580386cf:   cmpxchg %rbx,(%rdx,%r10,8)
  0x000077b4580386d4:   mov    %rbx,%rax
  0x000077b4580386d7:   pop    %rbx
  0x000077b4580386d8:   jmp    0x000077b458038699
  0x000077b4580386da:   mov    $0x1b,%r10d
  0x000077b4580386e0:   jmp    0x000077b4580386e6
  0x000077b4580386e2:   add    $0x1,%r10
  0x000077b4580386e6:   addq   $0x1,(%rdx,%r10,8)
  0x000077b4580386eb:   movabs $0x77b41401ba78,%rdx         ;   {metadata(method data for {method} {0x00000000461b94b8} &apos;length&apos; &apos;()I&apos; in &apos;java/lang/StringBuilder&apos;)}
  0x000077b4580386f5:   mov    0x90(%rdx),%esi
  0x000077b4580386fb:   add    $0x2,%esi
  0x000077b4580386fe:   mov    %esi,0x90(%rdx)
  0x000077b458038704:   and    $0x1ffffe,%esi
  0x000077b45803870a:   test   %esi,%esi
  0x000077b45803870c:   je     0x000077b458038b10
  0x000077b458038712:   mov    0xb0(%rsp),%rax
  0x000077b45803871a:   movabs $0x77b41401ba78,%rdx         ;   {metadata(method data for {method} {0x00000000461b94b8} &apos;length&apos; &apos;()I&apos; in &apos;java/lang/StringBuilder&apos;)}
  0x000077b458038724:   addq   $0x1,0xd8(%rdx)
  0x000077b45803872c:   mov    0xb0(%rsp),%rbx
  0x000077b458038734:   mov    0xc(%rbx),%edx               ;*getfield count {reexecute=0 rethrow=0 return_oop=0}
                                                            ; - java.lang.AbstractStringBuilder::length@1 (line 199)
                                                            ; - java.lang.StringBuilder::length@1 (line 91)
                                                            ; - java.lang.StringBuilder::toString@1 (line 474)
                                                            ; - jdk.internal.classfile.impl.SplitConstantPool::unusableCP@20 (line 104)
                                                            ; - jdk.internal.classfile.impl.SplitConstantPool::entryByIndex@53 (line 94)
  0x000077b458038737:   test   %edx,%edx
  0x000077b458038739:   movabs $0x77b41401b880,%rdx         ;   {metadata(method data for {method} {0x00000000461b93a0} &apos;toString&apos; &apos;()Ljava/lang/String;&apos; in &apos;java/lang/StringBuilder&apos;)}
  0x000077b458038743:   mov    $0x108,%esi
  0x000077b458038748:   jne    0x000077b45803874f
  0x000077b45803874a:   mov    $0x118,%esi
  0x000077b45803874f:   mov    (%rdx,%rsi,1),%rdi
  0x000077b458038753:   lea    0x1(%rdi),%rdi
  0x000077b458038757:   mov    %rdi,(%rdx,%rsi,1)
  0x000077b45803875b:   jne    0x000077b458038770           ;*ifne {reexecute=0 rethrow=0 return_oop=0}
                                                            ; - java.lang.StringBuilder::toString@4 (line 474)
                                                            ; - jdk.internal.classfile.impl.SplitConstantPool::unusableCP@20 (line 104)
                                                            ; - jdk.internal.classfile.impl.SplitConstantPool::entryByIndex@53 (line 94)
  0x000077b458038761:   movabs $0x7ff8044c8,%rsi            ;   {oop(&quot;&quot;{0x00000007ff8044c8})}
  0x000077b45803876b:   jmp    0x000077b45803881c           ;*invokespecial &lt;init&gt; {reexecute=0 rethrow=0 return_oop=0}
                                                            ; - jdk.internal.classfile.impl.SplitConstantPool::unusableCP@23 (line 104)
                                                            ; - jdk.internal.classfile.impl.SplitConstantPool::entryByIndex@53 (line 94)
  0x000077b458038770:   movabs $0x46178db8,%rdx             ;   {metadata(&apos;java/lang/String&apos;)}
  0x000077b45803877a:   mov    0x1b0(%r15),%rax
  0x000077b458038781:   lea    0x18(%rax),%rdi
  0x000077b458038785:   cmp    0x1c0(%r15),%rdi
  0x000077b45803878c:   ja     0x000077b458038b31
  0x000077b458038792:   mov    %rdi,0x1b0(%r15)
  0x000077b458038799:   movq   $0x1,(%rax)
  0x000077b4580387a0:   mov    %rdx,%rcx
  0x000077b4580387a3:   mov    $0x46000000,%r10d
  0x000077b4580387a9:   sub    %r10,%rcx
  0x000077b4580387ac:   mov    %ecx,0x8(%rax)
  0x000077b4580387af:   xor    %rcx,%rcx
  0x000077b4580387b2:   mov    %ecx,0xc(%rax)
  0x000077b4580387b5:   xor    %rcx,%rcx
  0x000077b4580387b8:   mov    %rcx,0x10(%rax)              ;*new {reexecute=0 rethrow=0 return_oop=0}
                                                            ; - java.lang.StringBuilder::toString@10 (line 478)
                                                            ; - jdk.internal.classfile.impl.SplitConstantPool::unusableCP@20 (line 104)
                                                            ; - jdk.internal.classfile.impl.SplitConstantPool::entryByIndex@53 (line 94)
  0x000077b4580387bc:   mov    %rax,%rdx
  0x000077b4580387bf:   movabs $0x77b41401b880,%rcx         ;   {metadata(method data for {method} {0x00000000461b93a0} &apos;toString&apos; &apos;()Ljava/lang/String;&apos; in &apos;java/lang/StringBuilder&apos;)}
  0x000077b4580387c9:   addq   $0x1,0x128(%rcx)
  0x000077b4580387d1:   mov    %rbx,%rdx
  0x000077b4580387d4:   movabs $0x0,%rcx                    ;   {oop(nullptr)}
  0x000077b4580387de:   mov    %rax,%rsi                    ;*invokespecial &lt;init&gt; {reexecute=0 rethrow=0 return_oop=0}
                                                            ; - java.lang.StringBuilder::toString@16 (line 478)
                                                            ; - jdk.internal.classfile.impl.SplitConstantPool::unusableCP@20 (line 104)
                                                            ; - jdk.internal.classfile.impl.SplitConstantPool::entryByIndex@53 (line 94)
  0x000077b4580387e1:   mov    %rax,0xc0(%rsp)
  0x000077b4580387e9:   nopw   0x0(%rax,%rax,1)
  0x000077b4580387ef:   call   0x000077b45f4ad9e0           ; ImmutableOopMap {[184]=Oop [192]=Oop }
                                                            ;*invokespecial &lt;init&gt; {reexecute=0 rethrow=0 return_oop=0}
                                                            ; - java.lang.StringBuilder::toString@16 (line 478)
                                                            ; - jdk.internal.classfile.impl.SplitConstantPool::unusableCP@20 (line 104)
                                                            ; - jdk.internal.classfile.impl.SplitConstantPool::entryByIndex@53 (line 94)
                                                            ;   {optimized virtual_call}
  0x000077b4580387f4:   nopl   0x8000d6c(%rax,%rax,1)       ;*invokespecial &lt;init&gt; {reexecute=0 rethrow=0 return_oop=0}
                                                            ; - java.lang.StringBuilder::toString@16 (line 478)
                                                            ; - jdk.internal.classfile.impl.SplitConstantPool::unusableCP@20 (line 104)
                                                            ; - jdk.internal.classfile.impl.SplitConstantPool::entryByIndex@53 (line 94)
                                                            ;   {post_call_nop}
  0x000077b4580387fc:   mov    0xc0(%rsp),%rsi
  0x000077b458038804:   jmp    0x000077b45803881c           ;*invokespecial &lt;init&gt; {reexecute=0 rethrow=0 return_oop=0}
                                                            ; - jdk.internal.classfile.impl.SplitConstantPool::unusableCP@23 (line 104)
                                                            ; - jdk.internal.classfile.impl.SplitConstantPool::entryByIndex@53 (line 94)
  0x000077b458038809:   add    $0xd0,%rsp
  0x000077b458038810:   pop    %rbp
  0x000077b458038811:   cmp    0x28(%r15),%rsp              ;   {poll_return}
  0x000077b458038815:   ja     0x000077b458038b3e
  0x000077b45803881b:   ret                                 ;*areturn {reexecute=0 rethrow=0 return_oop=0}
                                                            ; - jdk.internal.classfile.impl.SplitConstantPool::entryByIndex@58 (line 96)
  0x000077b45803881c:   mov    0xb8(%rsp),%rax
  0x000077b458038824:   movabs $0x77b4140e4710,%rdx         ;   {metadata(method data for {method} {0x0000000046348810} &apos;unusableCP&apos; &apos;(I)Ljava/lang/classfile/constantpool/ConstantPoolException;&apos; in &apos;jdk/internal/classfile/impl/SplitConstantPool&apos;)}
  0x000077b45803882e:   addq   $0x1,0x178(%rdx)
  0x000077b458038836:   mov    %rsi,%rdx
  0x000077b458038839:   mov    0xb8(%rsp),%rsi              ;*invokespecial &lt;init&gt; {reexecute=0 rethrow=0 return_oop=0}
                                                            ; - jdk.internal.classfile.impl.SplitConstantPool::unusableCP@23 (line 104)
                                                            ; - jdk.internal.classfile.impl.SplitConstantPool::entryByIndex@53 (line 94)
  0x000077b458038841:   nopw   0x0(%rax,%rax,1)
  0x000077b458038847:   call   0x000077b45f4ad9e0           ; ImmutableOopMap {[184]=Oop }
                                                            ;*invokespecial &lt;init&gt; {reexecute=0 rethrow=0 return_oop=0}
                                                            ; - jdk.internal.classfile.impl.SplitConstantPool::unusableCP@23 (line 104)
                                                            ; - jdk.internal.classfile.impl.SplitConstantPool::entryByIndex@53 (line 94)
                                                            ;   {optimized virtual_call}
  0x000077b45803884c:   nopl   0x9000dc4(%rax,%rax,1)       ;*invokespecial &lt;init&gt; {reexecute=0 rethrow=0 return_oop=0}
                                                            ; - jdk.internal.classfile.impl.SplitConstantPool::unusableCP@23 (line 104)
                                                            ; - jdk.internal.classfile.impl.SplitConstantPool::entryByIndex@53 (line 94)
                                                            ;   {post_call_nop}
  0x000077b458038854:   mov    0xb8(%rsp),%rax
  0x000077b45803885c:   jmp    0x000077b458038b71           ;*athrow {reexecute=0 rethrow=0 return_oop=0}
                                                            ; - jdk.internal.classfile.impl.SplitConstantPool::entryByIndex@56 (line 94)
  0x000077b458038861:   mov    0xa0(%rsp),%rax
  0x000077b458038869:   movabs $0x77b4140e4e30,%rdx         ;   {metadata(method data for {method} {0x00000000463487b8} &apos;badCP&apos; &apos;(I)Ljava/lang/classfile/constantpool/ConstantPoolException;&apos; in &apos;jdk/internal/classfile/impl/SplitConstantPool&apos;)}
  0x000077b458038873:   addq   $0x1,0x178(%rdx)
  0x000077b45803887b:   mov    %rsi,%rdx
  0x000077b45803887e:   mov    0xa0(%rsp),%rsi              ;*invokespecial &lt;init&gt; {reexecute=0 rethrow=0 return_oop=0}
                                                            ; - jdk.internal.classfile.impl.SplitConstantPool::badCP@23 (line 100)
                                                            ; - jdk.internal.classfile.impl.SplitConstantPool::entryByIndex@13 (line 88)
  0x000077b458038886:   nop
  0x000077b458038887:   call   0x000077b45f4ad9e0           ; ImmutableOopMap {[160]=Oop }
                                                            ;*invokespecial &lt;init&gt; {reexecute=0 rethrow=0 return_oop=0}
                                                            ; - jdk.internal.classfile.impl.SplitConstantPool::badCP@23 (line 100)
                                                            ; - jdk.internal.classfile.impl.SplitConstantPool::entryByIndex@13 (line 88)
                                                            ;   {optimized virtual_call}
  0x000077b45803888c:   nopl   0xa000e04(%rax,%rax,1)       ;*invokespecial &lt;init&gt; {reexecute=0 rethrow=0 return_oop=0}
                                                            ; - jdk.internal.classfile.impl.SplitConstantPool::badCP@23 (line 100)
                                                            ; - jdk.internal.classfile.impl.SplitConstantPool::entryByIndex@13 (line 88)
                                                            ;   {post_call_nop}
  0x000077b458038894:   mov    0xa0(%rsp),%rax
  0x000077b45803889c:   jmp    0x000077b458038b71
  0x000077b4580388a1:   movabs $0x46348600,%r10             ;   {metadata({method} {0x0000000046348600} &apos;entryByIndex&apos; &apos;(I)Ljava/lang/classfile/constantpool/PoolEntry;&apos; in &apos;jdk/internal/classfile/impl/SplitConstantPool&apos;)}
  0x000077b4580388ab:   mov    %r10,0x8(%rsp)
  0x000077b4580388b0:   movq   $0xffffffffffffffff,(%rsp)
  0x000077b4580388b8:   call   0x000077b45f582fe0           ; ImmutableOopMap {rsi=Oop }
                                                            ;*synchronization entry
                                                            ; - jdk.internal.classfile.impl.SplitConstantPool::entryByIndex@-1 (line 87)
                                                            ;   {runtime_call counter_overflow_blob (C1 runtime)}
  0x000077b4580388bd:   jmp    0x000077b458037bed
  0x000077b4580388c2:   movabs $0x463487b8,%r10             ;   {metadata({method} {0x00000000463487b8} &apos;badCP&apos; &apos;(I)Ljava/lang/classfile/constantpool/ConstantPoolException;&apos; in &apos;jdk/internal/classfile/impl/SplitConstantPool&apos;)}
  0x000077b4580388cc:   mov    %r10,0x8(%rsp)
  0x000077b4580388d1:   movq   $0xffffffffffffffff,(%rsp)
  0x000077b4580388d9:   call   0x000077b45f582fe0           ; ImmutableOopMap {}
                                                            ;*synchronization entry
                                                            ; - jdk.internal.classfile.impl.SplitConstantPool::badCP@-1 (line 100)
                                                            ; - jdk.internal.classfile.impl.SplitConstantPool::entryByIndex@13 (line 88)
                                                            ;   {runtime_call counter_overflow_blob (C1 runtime)}
  0x000077b4580388de:   jmp    0x000077b458037ce8
  0x000077b4580388e3:   movabs $0x0,%rdx                    ;   {metadata(nullptr)}
  0x000077b4580388ed:   mov    $0xa050f00,%eax
  0x000077b4580388f2:   call   0x000077b45f5820e0           ; ImmutableOopMap {}
                                                            ;*new {reexecute=1 rethrow=0 return_oop=0}
                                                            ; - (reexecute) jdk.internal.classfile.impl.SplitConstantPool::badCP@0 (line 100)
                                                            ; - jdk.internal.classfile.impl.SplitConstantPool::entryByIndex@13 (line 88)
                                                            ;   {runtime_call load_klass_patching_blob (C1 runtime)}
  0x000077b4580388f7:   jmp    0x000077b458037ce8
  0x000077b4580388fc:   mov    %rdx,%rdx
  0x000077b4580388ff:   call   0x000077b45f57d0e0           ; ImmutableOopMap {}
                                                            ;*new {reexecute=0 rethrow=0 return_oop=0}
                                                            ; - jdk.internal.classfile.impl.SplitConstantPool::badCP@0 (line 100)
                                                            ; - jdk.internal.classfile.impl.SplitConstantPool::entryByIndex@13 (line 88)
                                                            ;   {runtime_call new_instance_blob (C1 runtime)}
  0x000077b458038904:   jmp    0x000077b458037cf7
  0x000077b458038909:   movabs $0x0,%rdx                    ;   {metadata(nullptr)}
  0x000077b458038913:   mov    $0xa050f00,%eax
  0x000077b458038918:   call   0x000077b45f5820e0           ; ImmutableOopMap {rax=Oop }
                                                            ;*new {reexecute=1 rethrow=0 return_oop=0}
                                                            ; - (reexecute) jdk.internal.classfile.impl.SplitConstantPool::badCP@4 (line 100)
                                                            ; - jdk.internal.classfile.impl.SplitConstantPool::entryByIndex@13 (line 88)
                                                            ;   {runtime_call load_klass_patching_blob (C1 runtime)}
  0x000077b45803891d:   jmp    0x000077b458037cf8
  0x000077b458038922:   mov    %rdx,%rdx
  0x000077b458038925:   call   0x000077b45f57d3e0           ; ImmutableOopMap {[160]=Oop }
                                                            ;*new {reexecute=0 rethrow=0 return_oop=0}
                                                            ; - jdk.internal.classfile.impl.SplitConstantPool::badCP@4 (line 100)
                                                            ; - jdk.internal.classfile.impl.SplitConstantPool::entryByIndex@13 (line 88)
                                                            ;   {runtime_call fast_new_instance_blob (C1 runtime)}
  0x000077b45803892a:   jmp    0x000077b458037d4c
  0x000077b45803892f:   movabs $0x461ba900,%r10             ;   {metadata({method} {0x00000000461ba900} &apos;&lt;init&gt;&apos; &apos;()V&apos; in &apos;java/lang/StringBuilder&apos;)}
  0x000077b458038939:   mov    %r10,0x8(%rsp)
  0x000077b45803893e:   movq   $0xffffffffffffffff,(%rsp)
  0x000077b458038946:   call   0x000077b45f582fe0           ; ImmutableOopMap {rax=Oop [160]=Oop }
                                                            ;*synchronization entry
                                                            ; - java.lang.StringBuilder::&lt;init&gt;@-1 (line 106)
                                                            ; - jdk.internal.classfile.impl.SplitConstantPool::badCP@8 (line 100)
                                                            ; - jdk.internal.classfile.impl.SplitConstantPool::entryByIndex@13 (line 88)
                                                            ;   {runtime_call counter_overflow_blob (C1 runtime)}
  0x000077b45803894b:   jmp    0x000077b458037d88
  0x000077b458038950:   movabs $0x461bab10,%r10             ;   {metadata({method} {0x00000000461bab10} &apos;append&apos; &apos;(Ljava/lang/String;)Ljava/lang/StringBuilder;&apos; in &apos;java/lang/StringBuilder&apos;)}
  0x000077b45803895a:   mov    %r10,0x8(%rsp)
  0x000077b45803895f:   movq   $0xffffffffffffffff,(%rsp)
  0x000077b458038967:   call   0x000077b45f582fe0           ; ImmutableOopMap {[144]=Oop [160]=Oop }
                                                            ;*synchronization entry
                                                            ; - java.lang.StringBuilder::append@-1 (line 179)
                                                            ; - jdk.internal.classfile.impl.SplitConstantPool::badCP@13 (line 100)
                                                            ; - jdk.internal.classfile.impl.SplitConstantPool::entryByIndex@13 (line 88)
                                                            ;   {runtime_call counter_overflow_blob (C1 runtime)}
  0x000077b45803896c:   jmp    0x000077b458037e53
  0x000077b458038971:   movabs $0x461bad78,%r10             ;   {metadata({method} {0x00000000461bad78} &apos;append&apos; &apos;(I)Ljava/lang/StringBuilder;&apos; in &apos;java/lang/StringBuilder&apos;)}
  0x000077b45803897b:   mov    %r10,0x8(%rsp)
  0x000077b458038980:   movq   $0xffffffffffffffff,(%rsp)
  0x000077b458038988:   call   0x000077b45f582fe0           ; ImmutableOopMap {[144]=Oop [160]=Oop }
                                                            ;*synchronization entry
                                                            ; - java.lang.StringBuilder::append@-1 (line 253)
                                                            ; - jdk.internal.classfile.impl.SplitConstantPool::badCP@17 (line 100)
                                                            ; - jdk.internal.classfile.impl.SplitConstantPool::entryByIndex@13 (line 88)
                                                            ;   {runtime_call counter_overflow_blob (C1 runtime)}
  0x000077b45803898d:   jmp    0x000077b458037f23
  0x000077b458038992:   movabs $0x461b93a0,%r10             ;   {metadata({method} {0x00000000461b93a0} &apos;toString&apos; &apos;()Ljava/lang/String;&apos; in &apos;java/lang/StringBuilder&apos;)}
  0x000077b45803899c:   mov    %r10,0x8(%rsp)
  0x000077b4580389a1:   movq   $0xffffffffffffffff,(%rsp)
  0x000077b4580389a9:   call   0x000077b45f582fe0           ; ImmutableOopMap {[144]=Oop [160]=Oop }
                                                            ;*synchronization entry
                                                            ; - java.lang.StringBuilder::toString@-1 (line 474)
                                                            ; - jdk.internal.classfile.impl.SplitConstantPool::badCP@20 (line 100)
                                                            ; - jdk.internal.classfile.impl.SplitConstantPool::entryByIndex@13 (line 88)
                                                            ;   {runtime_call counter_overflow_blob (C1 runtime)}
  0x000077b4580389ae:   jmp    0x000077b458037ff3
  0x000077b4580389b3:   movabs $0x461b94b8,%r10             ;   {metadata({method} {0x00000000461b94b8} &apos;length&apos; &apos;()I&apos; in &apos;java/lang/StringBuilder&apos;)}
  0x000077b4580389bd:   mov    %r10,0x8(%rsp)
  0x000077b4580389c2:   movq   $0xffffffffffffffff,(%rsp)
  0x000077b4580389ca:   call   0x000077b45f582fe0           ; ImmutableOopMap {[144]=Oop [160]=Oop }
                                                            ;*synchronization entry
                                                            ; - java.lang.StringBuilder::length@-1 (line 91)
                                                            ; - java.lang.StringBuilder::toString@1 (line 474)
                                                            ; - jdk.internal.classfile.impl.SplitConstantPool::badCP@20 (line 100)
                                                            ; - jdk.internal.classfile.impl.SplitConstantPool::entryByIndex@13 (line 88)
                                                            ;   {runtime_call counter_overflow_blob (C1 runtime)}
  0x000077b4580389cf:   jmp    0x000077b45803808a
  0x000077b4580389d4:   mov    %rdx,%rdx
  0x000077b4580389d7:   call   0x000077b45f57d3e0           ; ImmutableOopMap {rbx=Oop [160]=Oop }
                                                            ;*new {reexecute=0 rethrow=0 return_oop=0}
                                                            ; - java.lang.StringBuilder::toString@10 (line 478)
                                                            ; - jdk.internal.classfile.impl.SplitConstantPool::badCP@20 (line 100)
                                                            ; - jdk.internal.classfile.impl.SplitConstantPool::entryByIndex@13 (line 88)
                                                            ;   {runtime_call fast_new_instance_blob (C1 runtime)}
  0x000077b4580389dc:   jmp    0x000077b458038134
  0x000077b4580389e1:   call   0x000077b45f57c660           ; ImmutableOopMap {rsi=Oop }
                                                            ;*invokevirtual entryByIndex {reexecute=0 rethrow=0 return_oop=0}
                                                            ; - jdk.internal.classfile.impl.SplitConstantPool::entryByIndex@30 (line 91)
                                                            ;   {runtime_call throw_null_pointer_exception_blob (C1 runtime)}
  0x000077b4580389e6:   movabs $0x46346450,%r10             ;   {metadata({method} {0x0000000046346450} &apos;entryByIndex&apos; &apos;(I)Ljava/lang/classfile/constantpool/PoolEntry;&apos; in &apos;jdk/internal/classfile/impl/ClassReaderImpl&apos;)}
  0x000077b4580389f0:   mov    %r10,0x8(%rsp)
  0x000077b4580389f5:   movq   $0xffffffffffffffff,(%rsp)
  0x000077b4580389fd:   call   0x000077b45f582fe0           ; ImmutableOopMap {rsi=Oop }
                                                            ;*synchronization entry
                                                            ; - jdk.internal.classfile.impl.ClassReaderImpl::entryByIndex@-1 (line 329)
                                                            ; - jdk.internal.classfile.impl.SplitConstantPool::entryByIndex@30 (line 91)
                                                            ;   {runtime_call counter_overflow_blob (C1 runtime)}
  0x000077b458038a02:   jmp    0x000077b458038244
  0x000077b458038a07:   call   0x000077b45f57c660           ; ImmutableOopMap {rdx=Oop }
                                                            ;*aaload {reexecute=0 rethrow=0 return_oop=0}
                                                            ; - jdk.internal.classfile.impl.SplitConstantPool::entryByIndex@46 (line 92)
                                                            ;   {runtime_call throw_null_pointer_exception_blob (C1 runtime)}
  0x000077b458038a0c:   call   0x000077b45f57c660           ; ImmutableOopMap {rdx=Oop }
                                                            ;*aaload {reexecute=0 rethrow=0 return_oop=0}
                                                            ; - jdk.internal.classfile.impl.SplitConstantPool::entryByIndex@46 (line 92)
                                                            ;   {runtime_call throw_null_pointer_exception_blob (C1 runtime)}
  0x000077b458038a11:   mov    %rax,(%rsp)
  0x000077b458038a15:   mov    %rdx,0x8(%rsp)
  0x000077b458038a1a:   call   0x000077b45f57bd60           ; ImmutableOopMap {rdx=Oop }
                                                            ;*aaload {reexecute=0 rethrow=0 return_oop=0}
                                                            ; - jdk.internal.classfile.impl.SplitConstantPool::entryByIndex@46 (line 92)
                                                            ;   {runtime_call throw_range_check_failed_blob (C1 runtime)}
  0x000077b458038a1f:   movabs $0x46348810,%r10             ;   {metadata({method} {0x0000000046348810} &apos;unusableCP&apos; &apos;(I)Ljava/lang/classfile/constantpool/ConstantPoolException;&apos; in &apos;jdk/internal/classfile/impl/SplitConstantPool&apos;)}
  0x000077b458038a29:   mov    %r10,0x8(%rsp)
  0x000077b458038a2e:   movq   $0xffffffffffffffff,(%rsp)
  0x000077b458038a36:   call   0x000077b45f582fe0           ; ImmutableOopMap {}
                                                            ;*synchronization entry
                                                            ; - jdk.internal.classfile.impl.SplitConstantPool::unusableCP@-1 (line 104)
                                                            ; - jdk.internal.classfile.impl.SplitConstantPool::entryByIndex@53 (line 94)
                                                            ;   {runtime_call counter_overflow_blob (C1 runtime)}
  0x000077b458038a3b:   jmp    0x000077b45803836c
  0x000077b458038a40:   movabs $0x0,%rdx                    ;   {metadata(nullptr)}
  0x000077b458038a4a:   mov    $0xa050f00,%eax
  0x000077b458038a4f:   call   0x000077b45f5820e0           ; ImmutableOopMap {}
                                                            ;*new {reexecute=1 rethrow=0 return_oop=0}
                                                            ; - (reexecute) jdk.internal.classfile.impl.SplitConstantPool::unusableCP@0 (line 104)
                                                            ; - jdk.internal.classfile.impl.SplitConstantPool::entryByIndex@53 (line 94)
                                                            ;   {runtime_call load_klass_patching_blob (C1 runtime)}
  0x000077b458038a54:   jmp    0x000077b458038370
  0x000077b458038a59:   mov    %rdx,%rdx
  0x000077b458038a5c:   call   0x000077b45f57d0e0           ; ImmutableOopMap {}
                                                            ;*new {reexecute=0 rethrow=0 return_oop=0}
                                                            ; - jdk.internal.classfile.impl.SplitConstantPool::unusableCP@0 (line 104)
                                                            ; - jdk.internal.classfile.impl.SplitConstantPool::entryByIndex@53 (line 94)
                                                            ;   {runtime_call new_instance_blob (C1 runtime)}
  0x000077b458038a61:   jmp    0x000077b45803837f
  0x000077b458038a66:   movabs $0x0,%rdx                    ;   {metadata(nullptr)}
  0x000077b458038a70:   mov    $0xa050f00,%eax
  0x000077b458038a75:   call   0x000077b45f5820e0           ; ImmutableOopMap {rax=Oop }
                                                            ;*new {reexecute=1 rethrow=0 return_oop=0}
                                                            ; - (reexecute) jdk.internal.classfile.impl.SplitConstantPool::unusableCP@4 (line 104)
                                                            ; - jdk.internal.classfile.impl.SplitConstantPool::entryByIndex@53 (line 94)
                                                            ;   {runtime_call load_klass_patching_blob (C1 runtime)}
  0x000077b458038a7a:   jmp    0x000077b458038380
  0x000077b458038a7f:   mov    %rdx,%rdx
  0x000077b458038a82:   call   0x000077b45f57d3e0           ; ImmutableOopMap {[184]=Oop }
                                                            ;*new {reexecute=0 rethrow=0 return_oop=0}
                                                            ; - jdk.internal.classfile.impl.SplitConstantPool::unusableCP@4 (line 104)
                                                            ; - jdk.internal.classfile.impl.SplitConstantPool::entryByIndex@53 (line 94)
                                                            ;   {runtime_call fast_new_instance_blob (C1 runtime)}
  0x000077b458038a87:   jmp    0x000077b4580383d4
  0x000077b458038a8c:   movabs $0x461ba900,%r10             ;   {metadata({method} {0x00000000461ba900} &apos;&lt;init&gt;&apos; &apos;()V&apos; in &apos;java/lang/StringBuilder&apos;)}
  0x000077b458038a96:   mov    %r10,0x8(%rsp)
  0x000077b458038a9b:   movq   $0xffffffffffffffff,(%rsp)
  0x000077b458038aa3:   call   0x000077b45f582fe0           ; ImmutableOopMap {rax=Oop [184]=Oop }
                                                            ;*synchronization entry
                                                            ; - java.lang.StringBuilder::&lt;init&gt;@-1 (line 106)
                                                            ; - jdk.internal.classfile.impl.SplitConstantPool::unusableCP@8 (line 104)
                                                            ; - jdk.internal.classfile.impl.SplitConstantPool::entryByIndex@53 (line 94)
                                                            ;   {runtime_call counter_overflow_blob (C1 runtime)}
  0x000077b458038aa8:   jmp    0x000077b458038410
  0x000077b458038aad:   movabs $0x461bab10,%r10             ;   {metadata({method} {0x00000000461bab10} &apos;append&apos; &apos;(Ljava/lang/String;)Ljava/lang/StringBuilder;&apos; in &apos;java/lang/StringBuilder&apos;)}
  0x000077b458038ab7:   mov    %r10,0x8(%rsp)
  0x000077b458038abc:   movq   $0xffffffffffffffff,(%rsp)
  0x000077b458038ac4:   call   0x000077b45f582fe0           ; ImmutableOopMap {[176]=Oop [184]=Oop }
                                                            ;*synchronization entry
                                                            ; - java.lang.StringBuilder::append@-1 (line 179)
                                                            ; - jdk.internal.classfile.impl.SplitConstantPool::unusableCP@13 (line 104)
                                                            ; - jdk.internal.classfile.impl.SplitConstantPool::entryByIndex@53 (line 94)
                                                            ;   {runtime_call counter_overflow_blob (C1 runtime)}
  0x000077b458038ac9:   jmp    0x000077b4580384db
  0x000077b458038ace:   movabs $0x461bad78,%r10             ;   {metadata({method} {0x00000000461bad78} &apos;append&apos; &apos;(I)Ljava/lang/StringBuilder;&apos; in &apos;java/lang/StringBuilder&apos;)}
  0x000077b458038ad8:   mov    %r10,0x8(%rsp)
  0x000077b458038add:   movq   $0xffffffffffffffff,(%rsp)
  0x000077b458038ae5:   call   0x000077b45f582fe0           ; ImmutableOopMap {[176]=Oop [184]=Oop }
                                                            ;*synchronization entry
                                                            ; - java.lang.StringBuilder::append@-1 (line 253)
                                                            ; - jdk.internal.classfile.impl.SplitConstantPool::unusableCP@17 (line 104)
                                                            ; - jdk.internal.classfile.impl.SplitConstantPool::entryByIndex@53 (line 94)
                                                            ;   {runtime_call counter_overflow_blob (C1 runtime)}
  0x000077b458038aea:   jmp    0x000077b4580385ab
  0x000077b458038aef:   movabs $0x461b93a0,%r10             ;   {metadata({method} {0x00000000461b93a0} &apos;toString&apos; &apos;()Ljava/lang/String;&apos; in &apos;java/lang/StringBuilder&apos;)}
  0x000077b458038af9:   mov    %r10,0x8(%rsp)
  0x000077b458038afe:   movq   $0xffffffffffffffff,(%rsp)
  0x000077b458038b06:   call   0x000077b45f582fe0           ; ImmutableOopMap {[176]=Oop [184]=Oop }
                                                            ;*synchronization entry
                                                            ; - java.lang.StringBuilder::toString@-1 (line 474)
                                                            ; - jdk.internal.classfile.impl.SplitConstantPool::unusableCP@20 (line 104)
                                                            ; - jdk.internal.classfile.impl.SplitConstantPool::entryByIndex@53 (line 94)
                                                            ;   {runtime_call counter_overflow_blob (C1 runtime)}
  0x000077b458038b0b:   jmp    0x000077b45803867b
  0x000077b458038b10:   movabs $0x461b94b8,%r10             ;   {metadata({method} {0x00000000461b94b8} &apos;length&apos; &apos;()I&apos; in &apos;java/lang/StringBuilder&apos;)}
  0x000077b458038b1a:   mov    %r10,0x8(%rsp)
  0x000077b458038b1f:   movq   $0xffffffffffffffff,(%rsp)
  0x000077b458038b27:   call   0x000077b45f582fe0           ; ImmutableOopMap {[176]=Oop [184]=Oop }
                                                            ;*synchronization entry
                                                            ; - java.lang.StringBuilder::length@-1 (line 91)
                                                            ; - java.lang.StringBuilder::toString@1 (line 474)
                                                            ; - jdk.internal.classfile.impl.SplitConstantPool::unusableCP@20 (line 104)
                                                            ; - jdk.internal.classfile.impl.SplitConstantPool::entryByIndex@53 (line 94)
                                                            ;   {runtime_call counter_overflow_blob (C1 runtime)}
  0x000077b458038b2c:   jmp    0x000077b458038712
  0x000077b458038b31:   mov    %rdx,%rdx
  0x000077b458038b34:   call   0x000077b45f57d3e0           ; ImmutableOopMap {rbx=Oop [184]=Oop }
                                                            ;*new {reexecute=0 rethrow=0 return_oop=0}
                                                            ; - java.lang.StringBuilder::toString@10 (line 478)
                                                            ; - jdk.internal.classfile.impl.SplitConstantPool::unusableCP@20 (line 104)
                                                            ; - jdk.internal.classfile.impl.SplitConstantPool::entryByIndex@53 (line 94)
                                                            ;   {runtime_call fast_new_instance_blob (C1 runtime)}
  0x000077b458038b39:   jmp    0x000077b4580387bc
  0x000077b458038b3e:   movabs $0x77b458038811,%r10         ;   {internal_word}
  0x000077b458038b48:   mov    %r10,0x510(%r15)
  0x000077b458038b4f:   jmp    0x000077b45f4afb60           ;   {runtime_call SafepointBlob}
  0x000077b458038b54:   mov    0x5c0(%r15),%rax
  0x000077b458038b5b:   movq   $0x0,0x5c0(%r15)
  0x000077b458038b66:   movq   $0x0,0x5c8(%r15)
  0x000077b458038b71:   add    $0xd0,%rsp
  0x000077b458038b78:   pop    %rbp
  0x000077b458038b79:   jmp    0x000077b45f57b760           ;   {runtime_call unwind_exception_blob (C1 runtime)}
  0x000077b458038b7e:   hlt    
  0x000077b458038b7f:   hlt    
[Stub Code]
  0x000077b458038b80:   nopl   0x0(%rax,%rax,1)             ;   {other}
  0x000077b458038b85:   movabs $0x0,%rbx                    ;   {static_stub}
  0x000077b458038b8f:   jmp    0x000077b458038b8f           ;   {runtime_call nmethod}
  0x000077b458038b94:   nop
  0x000077b458038b95:   movabs $0x0,%rbx                    ;   {static_stub}
  0x000077b458038b9f:   jmp    0x000077b458038b9f           ;   {runtime_call nmethod}
  0x000077b458038ba4:   nop
  0x000077b458038ba5:   movabs $0x0,%rbx                    ;   {static_stub}
  0x000077b458038baf:   jmp    0x000077b458038baf           ;   {runtime_call nmethod}
  0x000077b458038bb4:   nop
  0x000077b458038bb5:   movabs $0x0,%rbx                    ;   {static_stub}
  0x000077b458038bbf:   jmp    0x000077b458038bbf           ;   {runtime_call nmethod}
  0x000077b458038bc4:   nop
  0x000077b458038bc5:   movabs $0x0,%rbx                    ;   {static_stub}
  0x000077b458038bcf:   jmp    0x000077b458038bcf           ;   {runtime_call nmethod}
  0x000077b458038bd4:   nop
  0x000077b458038bd5:   movabs $0x0,%rbx                    ;   {static_stub}
  0x000077b458038bdf:   jmp    0x000077b458038bdf           ;   {runtime_call nmethod}
  0x000077b458038be4:   movabs $0x0,%rbx                    ;   {static_stub}
  0x000077b458038bee:   jmp    0x000077b458038bee           ;   {runtime_call nmethod}
  0x000077b458038bf3:   movabs $0x0,%rbx                    ;   {static_stub}
  0x000077b458038bfd:   jmp    0x000077b458038bfd           ;   {runtime_call nmethod}
  0x000077b458038c02:   movabs $0x0,%rbx                    ;   {static_stub}
  0x000077b458038c0c:   jmp    0x000077b458038c0c           ;   {runtime_call nmethod}
[Exception Handler]
  0x000077b458038c11:   call   0x000077b45f57ede0           ;   {runtime_call handle_exception_from_callee_blob (C1 runtime)}
  0x000077b458038c16:   movabs $0x77b478d3aec4,%rdi         ;   {external_word}
  0x000077b458038c20:   and    $0xfffffffffffffff0,%rsp
  0x000077b458038c24:   call   0x000077b478791cc0           ;   {runtime_call MacroAssembler::debug64(char*, long, long*)}
  0x000077b458038c29:   hlt    
  0x000077b458038c2a:   call   0x000077b45f4afe60           ;   {runtime_call DeoptimizationBlob}
[Deopt Handler Entry Point]
  0x000077b458038c2f:   jmp    0x000077b458038c2a
  0x000077b458038c31:   hlt    
  0x000077b458038c32:   hlt    
  0x000077b458038c33:   hlt    
  0x000077b458038c34:   hlt    
  0x000077b458038c35:   hlt    
  0x000077b458038c36:   hlt    
  0x000077b458038c37:   hlt    
--------------------------------------------------------------------------------
[/Disassembly]
