
============================= C1-compiled nmethod ==============================
----------------------------------- Assembly -----------------------------------

Compiled method (c1) 6462  311       3       jdk.internal.classfile.impl.SplitConstantPool::internalAdd (78 bytes)
 total in heap  [0x000077b45803b508,0x000077b45803bc58] = 1872
 main code      [0x000077b45803b600,0x000077b45803bbe0] = 1504
 stub code      [0x000077b45803bbe0,0x000077b45803bc58] = 120
 mutable data [0x000077b3ec007e40,0x000077b3ec007ee8] = 168
 relocation     [0x000077b3ec007e40,0x000077b3ec007ee0] = 160
 metadata       [0x000077b3ec007ee0,0x000077b3ec007ee8] = 8
 immutable data [0x000077b3ec007a70,0x000077b3ec007e2c] = 956
 dependencies   [0x000077b3ec007a70,0x000077b3ec007a78] = 8
 nul chk table  [0x000077b3ec007a78,0x000077b3ec007ab0] = 56
 scopes pcs     [0x000077b3ec007ab0,0x000077b3ec007d20] = 624
 scopes data    [0x000077b3ec007d20,0x000077b3ec007e28] = 264

[Disassembly]
--------------------------------------------------------------------------------
[Constant Pool (empty)]

--------------------------------------------------------------------------------

[Instructions begin]
  0x000077b45803b600:   data16 data16 nopw 0x0(%rax,%rax,1)
  0x000077b45803b60b:   data16 data16 xchg %ax,%ax
  0x000077b45803b60f:   data16 xchg %ax,%ax
[Entry Point]
  # {method} {0x0000000046348970} &apos;internalAdd&apos; &apos;(Ljava/lang/classfile/constantpool/PoolEntry;I)Ljava/lang/classfile/constantpool/PoolEntry;&apos; in &apos;jdk/internal/classfile/impl/SplitConstantPool&apos;
  # this:     rsi:rsi   = &apos;jdk/internal/classfile/impl/SplitConstantPool&apos;
  # parm0:    rdx:rdx   = &apos;java/lang/classfile/constantpool/PoolEntry&apos;
  # parm1:    rcx       = int
  #           [sp+0x70]  (sp of caller)
  0x000077b45803b612:   mov    0x8(%rsi),%r10d
  0x000077b45803b616:   cmp    0x8(%rax),%r10d
  0x000077b45803b61a:   jne    0x000077b45f4ad6e0           ;   {runtime_call ic_miss_blob (shared runtime)}
[Verified Entry Point]
  0x000077b45803b620:   mov    %eax,-0x14000(%rsp)
  0x000077b45803b627:   push   %rbp
  0x000077b45803b628:   sub    $0x60,%rsp
  0x000077b45803b62c:   cmpl   $0x1,0x20(%r15)
  0x000077b45803b634:   je     0x000077b45803b63b
  0x000077b45803b636:   call   Stub::method_entry_barrier_stub (stub gen)
                                                            ;   {runtime_call Stub::method_entry_barrier_stub (stub gen)}
  0x000077b45803b63b:   mov    %rsi,0x28(%rsp)
  0x000077b45803b640:   mov    %rdx,0x38(%rsp)
  0x000077b45803b645:   mov    %ecx,0x34(%rsp)
  0x000077b45803b649:   movabs $0x77b4140f0578,%rdi         ;   {metadata(method data for {method} {0x0000000046348970} &apos;internalAdd&apos; &apos;(Ljava/lang/classfile/constantpool/PoolEntry;I)Ljava/lang/classfile/constantpool/PoolEntry;&apos; in &apos;jdk/internal/classfile/impl/SplitConstantPool&apos;)}
  0x000077b45803b653:   mov    0x90(%rdi),%ebx
  0x000077b45803b659:   add    $0x2,%ebx
  0x000077b45803b65c:   mov    %ebx,0x90(%rdi)
  0x000077b45803b662:   and    $0x7fe,%ebx
  0x000077b45803b668:   test   %ebx,%ebx
  0x000077b45803b66a:   je     0x000077b45803bb09           ;*aload_0 {reexecute=0 rethrow=0 return_oop=0}
                                                            ; - jdk.internal.classfile.impl.SplitConstantPool::internalAdd@0 (line 240)
  0x000077b45803b670:   mov    0x14(%rsi),%edi              ;*getfield size {reexecute=0 rethrow=0 return_oop=0}
                                                            ; - jdk.internal.classfile.impl.SplitConstantPool::internalAdd@1 (line 240)
  0x000077b45803b673:   mov    0xc(%rsi),%ebx               ;*getfield parentSize {reexecute=0 rethrow=0 return_oop=0}
                                                            ; - jdk.internal.classfile.impl.SplitConstantPool::internalAdd@5 (line 240)
  0x000077b45803b676:   sub    %ebx,%edi
  0x000077b45803b678:   mov    0x24(%rsi),%ebx
  0x000077b45803b67b:   shl    $0x3,%rbx                    ;*getfield myEntries {reexecute=0 rethrow=0 return_oop=0}
                                                            ; - jdk.internal.classfile.impl.SplitConstantPool::internalAdd@14 (line 241)
  0x000077b45803b67f:   mov    0xc(%rbx),%eax               ; implicit exception: dispatches to 0x000077b45803bb2a
                                                            ;*arraylength {reexecute=0 rethrow=0 return_oop=0}
                                                            ; - jdk.internal.classfile.impl.SplitConstantPool::internalAdd@17 (line 241)
  0x000077b45803b682:   mov    %rdi,%r8
  0x000077b45803b685:   add    $0x2,%r8d
  0x000077b45803b689:   cmp    %eax,%r8d
  0x000077b45803b68c:   movabs $0x77b4140f0578,%rax         ;   {metadata(method data for {method} {0x0000000046348970} &apos;internalAdd&apos; &apos;(Ljava/lang/classfile/constantpool/PoolEntry;I)Ljava/lang/classfile/constantpool/PoolEntry;&apos; in &apos;jdk/internal/classfile/impl/SplitConstantPool&apos;)}
  0x000077b45803b696:   mov    $0xe8,%r8d
  0x000077b45803b69c:   jg     0x000077b45803b6a4
  0x000077b45803b69e:   mov    $0xd8,%r8d
  0x000077b45803b6a4:   mov    (%rax,%r8,1),%r9
  0x000077b45803b6a8:   lea    0x1(%r9),%r9
  0x000077b45803b6ac:   mov    %r9,(%rax,%r8,1)
  0x000077b45803b6b0:   jg     0x000077b45803b6c8           ;*if_icmple {reexecute=0 rethrow=0 return_oop=0}
                                                            ; - jdk.internal.classfile.impl.SplitConstantPool::internalAdd@18 (line 241)
  0x000077b45803b6b6:   mov    %rsi,0x28(%rsp)
  0x000077b45803b6bb:   mov    %rdi,%rsi
  0x000077b45803b6be:   mov    0x28(%rsp),%rdi
  0x000077b45803b6c3:   jmp    0x000077b45803b803           ;*aload_0 {reexecute=0 rethrow=0 return_oop=0}
                                                            ; - jdk.internal.classfile.impl.SplitConstantPool::internalAdd@40 (line 244)
  0x000077b45803b6c8:   movabs $0x77b4140f0578,%rax         ;   {metadata(method data for {method} {0x0000000046348970} &apos;internalAdd&apos; &apos;(Ljava/lang/classfile/constantpool/PoolEntry;I)Ljava/lang/classfile/constantpool/PoolEntry;&apos; in &apos;jdk/internal/classfile/impl/SplitConstantPool&apos;)}
  0x000077b45803b6d2:   addq   $0x1,0xf8(%rax)
  0x000077b45803b6da:   mov    %rdi,%rax
  0x000077b45803b6dd:   shl    %eax
  0x000077b45803b6df:   mov    %rbx,%rsi
  0x000077b45803b6e2:   mov    %rax,%rdx
  0x000077b45803b6e5:   movabs $0x7ff856580,%rcx            ;*invokestatic copyOf {reexecute=0 rethrow=0 return_oop=0}
                                                            ; - jdk.internal.classfile.impl.SplitConstantPool::internalAdd@31 (line 242)
                                                            ;   {oop(a &apos;java/lang/Class&apos;{0x00000007ff856580} = &apos;java/lang/classfile/constantpool/PoolEntry&apos;[])}
  0x000077b45803b6ef:   mov    %edi,0x30(%rsp)
  0x000077b45803b6f3:   nopl   0x0(%rax)
  0x000077b45803b6f7:   call   0x000077b45f4adfe0           ; ImmutableOopMap {[40]=Oop [56]=Oop }
                                                            ;*invokestatic copyOf {reexecute=0 rethrow=0 return_oop=0}
                                                            ; - jdk.internal.classfile.impl.SplitConstantPool::internalAdd@31 (line 242)
                                                            ;   {static_call}
  0x000077b45803b6fc:   nopl   0x1f4(%rax,%rax,1)           ;*invokestatic copyOf {reexecute=0 rethrow=0 return_oop=0}
                                                            ; - jdk.internal.classfile.impl.SplitConstantPool::internalAdd@31 (line 242)
                                                            ;   {post_call_nop}
  0x000077b45803b704:   test   %rax,%rax
  0x000077b45803b707:   movabs $0x77b4140f0578,%rbx         ;   {metadata(method data for {method} {0x0000000046348970} &apos;internalAdd&apos; &apos;(Ljava/lang/classfile/constantpool/PoolEntry;I)Ljava/lang/classfile/constantpool/PoolEntry;&apos; in &apos;jdk/internal/classfile/impl/SplitConstantPool&apos;)}
  0x000077b45803b711:   jne    0x000077b45803b71f
  0x000077b45803b713:   orb    $0x1,0x101(%rbx)
  0x000077b45803b71a:   jmp    0x000077b45803b7b6
  0x000077b45803b71f:   mov    0x8(%rax),%esi
  0x000077b45803b722:   mov    $0x46000000,%r10d
  0x000077b45803b728:   add    %r10,%rsi
  0x000077b45803b72b:   mov    $0x22,%r10d
  0x000077b45803b731:   cmp    (%rbx,%r10,8),%rsi
  0x000077b45803b735:   je     0x000077b45803b76e
  0x000077b45803b737:   add    $0x2,%r10
  0x000077b45803b73b:   cmp    $0x26,%r10
  0x000077b45803b73f:   jne    0x000077b45803b731
  0x000077b45803b741:   mov    $0x22,%r10d
  0x000077b45803b747:   cmpq   $0x0,(%rbx,%r10,8)
  0x000077b45803b74c:   je     0x000077b45803b75a
  0x000077b45803b74e:   add    $0x2,%r10
  0x000077b45803b752:   cmp    $0x26,%r10
  0x000077b45803b756:   jne    0x000077b45803b747
  0x000077b45803b758:   jmp    0x000077b45803b766
  0x000077b45803b75a:   push   %rax
  0x000077b45803b75b:   xor    %rax,%rax
  0x000077b45803b75e:   cmpxchg %rsi,(%rbx,%r10,8)
  0x000077b45803b763:   pop    %rax
  0x000077b45803b764:   jmp    0x000077b45803b72b
  0x000077b45803b766:   mov    $0x21,%r10d
  0x000077b45803b76c:   jmp    0x000077b45803b772
  0x000077b45803b76e:   add    $0x1,%r10
  0x000077b45803b772:   addq   $0x1,(%rbx,%r10,8)
  0x000077b45803b777:   movabs $0x46306190,%rsi             ;   {metadata(&apos;java/lang/classfile/constantpool/PoolEntry&apos;[])}
  0x000077b45803b781:   mov    0x8(%rax),%ebx
  0x000077b45803b784:   mov    $0x46000000,%r10d
  0x000077b45803b78a:   add    %r10,%rbx
  0x000077b45803b78d:   cmp    0x20(%rbx),%rsi
  0x000077b45803b791:   je     0x000077b45803b7b6
  0x000077b45803b797:   cmp    %rsi,%rbx
  0x000077b45803b79a:   je     0x000077b45803b7b6
  0x000077b45803b7a0:   push   %rbx
  0x000077b45803b7a1:   push   %rsi
  0x000077b45803b7a2:   call   0x000077b45f57fee0           ;   {runtime_call slow_subtype_check_blob (C1 runtime)}
  0x000077b45803b7a7:   pop    %rbx
  0x000077b45803b7a8:   pop    %rbx
  0x000077b45803b7a9:   test   %ebx,%ebx
  0x000077b45803b7ab:   je     0x000077b45803bb2f
  0x000077b45803b7b1:   jmp    0x000077b45803b7b6
  0x000077b45803b7b6:   mov    %rax,%rsi                    ;*checkcast {reexecute=0 rethrow=0 return_oop=0}
                                                            ; - jdk.internal.classfile.impl.SplitConstantPool::internalAdd@34 (line 242)
  0x000077b45803b7b9:   movsbl 0x48(%r15),%edi
  0x000077b45803b7be:   test   %edi,%edi
  0x000077b45803b7c0:   mov    0x28(%rsp),%rdi
  0x000077b45803b7c5:   jne    0x000077b45803bb38
  0x000077b45803b7cb:   mov    %rsi,%r10
  0x000077b45803b7ce:   shr    $0x3,%r10
  0x000077b45803b7d2:   mov    %r10d,0x24(%rdi)
  0x000077b45803b7d6:   mov    %rdi,%rax
  0x000077b45803b7d9:   xor    %rsi,%rax
  0x000077b45803b7dc:   shr    $0x17,%rax
  0x000077b45803b7e0:   je     0x000077b45803b7fa
  0x000077b45803b7e2:   test   %rsi,%rsi
  0x000077b45803b7e5:   je     0x000077b45803b7fa
  0x000077b45803b7e7:   mov    %rdi,%rax
  0x000077b45803b7ea:   shr    $0x9,%rax
  0x000077b45803b7ee:   add    0x50(%r15),%rax
  0x000077b45803b7f2:   cmpb   $0xff,(%rax)
  0x000077b45803b7f5:   jne    0x000077b45803b7fa
  0x000077b45803b7f7:   movb   $0x0,(%rax)                  ;*putfield myEntries {reexecute=0 rethrow=0 return_oop=0}
                                                            ; - jdk.internal.classfile.impl.SplitConstantPool::internalAdd@37 (line 242)
  0x000077b45803b7fa:   mov    0x30(%rsp),%esi
  0x000077b45803b7fe:   mov    0x38(%rsp),%rdx
  0x000077b45803b803:   mov    0x24(%rdi),%ebx
  0x000077b45803b806:   shl    $0x3,%rbx                    ;*getfield myEntries {reexecute=0 rethrow=0 return_oop=0}
                                                            ; - jdk.internal.classfile.impl.SplitConstantPool::internalAdd@41 (line 244)
  0x000077b45803b80a:   cmp    0xc(%rbx),%esi               ; implicit exception: dispatches to 0x000077b45803bb56
  0x000077b45803b80d:   jae    0x000077b45803bb60
  0x000077b45803b813:   test   %rdx,%rdx
  0x000077b45803b816:   movabs $0x77b4140f0578,%r8          ;   {metadata(method data for {method} {0x0000000046348970} &apos;internalAdd&apos; &apos;(Ljava/lang/classfile/constantpool/PoolEntry;I)Ljava/lang/classfile/constantpool/PoolEntry;&apos; in &apos;jdk/internal/classfile/impl/SplitConstantPool&apos;)}
  0x000077b45803b820:   jne    0x000077b45803b82f
  0x000077b45803b822:   orb    $0x1,0x131(%r8)
  0x000077b45803b82a:   jmp    0x000077b45803b8e1
  0x000077b45803b82f:   mov    0x8(%rdx),%eax
  0x000077b45803b832:   mov    $0x46000000,%r10d
  0x000077b45803b838:   add    %r10,%rax
  0x000077b45803b83b:   mov    $0x28,%r10d
  0x000077b45803b841:   cmp    (%r8,%r10,8),%rax
  0x000077b45803b845:   je     0x000077b45803b884
  0x000077b45803b847:   add    $0x2,%r10
  0x000077b45803b84b:   cmp    $0x2c,%r10
  0x000077b45803b84f:   jne    0x000077b45803b841
  0x000077b45803b851:   mov    $0x28,%r10d
  0x000077b45803b857:   cmpq   $0x0,(%r8,%r10,8)
  0x000077b45803b85c:   je     0x000077b45803b86a
  0x000077b45803b85e:   add    $0x2,%r10
  0x000077b45803b862:   cmp    $0x2c,%r10
  0x000077b45803b866:   jne    0x000077b45803b857
  0x000077b45803b868:   jmp    0x000077b45803b87c
  0x000077b45803b86a:   push   %rbx
  0x000077b45803b86b:   mov    %rax,%rbx
  0x000077b45803b86e:   xor    %rax,%rax
  0x000077b45803b871:   cmpxchg %rbx,(%r8,%r10,8)
  0x000077b45803b876:   mov    %rbx,%rax
  0x000077b45803b879:   pop    %rbx
  0x000077b45803b87a:   jmp    0x000077b45803b83b
  0x000077b45803b87c:   mov    $0x27,%r10d
  0x000077b45803b882:   jmp    0x000077b45803b888
  0x000077b45803b884:   add    $0x1,%r10
  0x000077b45803b888:   addq   $0x1,(%r8,%r10,8)
  0x000077b45803b88d:   mov    0x8(%rbx),%eax               ; implicit exception: dispatches to 0x000077b45803bb6e
  0x000077b45803b890:   mov    $0x46000000,%r10d
  0x000077b45803b896:   add    %r10,%rax
  0x000077b45803b899:   mov    0x8(%rdx),%r8d
  0x000077b45803b89d:   mov    $0x46000000,%r10d
  0x000077b45803b8a3:   add    %r10,%r8
  0x000077b45803b8a6:   mov    0xe0(%rax),%rax
  0x000077b45803b8ad:   cmp    %rax,%r8
  0x000077b45803b8b0:   je     0x000077b45803b8e1
  0x000077b45803b8b6:   mov    0x10(%rax),%r9d
  0x000077b45803b8ba:   cmp    (%r8,%r9,1),%rax
  0x000077b45803b8be:   je     0x000077b45803b8e1
  0x000077b45803b8c4:   cmp    $0x20,%r9d
  0x000077b45803b8c8:   jne    0x000077b45803bb73
  0x000077b45803b8ce:   push   %r8
  0x000077b45803b8d0:   push   %rax
  0x000077b45803b8d1:   call   0x000077b45f57fee0           ;   {runtime_call slow_subtype_check_blob (C1 runtime)}
  0x000077b45803b8d6:   pop    %r8
  0x000077b45803b8d8:   pop    %rax
  0x000077b45803b8d9:   test   %eax,%eax
  0x000077b45803b8db:   je     0x000077b45803bb73
  0x000077b45803b8e1:   movslq %esi,%rsi
  0x000077b45803b8e4:   lea    0x10(%rbx,%rsi,4),%rsi
  0x000077b45803b8e9:   movsbl 0x48(%r15),%ebx
  0x000077b45803b8ee:   test   %ebx,%ebx
  0x000077b45803b8f0:   jne    0x000077b45803bb7c
  0x000077b45803b8f6:   mov    %rdx,%r10
  0x000077b45803b8f9:   shr    $0x3,%r10
  0x000077b45803b8fd:   mov    %r10d,(%rsi)
  0x000077b45803b900:   mov    %rsi,%rax
  0x000077b45803b903:   xor    %rdx,%rax
  0x000077b45803b906:   shr    $0x17,%rax
  0x000077b45803b90a:   je     0x000077b45803b924
  0x000077b45803b90c:   test   %rdx,%rdx
  0x000077b45803b90f:   je     0x000077b45803b924
  0x000077b45803b911:   mov    %rsi,%rax
  0x000077b45803b914:   shr    $0x9,%rax
  0x000077b45803b918:   add    0x50(%r15),%rax
  0x000077b45803b91c:   cmpb   $0xff,(%rax)
  0x000077b45803b91f:   jne    0x000077b45803b924
  0x000077b45803b921:   movb   $0x0,(%rax)                  ;*aastore {reexecute=0 rethrow=0 return_oop=0}
                                                            ; - jdk.internal.classfile.impl.SplitConstantPool::internalAdd@46 (line 244)
  0x000077b45803b924:   mov    0x14(%rdi),%ebx              ;*getfield size {reexecute=0 rethrow=0 return_oop=0}
                                                            ; - jdk.internal.classfile.impl.SplitConstantPool::internalAdd@49 (line 245)
  0x000077b45803b927:   cmp    (%rdx),%rax                  ; implicit exception: dispatches to 0x000077b45803bb99
  0x000077b45803b92a:   mov    %rdx,%rsi
  0x000077b45803b92d:   movabs $0x77b4140f0578,%rax         ;   {metadata(method data for {method} {0x0000000046348970} &apos;internalAdd&apos; &apos;(Ljava/lang/classfile/constantpool/PoolEntry;I)Ljava/lang/classfile/constantpool/PoolEntry;&apos; in &apos;jdk/internal/classfile/impl/SplitConstantPool&apos;)}
  0x000077b45803b937:   mov    0x8(%rsi),%esi
  0x000077b45803b93a:   mov    $0x46000000,%r10d
  0x000077b45803b940:   add    %r10,%rsi
  0x000077b45803b943:   mov    $0x2e,%r10d
  0x000077b45803b949:   cmp    (%rax,%r10,8),%rsi
  0x000077b45803b94d:   je     0x000077b45803b98c
  0x000077b45803b94f:   add    $0x2,%r10
  0x000077b45803b953:   cmp    $0x32,%r10
  0x000077b45803b957:   jne    0x000077b45803b949
  0x000077b45803b959:   mov    $0x2e,%r10d
  0x000077b45803b95f:   cmpq   $0x0,(%rax,%r10,8)
  0x000077b45803b964:   je     0x000077b45803b972
  0x000077b45803b966:   add    $0x2,%r10
  0x000077b45803b96a:   cmp    $0x32,%r10
  0x000077b45803b96e:   jne    0x000077b45803b95f
  0x000077b45803b970:   jmp    0x000077b45803b984
  0x000077b45803b972:   push   %rbx
  0x000077b45803b973:   mov    %rax,%rbx
  0x000077b45803b976:   xor    %rax,%rax
  0x000077b45803b979:   cmpxchg %rsi,(%rbx,%r10,8)
  0x000077b45803b97e:   mov    %rbx,%rax
  0x000077b45803b981:   pop    %rbx
  0x000077b45803b982:   jmp    0x000077b45803b943
  0x000077b45803b984:   mov    $0x2d,%r10d
  0x000077b45803b98a:   jmp    0x000077b45803b990
  0x000077b45803b98c:   add    $0x1,%r10
  0x000077b45803b990:   addq   $0x1,(%rax,%r10,8)
  0x000077b45803b995:   mov    %rdx,%rsi                    ;*invokeinterface width {reexecute=0 rethrow=0 return_oop=0}
                                                            ; - jdk.internal.classfile.impl.SplitConstantPool::internalAdd@53 (line 245)
  0x000077b45803b998:   mov    %ebx,0x40(%rsp)
  0x000077b45803b99c:   nop
  0x000077b45803b99d:   movabs $0x77b3ec0075e0,%rax
  0x000077b45803b9a7:   call   0x000077b45f4adce0           ; ImmutableOopMap {[40]=Oop [56]=Oop }
                                                            ;*invokeinterface width {reexecute=0 rethrow=0 return_oop=0}
                                                            ; - jdk.internal.classfile.impl.SplitConstantPool::internalAdd@53 (line 245)
                                                            ;   {virtual_call}
  0x000077b45803b9ac:   nopl   0x10004a4(%rax,%rax,1)       ;*invokeinterface width {reexecute=0 rethrow=0 return_oop=0}
                                                            ; - jdk.internal.classfile.impl.SplitConstantPool::internalAdd@53 (line 245)
                                                            ;   {post_call_nop}
  0x000077b45803b9b4:   mov    0x40(%rsp),%ebx
  0x000077b45803b9b8:   add    %eax,%ebx
  0x000077b45803b9ba:   mov    0x28(%rsp),%rsi
  0x000077b45803b9bf:   mov    %ebx,0x14(%rsi)              ;*putfield size {reexecute=0 rethrow=0 return_oop=0}
                                                            ; - jdk.internal.classfile.impl.SplitConstantPool::internalAdd@59 (line 245)
  0x000077b45803b9c2:   mov    %rsi,%rdi
  0x000077b45803b9c5:   movabs $0x77b4140f0578,%rbx         ;   {metadata(method data for {method} {0x0000000046348970} &apos;internalAdd&apos; &apos;(Ljava/lang/classfile/constantpool/PoolEntry;I)Ljava/lang/classfile/constantpool/PoolEntry;&apos; in &apos;jdk/internal/classfile/impl/SplitConstantPool&apos;)}
  0x000077b45803b9cf:   addq   $0x1,0x198(%rbx)
  0x000077b45803b9d7:   call   0x000077b45f4ad9e0           ; ImmutableOopMap {[56]=Oop }
                                                            ;*invokevirtual map {reexecute=0 rethrow=0 return_oop=0}
                                                            ; - jdk.internal.classfile.impl.SplitConstantPool::internalAdd@63 (line 246)
                                                            ;   {optimized virtual_call}
  0x000077b45803b9dc:   nopl   0x20004d4(%rax,%rax,1)       ;*invokevirtual map {reexecute=0 rethrow=0 return_oop=0}
                                                            ; - jdk.internal.classfile.impl.SplitConstantPool::internalAdd@63 (line 246)
                                                            ;   {post_call_nop}
  0x000077b45803b9e4:   mov    0x38(%rsp),%rdx
  0x000077b45803b9e9:   movabs $0x77b4140f0578,%rsi         ;   {metadata(method data for {method} {0x0000000046348970} &apos;internalAdd&apos; &apos;(Ljava/lang/classfile/constantpool/PoolEntry;I)Ljava/lang/classfile/constantpool/PoolEntry;&apos; in &apos;jdk/internal/classfile/impl/SplitConstantPool&apos;)}
  0x000077b45803b9f3:   mov    0x8(%rdx),%edx
  0x000077b45803b9f6:   mov    $0x46000000,%r10d
  0x000077b45803b9fc:   add    %r10,%rdx
  0x000077b45803b9ff:   mov    $0x3a,%r10d
  0x000077b45803ba05:   cmp    (%rsi,%r10,8),%rdx
  0x000077b45803ba09:   je     0x000077b45803ba42
  0x000077b45803ba0b:   add    $0x2,%r10
  0x000077b45803ba0f:   cmp    $0x3e,%r10
  0x000077b45803ba13:   jne    0x000077b45803ba05
  0x000077b45803ba15:   mov    $0x3a,%r10d
  0x000077b45803ba1b:   cmpq   $0x0,(%rsi,%r10,8)
  0x000077b45803ba20:   je     0x000077b45803ba2e
  0x000077b45803ba22:   add    $0x2,%r10
  0x000077b45803ba26:   cmp    $0x3e,%r10
  0x000077b45803ba2a:   jne    0x000077b45803ba1b
  0x000077b45803ba2c:   jmp    0x000077b45803ba3a
  0x000077b45803ba2e:   push   %rax
  0x000077b45803ba2f:   xor    %rax,%rax
  0x000077b45803ba32:   cmpxchg %rdx,(%rsi,%r10,8)
  0x000077b45803ba37:   pop    %rax
  0x000077b45803ba38:   jmp    0x000077b45803b9ff
  0x000077b45803ba3a:   mov    $0x39,%r10d
  0x000077b45803ba40:   jmp    0x000077b45803ba46
  0x000077b45803ba42:   add    $0x1,%r10
  0x000077b45803ba46:   addq   $0x1,(%rsi,%r10,8)
  0x000077b45803ba4b:   mov    0x38(%rsp),%rsi              ;*invokeinterface index {reexecute=0 rethrow=0 return_oop=0}
                                                            ; - jdk.internal.classfile.impl.SplitConstantPool::internalAdd@68 (line 246)
  0x000077b45803ba50:   mov    %rax,0x48(%rsp)
  0x000077b45803ba55:   movabs $0x77b3ec007608,%rax
  0x000077b45803ba5f:   call   0x000077b45f4adce0           ; ImmutableOopMap {[56]=Oop [72]=Oop }
                                                            ;*invokeinterface index {reexecute=0 rethrow=0 return_oop=0}
                                                            ; - jdk.internal.classfile.impl.SplitConstantPool::internalAdd@68 (line 246)
                                                            ;   {virtual_call}
  0x000077b45803ba64:   nopl   0x300055c(%rax,%rax,1)       ;*invokeinterface index {reexecute=0 rethrow=0 return_oop=0}
                                                            ; - jdk.internal.classfile.impl.SplitConstantPool::internalAdd@68 (line 246)
                                                            ;   {post_call_nop}
  0x000077b45803ba6c:   mov    0x48(%rsp),%rsi
  0x000077b45803ba71:   cmp    (%rsi),%rax                  ; implicit exception: dispatches to 0x000077b45803bb9e
  0x000077b45803ba74:   mov    %rsi,%rdx
  0x000077b45803ba77:   movabs $0x77b4140f0578,%rcx         ;   {metadata(method data for {method} {0x0000000046348970} &apos;internalAdd&apos; &apos;(Ljava/lang/classfile/constantpool/PoolEntry;I)Ljava/lang/classfile/constantpool/PoolEntry;&apos; in &apos;jdk/internal/classfile/impl/SplitConstantPool&apos;)}
  0x000077b45803ba81:   mov    0x8(%rdx),%edx
  0x000077b45803ba84:   mov    $0x46000000,%r10d
  0x000077b45803ba8a:   add    %r10,%rdx
  0x000077b45803ba8d:   mov    $0x40,%r10d
  0x000077b45803ba93:   cmp    (%rcx,%r10,8),%rdx
  0x000077b45803ba97:   je     0x000077b45803bad0
  0x000077b45803ba99:   add    $0x2,%r10
  0x000077b45803ba9d:   cmp    $0x44,%r10
  0x000077b45803baa1:   jne    0x000077b45803ba93
  0x000077b45803baa3:   mov    $0x40,%r10d
  0x000077b45803baa9:   cmpq   $0x0,(%rcx,%r10,8)
  0x000077b45803baae:   je     0x000077b45803babc
  0x000077b45803bab0:   add    $0x2,%r10
  0x000077b45803bab4:   cmp    $0x44,%r10
  0x000077b45803bab8:   jne    0x000077b45803baa9
  0x000077b45803baba:   jmp    0x000077b45803bac8
  0x000077b45803babc:   push   %rax
  0x000077b45803babd:   xor    %rax,%rax
  0x000077b45803bac0:   cmpxchg %rdx,(%rcx,%r10,8)
  0x000077b45803bac5:   pop    %rax
  0x000077b45803bac6:   jmp    0x000077b45803ba8d
  0x000077b45803bac8:   mov    $0x3f,%r10d
  0x000077b45803bace:   jmp    0x000077b45803bad4
  0x000077b45803bad0:   add    $0x1,%r10
  0x000077b45803bad4:   addq   $0x1,(%rcx,%r10,8)
  0x000077b45803bad9:   mov    0x34(%rsp),%edx
  0x000077b45803badd:   mov    %rax,%rcx                    ;*invokevirtual put {reexecute=0 rethrow=0 return_oop=0}
                                                            ; - jdk.internal.classfile.impl.SplitConstantPool::internalAdd@73 (line 246)
  0x000077b45803bae0:   nopl   0x0(%rax)
  0x000077b45803bae7:   call   0x000077b45f4ad9e0           ; ImmutableOopMap {[56]=Oop }
                                                            ;*invokevirtual put {reexecute=0 rethrow=0 return_oop=0}
                                                            ; - jdk.internal.classfile.impl.SplitConstantPool::internalAdd@73 (line 246)
                                                            ;   {optimized virtual_call}
  0x000077b45803baec:   nopl   0x40005e4(%rax,%rax,1)       ;*invokevirtual put {reexecute=0 rethrow=0 return_oop=0}
                                                            ; - jdk.internal.classfile.impl.SplitConstantPool::internalAdd@73 (line 246)
                                                            ;   {post_call_nop}
  0x000077b45803baf4:   mov    0x38(%rsp),%rax
  0x000077b45803baf9:   add    $0x60,%rsp
  0x000077b45803bafd:   pop    %rbp
  0x000077b45803bafe:   cmp    0x28(%r15),%rsp              ;   {poll_return}
  0x000077b45803bb02:   ja     0x000077b45803bba3
  0x000077b45803bb08:   ret    
  0x000077b45803bb09:   movabs $0x46348970,%r10             ;   {metadata({method} {0x0000000046348970} &apos;internalAdd&apos; &apos;(Ljava/lang/classfile/constantpool/PoolEntry;I)Ljava/lang/classfile/constantpool/PoolEntry;&apos; in &apos;jdk/internal/classfile/impl/SplitConstantPool&apos;)}
  0x000077b45803bb13:   mov    %r10,0x8(%rsp)
  0x000077b45803bb18:   movq   $0xffffffffffffffff,(%rsp)
  0x000077b45803bb20:   call   0x000077b45f582fe0           ; ImmutableOopMap {rsi=Oop rdx=Oop [40]=Oop [56]=Oop }
                                                            ;*synchronization entry
                                                            ; - jdk.internal.classfile.impl.SplitConstantPool::internalAdd@-1 (line 240)
                                                            ;   {runtime_call counter_overflow_blob (C1 runtime)}
  0x000077b45803bb25:   jmp    0x000077b45803b670
  0x000077b45803bb2a:   call   0x000077b45f57c660           ; ImmutableOopMap {rsi=Oop rdx=Oop rbx=Oop [40]=Oop [56]=Oop }
                                                            ;*arraylength {reexecute=0 rethrow=0 return_oop=0}
                                                            ; - jdk.internal.classfile.impl.SplitConstantPool::internalAdd@17 (line 241)
                                                            ;   {runtime_call throw_null_pointer_exception_blob (C1 runtime)}
  0x000077b45803bb2f:   mov    %rax,(%rsp)
  0x000077b45803bb33:   call   0x000077b45f57f3e0           ; ImmutableOopMap {[40]=Oop [56]=Oop }
                                                            ;*checkcast {reexecute=0 rethrow=0 return_oop=0}
                                                            ; - jdk.internal.classfile.impl.SplitConstantPool::internalAdd@34 (line 242)
                                                            ;   {runtime_call throw_class_cast_exception_blob (C1 runtime)}
  0x000077b45803bb38:   mov    0x24(%rdi),%ebx
  0x000077b45803bb3b:   shl    $0x3,%rbx
  0x000077b45803bb3f:   test   %rbx,%rbx
  0x000077b45803bb42:   je     0x000077b45803b7cb
  0x000077b45803bb48:   mov    %rbx,(%rsp)
  0x000077b45803bb4c:   call   0x000077b45f583a60           ;   {runtime_call g1_pre_barrier_slow}
  0x000077b45803bb51:   jmp    0x000077b45803b7cb
  0x000077b45803bb56:   call   0x000077b45f57c660           ; ImmutableOopMap {rdi=Oop rdx=Oop rbx=Oop [40]=Oop [56]=Oop }
                                                            ;*aastore {reexecute=1 rethrow=0 return_oop=0}
                                                            ; - (reexecute) jdk.internal.classfile.impl.SplitConstantPool::internalAdd@46 (line 244)
                                                            ;   {runtime_call throw_null_pointer_exception_blob (C1 runtime)}
  0x000077b45803bb5b:   call   0x000077b45f57c660           ; ImmutableOopMap {rdi=Oop rdx=Oop rbx=Oop [40]=Oop [56]=Oop }
                                                            ;*aastore {reexecute=1 rethrow=0 return_oop=0}
                                                            ; - (reexecute) jdk.internal.classfile.impl.SplitConstantPool::internalAdd@46 (line 244)
                                                            ;   {runtime_call throw_null_pointer_exception_blob (C1 runtime)}
  0x000077b45803bb60:   mov    %rsi,(%rsp)
  0x000077b45803bb64:   mov    %rbx,0x8(%rsp)
  0x000077b45803bb69:   call   0x000077b45f57bd60           ; ImmutableOopMap {rdi=Oop rdx=Oop rbx=Oop [40]=Oop [56]=Oop }
                                                            ;*aastore {reexecute=1 rethrow=0 return_oop=0}
                                                            ; - (reexecute) jdk.internal.classfile.impl.SplitConstantPool::internalAdd@46 (line 244)
                                                            ;   {runtime_call throw_range_check_failed_blob (C1 runtime)}
  0x000077b45803bb6e:   call   0x000077b45f57c660           ; ImmutableOopMap {rdi=Oop rdx=Oop rbx=Oop [40]=Oop [56]=Oop }
                                                            ;*aastore {reexecute=1 rethrow=0 return_oop=0}
                                                            ; - (reexecute) jdk.internal.classfile.impl.SplitConstantPool::internalAdd@46 (line 244)
                                                            ;   {runtime_call throw_null_pointer_exception_blob (C1 runtime)}
  0x000077b45803bb73:   mov    %rdx,(%rsp)
  0x000077b45803bb77:   call   0x000077b45f57f0e0           ; ImmutableOopMap {rdi=Oop rdx=Oop rbx=Oop [40]=Oop [56]=Oop }
                                                            ;*aastore {reexecute=1 rethrow=0 return_oop=0}
                                                            ; - (reexecute) jdk.internal.classfile.impl.SplitConstantPool::internalAdd@46 (line 244)
                                                            ;   {runtime_call throw_array_store_exception_blob (C1 runtime)}
  0x000077b45803bb7c:   mov    (%rsi),%ebx
  0x000077b45803bb7e:   shl    $0x3,%rbx
  0x000077b45803bb82:   test   %rbx,%rbx
  0x000077b45803bb85:   je     0x000077b45803b8f6
  0x000077b45803bb8b:   mov    %rbx,(%rsp)
  0x000077b45803bb8f:   call   0x000077b45f583a60           ;   {runtime_call g1_pre_barrier_slow}
  0x000077b45803bb94:   jmp    0x000077b45803b8f6
  0x000077b45803bb99:   call   0x000077b45f57c660           ; ImmutableOopMap {rdi=Oop rdx=Oop [40]=Oop [56]=Oop }
                                                            ;*invokeinterface width {reexecute=0 rethrow=0 return_oop=0}
                                                            ; - jdk.internal.classfile.impl.SplitConstantPool::internalAdd@53 (line 245)
                                                            ;   {runtime_call throw_null_pointer_exception_blob (C1 runtime)}
  0x000077b45803bb9e:   call   0x000077b45f57c660           ; ImmutableOopMap {rsi=Oop [56]=Oop }
                                                            ;*invokevirtual put {reexecute=0 rethrow=0 return_oop=0}
                                                            ; - jdk.internal.classfile.impl.SplitConstantPool::internalAdd@73 (line 246)
                                                            ;   {runtime_call throw_null_pointer_exception_blob (C1 runtime)}
  0x000077b45803bba3:   movabs $0x77b45803bafe,%r10         ;   {internal_word}
  0x000077b45803bbad:   mov    %r10,0x510(%r15)
  0x000077b45803bbb4:   jmp    0x000077b45f4afb60           ;   {runtime_call SafepointBlob}
  0x000077b45803bbb9:   mov    0x5c0(%r15),%rax
  0x000077b45803bbc0:   movq   $0x0,0x5c0(%r15)
  0x000077b45803bbcb:   movq   $0x0,0x5c8(%r15)
  0x000077b45803bbd6:   add    $0x60,%rsp
  0x000077b45803bbda:   pop    %rbp
  0x000077b45803bbdb:   jmp    0x000077b45f57b760           ;   {runtime_call unwind_exception_blob (C1 runtime)}
[Stub Code]
  0x000077b45803bbe0:   nopl   0x0(%rax,%rax,1)             ;   {other}
  0x000077b45803bbe5:   movabs $0x0,%rbx                    ;   {static_stub}
  0x000077b45803bbef:   jmp    0x000077b45803bbef           ;   {runtime_call nmethod}
  0x000077b45803bbf4:   nop
  0x000077b45803bbf5:   movabs $0x0,%rbx                    ;   {static_stub}
  0x000077b45803bbff:   jmp    0x000077b45803bbff           ;   {runtime_call nmethod}
  0x000077b45803bc04:   movabs $0x0,%rbx                    ;   {static_stub}
  0x000077b45803bc0e:   jmp    0x000077b45803bc0e           ;   {runtime_call nmethod}
  0x000077b45803bc13:   movabs $0x0,%rbx                    ;   {static_stub}
  0x000077b45803bc1d:   jmp    0x000077b45803bc1d           ;   {runtime_call nmethod}
  0x000077b45803bc22:   movabs $0x0,%rbx                    ;   {static_stub}
  0x000077b45803bc2c:   jmp    0x000077b45803bc2c           ;   {runtime_call nmethod}
[Exception Handler]
  0x000077b45803bc31:   call   0x000077b45f57ede0           ;   {runtime_call handle_exception_from_callee_blob (C1 runtime)}
  0x000077b45803bc36:   movabs $0x77b478d3aec4,%rdi         ;   {external_word}
  0x000077b45803bc40:   and    $0xfffffffffffffff0,%rsp
  0x000077b45803bc44:   call   0x000077b478791cc0           ;   {runtime_call MacroAssembler::debug64(char*, long, long*)}
  0x000077b45803bc49:   hlt    
  0x000077b45803bc4a:   call   0x000077b45f4afe60           ;   {runtime_call DeoptimizationBlob}
[Deopt Handler Entry Point]
  0x000077b45803bc4f:   jmp    0x000077b45803bc4a
  0x000077b45803bc51:   hlt    
  0x000077b45803bc52:   hlt    
  0x000077b45803bc53:   hlt    
  0x000077b45803bc54:   hlt    
  0x000077b45803bc55:   hlt    
  0x000077b45803bc56:   hlt    
  0x000077b45803bc57:   hlt    
--------------------------------------------------------------------------------
[/Disassembly]
