
============================= C1-compiled nmethod ==============================
----------------------------------- Assembly -----------------------------------

Compiled method (c1) 626   32       2       jdk.internal.util.ArraysSupport::hashCodeOfUnsigned (55 bytes)
 total in heap  [0x000077b458003d08,0x000077b458003f90] = 648
 main code      [0x000077b458003e00,0x000077b458003f60] = 352
 stub code      [0x000077b458003f60,0x000077b458003f90] = 48
 mutable data [0x000077b3ec00bdc0,0x000077b3ec00be18] = 88
 relocation     [0x000077b3ec00bdc0,0x000077b3ec00be08] = 72
 metadata       [0x000077b3ec00be08,0x000077b3ec00be18] = 16
 immutable data [0x000077b3ec00bc60,0x000077b3ec00bdb4] = 340
 dependencies   [0x000077b3ec00bc60,0x000077b3ec00bc68] = 8
 nul chk table  [0x000077b3ec00bc68,0x000077b3ec00bc80] = 24
 scopes pcs     [0x000077b3ec00bc80,0x000077b3ec00bd60] = 224
 scopes data    [0x000077b3ec00bd60,0x000077b3ec00bdb0] = 80

[Disassembly]
--------------------------------------------------------------------------------
[Constant Pool (empty)]

--------------------------------------------------------------------------------

[Verified Entry Point]
  # {method} {0x000000004648ddd8} &apos;hashCodeOfUnsigned&apos; &apos;([BIII)I&apos; in &apos;jdk/internal/util/ArraysSupport&apos;
  # parm0:    rsi:rsi   = &apos;[B&apos;
  # parm1:    rdx       = int
  # parm2:    rcx       = int
  # parm3:    r8        = int
  #           [sp+0x60]  (sp of caller)
  0x000077b458003e00:   mov    %eax,-0x14000(%rsp)
  0x000077b458003e07:   push   %rbp
  0x000077b458003e08:   sub    $0x50,%rsp
  0x000077b458003e0c:   cmpl   $0x1,0x20(%r15)
  0x000077b458003e14:   je     0x000077b458003e1b
  0x000077b458003e16:   call   Stub::method_entry_barrier_stub (stub gen)
                                                            ;   {runtime_call Stub::method_entry_barrier_stub (stub gen)}
  0x000077b458003e1b:   movabs $0x77b414002680,%r9
  0x000077b458003e25:   mov    0x8(%r9),%edi
  0x000077b458003e29:   add    $0x2,%edi
  0x000077b458003e2c:   mov    %edi,0x8(%r9)
  0x000077b458003e30:   and    $0xffe,%edi
  0x000077b458003e36:   test   %edi,%edi
  0x000077b458003e38:   je     0x000077b458003ebd           ;*iload_2 {reexecute=0 rethrow=0 return_oop=0}
                                                            ; - jdk.internal.util.ArraysSupport::hashCodeOfUnsigned@0 (line 273)
  0x000077b458003e3e:   test   %ecx,%ecx
  0x000077b458003e40:   je     0x000077b458003eaa
  0x000077b458003e46:   cmp    $0x1,%ecx
  0x000077b458003e49:   je     0x000077b458003e74           ;*lookupswitch {reexecute=0 rethrow=0 return_oop=0}
                                                            ; - jdk.internal.util.ArraysSupport::hashCodeOfUnsigned@1 (line 273)
  0x000077b458003e4f:   mov    $0x4,%r9d                    ;*invokestatic vectorizedHashCode {reexecute=0 rethrow=0 return_oop=0}
                                                            ; - jdk.internal.util.ArraysSupport::hashCodeOfUnsigned@51 (line 276)
  0x000077b458003e55:   xchg   %ax,%ax
  0x000077b458003e57:   call   0x000077b45f4adfe0           ; ImmutableOopMap {}
                                                            ;*invokestatic vectorizedHashCode {reexecute=0 rethrow=0 return_oop=0}
                                                            ; - jdk.internal.util.ArraysSupport::hashCodeOfUnsigned@51 (line 276)
                                                            ;   {static_call}
  0x000077b458003e5c:   nopl   0x154(%rax,%rax,1)           ;*invokestatic vectorizedHashCode {reexecute=0 rethrow=0 return_oop=0}
                                                            ; - jdk.internal.util.ArraysSupport::hashCodeOfUnsigned@51 (line 276)
                                                            ;   {post_call_nop}
  0x000077b458003e64:   add    $0x50,%rsp
  0x000077b458003e68:   pop    %rbp
  0x000077b458003e69:   cmp    0x28(%r15),%rsp              ;   {poll_return}
  0x000077b458003e6d:   ja     0x000077b458003ede
  0x000077b458003e73:   ret    
  0x000077b458003e74:   cmp    0xc(%rsi),%edx               ; implicit exception: dispatches to 0x000077b458003ef4
  0x000077b458003e77:   jae    0x000077b458003efe
  0x000077b458003e7d:   movslq %edx,%rdx
  0x000077b458003e80:   movsbl 0x10(%rsi,%rdx,1),%eax       ;*baload {reexecute=0 rethrow=0 return_oop=0}
                                                            ; - jdk.internal.util.ArraysSupport::hashCodeOfUnsigned@38 (line 275)
  0x000077b458003e85:   mov    %r8,%rsi
  0x000077b458003e88:   shl    $0x5,%r8d
  0x000077b458003e8c:   sub    %esi,%r8d
  0x000077b458003e8f:   and    $0xff,%eax
  0x000077b458003e94:   add    %eax,%r8d
  0x000077b458003e97:   mov    %r8,%rax                     ;*goto {reexecute=0 rethrow=0 return_oop=0}
                                                            ; - jdk.internal.util.ArraysSupport::hashCodeOfUnsigned@43 (line 275)
  0x000077b458003e9a:   add    $0x50,%rsp
  0x000077b458003e9e:   pop    %rbp
  0x000077b458003e9f:   cmp    0x28(%r15),%rsp              ;   {poll_return}
  0x000077b458003ea3:   ja     0x000077b458003f0c
  0x000077b458003ea9:   ret    
  0x000077b458003eaa:   mov    %r8,%rax                     ;*goto {reexecute=0 rethrow=0 return_oop=0}
                                                            ; - jdk.internal.util.ArraysSupport::hashCodeOfUnsigned@29 (line 274)
  0x000077b458003ead:   add    $0x50,%rsp
  0x000077b458003eb1:   pop    %rbp
  0x000077b458003eb2:   cmp    0x28(%r15),%rsp              ;   {poll_return}
  0x000077b458003eb6:   ja     0x000077b458003f22
  0x000077b458003ebc:   ret    
  0x000077b458003ebd:   movabs $0x4648ddd8,%r10             ;   {metadata({method} {0x000000004648ddd8} &apos;hashCodeOfUnsigned&apos; &apos;([BIII)I&apos; in &apos;jdk/internal/util/ArraysSupport&apos;)}
  0x000077b458003ec7:   mov    %r10,0x8(%rsp)
  0x000077b458003ecc:   movq   $0xffffffffffffffff,(%rsp)
  0x000077b458003ed4:   call   0x000077b45f582fe0           ; ImmutableOopMap {rsi=Oop }
                                                            ;*synchronization entry
                                                            ; - jdk.internal.util.ArraysSupport::hashCodeOfUnsigned@-1 (line 273)
                                                            ;   {runtime_call counter_overflow_blob (C1 runtime)}
  0x000077b458003ed9:   jmp    0x000077b458003e3e
  0x000077b458003ede:   movabs $0x77b458003e69,%r10         ;   {internal_word}
  0x000077b458003ee8:   mov    %r10,0x510(%r15)
  0x000077b458003eef:   jmp    0x000077b45f4afb60           ;   {runtime_call SafepointBlob}
  0x000077b458003ef4:   call   0x000077b45f57c660           ; ImmutableOopMap {rsi=Oop }
                                                            ;*baload {reexecute=0 rethrow=0 return_oop=0}
                                                            ; - jdk.internal.util.ArraysSupport::hashCodeOfUnsigned@38 (line 275)
                                                            ;   {runtime_call throw_null_pointer_exception_blob (C1 runtime)}
  0x000077b458003ef9:   call   0x000077b45f57c660           ; ImmutableOopMap {rsi=Oop }
                                                            ;*baload {reexecute=0 rethrow=0 return_oop=0}
                                                            ; - jdk.internal.util.ArraysSupport::hashCodeOfUnsigned@38 (line 275)
                                                            ;   {runtime_call throw_null_pointer_exception_blob (C1 runtime)}
  0x000077b458003efe:   mov    %rdx,(%rsp)
  0x000077b458003f02:   mov    %rsi,0x8(%rsp)
  0x000077b458003f07:   call   0x000077b45f57bd60           ; ImmutableOopMap {rsi=Oop }
                                                            ;*baload {reexecute=0 rethrow=0 return_oop=0}
                                                            ; - jdk.internal.util.ArraysSupport::hashCodeOfUnsigned@38 (line 275)
                                                            ;   {runtime_call throw_range_check_failed_blob (C1 runtime)}
  0x000077b458003f0c:   movabs $0x77b458003e9f,%r10         ;   {internal_word}
  0x000077b458003f16:   mov    %r10,0x510(%r15)
  0x000077b458003f1d:   jmp    0x000077b45f4afb60           ;   {runtime_call SafepointBlob}
  0x000077b458003f22:   movabs $0x77b458003eb2,%r10         ;   {internal_word}
  0x000077b458003f2c:   mov    %r10,0x510(%r15)
  0x000077b458003f33:   jmp    0x000077b45f4afb60           ;   {runtime_call SafepointBlob}
  0x000077b458003f38:   mov    0x5c0(%r15),%rax
  0x000077b458003f3f:   movq   $0x0,0x5c0(%r15)
  0x000077b458003f4a:   movq   $0x0,0x5c8(%r15)
  0x000077b458003f55:   add    $0x50,%rsp
  0x000077b458003f59:   pop    %rbp
  0x000077b458003f5a:   jmp    0x000077b45f57b760           ;   {runtime_call unwind_exception_blob (C1 runtime)}
  0x000077b458003f5f:   hlt    
[Stub Code]
  0x000077b458003f60:   movabs $0x0,%rbx                    ;   {static_stub}
  0x000077b458003f6a:   jmp    0x000077b458003f6a           ;   {runtime_call nmethod}
[Exception Handler]
  0x000077b458003f6f:   call   0x000077b45f57ede0           ;   {runtime_call handle_exception_from_callee_blob (C1 runtime)}
  0x000077b458003f74:   movabs $0x77b478d3aec4,%rdi         ;   {external_word}
  0x000077b458003f7e:   and    $0xfffffffffffffff0,%rsp
  0x000077b458003f82:   call   0x000077b478791cc0           ;   {runtime_call MacroAssembler::debug64(char*, long, long*)}
  0x000077b458003f87:   hlt    
  0x000077b458003f88:   call   0x000077b45f4afe60           ;   {runtime_call DeoptimizationBlob}
[Deopt Handler Entry Point]
  0x000077b458003f8d:   jmp    0x000077b458003f88
  0x000077b458003f8f:   hlt    
--------------------------------------------------------------------------------
[/Disassembly]
