
============================= C1-compiled nmethod ==============================
----------------------------------- Assembly -----------------------------------

Compiled method (c1) 6777  324       3       jdk.internal.classfile.impl.AbstractPoolEntry$Utf8EntryImpl::contentHash (19 bytes)
 total in heap  [0x000077b45803ee08,0x000077b45803f078] = 624
 main code      [0x000077b45803ef00,0x000077b45803f048] = 328
 stub code      [0x000077b45803f048,0x000077b45803f078] = 48
 mutable data [0x000077b3e8047920,0x000077b3e8047960] = 64
 relocation     [0x000077b3e8047920,0x000077b3e8047958] = 56
 metadata       [0x000077b3e8047958,0x000077b3e8047960] = 8
 immutable data [0x000077b3e801e7b0,0x000077b3e801e894] = 228
 dependencies   [0x000077b3e801e7b0,0x000077b3e801e7b8] = 8
 scopes pcs     [0x000077b3e801e7b8,0x000077b3e801e858] = 160
 scopes data    [0x000077b3e801e858,0x000077b3e801e890] = 56

[Disassembly]
--------------------------------------------------------------------------------
[Constant Pool (empty)]

--------------------------------------------------------------------------------

[Instructions begin]
  0x000077b45803ef00:   data16 data16 nopw 0x0(%rax,%rax,1)
  0x000077b45803ef0b:   data16 data16 xchg %ax,%ax
  0x000077b45803ef0f:   data16 xchg %ax,%ax
[Entry Point]
  # {method} {0x0000000046340498} &apos;contentHash&apos; &apos;()I&apos; in &apos;jdk/internal/classfile/impl/AbstractPoolEntry$Utf8EntryImpl&apos;
  #           [sp+0x40]  (sp of caller)
  0x000077b45803ef12:   mov    0x8(%rsi),%r10d
  0x000077b45803ef16:   cmp    0x8(%rax),%r10d
  0x000077b45803ef1a:   jne    0x000077b45f4ad6e0           ;   {runtime_call ic_miss_blob (shared runtime)}
[Verified Entry Point]
  0x000077b45803ef20:   mov    %eax,-0x14000(%rsp)
  0x000077b45803ef27:   push   %rbp
  0x000077b45803ef28:   sub    $0x30,%rsp
  0x000077b45803ef2c:   cmpl   $0x1,0x20(%r15)
  0x000077b45803ef34:   je     0x000077b45803ef3b
  0x000077b45803ef36:   call   Stub::method_entry_barrier_stub (stub gen)
                                                            ;   {runtime_call Stub::method_entry_barrier_stub (stub gen)}
  0x000077b45803ef3b:   movabs $0x77b4140f65e8,%rdi         ;   {metadata(method data for {method} {0x0000000046340498} &apos;contentHash&apos; &apos;()I&apos; in &apos;jdk/internal/classfile/impl/AbstractPoolEntry$Utf8EntryImpl&apos;)}
  0x000077b45803ef45:   mov    0x90(%rdi),%ebx
  0x000077b45803ef4b:   add    $0x2,%ebx
  0x000077b45803ef4e:   mov    %ebx,0x90(%rdi)
  0x000077b45803ef54:   and    $0x7fe,%ebx
  0x000077b45803ef5a:   test   %ebx,%ebx
  0x000077b45803ef5c:   je     0x000077b45803efe4           ;*aload_0 {reexecute=0 rethrow=0 return_oop=0}
                                                            ; - jdk.internal.classfile.impl.AbstractPoolEntry$Utf8EntryImpl::contentHash@0 (line 318)
  0x000077b45803ef62:   mov    0x18(%rsi),%edi
  0x000077b45803ef65:   shl    $0x3,%rdi                    ;*getfield state {reexecute=0 rethrow=0 return_oop=0}
                                                            ; - jdk.internal.classfile.impl.AbstractPoolEntry$Utf8EntryImpl::contentHash@1 (line 318)
  0x000077b45803ef69:   movabs $0x41fa848a0,%r10            ;   {oop(a &apos;jdk/internal/classfile/impl/AbstractPoolEntry$Utf8EntryImpl$State&apos;{0x000000041fa848a0})}
  0x000077b45803ef73:   cmp    %r10,%rdi
  0x000077b45803ef76:   movabs $0x77b4140f65e8,%rdi         ;   {metadata(method data for {method} {0x0000000046340498} &apos;contentHash&apos; &apos;()I&apos; in &apos;jdk/internal/classfile/impl/AbstractPoolEntry$Utf8EntryImpl&apos;)}
  0x000077b45803ef80:   mov    $0xd8,%ebx
  0x000077b45803ef85:   jne    0x000077b45803ef8c
  0x000077b45803ef87:   mov    $0xe8,%ebx
  0x000077b45803ef8c:   mov    (%rdi,%rbx,1),%rax
  0x000077b45803ef90:   lea    0x1(%rax),%rax
  0x000077b45803ef94:   mov    %rax,(%rdi,%rbx,1)
  0x000077b45803ef98:   jne    0x000077b45803efd1           ;*if_acmpne {reexecute=0 rethrow=0 return_oop=0}
                                                            ; - jdk.internal.classfile.impl.AbstractPoolEntry$Utf8EntryImpl::contentHash@7 (line 318)
  0x000077b45803ef9e:   mov    %rsi,%rdi
  0x000077b45803efa1:   movabs $0x77b4140f65e8,%rbx         ;   {metadata(method data for {method} {0x0000000046340498} &apos;contentHash&apos; &apos;()I&apos; in &apos;jdk/internal/classfile/impl/AbstractPoolEntry$Utf8EntryImpl&apos;)}
  0x000077b45803efab:   addq   $0x1,0xf8(%rbx)
  0x000077b45803efb3:   mov    %rsi,%rdi
  0x000077b45803efb6:   mov    %rdi,%rsi                    ;*invokevirtual inflate {reexecute=0 rethrow=0 return_oop=0}
                                                            ; - jdk.internal.classfile.impl.AbstractPoolEntry$Utf8EntryImpl::contentHash@11 (line 319)
  0x000077b45803efb9:   mov    %rdi,0x18(%rsp)
  0x000077b45803efbe:   nop
  0x000077b45803efbf:   call   0x000077b45f4ad9e0           ; ImmutableOopMap {[24]=Oop }
                                                            ;*invokevirtual inflate {reexecute=0 rethrow=0 return_oop=0}
                                                            ; - jdk.internal.classfile.impl.AbstractPoolEntry$Utf8EntryImpl::contentHash@11 (line 319)
                                                            ;   {optimized virtual_call}
  0x000077b45803efc4:   nopl   0x1bc(%rax,%rax,1)           ;*invokevirtual inflate {reexecute=0 rethrow=0 return_oop=0}
                                                            ; - jdk.internal.classfile.impl.AbstractPoolEntry$Utf8EntryImpl::contentHash@11 (line 319)
                                                            ;   {post_call_nop}
  0x000077b45803efcc:   mov    0x18(%rsp),%rsi
  0x000077b45803efd1:   mov    0x34(%rsi),%eax              ;*getfield contentHash {reexecute=0 rethrow=0 return_oop=0}
                                                            ; - jdk.internal.classfile.impl.AbstractPoolEntry$Utf8EntryImpl::contentHash@15 (line 320)
  0x000077b45803efd4:   add    $0x30,%rsp
  0x000077b45803efd8:   pop    %rbp
  0x000077b45803efd9:   cmp    0x28(%r15),%rsp              ;   {poll_return}
  0x000077b45803efdd:   ja     0x000077b45803f005
  0x000077b45803efe3:   ret    
  0x000077b45803efe4:   movabs $0x46340498,%r10             ;   {metadata({method} {0x0000000046340498} &apos;contentHash&apos; &apos;()I&apos; in &apos;jdk/internal/classfile/impl/AbstractPoolEntry$Utf8EntryImpl&apos;)}
  0x000077b45803efee:   mov    %r10,0x8(%rsp)
  0x000077b45803eff3:   movq   $0xffffffffffffffff,(%rsp)
  0x000077b45803effb:   call   0x000077b45f582fe0           ; ImmutableOopMap {rsi=Oop }
                                                            ;*synchronization entry
                                                            ; - jdk.internal.classfile.impl.AbstractPoolEntry$Utf8EntryImpl::contentHash@-1 (line 318)
                                                            ;   {runtime_call counter_overflow_blob (C1 runtime)}
  0x000077b45803f000:   jmp    0x000077b45803ef62
  0x000077b45803f005:   movabs $0x77b45803efd9,%r10         ;   {internal_word}
  0x000077b45803f00f:   mov    %r10,0x510(%r15)
  0x000077b45803f016:   jmp    0x000077b45f4afb60           ;   {runtime_call SafepointBlob}
  0x000077b45803f01b:   mov    0x5c0(%r15),%rax
  0x000077b45803f022:   movq   $0x0,0x5c0(%r15)
  0x000077b45803f02d:   movq   $0x0,0x5c8(%r15)
  0x000077b45803f038:   add    $0x30,%rsp
  0x000077b45803f03c:   pop    %rbp
  0x000077b45803f03d:   jmp    0x000077b45f57b760           ;   {runtime_call unwind_exception_blob (C1 runtime)}
  0x000077b45803f042:   hlt    
  0x000077b45803f043:   hlt    
  0x000077b45803f044:   hlt    
  0x000077b45803f045:   hlt    
  0x000077b45803f046:   hlt    
  0x000077b45803f047:   hlt    
[Stub Code]
  0x000077b45803f048:   movabs $0x0,%rbx                    ;   {static_stub}
  0x000077b45803f052:   jmp    0x000077b45803f052           ;   {runtime_call nmethod}
[Exception Handler]
  0x000077b45803f057:   call   0x000077b45f57ede0           ;   {runtime_call handle_exception_from_callee_blob (C1 runtime)}
  0x000077b45803f05c:   movabs $0x77b478d3aec4,%rdi         ;   {external_word}
  0x000077b45803f066:   and    $0xfffffffffffffff0,%rsp
  0x000077b45803f06a:   call   0x000077b478791cc0           ;   {runtime_call MacroAssembler::debug64(char*, long, long*)}
  0x000077b45803f06f:   hlt    
  0x000077b45803f070:   call   0x000077b45f4afe60           ;   {runtime_call DeoptimizationBlob}
[Deopt Handler Entry Point]
  0x000077b45803f075:   jmp    0x000077b45803f070
  0x000077b45803f077:   hlt    
--------------------------------------------------------------------------------
[/Disassembly]
