
============================= C1-compiled nmethod ==============================
----------------------------------- Assembly -----------------------------------

Compiled method (c1) 7187  331       3       java.lang.invoke.MethodType::methodType (69 bytes)
 total in heap  [0x000077b458043608,0x000077b458043b80] = 1400
 main code      [0x000077b458043700,0x000077b458043b40] = 1088
 stub code      [0x000077b458043b40,0x000077b458043b80] = 64
 mutable data [0x000077b3ec010510,0x000077b3ec0105c0] = 176
 relocation     [0x000077b3ec010510,0x000077b3ec0105b0] = 160
 metadata       [0x000077b3ec0105b0,0x000077b3ec0105c0] = 16
 immutable data [0x000077b3ec00fef0,0x000077b3ec010244] = 852
 dependencies   [0x000077b3ec00fef0,0x000077b3ec00fef8] = 8
 nul chk table  [0x000077b3ec00fef8,0x000077b3ec00ff08] = 16
 scopes pcs     [0x000077b3ec00ff08,0x000077b3ec010148] = 576
 scopes data    [0x000077b3ec010148,0x000077b3ec010240] = 248

[Disassembly]
--------------------------------------------------------------------------------
[Constant Pool (empty)]

--------------------------------------------------------------------------------

[Verified Entry Point]
  # {method} {0x000000004647ff50} &apos;methodType&apos; &apos;(Ljava/lang/Class;[Ljava/lang/Class;Z)Ljava/lang/invoke/MethodType;&apos; in &apos;java/lang/invoke/MethodType&apos;
  # parm0:    rsi:rsi   = &apos;java/lang/Class&apos;
  # parm1:    rdx:rdx   = &apos;[Ljava/lang/Class;&apos;
  # parm2:    rcx       = boolean
  #           [sp+0x50]  (sp of caller)
  0x000077b458043700:   mov    %eax,-0x14000(%rsp)
  0x000077b458043707:   push   %rbp
  0x000077b458043708:   sub    $0x40,%rsp
  0x000077b45804370c:   cmpl   $0x1,0x20(%r15)
  0x000077b458043714:   je     0x000077b45804371b
  0x000077b458043716:   call   Stub::method_entry_barrier_stub (stub gen)
                                                            ;   {runtime_call Stub::method_entry_barrier_stub (stub gen)}
  0x000077b45804371b:   movabs $0x77b4140feea0,%rdi         ;   {metadata(method data for {method} {0x000000004647ff50} &apos;methodType&apos; &apos;(Ljava/lang/Class;[Ljava/lang/Class;Z)Ljava/lang/invoke/MethodType;&apos; in &apos;java/lang/invoke/MethodType&apos;)}
  0x000077b458043725:   mov    0x90(%rdi),%ebx
  0x000077b45804372b:   add    $0x2,%ebx
  0x000077b45804372e:   mov    %ebx,0x90(%rdi)
  0x000077b458043734:   and    $0x7fe,%ebx
  0x000077b45804373a:   test   %ebx,%ebx
  0x000077b45804373c:   je     0x000077b458043a44           ;*aload_0 {reexecute=0 rethrow=0 return_oop=0}
                                                            ; - java.lang.invoke.MethodType::methodType@0 (line 361)
  0x000077b458043742:   movabs $0x7ff83ab28,%rdi            ;   {oop(a &apos;java/lang/Class&apos;{0x00000007ff83ab28} = &apos;java/lang/Object&apos;)}
  0x000077b45804374c:   cmp    %rdi,%rsi
  0x000077b45804374f:   movabs $0x77b4140feea0,%rdi         ;   {metadata(method data for {method} {0x000000004647ff50} &apos;methodType&apos; &apos;(Ljava/lang/Class;[Ljava/lang/Class;Z)Ljava/lang/invoke/MethodType;&apos; in &apos;java/lang/invoke/MethodType&apos;)}
  0x000077b458043759:   mov    $0xd8,%ebx
  0x000077b45804375e:   jne    0x000077b458043765
  0x000077b458043760:   mov    $0xe8,%ebx
  0x000077b458043765:   mov    (%rdi,%rbx,1),%rax
  0x000077b458043769:   lea    0x1(%rax),%rax
  0x000077b45804376d:   mov    %rax,(%rdi,%rbx,1)
  0x000077b458043771:   jne    0x000077b458043959           ;*if_acmpne {reexecute=0 rethrow=0 return_oop=0}
                                                            ; - java.lang.invoke.MethodType::methodType@3 (line 361)
  0x000077b458043777:   mov    0xc(%rdx),%edi               ; implicit exception: dispatches to 0x000077b458043a65
                                                            ;*arraylength {reexecute=0 rethrow=0 return_oop=0}
                                                            ; - java.lang.invoke.MethodType::methodType@7 (line 362)
  0x000077b45804377a:   dec    %edi
  0x000077b45804377c:   test   %edi,%edi
  0x000077b45804377e:   movabs $0x77b4140feea0,%rbx         ;   {metadata(method data for {method} {0x000000004647ff50} &apos;methodType&apos; &apos;(Ljava/lang/Class;[Ljava/lang/Class;Z)Ljava/lang/invoke/MethodType;&apos; in &apos;java/lang/invoke/MethodType&apos;)}
  0x000077b458043788:   mov    $0x108,%eax
  0x000077b45804378d:   jl     0x000077b458043794
  0x000077b45804378f:   mov    $0xf8,%eax
  0x000077b458043794:   mov    (%rbx,%rax,1),%r8
  0x000077b458043798:   lea    0x1(%r8),%r8
  0x000077b45804379c:   mov    %r8,(%rbx,%rax,1)
  0x000077b4580437a0:   jl     0x000077b458043a04           ;*ifge {reexecute=0 rethrow=0 return_oop=0}
                                                            ; - java.lang.invoke.MethodType::methodType@12 (line 363)
  0x000077b4580437a6:   movabs $0x77b4140feea0,%rbx         ;   {metadata(method data for {method} {0x000000004647ff50} &apos;methodType&apos; &apos;(Ljava/lang/Class;[Ljava/lang/Class;Z)Ljava/lang/invoke/MethodType;&apos; in &apos;java/lang/invoke/MethodType&apos;)}
  0x000077b4580437b0:   addq   $0x1,0x128(%rbx)
  0x000077b4580437b8:   movabs $0x77b4140ff558,%rbx         ;   {metadata(method data for {method} {0x000000004647f608} &apos;isAllObject&apos; &apos;([Ljava/lang/Class;I)Z&apos; in &apos;java/lang/invoke/MethodType&apos;)}
  0x000077b4580437c2:   mov    0x90(%rbx),%eax
  0x000077b4580437c8:   add    $0x2,%eax
  0x000077b4580437cb:   mov    %eax,0x90(%rbx)
  0x000077b4580437d1:   and    $0x1ffffe,%eax
  0x000077b4580437d6:   test   %eax,%eax
  0x000077b4580437d8:   je     0x000077b458043a6a
  0x000077b4580437de:   mov    $0x0,%ebx
  0x000077b4580437e3:   jmp    0x000077b45804386f           ;*iload_2 {reexecute=0 rethrow=0 return_oop=0}
                                                            ; - java.lang.invoke.MethodType::isAllObject@2 (line 351)
                                                            ; - java.lang.invoke.MethodType::methodType@23 (line 366)
  0x000077b4580437e8:   movslq %ebx,%rax
  0x000077b4580437eb:   mov    0x10(%rdx,%rax,4),%eax
  0x000077b4580437ef:   shl    $0x3,%rax                    ;*aaload {reexecute=0 rethrow=0 return_oop=0}
                                                            ; - java.lang.invoke.MethodType::isAllObject@9 (line 352)
                                                            ; - java.lang.invoke.MethodType::methodType@23 (line 366)
  0x000077b4580437f3:   movabs $0x7ff83ab28,%r8             ;   {oop(a &apos;java/lang/Class&apos;{0x00000007ff83ab28} = &apos;java/lang/Object&apos;)}
  0x000077b4580437fd:   cmp    %r8,%rax
  0x000077b458043800:   movabs $0x77b4140ff558,%rax         ;   {metadata(method data for {method} {0x000000004647f608} &apos;isAllObject&apos; &apos;([Ljava/lang/Class;I)Z&apos; in &apos;java/lang/invoke/MethodType&apos;)}
  0x000077b45804380a:   mov    $0x108,%r8d
  0x000077b458043810:   jne    0x000077b458043818
  0x000077b458043812:   mov    $0xf8,%r8d
  0x000077b458043818:   mov    (%rax,%r8,1),%r9
  0x000077b45804381c:   lea    0x1(%r9),%r9
  0x000077b458043820:   mov    %r9,(%rax,%r8,1)
  0x000077b458043824:   jne    0x000077b4580438a0           ;*if_acmpeq {reexecute=0 rethrow=0 return_oop=0}
                                                            ; - java.lang.invoke.MethodType::isAllObject@12 (line 352)
                                                            ; - java.lang.invoke.MethodType::methodType@23 (line 366)
  0x000077b45804382a:   inc    %ebx
  0x000077b45804382c:   movabs $0x77b4140ff558,%rax         ;   {metadata(method data for {method} {0x000000004647f608} &apos;isAllObject&apos; &apos;([Ljava/lang/Class;I)Z&apos; in &apos;java/lang/invoke/MethodType&apos;)}
  0x000077b458043836:   mov    0x94(%rax),%r8d
  0x000077b45804383d:   add    $0x2,%r8d
  0x000077b458043841:   mov    %r8d,0x94(%rax)
  0x000077b458043848:   and    $0x3ffe,%r8d
  0x000077b45804384f:   test   %r8d,%r8d
  0x000077b458043852:   je     0x000077b458043a8b           ;*goto {reexecute=0 rethrow=0 return_oop=0}
                                                            ; - java.lang.invoke.MethodType::isAllObject@20 (line 351)
                                                            ; - java.lang.invoke.MethodType::methodType@23 (line 366)
  0x000077b458043858:   mov    0x30(%r15),%r10              ; ImmutableOopMap {rsi=Oop rdx=Oop }
                                                            ;*goto {reexecute=1 rethrow=0 return_oop=0}
                                                            ; - (reexecute) java.lang.invoke.MethodType::isAllObject@20 (line 351)
                                                            ; - java.lang.invoke.MethodType::methodType@23 (line 366)
  0x000077b45804385c:   test   %eax,(%r10)                  ;   {poll}
  0x000077b45804385f:   movabs $0x77b4140ff558,%rax         ;   {metadata(method data for {method} {0x000000004647f608} &apos;isAllObject&apos; &apos;([Ljava/lang/Class;I)Z&apos; in &apos;java/lang/invoke/MethodType&apos;)}
  0x000077b458043869:   incl   0x118(%rax)                  ;*goto {reexecute=0 rethrow=0 return_oop=0}
                                                            ; - java.lang.invoke.MethodType::isAllObject@20 (line 351)
                                                            ; - java.lang.invoke.MethodType::methodType@23 (line 366)
  0x000077b45804386f:   cmp    %edi,%ebx
  0x000077b458043871:   movabs $0x77b4140ff558,%rax         ;   {metadata(method data for {method} {0x000000004647f608} &apos;isAllObject&apos; &apos;([Ljava/lang/Class;I)Z&apos; in &apos;java/lang/invoke/MethodType&apos;)}
  0x000077b45804387b:   mov    $0xd8,%r8d
  0x000077b458043881:   jge    0x000077b458043889
  0x000077b458043883:   mov    $0xe8,%r8d
  0x000077b458043889:   mov    (%rax,%r8,1),%r9
  0x000077b45804388d:   lea    0x1(%r9),%r9
  0x000077b458043891:   mov    %r9,(%rax,%r8,1)
  0x000077b458043895:   jge    0x000077b4580438aa
  0x000077b45804389b:   jmp    0x000077b4580437e8           ;*if_icmpge {reexecute=0 rethrow=0 return_oop=0}
                                                            ; - java.lang.invoke.MethodType::isAllObject@4 (line 351)
                                                            ; - java.lang.invoke.MethodType::methodType@23 (line 366)
  0x000077b4580438a0:   mov    $0x0,%ebx
  0x000077b4580438a5:   jmp    0x000077b4580438af
  0x000077b4580438aa:   mov    $0x1,%ebx
  0x000077b4580438af:   test   %ebx,%ebx
  0x000077b4580438b1:   movabs $0x77b4140feea0,%rbx         ;   {metadata(method data for {method} {0x000000004647ff50} &apos;methodType&apos; &apos;(Ljava/lang/Class;[Ljava/lang/Class;Z)Ljava/lang/invoke/MethodType;&apos; in &apos;java/lang/invoke/MethodType&apos;)}
  0x000077b4580438bb:   mov    $0x138,%eax
  0x000077b4580438c0:   je     0x000077b4580438c7
  0x000077b4580438c2:   mov    $0x148,%eax
  0x000077b4580438c7:   mov    (%rbx,%rax,1),%r8
  0x000077b4580438cb:   lea    0x1(%r8),%r8
  0x000077b4580438cf:   mov    %r8,(%rbx,%rax,1)
  0x000077b4580438d3:   je     0x000077b458043959           ;*ifeq {reexecute=0 rethrow=0 return_oop=0}
                                                            ; - java.lang.invoke.MethodType::methodType@26 (line 366)
  0x000077b4580438d9:   cmp    0xc(%rdx),%edi
  0x000077b4580438dc:   jae    0x000077b458043aac
  0x000077b4580438e2:   movslq %edi,%rbx
  0x000077b4580438e5:   mov    0x10(%rdx,%rbx,4),%ebx
  0x000077b4580438e9:   shl    $0x3,%rbx                    ;*aaload {reexecute=0 rethrow=0 return_oop=0}
                                                            ; - java.lang.invoke.MethodType::methodType@31 (line 367)
  0x000077b4580438ed:   movabs $0x7ff83ab28,%rax            ;   {oop(a &apos;java/lang/Class&apos;{0x00000007ff83ab28} = &apos;java/lang/Object&apos;)}
  0x000077b4580438f7:   cmp    %rax,%rbx
  0x000077b4580438fa:   movabs $0x77b4140feea0,%rax         ;   {metadata(method data for {method} {0x000000004647ff50} &apos;methodType&apos; &apos;(Ljava/lang/Class;[Ljava/lang/Class;Z)Ljava/lang/invoke/MethodType;&apos; in &apos;java/lang/invoke/MethodType&apos;)}
  0x000077b458043904:   mov    $0x168,%r8d
  0x000077b45804390a:   je     0x000077b458043912
  0x000077b45804390c:   mov    $0x158,%r8d
  0x000077b458043912:   mov    (%rax,%r8,1),%r9
  0x000077b458043916:   lea    0x1(%r9),%r9
  0x000077b45804391a:   mov    %r9,(%rax,%r8,1)
  0x000077b45804391e:   je     0x000077b4580439c4           ;*if_acmpne {reexecute=0 rethrow=0 return_oop=0}
                                                            ; - java.lang.invoke.MethodType::methodType@38 (line 368)
  0x000077b458043924:   movabs $0x7ff83ac20,%r10            ;   {oop(a &apos;java/lang/Class&apos;{0x00000007ff83ac20} = &apos;java/lang/Object&apos;[])}
  0x000077b45804392e:   cmp    %r10,%rbx
  0x000077b458043931:   movabs $0x77b4140feea0,%rbx         ;   {metadata(method data for {method} {0x000000004647ff50} &apos;methodType&apos; &apos;(Ljava/lang/Class;[Ljava/lang/Class;Z)Ljava/lang/invoke/MethodType;&apos; in &apos;java/lang/invoke/MethodType&apos;)}
  0x000077b45804393b:   mov    $0x198,%eax
  0x000077b458043940:   je     0x000077b458043947
  0x000077b458043942:   mov    $0x188,%eax
  0x000077b458043947:   mov    (%rbx,%rax,1),%r8
  0x000077b45804394b:   lea    0x1(%r8),%r8
  0x000077b45804394f:   mov    %r8,(%rbx,%rax,1)
  0x000077b458043953:   je     0x000077b45804398c           ;*if_acmpne {reexecute=0 rethrow=0 return_oop=0}
                                                            ; - java.lang.invoke.MethodType::methodType@53 (line 370)
  0x000077b458043959:   movabs $0x77b4140feea0,%rdi         ;   {metadata(method data for {method} {0x000000004647ff50} &apos;methodType&apos; &apos;(Ljava/lang/Class;[Ljava/lang/Class;Z)Ljava/lang/invoke/MethodType;&apos; in &apos;java/lang/invoke/MethodType&apos;)}
  0x000077b458043963:   addq   $0x1,0x1b8(%rdi)
  0x000077b45804396b:   nopl   0x0(%rax)
  0x000077b45804396f:   call   0x000077b45f4adfe0           ; ImmutableOopMap {}
                                                            ;*invokestatic makeImpl {reexecute=0 rethrow=0 return_oop=0}
                                                            ; - java.lang.invoke.MethodType::methodType@65 (line 375)
                                                            ;   {static_call}
  0x000077b458043974:   nopl   0x100036c(%rax,%rax,1)       ;*invokestatic makeImpl {reexecute=0 rethrow=0 return_oop=0}
                                                            ; - java.lang.invoke.MethodType::methodType@65 (line 375)
                                                            ;   {post_call_nop}
  0x000077b45804397c:   add    $0x40,%rsp
  0x000077b458043980:   pop    %rbp
  0x000077b458043981:   cmp    0x28(%r15),%rsp              ;   {poll_return}
  0x000077b458043985:   ja     0x000077b458043aba
  0x000077b45804398b:   ret                                 ;*areturn {reexecute=0 rethrow=0 return_oop=0}
                                                            ; - java.lang.invoke.MethodType::methodType@68 (line 375)
  0x000077b45804398c:   movabs $0x77b4140feea0,%rsi         ;   {metadata(method data for {method} {0x000000004647ff50} &apos;methodType&apos; &apos;(Ljava/lang/Class;[Ljava/lang/Class;Z)Ljava/lang/invoke/MethodType;&apos; in &apos;java/lang/invoke/MethodType&apos;)}
  0x000077b458043996:   addq   $0x1,0x1a8(%rsi)
  0x000077b45804399e:   mov    %rdi,%rsi
  0x000077b4580439a1:   mov    $0x1,%edx                    ;*invokestatic genericMethodType {reexecute=0 rethrow=0 return_oop=0}
                                                            ; - java.lang.invoke.MethodType::methodType@58 (line 371)
  0x000077b4580439a6:   nop
  0x000077b4580439a7:   call   0x000077b45f4adfe0           ; ImmutableOopMap {}
                                                            ;*invokestatic genericMethodType {reexecute=0 rethrow=0 return_oop=0}
                                                            ; - java.lang.invoke.MethodType::methodType@58 (line 371)
                                                            ;   {static_call}
  0x000077b4580439ac:   nopl   0x20003a4(%rax,%rax,1)       ;*invokestatic genericMethodType {reexecute=0 rethrow=0 return_oop=0}
                                                            ; - java.lang.invoke.MethodType::methodType@58 (line 371)
                                                            ;   {post_call_nop}
  0x000077b4580439b4:   add    $0x40,%rsp
  0x000077b4580439b8:   pop    %rbp
  0x000077b4580439b9:   cmp    0x28(%r15),%rsp              ;   {poll_return}
  0x000077b4580439bd:   ja     0x000077b458043ad0
  0x000077b4580439c3:   ret                                 ;*areturn {reexecute=0 rethrow=0 return_oop=0}
                                                            ; - java.lang.invoke.MethodType::methodType@61 (line 371)
  0x000077b4580439c4:   movabs $0x77b4140feea0,%rsi         ;   {metadata(method data for {method} {0x000000004647ff50} &apos;methodType&apos; &apos;(Ljava/lang/Class;[Ljava/lang/Class;Z)Ljava/lang/invoke/MethodType;&apos; in &apos;java/lang/invoke/MethodType&apos;)}
  0x000077b4580439ce:   addq   $0x1,0x178(%rsi)
  0x000077b4580439d6:   inc    %edi
  0x000077b4580439d8:   mov    %rdi,%rsi
  0x000077b4580439db:   mov    $0x0,%edx                    ;*invokestatic genericMethodType {reexecute=0 rethrow=0 return_oop=0}
                                                            ; - java.lang.invoke.MethodType::methodType@45 (line 369)
  0x000077b4580439e0:   nopl   0x0(%rax)
  0x000077b4580439e7:   call   0x000077b45f4adfe0           ; ImmutableOopMap {}
                                                            ;*invokestatic genericMethodType {reexecute=0 rethrow=0 return_oop=0}
                                                            ; - java.lang.invoke.MethodType::methodType@45 (line 369)
                                                            ;   {static_call}
  0x000077b4580439ec:   nopl   0x30003e4(%rax,%rax,1)       ;*invokestatic genericMethodType {reexecute=0 rethrow=0 return_oop=0}
                                                            ; - java.lang.invoke.MethodType::methodType@45 (line 369)
                                                            ;   {post_call_nop}
  0x000077b4580439f4:   add    $0x40,%rsp
  0x000077b4580439f8:   pop    %rbp
  0x000077b4580439f9:   cmp    0x28(%r15),%rsp              ;   {poll_return}
  0x000077b4580439fd:   ja     0x000077b458043ae6
  0x000077b458043a03:   ret                                 ;*areturn {reexecute=0 rethrow=0 return_oop=0}
                                                            ; - java.lang.invoke.MethodType::methodType@48 (line 369)
  0x000077b458043a04:   movabs $0x77b4140feea0,%rsi         ;   {metadata(method data for {method} {0x000000004647ff50} &apos;methodType&apos; &apos;(Ljava/lang/Class;[Ljava/lang/Class;Z)Ljava/lang/invoke/MethodType;&apos; in &apos;java/lang/invoke/MethodType&apos;)}
  0x000077b458043a0e:   addq   $0x1,0x118(%rsi)
  0x000077b458043a16:   mov    $0x0,%esi
  0x000077b458043a1b:   mov    $0x0,%edx                    ;*invokestatic genericMethodType {reexecute=0 rethrow=0 return_oop=0}
                                                            ; - java.lang.invoke.MethodType::methodType@17 (line 364)
  0x000077b458043a20:   nopl   0x0(%rax)
  0x000077b458043a27:   call   0x000077b45f4adfe0           ; ImmutableOopMap {}
                                                            ;*invokestatic genericMethodType {reexecute=0 rethrow=0 return_oop=0}
                                                            ; - java.lang.invoke.MethodType::methodType@17 (line 364)
                                                            ;   {static_call}
  0x000077b458043a2c:   nopl   0x4000424(%rax,%rax,1)       ;*invokestatic genericMethodType {reexecute=0 rethrow=0 return_oop=0}
                                                            ; - java.lang.invoke.MethodType::methodType@17 (line 364)
                                                            ;   {post_call_nop}
  0x000077b458043a34:   add    $0x40,%rsp
  0x000077b458043a38:   pop    %rbp
  0x000077b458043a39:   cmp    0x28(%r15),%rsp              ;   {poll_return}
  0x000077b458043a3d:   ja     0x000077b458043afc
  0x000077b458043a43:   ret    
  0x000077b458043a44:   movabs $0x4647ff50,%r10             ;   {metadata({method} {0x000000004647ff50} &apos;methodType&apos; &apos;(Ljava/lang/Class;[Ljava/lang/Class;Z)Ljava/lang/invoke/MethodType;&apos; in &apos;java/lang/invoke/MethodType&apos;)}
  0x000077b458043a4e:   mov    %r10,0x8(%rsp)
  0x000077b458043a53:   movq   $0xffffffffffffffff,(%rsp)
  0x000077b458043a5b:   call   0x000077b45f582fe0           ; ImmutableOopMap {rsi=Oop rdx=Oop }
                                                            ;*synchronization entry
                                                            ; - java.lang.invoke.MethodType::methodType@-1 (line 361)
                                                            ;   {runtime_call counter_overflow_blob (C1 runtime)}
  0x000077b458043a60:   jmp    0x000077b458043742
  0x000077b458043a65:   call   0x000077b45f57c660           ; ImmutableOopMap {rsi=Oop rdx=Oop }
                                                            ;*arraylength {reexecute=0 rethrow=0 return_oop=0}
                                                            ; - java.lang.invoke.MethodType::methodType@7 (line 362)
                                                            ;   {runtime_call throw_null_pointer_exception_blob (C1 runtime)}
  0x000077b458043a6a:   movabs $0x4647f608,%r10             ;   {metadata({method} {0x000000004647f608} &apos;isAllObject&apos; &apos;([Ljava/lang/Class;I)Z&apos; in &apos;java/lang/invoke/MethodType&apos;)}
  0x000077b458043a74:   mov    %r10,0x8(%rsp)
  0x000077b458043a79:   movq   $0xffffffffffffffff,(%rsp)
  0x000077b458043a81:   call   0x000077b45f582fe0           ; ImmutableOopMap {rsi=Oop rdx=Oop }
                                                            ;*synchronization entry
                                                            ; - java.lang.invoke.MethodType::isAllObject@-1 (line 351)
                                                            ; - java.lang.invoke.MethodType::methodType@23 (line 366)
                                                            ;   {runtime_call counter_overflow_blob (C1 runtime)}
  0x000077b458043a86:   jmp    0x000077b4580437de
  0x000077b458043a8b:   movabs $0x4647f608,%r10             ;   {metadata({method} {0x000000004647f608} &apos;isAllObject&apos; &apos;([Ljava/lang/Class;I)Z&apos; in &apos;java/lang/invoke/MethodType&apos;)}
  0x000077b458043a95:   mov    %r10,0x8(%rsp)
  0x000077b458043a9a:   movq   $0x14,(%rsp)
  0x000077b458043aa2:   call   0x000077b45f582fe0           ; ImmutableOopMap {rsi=Oop rdx=Oop }
                                                            ;*goto {reexecute=1 rethrow=0 return_oop=0}
                                                            ; - (reexecute) java.lang.invoke.MethodType::isAllObject@20 (line 351)
                                                            ; - java.lang.invoke.MethodType::methodType@23 (line 366)
                                                            ;   {runtime_call counter_overflow_blob (C1 runtime)}
  0x000077b458043aa7:   jmp    0x000077b458043858
  0x000077b458043aac:   mov    %rdi,(%rsp)
  0x000077b458043ab0:   mov    %rdx,0x8(%rsp)
  0x000077b458043ab5:   call   0x000077b45f57bd60           ; ImmutableOopMap {rsi=Oop rdx=Oop }
                                                            ;*aaload {reexecute=0 rethrow=0 return_oop=0}
                                                            ; - java.lang.invoke.MethodType::methodType@31 (line 367)
                                                            ;   {runtime_call throw_range_check_failed_blob (C1 runtime)}
  0x000077b458043aba:   movabs $0x77b458043981,%r10         ;   {internal_word}
  0x000077b458043ac4:   mov    %r10,0x510(%r15)
  0x000077b458043acb:   jmp    0x000077b45f4afb60           ;   {runtime_call SafepointBlob}
  0x000077b458043ad0:   movabs $0x77b4580439b9,%r10         ;   {internal_word}
  0x000077b458043ada:   mov    %r10,0x510(%r15)
  0x000077b458043ae1:   jmp    0x000077b45f4afb60           ;   {runtime_call SafepointBlob}
  0x000077b458043ae6:   movabs $0x77b4580439f9,%r10         ;   {internal_word}
  0x000077b458043af0:   mov    %r10,0x510(%r15)
  0x000077b458043af7:   jmp    0x000077b45f4afb60           ;   {runtime_call SafepointBlob}
  0x000077b458043afc:   movabs $0x77b458043a39,%r10         ;   {internal_word}
  0x000077b458043b06:   mov    %r10,0x510(%r15)
  0x000077b458043b0d:   jmp    0x000077b45f4afb60           ;   {runtime_call SafepointBlob}
  0x000077b458043b12:   mov    0x5c0(%r15),%rax
  0x000077b458043b19:   movq   $0x0,0x5c0(%r15)
  0x000077b458043b24:   movq   $0x0,0x5c8(%r15)
  0x000077b458043b2f:   add    $0x40,%rsp
  0x000077b458043b33:   pop    %rbp
  0x000077b458043b34:   jmp    0x000077b45f57b760           ;   {runtime_call unwind_exception_blob (C1 runtime)}
  0x000077b458043b39:   hlt    
  0x000077b458043b3a:   hlt    
  0x000077b458043b3b:   hlt    
  0x000077b458043b3c:   hlt    
  0x000077b458043b3d:   hlt    
  0x000077b458043b3e:   hlt    
  0x000077b458043b3f:   hlt    
[Stub Code]
  0x000077b458043b40:   movabs $0x0,%rbx                    ;   {static_stub}
  0x000077b458043b4a:   jmp    0x000077b458043b4a           ;   {runtime_call nmethod}
  0x000077b458043b4f:   movabs $0x0,%rbx                    ;   {static_stub}
  0x000077b458043b59:   jmp    0x000077b458043b59           ;   {runtime_call nmethod}
[Exception Handler]
  0x000077b458043b5e:   call   0x000077b45f57ede0           ;   {runtime_call handle_exception_from_callee_blob (C1 runtime)}
  0x000077b458043b63:   movabs $0x77b478d3aec4,%rdi         ;   {external_word}
  0x000077b458043b6d:   and    $0xfffffffffffffff0,%rsp
  0x000077b458043b71:   call   0x000077b478791cc0           ;   {runtime_call MacroAssembler::debug64(char*, long, long*)}
  0x000077b458043b76:   hlt    
  0x000077b458043b77:   call   0x000077b45f4afe60           ;   {runtime_call DeoptimizationBlob}
[Deopt Handler Entry Point]
  0x000077b458043b7c:   jmp    0x000077b458043b77
  0x000077b458043b7e:   hlt    
  0x000077b458043b7f:   hlt    
--------------------------------------------------------------------------------
[/Disassembly]
