
============================= C1-compiled nmethod ==============================
----------------------------------- Assembly -----------------------------------

Compiled method (c1) 7477  343       3       java.lang.System$1::countNonZeroAscii (5 bytes)
 total in heap  [0x000077b458045208,0x000077b458045828] = 1568
 main code      [0x000077b458045300,0x000077b4580457e8] = 1256
 stub code      [0x000077b4580457e8,0x000077b458045828] = 64
 mutable data [0x000077b3ec012200,0x000077b3ec0122b0] = 176
 relocation     [0x000077b3ec012200,0x000077b3ec012280] = 128
 metadata       [0x000077b3ec012280,0x000077b3ec0122b0] = 48
 immutable data [0x000077b3ec011ef0,0x000077b3ec0121ec] = 764
 dependencies   [0x000077b3ec011ef0,0x000077b3ec011f00] = 16
 nul chk table  [0x000077b3ec011f00,0x000077b3ec011f20] = 32
 scopes pcs     [0x000077b3ec011f20,0x000077b3ec0120f0] = 464
 scopes data    [0x000077b3ec0120f0,0x000077b3ec0121e8] = 248

[Disassembly]
--------------------------------------------------------------------------------
[Constant Pool (empty)]

--------------------------------------------------------------------------------

[Instructions begin]
  0x000077b458045300:   data16 data16 nopw 0x0(%rax,%rax,1)
  0x000077b45804530b:   data16 data16 xchg %ax,%ax
  0x000077b45804530f:   data16 xchg %ax,%ax
[Entry Point]
  # {method} {0x0000000046184528} &apos;countNonZeroAscii&apos; &apos;(Ljava/lang/String;)I&apos; in &apos;java/lang/System$1&apos;
  # this:     rsi:rsi   = &apos;java/lang/System$1&apos;
  # parm0:    rdx:rdx   = &apos;java/lang/String&apos;
  #           [sp+0x70]  (sp of caller)
  0x000077b458045312:   mov    0x8(%rsi),%r10d
  0x000077b458045316:   cmp    0x8(%rax),%r10d
  0x000077b45804531a:   jne    0x000077b45f4ad6e0           ;   {runtime_call ic_miss_blob (shared runtime)}
[Verified Entry Point]
  0x000077b458045320:   mov    %eax,-0x14000(%rsp)
  0x000077b458045327:   push   %rbp
  0x000077b458045328:   sub    $0x60,%rsp
  0x000077b45804532c:   cmpl   $0x1,0x20(%r15)
  0x000077b458045334:   je     0x000077b45804533b
  0x000077b458045336:   call   Stub::method_entry_barrier_stub (stub gen)
                                                            ;   {runtime_call Stub::method_entry_barrier_stub (stub gen)}
  0x000077b45804533b:   movabs $0x77b4141032d0,%rcx         ;   {metadata(method data for {method} {0x0000000046184528} &apos;countNonZeroAscii&apos; &apos;(Ljava/lang/String;)I&apos; in &apos;java/lang/System$1&apos;)}
  0x000077b458045345:   mov    0x90(%rcx),%edi
  0x000077b45804534b:   add    $0x2,%edi
  0x000077b45804534e:   mov    %edi,0x90(%rcx)
  0x000077b458045354:   and    $0x7fe,%edi
  0x000077b45804535a:   test   %edi,%edi
  0x000077b45804535c:   je     0x000077b4580456dc           ;*aload_1 {reexecute=0 rethrow=0 return_oop=0}
                                                            ; - java.lang.System$1::countNonZeroAscii@0 (line 2145)
  0x000077b458045362:   movabs $0x77b4141032d0,%rcx         ;   {metadata(method data for {method} {0x0000000046184528} &apos;countNonZeroAscii&apos; &apos;(Ljava/lang/String;)I&apos; in &apos;java/lang/System$1&apos;)}
  0x000077b45804536c:   addq   $0x1,0xd8(%rcx)
  0x000077b458045374:   movabs $0x77b414103400,%rcx         ;   {metadata(method data for {method} {0x00000000461d8dd0} &apos;countNonZeroAscii&apos; &apos;(Ljava/lang/String;)I&apos; in &apos;java/lang/StringCoding&apos;)}
  0x000077b45804537e:   mov    0x90(%rcx),%esi
  0x000077b458045384:   add    $0x2,%esi
  0x000077b458045387:   mov    %esi,0x90(%rcx)
  0x000077b45804538d:   and    $0x1ffffe,%esi
  0x000077b458045393:   test   %esi,%esi
  0x000077b458045395:   je     0x000077b4580456fd
  0x000077b45804539b:   cmp    (%rdx),%rax                  ; implicit exception: dispatches to 0x000077b45804571e
                                                            ;*invokevirtual value {reexecute=0 rethrow=0 return_oop=0}
                                                            ; - java.lang.StringCoding::countNonZeroAscii@1 (line 42)
                                                            ; - java.lang.System$1::countNonZeroAscii@1 (line 2145)
  0x000077b45804539e:   mov    %rdx,%rcx
  0x000077b4580453a1:   movabs $0x77b414103400,%rsi         ;   {metadata(method data for {method} {0x00000000461d8dd0} &apos;countNonZeroAscii&apos; &apos;(Ljava/lang/String;)I&apos; in &apos;java/lang/StringCoding&apos;)}
  0x000077b4580453ab:   mov    0x8(%rcx),%ecx
  0x000077b4580453ae:   mov    $0x46000000,%r10d
  0x000077b4580453b4:   add    %r10,%rcx
  0x000077b4580453b7:   mov    $0x1c,%r10d
  0x000077b4580453bd:   cmp    (%rsi,%r10,8),%rcx
  0x000077b4580453c1:   je     0x000077b4580453fa
  0x000077b4580453c3:   add    $0x2,%r10
  0x000077b4580453c7:   cmp    $0x20,%r10
  0x000077b4580453cb:   jne    0x000077b4580453bd
  0x000077b4580453cd:   mov    $0x1c,%r10d
  0x000077b4580453d3:   cmpq   $0x0,(%rsi,%r10,8)
  0x000077b4580453d8:   je     0x000077b4580453e6
  0x000077b4580453da:   add    $0x2,%r10
  0x000077b4580453de:   cmp    $0x20,%r10
  0x000077b4580453e2:   jne    0x000077b4580453d3
  0x000077b4580453e4:   jmp    0x000077b4580453f2
  0x000077b4580453e6:   push   %rax
  0x000077b4580453e7:   xor    %rax,%rax
  0x000077b4580453ea:   cmpxchg %rcx,(%rsi,%r10,8)
  0x000077b4580453ef:   pop    %rax
  0x000077b4580453f0:   jmp    0x000077b4580453b7
  0x000077b4580453f2:   mov    $0x1b,%r10d
  0x000077b4580453f8:   jmp    0x000077b4580453fe
  0x000077b4580453fa:   add    $0x1,%r10
  0x000077b4580453fe:   addq   $0x1,(%rsi,%r10,8)
  0x000077b458045403:   mov    0x14(%rdx),%esi
  0x000077b458045406:   shl    $0x3,%rsi                    ;*getfield value {reexecute=0 rethrow=0 return_oop=0}
                                                            ; - java.lang.String::value@1 (line 5183)
                                                            ; - java.lang.StringCoding::countNonZeroAscii@1 (line 42)
                                                            ; - java.lang.System$1::countNonZeroAscii@1 (line 2145)
  0x000077b45804540a:   mov    %rdx,%rcx
  0x000077b45804540d:   movabs $0x77b414103400,%rdi         ;   {metadata(method data for {method} {0x00000000461d8dd0} &apos;countNonZeroAscii&apos; &apos;(Ljava/lang/String;)I&apos; in &apos;java/lang/StringCoding&apos;)}
  0x000077b458045417:   mov    0x8(%rcx),%ecx
  0x000077b45804541a:   mov    $0x46000000,%r10d
  0x000077b458045420:   add    %r10,%rcx
  0x000077b458045423:   mov    $0x22,%r10d
  0x000077b458045429:   cmp    (%rdi,%r10,8),%rcx
  0x000077b45804542d:   je     0x000077b458045466
  0x000077b45804542f:   add    $0x2,%r10
  0x000077b458045433:   cmp    $0x26,%r10
  0x000077b458045437:   jne    0x000077b458045429
  0x000077b458045439:   mov    $0x22,%r10d
  0x000077b45804543f:   cmpq   $0x0,(%rdi,%r10,8)
  0x000077b458045444:   je     0x000077b458045452
  0x000077b458045446:   add    $0x2,%r10
  0x000077b45804544a:   cmp    $0x26,%r10
  0x000077b45804544e:   jne    0x000077b45804543f
  0x000077b458045450:   jmp    0x000077b45804545e
  0x000077b458045452:   push   %rax
  0x000077b458045453:   xor    %rax,%rax
  0x000077b458045456:   cmpxchg %rcx,(%rdi,%r10,8)
  0x000077b45804545b:   pop    %rax
  0x000077b45804545c:   jmp    0x000077b458045423
  0x000077b45804545e:   mov    $0x21,%r10d
  0x000077b458045464:   jmp    0x000077b45804546a
  0x000077b458045466:   add    $0x1,%r10
  0x000077b45804546a:   addq   $0x1,(%rdi,%r10,8)
  0x000077b45804546f:   movabs $0x77b41400ca88,%rcx         ;   {metadata(method data for {method} {0x00000000464a0708} &apos;isLatin1&apos; &apos;()Z&apos; in &apos;java/lang/String&apos;)}
  0x000077b458045479:   mov    0x90(%rcx),%edi
  0x000077b45804547f:   add    $0x2,%edi
  0x000077b458045482:   mov    %edi,0x90(%rcx)
  0x000077b458045488:   and    $0x1ffffe,%edi
  0x000077b45804548e:   test   %edi,%edi
  0x000077b458045490:   je     0x000077b458045723
  0x000077b458045496:   movabs $0x77b41400ca88,%rcx         ;   {metadata(method data for {method} {0x00000000464a0708} &apos;isLatin1&apos; &apos;()Z&apos; in &apos;java/lang/String&apos;)}
  0x000077b4580454a0:   incl   0xe8(%rcx)                   ;*ifeq {reexecute=0 rethrow=0 return_oop=0}
                                                            ; - java.lang.String::isLatin1@3 (line 5187)
                                                            ; - java.lang.StringCoding::countNonZeroAscii@6 (line 43)
                                                            ; - java.lang.System$1::countNonZeroAscii@1 (line 2145)
  0x000077b4580454a6:   movsbl 0x10(%rdx),%ecx              ;*getfield coder {reexecute=0 rethrow=0 return_oop=0}
                                                            ; - java.lang.String::isLatin1@7 (line 5187)
                                                            ; - java.lang.StringCoding::countNonZeroAscii@6 (line 43)
                                                            ; - java.lang.System$1::countNonZeroAscii@1 (line 2145)
  0x000077b4580454aa:   test   %ecx,%ecx
  0x000077b4580454ac:   movabs $0x77b41400ca88,%rdi         ;   {metadata(method data for {method} {0x00000000464a0708} &apos;isLatin1&apos; &apos;()Z&apos; in &apos;java/lang/String&apos;)}
  0x000077b4580454b6:   mov    $0xf8,%ebx
  0x000077b4580454bb:   jne    0x000077b4580454c2
  0x000077b4580454bd:   mov    $0x108,%ebx
  0x000077b4580454c2:   mov    (%rdi,%rbx,1),%rax
  0x000077b4580454c6:   lea    0x1(%rax),%rax
  0x000077b4580454ca:   mov    %rax,(%rdi,%rbx,1)
  0x000077b4580454ce:   jne    0x000077b4580454ee           ;*ifne {reexecute=0 rethrow=0 return_oop=0}
                                                            ; - java.lang.String::isLatin1@10 (line 5187)
                                                            ; - java.lang.StringCoding::countNonZeroAscii@6 (line 43)
                                                            ; - java.lang.System$1::countNonZeroAscii@1 (line 2145)
  0x000077b4580454d4:   movabs $0x77b41400ca88,%rdi         ;   {metadata(method data for {method} {0x00000000464a0708} &apos;isLatin1&apos; &apos;()Z&apos; in &apos;java/lang/String&apos;)}
  0x000077b4580454de:   incl   0x118(%rdi)
  0x000077b4580454e4:   mov    $0x1,%edi
  0x000077b4580454e9:   jmp    0x000077b4580454f3           ;*goto {reexecute=0 rethrow=0 return_oop=0}
                                                            ; - java.lang.String::isLatin1@14 (line 5187)
                                                            ; - java.lang.StringCoding::countNonZeroAscii@6 (line 43)
                                                            ; - java.lang.System$1::countNonZeroAscii@1 (line 2145)
  0x000077b4580454ee:   mov    $0x0,%edi                    ;*ireturn {reexecute=0 rethrow=0 return_oop=0}
                                                            ; - java.lang.String::isLatin1@18 (line 5187)
                                                            ; - java.lang.StringCoding::countNonZeroAscii@6 (line 43)
                                                            ; - java.lang.System$1::countNonZeroAscii@1 (line 2145)
  0x000077b4580454f3:   and    $0x1,%edi
  0x000077b4580454f6:   test   %edi,%edi
  0x000077b4580454f8:   movabs $0x77b414103400,%rdi         ;   {metadata(method data for {method} {0x00000000461d8dd0} &apos;countNonZeroAscii&apos; &apos;(Ljava/lang/String;)I&apos; in &apos;java/lang/StringCoding&apos;)}
  0x000077b458045502:   mov    $0x148,%ebx
  0x000077b458045507:   jne    0x000077b45804550e
  0x000077b458045509:   mov    $0x138,%ebx
  0x000077b45804550e:   mov    (%rdi,%rbx,1),%rax
  0x000077b458045512:   lea    0x1(%rax),%rax
  0x000077b458045516:   mov    %rax,(%rdi,%rbx,1)
  0x000077b45804551a:   jne    0x000077b4580456a4           ;*ifeq {reexecute=0 rethrow=0 return_oop=0}
                                                            ; - java.lang.StringCoding::countNonZeroAscii@9 (line 43)
                                                            ; - java.lang.System$1::countNonZeroAscii@1 (line 2145)
  0x000077b458045520:   mov    %rdx,%rdi
  0x000077b458045523:   movabs $0x77b414103400,%rbx         ;   {metadata(method data for {method} {0x00000000461d8dd0} &apos;countNonZeroAscii&apos; &apos;(Ljava/lang/String;)I&apos; in &apos;java/lang/StringCoding&apos;)}
  0x000077b45804552d:   mov    0x8(%rdi),%edi
  0x000077b458045530:   mov    $0x46000000,%r10d
  0x000077b458045536:   add    %r10,%rdi
  0x000077b458045539:   mov    $0x2e,%r10d
  0x000077b45804553f:   cmp    (%rbx,%r10,8),%rdi
  0x000077b458045543:   je     0x000077b45804557c
  0x000077b458045545:   add    $0x2,%r10
  0x000077b458045549:   cmp    $0x32,%r10
  0x000077b45804554d:   jne    0x000077b45804553f
  0x000077b45804554f:   mov    $0x2e,%r10d
  0x000077b458045555:   cmpq   $0x0,(%rbx,%r10,8)
  0x000077b45804555a:   je     0x000077b458045568
  0x000077b45804555c:   add    $0x2,%r10
  0x000077b458045560:   cmp    $0x32,%r10
  0x000077b458045564:   jne    0x000077b458045555
  0x000077b458045566:   jmp    0x000077b458045574
  0x000077b458045568:   push   %rax
  0x000077b458045569:   xor    %rax,%rax
  0x000077b45804556c:   cmpxchg %rdi,(%rbx,%r10,8)
  0x000077b458045571:   pop    %rax
  0x000077b458045572:   jmp    0x000077b458045539
  0x000077b458045574:   mov    $0x2d,%r10d
  0x000077b45804557a:   jmp    0x000077b458045580
  0x000077b45804557c:   add    $0x1,%r10
  0x000077b458045580:   addq   $0x1,(%rbx,%r10,8)
  0x000077b458045585:   movabs $0x77b414022360,%rdi         ;   {metadata(method data for {method} {0x00000000461797e8} &apos;length&apos; &apos;()I&apos; in &apos;java/lang/String&apos;)}
  0x000077b45804558f:   mov    0x90(%rdi),%ebx
  0x000077b458045595:   add    $0x2,%ebx
  0x000077b458045598:   mov    %ebx,0x90(%rdi)
  0x000077b45804559e:   and    $0x1ffffe,%ebx
  0x000077b4580455a4:   test   %ebx,%ebx
  0x000077b4580455a6:   je     0x000077b458045744
  0x000077b4580455ac:   mov    0xc(%rsi),%edi               ; implicit exception: dispatches to 0x000077b458045765
                                                            ;*arraylength {reexecute=0 rethrow=0 return_oop=0}
                                                            ; - java.lang.String::length@4 (line 1744)
                                                            ; - java.lang.StringCoding::countNonZeroAscii@23 (line 46)
                                                            ; - java.lang.System$1::countNonZeroAscii@1 (line 2145)
  0x000077b4580455af:   mov    %rdx,%rbx
  0x000077b4580455b2:   movabs $0x77b414022360,%rax         ;   {metadata(method data for {method} {0x00000000461797e8} &apos;length&apos; &apos;()I&apos; in &apos;java/lang/String&apos;)}
  0x000077b4580455bc:   mov    0x8(%rbx),%ebx
  0x000077b4580455bf:   mov    $0x46000000,%r10d
  0x000077b4580455c5:   add    %r10,%rbx
  0x000077b4580455c8:   mov    $0x1c,%r10d
  0x000077b4580455ce:   cmp    (%rax,%r10,8),%rbx
  0x000077b4580455d2:   je     0x000077b458045611
  0x000077b4580455d4:   add    $0x2,%r10
  0x000077b4580455d8:   cmp    $0x20,%r10
  0x000077b4580455dc:   jne    0x000077b4580455ce
  0x000077b4580455de:   mov    $0x1c,%r10d
  0x000077b4580455e4:   cmpq   $0x0,(%rax,%r10,8)
  0x000077b4580455e9:   je     0x000077b4580455f7
  0x000077b4580455eb:   add    $0x2,%r10
  0x000077b4580455ef:   cmp    $0x20,%r10
  0x000077b4580455f3:   jne    0x000077b4580455e4
  0x000077b4580455f5:   jmp    0x000077b458045609
  0x000077b4580455f7:   push   %rcx
  0x000077b4580455f8:   mov    %rax,%rcx
  0x000077b4580455fb:   xor    %rax,%rax
  0x000077b4580455fe:   cmpxchg %rbx,(%rcx,%r10,8)
  0x000077b458045603:   mov    %rcx,%rax
  0x000077b458045606:   pop    %rcx
  0x000077b458045607:   jmp    0x000077b4580455c8
  0x000077b458045609:   mov    $0x1b,%r10d
  0x000077b45804560f:   jmp    0x000077b458045615
  0x000077b458045611:   add    $0x1,%r10
  0x000077b458045615:   addq   $0x1,(%rax,%r10,8)
  0x000077b45804561a:   movabs $0x77b4140215d0,%rbx         ;   {metadata(method data for {method} {0x00000000464a15d0} &apos;coder&apos; &apos;()B&apos; in &apos;java/lang/String&apos;)}
  0x000077b458045624:   mov    0x90(%rbx),%eax
  0x000077b45804562a:   add    $0x2,%eax
  0x000077b45804562d:   mov    %eax,0x90(%rbx)
  0x000077b458045633:   and    $0x1ffffe,%eax
  0x000077b458045638:   test   %eax,%eax
  0x000077b45804563a:   je     0x000077b45804576a
  0x000077b458045640:   movabs $0x77b4140215d0,%rdx         ;   {metadata(method data for {method} {0x00000000464a15d0} &apos;coder&apos; &apos;()B&apos; in &apos;java/lang/String&apos;)}
  0x000077b45804564a:   incl   0xe8(%rdx)                   ;*ifeq {reexecute=0 rethrow=0 return_oop=0}
                                                            ; - java.lang.String::coder@3 (line 5179)
                                                            ; - java.lang.String::length@6 (line 1744)
                                                            ; - java.lang.StringCoding::countNonZeroAscii@23 (line 46)
                                                            ; - java.lang.System$1::countNonZeroAscii@1 (line 2145)
  0x000077b458045650:   movabs $0x77b4140215d0,%rdx         ;   {metadata(method data for {method} {0x00000000464a15d0} &apos;coder&apos; &apos;()B&apos; in &apos;java/lang/String&apos;)}
  0x000077b45804565a:   incl   0xf8(%rdx)                   ;*goto {reexecute=0 rethrow=0 return_oop=0}
                                                            ; - java.lang.String::coder@10 (line 5179)
                                                            ; - java.lang.String::length@6 (line 1744)
                                                            ; - java.lang.StringCoding::countNonZeroAscii@23 (line 46)
                                                            ; - java.lang.System$1::countNonZeroAscii@1 (line 2145)
  0x000077b458045660:   shl    $0x18,%ecx
  0x000077b458045663:   sar    $0x18,%ecx
  0x000077b458045666:   sar    %cl,%edi
  0x000077b458045668:   movabs $0x77b414103400,%rdx         ;   {metadata(method data for {method} {0x00000000461d8dd0} &apos;countNonZeroAscii&apos; &apos;(Ljava/lang/String;)I&apos; in &apos;java/lang/StringCoding&apos;)}
  0x000077b458045672:   addq   $0x1,0x198(%rdx)
  0x000077b45804567a:   mov    $0x0,%edx
  0x000077b45804567f:   mov    %rdi,%rcx                    ;*invokestatic countNonZeroAsciiUTF16 {reexecute=0 rethrow=0 return_oop=0}
                                                            ; - java.lang.StringCoding::countNonZeroAscii@26 (line 46)
                                                            ; - java.lang.System$1::countNonZeroAscii@1 (line 2145)
  0x000077b458045682:   nopl   0x0(%rax,%rax,1)
  0x000077b458045687:   call   0x000077b45f4adfe0           ; ImmutableOopMap {}
                                                            ;*invokestatic countNonZeroAsciiUTF16 {reexecute=0 rethrow=0 return_oop=0}
                                                            ; - java.lang.StringCoding::countNonZeroAscii@26 (line 46)
                                                            ; - java.lang.System$1::countNonZeroAscii@1 (line 2145)
                                                            ;   {static_call}
  0x000077b45804568c:   nopl   0x484(%rax,%rax,1)           ;*invokestatic countNonZeroAsciiUTF16 {reexecute=0 rethrow=0 return_oop=0}
                                                            ; - java.lang.StringCoding::countNonZeroAscii@26 (line 46)
                                                            ; - java.lang.System$1::countNonZeroAscii@1 (line 2145)
                                                            ;   {post_call_nop}
  0x000077b458045694:   add    $0x60,%rsp
  0x000077b458045698:   pop    %rbp
  0x000077b458045699:   cmp    0x28(%r15),%rsp              ;   {poll_return}
  0x000077b45804569d:   ja     0x000077b45804578b
  0x000077b4580456a3:   ret    
  0x000077b4580456a4:   mov    0xc(%rsi),%ecx               ; implicit exception: dispatches to 0x000077b4580457a1
                                                            ;*arraylength {reexecute=0 rethrow=0 return_oop=0}
                                                            ; - java.lang.StringCoding::countNonZeroAscii@15 (line 44)
                                                            ; - java.lang.System$1::countNonZeroAscii@1 (line 2145)
  0x000077b4580456a7:   movabs $0x77b414103400,%rdx         ;   {metadata(method data for {method} {0x00000000461d8dd0} &apos;countNonZeroAscii&apos; &apos;(Ljava/lang/String;)I&apos; in &apos;java/lang/StringCoding&apos;)}
  0x000077b4580456b1:   addq   $0x1,0x158(%rdx)
  0x000077b4580456b9:   mov    $0x0,%edx                    ;*invokestatic countNonZeroAsciiLatin1 {reexecute=0 rethrow=0 return_oop=0}
                                                            ; - java.lang.StringCoding::countNonZeroAscii@16 (line 44)
                                                            ; - java.lang.System$1::countNonZeroAscii@1 (line 2145)
  0x000077b4580456be:   nop
  0x000077b4580456bf:   call   0x000077b45f4adfe0           ; ImmutableOopMap {}
                                                            ;*invokestatic countNonZeroAsciiLatin1 {reexecute=0 rethrow=0 return_oop=0}
                                                            ; - java.lang.StringCoding::countNonZeroAscii@16 (line 44)
                                                            ; - java.lang.System$1::countNonZeroAscii@1 (line 2145)
                                                            ;   {static_call}
  0x000077b4580456c4:   nopl   0x10004bc(%rax,%rax,1)       ;*invokestatic countNonZeroAsciiLatin1 {reexecute=0 rethrow=0 return_oop=0}
                                                            ; - java.lang.StringCoding::countNonZeroAscii@16 (line 44)
                                                            ; - java.lang.System$1::countNonZeroAscii@1 (line 2145)
                                                            ;   {post_call_nop}
  0x000077b4580456cc:   add    $0x60,%rsp
  0x000077b4580456d0:   pop    %rbp
  0x000077b4580456d1:   cmp    0x28(%r15),%rsp              ;   {poll_return}
  0x000077b4580456d5:   ja     0x000077b4580457a6
  0x000077b4580456db:   ret    
  0x000077b4580456dc:   movabs $0x46184528,%r10             ;   {metadata({method} {0x0000000046184528} &apos;countNonZeroAscii&apos; &apos;(Ljava/lang/String;)I&apos; in &apos;java/lang/System$1&apos;)}
  0x000077b4580456e6:   mov    %r10,0x8(%rsp)
  0x000077b4580456eb:   movq   $0xffffffffffffffff,(%rsp)
  0x000077b4580456f3:   call   0x000077b45f582fe0           ; ImmutableOopMap {rsi=Oop rdx=Oop }
                                                            ;*synchronization entry
                                                            ; - java.lang.System$1::countNonZeroAscii@-1 (line 2145)
                                                            ;   {runtime_call counter_overflow_blob (C1 runtime)}
  0x000077b4580456f8:   jmp    0x000077b458045362
  0x000077b4580456fd:   movabs $0x461d8dd0,%r10             ;   {metadata({method} {0x00000000461d8dd0} &apos;countNonZeroAscii&apos; &apos;(Ljava/lang/String;)I&apos; in &apos;java/lang/StringCoding&apos;)}
  0x000077b458045707:   mov    %r10,0x8(%rsp)
  0x000077b45804570c:   movq   $0xffffffffffffffff,(%rsp)
  0x000077b458045714:   call   0x000077b45f582fe0           ; ImmutableOopMap {rdx=Oop }
                                                            ;*synchronization entry
                                                            ; - java.lang.StringCoding::countNonZeroAscii@-1 (line 42)
                                                            ; - java.lang.System$1::countNonZeroAscii@1 (line 2145)
                                                            ;   {runtime_call counter_overflow_blob (C1 runtime)}
  0x000077b458045719:   jmp    0x000077b45804539b
  0x000077b45804571e:   call   0x000077b45f57c660           ; ImmutableOopMap {rdx=Oop }
                                                            ;*invokevirtual value {reexecute=0 rethrow=0 return_oop=0}
                                                            ; - java.lang.StringCoding::countNonZeroAscii@1 (line 42)
                                                            ; - java.lang.System$1::countNonZeroAscii@1 (line 2145)
                                                            ;   {runtime_call throw_null_pointer_exception_blob (C1 runtime)}
  0x000077b458045723:   movabs $0x464a0708,%r10             ;   {metadata({method} {0x00000000464a0708} &apos;isLatin1&apos; &apos;()Z&apos; in &apos;java/lang/String&apos;)}
  0x000077b45804572d:   mov    %r10,0x8(%rsp)
  0x000077b458045732:   movq   $0xffffffffffffffff,(%rsp)
  0x000077b45804573a:   call   0x000077b45f582fe0           ; ImmutableOopMap {rdx=Oop rsi=Oop }
                                                            ;*synchronization entry
                                                            ; - java.lang.String::isLatin1@-1 (line 5187)
                                                            ; - java.lang.StringCoding::countNonZeroAscii@6 (line 43)
                                                            ; - java.lang.System$1::countNonZeroAscii@1 (line 2145)
                                                            ;   {runtime_call counter_overflow_blob (C1 runtime)}
  0x000077b45804573f:   jmp    0x000077b458045496
  0x000077b458045744:   movabs $0x461797e8,%r10             ;   {metadata({method} {0x00000000461797e8} &apos;length&apos; &apos;()I&apos; in &apos;java/lang/String&apos;)}
  0x000077b45804574e:   mov    %r10,0x8(%rsp)
  0x000077b458045753:   movq   $0xffffffffffffffff,(%rsp)
  0x000077b45804575b:   call   0x000077b45f582fe0           ; ImmutableOopMap {rdx=Oop rsi=Oop }
                                                            ;*synchronization entry
                                                            ; - java.lang.String::length@-1 (line 1744)
                                                            ; - java.lang.StringCoding::countNonZeroAscii@23 (line 46)
                                                            ; - java.lang.System$1::countNonZeroAscii@1 (line 2145)
                                                            ;   {runtime_call counter_overflow_blob (C1 runtime)}
  0x000077b458045760:   jmp    0x000077b4580455ac
  0x000077b458045765:   call   0x000077b45f57c660           ; ImmutableOopMap {rdx=Oop rsi=Oop }
                                                            ;*arraylength {reexecute=0 rethrow=0 return_oop=0}
                                                            ; - java.lang.String::length@4 (line 1744)
                                                            ; - java.lang.StringCoding::countNonZeroAscii@23 (line 46)
                                                            ; - java.lang.System$1::countNonZeroAscii@1 (line 2145)
                                                            ;   {runtime_call throw_null_pointer_exception_blob (C1 runtime)}
  0x000077b45804576a:   movabs $0x464a15d0,%r10             ;   {metadata({method} {0x00000000464a15d0} &apos;coder&apos; &apos;()B&apos; in &apos;java/lang/String&apos;)}
  0x000077b458045774:   mov    %r10,0x8(%rsp)
  0x000077b458045779:   movq   $0xffffffffffffffff,(%rsp)
  0x000077b458045781:   call   0x000077b45f582fe0           ; ImmutableOopMap {rdx=Oop rsi=Oop }
                                                            ;*synchronization entry
                                                            ; - java.lang.String::coder@-1 (line 5179)
                                                            ; - java.lang.String::length@6 (line 1744)
                                                            ; - java.lang.StringCoding::countNonZeroAscii@23 (line 46)
                                                            ; - java.lang.System$1::countNonZeroAscii@1 (line 2145)
                                                            ;   {runtime_call counter_overflow_blob (C1 runtime)}
  0x000077b458045786:   jmp    0x000077b458045640
  0x000077b45804578b:   movabs $0x77b458045699,%r10         ;   {internal_word}
  0x000077b458045795:   mov    %r10,0x510(%r15)
  0x000077b45804579c:   jmp    0x000077b45f4afb60           ;   {runtime_call SafepointBlob}
  0x000077b4580457a1:   call   0x000077b45f57c660           ; ImmutableOopMap {rsi=Oop }
                                                            ;*arraylength {reexecute=0 rethrow=0 return_oop=0}
                                                            ; - java.lang.StringCoding::countNonZeroAscii@15 (line 44)
                                                            ; - java.lang.System$1::countNonZeroAscii@1 (line 2145)
                                                            ;   {runtime_call throw_null_pointer_exception_blob (C1 runtime)}
  0x000077b4580457a6:   movabs $0x77b4580456d1,%r10         ;   {internal_word}
  0x000077b4580457b0:   mov    %r10,0x510(%r15)
  0x000077b4580457b7:   jmp    0x000077b45f4afb60           ;   {runtime_call SafepointBlob}
  0x000077b4580457bc:   mov    0x5c0(%r15),%rax
  0x000077b4580457c3:   movq   $0x0,0x5c0(%r15)
  0x000077b4580457ce:   movq   $0x0,0x5c8(%r15)
  0x000077b4580457d9:   add    $0x60,%rsp
  0x000077b4580457dd:   pop    %rbp
  0x000077b4580457de:   jmp    0x000077b45f57b760           ;   {runtime_call unwind_exception_blob (C1 runtime)}
  0x000077b4580457e3:   hlt    
  0x000077b4580457e4:   hlt    
  0x000077b4580457e5:   hlt    
  0x000077b4580457e6:   hlt    
  0x000077b4580457e7:   hlt    
[Stub Code]
  0x000077b4580457e8:   movabs $0x0,%rbx                    ;   {static_stub}
  0x000077b4580457f2:   jmp    0x000077b4580457f2           ;   {runtime_call nmethod}
  0x000077b4580457f7:   movabs $0x0,%rbx                    ;   {static_stub}
  0x000077b458045801:   jmp    0x000077b458045801           ;   {runtime_call nmethod}
[Exception Handler]
  0x000077b458045806:   call   0x000077b45f57ede0           ;   {runtime_call handle_exception_from_callee_blob (C1 runtime)}
  0x000077b45804580b:   movabs $0x77b478d3aec4,%rdi         ;   {external_word}
  0x000077b458045815:   and    $0xfffffffffffffff0,%rsp
  0x000077b458045819:   call   0x000077b478791cc0           ;   {runtime_call MacroAssembler::debug64(char*, long, long*)}
  0x000077b45804581e:   hlt    
  0x000077b45804581f:   call   0x000077b45f4afe60           ;   {runtime_call DeoptimizationBlob}
[Deopt Handler Entry Point]
  0x000077b458045824:   jmp    0x000077b45804581f
  0x000077b458045826:   hlt    
  0x000077b458045827:   hlt    
--------------------------------------------------------------------------------
[/Disassembly]
