
============================= C1-compiled nmethod ==============================
----------------------------------- Assembly -----------------------------------

Compiled method (c1) 8742  432   !   3       java.util.jar.JarFile::isMultiRelease (33 bytes)
 total in heap  [0x000077b45804ec88,0x000077b45804ef68] = 736
 main code      [0x000077b45804ed80,0x000077b45804ef38] = 440
 stub code      [0x000077b45804ef38,0x000077b45804ef68] = 48
 mutable data [0x000077b3fc08c380,0x000077b3fc08c3d8] = 88
 relocation     [0x000077b3fc08c380,0x000077b3fc08c3c8] = 72
 metadata       [0x000077b3fc08c3c8,0x000077b3fc08c3d8] = 16
 immutable data [0x000077b3fc08d290,0x000077b3fc08d3e4] = 340
 dependencies   [0x000077b3fc08d290,0x000077b3fc08d298] = 8
 handler table  [0x000077b3fc08d298,0x000077b3fc08d2b0] = 24
 scopes pcs     [0x000077b3fc08d2b0,0x000077b3fc08d390] = 224
 scopes data    [0x000077b3fc08d390,0x000077b3fc08d3e0] = 80

[Disassembly]
--------------------------------------------------------------------------------
[Constant Pool (empty)]

--------------------------------------------------------------------------------

[Instructions begin]
  0x000077b45804ed80:   data16 data16 nopw 0x0(%rax,%rax,1)
  0x000077b45804ed8b:   data16 data16 xchg %ax,%ax
  0x000077b45804ed8f:   data16 xchg %ax,%ax
[Entry Point]
  # {method} {0x00000000462bf358} &apos;isMultiRelease&apos; &apos;()Z&apos; in &apos;java/util/jar/JarFile&apos;
  #           [sp+0x40]  (sp of caller)
  0x000077b45804ed92:   mov    0x8(%rsi),%r10d
  0x000077b45804ed96:   cmp    0x8(%rax),%r10d
  0x000077b45804ed9a:   jne    0x000077b45f4ad6e0           ;   {runtime_call ic_miss_blob (shared runtime)}
[Verified Entry Point]
  0x000077b45804eda0:   mov    %eax,-0x14000(%rsp)
  0x000077b45804eda7:   push   %rbp
  0x000077b45804eda8:   sub    $0x30,%rsp
  0x000077b45804edac:   cmpl   $0x1,0x20(%r15)
  0x000077b45804edb4:   je     0x000077b45804edbb
  0x000077b45804edb6:   call   Stub::method_entry_barrier_stub (stub gen)
                                                            ;   {runtime_call Stub::method_entry_barrier_stub (stub gen)}
  0x000077b45804edbb:   movabs $0x77b414113348,%rdi         ;   {metadata(method data for {method} {0x00000000462bf358} &apos;isMultiRelease&apos; &apos;()Z&apos; in &apos;java/util/jar/JarFile&apos;)}
  0x000077b45804edc5:   mov    0x90(%rdi),%ebx
  0x000077b45804edcb:   add    $0x2,%ebx
  0x000077b45804edce:   mov    %ebx,0x90(%rdi)
  0x000077b45804edd4:   and    $0x7fe,%ebx
  0x000077b45804edda:   test   %ebx,%ebx
  0x000077b45804eddc:   je     0x000077b45804eeb9           ;*aload_0 {reexecute=0 rethrow=0 return_oop=0}
                                                            ; - java.util.jar.JarFile::isMultiRelease@0 (line 372)
  0x000077b45804ede2:   movsbl 0x13(%rsi),%edi              ;*getfield isMultiRelease {reexecute=0 rethrow=0 return_oop=0}
                                                            ; - java.util.jar.JarFile::isMultiRelease@1 (line 372)
  0x000077b45804ede6:   test   %edi,%edi
  0x000077b45804ede8:   movabs $0x77b414113348,%rdi         ;   {metadata(method data for {method} {0x00000000462bf358} &apos;isMultiRelease&apos; &apos;()Z&apos; in &apos;java/util/jar/JarFile&apos;)}
  0x000077b45804edf2:   mov    $0xe8,%ebx
  0x000077b45804edf7:   jne    0x000077b45804edfe
  0x000077b45804edf9:   mov    $0xd8,%ebx
  0x000077b45804edfe:   mov    (%rdi,%rbx,1),%rax
  0x000077b45804ee02:   lea    0x1(%rax),%rax
  0x000077b45804ee06:   mov    %rax,(%rdi,%rbx,1)
  0x000077b45804ee0a:   jne    0x000077b45804ee6e           ;*ifeq {reexecute=0 rethrow=0 return_oop=0}
                                                            ; - java.util.jar.JarFile::isMultiRelease@4 (line 372)
  0x000077b45804ee10:   movabs $0x77b414113348,%rdi         ;   {metadata(method data for {method} {0x00000000462bf358} &apos;isMultiRelease&apos; &apos;()Z&apos; in &apos;java/util/jar/JarFile&apos;)}
  0x000077b45804ee1a:   incl   0x108(%rdi)                  ;*ifeq {reexecute=0 rethrow=0 return_oop=0}
                                                            ; - java.util.jar.JarFile::isMultiRelease@12 (line 375)
  0x000077b45804ee20:   mov    %rsi,%rdi
  0x000077b45804ee23:   movabs $0x77b414113348,%rbx         ;   {metadata(method data for {method} {0x00000000462bf358} &apos;isMultiRelease&apos; &apos;()Z&apos; in &apos;java/util/jar/JarFile&apos;)}
  0x000077b45804ee2d:   addq   $0x1,0x118(%rbx)
  0x000077b45804ee35:   mov    %rsi,%rdi
  0x000077b45804ee38:   mov    %rdi,%rsi                    ;*invokevirtual checkForSpecialAttributes {reexecute=0 rethrow=0 return_oop=0}
                                                            ; - java.util.jar.JarFile::isMultiRelease@16 (line 377)
  0x000077b45804ee3b:   mov    %rdi,0x18(%rsp)
  0x000077b45804ee40:   nopl   0x0(%rax)
  0x000077b45804ee47:   call   0x000077b45804ef38           ; ImmutableOopMap {[24]=Oop }
                                                            ;*invokevirtual checkForSpecialAttributes {reexecute=0 rethrow=0 return_oop=0}
                                                            ; - java.util.jar.JarFile::isMultiRelease@16 (line 377)
                                                            ;   {optimized virtual_call}
  0x000077b45804ee4c:   nopl   0x1c4(%rax,%rax,1)           ;*invokevirtual checkForSpecialAttributes {reexecute=0 rethrow=0 return_oop=0}
                                                            ; - java.util.jar.JarFile::isMultiRelease@16 (line 377)
                                                            ;   {post_call_nop}
  0x000077b45804ee54:   movabs $0x77b414113348,%rax         ;   {metadata(method data for {method} {0x00000000462bf358} &apos;isMultiRelease&apos; &apos;()Z&apos; in &apos;java/util/jar/JarFile&apos;)}
  0x000077b45804ee5e:   incl   0x148(%rax)
  0x000077b45804ee64:   mov    0x18(%rsp),%rsi
  0x000077b45804ee69:   jmp    0x000077b45804eea2           ;*goto {reexecute=0 rethrow=0 return_oop=0}
                                                            ; - java.util.jar.JarFile::isMultiRelease@19 (line 380)
  0x000077b45804ee6e:   mov    $0x1,%eax
  0x000077b45804ee73:   add    $0x30,%rsp
  0x000077b45804ee77:   pop    %rbp
  0x000077b45804ee78:   cmp    0x28(%r15),%rsp              ;   {poll_return}
  0x000077b45804ee7c:   ja     0x000077b45804eeda
  0x000077b45804ee82:   ret                                 ;*ireturn {reexecute=0 rethrow=0 return_oop=0}
                                                            ; - java.util.jar.JarFile::isMultiRelease@8 (line 373)
  0x000077b45804ee83:   mov    0x5c0(%r15),%rax
  0x000077b45804ee8a:   xor    %r10,%r10
  0x000077b45804ee8d:   mov    %r10,0x5c0(%r15)
  0x000077b45804ee94:   xor    %r10,%r10
  0x000077b45804ee97:   mov    %r10,0x5c8(%r15)
  0x000077b45804ee9e:   movb   $0x0,0x13(%rsi)              ;*putfield isMultiRelease {reexecute=0 rethrow=0 return_oop=0}
                                                            ; - java.util.jar.JarFile::isMultiRelease@25 (line 379)
  0x000077b45804eea2:   movsbl 0x13(%rsi),%eax              ;*getfield isMultiRelease {reexecute=0 rethrow=0 return_oop=0}
                                                            ; - java.util.jar.JarFile::isMultiRelease@29 (line 382)
  0x000077b45804eea6:   and    $0x1,%eax
  0x000077b45804eea9:   add    $0x30,%rsp
  0x000077b45804eead:   pop    %rbp
  0x000077b45804eeae:   cmp    0x28(%r15),%rsp              ;   {poll_return}
  0x000077b45804eeb2:   ja     0x000077b45804eef0
  0x000077b45804eeb8:   ret    
  0x000077b45804eeb9:   movabs $0x462bf358,%r10             ;   {metadata({method} {0x00000000462bf358} &apos;isMultiRelease&apos; &apos;()Z&apos; in &apos;java/util/jar/JarFile&apos;)}
  0x000077b45804eec3:   mov    %r10,0x8(%rsp)
  0x000077b45804eec8:   movq   $0xffffffffffffffff,(%rsp)
  0x000077b45804eed0:   call   0x000077b45f582fe0           ; ImmutableOopMap {rsi=Oop }
                                                            ;*synchronization entry
                                                            ; - java.util.jar.JarFile::isMultiRelease@-1 (line 372)
                                                            ;   {runtime_call counter_overflow_blob (C1 runtime)}
  0x000077b45804eed5:   jmp    0x000077b45804ede2
  0x000077b45804eeda:   movabs $0x77b45804ee78,%r10         ;   {internal_word}
  0x000077b45804eee4:   mov    %r10,0x510(%r15)
  0x000077b45804eeeb:   jmp    0x000077b45f4afb60           ;   {runtime_call SafepointBlob}
  0x000077b45804eef0:   movabs $0x77b45804eeae,%r10         ;   {internal_word}
  0x000077b45804eefa:   mov    %r10,0x510(%r15)
  0x000077b45804ef01:   jmp    0x000077b45f4afb60           ;   {runtime_call SafepointBlob}
  0x000077b45804ef06:   mov    0x18(%rsp),%rsi
  0x000077b45804ef0b:   jmp    0x000077b45804ee83
  0x000077b45804ef10:   mov    0x5c0(%r15),%rax
  0x000077b45804ef17:   movq   $0x0,0x5c0(%r15)
  0x000077b45804ef22:   movq   $0x0,0x5c8(%r15)
  0x000077b45804ef2d:   add    $0x30,%rsp
  0x000077b45804ef31:   pop    %rbp
  0x000077b45804ef32:   jmp    0x000077b45f57b760           ;   {runtime_call unwind_exception_blob (C1 runtime)}
  0x000077b45804ef37:   hlt    
[Stub Code]
  0x000077b45804ef38:   movabs $0x462bf3b0,%rbx             ;   {static_stub}
  0x000077b45804ef42:   jmp    0x000077b45f4aef32           ;   {runtime_call I2C/C2I adapters}
[Exception Handler]
  0x000077b45804ef47:   call   0x000077b45f57ede0           ;   {runtime_call handle_exception_from_callee_blob (C1 runtime)}
  0x000077b45804ef4c:   movabs $0x77b478d3aec4,%rdi         ;   {external_word}
  0x000077b45804ef56:   and    $0xfffffffffffffff0,%rsp
  0x000077b45804ef5a:   call   0x000077b478791cc0           ;   {runtime_call MacroAssembler::debug64(char*, long, long*)}
  0x000077b45804ef5f:   hlt    
  0x000077b45804ef60:   call   0x000077b45f4afe60           ;   {runtime_call DeoptimizationBlob}
[Deopt Handler Entry Point]
  0x000077b45804ef65:   jmp    0x000077b45804ef60
  0x000077b45804ef67:   hlt    
--------------------------------------------------------------------------------
[/Disassembly]
