
============================= C1-compiled nmethod ==============================
----------------------------------- Assembly -----------------------------------

Compiled method (c1) 280   48       3       jdk.internal.misc.Unsafe::makeInt (25 bytes)
 total in heap  [0x000077b458000988,0x000077b458000cf0] = 872
 main code      [0x000077b458000a80,0x000077b458000cd0] = 592
 stub code      [0x000077b458000cd0,0x000077b458000cf0] = 32
 mutable data [0x000077b3fc046040,0x000077b3fc0460a0] = 96
 relocation     [0x000077b3fc046040,0x000077b3fc046088] = 72
 metadata       [0x000077b3fc046088,0x000077b3fc0460a0] = 24
 immutable data [0x000077b3fc046100,0x000077b3fc046224] = 292
 dependencies   [0x000077b3fc046100,0x000077b3fc046108] = 8
 scopes pcs     [0x000077b3fc046108,0x000077b3fc0461a8] = 160
 scopes data    [0x000077b3fc0461a8,0x000077b3fc046220] = 120

[Disassembly]
--------------------------------------------------------------------------------
[Constant Pool (empty)]

--------------------------------------------------------------------------------

[Verified Entry Point]
  # {method} {0x00000000461e5390} &apos;makeInt&apos; &apos;(SS)I&apos; in &apos;jdk/internal/misc/Unsafe&apos;
  # parm0:    rsi       = short
  # parm1:    rdx       = short
  #           [sp+0x60]  (sp of caller)
  0x000077b458000a80:   mov    %eax,-0x14000(%rsp)
  0x000077b458000a87:   push   %rbp
  0x000077b458000a88:   sub    $0x50,%rsp
  0x000077b458000a8c:   cmpl   $0x1,0x20(%r15)
  0x000077b458000a94:   je     0x000077b458000a9b
  0x000077b458000a96:   call   Stub::method_entry_barrier_stub (stub gen)
                                                            ;   {runtime_call Stub::method_entry_barrier_stub (stub gen)}
  0x000077b458000a9b:   movabs $0x77b4140184a8,%rax         ;   {metadata(method data for {method} {0x00000000461e5390} &apos;makeInt&apos; &apos;(SS)I&apos; in &apos;jdk/internal/misc/Unsafe&apos;)}
  0x000077b458000aa5:   mov    0x90(%rax),%edi
  0x000077b458000aab:   add    $0x2,%edi
  0x000077b458000aae:   mov    %edi,0x90(%rax)
  0x000077b458000ab4:   and    $0x7fe,%edi
  0x000077b458000aba:   test   %edi,%edi
  0x000077b458000abc:   je     0x000077b458000beb           ;*iload_0 {reexecute=0 rethrow=0 return_oop=0}
                                                            ; - jdk.internal.misc.Unsafe::makeInt@0 (line 3794)
  0x000077b458000ac2:   movabs $0x77b4140184a8,%rax         ;   {metadata(method data for {method} {0x00000000461e5390} &apos;makeInt&apos; &apos;(SS)I&apos; in &apos;jdk/internal/misc/Unsafe&apos;)}
  0x000077b458000acc:   addq   $0x1,0xd8(%rax)
  0x000077b458000ad4:   movabs $0x77b4140160f8,%rax         ;   {metadata(method data for {method} {0x00000000461e5758} &apos;toUnsignedInt&apos; &apos;(S)I&apos; in &apos;jdk/internal/misc/Unsafe&apos;)}
  0x000077b458000ade:   mov    0x90(%rax),%edi
  0x000077b458000ae4:   add    $0x2,%edi
  0x000077b458000ae7:   mov    %edi,0x90(%rax)
  0x000077b458000aed:   and    $0x1ffffe,%edi
  0x000077b458000af3:   test   %edi,%edi
  0x000077b458000af5:   je     0x000077b458000c0c
  0x000077b458000afb:   and    $0xffff,%esi
  0x000077b458000b01:   movabs $0x77b4140184a8,%rax         ;   {metadata(method data for {method} {0x00000000461e5390} &apos;makeInt&apos; &apos;(SS)I&apos; in &apos;jdk/internal/misc/Unsafe&apos;)}
  0x000077b458000b0b:   addq   $0x1,0xe8(%rax)
  0x000077b458000b13:   movabs $0x77b4140149b8,%rax         ;   {metadata(method data for {method} {0x00000000461e56a8} &apos;pickPos&apos; &apos;(II)I&apos; in &apos;jdk/internal/misc/Unsafe&apos;)}
  0x000077b458000b1d:   mov    0x90(%rax),%edi
  0x000077b458000b23:   add    $0x2,%edi
  0x000077b458000b26:   mov    %edi,0x90(%rax)
  0x000077b458000b2c:   and    $0x1ffffe,%edi
  0x000077b458000b32:   test   %edi,%edi
  0x000077b458000b34:   je     0x000077b458000c2d
  0x000077b458000b3a:   movabs $0x77b4140149b8,%rax         ;   {metadata(method data for {method} {0x00000000461e56a8} &apos;pickPos&apos; &apos;(II)I&apos; in &apos;jdk/internal/misc/Unsafe&apos;)}
  0x000077b458000b44:   incl   0xd8(%rax)                   ;*ifeq {reexecute=0 rethrow=0 return_oop=0}
                                                            ; - jdk.internal.misc.Unsafe::pickPos@3 (line 3769)
                                                            ; - jdk.internal.misc.Unsafe::makeInt@7 (line 3794)
  0x000077b458000b4a:   movabs $0x77b4140184a8,%rax         ;   {metadata(method data for {method} {0x00000000461e5390} &apos;makeInt&apos; &apos;(SS)I&apos; in &apos;jdk/internal/misc/Unsafe&apos;)}
  0x000077b458000b54:   addq   $0x1,0xf8(%rax)
  0x000077b458000b5c:   movabs $0x77b4140160f8,%rax         ;   {metadata(method data for {method} {0x00000000461e5758} &apos;toUnsignedInt&apos; &apos;(S)I&apos; in &apos;jdk/internal/misc/Unsafe&apos;)}
  0x000077b458000b66:   mov    0x90(%rax),%edi
  0x000077b458000b6c:   add    $0x2,%edi
  0x000077b458000b6f:   mov    %edi,0x90(%rax)
  0x000077b458000b75:   and    $0x1ffffe,%edi
  0x000077b458000b7b:   test   %edi,%edi
  0x000077b458000b7d:   je     0x000077b458000c4e
  0x000077b458000b83:   and    $0xffff,%edx
  0x000077b458000b89:   movabs $0x77b4140184a8,%rax         ;   {metadata(method data for {method} {0x00000000461e5390} &apos;makeInt&apos; &apos;(SS)I&apos; in &apos;jdk/internal/misc/Unsafe&apos;)}
  0x000077b458000b93:   addq   $0x1,0x108(%rax)
  0x000077b458000b9b:   movabs $0x77b4140149b8,%rax         ;   {metadata(method data for {method} {0x00000000461e56a8} &apos;pickPos&apos; &apos;(II)I&apos; in &apos;jdk/internal/misc/Unsafe&apos;)}
  0x000077b458000ba5:   mov    0x90(%rax),%edi
  0x000077b458000bab:   add    $0x2,%edi
  0x000077b458000bae:   mov    %edi,0x90(%rax)
  0x000077b458000bb4:   and    $0x1ffffe,%edi
  0x000077b458000bba:   test   %edi,%edi
  0x000077b458000bbc:   je     0x000077b458000c6f
  0x000077b458000bc2:   movabs $0x77b4140149b8,%rax         ;   {metadata(method data for {method} {0x00000000461e56a8} &apos;pickPos&apos; &apos;(II)I&apos; in &apos;jdk/internal/misc/Unsafe&apos;)}
  0x000077b458000bcc:   incl   0xd8(%rax)                   ;*ifeq {reexecute=0 rethrow=0 return_oop=0}
                                                            ; - jdk.internal.misc.Unsafe::pickPos@3 (line 3769)
                                                            ; - jdk.internal.misc.Unsafe::makeInt@19 (line 3795)
  0x000077b458000bd2:   shl    $0x10,%edx
  0x000077b458000bd5:   or     %rsi,%rdx
  0x000077b458000bd8:   mov    %rdx,%rax
  0x000077b458000bdb:   add    $0x50,%rsp
  0x000077b458000bdf:   pop    %rbp
  0x000077b458000be0:   cmp    0x28(%r15),%rsp              ;   {poll_return}
  0x000077b458000be4:   ja     0x000077b458000c90
  0x000077b458000bea:   ret    
  0x000077b458000beb:   movabs $0x461e5390,%r10             ;   {metadata({method} {0x00000000461e5390} &apos;makeInt&apos; &apos;(SS)I&apos; in &apos;jdk/internal/misc/Unsafe&apos;)}
  0x000077b458000bf5:   mov    %r10,0x8(%rsp)
  0x000077b458000bfa:   movq   $0xffffffffffffffff,(%rsp)
  0x000077b458000c02:   call   0x000077b45f582fe0           ; ImmutableOopMap {}
                                                            ;*synchronization entry
                                                            ; - jdk.internal.misc.Unsafe::makeInt@-1 (line 3794)
                                                            ;   {runtime_call counter_overflow_blob (C1 runtime)}
  0x000077b458000c07:   jmp    0x000077b458000ac2
  0x000077b458000c0c:   movabs $0x461e5758,%r10             ;   {metadata({method} {0x00000000461e5758} &apos;toUnsignedInt&apos; &apos;(S)I&apos; in &apos;jdk/internal/misc/Unsafe&apos;)}
  0x000077b458000c16:   mov    %r10,0x8(%rsp)
  0x000077b458000c1b:   movq   $0xffffffffffffffff,(%rsp)
  0x000077b458000c23:   call   0x000077b45f582fe0           ; ImmutableOopMap {}
                                                            ;*synchronization entry
                                                            ; - jdk.internal.misc.Unsafe::toUnsignedInt@-1 (line 3852)
                                                            ; - jdk.internal.misc.Unsafe::makeInt@1 (line 3794)
                                                            ;   {runtime_call counter_overflow_blob (C1 runtime)}
  0x000077b458000c28:   jmp    0x000077b458000afb
  0x000077b458000c2d:   movabs $0x461e56a8,%r10             ;   {metadata({method} {0x00000000461e56a8} &apos;pickPos&apos; &apos;(II)I&apos; in &apos;jdk/internal/misc/Unsafe&apos;)}
  0x000077b458000c37:   mov    %r10,0x8(%rsp)
  0x000077b458000c3c:   movq   $0xffffffffffffffff,(%rsp)
  0x000077b458000c44:   call   0x000077b45f582fe0           ; ImmutableOopMap {}
                                                            ;*synchronization entry
                                                            ; - jdk.internal.misc.Unsafe::pickPos@-1 (line 3769)
                                                            ; - jdk.internal.misc.Unsafe::makeInt@7 (line 3794)
                                                            ;   {runtime_call counter_overflow_blob (C1 runtime)}
  0x000077b458000c49:   jmp    0x000077b458000b3a
  0x000077b458000c4e:   movabs $0x461e5758,%r10             ;   {metadata({method} {0x00000000461e5758} &apos;toUnsignedInt&apos; &apos;(S)I&apos; in &apos;jdk/internal/misc/Unsafe&apos;)}
  0x000077b458000c58:   mov    %r10,0x8(%rsp)
  0x000077b458000c5d:   movq   $0xffffffffffffffff,(%rsp)
  0x000077b458000c65:   call   0x000077b45f582fe0           ; ImmutableOopMap {}
                                                            ;*synchronization entry
                                                            ; - jdk.internal.misc.Unsafe::toUnsignedInt@-1 (line 3852)
                                                            ; - jdk.internal.misc.Unsafe::makeInt@12 (line 3795)
                                                            ;   {runtime_call counter_overflow_blob (C1 runtime)}
  0x000077b458000c6a:   jmp    0x000077b458000b83
  0x000077b458000c6f:   movabs $0x461e56a8,%r10             ;   {metadata({method} {0x00000000461e56a8} &apos;pickPos&apos; &apos;(II)I&apos; in &apos;jdk/internal/misc/Unsafe&apos;)}
  0x000077b458000c79:   mov    %r10,0x8(%rsp)
  0x000077b458000c7e:   movq   $0xffffffffffffffff,(%rsp)
  0x000077b458000c86:   call   0x000077b45f582fe0           ; ImmutableOopMap {}
                                                            ;*synchronization entry
                                                            ; - jdk.internal.misc.Unsafe::pickPos@-1 (line 3769)
                                                            ; - jdk.internal.misc.Unsafe::makeInt@19 (line 3795)
                                                            ;   {runtime_call counter_overflow_blob (C1 runtime)}
  0x000077b458000c8b:   jmp    0x000077b458000bc2
  0x000077b458000c90:   movabs $0x77b458000be0,%r10         ;   {internal_word}
  0x000077b458000c9a:   mov    %r10,0x510(%r15)
  0x000077b458000ca1:   jmp    0x000077b45f4afb60           ;   {runtime_call SafepointBlob}
  0x000077b458000ca6:   mov    0x5c0(%r15),%rax
  0x000077b458000cad:   movq   $0x0,0x5c0(%r15)
  0x000077b458000cb8:   movq   $0x0,0x5c8(%r15)
  0x000077b458000cc3:   add    $0x50,%rsp
  0x000077b458000cc7:   pop    %rbp
  0x000077b458000cc8:   jmp    0x000077b45f57b760           ;   {runtime_call unwind_exception_blob (C1 runtime)}
  0x000077b458000ccd:   hlt    
  0x000077b458000cce:   hlt    
  0x000077b458000ccf:   hlt    
[Exception Handler]
  0x000077b458000cd0:   call   0x000077b45f57ede0           ;   {runtime_call handle_exception_from_callee_blob (C1 runtime)}
  0x000077b458000cd5:   movabs $0x77b478d3aec4,%rdi         ;   {external_word}
  0x000077b458000cdf:   and    $0xfffffffffffffff0,%rsp
  0x000077b458000ce3:   call   0x000077b478791cc0           ;   {runtime_call MacroAssembler::debug64(char*, long, long*)}
  0x000077b458000ce8:   hlt    
  0x000077b458000ce9:   call   0x000077b45f4afe60           ;   {runtime_call DeoptimizationBlob}
[Deopt Handler Entry Point]
  0x000077b458000cee:   jmp    0x000077b458000ce9
--------------------------------------------------------------------------------
[/Disassembly]
