
============================= C1-compiled nmethod ==============================
----------------------------------- Assembly -----------------------------------

Compiled method (c1) 9695  523       3       java.lang.PublicMethods$Key::matches (31 bytes)
 total in heap  [0x000077b458056708,0x000077b458056c28] = 1312
 main code      [0x000077b458056800,0x000077b458056be0] = 992
 stub code      [0x000077b458056be0,0x000077b458056c20] = 64
 oops           [0x000077b458056c20,0x000077b458056c28] = 8
 mutable data [0x000077b3ec036230,0x000077b3ec0362c8] = 152
 relocation     [0x000077b3ec036230,0x000077b3ec036298] = 104
 metadata       [0x000077b3ec036298,0x000077b3ec0362c8] = 48
 immutable data [0x000077b3ec035ff0,0x000077b3ec036224] = 564
 dependencies   [0x000077b3ec035ff0,0x000077b3ec036000] = 16
 nul chk table  [0x000077b3ec036000,0x000077b3ec036018] = 24
 scopes pcs     [0x000077b3ec036018,0x000077b3ec036168] = 336
 scopes data    [0x000077b3ec036168,0x000077b3ec036220] = 184

[Disassembly]
--------------------------------------------------------------------------------
[Constant Pool (empty)]

--------------------------------------------------------------------------------

[Verified Entry Point]
  # {method} {0x000000004646df98} &apos;matches&apos; &apos;(Ljava/lang/reflect/Method;Ljava/lang/String;[Ljava/lang/Class;)Z&apos; in &apos;java/lang/PublicMethods$Key&apos;
  # parm0:    rsi:rsi   = &apos;java/lang/reflect/Method&apos;
  # parm1:    rdx:rdx   = &apos;java/lang/String&apos;
  # parm2:    rcx:rcx   = &apos;[Ljava/lang/Class;&apos;
  #           [sp+0x80]  (sp of caller)
  0x000077b458056800:   mov    %eax,-0x14000(%rsp)
  0x000077b458056807:   push   %rbp
  0x000077b458056808:   sub    $0x70,%rsp
  0x000077b45805680c:   cmpl   $0x1,0x20(%r15)
  0x000077b458056814:   je     0x000077b45805681b
  0x000077b458056816:   call   Stub::method_entry_barrier_stub (stub gen)
                                                            ;   {runtime_call Stub::method_entry_barrier_stub (stub gen)}
  0x000077b45805681b:   movabs $0x77b414119dc8,%rdi         ;   {metadata(method data for {method} {0x000000004646df98} &apos;matches&apos; &apos;(Ljava/lang/reflect/Method;Ljava/lang/String;[Ljava/lang/Class;)Z&apos; in &apos;java/lang/PublicMethods$Key&apos;)}
  0x000077b458056825:   mov    0x90(%rdi),%ebx
  0x000077b45805682b:   add    $0x2,%ebx
  0x000077b45805682e:   mov    %ebx,0x90(%rdi)
  0x000077b458056834:   and    $0x7fe,%ebx
  0x000077b45805683a:   test   %ebx,%ebx
  0x000077b45805683c:   je     0x000077b458056b30           ;*aload_0 {reexecute=0 rethrow=0 return_oop=0}
                                                            ; - java.lang.PublicMethods$Key::matches@0 (line 103)
  0x000077b458056842:   mov    %rcx,0x58(%rsp)
  0x000077b458056847:   cmp    (%rsi),%rax                  ; implicit exception: dispatches to 0x000077b458056b51
                                                            ;*invokevirtual getName {reexecute=0 rethrow=0 return_oop=0}
                                                            ; - java.lang.PublicMethods$Key::matches@1 (line 103)
  0x000077b45805684a:   mov    %rsi,%rdi
  0x000077b45805684d:   movabs $0x77b414119dc8,%rbx         ;   {metadata(method data for {method} {0x000000004646df98} &apos;matches&apos; &apos;(Ljava/lang/reflect/Method;Ljava/lang/String;[Ljava/lang/Class;)Z&apos; in &apos;java/lang/PublicMethods$Key&apos;)}
  0x000077b458056857:   mov    0x8(%rdi),%edi
  0x000077b45805685a:   mov    $0x46000000,%r10d
  0x000077b458056860:   add    %r10,%rdi
  0x000077b458056863:   mov    $0x1c,%r10d
  0x000077b458056869:   cmp    (%rbx,%r10,8),%rdi
  0x000077b45805686d:   je     0x000077b4580568a6
  0x000077b45805686f:   add    $0x2,%r10
  0x000077b458056873:   cmp    $0x20,%r10
  0x000077b458056877:   jne    0x000077b458056869
  0x000077b458056879:   mov    $0x1c,%r10d
  0x000077b45805687f:   cmpq   $0x0,(%rbx,%r10,8)
  0x000077b458056884:   je     0x000077b458056892
  0x000077b458056886:   add    $0x2,%r10
  0x000077b45805688a:   cmp    $0x20,%r10
  0x000077b45805688e:   jne    0x000077b45805687f
  0x000077b458056890:   jmp    0x000077b45805689e
  0x000077b458056892:   push   %rax
  0x000077b458056893:   xor    %rax,%rax
  0x000077b458056896:   cmpxchg %rdi,(%rbx,%r10,8)
  0x000077b45805689b:   pop    %rax
  0x000077b45805689c:   jmp    0x000077b458056863
  0x000077b45805689e:   mov    $0x1b,%r10d
  0x000077b4580568a4:   jmp    0x000077b4580568aa
  0x000077b4580568a6:   add    $0x1,%r10
  0x000077b4580568aa:   addq   $0x1,(%rbx,%r10,8)
  0x000077b4580568af:   mov    0x20(%rsi),%edi
  0x000077b4580568b2:   shl    $0x3,%rdi                    ;*getfield name {reexecute=0 rethrow=0 return_oop=0}
                                                            ; - java.lang.reflect.Method::getName@1 (line 215)
                                                            ; - java.lang.PublicMethods$Key::matches@1 (line 103)
  0x000077b4580568b6:   cmp    (%rdi),%rax                  ; implicit exception: dispatches to 0x000077b458056b56
  0x000077b4580568b9:   mov    %rdi,%rbx
  0x000077b4580568bc:   movabs $0x77b414119dc8,%rax         ;   {metadata(method data for {method} {0x000000004646df98} &apos;matches&apos; &apos;(Ljava/lang/reflect/Method;Ljava/lang/String;[Ljava/lang/Class;)Z&apos; in &apos;java/lang/PublicMethods$Key&apos;)}
  0x000077b4580568c6:   mov    0x8(%rbx),%ebx
  0x000077b4580568c9:   mov    $0x46000000,%r10d
  0x000077b4580568cf:   add    %r10,%rbx
  0x000077b4580568d2:   mov    $0x22,%r10d
  0x000077b4580568d8:   cmp    (%rax,%r10,8),%rbx
  0x000077b4580568dc:   je     0x000077b45805691b
  0x000077b4580568de:   add    $0x2,%r10
  0x000077b4580568e2:   cmp    $0x26,%r10
  0x000077b4580568e6:   jne    0x000077b4580568d8
  0x000077b4580568e8:   mov    $0x22,%r10d
  0x000077b4580568ee:   cmpq   $0x0,(%rax,%r10,8)
  0x000077b4580568f3:   je     0x000077b458056901
  0x000077b4580568f5:   add    $0x2,%r10
  0x000077b4580568f9:   cmp    $0x26,%r10
  0x000077b4580568fd:   jne    0x000077b4580568ee
  0x000077b4580568ff:   jmp    0x000077b458056913
  0x000077b458056901:   push   %rcx
  0x000077b458056902:   mov    %rax,%rcx
  0x000077b458056905:   xor    %rax,%rax
  0x000077b458056908:   cmpxchg %rbx,(%rcx,%r10,8)
  0x000077b45805690d:   mov    %rcx,%rax
  0x000077b458056910:   pop    %rcx
  0x000077b458056911:   jmp    0x000077b4580568d2
  0x000077b458056913:   mov    $0x21,%r10d
  0x000077b458056919:   jmp    0x000077b45805691f
  0x000077b45805691b:   add    $0x1,%r10
  0x000077b45805691f:   addq   $0x1,(%rax,%r10,8)
  0x000077b458056924:   mov    %rsi,0x50(%rsp)
  0x000077b458056929:   mov    %rdi,%rsi                    ;*invokevirtual equals {reexecute=0 rethrow=0 return_oop=0}
                                                            ; - java.lang.PublicMethods$Key::matches@5 (line 103)
  0x000077b45805692c:   data16 xchg %ax,%ax
  0x000077b45805692f:   call   0x000077b45f4ad9e0           ; ImmutableOopMap {[80]=Oop [88]=Oop }
                                                            ;*invokevirtual equals {reexecute=0 rethrow=0 return_oop=0}
                                                            ; - java.lang.PublicMethods$Key::matches@5 (line 103)
                                                            ;   {optimized virtual_call}
  0x000077b458056934:   nopl   0x22c(%rax,%rax,1)           ;*invokevirtual equals {reexecute=0 rethrow=0 return_oop=0}
                                                            ; - java.lang.PublicMethods$Key::matches@5 (line 103)
                                                            ;   {post_call_nop}
  0x000077b45805693c:   test   %eax,%eax
  0x000077b45805693e:   movabs $0x77b414119dc8,%rsi         ;   {metadata(method data for {method} {0x000000004646df98} &apos;matches&apos; &apos;(Ljava/lang/reflect/Method;Ljava/lang/String;[Ljava/lang/Class;)Z&apos; in &apos;java/lang/PublicMethods$Key&apos;)}
  0x000077b458056948:   mov    $0x138,%edx
  0x000077b45805694d:   je     0x000077b458056954
  0x000077b45805694f:   mov    $0x148,%edx
  0x000077b458056954:   mov    (%rsi,%rdx,1),%rdi
  0x000077b458056958:   lea    0x1(%rdi),%rdi
  0x000077b45805695c:   mov    %rdi,(%rsi,%rdx,1)
  0x000077b458056960:   je     0x000077b458056afe           ;*ifeq {reexecute=0 rethrow=0 return_oop=0}
                                                            ; - java.lang.PublicMethods$Key::matches@8 (line 103)
  0x000077b458056966:   mov    0x58(%rsp),%rcx
  0x000077b45805696b:   mov    0x50(%rsp),%rsi
  0x000077b458056970:   movabs $0x41f801408,%rdx            ;   {oop(a &apos;jdk/internal/reflect/ReflectionFactory&apos;{0x000000041f801408})}
  0x000077b45805697a:   movabs $0x77b414119dc8,%rdi         ;   {metadata(method data for {method} {0x000000004646df98} &apos;matches&apos; &apos;(Ljava/lang/reflect/Method;Ljava/lang/String;[Ljava/lang/Class;)Z&apos; in &apos;java/lang/PublicMethods$Key&apos;)}
  0x000077b458056984:   addq   $0x1,0x168(%rdi)
  0x000077b45805698c:   movabs $0x77b41411c3a0,%rdx         ;   {metadata(method data for {method} {0x0000000046241a88} &apos;getExecutableSharedParameterTypes&apos; &apos;(Ljava/lang/reflect/Executable;)[Ljava/lang/Class;&apos; in &apos;jdk/internal/reflect/ReflectionFactory&apos;)}
  0x000077b458056996:   mov    0x90(%rdx),%edi
  0x000077b45805699c:   add    $0x2,%edi
  0x000077b45805699f:   mov    %edi,0x90(%rdx)
  0x000077b4580569a5:   and    $0x1ffffe,%edi
  0x000077b4580569ab:   test   %edi,%edi
  0x000077b4580569ad:   je     0x000077b458056b5b
  0x000077b4580569b3:   movabs $0x41f8013f8,%rdx            ;   {oop(a &apos;java/lang/reflect/ReflectAccess&apos;{0x000000041f8013f8})}
  0x000077b4580569bd:   movabs $0x77b41411c3a0,%rdi         ;   {metadata(method data for {method} {0x0000000046241a88} &apos;getExecutableSharedParameterTypes&apos; &apos;(Ljava/lang/reflect/Executable;)[Ljava/lang/Class;&apos; in &apos;jdk/internal/reflect/ReflectionFactory&apos;)}
  0x000077b4580569c7:   movabs $0x4627e4f8,%rdx             ;   {metadata(&apos;java/lang/reflect/ReflectAccess&apos;)}
  0x000077b4580569d1:   mov    $0x1c,%r10d
  0x000077b4580569d7:   cmp    (%rdi,%r10,8),%rdx
  0x000077b4580569db:   je     0x000077b458056a14
  0x000077b4580569dd:   add    $0x2,%r10
  0x000077b4580569e1:   cmp    $0x20,%r10
  0x000077b4580569e5:   jne    0x000077b4580569d7
  0x000077b4580569e7:   mov    $0x1c,%r10d
  0x000077b4580569ed:   cmpq   $0x0,(%rdi,%r10,8)
  0x000077b4580569f2:   je     0x000077b458056a00
  0x000077b4580569f4:   add    $0x2,%r10
  0x000077b4580569f8:   cmp    $0x20,%r10
  0x000077b4580569fc:   jne    0x000077b4580569ed
  0x000077b4580569fe:   jmp    0x000077b458056a0c
  0x000077b458056a00:   push   %rax
  0x000077b458056a01:   xor    %rax,%rax
  0x000077b458056a04:   cmpxchg %rdx,(%rdi,%r10,8)
  0x000077b458056a09:   pop    %rax
  0x000077b458056a0a:   jmp    0x000077b4580569d1
  0x000077b458056a0c:   mov    $0x1b,%r10d
  0x000077b458056a12:   jmp    0x000077b458056a18
  0x000077b458056a14:   add    $0x1,%r10
  0x000077b458056a18:   addq   $0x1,(%rdi,%r10,8)
  0x000077b458056a1d:   movabs $0x77b41411c570,%rdx         ;   {metadata(method data for {method} {0x000000004627ef30} &apos;getExecutableSharedParameterTypes&apos; &apos;(Ljava/lang/reflect/Executable;)[Ljava/lang/Class;&apos; in &apos;java/lang/reflect/ReflectAccess&apos;)}
  0x000077b458056a27:   mov    0x90(%rdx),%edi
  0x000077b458056a2d:   add    $0x2,%edi
  0x000077b458056a30:   mov    %edi,0x90(%rdx)
  0x000077b458056a36:   and    $0x1ffffe,%edi
  0x000077b458056a3c:   test   %edi,%edi
  0x000077b458056a3e:   je     0x000077b458056b7c
  0x000077b458056a44:   mov    %rsi,%rdx
  0x000077b458056a47:   movabs $0x77b41411c570,%rdi         ;   {metadata(method data for {method} {0x000000004627ef30} &apos;getExecutableSharedParameterTypes&apos; &apos;(Ljava/lang/reflect/Executable;)[Ljava/lang/Class;&apos; in &apos;java/lang/reflect/ReflectAccess&apos;)}
  0x000077b458056a51:   movabs $0x461aba90,%rdx             ;   {metadata(&apos;java/lang/reflect/Method&apos;)}
  0x000077b458056a5b:   mov    $0x1c,%r10d
  0x000077b458056a61:   cmp    (%rdi,%r10,8),%rdx
  0x000077b458056a65:   je     0x000077b458056a9e
  0x000077b458056a67:   add    $0x2,%r10
  0x000077b458056a6b:   cmp    $0x20,%r10
  0x000077b458056a6f:   jne    0x000077b458056a61
  0x000077b458056a71:   mov    $0x1c,%r10d
  0x000077b458056a77:   cmpq   $0x0,(%rdi,%r10,8)
  0x000077b458056a7c:   je     0x000077b458056a8a
  0x000077b458056a7e:   add    $0x2,%r10
  0x000077b458056a82:   cmp    $0x20,%r10
  0x000077b458056a86:   jne    0x000077b458056a77
  0x000077b458056a88:   jmp    0x000077b458056a96
  0x000077b458056a8a:   push   %rax
  0x000077b458056a8b:   xor    %rax,%rax
  0x000077b458056a8e:   cmpxchg %rdx,(%rdi,%r10,8)
  0x000077b458056a93:   pop    %rax
  0x000077b458056a94:   jmp    0x000077b458056a5b
  0x000077b458056a96:   mov    $0x1b,%r10d
  0x000077b458056a9c:   jmp    0x000077b458056aa2
  0x000077b458056a9e:   add    $0x1,%r10
  0x000077b458056aa2:   addq   $0x1,(%rdi,%r10,8)
  0x000077b458056aa7:   mov    0x28(%rsi),%esi
  0x000077b458056aaa:   shl    $0x3,%rsi                    ;*getfield parameterTypes {reexecute=0 rethrow=0 return_oop=0}
                                                            ; - java.lang.reflect.Method::getSharedParameterTypes@1 (line 284)
                                                            ; - java.lang.reflect.ReflectAccess::getExecutableSharedParameterTypes@1 (line 44)
                                                            ; - jdk.internal.reflect.ReflectionFactory::getExecutableSharedParameterTypes@5 (line 183)
                                                            ; - java.lang.PublicMethods$Key::matches@15 (line 105)
  0x000077b458056aae:   movabs $0x77b414119dc8,%rdx         ;   {metadata(method data for {method} {0x000000004646df98} &apos;matches&apos; &apos;(Ljava/lang/reflect/Method;Ljava/lang/String;[Ljava/lang/Class;)Z&apos; in &apos;java/lang/PublicMethods$Key&apos;)}
  0x000077b458056ab8:   addq   $0x1,0x188(%rdx)
  0x000077b458056ac0:   mov    %rcx,%rdx                    ;*invokestatic equals {reexecute=0 rethrow=0 return_oop=0}
                                                            ; - java.lang.PublicMethods$Key::matches@19 (line 104)
  0x000077b458056ac3:   nopl   0x0(%rax)
  0x000077b458056ac7:   call   0x000077b45f4adfe0           ; ImmutableOopMap {}
                                                            ;*invokestatic equals {reexecute=0 rethrow=0 return_oop=0}
                                                            ; - java.lang.PublicMethods$Key::matches@19 (line 104)
                                                            ;   {static_call}
  0x000077b458056acc:   nopl   0x10003c4(%rax,%rax,1)       ;*invokestatic equals {reexecute=0 rethrow=0 return_oop=0}
                                                            ; - java.lang.PublicMethods$Key::matches@19 (line 104)
                                                            ;   {post_call_nop}
  0x000077b458056ad4:   test   %eax,%eax
  0x000077b458056ad6:   movabs $0x77b414119dc8,%rax         ;   {metadata(method data for {method} {0x000000004646df98} &apos;matches&apos; &apos;(Ljava/lang/reflect/Method;Ljava/lang/String;[Ljava/lang/Class;)Z&apos; in &apos;java/lang/PublicMethods$Key&apos;)}
  0x000077b458056ae0:   mov    $0x1a8,%esi
  0x000077b458056ae5:   jne    0x000077b458056aec
  0x000077b458056ae7:   mov    $0x198,%esi
  0x000077b458056aec:   mov    (%rax,%rsi,1),%rdi
  0x000077b458056af0:   lea    0x1(%rdi),%rdi
  0x000077b458056af4:   mov    %rdi,(%rax,%rsi,1)
  0x000077b458056af8:   jne    0x000077b458056b08           ;*ifeq {reexecute=0 rethrow=0 return_oop=0}
                                                            ; - java.lang.PublicMethods$Key::matches@22 (line 104)
  0x000077b458056afe:   mov    $0x0,%eax
  0x000077b458056b03:   jmp    0x000077b458056b1d           ;*ireturn {reexecute=0 rethrow=0 return_oop=0}
                                                            ; - java.lang.PublicMethods$Key::matches@30 (line 103)
  0x000077b458056b08:   movabs $0x77b414119dc8,%rax         ;   {metadata(method data for {method} {0x000000004646df98} &apos;matches&apos; &apos;(Ljava/lang/reflect/Method;Ljava/lang/String;[Ljava/lang/Class;)Z&apos; in &apos;java/lang/PublicMethods$Key&apos;)}
  0x000077b458056b12:   incl   0x1b8(%rax)
  0x000077b458056b18:   mov    $0x1,%eax                    ;*goto {reexecute=0 rethrow=0 return_oop=0}
                                                            ; - java.lang.PublicMethods$Key::matches@26 (line 104)
  0x000077b458056b1d:   and    $0x1,%eax
  0x000077b458056b20:   add    $0x70,%rsp
  0x000077b458056b24:   pop    %rbp
  0x000077b458056b25:   cmp    0x28(%r15),%rsp              ;   {poll_return}
  0x000077b458056b29:   ja     0x000077b458056b9d
  0x000077b458056b2f:   ret    
  0x000077b458056b30:   movabs $0x4646df98,%r10             ;   {metadata({method} {0x000000004646df98} &apos;matches&apos; &apos;(Ljava/lang/reflect/Method;Ljava/lang/String;[Ljava/lang/Class;)Z&apos; in &apos;java/lang/PublicMethods$Key&apos;)}
  0x000077b458056b3a:   mov    %r10,0x8(%rsp)
  0x000077b458056b3f:   movq   $0xffffffffffffffff,(%rsp)
  0x000077b458056b47:   call   0x000077b45f582fe0           ; ImmutableOopMap {rsi=Oop rdx=Oop rcx=Oop }
                                                            ;*synchronization entry
                                                            ; - java.lang.PublicMethods$Key::matches@-1 (line 103)
                                                            ;   {runtime_call counter_overflow_blob (C1 runtime)}
  0x000077b458056b4c:   jmp    0x000077b458056842
  0x000077b458056b51:   call   0x000077b45f57c660           ; ImmutableOopMap {rsi=Oop rdx=Oop [88]=Oop }
                                                            ;*invokevirtual getName {reexecute=0 rethrow=0 return_oop=0}
                                                            ; - java.lang.PublicMethods$Key::matches@1 (line 103)
                                                            ;   {runtime_call throw_null_pointer_exception_blob (C1 runtime)}
  0x000077b458056b56:   call   0x000077b45f57c660           ; ImmutableOopMap {rsi=Oop rdx=Oop rdi=Oop [88]=Oop }
                                                            ;*invokevirtual equals {reexecute=0 rethrow=0 return_oop=0}
                                                            ; - java.lang.PublicMethods$Key::matches@5 (line 103)
                                                            ;   {runtime_call throw_null_pointer_exception_blob (C1 runtime)}
  0x000077b458056b5b:   movabs $0x46241a88,%r10             ;   {metadata({method} {0x0000000046241a88} &apos;getExecutableSharedParameterTypes&apos; &apos;(Ljava/lang/reflect/Executable;)[Ljava/lang/Class;&apos; in &apos;jdk/internal/reflect/ReflectionFactory&apos;)}
  0x000077b458056b65:   mov    %r10,0x8(%rsp)
  0x000077b458056b6a:   movq   $0xffffffffffffffff,(%rsp)
  0x000077b458056b72:   call   0x000077b45f582fe0           ; ImmutableOopMap {rcx=Oop rsi=Oop }
                                                            ;*synchronization entry
                                                            ; - jdk.internal.reflect.ReflectionFactory::getExecutableSharedParameterTypes@-1 (line 183)
                                                            ; - java.lang.PublicMethods$Key::matches@15 (line 105)
                                                            ;   {runtime_call counter_overflow_blob (C1 runtime)}
  0x000077b458056b77:   jmp    0x000077b4580569b3
  0x000077b458056b7c:   movabs $0x4627ef30,%r10             ;   {metadata({method} {0x000000004627ef30} &apos;getExecutableSharedParameterTypes&apos; &apos;(Ljava/lang/reflect/Executable;)[Ljava/lang/Class;&apos; in &apos;java/lang/reflect/ReflectAccess&apos;)}
  0x000077b458056b86:   mov    %r10,0x8(%rsp)
  0x000077b458056b8b:   movq   $0xffffffffffffffff,(%rsp)
  0x000077b458056b93:   call   0x000077b45f582fe0           ; ImmutableOopMap {rcx=Oop rsi=Oop }
                                                            ;*synchronization entry
                                                            ; - java.lang.reflect.ReflectAccess::getExecutableSharedParameterTypes@-1 (line 44)
                                                            ; - jdk.internal.reflect.ReflectionFactory::getExecutableSharedParameterTypes@5 (line 183)
                                                            ; - java.lang.PublicMethods$Key::matches@15 (line 105)
                                                            ;   {runtime_call counter_overflow_blob (C1 runtime)}
  0x000077b458056b98:   jmp    0x000077b458056a44
  0x000077b458056b9d:   movabs $0x77b458056b25,%r10         ;   {internal_word}
  0x000077b458056ba7:   mov    %r10,0x510(%r15)
  0x000077b458056bae:   jmp    0x000077b45f4afb60           ;   {runtime_call SafepointBlob}
  0x000077b458056bb3:   mov    0x5c0(%r15),%rax
  0x000077b458056bba:   movq   $0x0,0x5c0(%r15)
  0x000077b458056bc5:   movq   $0x0,0x5c8(%r15)
  0x000077b458056bd0:   add    $0x70,%rsp
  0x000077b458056bd4:   pop    %rbp
  0x000077b458056bd5:   jmp    0x000077b45f57b760           ;   {runtime_call unwind_exception_blob (C1 runtime)}
  0x000077b458056bda:   hlt    
  0x000077b458056bdb:   hlt    
  0x000077b458056bdc:   hlt    
  0x000077b458056bdd:   hlt    
  0x000077b458056bde:   hlt    
  0x000077b458056bdf:   hlt    
[Stub Code]
  0x000077b458056be0:   movabs $0x0,%rbx                    ;   {static_stub}
  0x000077b458056bea:   jmp    0x000077b458056bea           ;   {runtime_call nmethod}
  0x000077b458056bef:   movabs $0x0,%rbx                    ;   {static_stub}
  0x000077b458056bf9:   jmp    0x000077b458056bf9           ;   {runtime_call nmethod}
[Exception Handler]
  0x000077b458056bfe:   call   0x000077b45f57ede0           ;   {runtime_call handle_exception_from_callee_blob (C1 runtime)}
  0x000077b458056c03:   movabs $0x77b478d3aec4,%rdi         ;   {external_word}
  0x000077b458056c0d:   and    $0xfffffffffffffff0,%rsp
  0x000077b458056c11:   call   0x000077b478791cc0           ;   {runtime_call MacroAssembler::debug64(char*, long, long*)}
  0x000077b458056c16:   hlt    
  0x000077b458056c17:   call   0x000077b45f4afe60           ;   {runtime_call DeoptimizationBlob}
[Deopt Handler Entry Point]
  0x000077b458056c1c:   jmp    0x000077b458056c17
  0x000077b458056c1e:   hlt    
  0x000077b458056c1f:   hlt    
--------------------------------------------------------------------------------
[/Disassembly]
