
============================= C1-compiled nmethod ==============================
----------------------------------- Assembly -----------------------------------

Compiled method (c1) 9891  556       3       jdk.internal.classfile.impl.Util::isDoubleSlot (20 bytes)
 total in heap  [0x000077b458057f08,0x000077b458058160] = 600
 main code      [0x000077b458058000,0x000077b458058140] = 320
 stub code      [0x000077b458058140,0x000077b458058160] = 32
 mutable data [0x000077b3fc093aa0,0x000077b3fc093ad8] = 56
 relocation     [0x000077b3fc093aa0,0x000077b3fc093ad0] = 48
 metadata       [0x000077b3fc093ad0,0x000077b3fc093ad8] = 8
 immutable data [0x000077b3fc0939d0,0x000077b3fc093a8c] = 188
 dependencies   [0x000077b3fc0939d0,0x000077b3fc0939d8] = 8
 scopes pcs     [0x000077b3fc0939d8,0x000077b3fc093a58] = 128
 scopes data    [0x000077b3fc093a58,0x000077b3fc093a88] = 48

[Disassembly]
--------------------------------------------------------------------------------
[Constant Pool (empty)]

--------------------------------------------------------------------------------

[Verified Entry Point]
  # {method} {0x0000000046467718} &apos;isDoubleSlot&apos; &apos;(Ljava/lang/constant/ClassDesc;)Z&apos; in &apos;jdk/internal/classfile/impl/Util&apos;
  # parm0:    rsi:rsi   = &apos;java/lang/constant/ClassDesc&apos;
  #           [sp+0x30]  (sp of caller)
  0x000077b458058000:   mov    %eax,-0x14000(%rsp)
  0x000077b458058007:   push   %rbp
  0x000077b458058008:   sub    $0x20,%rsp
  0x000077b45805800c:   cmpl   $0x1,0x20(%r15)
  0x000077b458058014:   je     0x000077b45805801b
  0x000077b458058016:   call   Stub::method_entry_barrier_stub (stub gen)
                                                            ;   {runtime_call Stub::method_entry_barrier_stub (stub gen)}
  0x000077b45805801b:   movabs $0x77b414116c98,%rax         ;   {metadata(method data for {method} {0x0000000046467718} &apos;isDoubleSlot&apos; &apos;(Ljava/lang/constant/ClassDesc;)Z&apos; in &apos;jdk/internal/classfile/impl/Util&apos;)}
  0x000077b458058025:   mov    0x90(%rax),%edi
  0x000077b45805802b:   add    $0x2,%edi
  0x000077b45805802e:   mov    %edi,0x90(%rax)
  0x000077b458058034:   and    $0x7fe,%edi
  0x000077b45805803a:   test   %edi,%edi
  0x000077b45805803c:   je     0x000077b4580580de           ;*aload_0 {reexecute=0 rethrow=0 return_oop=0}
                                                            ; - jdk.internal.classfile.impl.Util::isDoubleSlot@0 (line 314)
  0x000077b458058042:   movabs $0x41fa81ec8,%r10            ;   {oop(a &apos;jdk/internal/constant/PrimitiveClassDescImpl&apos;{0x000000041fa81ec8})}
  0x000077b45805804c:   cmp    %r10,%rsi
  0x000077b45805804f:   movabs $0x77b414116c98,%rax         ;   {metadata(method data for {method} {0x0000000046467718} &apos;isDoubleSlot&apos; &apos;(Ljava/lang/constant/ClassDesc;)Z&apos; in &apos;jdk/internal/classfile/impl/Util&apos;)}
  0x000077b458058059:   mov    $0xd8,%edi
  0x000077b45805805e:   je     0x000077b458058065
  0x000077b458058060:   mov    $0xe8,%edi
  0x000077b458058065:   mov    (%rax,%rdi,1),%rbx
  0x000077b458058069:   lea    0x1(%rbx),%rbx
  0x000077b45805806d:   mov    %rbx,(%rax,%rdi,1)
  0x000077b458058071:   je     0x000077b4580580ac           ;*if_acmpeq {reexecute=0 rethrow=0 return_oop=0}
                                                            ; - jdk.internal.classfile.impl.Util::isDoubleSlot@4 (line 314)
  0x000077b458058077:   movabs $0x41fa81e58,%r10            ;   {oop(a &apos;jdk/internal/constant/PrimitiveClassDescImpl&apos;{0x000000041fa81e58})}
  0x000077b458058081:   cmp    %r10,%rsi
  0x000077b458058084:   movabs $0x77b414116c98,%rax         ;   {metadata(method data for {method} {0x0000000046467718} &apos;isDoubleSlot&apos; &apos;(Ljava/lang/constant/ClassDesc;)Z&apos; in &apos;jdk/internal/classfile/impl/Util&apos;)}
  0x000077b45805808e:   mov    $0xf8,%esi
  0x000077b458058093:   jne    0x000077b45805809a
  0x000077b458058095:   mov    $0x108,%esi
  0x000077b45805809a:   mov    (%rax,%rsi,1),%rdi
  0x000077b45805809e:   lea    0x1(%rdi),%rdi
  0x000077b4580580a2:   mov    %rdi,(%rax,%rsi,1)
  0x000077b4580580a6:   jne    0x000077b4580580c6           ;*if_acmpne {reexecute=0 rethrow=0 return_oop=0}
                                                            ; - jdk.internal.classfile.impl.Util::isDoubleSlot@11 (line 314)
  0x000077b4580580ac:   movabs $0x77b414116c98,%rax         ;   {metadata(method data for {method} {0x0000000046467718} &apos;isDoubleSlot&apos; &apos;(Ljava/lang/constant/ClassDesc;)Z&apos; in &apos;jdk/internal/classfile/impl/Util&apos;)}
  0x000077b4580580b6:   incl   0x118(%rax)
  0x000077b4580580bc:   mov    $0x1,%eax
  0x000077b4580580c1:   jmp    0x000077b4580580cb           ;*goto {reexecute=0 rethrow=0 return_oop=0}
                                                            ; - jdk.internal.classfile.impl.Util::isDoubleSlot@15 (line 314)
  0x000077b4580580c6:   mov    $0x0,%eax                    ;*ireturn {reexecute=0 rethrow=0 return_oop=0}
                                                            ; - jdk.internal.classfile.impl.Util::isDoubleSlot@19 (line 314)
  0x000077b4580580cb:   and    $0x1,%eax
  0x000077b4580580ce:   add    $0x20,%rsp
  0x000077b4580580d2:   pop    %rbp
  0x000077b4580580d3:   cmp    0x28(%r15),%rsp              ;   {poll_return}
  0x000077b4580580d7:   ja     0x000077b4580580ff
  0x000077b4580580dd:   ret    
  0x000077b4580580de:   movabs $0x46467718,%r10             ;   {metadata({method} {0x0000000046467718} &apos;isDoubleSlot&apos; &apos;(Ljava/lang/constant/ClassDesc;)Z&apos; in &apos;jdk/internal/classfile/impl/Util&apos;)}
  0x000077b4580580e8:   mov    %r10,0x8(%rsp)
  0x000077b4580580ed:   movq   $0xffffffffffffffff,(%rsp)
  0x000077b4580580f5:   call   0x000077b45f582fe0           ; ImmutableOopMap {rsi=Oop }
                                                            ;*synchronization entry
                                                            ; - jdk.internal.classfile.impl.Util::isDoubleSlot@-1 (line 314)
                                                            ;   {runtime_call counter_overflow_blob (C1 runtime)}
  0x000077b4580580fa:   jmp    0x000077b458058042
  0x000077b4580580ff:   movabs $0x77b4580580d3,%r10         ;   {internal_word}
  0x000077b458058109:   mov    %r10,0x510(%r15)
  0x000077b458058110:   jmp    0x000077b45f4afb60           ;   {runtime_call SafepointBlob}
  0x000077b458058115:   mov    0x5c0(%r15),%rax
  0x000077b45805811c:   movq   $0x0,0x5c0(%r15)
  0x000077b458058127:   movq   $0x0,0x5c8(%r15)
  0x000077b458058132:   add    $0x20,%rsp
  0x000077b458058136:   pop    %rbp
  0x000077b458058137:   jmp    0x000077b45f57b760           ;   {runtime_call unwind_exception_blob (C1 runtime)}
  0x000077b45805813c:   hlt    
  0x000077b45805813d:   hlt    
  0x000077b45805813e:   hlt    
  0x000077b45805813f:   hlt    
[Exception Handler]
  0x000077b458058140:   call   0x000077b45f57ede0           ;   {runtime_call handle_exception_from_callee_blob (C1 runtime)}
  0x000077b458058145:   movabs $0x77b478d3aec4,%rdi         ;   {external_word}
  0x000077b45805814f:   and    $0xfffffffffffffff0,%rsp
  0x000077b458058153:   call   0x000077b478791cc0           ;   {runtime_call MacroAssembler::debug64(char*, long, long*)}
  0x000077b458058158:   hlt    
  0x000077b458058159:   call   0x000077b45f4afe60           ;   {runtime_call DeoptimizationBlob}
[Deopt Handler Entry Point]
  0x000077b45805815e:   jmp    0x000077b458058159
--------------------------------------------------------------------------------
[/Disassembly]
