
============================= C1-compiled nmethod ==============================
----------------------------------- Assembly -----------------------------------

Compiled method (c1) 10684  608       3       jdk.internal.util.ArraysSupport::vectorizedHashCode (158 bytes)
 total in heap  [0x000077b45805d908,0x000077b45805e970] = 4200
 main code      [0x000077b45805da00,0x000077b45805e898] = 3736
 stub code      [0x000077b45805e898,0x000077b45805e968] = 208
 oops           [0x000077b45805e968,0x000077b45805e970] = 8
 mutable data [0x000077b3fc084a10,0x000077b3fc084bc8] = 440
 relocation     [0x000077b3fc084a10,0x000077b3fc084b90] = 384
 metadata       [0x000077b3fc084b90,0x000077b3fc084bc8] = 56
 immutable data [0x000077b3fc016ff0,0x000077b3fc0176ec] = 1788
 dependencies   [0x000077b3fc016ff0,0x000077b3fc017000] = 16
 scopes pcs     [0x000077b3fc017000,0x000077b3fc0174b0] = 1200
 scopes data    [0x000077b3fc0174b0,0x000077b3fc0176e8] = 568

[Disassembly]
--------------------------------------------------------------------------------
[Constant Pool (empty)]

--------------------------------------------------------------------------------

[Verified Entry Point]
  # {method} {0x000000004648e460} &apos;vectorizedHashCode&apos; &apos;(Ljava/lang/Object;IIII)I&apos; in &apos;jdk/internal/util/ArraysSupport&apos;
  # parm0:    rsi:rsi   = &apos;java/lang/Object&apos;
  # parm1:    rdx       = int
  # parm2:    rcx       = int
  # parm3:    r8        = int
  # parm4:    r9        = int
  #           [sp+0xb0]  (sp of caller)
  0x000077b45805da00:   mov    %eax,-0x14000(%rsp)
  0x000077b45805da07:   push   %rbp
  0x000077b45805da08:   sub    $0xa0,%rsp
  0x000077b45805da0f:   nop
  0x000077b45805da10:   cmpl   $0x1,0x20(%r15)
  0x000077b45805da18:   je     0x000077b45805da1f
  0x000077b45805da1a:   call   Stub::method_entry_barrier_stub (stub gen)
                                                            ;   {runtime_call Stub::method_entry_barrier_stub (stub gen)}
  0x000077b45805da1f:   mov    %rdx,%rdi
  0x000077b45805da22:   mov    %rcx,%rbx
  0x000077b45805da25:   movabs $0x77b4140167b8,%rdx         ;   {metadata(method data for {method} {0x000000004648e460} &apos;vectorizedHashCode&apos; &apos;(Ljava/lang/Object;IIII)I&apos; in &apos;jdk/internal/util/ArraysSupport&apos;)}
  0x000077b45805da2f:   mov    0x90(%rdx),%eax
  0x000077b45805da35:   add    $0x2,%eax
  0x000077b45805da38:   mov    %eax,0x90(%rdx)
  0x000077b45805da3e:   and    $0x7fe,%eax
  0x000077b45805da43:   test   %eax,%eax
  0x000077b45805da45:   je     0x000077b45805e691           ;*iload {reexecute=0 rethrow=0 return_oop=0}
                                                            ; - jdk.internal.util.ArraysSupport::vectorizedHashCode@0 (line 364)
  0x000077b45805da4b:   movabs $0x77b4140167b8,%rdx         ;   {metadata(method data for {method} {0x000000004648e460} &apos;vectorizedHashCode&apos; &apos;(Ljava/lang/Object;IIII)I&apos; in &apos;jdk/internal/util/ArraysSupport&apos;)}
  0x000077b45805da55:   mov    $0xe0,%eax
  0x000077b45805da5a:   cmp    $0x4,%r9d
  0x000077b45805da5e:   mov    %rax,%rcx
  0x000077b45805da61:   mov    $0xf0,%eax
  0x000077b45805da66:   cmovne %rcx,%rax
  0x000077b45805da6a:   cmp    $0x5,%r9d
  0x000077b45805da6e:   mov    %rax,%rcx
  0x000077b45805da71:   mov    $0x100,%eax
  0x000077b45805da76:   cmovne %rcx,%rax
  0x000077b45805da7a:   cmp    $0x6,%r9d
  0x000077b45805da7e:   mov    %rax,%rcx
  0x000077b45805da81:   mov    $0x110,%eax
  0x000077b45805da86:   cmovne %rcx,%rax
  0x000077b45805da8a:   cmp    $0x7,%r9d
  0x000077b45805da8e:   mov    %rax,%rcx
  0x000077b45805da91:   mov    $0x120,%eax
  0x000077b45805da96:   cmovne %rcx,%rax
  0x000077b45805da9a:   cmp    $0x8,%r9d
  0x000077b45805da9e:   mov    %rax,%rcx
  0x000077b45805daa1:   mov    $0x130,%eax
  0x000077b45805daa6:   cmovne %rcx,%rax
  0x000077b45805daaa:   cmp    $0x9,%r9d
  0x000077b45805daae:   mov    %rax,%rcx
  0x000077b45805dab1:   mov    $0x140,%eax
  0x000077b45805dab6:   cmovne %rcx,%rax
  0x000077b45805daba:   cmp    $0xa,%r9d
  0x000077b45805dabe:   mov    %rax,%rcx
  0x000077b45805dac1:   mov    $0x150,%eax
  0x000077b45805dac6:   cmovne %rcx,%rax
  0x000077b45805daca:   mov    (%rdx,%rax,1),%rcx
  0x000077b45805dace:   mov    $0x1,%r10d
  0x000077b45805dad4:   add    %r10,%rcx
  0x000077b45805dad7:   mov    %rcx,(%rdx,%rax,1)
  0x000077b45805dadb:   cmp    $0x4,%r9d
  0x000077b45805dadf:   je     0x000077b45805e4c7
  0x000077b45805dae5:   cmp    $0x5,%r9d
  0x000077b45805dae9:   je     0x000077b45805df48
  0x000077b45805daef:   cmp    $0x8,%r9d
  0x000077b45805daf3:   je     0x000077b45805e3d7
  0x000077b45805daf9:   cmp    $0x9,%r9d
  0x000077b45805dafd:   je     0x000077b45805e2e7
  0x000077b45805db03:   cmp    $0xa,%r9d
  0x000077b45805db07:   je     0x000077b45805e1f7           ;*tableswitch {reexecute=0 rethrow=0 return_oop=0}
                                                            ; - jdk.internal.util.ArraysSupport::vectorizedHashCode@2 (line 364)
  0x000077b45805db0d:   mov    %r9d,0x78(%rsp)
  0x000077b45805db12:   nopw   0x0(%rax,%rax,1)
  0x000077b45805db18:   jmp    0x000077b45805e6c1           ;   {other}
  0x000077b45805db1d:   add    %al,(%rax)
  0x000077b45805db1f:   add    %al,(%rax)
  0x000077b45805db21:   add    %cl,-0x75(%rcx)
  0x000077b45805db24:   xchg   %esi,0x48000001(%rax)
  0x000077b45805db2a:   lea    0x28(%rax),%edi
  0x000077b45805db2d:   cmp    0x1c0(%r15),%rdi
  0x000077b45805db34:   ja     0x000077b45805e6cb
  0x000077b45805db3a:   mov    %rdi,0x1b0(%r15)
  0x000077b45805db41:   movq   $0x1,(%rax)
  0x000077b45805db48:   mov    %rdx,%rcx
  0x000077b45805db4b:   mov    $0x46000000,%r10d
  0x000077b45805db51:   sub    %r10,%rcx
  0x000077b45805db54:   mov    %ecx,0x8(%rax)
  0x000077b45805db57:   xor    %rcx,%rcx
  0x000077b45805db5a:   mov    %ecx,0xc(%rax)
  0x000077b45805db5d:   xor    %rcx,%rcx
  0x000077b45805db60:   mov    %rcx,0x10(%rax)
  0x000077b45805db64:   mov    %rcx,0x18(%rax)
  0x000077b45805db68:   mov    %rcx,0x20(%rax)              ;*new {reexecute=0 rethrow=0 return_oop=0}
                                                            ; - jdk.internal.util.ArraysSupport::vectorizedHashCode@129 (line 372)
  0x000077b45805db6c:   mov    %rax,0x80(%rsp)
  0x000077b45805db74:   nopl   0x0(%rax)
  0x000077b45805db78:   jmp    0x000077b45805e6e7           ;   {other}
  0x000077b45805db7d:   add    %al,(%rax)
  0x000077b45805db7f:   add    %al,(%rax)
  0x000077b45805db81:   add    %cl,-0x75(%rcx)
  0x000077b45805db84:   xchg   %esi,0x48000001(%rax)
  0x000077b45805db8a:   lea    0x18(%rax),%edi
  0x000077b45805db8d:   cmp    0x1c0(%r15),%rdi
  0x000077b45805db94:   ja     0x000077b45805e6f1
  0x000077b45805db9a:   mov    %rdi,0x1b0(%r15)
  0x000077b45805dba1:   movq   $0x1,(%rax)
  0x000077b45805dba8:   mov    %rdx,%rcx
  0x000077b45805dbab:   mov    $0x46000000,%r10d
  0x000077b45805dbb1:   sub    %r10,%rcx
  0x000077b45805dbb4:   mov    %ecx,0x8(%rax)
  0x000077b45805dbb7:   xor    %rcx,%rcx
  0x000077b45805dbba:   mov    %ecx,0xc(%rax)
  0x000077b45805dbbd:   xor    %rcx,%rcx
  0x000077b45805dbc0:   mov    %rcx,0x10(%rax)              ;*new {reexecute=0 rethrow=0 return_oop=0}
                                                            ; - jdk.internal.util.ArraysSupport::vectorizedHashCode@133 (line 372)
  0x000077b45805dbc4:   mov    %rax,%rdx
  0x000077b45805dbc7:   movabs $0x77b4140167b8,%rsi         ;   {metadata(method data for {method} {0x000000004648e460} &apos;vectorizedHashCode&apos; &apos;(Ljava/lang/Object;IIII)I&apos; in &apos;jdk/internal/util/ArraysSupport&apos;)}
  0x000077b45805dbd1:   addq   $0x1,0x3c8(%rsi)
  0x000077b45805dbd9:   movabs $0x77b41401a9e8,%rdx         ;   {metadata(method data for {method} {0x00000000461ba900} &apos;&lt;init&gt;&apos; &apos;()V&apos; in &apos;java/lang/StringBuilder&apos;)}
  0x000077b45805dbe3:   mov    0x90(%rdx),%esi
  0x000077b45805dbe9:   add    $0x2,%esi
  0x000077b45805dbec:   mov    %esi,0x90(%rdx)
  0x000077b45805dbf2:   and    $0x1ffffe,%esi
  0x000077b45805dbf8:   test   %esi,%esi
  0x000077b45805dbfa:   je     0x000077b45805e6fe
  0x000077b45805dc00:   mov    %rax,%rdx
  0x000077b45805dc03:   movabs $0x77b41401a9e8,%rsi         ;   {metadata(method data for {method} {0x00000000461ba900} &apos;&lt;init&gt;&apos; &apos;()V&apos; in &apos;java/lang/StringBuilder&apos;)}
  0x000077b45805dc0d:   addq   $0x1,0xd8(%rsi)
  0x000077b45805dc15:   mov    $0x10,%edx
  0x000077b45805dc1a:   mov    %rax,%rsi                    ;*invokespecial &lt;init&gt; {reexecute=0 rethrow=0 return_oop=0}
                                                            ; - java.lang.StringBuilder::&lt;init&gt;@3 (line 106)
                                                            ; - jdk.internal.util.ArraysSupport::vectorizedHashCode@137 (line 372)
  0x000077b45805dc1d:   mov    %rax,0x70(%rsp)
  0x000077b45805dc22:   nopl   0x0(%rax,%rax,1)
  0x000077b45805dc27:   call   0x000077b45f4ad9e0           ; ImmutableOopMap {[112]=Oop [128]=Oop }
                                                            ;*invokespecial &lt;init&gt; {reexecute=0 rethrow=0 return_oop=0}
                                                            ; - java.lang.StringBuilder::&lt;init&gt;@3 (line 106)
                                                            ; - jdk.internal.util.ArraysSupport::vectorizedHashCode@137 (line 372)
                                                            ;   {optimized virtual_call}
  0x000077b45805dc2c:   nopl   0x324(%rax,%rax,1)           ;*invokespecial &lt;init&gt; {reexecute=0 rethrow=0 return_oop=0}
                                                            ; - java.lang.StringBuilder::&lt;init&gt;@3 (line 106)
                                                            ; - jdk.internal.util.ArraysSupport::vectorizedHashCode@137 (line 372)
                                                            ;   {post_call_nop}
  0x000077b45805dc34:   mov    0x70(%rsp),%rax
  0x000077b45805dc39:   movabs $0x77b4140167b8,%rdx         ;   {metadata(method data for {method} {0x000000004648e460} &apos;vectorizedHashCode&apos; &apos;(Ljava/lang/Object;IIII)I&apos; in &apos;jdk/internal/util/ArraysSupport&apos;)}
  0x000077b45805dc43:   mov    0x8(%rax),%eax
  0x000077b45805dc46:   mov    $0x46000000,%r10d
  0x000077b45805dc4c:   add    %r10,%rax
  0x000077b45805dc4f:   mov    $0x7c,%r10d
  0x000077b45805dc55:   cmp    (%rdx,%r10,8),%rax
  0x000077b45805dc59:   je     0x000077b45805dc9e
  0x000077b45805dc5b:   add    $0x2,%r10
  0x000077b45805dc5f:   cmp    $0x80,%r10
  0x000077b45805dc66:   jne    0x000077b45805dc55
  0x000077b45805dc68:   mov    $0x7c,%r10d
  0x000077b45805dc6e:   cmpq   $0x0,(%rdx,%r10,8)
  0x000077b45805dc73:   je     0x000077b45805dc84
  0x000077b45805dc75:   add    $0x2,%r10
  0x000077b45805dc79:   cmp    $0x80,%r10
  0x000077b45805dc80:   jne    0x000077b45805dc6e
  0x000077b45805dc82:   jmp    0x000077b45805dc96
  0x000077b45805dc84:   push   %rbx
  0x000077b45805dc85:   mov    %rax,%rbx
  0x000077b45805dc88:   xor    %rax,%rax
  0x000077b45805dc8b:   cmpxchg %rbx,(%rdx,%r10,8)
  0x000077b45805dc90:   mov    %rbx,%rax
  0x000077b45805dc93:   pop    %rbx
  0x000077b45805dc94:   jmp    0x000077b45805dc4f
  0x000077b45805dc96:   mov    $0x7b,%r10d
  0x000077b45805dc9c:   jmp    0x000077b45805dca2
  0x000077b45805dc9e:   add    $0x1,%r10
  0x000077b45805dca2:   addq   $0x1,(%rdx,%r10,8)
  0x000077b45805dca7:   movabs $0x77b41401b028,%rdx         ;   {metadata(method data for {method} {0x00000000461bab10} &apos;append&apos; &apos;(Ljava/lang/String;)Ljava/lang/StringBuilder;&apos; in &apos;java/lang/StringBuilder&apos;)}
  0x000077b45805dcb1:   mov    0x90(%rdx),%esi
  0x000077b45805dcb7:   add    $0x2,%esi
  0x000077b45805dcba:   mov    %esi,0x90(%rdx)
  0x000077b45805dcc0:   and    $0x1ffffe,%esi
  0x000077b45805dcc6:   test   %esi,%esi
  0x000077b45805dcc8:   je     0x000077b45805e71f
  0x000077b45805dcce:   mov    0x70(%rsp),%rax
  0x000077b45805dcd3:   movabs $0x77b41401b028,%rdx         ;   {metadata(method data for {method} {0x00000000461bab10} &apos;append&apos; &apos;(Ljava/lang/String;)Ljava/lang/StringBuilder;&apos; in &apos;java/lang/StringBuilder&apos;)}
  0x000077b45805dcdd:   addq   $0x1,0xd8(%rdx)
  0x000077b45805dce5:   movabs $0x7ff850dc0,%rdx            ;   {oop(&quot;unrecognized basic type: &quot;{0x00000007ff850dc0})}
  0x000077b45805dcef:   mov    0x70(%rsp),%rsi              ;*invokespecial append {reexecute=0 rethrow=0 return_oop=0}
                                                            ; - java.lang.StringBuilder::append@2 (line 179)
                                                            ; - jdk.internal.util.ArraysSupport::vectorizedHashCode@142 (line 372)
  0x000077b45805dcf4:   data16 xchg %ax,%ax
  0x000077b45805dcf7:   call   0x000077b45f4ad9e0           ; ImmutableOopMap {[112]=Oop [128]=Oop }
                                                            ;*invokespecial append {reexecute=0 rethrow=0 return_oop=0}
                                                            ; - java.lang.StringBuilder::append@2 (line 179)
                                                            ; - jdk.internal.util.ArraysSupport::vectorizedHashCode@142 (line 372)
                                                            ;   {optimized virtual_call}
  0x000077b45805dcfc:   nopl   0x10003f4(%rax,%rax,1)       ;*invokespecial append {reexecute=0 rethrow=0 return_oop=0}
                                                            ; - java.lang.StringBuilder::append@2 (line 179)
                                                            ; - jdk.internal.util.ArraysSupport::vectorizedHashCode@142 (line 372)
                                                            ;   {post_call_nop}
  0x000077b45805dd04:   mov    0x70(%rsp),%rax
  0x000077b45805dd09:   movabs $0x77b4140167b8,%rdx         ;   {metadata(method data for {method} {0x000000004648e460} &apos;vectorizedHashCode&apos; &apos;(Ljava/lang/Object;IIII)I&apos; in &apos;jdk/internal/util/ArraysSupport&apos;)}
  0x000077b45805dd13:   mov    0x8(%rax),%eax
  0x000077b45805dd16:   mov    $0x46000000,%r10d
  0x000077b45805dd1c:   add    %r10,%rax
  0x000077b45805dd1f:   mov    $0x82,%r10d
  0x000077b45805dd25:   cmp    (%rdx,%r10,8),%rax
  0x000077b45805dd29:   je     0x000077b45805dd6e
  0x000077b45805dd2b:   add    $0x2,%r10
  0x000077b45805dd2f:   cmp    $0x86,%r10
  0x000077b45805dd36:   jne    0x000077b45805dd25
  0x000077b45805dd38:   mov    $0x82,%r10d
  0x000077b45805dd3e:   cmpq   $0x0,(%rdx,%r10,8)
  0x000077b45805dd43:   je     0x000077b45805dd54
  0x000077b45805dd45:   add    $0x2,%r10
  0x000077b45805dd49:   cmp    $0x86,%r10
  0x000077b45805dd50:   jne    0x000077b45805dd3e
  0x000077b45805dd52:   jmp    0x000077b45805dd66
  0x000077b45805dd54:   push   %rbx
  0x000077b45805dd55:   mov    %rax,%rbx
  0x000077b45805dd58:   xor    %rax,%rax
  0x000077b45805dd5b:   cmpxchg %rbx,(%rdx,%r10,8)
  0x000077b45805dd60:   mov    %rbx,%rax
  0x000077b45805dd63:   pop    %rbx
  0x000077b45805dd64:   jmp    0x000077b45805dd1f
  0x000077b45805dd66:   mov    $0x81,%r10d
  0x000077b45805dd6c:   jmp    0x000077b45805dd72
  0x000077b45805dd6e:   add    $0x1,%r10
  0x000077b45805dd72:   addq   $0x1,(%rdx,%r10,8)
  0x000077b45805dd77:   movabs $0x77b41401b480,%rdx         ;   {metadata(method data for {method} {0x00000000461bad78} &apos;append&apos; &apos;(I)Ljava/lang/StringBuilder;&apos; in &apos;java/lang/StringBuilder&apos;)}
  0x000077b45805dd81:   mov    0x90(%rdx),%esi
  0x000077b45805dd87:   add    $0x2,%esi
  0x000077b45805dd8a:   mov    %esi,0x90(%rdx)
  0x000077b45805dd90:   and    $0x1ffffe,%esi
  0x000077b45805dd96:   test   %esi,%esi
  0x000077b45805dd98:   je     0x000077b45805e740
  0x000077b45805dd9e:   mov    0x70(%rsp),%rax
  0x000077b45805dda3:   movabs $0x77b41401b480,%rdx         ;   {metadata(method data for {method} {0x00000000461bad78} &apos;append&apos; &apos;(I)Ljava/lang/StringBuilder;&apos; in &apos;java/lang/StringBuilder&apos;)}
  0x000077b45805ddad:   addq   $0x1,0xd8(%rdx)
  0x000077b45805ddb5:   mov    0x78(%rsp),%edx
  0x000077b45805ddb9:   mov    0x70(%rsp),%rsi              ;*invokespecial append {reexecute=0 rethrow=0 return_oop=0}
                                                            ; - java.lang.StringBuilder::append@2 (line 253)
                                                            ; - jdk.internal.util.ArraysSupport::vectorizedHashCode@147 (line 372)
  0x000077b45805ddbe:   nop
  0x000077b45805ddbf:   call   0x000077b45f4ad9e0           ; ImmutableOopMap {[112]=Oop [128]=Oop }
                                                            ;*invokespecial append {reexecute=0 rethrow=0 return_oop=0}
                                                            ; - java.lang.StringBuilder::append@2 (line 253)
                                                            ; - jdk.internal.util.ArraysSupport::vectorizedHashCode@147 (line 372)
                                                            ;   {optimized virtual_call}
  0x000077b45805ddc4:   nopl   0x20004bc(%rax,%rax,1)       ;*invokespecial append {reexecute=0 rethrow=0 return_oop=0}
                                                            ; - java.lang.StringBuilder::append@2 (line 253)
                                                            ; - jdk.internal.util.ArraysSupport::vectorizedHashCode@147 (line 372)
                                                            ;   {post_call_nop}
  0x000077b45805ddcc:   mov    0x70(%rsp),%rax
  0x000077b45805ddd1:   movabs $0x77b4140167b8,%rsi         ;   {metadata(method data for {method} {0x000000004648e460} &apos;vectorizedHashCode&apos; &apos;(Ljava/lang/Object;IIII)I&apos; in &apos;jdk/internal/util/ArraysSupport&apos;)}
  0x000077b45805dddb:   mov    0x8(%rax),%eax
  0x000077b45805ddde:   mov    $0x46000000,%r10d
  0x000077b45805dde4:   add    %r10,%rax
  0x000077b45805dde7:   mov    $0x88,%r10d
  0x000077b45805dded:   cmp    (%rsi,%r10,8),%rax
  0x000077b45805ddf1:   je     0x000077b45805de36
  0x000077b45805ddf3:   add    $0x2,%r10
  0x000077b45805ddf7:   cmp    $0x8c,%r10
  0x000077b45805ddfe:   jne    0x000077b45805dded
  0x000077b45805de00:   mov    $0x88,%r10d
  0x000077b45805de06:   cmpq   $0x0,(%rsi,%r10,8)
  0x000077b45805de0b:   je     0x000077b45805de1c
  0x000077b45805de0d:   add    $0x2,%r10
  0x000077b45805de11:   cmp    $0x8c,%r10
  0x000077b45805de18:   jne    0x000077b45805de06
  0x000077b45805de1a:   jmp    0x000077b45805de2e
  0x000077b45805de1c:   push   %rbx
  0x000077b45805de1d:   mov    %rax,%rbx
  0x000077b45805de20:   xor    %rax,%rax
  0x000077b45805de23:   cmpxchg %rbx,(%rsi,%r10,8)
  0x000077b45805de28:   mov    %rbx,%rax
  0x000077b45805de2b:   pop    %rbx
  0x000077b45805de2c:   jmp    0x000077b45805dde7
  0x000077b45805de2e:   mov    $0x87,%r10d
  0x000077b45805de34:   jmp    0x000077b45805de3a
  0x000077b45805de36:   add    $0x1,%r10
  0x000077b45805de3a:   addq   $0x1,(%rsi,%r10,8)
  0x000077b45805de3f:   movabs $0x77b41401b880,%rsi         ;   {metadata(method data for {method} {0x00000000461b93a0} &apos;toString&apos; &apos;()Ljava/lang/String;&apos; in &apos;java/lang/StringBuilder&apos;)}
  0x000077b45805de49:   mov    0x90(%rsi),%edx
  0x000077b45805de4f:   add    $0x2,%edx
  0x000077b45805de52:   mov    %edx,0x90(%rsi)
  0x000077b45805de58:   and    $0x1ffffe,%edx
  0x000077b45805de5e:   test   %edx,%edx
  0x000077b45805de60:   je     0x000077b45805e761
  0x000077b45805de66:   mov    0x70(%rsp),%rax
  0x000077b45805de6b:   movabs $0x77b41401b880,%rsi         ;   {metadata(method data for {method} {0x00000000461b93a0} &apos;toString&apos; &apos;()Ljava/lang/String;&apos; in &apos;java/lang/StringBuilder&apos;)}
  0x000077b45805de75:   mov    0x8(%rax),%eax
  0x000077b45805de78:   mov    $0x46000000,%r10d
  0x000077b45805de7e:   add    %r10,%rax
  0x000077b45805de81:   mov    $0x1c,%r10d
  0x000077b45805de87:   cmp    (%rsi,%r10,8),%rax
  0x000077b45805de8b:   je     0x000077b45805deca
  0x000077b45805de8d:   add    $0x2,%r10
  0x000077b45805de91:   cmp    $0x20,%r10
  0x000077b45805de95:   jne    0x000077b45805de87
  0x000077b45805de97:   mov    $0x1c,%r10d
  0x000077b45805de9d:   cmpq   $0x0,(%rsi,%r10,8)
  0x000077b45805dea2:   je     0x000077b45805deb0
  0x000077b45805dea4:   add    $0x2,%r10
  0x000077b45805dea8:   cmp    $0x20,%r10
  0x000077b45805deac:   jne    0x000077b45805de9d
  0x000077b45805deae:   jmp    0x000077b45805dec2
  0x000077b45805deb0:   push   %rbx
  0x000077b45805deb1:   mov    %rax,%rbx
  0x000077b45805deb4:   xor    %rax,%rax
  0x000077b45805deb7:   cmpxchg %rbx,(%rsi,%r10,8)
  0x000077b45805debc:   mov    %rbx,%rax
  0x000077b45805debf:   pop    %rbx
  0x000077b45805dec0:   jmp    0x000077b45805de81
  0x000077b45805dec2:   mov    $0x1b,%r10d
  0x000077b45805dec8:   jmp    0x000077b45805dece
  0x000077b45805deca:   add    $0x1,%r10
  0x000077b45805dece:   addq   $0x1,(%rsi,%r10,8)
  0x000077b45805ded3:   movabs $0x77b41401ba78,%rsi         ;   {metadata(method data for {method} {0x00000000461b94b8} &apos;length&apos; &apos;()I&apos; in &apos;java/lang/StringBuilder&apos;)}
  0x000077b45805dedd:   mov    0x90(%rsi),%edx
  0x000077b45805dee3:   add    $0x2,%edx
  0x000077b45805dee6:   mov    %edx,0x90(%rsi)
  0x000077b45805deec:   and    $0x1ffffe,%edx
  0x000077b45805def2:   test   %edx,%edx
  0x000077b45805def4:   je     0x000077b45805e782
  0x000077b45805defa:   mov    0x70(%rsp),%rax
  0x000077b45805deff:   movabs $0x77b41401ba78,%rsi         ;   {metadata(method data for {method} {0x00000000461b94b8} &apos;length&apos; &apos;()I&apos; in &apos;java/lang/StringBuilder&apos;)}
  0x000077b45805df09:   addq   $0x1,0xd8(%rsi)
  0x000077b45805df11:   mov    0x70(%rsp),%rbx
  0x000077b45805df16:   mov    0xc(%rbx),%esi               ;*getfield count {reexecute=0 rethrow=0 return_oop=0}
                                                            ; - java.lang.AbstractStringBuilder::length@1 (line 199)
                                                            ; - java.lang.StringBuilder::length@1 (line 91)
                                                            ; - java.lang.StringBuilder::toString@1 (line 474)
                                                            ; - jdk.internal.util.ArraysSupport::vectorizedHashCode@150 (line 372)
  0x000077b45805df19:   test   %esi,%esi
  0x000077b45805df1b:   movabs $0x77b41401b880,%rsi         ;   {metadata(method data for {method} {0x00000000461b93a0} &apos;toString&apos; &apos;()Ljava/lang/String;&apos; in &apos;java/lang/StringBuilder&apos;)}
  0x000077b45805df25:   mov    $0x108,%edx
  0x000077b45805df2a:   jne    0x000077b45805df31
  0x000077b45805df2c:   mov    $0x118,%edx
  0x000077b45805df31:   mov    (%rsi,%rdx,1),%rcx
  0x000077b45805df35:   lea    0x1(%rcx),%rcx
  0x000077b45805df39:   mov    %rcx,(%rsi,%rdx,1)
  0x000077b45805df3d:   jne    0x000077b45805e5c6
  0x000077b45805df43:   jmp    0x000077b45805e5b7           ;*ifne {reexecute=0 rethrow=0 return_oop=0}
                                                            ; - java.lang.StringBuilder::toString@4 (line 474)
                                                            ; - jdk.internal.util.ArraysSupport::vectorizedHashCode@150 (line 372)
  0x000077b45805df48:   test   %rsi,%rsi
  0x000077b45805df4b:   movabs $0x77b4140167b8,%rax         ;   {metadata(method data for {method} {0x000000004648e460} &apos;vectorizedHashCode&apos; &apos;(Ljava/lang/Object;IIII)I&apos; in &apos;jdk/internal/util/ArraysSupport&apos;)}
  0x000077b45805df55:   jne    0x000077b45805df63
  0x000077b45805df57:   orb    $0x1,0x1b9(%rax)
  0x000077b45805df5e:   jmp    0x000077b45805dfe7
  0x000077b45805df63:   mov    0x8(%rsi),%r9d
  0x000077b45805df67:   mov    $0x46000000,%r10d
  0x000077b45805df6d:   add    %r10,%r9
  0x000077b45805df70:   mov    $0x39,%r10d
  0x000077b45805df76:   cmp    (%rax,%r10,8),%r9
  0x000077b45805df7a:   je     0x000077b45805dfb9
  0x000077b45805df7c:   add    $0x2,%r10
  0x000077b45805df80:   cmp    $0x3d,%r10
  0x000077b45805df84:   jne    0x000077b45805df76
  0x000077b45805df86:   mov    $0x39,%r10d
  0x000077b45805df8c:   cmpq   $0x0,(%rax,%r10,8)
  0x000077b45805df91:   je     0x000077b45805df9f
  0x000077b45805df93:   add    $0x2,%r10
  0x000077b45805df97:   cmp    $0x3d,%r10
  0x000077b45805df9b:   jne    0x000077b45805df8c
  0x000077b45805df9d:   jmp    0x000077b45805dfb1
  0x000077b45805df9f:   push   %rbx
  0x000077b45805dfa0:   mov    %rax,%rbx
  0x000077b45805dfa3:   xor    %rax,%rax
  0x000077b45805dfa6:   cmpxchg %r9,(%rbx,%r10,8)
  0x000077b45805dfab:   mov    %rbx,%rax
  0x000077b45805dfae:   pop    %rbx
  0x000077b45805dfaf:   jmp    0x000077b45805df70
  0x000077b45805dfb1:   mov    $0x38,%r10d
  0x000077b45805dfb7:   jmp    0x000077b45805dfbd
  0x000077b45805dfb9:   add    $0x1,%r10
  0x000077b45805dfbd:   addq   $0x1,(%rax,%r10,8)
  0x000077b45805dfc2:   movabs $0x46175de8,%r9              ;   {metadata({type array byte})}
  0x000077b45805dfcc:   mov    0x8(%rsi),%eax
  0x000077b45805dfcf:   mov    $0x46000000,%r10d
  0x000077b45805dfd5:   add    %r10,%rax
  0x000077b45805dfd8:   cmp    0x38(%rax),%r9
  0x000077b45805dfdc:   jne    0x000077b45805dfe7
  0x000077b45805dfe2:   jmp    0x000077b45805dfec
  0x000077b45805dfe7:   xor    %rdx,%rdx
  0x000077b45805dfea:   jmp    0x000077b45805dff1
  0x000077b45805dfec:   mov    $0x1,%edx                    ;*instanceof {reexecute=0 rethrow=0 return_oop=0}
                                                            ; - jdk.internal.util.ArraysSupport::vectorizedHashCode@58 (line 366)
  0x000077b45805dff1:   test   %edx,%edx
  0x000077b45805dff3:   movabs $0x77b4140167b8,%rdx         ;   {metadata(method data for {method} {0x000000004648e460} &apos;vectorizedHashCode&apos; &apos;(Ljava/lang/Object;IIII)I&apos; in &apos;jdk/internal/util/ArraysSupport&apos;)}
  0x000077b45805dffd:   mov    $0x1f0,%ecx
  0x000077b45805e002:   je     0x000077b45805e009
  0x000077b45805e004:   mov    $0x200,%ecx
  0x000077b45805e009:   mov    (%rdx,%rcx,1),%rax
  0x000077b45805e00d:   lea    0x1(%rax),%rax
  0x000077b45805e011:   mov    %rax,(%rdx,%rcx,1)
  0x000077b45805e015:   je     0x000077b45805e107           ;*ifeq {reexecute=0 rethrow=0 return_oop=0}
                                                            ; - jdk.internal.util.ArraysSupport::vectorizedHashCode@61 (line 366)
  0x000077b45805e01b:   test   %rsi,%rsi
  0x000077b45805e01e:   movabs $0x77b4140167b8,%rcx         ;   {metadata(method data for {method} {0x000000004648e460} &apos;vectorizedHashCode&apos; &apos;(Ljava/lang/Object;IIII)I&apos; in &apos;jdk/internal/util/ArraysSupport&apos;)}
  0x000077b45805e028:   jne    0x000077b45805e036
  0x000077b45805e02a:   orb    $0x1,0x209(%rcx)
  0x000077b45805e031:   jmp    0x000077b45805e0b9
  0x000077b45805e036:   mov    0x8(%rsi),%eax
  0x000077b45805e039:   mov    $0x46000000,%r10d
  0x000077b45805e03f:   add    %r10,%rax
  0x000077b45805e042:   mov    $0x43,%r10d
  0x000077b45805e048:   cmp    (%rcx,%r10,8),%rax
  0x000077b45805e04c:   je     0x000077b45805e08b
  0x000077b45805e04e:   add    $0x2,%r10
  0x000077b45805e052:   cmp    $0x47,%r10
  0x000077b45805e056:   jne    0x000077b45805e048
  0x000077b45805e058:   mov    $0x43,%r10d
  0x000077b45805e05e:   cmpq   $0x0,(%rcx,%r10,8)
  0x000077b45805e063:   je     0x000077b45805e071
  0x000077b45805e065:   add    $0x2,%r10
  0x000077b45805e069:   cmp    $0x47,%r10
  0x000077b45805e06d:   jne    0x000077b45805e05e
  0x000077b45805e06f:   jmp    0x000077b45805e083
  0x000077b45805e071:   push   %rbx
  0x000077b45805e072:   mov    %rax,%rbx
  0x000077b45805e075:   xor    %rax,%rax
  0x000077b45805e078:   cmpxchg %rbx,(%rcx,%r10,8)
  0x000077b45805e07d:   mov    %rbx,%rax
  0x000077b45805e080:   pop    %rbx
  0x000077b45805e081:   jmp    0x000077b45805e042
  0x000077b45805e083:   mov    $0x42,%r10d
  0x000077b45805e089:   jmp    0x000077b45805e08f
  0x000077b45805e08b:   add    $0x1,%r10
  0x000077b45805e08f:   addq   $0x1,(%rcx,%r10,8)
  0x000077b45805e094:   movabs $0x46175de8,%rax             ;   {metadata({type array byte})}
  0x000077b45805e09e:   mov    0x8(%rsi),%ecx
  0x000077b45805e0a1:   mov    $0x46000000,%r10d
  0x000077b45805e0a7:   add    %r10,%rcx
  0x000077b45805e0aa:   cmp    0x38(%rcx),%rax
  0x000077b45805e0ae:   jne    0x000077b45805e7a3
  0x000077b45805e0b4:   jmp    0x000077b45805e0b9
  0x000077b45805e0b9:   mov    %rsi,%rdx                    ;*checkcast {reexecute=0 rethrow=0 return_oop=0}
                                                            ; - jdk.internal.util.ArraysSupport::vectorizedHashCode@66 (line 367)
  0x000077b45805e0bc:   movabs $0x77b4140167b8,%rsi         ;   {metadata(method data for {method} {0x000000004648e460} &apos;vectorizedHashCode&apos; &apos;(Ljava/lang/Object;IIII)I&apos; in &apos;jdk/internal/util/ArraysSupport&apos;)}
  0x000077b45805e0c6:   addq   $0x1,0x240(%rsi)
  0x000077b45805e0ce:   mov    %r8,%rsi
  0x000077b45805e0d1:   mov    %rdi,%rcx
  0x000077b45805e0d4:   mov    %rbx,%r8                     ;*invokestatic utf16hashCode {reexecute=0 rethrow=0 return_oop=0}
                                                            ; - jdk.internal.util.ArraysSupport::vectorizedHashCode@71 (line 367)
  0x000077b45805e0d7:   call   0x000077b45f4adfe0           ; ImmutableOopMap {}
                                                            ;*invokestatic utf16hashCode {reexecute=0 rethrow=0 return_oop=0}
                                                            ; - jdk.internal.util.ArraysSupport::vectorizedHashCode@71 (line 367)
                                                            ;   {static_call}
  0x000077b45805e0dc:   nopl   0x30007d4(%rax,%rax,1)       ;*invokestatic utf16hashCode {reexecute=0 rethrow=0 return_oop=0}
                                                            ; - jdk.internal.util.ArraysSupport::vectorizedHashCode@71 (line 367)
                                                            ;   {post_call_nop}
  0x000077b45805e0e4:   movabs $0x77b4140167b8,%rsi         ;   {metadata(method data for {method} {0x000000004648e460} &apos;vectorizedHashCode&apos; &apos;(Ljava/lang/Object;IIII)I&apos; in &apos;jdk/internal/util/ArraysSupport&apos;)}
  0x000077b45805e0ee:   incl   0x250(%rsi)                  ;*goto {reexecute=0 rethrow=0 return_oop=0}
                                                            ; - jdk.internal.util.ArraysSupport::vectorizedHashCode@74 (line 367)
  0x000077b45805e0f4:   add    $0xa0,%rsp
  0x000077b45805e0fb:   pop    %rbp
  0x000077b45805e0fc:   cmp    0x28(%r15),%rsp              ;   {poll_return}
  0x000077b45805e100:   ja     0x000077b45805e7ac
  0x000077b45805e106:   ret    
  0x000077b45805e107:   test   %rsi,%rsi
  0x000077b45805e10a:   movabs $0x77b4140167b8,%rcx         ;   {metadata(method data for {method} {0x000000004648e460} &apos;vectorizedHashCode&apos; &apos;(Ljava/lang/Object;IIII)I&apos; in &apos;jdk/internal/util/ArraysSupport&apos;)}
  0x000077b45805e114:   jne    0x000077b45805e122
  0x000077b45805e116:   orb    $0x1,0x261(%rcx)
  0x000077b45805e11d:   jmp    0x000077b45805e1a5
  0x000077b45805e122:   mov    0x8(%rsi),%eax
  0x000077b45805e125:   mov    $0x46000000,%r10d
  0x000077b45805e12b:   add    %r10,%rax
  0x000077b45805e12e:   mov    $0x4e,%r10d
  0x000077b45805e134:   cmp    (%rcx,%r10,8),%rax
  0x000077b45805e138:   je     0x000077b45805e177
  0x000077b45805e13a:   add    $0x2,%r10
  0x000077b45805e13e:   cmp    $0x52,%r10
  0x000077b45805e142:   jne    0x000077b45805e134
  0x000077b45805e144:   mov    $0x4e,%r10d
  0x000077b45805e14a:   cmpq   $0x0,(%rcx,%r10,8)
  0x000077b45805e14f:   je     0x000077b45805e15d
  0x000077b45805e151:   add    $0x2,%r10
  0x000077b45805e155:   cmp    $0x52,%r10
  0x000077b45805e159:   jne    0x000077b45805e14a
  0x000077b45805e15b:   jmp    0x000077b45805e16f
  0x000077b45805e15d:   push   %rbx
  0x000077b45805e15e:   mov    %rax,%rbx
  0x000077b45805e161:   xor    %rax,%rax
  0x000077b45805e164:   cmpxchg %rbx,(%rcx,%r10,8)
  0x000077b45805e169:   mov    %rbx,%rax
  0x000077b45805e16c:   pop    %rbx
  0x000077b45805e16d:   jmp    0x000077b45805e12e
  0x000077b45805e16f:   mov    $0x4d,%r10d
  0x000077b45805e175:   jmp    0x000077b45805e17b
  0x000077b45805e177:   add    $0x1,%r10
  0x000077b45805e17b:   addq   $0x1,(%rcx,%r10,8)
  0x000077b45805e180:   movabs $0x461757e8,%rax             ;   {metadata({type array char})}
  0x000077b45805e18a:   mov    0x8(%rsi),%ecx
  0x000077b45805e18d:   mov    $0x46000000,%r10d
  0x000077b45805e193:   add    %r10,%rcx
  0x000077b45805e196:   cmp    0x38(%rcx),%rax
  0x000077b45805e19a:   jne    0x000077b45805e7c2
  0x000077b45805e1a0:   jmp    0x000077b45805e1a5
  0x000077b45805e1a5:   mov    %rsi,%rdx                    ;*checkcast {reexecute=0 rethrow=0 return_oop=0}
                                                            ; - jdk.internal.util.ArraysSupport::vectorizedHashCode@79 (line 368)
  0x000077b45805e1a8:   movabs $0x77b4140167b8,%rsi         ;   {metadata(method data for {method} {0x000000004648e460} &apos;vectorizedHashCode&apos; &apos;(Ljava/lang/Object;IIII)I&apos; in &apos;jdk/internal/util/ArraysSupport&apos;)}
  0x000077b45805e1b2:   addq   $0x1,0x298(%rsi)
  0x000077b45805e1ba:   mov    %r8,%rsi
  0x000077b45805e1bd:   mov    %rdi,%rcx
  0x000077b45805e1c0:   mov    %rbx,%r8                     ;*invokestatic hashCode {reexecute=0 rethrow=0 return_oop=0}
                                                            ; - jdk.internal.util.ArraysSupport::vectorizedHashCode@84 (line 368)
  0x000077b45805e1c3:   nopl   0x0(%rax)
  0x000077b45805e1c7:   call   0x000077b45f4adfe0           ; ImmutableOopMap {}
                                                            ;*invokestatic hashCode {reexecute=0 rethrow=0 return_oop=0}
                                                            ; - jdk.internal.util.ArraysSupport::vectorizedHashCode@84 (line 368)
                                                            ;   {static_call}
  0x000077b45805e1cc:   nopl   0x40008c4(%rax,%rax,1)       ;*invokestatic hashCode {reexecute=0 rethrow=0 return_oop=0}
                                                            ; - jdk.internal.util.ArraysSupport::vectorizedHashCode@84 (line 368)
                                                            ;   {post_call_nop}
  0x000077b45805e1d4:   movabs $0x77b4140167b8,%rsi         ;   {metadata(method data for {method} {0x000000004648e460} &apos;vectorizedHashCode&apos; &apos;(Ljava/lang/Object;IIII)I&apos; in &apos;jdk/internal/util/ArraysSupport&apos;)}
  0x000077b45805e1de:   incl   0x2a8(%rsi)                  ;*goto {reexecute=0 rethrow=0 return_oop=0}
                                                            ; - jdk.internal.util.ArraysSupport::vectorizedHashCode@87 (line 368)
  0x000077b45805e1e4:   add    $0xa0,%rsp
  0x000077b45805e1eb:   pop    %rbp
  0x000077b45805e1ec:   cmp    0x28(%r15),%rsp              ;   {poll_return}
  0x000077b45805e1f0:   ja     0x000077b45805e7cb
  0x000077b45805e1f6:   ret    
  0x000077b45805e1f7:   test   %rsi,%rsi
  0x000077b45805e1fa:   movabs $0x77b4140167b8,%rcx         ;   {metadata(method data for {method} {0x000000004648e460} &apos;vectorizedHashCode&apos; &apos;(Ljava/lang/Object;IIII)I&apos; in &apos;jdk/internal/util/ArraysSupport&apos;)}
  0x000077b45805e204:   jne    0x000077b45805e212
  0x000077b45805e206:   orb    $0x1,0x369(%rcx)
  0x000077b45805e20d:   jmp    0x000077b45805e295
  0x000077b45805e212:   mov    0x8(%rsi),%eax
  0x000077b45805e215:   mov    $0x46000000,%r10d
  0x000077b45805e21b:   add    %r10,%rax
  0x000077b45805e21e:   mov    $0x6f,%r10d
  0x000077b45805e224:   cmp    (%rcx,%r10,8),%rax
  0x000077b45805e228:   je     0x000077b45805e267
  0x000077b45805e22a:   add    $0x2,%r10
  0x000077b45805e22e:   cmp    $0x73,%r10
  0x000077b45805e232:   jne    0x000077b45805e224
  0x000077b45805e234:   mov    $0x6f,%r10d
  0x000077b45805e23a:   cmpq   $0x0,(%rcx,%r10,8)
  0x000077b45805e23f:   je     0x000077b45805e24d
  0x000077b45805e241:   add    $0x2,%r10
  0x000077b45805e245:   cmp    $0x73,%r10
  0x000077b45805e249:   jne    0x000077b45805e23a
  0x000077b45805e24b:   jmp    0x000077b45805e25f
  0x000077b45805e24d:   push   %rbx
  0x000077b45805e24e:   mov    %rax,%rbx
  0x000077b45805e251:   xor    %rax,%rax
  0x000077b45805e254:   cmpxchg %rbx,(%rcx,%r10,8)
  0x000077b45805e259:   mov    %rbx,%rax
  0x000077b45805e25c:   pop    %rbx
  0x000077b45805e25d:   jmp    0x000077b45805e21e
  0x000077b45805e25f:   mov    $0x6e,%r10d
  0x000077b45805e265:   jmp    0x000077b45805e26b
  0x000077b45805e267:   add    $0x1,%r10
  0x000077b45805e26b:   addq   $0x1,(%rcx,%r10,8)
  0x000077b45805e270:   movabs $0x461761e8,%rax             ;   {metadata({type array int})}
  0x000077b45805e27a:   mov    0x8(%rsi),%ecx
  0x000077b45805e27d:   mov    $0x46000000,%r10d
  0x000077b45805e283:   add    %r10,%rcx
  0x000077b45805e286:   cmp    0x38(%rcx),%rax
  0x000077b45805e28a:   jne    0x000077b45805e7e1
  0x000077b45805e290:   jmp    0x000077b45805e295
  0x000077b45805e295:   mov    %rsi,%rdx                    ;*checkcast {reexecute=0 rethrow=0 return_oop=0}
                                                            ; - jdk.internal.util.ArraysSupport::vectorizedHashCode@118 (line 371)
  0x000077b45805e298:   movabs $0x77b4140167b8,%rsi         ;   {metadata(method data for {method} {0x000000004648e460} &apos;vectorizedHashCode&apos; &apos;(Ljava/lang/Object;IIII)I&apos; in &apos;jdk/internal/util/ArraysSupport&apos;)}
  0x000077b45805e2a2:   addq   $0x1,0x3a0(%rsi)
  0x000077b45805e2aa:   mov    %r8,%rsi
  0x000077b45805e2ad:   mov    %rdi,%rcx
  0x000077b45805e2b0:   mov    %rbx,%r8                     ;*invokestatic hashCode {reexecute=0 rethrow=0 return_oop=0}
                                                            ; - jdk.internal.util.ArraysSupport::vectorizedHashCode@123 (line 371)
  0x000077b45805e2b3:   nopl   0x0(%rax)
  0x000077b45805e2b7:   call   0x000077b45f4adfe0           ; ImmutableOopMap {}
                                                            ;*invokestatic hashCode {reexecute=0 rethrow=0 return_oop=0}
                                                            ; - jdk.internal.util.ArraysSupport::vectorizedHashCode@123 (line 371)
                                                            ;   {static_call}
  0x000077b45805e2bc:   nopl   0x50009b4(%rax,%rax,1)       ;*invokestatic hashCode {reexecute=0 rethrow=0 return_oop=0}
                                                            ; - jdk.internal.util.ArraysSupport::vectorizedHashCode@123 (line 371)
                                                            ;   {post_call_nop}
  0x000077b45805e2c4:   movabs $0x77b4140167b8,%rsi         ;   {metadata(method data for {method} {0x000000004648e460} &apos;vectorizedHashCode&apos; &apos;(Ljava/lang/Object;IIII)I&apos; in &apos;jdk/internal/util/ArraysSupport&apos;)}
  0x000077b45805e2ce:   incl   0x3b0(%rsi)                  ;*goto {reexecute=0 rethrow=0 return_oop=0}
                                                            ; - jdk.internal.util.ArraysSupport::vectorizedHashCode@126 (line 371)
  0x000077b45805e2d4:   add    $0xa0,%rsp
  0x000077b45805e2db:   pop    %rbp
  0x000077b45805e2dc:   cmp    0x28(%r15),%rsp              ;   {poll_return}
  0x000077b45805e2e0:   ja     0x000077b45805e7ea
  0x000077b45805e2e6:   ret    
  0x000077b45805e2e7:   test   %rsi,%rsi
  0x000077b45805e2ea:   movabs $0x77b4140167b8,%rcx         ;   {metadata(method data for {method} {0x000000004648e460} &apos;vectorizedHashCode&apos; &apos;(Ljava/lang/Object;IIII)I&apos; in &apos;jdk/internal/util/ArraysSupport&apos;)}
  0x000077b45805e2f4:   jne    0x000077b45805e302
  0x000077b45805e2f6:   orb    $0x1,0x311(%rcx)
  0x000077b45805e2fd:   jmp    0x000077b45805e385
  0x000077b45805e302:   mov    0x8(%rsi),%eax
  0x000077b45805e305:   mov    $0x46000000,%r10d
  0x000077b45805e30b:   add    %r10,%rax
  0x000077b45805e30e:   mov    $0x64,%r10d
  0x000077b45805e314:   cmp    (%rcx,%r10,8),%rax
  0x000077b45805e318:   je     0x000077b45805e357
  0x000077b45805e31a:   add    $0x2,%r10
  0x000077b45805e31e:   cmp    $0x68,%r10
  0x000077b45805e322:   jne    0x000077b45805e314
  0x000077b45805e324:   mov    $0x64,%r10d
  0x000077b45805e32a:   cmpq   $0x0,(%rcx,%r10,8)
  0x000077b45805e32f:   je     0x000077b45805e33d
  0x000077b45805e331:   add    $0x2,%r10
  0x000077b45805e335:   cmp    $0x68,%r10
  0x000077b45805e339:   jne    0x000077b45805e32a
  0x000077b45805e33b:   jmp    0x000077b45805e34f
  0x000077b45805e33d:   push   %rbx
  0x000077b45805e33e:   mov    %rax,%rbx
  0x000077b45805e341:   xor    %rax,%rax
  0x000077b45805e344:   cmpxchg %rbx,(%rcx,%r10,8)
  0x000077b45805e349:   mov    %rbx,%rax
  0x000077b45805e34c:   pop    %rbx
  0x000077b45805e34d:   jmp    0x000077b45805e30e
  0x000077b45805e34f:   mov    $0x63,%r10d
  0x000077b45805e355:   jmp    0x000077b45805e35b
  0x000077b45805e357:   add    $0x1,%r10
  0x000077b45805e35b:   addq   $0x1,(%rcx,%r10,8)
  0x000077b45805e360:   movabs $0x46175fe8,%rax             ;   {metadata({type array short})}
  0x000077b45805e36a:   mov    0x8(%rsi),%ecx
  0x000077b45805e36d:   mov    $0x46000000,%r10d
  0x000077b45805e373:   add    %r10,%rcx
  0x000077b45805e376:   cmp    0x38(%rcx),%rax
  0x000077b45805e37a:   jne    0x000077b45805e800
  0x000077b45805e380:   jmp    0x000077b45805e385
  0x000077b45805e385:   mov    %rsi,%rdx                    ;*checkcast {reexecute=0 rethrow=0 return_oop=0}
                                                            ; - jdk.internal.util.ArraysSupport::vectorizedHashCode@105 (line 370)
  0x000077b45805e388:   movabs $0x77b4140167b8,%rsi         ;   {metadata(method data for {method} {0x000000004648e460} &apos;vectorizedHashCode&apos; &apos;(Ljava/lang/Object;IIII)I&apos; in &apos;jdk/internal/util/ArraysSupport&apos;)}
  0x000077b45805e392:   addq   $0x1,0x348(%rsi)
  0x000077b45805e39a:   mov    %r8,%rsi
  0x000077b45805e39d:   mov    %rdi,%rcx
  0x000077b45805e3a0:   mov    %rbx,%r8                     ;*invokestatic hashCode {reexecute=0 rethrow=0 return_oop=0}
                                                            ; - jdk.internal.util.ArraysSupport::vectorizedHashCode@110 (line 370)
  0x000077b45805e3a3:   nopl   0x0(%rax)
  0x000077b45805e3a7:   call   0x000077b45f4adfe0           ; ImmutableOopMap {}
                                                            ;*invokestatic hashCode {reexecute=0 rethrow=0 return_oop=0}
                                                            ; - jdk.internal.util.ArraysSupport::vectorizedHashCode@110 (line 370)
                                                            ;   {static_call}
  0x000077b45805e3ac:   nopl   0x6000aa4(%rax,%rax,1)       ;*invokestatic hashCode {reexecute=0 rethrow=0 return_oop=0}
                                                            ; - jdk.internal.util.ArraysSupport::vectorizedHashCode@110 (line 370)
                                                            ;   {post_call_nop}
  0x000077b45805e3b4:   movabs $0x77b4140167b8,%rsi         ;   {metadata(method data for {method} {0x000000004648e460} &apos;vectorizedHashCode&apos; &apos;(Ljava/lang/Object;IIII)I&apos; in &apos;jdk/internal/util/ArraysSupport&apos;)}
  0x000077b45805e3be:   incl   0x358(%rsi)                  ;*goto {reexecute=0 rethrow=0 return_oop=0}
                                                            ; - jdk.internal.util.ArraysSupport::vectorizedHashCode@113 (line 370)
  0x000077b45805e3c4:   add    $0xa0,%rsp
  0x000077b45805e3cb:   pop    %rbp
  0x000077b45805e3cc:   cmp    0x28(%r15),%rsp              ;   {poll_return}
  0x000077b45805e3d0:   ja     0x000077b45805e809
  0x000077b45805e3d6:   ret    
  0x000077b45805e3d7:   test   %rsi,%rsi
  0x000077b45805e3da:   movabs $0x77b4140167b8,%rcx         ;   {metadata(method data for {method} {0x000000004648e460} &apos;vectorizedHashCode&apos; &apos;(Ljava/lang/Object;IIII)I&apos; in &apos;jdk/internal/util/ArraysSupport&apos;)}
  0x000077b45805e3e4:   jne    0x000077b45805e3f2
  0x000077b45805e3e6:   orb    $0x1,0x2b9(%rcx)
  0x000077b45805e3ed:   jmp    0x000077b45805e475
  0x000077b45805e3f2:   mov    0x8(%rsi),%eax
  0x000077b45805e3f5:   mov    $0x46000000,%r10d
  0x000077b45805e3fb:   add    %r10,%rax
  0x000077b45805e3fe:   mov    $0x59,%r10d
  0x000077b45805e404:   cmp    (%rcx,%r10,8),%rax
  0x000077b45805e408:   je     0x000077b45805e447
  0x000077b45805e40a:   add    $0x2,%r10
  0x000077b45805e40e:   cmp    $0x5d,%r10
  0x000077b45805e412:   jne    0x000077b45805e404
  0x000077b45805e414:   mov    $0x59,%r10d
  0x000077b45805e41a:   cmpq   $0x0,(%rcx,%r10,8)
  0x000077b45805e41f:   je     0x000077b45805e42d
  0x000077b45805e421:   add    $0x2,%r10
  0x000077b45805e425:   cmp    $0x5d,%r10
  0x000077b45805e429:   jne    0x000077b45805e41a
  0x000077b45805e42b:   jmp    0x000077b45805e43f
  0x000077b45805e42d:   push   %rbx
  0x000077b45805e42e:   mov    %rax,%rbx
  0x000077b45805e431:   xor    %rax,%rax
  0x000077b45805e434:   cmpxchg %rbx,(%rcx,%r10,8)
  0x000077b45805e439:   mov    %rbx,%rax
  0x000077b45805e43c:   pop    %rbx
  0x000077b45805e43d:   jmp    0x000077b45805e3fe
  0x000077b45805e43f:   mov    $0x58,%r10d
  0x000077b45805e445:   jmp    0x000077b45805e44b
  0x000077b45805e447:   add    $0x1,%r10
  0x000077b45805e44b:   addq   $0x1,(%rcx,%r10,8)
  0x000077b45805e450:   movabs $0x46175de8,%rax             ;   {metadata({type array byte})}
  0x000077b45805e45a:   mov    0x8(%rsi),%ecx
  0x000077b45805e45d:   mov    $0x46000000,%r10d
  0x000077b45805e463:   add    %r10,%rcx
  0x000077b45805e466:   cmp    0x38(%rcx),%rax
  0x000077b45805e46a:   jne    0x000077b45805e81f
  0x000077b45805e470:   jmp    0x000077b45805e475
  0x000077b45805e475:   mov    %rsi,%rdx                    ;*checkcast {reexecute=0 rethrow=0 return_oop=0}
                                                            ; - jdk.internal.util.ArraysSupport::vectorizedHashCode@92 (line 369)
  0x000077b45805e478:   movabs $0x77b4140167b8,%rsi         ;   {metadata(method data for {method} {0x000000004648e460} &apos;vectorizedHashCode&apos; &apos;(Ljava/lang/Object;IIII)I&apos; in &apos;jdk/internal/util/ArraysSupport&apos;)}
  0x000077b45805e482:   addq   $0x1,0x2f0(%rsi)
  0x000077b45805e48a:   mov    %r8,%rsi
  0x000077b45805e48d:   mov    %rdi,%rcx
  0x000077b45805e490:   mov    %rbx,%r8                     ;*invokestatic hashCode {reexecute=0 rethrow=0 return_oop=0}
                                                            ; - jdk.internal.util.ArraysSupport::vectorizedHashCode@97 (line 369)
  0x000077b45805e493:   nopl   0x0(%rax)
  0x000077b45805e497:   call   0x000077b45f4adfe0           ; ImmutableOopMap {}
                                                            ;*invokestatic hashCode {reexecute=0 rethrow=0 return_oop=0}
                                                            ; - jdk.internal.util.ArraysSupport::vectorizedHashCode@97 (line 369)
                                                            ;   {static_call}
  0x000077b45805e49c:   nopl   0x7000b94(%rax,%rax,1)       ;*invokestatic hashCode {reexecute=0 rethrow=0 return_oop=0}
                                                            ; - jdk.internal.util.ArraysSupport::vectorizedHashCode@97 (line 369)
                                                            ;   {post_call_nop}
  0x000077b45805e4a4:   movabs $0x77b4140167b8,%rsi         ;   {metadata(method data for {method} {0x000000004648e460} &apos;vectorizedHashCode&apos; &apos;(Ljava/lang/Object;IIII)I&apos; in &apos;jdk/internal/util/ArraysSupport&apos;)}
  0x000077b45805e4ae:   incl   0x300(%rsi)                  ;*goto {reexecute=0 rethrow=0 return_oop=0}
                                                            ; - jdk.internal.util.ArraysSupport::vectorizedHashCode@100 (line 369)
  0x000077b45805e4b4:   add    $0xa0,%rsp
  0x000077b45805e4bb:   pop    %rbp
  0x000077b45805e4bc:   cmp    0x28(%r15),%rsp              ;   {poll_return}
  0x000077b45805e4c0:   ja     0x000077b45805e828
  0x000077b45805e4c6:   ret    
  0x000077b45805e4c7:   test   %rsi,%rsi
  0x000077b45805e4ca:   movabs $0x77b4140167b8,%rcx         ;   {metadata(method data for {method} {0x000000004648e460} &apos;vectorizedHashCode&apos; &apos;(Ljava/lang/Object;IIII)I&apos; in &apos;jdk/internal/util/ArraysSupport&apos;)}
  0x000077b45805e4d4:   jne    0x000077b45805e4e2
  0x000077b45805e4d6:   orb    $0x1,0x161(%rcx)
  0x000077b45805e4dd:   jmp    0x000077b45805e565
  0x000077b45805e4e2:   mov    0x8(%rsi),%eax
  0x000077b45805e4e5:   mov    $0x46000000,%r10d
  0x000077b45805e4eb:   add    %r10,%rax
  0x000077b45805e4ee:   mov    $0x2e,%r10d
  0x000077b45805e4f4:   cmp    (%rcx,%r10,8),%rax
  0x000077b45805e4f8:   je     0x000077b45805e537
  0x000077b45805e4fa:   add    $0x2,%r10
  0x000077b45805e4fe:   cmp    $0x32,%r10
  0x000077b45805e502:   jne    0x000077b45805e4f4
  0x000077b45805e504:   mov    $0x2e,%r10d
  0x000077b45805e50a:   cmpq   $0x0,(%rcx,%r10,8)
  0x000077b45805e50f:   je     0x000077b45805e51d
  0x000077b45805e511:   add    $0x2,%r10
  0x000077b45805e515:   cmp    $0x32,%r10
  0x000077b45805e519:   jne    0x000077b45805e50a
  0x000077b45805e51b:   jmp    0x000077b45805e52f
  0x000077b45805e51d:   push   %rbx
  0x000077b45805e51e:   mov    %rax,%rbx
  0x000077b45805e521:   xor    %rax,%rax
  0x000077b45805e524:   cmpxchg %rbx,(%rcx,%r10,8)
  0x000077b45805e529:   mov    %rbx,%rax
  0x000077b45805e52c:   pop    %rbx
  0x000077b45805e52d:   jmp    0x000077b45805e4ee
  0x000077b45805e52f:   mov    $0x2d,%r10d
  0x000077b45805e535:   jmp    0x000077b45805e53b
  0x000077b45805e537:   add    $0x1,%r10
  0x000077b45805e53b:   addq   $0x1,(%rcx,%r10,8)
  0x000077b45805e540:   movabs $0x46175de8,%rax             ;   {metadata({type array byte})}
  0x000077b45805e54a:   mov    0x8(%rsi),%ecx
  0x000077b45805e54d:   mov    $0x46000000,%r10d
  0x000077b45805e553:   add    %r10,%rcx
  0x000077b45805e556:   cmp    0x38(%rcx),%rax
  0x000077b45805e55a:   jne    0x000077b45805e83e
  0x000077b45805e560:   jmp    0x000077b45805e565
  0x000077b45805e565:   mov    %rsi,%rdx                    ;*checkcast {reexecute=0 rethrow=0 return_oop=0}
                                                            ; - jdk.internal.util.ArraysSupport::vectorizedHashCode@46 (line 365)
  0x000077b45805e568:   movabs $0x77b4140167b8,%rsi         ;   {metadata(method data for {method} {0x000000004648e460} &apos;vectorizedHashCode&apos; &apos;(Ljava/lang/Object;IIII)I&apos; in &apos;jdk/internal/util/ArraysSupport&apos;)}
  0x000077b45805e572:   addq   $0x1,0x198(%rsi)
  0x000077b45805e57a:   mov    %r8,%rsi
  0x000077b45805e57d:   mov    %rdi,%rcx
  0x000077b45805e580:   mov    %rbx,%r8                     ;*invokestatic unsignedHashCode {reexecute=0 rethrow=0 return_oop=0}
                                                            ; - jdk.internal.util.ArraysSupport::vectorizedHashCode@51 (line 365)
  0x000077b45805e583:   nopl   0x0(%rax)
  0x000077b45805e587:   call   0x000077b45f4adfe0           ; ImmutableOopMap {}
                                                            ;*invokestatic unsignedHashCode {reexecute=0 rethrow=0 return_oop=0}
                                                            ; - jdk.internal.util.ArraysSupport::vectorizedHashCode@51 (line 365)
                                                            ;   {static_call}
  0x000077b45805e58c:   nopl   0x8000c84(%rax,%rax,1)       ;*invokestatic unsignedHashCode {reexecute=0 rethrow=0 return_oop=0}
                                                            ; - jdk.internal.util.ArraysSupport::vectorizedHashCode@51 (line 365)
                                                            ;   {post_call_nop}
  0x000077b45805e594:   movabs $0x77b4140167b8,%rdx         ;   {metadata(method data for {method} {0x000000004648e460} &apos;vectorizedHashCode&apos; &apos;(Ljava/lang/Object;IIII)I&apos; in &apos;jdk/internal/util/ArraysSupport&apos;)}
  0x000077b45805e59e:   incl   0x1a8(%rdx)                  ;*goto {reexecute=0 rethrow=0 return_oop=0}
                                                            ; - jdk.internal.util.ArraysSupport::vectorizedHashCode@54 (line 365)
  0x000077b45805e5a4:   add    $0xa0,%rsp
  0x000077b45805e5ab:   pop    %rbp
  0x000077b45805e5ac:   cmp    0x28(%r15),%rsp              ;   {poll_return}
  0x000077b45805e5b0:   ja     0x000077b45805e847
  0x000077b45805e5b6:   ret                                 ;*ireturn {reexecute=0 rethrow=0 return_oop=0}
                                                            ; - jdk.internal.util.ArraysSupport::vectorizedHashCode@157 (line 364)
  0x000077b45805e5b7:   movabs $0x7ff8044c8,%rsi            ;   {oop(&quot;&quot;{0x00000007ff8044c8})}
  0x000077b45805e5c1:   jmp    0x000077b45805e654           ;*invokespecial &lt;init&gt; {reexecute=0 rethrow=0 return_oop=0}
                                                            ; - jdk.internal.util.ArraysSupport::vectorizedHashCode@153 (line 372)
  0x000077b45805e5c6:   movabs $0x46178db8,%rdx             ;   {metadata(&apos;java/lang/String&apos;)}
  0x000077b45805e5d0:   mov    0x1b0(%r15),%rax
  0x000077b45805e5d7:   lea    0x18(%rax),%rdi
  0x000077b45805e5db:   cmp    0x1c0(%r15),%rdi
  0x000077b45805e5e2:   ja     0x000077b45805e85d
  0x000077b45805e5e8:   mov    %rdi,0x1b0(%r15)
  0x000077b45805e5ef:   movq   $0x1,(%rax)
  0x000077b45805e5f6:   mov    %rdx,%rcx
  0x000077b45805e5f9:   mov    $0x46000000,%r10d
  0x000077b45805e5ff:   sub    %r10,%rcx
  0x000077b45805e602:   mov    %ecx,0x8(%rax)
  0x000077b45805e605:   xor    %rcx,%rcx
  0x000077b45805e608:   mov    %ecx,0xc(%rax)
  0x000077b45805e60b:   xor    %rcx,%rcx
  0x000077b45805e60e:   mov    %rcx,0x10(%rax)              ;*new {reexecute=0 rethrow=0 return_oop=0}
                                                            ; - java.lang.StringBuilder::toString@10 (line 478)
                                                            ; - jdk.internal.util.ArraysSupport::vectorizedHashCode@150 (line 372)
  0x000077b45805e612:   mov    %rax,%rdx
  0x000077b45805e615:   movabs $0x77b41401b880,%rcx         ;   {metadata(method data for {method} {0x00000000461b93a0} &apos;toString&apos; &apos;()Ljava/lang/String;&apos; in &apos;java/lang/StringBuilder&apos;)}
  0x000077b45805e61f:   addq   $0x1,0x128(%rcx)
  0x000077b45805e627:   mov    %rbx,%rdx
  0x000077b45805e62a:   movabs $0x0,%rcx                    ;   {oop(nullptr)}
  0x000077b45805e634:   mov    %rax,%rsi                    ;*invokespecial &lt;init&gt; {reexecute=0 rethrow=0 return_oop=0}
                                                            ; - java.lang.StringBuilder::toString@16 (line 478)
                                                            ; - jdk.internal.util.ArraysSupport::vectorizedHashCode@150 (line 372)
  0x000077b45805e637:   mov    %rax,0x88(%rsp)
  0x000077b45805e63f:   call   0x000077b45f4ad9e0           ; ImmutableOopMap {[128]=Oop [136]=Oop }
                                                            ;*invokespecial &lt;init&gt; {reexecute=0 rethrow=0 return_oop=0}
                                                            ; - java.lang.StringBuilder::toString@16 (line 478)
                                                            ; - jdk.internal.util.ArraysSupport::vectorizedHashCode@150 (line 372)
                                                            ;   {optimized virtual_call}
  0x000077b45805e644:   nopl   0x9000d3c(%rax,%rax,1)       ;*invokespecial &lt;init&gt; {reexecute=0 rethrow=0 return_oop=0}
                                                            ; - java.lang.StringBuilder::toString@16 (line 478)
                                                            ; - jdk.internal.util.ArraysSupport::vectorizedHashCode@150 (line 372)
                                                            ;   {post_call_nop}
  0x000077b45805e64c:   mov    0x88(%rsp),%rsi
  0x000077b45805e654:   mov    0x80(%rsp),%rax
  0x000077b45805e65c:   mov    %rax,%rdx
  0x000077b45805e65f:   movabs $0x77b4140167b8,%rdi         ;   {metadata(method data for {method} {0x000000004648e460} &apos;vectorizedHashCode&apos; &apos;(Ljava/lang/Object;IIII)I&apos; in &apos;jdk/internal/util/ArraysSupport&apos;)}
  0x000077b45805e669:   addq   $0x1,0x468(%rdi)
  0x000077b45805e671:   mov    %rsi,%rdx
  0x000077b45805e674:   mov    %rax,%rsi                    ;*invokespecial &lt;init&gt; {reexecute=0 rethrow=0 return_oop=0}
                                                            ; - jdk.internal.util.ArraysSupport::vectorizedHashCode@153 (line 372)
  0x000077b45805e677:   call   0x000077b45f4ad9e0           ; ImmutableOopMap {[128]=Oop }
                                                            ;*invokespecial &lt;init&gt; {reexecute=0 rethrow=0 return_oop=0}
                                                            ; - jdk.internal.util.ArraysSupport::vectorizedHashCode@153 (line 372)
                                                            ;   {optimized virtual_call}
  0x000077b45805e67c:   nopl   0xa000d74(%rax,%rax,1)       ;*invokespecial &lt;init&gt; {reexecute=0 rethrow=0 return_oop=0}
                                                            ; - jdk.internal.util.ArraysSupport::vectorizedHashCode@153 (line 372)
                                                            ;   {post_call_nop}
  0x000077b45805e684:   mov    0x80(%rsp),%rax
  0x000077b45805e68c:   jmp    0x000077b45805e887
  0x000077b45805e691:   movabs $0x4648e460,%r10             ;   {metadata({method} {0x000000004648e460} &apos;vectorizedHashCode&apos; &apos;(Ljava/lang/Object;IIII)I&apos; in &apos;jdk/internal/util/ArraysSupport&apos;)}
  0x000077b45805e69b:   mov    %r10,0x8(%rsp)
  0x000077b45805e6a0:   movq   $0xffffffffffffffff,(%rsp)
  0x000077b45805e6a8:   call   0x000077b45f582fe0           ; ImmutableOopMap {rsi=Oop }
                                                            ;*synchronization entry
                                                            ; - jdk.internal.util.ArraysSupport::vectorizedHashCode@-1 (line 364)
                                                            ;   {runtime_call counter_overflow_blob (C1 runtime)}
  0x000077b45805e6ad:   jmp    0x000077b45805da4b
  0x000077b45805e6b2:   movabs $0x0,%rdx                    ;   {metadata(nullptr)}
  0x000077b45805e6bc:   mov    $0xa050f00,%eax
  0x000077b45805e6c1:   call   0x000077b45f5820e0           ; ImmutableOopMap {}
                                                            ;*new {reexecute=1 rethrow=0 return_oop=0}
                                                            ; - (reexecute) jdk.internal.util.ArraysSupport::vectorizedHashCode@129 (line 372)
                                                            ;   {runtime_call load_klass_patching_blob (C1 runtime)}
  0x000077b45805e6c6:   jmp    0x000077b45805db18
  0x000077b45805e6cb:   mov    %rdx,%rdx
  0x000077b45805e6ce:   call   0x000077b45f57d3e0           ; ImmutableOopMap {}
                                                            ;*new {reexecute=0 rethrow=0 return_oop=0}
                                                            ; - jdk.internal.util.ArraysSupport::vectorizedHashCode@129 (line 372)
                                                            ;   {runtime_call fast_new_instance_blob (C1 runtime)}
  0x000077b45805e6d3:   jmp    0x000077b45805db6c
  0x000077b45805e6d8:   movabs $0x0,%rdx                    ;   {metadata(nullptr)}
  0x000077b45805e6e2:   mov    $0xa050f00,%eax
  0x000077b45805e6e7:   call   0x000077b45f5820e0           ; ImmutableOopMap {rax=Oop [128]=Oop }
                                                            ;*new {reexecute=1 rethrow=0 return_oop=0}
                                                            ; - (reexecute) jdk.internal.util.ArraysSupport::vectorizedHashCode@133 (line 372)
                                                            ;   {runtime_call load_klass_patching_blob (C1 runtime)}
  0x000077b45805e6ec:   jmp    0x000077b45805db78
  0x000077b45805e6f1:   mov    %rdx,%rdx
  0x000077b45805e6f4:   call   0x000077b45f57d3e0           ; ImmutableOopMap {[128]=Oop }
                                                            ;*new {reexecute=0 rethrow=0 return_oop=0}
                                                            ; - jdk.internal.util.ArraysSupport::vectorizedHashCode@133 (line 372)
                                                            ;   {runtime_call fast_new_instance_blob (C1 runtime)}
  0x000077b45805e6f9:   jmp    0x000077b45805dbc4
  0x000077b45805e6fe:   movabs $0x461ba900,%r10             ;   {metadata({method} {0x00000000461ba900} &apos;&lt;init&gt;&apos; &apos;()V&apos; in &apos;java/lang/StringBuilder&apos;)}
  0x000077b45805e708:   mov    %r10,0x8(%rsp)
  0x000077b45805e70d:   movq   $0xffffffffffffffff,(%rsp)
  0x000077b45805e715:   call   0x000077b45f582fe0           ; ImmutableOopMap {rax=Oop [128]=Oop }
                                                            ;*synchronization entry
                                                            ; - java.lang.StringBuilder::&lt;init&gt;@-1 (line 106)
                                                            ; - jdk.internal.util.ArraysSupport::vectorizedHashCode@137 (line 372)
                                                            ;   {runtime_call counter_overflow_blob (C1 runtime)}
  0x000077b45805e71a:   jmp    0x000077b45805dc00
  0x000077b45805e71f:   movabs $0x461bab10,%r10             ;   {metadata({method} {0x00000000461bab10} &apos;append&apos; &apos;(Ljava/lang/String;)Ljava/lang/StringBuilder;&apos; in &apos;java/lang/StringBuilder&apos;)}
  0x000077b45805e729:   mov    %r10,0x8(%rsp)
  0x000077b45805e72e:   movq   $0xffffffffffffffff,(%rsp)
  0x000077b45805e736:   call   0x000077b45f582fe0           ; ImmutableOopMap {[112]=Oop [128]=Oop }
                                                            ;*synchronization entry
                                                            ; - java.lang.StringBuilder::append@-1 (line 179)
                                                            ; - jdk.internal.util.ArraysSupport::vectorizedHashCode@142 (line 372)
                                                            ;   {runtime_call counter_overflow_blob (C1 runtime)}
  0x000077b45805e73b:   jmp    0x000077b45805dcce
  0x000077b45805e740:   movabs $0x461bad78,%r10             ;   {metadata({method} {0x00000000461bad78} &apos;append&apos; &apos;(I)Ljava/lang/StringBuilder;&apos; in &apos;java/lang/StringBuilder&apos;)}
  0x000077b45805e74a:   mov    %r10,0x8(%rsp)
  0x000077b45805e74f:   movq   $0xffffffffffffffff,(%rsp)
  0x000077b45805e757:   call   0x000077b45f582fe0           ; ImmutableOopMap {[112]=Oop [128]=Oop }
                                                            ;*synchronization entry
                                                            ; - java.lang.StringBuilder::append@-1 (line 253)
                                                            ; - jdk.internal.util.ArraysSupport::vectorizedHashCode@147 (line 372)
                                                            ;   {runtime_call counter_overflow_blob (C1 runtime)}
  0x000077b45805e75c:   jmp    0x000077b45805dd9e
  0x000077b45805e761:   movabs $0x461b93a0,%r10             ;   {metadata({method} {0x00000000461b93a0} &apos;toString&apos; &apos;()Ljava/lang/String;&apos; in &apos;java/lang/StringBuilder&apos;)}
  0x000077b45805e76b:   mov    %r10,0x8(%rsp)
  0x000077b45805e770:   movq   $0xffffffffffffffff,(%rsp)
  0x000077b45805e778:   call   0x000077b45f582fe0           ; ImmutableOopMap {[112]=Oop [128]=Oop }
                                                            ;*synchronization entry
                                                            ; - java.lang.StringBuilder::toString@-1 (line 474)
                                                            ; - jdk.internal.util.ArraysSupport::vectorizedHashCode@150 (line 372)
                                                            ;   {runtime_call counter_overflow_blob (C1 runtime)}
  0x000077b45805e77d:   jmp    0x000077b45805de66
  0x000077b45805e782:   movabs $0x461b94b8,%r10             ;   {metadata({method} {0x00000000461b94b8} &apos;length&apos; &apos;()I&apos; in &apos;java/lang/StringBuilder&apos;)}
  0x000077b45805e78c:   mov    %r10,0x8(%rsp)
  0x000077b45805e791:   movq   $0xffffffffffffffff,(%rsp)
  0x000077b45805e799:   call   0x000077b45f582fe0           ; ImmutableOopMap {[112]=Oop [128]=Oop }
                                                            ;*synchronization entry
                                                            ; - java.lang.StringBuilder::length@-1 (line 91)
                                                            ; - java.lang.StringBuilder::toString@1 (line 474)
                                                            ; - jdk.internal.util.ArraysSupport::vectorizedHashCode@150 (line 372)
                                                            ;   {runtime_call counter_overflow_blob (C1 runtime)}
  0x000077b45805e79e:   jmp    0x000077b45805defa
  0x000077b45805e7a3:   mov    %rsi,(%rsp)
  0x000077b45805e7a7:   call   0x000077b45f57f3e0           ; ImmutableOopMap {}
                                                            ;*checkcast {reexecute=0 rethrow=0 return_oop=0}
                                                            ; - jdk.internal.util.ArraysSupport::vectorizedHashCode@66 (line 367)
                                                            ;   {runtime_call throw_class_cast_exception_blob (C1 runtime)}
  0x000077b45805e7ac:   movabs $0x77b45805e0fc,%r10         ;   {internal_word}
  0x000077b45805e7b6:   mov    %r10,0x510(%r15)
  0x000077b45805e7bd:   jmp    0x000077b45f4afb60           ;   {runtime_call SafepointBlob}
  0x000077b45805e7c2:   mov    %rsi,(%rsp)
  0x000077b45805e7c6:   call   0x000077b45f57f3e0           ; ImmutableOopMap {}
                                                            ;*checkcast {reexecute=0 rethrow=0 return_oop=0}
                                                            ; - jdk.internal.util.ArraysSupport::vectorizedHashCode@79 (line 368)
                                                            ;   {runtime_call throw_class_cast_exception_blob (C1 runtime)}
  0x000077b45805e7cb:   movabs $0x77b45805e1ec,%r10         ;   {internal_word}
  0x000077b45805e7d5:   mov    %r10,0x510(%r15)
  0x000077b45805e7dc:   jmp    0x000077b45f4afb60           ;   {runtime_call SafepointBlob}
  0x000077b45805e7e1:   mov    %rsi,(%rsp)
  0x000077b45805e7e5:   call   0x000077b45f57f3e0           ; ImmutableOopMap {}
                                                            ;*checkcast {reexecute=0 rethrow=0 return_oop=0}
                                                            ; - jdk.internal.util.ArraysSupport::vectorizedHashCode@118 (line 371)
                                                            ;   {runtime_call throw_class_cast_exception_blob (C1 runtime)}
  0x000077b45805e7ea:   movabs $0x77b45805e2dc,%r10         ;   {internal_word}
  0x000077b45805e7f4:   mov    %r10,0x510(%r15)
  0x000077b45805e7fb:   jmp    0x000077b45f4afb60           ;   {runtime_call SafepointBlob}
  0x000077b45805e800:   mov    %rsi,(%rsp)
  0x000077b45805e804:   call   0x000077b45f57f3e0           ; ImmutableOopMap {}
                                                            ;*checkcast {reexecute=0 rethrow=0 return_oop=0}
                                                            ; - jdk.internal.util.ArraysSupport::vectorizedHashCode@105 (line 370)
                                                            ;   {runtime_call throw_class_cast_exception_blob (C1 runtime)}
  0x000077b45805e809:   movabs $0x77b45805e3cc,%r10         ;   {internal_word}
  0x000077b45805e813:   mov    %r10,0x510(%r15)
  0x000077b45805e81a:   jmp    0x000077b45f4afb60           ;   {runtime_call SafepointBlob}
  0x000077b45805e81f:   mov    %rsi,(%rsp)
  0x000077b45805e823:   call   0x000077b45f57f3e0           ; ImmutableOopMap {}
                                                            ;*checkcast {reexecute=0 rethrow=0 return_oop=0}
                                                            ; - jdk.internal.util.ArraysSupport::vectorizedHashCode@92 (line 369)
                                                            ;   {runtime_call throw_class_cast_exception_blob (C1 runtime)}
  0x000077b45805e828:   movabs $0x77b45805e4bc,%r10         ;   {internal_word}
  0x000077b45805e832:   mov    %r10,0x510(%r15)
  0x000077b45805e839:   jmp    0x000077b45f4afb60           ;   {runtime_call SafepointBlob}
  0x000077b45805e83e:   mov    %rsi,(%rsp)
  0x000077b45805e842:   call   0x000077b45f57f3e0           ; ImmutableOopMap {}
                                                            ;*checkcast {reexecute=0 rethrow=0 return_oop=0}
                                                            ; - jdk.internal.util.ArraysSupport::vectorizedHashCode@46 (line 365)
                                                            ;   {runtime_call throw_class_cast_exception_blob (C1 runtime)}
  0x000077b45805e847:   movabs $0x77b45805e5ac,%r10         ;   {internal_word}
  0x000077b45805e851:   mov    %r10,0x510(%r15)
  0x000077b45805e858:   jmp    0x000077b45f4afb60           ;   {runtime_call SafepointBlob}
  0x000077b45805e85d:   mov    %rdx,%rdx
  0x000077b45805e860:   call   0x000077b45f57d3e0           ; ImmutableOopMap {rbx=Oop [128]=Oop }
                                                            ;*new {reexecute=0 rethrow=0 return_oop=0}
                                                            ; - java.lang.StringBuilder::toString@10 (line 478)
                                                            ; - jdk.internal.util.ArraysSupport::vectorizedHashCode@150 (line 372)
                                                            ;   {runtime_call fast_new_instance_blob (C1 runtime)}
  0x000077b45805e865:   jmp    0x000077b45805e612
  0x000077b45805e86a:   mov    0x5c0(%r15),%rax
  0x000077b45805e871:   movq   $0x0,0x5c0(%r15)
  0x000077b45805e87c:   movq   $0x0,0x5c8(%r15)
  0x000077b45805e887:   add    $0xa0,%rsp
  0x000077b45805e88e:   pop    %rbp
  0x000077b45805e88f:   jmp    0x000077b45f57b760           ;   {runtime_call unwind_exception_blob (C1 runtime)}
  0x000077b45805e894:   hlt    
  0x000077b45805e895:   hlt    
  0x000077b45805e896:   hlt    
  0x000077b45805e897:   hlt    
[Stub Code]
  0x000077b45805e898:   nopl   0x0(%rax,%rax,1)             ;   {other}
  0x000077b45805e89d:   movabs $0x0,%rbx                    ;   {static_stub}
  0x000077b45805e8a7:   jmp    0x000077b45805e8a7           ;   {runtime_call nmethod}
  0x000077b45805e8ac:   nop
  0x000077b45805e8ad:   movabs $0x0,%rbx                    ;   {static_stub}
  0x000077b45805e8b7:   jmp    0x000077b45805e8b7           ;   {runtime_call nmethod}
  0x000077b45805e8bc:   movabs $0x0,%rbx                    ;   {static_stub}
  0x000077b45805e8c6:   jmp    0x000077b45805e8c6           ;   {runtime_call nmethod}
  0x000077b45805e8cb:   movabs $0x0,%rbx                    ;   {static_stub}
  0x000077b45805e8d5:   jmp    0x000077b45805e8d5           ;   {runtime_call nmethod}
  0x000077b45805e8da:   movabs $0x0,%rbx                    ;   {static_stub}
  0x000077b45805e8e4:   jmp    0x000077b45805e8e4           ;   {runtime_call nmethod}
  0x000077b45805e8e9:   movabs $0x0,%rbx                    ;   {static_stub}
  0x000077b45805e8f3:   jmp    0x000077b45805e8f3           ;   {runtime_call nmethod}
  0x000077b45805e8f8:   movabs $0x0,%rbx                    ;   {static_stub}
  0x000077b45805e902:   jmp    0x000077b45805e902           ;   {runtime_call nmethod}
  0x000077b45805e907:   movabs $0x0,%rbx                    ;   {static_stub}
  0x000077b45805e911:   jmp    0x000077b45805e911           ;   {runtime_call nmethod}
  0x000077b45805e916:   movabs $0x0,%rbx                    ;   {static_stub}
  0x000077b45805e920:   jmp    0x000077b45805e920           ;   {runtime_call nmethod}
  0x000077b45805e925:   movabs $0x0,%rbx                    ;   {static_stub}
  0x000077b45805e92f:   jmp    0x000077b45805e92f           ;   {runtime_call nmethod}
  0x000077b45805e934:   movabs $0x0,%rbx                    ;   {static_stub}
  0x000077b45805e93e:   jmp    0x000077b45805e93e           ;   {runtime_call nmethod}
[Exception Handler]
  0x000077b45805e943:   call   0x000077b45f57ede0           ;   {runtime_call handle_exception_from_callee_blob (C1 runtime)}
  0x000077b45805e948:   movabs $0x77b478d3aec4,%rdi         ;   {external_word}
  0x000077b45805e952:   and    $0xfffffffffffffff0,%rsp
  0x000077b45805e956:   call   0x000077b478791cc0           ;   {runtime_call MacroAssembler::debug64(char*, long, long*)}
  0x000077b45805e95b:   hlt    
  0x000077b45805e95c:   call   0x000077b45f4afe60           ;   {runtime_call DeoptimizationBlob}
[Deopt Handler Entry Point]
  0x000077b45805e961:   jmp    0x000077b45805e95c
  0x000077b45805e963:   hlt    
  0x000077b45805e964:   hlt    
  0x000077b45805e965:   hlt    
  0x000077b45805e966:   hlt    
  0x000077b45805e967:   hlt    
--------------------------------------------------------------------------------
[/Disassembly]
