
============================= C1-compiled nmethod ==============================
----------------------------------- Assembly -----------------------------------

Compiled method (c1) 10636  609       3       java.lang.String::&lt;init&gt; (86 bytes)
 total in heap  [0x000077b45805d488,0x000077b45805d8e0] = 1112
 main code      [0x000077b45805d580,0x000077b45805d870] = 752
 stub code      [0x000077b45805d870,0x000077b45805d8e0] = 112
 mutable data [0x000077b3e80286d0,0x000077b3e8028768] = 152
 relocation     [0x000077b3e80286d0,0x000077b3e8028760] = 144
 metadata       [0x000077b3e8028760,0x000077b3e8028768] = 8
 immutable data [0x000077b3e8028440,0x000077b3e80286bc] = 636
 dependencies   [0x000077b3e8028440,0x000077b3e8028448] = 8
 scopes pcs     [0x000077b3e8028448,0x000077b3e8028608] = 448
 scopes data    [0x000077b3e8028608,0x000077b3e80286b8] = 176

[Disassembly]
--------------------------------------------------------------------------------
[Constant Pool (empty)]

--------------------------------------------------------------------------------

[Instructions begin]
  0x000077b45805d580:   data16 data16 nopw 0x0(%rax,%rax,1)
  0x000077b45805d58b:   data16 data16 xchg %ax,%ax
  0x000077b45805d58f:   data16 xchg %ax,%ax
[Entry Point]
  # {method} {0x00000000464a2230} &apos;&lt;init&gt;&apos; &apos;(Ljava/nio/charset/Charset;[BII)V&apos; in &apos;java/lang/String&apos;
  # this:     rsi:rsi   = &apos;java/lang/String&apos;
  # parm0:    rdx:rdx   = &apos;java/nio/charset/Charset&apos;
  # parm1:    rcx:rcx   = &apos;[B&apos;
  # parm2:    r8        = int
  # parm3:    r9        = int
  #           [sp+0x50]  (sp of caller)
  0x000077b45805d592:   mov    0x8(%rsi),%r10d
  0x000077b45805d596:   cmp    0x8(%rax),%r10d
  0x000077b45805d59a:   jne    0x000077b45f4ad6e0           ;   {runtime_call ic_miss_blob (shared runtime)}
[Verified Entry Point]
  0x000077b45805d5a0:   mov    %eax,-0x14000(%rsp)
  0x000077b45805d5a7:   push   %rbp
  0x000077b45805d5a8:   sub    $0x40,%rsp
  0x000077b45805d5ac:   cmpl   $0x1,0x20(%r15)
  0x000077b45805d5b4:   je     0x000077b45805d5bb
  0x000077b45805d5b6:   call   Stub::method_entry_barrier_stub (stub gen)
                                                            ;   {runtime_call Stub::method_entry_barrier_stub (stub gen)}
  0x000077b45805d5bb:   movabs $0x77b414130d88,%rdi         ;   {metadata(method data for {method} {0x00000000464a2230} &apos;&lt;init&gt;&apos; &apos;(Ljava/nio/charset/Charset;[BII)V&apos; in &apos;java/lang/String&apos;)}
  0x000077b45805d5c5:   mov    0x90(%rdi),%ebx
  0x000077b45805d5cb:   add    $0x2,%ebx
  0x000077b45805d5ce:   mov    %ebx,0x90(%rdi)
  0x000077b45805d5d4:   and    $0x7fe,%ebx
  0x000077b45805d5da:   test   %ebx,%ebx
  0x000077b45805d5dc:   je     0x000077b45805d80c           ;*iload {reexecute=0 rethrow=0 return_oop=0}
                                                            ; - java.lang.String::&lt;init&gt;@0 (line 586)
  0x000077b45805d5e2:   test   %r9d,%r9d
  0x000077b45805d5e5:   movabs $0x77b414130d88,%rdi         ;   {metadata(method data for {method} {0x00000000464a2230} &apos;&lt;init&gt;&apos; &apos;(Ljava/nio/charset/Charset;[BII)V&apos; in &apos;java/lang/String&apos;)}
  0x000077b45805d5ef:   mov    $0xe8,%ebx
  0x000077b45805d5f4:   je     0x000077b45805d5fb
  0x000077b45805d5f6:   mov    $0xd8,%ebx
  0x000077b45805d5fb:   mov    (%rdi,%rbx,1),%rax
  0x000077b45805d5ff:   lea    0x1(%rax),%rax
  0x000077b45805d603:   mov    %rax,(%rdi,%rbx,1)
  0x000077b45805d607:   je     0x000077b45805d7b1           ;*ifne {reexecute=0 rethrow=0 return_oop=0}
                                                            ; - java.lang.String::&lt;init&gt;@2 (line 586)
  0x000077b45805d60d:   movabs $0x41f801678,%r10            ;   {oop(a &apos;sun/nio/cs/UTF_8&apos;{0x000000041f801678})}
  0x000077b45805d617:   cmp    %r10,%rdx
  0x000077b45805d61a:   movabs $0x77b414130d88,%rdi         ;   {metadata(method data for {method} {0x00000000464a2230} &apos;&lt;init&gt;&apos; &apos;(Ljava/nio/charset/Charset;[BII)V&apos; in &apos;java/lang/String&apos;)}
  0x000077b45805d624:   mov    $0x120,%ebx
  0x000077b45805d629:   je     0x000077b45805d630
  0x000077b45805d62b:   mov    $0x110,%ebx
  0x000077b45805d630:   mov    (%rdi,%rbx,1),%rax
  0x000077b45805d634:   lea    0x1(%rax),%rax
  0x000077b45805d638:   mov    %rax,(%rdi,%rbx,1)
  0x000077b45805d63c:   je     0x000077b45805d769           ;*if_acmpne {reexecute=0 rethrow=0 return_oop=0}
                                                            ; - java.lang.String::&lt;init&gt;@16 (line 588)
  0x000077b45805d642:   movabs $0x41f81a7e8,%r10            ;   {oop(a &apos;sun/nio/cs/ISO_8859_1&apos;{0x000000041f81a7e8})}
  0x000077b45805d64c:   cmp    %r10,%rdx
  0x000077b45805d64f:   movabs $0x77b414130d88,%rdi         ;   {metadata(method data for {method} {0x00000000464a2230} &apos;&lt;init&gt;&apos; &apos;(Ljava/nio/charset/Charset;[BII)V&apos; in &apos;java/lang/String&apos;)}
  0x000077b45805d659:   mov    $0x168,%ebx
  0x000077b45805d65e:   je     0x000077b45805d665
  0x000077b45805d660:   mov    $0x158,%ebx
  0x000077b45805d665:   mov    (%rdi,%rbx,1),%rax
  0x000077b45805d669:   lea    0x1(%rax),%rax
  0x000077b45805d66d:   mov    %rax,(%rdi,%rbx,1)
  0x000077b45805d671:   je     0x000077b45805d721           ;*if_acmpne {reexecute=0 rethrow=0 return_oop=0}
                                                            ; - java.lang.String::&lt;init&gt;@35 (line 590)
  0x000077b45805d677:   movabs $0x41f81a760,%r10            ;   {oop(a &apos;sun/nio/cs/US_ASCII&apos;{0x000000041f81a760})}
  0x000077b45805d681:   cmp    %r10,%rdx
  0x000077b45805d684:   movabs $0x77b414130d88,%rdi         ;   {metadata(method data for {method} {0x00000000464a2230} &apos;&lt;init&gt;&apos; &apos;(Ljava/nio/charset/Charset;[BII)V&apos; in &apos;java/lang/String&apos;)}
  0x000077b45805d68e:   mov    $0x1a0,%ebx
  0x000077b45805d693:   jne    0x000077b45805d69a
  0x000077b45805d695:   mov    $0x1b0,%ebx
  0x000077b45805d69a:   mov    (%rdi,%rbx,1),%rax
  0x000077b45805d69e:   lea    0x1(%rax),%rax
  0x000077b45805d6a2:   mov    %rax,(%rdi,%rbx,1)
  0x000077b45805d6a6:   mov    %rsi,0x28(%rsp)
  0x000077b45805d6ab:   jne    0x000077b45805d6f1           ;*if_acmpne {reexecute=0 rethrow=0 return_oop=0}
                                                            ; - java.lang.String::&lt;init&gt;@54 (line 592)
  0x000077b45805d6b1:   movabs $0x77b414130d88,%rdx         ;   {metadata(method data for {method} {0x00000000464a2230} &apos;&lt;init&gt;&apos; &apos;(Ljava/nio/charset/Charset;[BII)V&apos; in &apos;java/lang/String&apos;)}
  0x000077b45805d6bb:   addq   $0x1,0x1c0(%rdx)
  0x000077b45805d6c3:   mov    %rcx,%rsi
  0x000077b45805d6c6:   mov    %r8,%rdx
  0x000077b45805d6c9:   mov    %r9,%rcx                     ;*invokestatic ascii {reexecute=0 rethrow=0 return_oop=0}
                                                            ; - java.lang.String::&lt;init&gt;@61 (line 593)
  0x000077b45805d6cc:   data16 xchg %ax,%ax
  0x000077b45805d6cf:   call   0x000077b45f4adfe0           ; ImmutableOopMap {[40]=Oop }
                                                            ;*invokestatic ascii {reexecute=0 rethrow=0 return_oop=0}
                                                            ; - java.lang.String::&lt;init&gt;@61 (line 593)
                                                            ;   {static_call}
  0x000077b45805d6d4:   nopl   0x24c(%rax,%rax,1)           ;*invokestatic ascii {reexecute=0 rethrow=0 return_oop=0}
                                                            ; - java.lang.String::&lt;init&gt;@61 (line 593)
                                                            ;   {post_call_nop}
  0x000077b45805d6dc:   movabs $0x77b414130d88,%rsi         ;   {metadata(method data for {method} {0x00000000464a2230} &apos;&lt;init&gt;&apos; &apos;(Ljava/nio/charset/Charset;[BII)V&apos; in &apos;java/lang/String&apos;)}
  0x000077b45805d6e6:   incl   0x1d0(%rsi)
  0x000077b45805d6ec:   jmp    0x000077b45805d7d0           ;*goto {reexecute=0 rethrow=0 return_oop=0}
                                                            ; - java.lang.String::&lt;init&gt;@66 (line 593)
  0x000077b45805d6f1:   movabs $0x77b414130d88,%rsi         ;   {metadata(method data for {method} {0x00000000464a2230} &apos;&lt;init&gt;&apos; &apos;(Ljava/nio/charset/Charset;[BII)V&apos; in &apos;java/lang/String&apos;)}
  0x000077b45805d6fb:   addq   $0x1,0x1e8(%rsi)
  0x000077b45805d703:   mov    %rdx,%rsi
  0x000077b45805d706:   mov    %rcx,%rdx
  0x000077b45805d709:   mov    %r8,%rcx
  0x000077b45805d70c:   mov    %r9,%r8                      ;*invokestatic decode {reexecute=0 rethrow=0 return_oop=0}
                                                            ; - java.lang.String::&lt;init&gt;@74 (line 595)
  0x000077b45805d70f:   call   0x000077b45f4adfe0           ; ImmutableOopMap {[40]=Oop }
                                                            ;*invokestatic decode {reexecute=0 rethrow=0 return_oop=0}
                                                            ; - java.lang.String::&lt;init&gt;@74 (line 595)
                                                            ;   {static_call}
  0x000077b45805d714:   nopl   0x100028c(%rax,%rax,1)       ;*invokestatic decode {reexecute=0 rethrow=0 return_oop=0}
                                                            ; - java.lang.String::&lt;init&gt;@74 (line 595)
                                                            ;   {post_call_nop}
  0x000077b45805d71c:   jmp    0x000077b45805d7d0           ;*aload_0 {reexecute=0 rethrow=0 return_oop=0}
                                                            ; - java.lang.String::&lt;init&gt;@79 (line 597)
  0x000077b45805d721:   mov    %rsi,0x28(%rsp)
  0x000077b45805d726:   movabs $0x77b414130d88,%rsi         ;   {metadata(method data for {method} {0x00000000464a2230} &apos;&lt;init&gt;&apos; &apos;(Ljava/nio/charset/Charset;[BII)V&apos; in &apos;java/lang/String&apos;)}
  0x000077b45805d730:   addq   $0x1,0x178(%rsi)
  0x000077b45805d738:   mov    %rcx,%rsi
  0x000077b45805d73b:   mov    %r8,%rdx
  0x000077b45805d73e:   mov    %r9,%rcx                     ;*invokestatic iso88591 {reexecute=0 rethrow=0 return_oop=0}
                                                            ; - java.lang.String::&lt;init&gt;@42 (line 591)
  0x000077b45805d741:   nopw   0x0(%rax,%rax,1)
  0x000077b45805d747:   call   0x000077b45f4adfe0           ; ImmutableOopMap {[40]=Oop }
                                                            ;*invokestatic iso88591 {reexecute=0 rethrow=0 return_oop=0}
                                                            ; - java.lang.String::&lt;init&gt;@42 (line 591)
                                                            ;   {static_call}
  0x000077b45805d74c:   nopl   0x20002c4(%rax,%rax,1)       ;*invokestatic iso88591 {reexecute=0 rethrow=0 return_oop=0}
                                                            ; - java.lang.String::&lt;init&gt;@42 (line 591)
                                                            ;   {post_call_nop}
  0x000077b45805d754:   movabs $0x77b414130d88,%rsi         ;   {metadata(method data for {method} {0x00000000464a2230} &apos;&lt;init&gt;&apos; &apos;(Ljava/nio/charset/Charset;[BII)V&apos; in &apos;java/lang/String&apos;)}
  0x000077b45805d75e:   incl   0x188(%rsi)
  0x000077b45805d764:   jmp    0x000077b45805d7d0           ;*goto {reexecute=0 rethrow=0 return_oop=0}
                                                            ; - java.lang.String::&lt;init&gt;@47 (line 591)
  0x000077b45805d769:   mov    %rsi,0x28(%rsp)
  0x000077b45805d76e:   movabs $0x77b414130d88,%rsi         ;   {metadata(method data for {method} {0x00000000464a2230} &apos;&lt;init&gt;&apos; &apos;(Ljava/nio/charset/Charset;[BII)V&apos; in &apos;java/lang/String&apos;)}
  0x000077b45805d778:   addq   $0x1,0x130(%rsi)
  0x000077b45805d780:   mov    %rcx,%rsi
  0x000077b45805d783:   mov    %r8,%rdx
  0x000077b45805d786:   mov    %r9,%rcx                     ;*invokestatic utf8 {reexecute=0 rethrow=0 return_oop=0}
                                                            ; - java.lang.String::&lt;init&gt;@23 (line 589)
  0x000077b45805d789:   nopw   0x0(%rax,%rax,1)
  0x000077b45805d78f:   call   0x000077b45f4adfe0           ; ImmutableOopMap {[40]=Oop }
                                                            ;*invokestatic utf8 {reexecute=0 rethrow=0 return_oop=0}
                                                            ; - java.lang.String::&lt;init&gt;@23 (line 589)
                                                            ;   {static_call}
  0x000077b45805d794:   nopl   0x300030c(%rax,%rax,1)       ;*invokestatic utf8 {reexecute=0 rethrow=0 return_oop=0}
                                                            ; - java.lang.String::&lt;init&gt;@23 (line 589)
                                                            ;   {post_call_nop}
  0x000077b45805d79c:   movabs $0x77b414130d88,%rdx         ;   {metadata(method data for {method} {0x00000000464a2230} &apos;&lt;init&gt;&apos; &apos;(Ljava/nio/charset/Charset;[BII)V&apos; in &apos;java/lang/String&apos;)}
  0x000077b45805d7a6:   incl   0x140(%rdx)
  0x000077b45805d7ac:   jmp    0x000077b45805d7d0           ;*goto {reexecute=0 rethrow=0 return_oop=0}
                                                            ; - java.lang.String::&lt;init&gt;@28 (line 589)
  0x000077b45805d7b1:   mov    %rsi,0x28(%rsp)
  0x000077b45805d7b6:   movabs $0x77b414130d88,%rdx         ;   {metadata(method data for {method} {0x00000000464a2230} &apos;&lt;init&gt;&apos; &apos;(Ljava/nio/charset/Charset;[BII)V&apos; in &apos;java/lang/String&apos;)}
  0x000077b45805d7c0:   incl   0xf8(%rdx)
  0x000077b45805d7c6:   movabs $0x7ff8044c8,%rax            ;*goto {reexecute=0 rethrow=0 return_oop=0}
                                                            ; - java.lang.String::&lt;init&gt;@9 (line 587)
                                                            ;   {oop(&quot;&quot;{0x00000007ff8044c8})}
  0x000077b45805d7d0:   mov    0x28(%rsp),%rsi
  0x000077b45805d7d5:   mov    %rsi,%rdx
  0x000077b45805d7d8:   movabs $0x77b414130d88,%rdi         ;   {metadata(method data for {method} {0x00000000464a2230} &apos;&lt;init&gt;&apos; &apos;(Ljava/nio/charset/Charset;[BII)V&apos; in &apos;java/lang/String&apos;)}
  0x000077b45805d7e2:   addq   $0x1,0x1f8(%rdi)
  0x000077b45805d7ea:   mov    %rax,%rdx                    ;*invokespecial &lt;init&gt; {reexecute=0 rethrow=0 return_oop=0}
                                                            ; - java.lang.String::&lt;init&gt;@82 (line 597)
  0x000077b45805d7ed:   xchg   %ax,%ax
  0x000077b45805d7ef:   call   0x000077b45f4ad9e0           ; ImmutableOopMap {}
                                                            ;*invokespecial &lt;init&gt; {reexecute=0 rethrow=0 return_oop=0}
                                                            ; - java.lang.String::&lt;init&gt;@82 (line 597)
                                                            ;   {optimized virtual_call}
  0x000077b45805d7f4:   nopl   0x400036c(%rax,%rax,1)       ;*invokespecial &lt;init&gt; {reexecute=0 rethrow=0 return_oop=0}
                                                            ; - java.lang.String::&lt;init&gt;@82 (line 597)
                                                            ;   {post_call_nop}
  0x000077b45805d7fc:   add    $0x40,%rsp
  0x000077b45805d800:   pop    %rbp
  0x000077b45805d801:   cmp    0x28(%r15),%rsp              ;   {poll_return}
  0x000077b45805d805:   ja     0x000077b45805d82d
  0x000077b45805d80b:   ret    
  0x000077b45805d80c:   movabs $0x464a2230,%r10             ;   {metadata({method} {0x00000000464a2230} &apos;&lt;init&gt;&apos; &apos;(Ljava/nio/charset/Charset;[BII)V&apos; in &apos;java/lang/String&apos;)}
  0x000077b45805d816:   mov    %r10,0x8(%rsp)
  0x000077b45805d81b:   movq   $0xffffffffffffffff,(%rsp)
  0x000077b45805d823:   call   0x000077b45f582fe0           ; ImmutableOopMap {rsi=Oop rdx=Oop rcx=Oop }
                                                            ;*synchronization entry
                                                            ; - java.lang.String::&lt;init&gt;@-1 (line 586)
                                                            ;   {runtime_call counter_overflow_blob (C1 runtime)}
  0x000077b45805d828:   jmp    0x000077b45805d5e2
  0x000077b45805d82d:   movabs $0x77b45805d801,%r10         ;   {internal_word}
  0x000077b45805d837:   mov    %r10,0x510(%r15)
  0x000077b45805d83e:   jmp    0x000077b45f4afb60           ;   {runtime_call SafepointBlob}
  0x000077b45805d843:   mov    0x5c0(%r15),%rax
  0x000077b45805d84a:   movq   $0x0,0x5c0(%r15)
  0x000077b45805d855:   movq   $0x0,0x5c8(%r15)
  0x000077b45805d860:   add    $0x40,%rsp
  0x000077b45805d864:   pop    %rbp
  0x000077b45805d865:   jmp    0x000077b45f57b760           ;   {runtime_call unwind_exception_blob (C1 runtime)}
  0x000077b45805d86a:   hlt    
  0x000077b45805d86b:   hlt    
  0x000077b45805d86c:   hlt    
  0x000077b45805d86d:   hlt    
  0x000077b45805d86e:   hlt    
  0x000077b45805d86f:   hlt    
[Stub Code]
  0x000077b45805d870:   movabs $0x0,%rbx                    ;   {static_stub}
  0x000077b45805d87a:   jmp    0x000077b45805d87a           ;   {runtime_call nmethod}
  0x000077b45805d87f:   movabs $0x0,%rbx                    ;   {static_stub}
  0x000077b45805d889:   jmp    0x000077b45805d889           ;   {runtime_call nmethod}
  0x000077b45805d88e:   movabs $0x0,%rbx                    ;   {static_stub}
  0x000077b45805d898:   jmp    0x000077b45805d898           ;   {runtime_call nmethod}
  0x000077b45805d89d:   movabs $0x0,%rbx                    ;   {static_stub}
  0x000077b45805d8a7:   jmp    0x000077b45805d8a7           ;   {runtime_call nmethod}
  0x000077b45805d8ac:   movabs $0x0,%rbx                    ;   {static_stub}
  0x000077b45805d8b6:   jmp    0x000077b45805d8b6           ;   {runtime_call nmethod}
[Exception Handler]
  0x000077b45805d8bb:   call   0x000077b45f57ede0           ;   {runtime_call handle_exception_from_callee_blob (C1 runtime)}
  0x000077b45805d8c0:   movabs $0x77b478d3aec4,%rdi         ;   {external_word}
  0x000077b45805d8ca:   and    $0xfffffffffffffff0,%rsp
  0x000077b45805d8ce:   call   0x000077b478791cc0           ;   {runtime_call MacroAssembler::debug64(char*, long, long*)}
  0x000077b45805d8d3:   hlt    
  0x000077b45805d8d4:   call   0x000077b45f4afe60           ;   {runtime_call DeoptimizationBlob}
[Deopt Handler Entry Point]
  0x000077b45805d8d9:   jmp    0x000077b45805d8d4
  0x000077b45805d8db:   hlt    
  0x000077b45805d8dc:   hlt    
  0x000077b45805d8dd:   hlt    
  0x000077b45805d8de:   hlt    
  0x000077b45805d8df:   hlt    
--------------------------------------------------------------------------------
[/Disassembly]
