
============================= C1-compiled nmethod ==============================
----------------------------------- Assembly -----------------------------------

Compiled method (c1) 12451  716       3       java.nio.Buffer::nextGetIndex (32 bytes)
 total in heap  [0x000077b45806d288,0x000077b45806d538] = 688
 main code      [0x000077b45806d380,0x000077b45806d500] = 384
 stub code      [0x000077b45806d500,0x000077b45806d538] = 56
 mutable data [0x000077b3e8093440,0x000077b3e8093488] = 72
 relocation     [0x000077b3e8093440,0x000077b3e8093480] = 64
 metadata       [0x000077b3e8093480,0x000077b3e8093488] = 8
 immutable data [0x000077b3e80991c0,0x000077b3e8099314] = 340
 dependencies   [0x000077b3e80991c0,0x000077b3e80991c8] = 8
 scopes pcs     [0x000077b3e80991c8,0x000077b3e80992b8] = 240
 scopes data    [0x000077b3e80992b8,0x000077b3e8099310] = 88

[Disassembly]
--------------------------------------------------------------------------------
[Constant Pool (empty)]

--------------------------------------------------------------------------------

[Instructions begin]
  0x000077b45806d380:   data16 data16 nopw 0x0(%rax,%rax,1)
  0x000077b45806d38b:   data16 data16 xchg %ax,%ax
  0x000077b45806d38f:   data16 xchg %ax,%ax
[Entry Point]
  # {method} {0x00000000461c11f0} &apos;nextGetIndex&apos; &apos;(I)I&apos; in &apos;java/nio/Buffer&apos;
  # this:     rsi:rsi   = &apos;java/nio/Buffer&apos;
  # parm0:    rdx       = int
  #           [sp+0x40]  (sp of caller)
  0x000077b45806d392:   mov    0x8(%rsi),%r10d
  0x000077b45806d396:   cmp    0x8(%rax),%r10d
  0x000077b45806d39a:   jne    0x000077b45f4ad6e0           ;   {runtime_call ic_miss_blob (shared runtime)}
[Verified Entry Point]
  0x000077b45806d3a0:   mov    %eax,-0x14000(%rsp)
  0x000077b45806d3a7:   push   %rbp
  0x000077b45806d3a8:   sub    $0x30,%rsp
  0x000077b45806d3ac:   cmpl   $0x1,0x20(%r15)
  0x000077b45806d3b4:   je     0x000077b45806d3bb
  0x000077b45806d3b6:   call   Stub::method_entry_barrier_stub (stub gen)
                                                            ;   {runtime_call Stub::method_entry_barrier_stub (stub gen)}
  0x000077b45806d3bb:   movabs $0x77b414209d08,%rax         ;   {metadata(method data for {method} {0x00000000461c11f0} &apos;nextGetIndex&apos; &apos;(I)I&apos; in &apos;java/nio/Buffer&apos;)}
  0x000077b45806d3c5:   mov    0x90(%rax),%edi
  0x000077b45806d3cb:   add    $0x2,%edi
  0x000077b45806d3ce:   mov    %edi,0x90(%rax)
  0x000077b45806d3d4:   and    $0x7fe,%edi
  0x000077b45806d3da:   test   %edi,%edi
  0x000077b45806d3dc:   je     0x000077b45806d476           ;*aload_0 {reexecute=0 rethrow=0 return_oop=0}
                                                            ; - java.nio.Buffer::nextGetIndex@0 (line 718)
  0x000077b45806d3e2:   mov    0x18(%rsi),%eax              ;*getfield position {reexecute=0 rethrow=0 return_oop=0}
                                                            ; - java.nio.Buffer::nextGetIndex@1 (line 718)
  0x000077b45806d3e5:   mov    0x1c(%rsi),%edi              ;*getfield limit {reexecute=0 rethrow=0 return_oop=0}
                                                            ; - java.nio.Buffer::nextGetIndex@6 (line 719)
  0x000077b45806d3e8:   sub    %eax,%edi
  0x000077b45806d3ea:   cmp    %edx,%edi
  0x000077b45806d3ec:   movabs $0x77b414209d08,%rdi         ;   {metadata(method data for {method} {0x00000000461c11f0} &apos;nextGetIndex&apos; &apos;(I)I&apos; in &apos;java/nio/Buffer&apos;)}
  0x000077b45806d3f6:   mov    $0xe8,%ebx
  0x000077b45806d3fb:   jl     0x000077b45806d402
  0x000077b45806d3fd:   mov    $0xd8,%ebx
  0x000077b45806d402:   mov    (%rdi,%rbx,1),%rcx
  0x000077b45806d406:   lea    0x1(%rcx),%rcx
  0x000077b45806d40a:   mov    %rcx,(%rdi,%rbx,1)
  0x000077b45806d40e:   jl     0x000077b45806d42c           ;*if_icmpge {reexecute=0 rethrow=0 return_oop=0}
                                                            ; - java.nio.Buffer::nextGetIndex@12 (line 719)
  0x000077b45806d414:   mov    %rax,%rdi
  0x000077b45806d417:   add    %edx,%edi
  0x000077b45806d419:   mov    %edi,0x18(%rsi)              ;*putfield position {reexecute=0 rethrow=0 return_oop=0}
                                                            ; - java.nio.Buffer::nextGetIndex@27 (line 721)
  0x000077b45806d41c:   add    $0x30,%rsp
  0x000077b45806d420:   pop    %rbp
  0x000077b45806d421:   cmp    0x28(%r15),%rsp              ;   {poll_return}
  0x000077b45806d425:   ja     0x000077b45806d497
  0x000077b45806d42b:   ret                                 ;*ireturn {reexecute=0 rethrow=0 return_oop=0}
                                                            ; - java.nio.Buffer::nextGetIndex@31 (line 722)
  0x000077b45806d42c:   nopl   0x0(%rax)
  0x000077b45806d430:   jmp    0x000077b45806d4bc           ;   {other}
  0x000077b45806d435:   add    %al,(%rax)
  0x000077b45806d437:   add    %al,(%rax)
  0x000077b45806d439:   add    %ch,%cl
  0x000077b45806d43b:   xchg   %eax,(%rax)
  0x000077b45806d43d:   add    %al,(%rax)                   ;*new {reexecute=0 rethrow=0 return_oop=0}
                                                            ; - java.nio.Buffer::nextGetIndex@15 (line 720)
  0x000077b45806d43f:   mov    %rax,%rsi
  0x000077b45806d442:   movabs $0x77b414209d08,%rdi         ;   {metadata(method data for {method} {0x00000000461c11f0} &apos;nextGetIndex&apos; &apos;(I)I&apos; in &apos;java/nio/Buffer&apos;)}
  0x000077b45806d44c:   addq   $0x1,0xf8(%rdi)
  0x000077b45806d454:   mov    %rax,%rsi                    ;*invokespecial &lt;init&gt; {reexecute=0 rethrow=0 return_oop=0}
                                                            ; - java.nio.Buffer::nextGetIndex@19 (line 720)
  0x000077b45806d457:   mov    %rax,0x20(%rsp)
  0x000077b45806d45c:   data16 xchg %ax,%ax
  0x000077b45806d45f:   call   0x000077b45f4ad9e0           ; ImmutableOopMap {[32]=Oop }
                                                            ;*invokespecial &lt;init&gt; {reexecute=0 rethrow=0 return_oop=0}
                                                            ; - java.nio.Buffer::nextGetIndex@19 (line 720)
                                                            ;   {optimized virtual_call}
  0x000077b45806d464:   nopl   0x1dc(%rax,%rax,1)           ;*invokespecial &lt;init&gt; {reexecute=0 rethrow=0 return_oop=0}
                                                            ; - java.nio.Buffer::nextGetIndex@19 (line 720)
                                                            ;   {post_call_nop}
  0x000077b45806d46c:   mov    0x20(%rsp),%rax
  0x000077b45806d471:   jmp    0x000077b45806d4f0
  0x000077b45806d476:   movabs $0x461c11f0,%r10             ;   {metadata({method} {0x00000000461c11f0} &apos;nextGetIndex&apos; &apos;(I)I&apos; in &apos;java/nio/Buffer&apos;)}
  0x000077b45806d480:   mov    %r10,0x8(%rsp)
  0x000077b45806d485:   movq   $0xffffffffffffffff,(%rsp)
  0x000077b45806d48d:   call   0x000077b45f582fe0           ; ImmutableOopMap {rsi=Oop }
                                                            ;*synchronization entry
                                                            ; - java.nio.Buffer::nextGetIndex@-1 (line 718)
                                                            ;   {runtime_call counter_overflow_blob (C1 runtime)}
  0x000077b45806d492:   jmp    0x000077b45806d3e2
  0x000077b45806d497:   movabs $0x77b45806d421,%r10         ;   {internal_word}
  0x000077b45806d4a1:   mov    %r10,0x510(%r15)
  0x000077b45806d4a8:   jmp    0x000077b45f4afb60           ;   {runtime_call SafepointBlob}
  0x000077b45806d4ad:   movabs $0x0,%rdx                    ;   {metadata(nullptr)}
  0x000077b45806d4b7:   mov    $0xa050f00,%eax
  0x000077b45806d4bc:   call   0x000077b45f5820e0           ; ImmutableOopMap {}
                                                            ;*new {reexecute=1 rethrow=0 return_oop=0}
                                                            ; - (reexecute) java.nio.Buffer::nextGetIndex@15 (line 720)
                                                            ;   {runtime_call load_klass_patching_blob (C1 runtime)}
  0x000077b45806d4c1:   jmp    0x000077b45806d430
  0x000077b45806d4c6:   mov    %rdx,%rdx
  0x000077b45806d4c9:   call   0x000077b45f57d0e0           ; ImmutableOopMap {}
                                                            ;*new {reexecute=0 rethrow=0 return_oop=0}
                                                            ; - java.nio.Buffer::nextGetIndex@15 (line 720)
                                                            ;   {runtime_call new_instance_blob (C1 runtime)}
  0x000077b45806d4ce:   jmp    0x000077b45806d43f
  0x000077b45806d4d3:   mov    0x5c0(%r15),%rax
  0x000077b45806d4da:   movq   $0x0,0x5c0(%r15)
  0x000077b45806d4e5:   movq   $0x0,0x5c8(%r15)
  0x000077b45806d4f0:   add    $0x30,%rsp
  0x000077b45806d4f4:   pop    %rbp
  0x000077b45806d4f5:   jmp    0x000077b45f57b760           ;   {runtime_call unwind_exception_blob (C1 runtime)}
  0x000077b45806d4fa:   hlt    
  0x000077b45806d4fb:   hlt    
  0x000077b45806d4fc:   hlt    
  0x000077b45806d4fd:   hlt    
  0x000077b45806d4fe:   hlt    
  0x000077b45806d4ff:   hlt    
[Stub Code]
  0x000077b45806d500:   nopl   0x0(%rax,%rax,1)             ;   {other}
  0x000077b45806d505:   movabs $0x0,%rbx                    ;   {static_stub}
  0x000077b45806d50f:   jmp    0x000077b45806d50f           ;   {runtime_call nmethod}
[Exception Handler]
  0x000077b45806d514:   call   0x000077b45f57ede0           ;   {runtime_call handle_exception_from_callee_blob (C1 runtime)}
  0x000077b45806d519:   movabs $0x77b478d3aec4,%rdi         ;   {external_word}
  0x000077b45806d523:   and    $0xfffffffffffffff0,%rsp
  0x000077b45806d527:   call   0x000077b478791cc0           ;   {runtime_call MacroAssembler::debug64(char*, long, long*)}
  0x000077b45806d52c:   hlt    
  0x000077b45806d52d:   call   0x000077b45f4afe60           ;   {runtime_call DeoptimizationBlob}
[Deopt Handler Entry Point]
  0x000077b45806d532:   jmp    0x000077b45806d52d
  0x000077b45806d534:   hlt    
  0x000077b45806d535:   hlt    
  0x000077b45806d536:   hlt    
  0x000077b45806d537:   hlt    
--------------------------------------------------------------------------------
[/Disassembly]
