
============================= C1-compiled nmethod ==============================
----------------------------------- Assembly -----------------------------------

Compiled method (c1) 12533  743       3       jdk.internal.classfile.impl.StackCounter::next (68 bytes)
 total in heap  [0x000077b45806db88,0x000077b45806e4b8] = 2352
 main code      [0x000077b45806dc80,0x000077b45806e468] = 2024
 stub code      [0x000077b45806e468,0x000077b45806e4b0] = 72
 oops           [0x000077b45806e4b0,0x000077b45806e4b8] = 8
 mutable data [0x000077b3f006d380,0x000077b3f006d480] = 256
 relocation     [0x000077b3f006d380,0x000077b3f006d430] = 176
 metadata       [0x000077b3f006d430,0x000077b3f006d480] = 80
 immutable data [0x000077b3f0054540,0x000077b3f0054adc] = 1436
 dependencies   [0x000077b3f0054540,0x000077b3f0054560] = 32
 nul chk table  [0x000077b3f0054560,0x000077b3f00545a0] = 64
 scopes pcs     [0x000077b3f00545a0,0x000077b3f0054910] = 880
 scopes data    [0x000077b3f0054910,0x000077b3f0054ad8] = 456

[Disassembly]
--------------------------------------------------------------------------------
[Constant Pool (empty)]

--------------------------------------------------------------------------------

[Instructions begin]
  0x000077b45806dc80:   data16 data16 nopw 0x0(%rax,%rax,1)
  0x000077b45806dc8b:   data16 data16 xchg %ax,%ax
  0x000077b45806dc8f:   data16 xchg %ax,%ax
[Entry Point]
  # {method} {0x000077b4141058b8} &apos;next&apos; &apos;()Z&apos; in &apos;jdk/internal/classfile/impl/StackCounter&apos;
  #           [sp+0x70]  (sp of caller)
  0x000077b45806dc92:   mov    0x8(%rsi),%r10d
  0x000077b45806dc96:   cmp    0x8(%rax),%r10d
  0x000077b45806dc9a:   jne    0x000077b45f4ad6e0           ;   {runtime_call ic_miss_blob (shared runtime)}
[Verified Entry Point]
  0x000077b45806dca0:   mov    %eax,-0x14000(%rsp)
  0x000077b45806dca7:   push   %rbp
  0x000077b45806dca8:   sub    $0x60,%rsp
  0x000077b45806dcac:   cmpl   $0x1,0x20(%r15)
  0x000077b45806dcb4:   je     0x000077b45806dcbb
  0x000077b45806dcb6:   call   Stub::method_entry_barrier_stub (stub gen)
                                                            ;   {runtime_call Stub::method_entry_barrier_stub (stub gen)}
  0x000077b45806dcbb:   mov    %rsi,0x48(%rsp)
  0x000077b45806dcc0:   movabs $0x77b414208680,%rdi         ;   {metadata(method data for {method} {0x000077b4141058b8} &apos;next&apos; &apos;()Z&apos; in &apos;jdk/internal/classfile/impl/StackCounter&apos;)}
  0x000077b45806dcca:   mov    0x90(%rdi),%ebx
  0x000077b45806dcd0:   add    $0x2,%ebx
  0x000077b45806dcd3:   mov    %ebx,0x90(%rdi)
  0x000077b45806dcd9:   and    $0x7fe,%ebx
  0x000077b45806dcdf:   test   %ebx,%ebx
  0x000077b45806dce1:   je     0x000077b45806e2a1
  0x000077b45806dce7:   jmp    0x000077b45806dd9f           ;*aload_0 {reexecute=0 rethrow=0 return_oop=0}
                                                            ; - jdk.internal.classfile.impl.StackCounter::next@0 (line 92)
  0x000077b45806dcec:   nopl   0x0(%rax)
  0x000077b45806dcf0:   mov    0x38(%rsi),%ebx
  0x000077b45806dcf3:   shl    $0x3,%rbx                    ;*getfield visited {reexecute=0 rethrow=0 return_oop=0}
                                                            ; - jdk.internal.classfile.impl.StackCounter::next@18 (line 93)
  0x000077b45806dcf7:   mov    0xc(%rdi),%edx               ; implicit exception: dispatches to 0x000077b45806e2c2
                                                            ;*getfield bci {reexecute=0 rethrow=0 return_oop=0}
                                                            ; - jdk.internal.classfile.impl.StackCounter::next@22 (line 93)
  0x000077b45806dcfa:   cmp    (%rbx),%rax                  ; implicit exception: dispatches to 0x000077b45806e2c7
  0x000077b45806dcfd:   mov    %rbx,%rax
  0x000077b45806dd00:   movabs $0x77b414208680,%rcx         ;   {metadata(method data for {method} {0x000077b4141058b8} &apos;next&apos; &apos;()Z&apos; in &apos;jdk/internal/classfile/impl/StackCounter&apos;)}
  0x000077b45806dd0a:   addq   $0x1,0x168(%rcx)
  0x000077b45806dd12:   mov    %rbx,%rsi                    ;*invokevirtual get {reexecute=0 rethrow=0 return_oop=0}
                                                            ; - jdk.internal.classfile.impl.StackCounter::next@25 (line 93)
  0x000077b45806dd15:   mov    %rdi,0x50(%rsp)
  0x000077b45806dd1a:   nopl   0x0(%rax,%rax,1)
  0x000077b45806dd1f:   call   0x000077b45f4ad9e0           ; ImmutableOopMap {[72]=Oop [80]=Oop }
                                                            ;*invokevirtual get {reexecute=0 rethrow=0 return_oop=0}
                                                            ; - jdk.internal.classfile.impl.StackCounter::next@25 (line 93)
                                                            ;   {optimized virtual_call}
  0x000077b45806dd24:   nopl   0x19c(%rax,%rax,1)           ;*invokevirtual get {reexecute=0 rethrow=0 return_oop=0}
                                                            ; - jdk.internal.classfile.impl.StackCounter::next@25 (line 93)
                                                            ;   {post_call_nop}
  0x000077b45806dd2c:   test   %eax,%eax
  0x000077b45806dd2e:   mov    $0x2,%esi
  0x000077b45806dd33:   jne    0x000077b45806dd3a
  0x000077b45806dd35:   mov    $0x0,%esi
  0x000077b45806dd3a:   movabs $0x77b414208680,%rdi         ;   {metadata(method data for {method} {0x000077b4141058b8} &apos;next&apos; &apos;()Z&apos; in &apos;jdk/internal/classfile/impl/StackCounter&apos;)}
  0x000077b45806dd44:   mov    0x94(%rdi),%ebx
  0x000077b45806dd4a:   add    %esi,%ebx
  0x000077b45806dd4c:   mov    %ebx,0x94(%rdi)
  0x000077b45806dd52:   test   %esi,%esi
  0x000077b45806dd54:   jne    0x000077b45806dd5b
  0x000077b45806dd56:   mov    $0x2,%ebx
  0x000077b45806dd5b:   and    $0x3ffe,%ebx
  0x000077b45806dd61:   test   %ebx,%ebx
  0x000077b45806dd63:   je     0x000077b45806e2cc           ;*ifne {reexecute=0 rethrow=0 return_oop=0}
                                                            ; - jdk.internal.classfile.impl.StackCounter::next@28 (line 93)
  0x000077b45806dd69:   mov    0x30(%r15),%r10              ; ImmutableOopMap {[72]=Oop [80]=Oop }
                                                            ;*ifne {reexecute=1 rethrow=0 return_oop=0}
                                                            ; - (reexecute) jdk.internal.classfile.impl.StackCounter::next@28 (line 93)
  0x000077b45806dd6d:   test   %eax,(%r10)                  ;   {poll}
  0x000077b45806dd70:   test   %eax,%eax
  0x000077b45806dd72:   movabs $0x77b414208680,%rax         ;   {metadata(method data for {method} {0x000077b4141058b8} &apos;next&apos; &apos;()Z&apos; in &apos;jdk/internal/classfile/impl/StackCounter&apos;)}
  0x000077b45806dd7c:   mov    $0x198,%esi
  0x000077b45806dd81:   je     0x000077b45806dd88
  0x000077b45806dd83:   mov    $0x188,%esi
  0x000077b45806dd88:   mov    (%rax,%rsi,1),%rdi
  0x000077b45806dd8c:   lea    0x1(%rdi),%rdi
  0x000077b45806dd90:   mov    %rdi,(%rax,%rsi,1)
  0x000077b45806dd94:   je     0x000077b45806df0b           ;*ifne {reexecute=0 rethrow=0 return_oop=0}
                                                            ; - jdk.internal.classfile.impl.StackCounter::next@28 (line 93)
  0x000077b45806dd9a:   mov    0x48(%rsp),%rsi
  0x000077b45806dd9f:   mov    0x34(%rsi),%edi
  0x000077b45806dda2:   shl    $0x3,%rdi                    ;*getfield targets {reexecute=0 rethrow=0 return_oop=0}
                                                            ; - jdk.internal.classfile.impl.StackCounter::next@1 (line 92)
  0x000077b45806dda6:   test   %rdi,%rdi
  0x000077b45806dda9:   je     0x000077b45806ddd4
  0x000077b45806ddaf:   movabs $0x46311968,%rcx             ;   {metadata(&apos;java/util/ArrayDeque&apos;)}
  0x000077b45806ddb9:   mov    0x8(%rdi),%edx
  0x000077b45806ddbc:   mov    $0x46000000,%r10d
  0x000077b45806ddc2:   add    %r10,%rdx
  0x000077b45806ddc5:   cmp    0x40(%rdx),%rcx
  0x000077b45806ddc9:   jne    0x000077b45806e2ed
  0x000077b45806ddcf:   jmp    0x000077b45806ddd4
  0x000077b45806ddd4:   mov    %rdi,%rbx
  0x000077b45806ddd7:   cmp    (%rdi),%rax                  ; implicit exception: dispatches to 0x000077b45806e2f2
                                                            ;*invokeinterface poll {reexecute=0 rethrow=0 return_oop=0}
                                                            ; - jdk.internal.classfile.impl.StackCounter::next@4 (line 92)
  0x000077b45806ddda:   mov    %rdi,%rbx
  0x000077b45806dddd:   movabs $0x77b414208680,%rax         ;   {metadata(method data for {method} {0x000077b4141058b8} &apos;next&apos; &apos;()Z&apos; in &apos;jdk/internal/classfile/impl/StackCounter&apos;)}
  0x000077b45806dde7:   addq   $0x1,0xe8(%rax)
  0x000077b45806ddef:   movabs $0x77b414118018,%rbx         ;   {metadata(method data for {method} {0x0000000046313440} &apos;poll&apos; &apos;()Ljava/lang/Object;&apos; in &apos;java/util/ArrayDeque&apos;)}
  0x000077b45806ddf9:   mov    0x90(%rbx),%eax
  0x000077b45806ddff:   add    $0x2,%eax
  0x000077b45806de02:   mov    %eax,0x90(%rbx)
  0x000077b45806de08:   and    $0x1ffffe,%eax
  0x000077b45806de0d:   test   %eax,%eax
  0x000077b45806de0f:   je     0x000077b45806e2f7
  0x000077b45806de15:   mov    %rdi,%rbx
  0x000077b45806de18:   movabs $0x77b414118018,%rax         ;   {metadata(method data for {method} {0x0000000046313440} &apos;poll&apos; &apos;()Ljava/lang/Object;&apos; in &apos;java/util/ArrayDeque&apos;)}
  0x000077b45806de22:   addq   $0x1,0xe8(%rax)
  0x000077b45806de2a:   mov    %rdi,%rsi                    ;*invokevirtual pollFirst {reexecute=0 rethrow=0 return_oop=0}
                                                            ; - java.util.ArrayDeque::poll@1 (line 535)
                                                            ; - jdk.internal.classfile.impl.StackCounter::next@4 (line 92)
  0x000077b45806de2d:   xchg   %ax,%ax
  0x000077b45806de2f:   call   0x000077b45f4ad9e0           ; ImmutableOopMap {[72]=Oop }
                                                            ;*invokevirtual pollFirst {reexecute=0 rethrow=0 return_oop=0}
                                                            ; - java.util.ArrayDeque::poll@1 (line 535)
                                                            ; - jdk.internal.classfile.impl.StackCounter::next@4 (line 92)
                                                            ;   {optimized virtual_call}
  0x000077b45806de34:   nopl   0x20002ac(%rax,%rax,1)       ;*invokevirtual pollFirst {reexecute=0 rethrow=0 return_oop=0}
                                                            ; - java.util.ArrayDeque::poll@1 (line 535)
                                                            ; - jdk.internal.classfile.impl.StackCounter::next@4 (line 92)
                                                            ;   {post_call_nop}
  0x000077b45806de3c:   test   %rax,%rax
  0x000077b45806de3f:   movabs $0x77b414208680,%rsi         ;   {metadata(method data for {method} {0x000077b4141058b8} &apos;next&apos; &apos;()Z&apos; in &apos;jdk/internal/classfile/impl/StackCounter&apos;)}
  0x000077b45806de49:   jne    0x000077b45806de57
  0x000077b45806de4b:   orb    $0x1,0x101(%rsi)
  0x000077b45806de52:   jmp    0x000077b45806ded3
  0x000077b45806de57:   mov    0x8(%rax),%ebx
  0x000077b45806de5a:   mov    $0x46000000,%r10d
  0x000077b45806de60:   add    %r10,%rbx
  0x000077b45806de63:   mov    $0x22,%r10d
  0x000077b45806de69:   cmp    (%rsi,%r10,8),%rbx
  0x000077b45806de6d:   je     0x000077b45806dea6
  0x000077b45806de6f:   add    $0x2,%r10
  0x000077b45806de73:   cmp    $0x26,%r10
  0x000077b45806de77:   jne    0x000077b45806de69
  0x000077b45806de79:   mov    $0x22,%r10d
  0x000077b45806de7f:   cmpq   $0x0,(%rsi,%r10,8)
  0x000077b45806de84:   je     0x000077b45806de92
  0x000077b45806de86:   add    $0x2,%r10
  0x000077b45806de8a:   cmp    $0x26,%r10
  0x000077b45806de8e:   jne    0x000077b45806de7f
  0x000077b45806de90:   jmp    0x000077b45806de9e
  0x000077b45806de92:   push   %rax
  0x000077b45806de93:   xor    %rax,%rax
  0x000077b45806de96:   cmpxchg %rbx,(%rsi,%r10,8)
  0x000077b45806de9b:   pop    %rax
  0x000077b45806de9c:   jmp    0x000077b45806de63
  0x000077b45806de9e:   mov    $0x21,%r10d
  0x000077b45806dea4:   jmp    0x000077b45806deaa
  0x000077b45806dea6:   add    $0x1,%r10
  0x000077b45806deaa:   addq   $0x1,(%rsi,%r10,8)
  0x000077b45806deaf:   movabs $0x470145a8,%rbx             ;   {metadata(&apos;jdk/internal/classfile/impl/StackCounter$Target&apos;)}
  0x000077b45806deb9:   mov    0x8(%rax),%edx
  0x000077b45806debc:   mov    $0x46000000,%r10d
  0x000077b45806dec2:   add    %r10,%rdx
  0x000077b45806dec5:   cmp    %rdx,%rbx
  0x000077b45806dec8:   jne    0x000077b45806e318
  0x000077b45806dece:   jmp    0x000077b45806ded3
  0x000077b45806ded3:   mov    %rax,%rdi                    ;*checkcast {reexecute=0 rethrow=0 return_oop=0}
                                                            ; - jdk.internal.classfile.impl.StackCounter::next@9 (line 92)
  0x000077b45806ded6:   test   %rdi,%rdi
  0x000077b45806ded9:   movabs $0x77b414208680,%rdx         ;   {metadata(method data for {method} {0x000077b4141058b8} &apos;next&apos; &apos;()Z&apos; in &apos;jdk/internal/classfile/impl/StackCounter&apos;)}
  0x000077b45806dee3:   mov    $0x138,%esi
  0x000077b45806dee8:   je     0x000077b45806deef
  0x000077b45806deea:   mov    $0x148,%esi
  0x000077b45806deef:   mov    (%rdx,%rsi,1),%rbx
  0x000077b45806def3:   lea    0x1(%rbx),%rbx
  0x000077b45806def7:   mov    %rbx,(%rdx,%rsi,1)
  0x000077b45806defb:   mov    0x48(%rsp),%rsi
  0x000077b45806df00:   je     0x000077b45806e098
  0x000077b45806df06:   jmp    0x000077b45806dcf0           ;*ifnull {reexecute=0 rethrow=0 return_oop=0}
                                                            ; - jdk.internal.classfile.impl.StackCounter::next@14 (line 92)
  0x000077b45806df0b:   mov    0x50(%rsp),%rdi
  0x000077b45806df10:   mov    0x48(%rsp),%rsi
  0x000077b45806df15:   mov    0x20(%rsi),%eax
  0x000077b45806df18:   shl    $0x3,%rax                    ;*getfield bcs {reexecute=0 rethrow=0 return_oop=0}
                                                            ; - jdk.internal.classfile.impl.StackCounter::next@32 (line 94)
  0x000077b45806df1c:   mov    0xc(%rdi),%ebx               ;*getfield bci {reexecute=0 rethrow=0 return_oop=0}
                                                            ; - jdk.internal.classfile.impl.StackCounter::next@36 (line 94)
  0x000077b45806df1f:   cmp    (%rax),%rax                  ; implicit exception: dispatches to 0x000077b45806e321
                                                            ;*invokevirtual reset {reexecute=0 rethrow=0 return_oop=0}
                                                            ; - jdk.internal.classfile.impl.StackCounter::next@39 (line 94)
  0x000077b45806df22:   mov    %rax,%rdx
  0x000077b45806df25:   movabs $0x77b414208680,%rcx         ;   {metadata(method data for {method} {0x000077b4141058b8} &apos;next&apos; &apos;()Z&apos; in &apos;jdk/internal/classfile/impl/StackCounter&apos;)}
  0x000077b45806df2f:   mov    0x8(%rdx),%edx
  0x000077b45806df32:   mov    $0x46000000,%r10d
  0x000077b45806df38:   add    %r10,%rdx
  0x000077b45806df3b:   mov    $0x36,%r10d
  0x000077b45806df41:   cmp    (%rcx,%r10,8),%rdx
  0x000077b45806df45:   je     0x000077b45806df7e
  0x000077b45806df47:   add    $0x2,%r10
  0x000077b45806df4b:   cmp    $0x3a,%r10
  0x000077b45806df4f:   jne    0x000077b45806df41
  0x000077b45806df51:   mov    $0x36,%r10d
  0x000077b45806df57:   cmpq   $0x0,(%rcx,%r10,8)
  0x000077b45806df5c:   je     0x000077b45806df6a
  0x000077b45806df5e:   add    $0x2,%r10
  0x000077b45806df62:   cmp    $0x3a,%r10
  0x000077b45806df66:   jne    0x000077b45806df57
  0x000077b45806df68:   jmp    0x000077b45806df76
  0x000077b45806df6a:   push   %rax
  0x000077b45806df6b:   xor    %rax,%rax
  0x000077b45806df6e:   cmpxchg %rdx,(%rcx,%r10,8)
  0x000077b45806df73:   pop    %rax
  0x000077b45806df74:   jmp    0x000077b45806df3b
  0x000077b45806df76:   mov    $0x35,%r10d
  0x000077b45806df7c:   jmp    0x000077b45806df82
  0x000077b45806df7e:   add    $0x1,%r10
  0x000077b45806df82:   addq   $0x1,(%rcx,%r10,8)
  0x000077b45806df87:   movabs $0x77b4142088f8,%rdx         ;   {metadata(method data for {method} {0x000000004634c520} &apos;reset&apos; &apos;(I)V&apos; in &apos;jdk/internal/classfile/impl/RawBytecodeHelper&apos;)}
  0x000077b45806df91:   mov    0x90(%rdx),%ecx
  0x000077b45806df97:   add    $0x2,%ecx
  0x000077b45806df9a:   mov    %ecx,0x90(%rdx)
  0x000077b45806dfa0:   and    $0x1ffffe,%ecx
  0x000077b45806dfa6:   test   %ecx,%ecx
  0x000077b45806dfa8:   je     0x000077b45806e326
  0x000077b45806dfae:   mov    %rax,%rdx
  0x000077b45806dfb1:   movabs $0x77b4142088f8,%rcx         ;   {metadata(method data for {method} {0x000000004634c520} &apos;reset&apos; &apos;(I)V&apos; in &apos;jdk/internal/classfile/impl/RawBytecodeHelper&apos;)}
  0x000077b45806dfbb:   mov    0x8(%rdx),%edx
  0x000077b45806dfbe:   mov    $0x46000000,%r10d
  0x000077b45806dfc4:   add    %r10,%rdx
  0x000077b45806dfc7:   mov    $0x1c,%r10d
  0x000077b45806dfcd:   cmp    (%rcx,%r10,8),%rdx
  0x000077b45806dfd1:   je     0x000077b45806e00a
  0x000077b45806dfd3:   add    $0x2,%r10
  0x000077b45806dfd7:   cmp    $0x20,%r10
  0x000077b45806dfdb:   jne    0x000077b45806dfcd
  0x000077b45806dfdd:   mov    $0x1c,%r10d
  0x000077b45806dfe3:   cmpq   $0x0,(%rcx,%r10,8)
  0x000077b45806dfe8:   je     0x000077b45806dff6
  0x000077b45806dfea:   add    $0x2,%r10
  0x000077b45806dfee:   cmp    $0x20,%r10
  0x000077b45806dff2:   jne    0x000077b45806dfe3
  0x000077b45806dff4:   jmp    0x000077b45806e002
  0x000077b45806dff6:   push   %rax
  0x000077b45806dff7:   xor    %rax,%rax
  0x000077b45806dffa:   cmpxchg %rdx,(%rcx,%r10,8)
  0x000077b45806dfff:   pop    %rax
  0x000077b45806e000:   jmp    0x000077b45806dfc7
  0x000077b45806e002:   mov    $0x1b,%r10d
  0x000077b45806e008:   jmp    0x000077b45806e00e
  0x000077b45806e00a:   add    $0x1,%r10
  0x000077b45806e00e:   addq   $0x1,(%rcx,%r10,8)
  0x000077b45806e013:   movabs $0x77b4140f3e80,%rdx         ;   {metadata(method data for {method} {0x000000004634cba8} &apos;endBci&apos; &apos;()I&apos; in &apos;jdk/internal/classfile/impl/RawBytecodeHelper&apos;)}
  0x000077b45806e01d:   mov    0x90(%rdx),%ecx
  0x000077b45806e023:   add    $0x2,%ecx
  0x000077b45806e026:   mov    %ecx,0x90(%rdx)
  0x000077b45806e02c:   and    $0x1ffffe,%ecx
  0x000077b45806e032:   test   %ecx,%ecx
  0x000077b45806e034:   je     0x000077b45806e347
  0x000077b45806e03a:   mov    0x18(%rax),%edx
  0x000077b45806e03d:   shl    $0x3,%rdx                    ;*getfield code {reexecute=0 rethrow=0 return_oop=0}
                                                            ; - jdk.internal.classfile.impl.RawBytecodeHelper::endBci@1 (line 319)
                                                            ; - jdk.internal.classfile.impl.RawBytecodeHelper::reset@2 (line 330)
                                                            ; - jdk.internal.classfile.impl.StackCounter::next@39 (line 94)
  0x000077b45806e041:   mov    0xc(%rdx),%edx               ; implicit exception: dispatches to 0x000077b45806e368
                                                            ;*getfield length {reexecute=0 rethrow=0 return_oop=0}
                                                            ; - jdk.internal.classfile.impl.RawBytecodeHelper::endBci@4 (line 319)
                                                            ; - jdk.internal.classfile.impl.RawBytecodeHelper::reset@2 (line 330)
                                                            ; - jdk.internal.classfile.impl.StackCounter::next@39 (line 94)
  0x000077b45806e044:   movabs $0x77b4142088f8,%rcx         ;   {metadata(method data for {method} {0x000000004634c520} &apos;reset&apos; &apos;(I)V&apos; in &apos;jdk/internal/classfile/impl/RawBytecodeHelper&apos;)}
  0x000077b45806e04e:   addq   $0x1,0x108(%rcx)
  0x000077b45806e056:   inc    %edx
  0x000077b45806e058:   movabs $0x41fa93b00,%rcx            ;   {oop(a &apos;jdk/internal/util/Preconditions$4&apos;{0x000000041fa93b00})}
  0x000077b45806e062:   mov    $0x0,%ecx
  0x000077b45806e067:   cmp    %ecx,%ebx
  0x000077b45806e069:   jl     0x000077b45806e36d
  0x000077b45806e06f:   cmp    %edx,%ebx
  0x000077b45806e071:   jge    0x000077b45806e37a
  0x000077b45806e077:   mov    %rbx,%rdx                    ;*invokestatic checkIndex {reexecute=0 rethrow=0 return_oop=0}
                                                            ; - jdk.internal.classfile.impl.RawBytecodeHelper::reset@10 (line 330)
                                                            ; - jdk.internal.classfile.impl.StackCounter::next@39 (line 94)
  0x000077b45806e07a:   mov    %ebx,0xc(%rax)               ;*putfield nextBci {reexecute=0 rethrow=0 return_oop=0}
                                                            ; - jdk.internal.classfile.impl.RawBytecodeHelper::reset@16 (line 331)
                                                            ; - jdk.internal.classfile.impl.StackCounter::next@39 (line 94)
  0x000077b45806e07d:   mov    0x10(%rdi),%eax              ;*getfield stack {reexecute=0 rethrow=0 return_oop=0}
                                                            ; - jdk.internal.classfile.impl.StackCounter::next@44 (line 95)
  0x000077b45806e080:   mov    %eax,0xc(%rsi)               ;*putfield stack {reexecute=0 rethrow=0 return_oop=0}
                                                            ; - jdk.internal.classfile.impl.StackCounter::next@47 (line 95)
  0x000077b45806e083:   mov    $0x1,%eax
  0x000077b45806e088:   add    $0x60,%rsp
  0x000077b45806e08c:   pop    %rbp
  0x000077b45806e08d:   cmp    0x28(%r15),%rsp              ;   {poll_return}
  0x000077b45806e091:   ja     0x000077b45806e387
  0x000077b45806e097:   ret                                 ;*ireturn {reexecute=0 rethrow=0 return_oop=0}
                                                            ; - jdk.internal.classfile.impl.StackCounter::next@51 (line 96)
  0x000077b45806e098:   mov    0x20(%rsi),%eax
  0x000077b45806e09b:   shl    $0x3,%rax                    ;*getfield bcs {reexecute=0 rethrow=0 return_oop=0}
                                                            ; - jdk.internal.classfile.impl.StackCounter::next@53 (line 99)
  0x000077b45806e09f:   cmp    (%rax),%rax                  ; implicit exception: dispatches to 0x000077b45806e39d
                                                            ;*invokevirtual endBci {reexecute=0 rethrow=0 return_oop=0}
                                                            ; - jdk.internal.classfile.impl.StackCounter::next@60 (line 99)
  0x000077b45806e0a2:   mov    %rax,%rsi
  0x000077b45806e0a5:   movabs $0x77b414208680,%rdi         ;   {metadata(method data for {method} {0x000077b4141058b8} &apos;next&apos; &apos;()Z&apos; in &apos;jdk/internal/classfile/impl/StackCounter&apos;)}
  0x000077b45806e0af:   mov    0x8(%rsi),%esi
  0x000077b45806e0b2:   mov    $0x46000000,%r10d
  0x000077b45806e0b8:   add    %r10,%rsi
  0x000077b45806e0bb:   mov    $0x3c,%r10d
  0x000077b45806e0c1:   cmp    (%rdi,%r10,8),%rsi
  0x000077b45806e0c5:   je     0x000077b45806e0fe
  0x000077b45806e0c7:   add    $0x2,%r10
  0x000077b45806e0cb:   cmp    $0x40,%r10
  0x000077b45806e0cf:   jne    0x000077b45806e0c1
  0x000077b45806e0d1:   mov    $0x3c,%r10d
  0x000077b45806e0d7:   cmpq   $0x0,(%rdi,%r10,8)
  0x000077b45806e0dc:   je     0x000077b45806e0ea
  0x000077b45806e0de:   add    $0x2,%r10
  0x000077b45806e0e2:   cmp    $0x40,%r10
  0x000077b45806e0e6:   jne    0x000077b45806e0d7
  0x000077b45806e0e8:   jmp    0x000077b45806e0f6
  0x000077b45806e0ea:   push   %rax
  0x000077b45806e0eb:   xor    %rax,%rax
  0x000077b45806e0ee:   cmpxchg %rsi,(%rdi,%r10,8)
  0x000077b45806e0f3:   pop    %rax
  0x000077b45806e0f4:   jmp    0x000077b45806e0bb
  0x000077b45806e0f6:   mov    $0x3b,%r10d
  0x000077b45806e0fc:   jmp    0x000077b45806e102
  0x000077b45806e0fe:   add    $0x1,%r10
  0x000077b45806e102:   addq   $0x1,(%rdi,%r10,8)
  0x000077b45806e107:   movabs $0x77b4140f3e80,%rsi         ;   {metadata(method data for {method} {0x000000004634cba8} &apos;endBci&apos; &apos;()I&apos; in &apos;jdk/internal/classfile/impl/RawBytecodeHelper&apos;)}
  0x000077b45806e111:   mov    0x90(%rsi),%edi
  0x000077b45806e117:   add    $0x2,%edi
  0x000077b45806e11a:   mov    %edi,0x90(%rsi)
  0x000077b45806e120:   and    $0x1ffffe,%edi
  0x000077b45806e126:   test   %edi,%edi
  0x000077b45806e128:   je     0x000077b45806e3a2
  0x000077b45806e12e:   mov    0x18(%rax),%esi
  0x000077b45806e131:   shl    $0x3,%rsi                    ;*getfield code {reexecute=0 rethrow=0 return_oop=0}
                                                            ; - jdk.internal.classfile.impl.RawBytecodeHelper::endBci@1 (line 319)
                                                            ; - jdk.internal.classfile.impl.StackCounter::next@60 (line 99)
  0x000077b45806e135:   mov    0xc(%rsi),%esi               ; implicit exception: dispatches to 0x000077b45806e3c3
                                                            ;*getfield length {reexecute=0 rethrow=0 return_oop=0}
                                                            ; - jdk.internal.classfile.impl.RawBytecodeHelper::endBci@4 (line 319)
                                                            ; - jdk.internal.classfile.impl.StackCounter::next@60 (line 99)
  0x000077b45806e138:   mov    %rax,%rdi
  0x000077b45806e13b:   movabs $0x77b414208680,%rbx         ;   {metadata(method data for {method} {0x000077b4141058b8} &apos;next&apos; &apos;()Z&apos; in &apos;jdk/internal/classfile/impl/StackCounter&apos;)}
  0x000077b45806e145:   mov    0x8(%rdi),%edi
  0x000077b45806e148:   mov    $0x46000000,%r10d
  0x000077b45806e14e:   add    %r10,%rdi
  0x000077b45806e151:   mov    $0x42,%r10d
  0x000077b45806e157:   cmp    (%rbx,%r10,8),%rdi
  0x000077b45806e15b:   je     0x000077b45806e194
  0x000077b45806e15d:   add    $0x2,%r10
  0x000077b45806e161:   cmp    $0x46,%r10
  0x000077b45806e165:   jne    0x000077b45806e157
  0x000077b45806e167:   mov    $0x42,%r10d
  0x000077b45806e16d:   cmpq   $0x0,(%rbx,%r10,8)
  0x000077b45806e172:   je     0x000077b45806e180
  0x000077b45806e174:   add    $0x2,%r10
  0x000077b45806e178:   cmp    $0x46,%r10
  0x000077b45806e17c:   jne    0x000077b45806e16d
  0x000077b45806e17e:   jmp    0x000077b45806e18c
  0x000077b45806e180:   push   %rax
  0x000077b45806e181:   xor    %rax,%rax
  0x000077b45806e184:   cmpxchg %rdi,(%rbx,%r10,8)
  0x000077b45806e189:   pop    %rax
  0x000077b45806e18a:   jmp    0x000077b45806e151
  0x000077b45806e18c:   mov    $0x41,%r10d
  0x000077b45806e192:   jmp    0x000077b45806e198
  0x000077b45806e194:   add    $0x1,%r10
  0x000077b45806e198:   addq   $0x1,(%rbx,%r10,8)
  0x000077b45806e19d:   movabs $0x77b4142088f8,%rdi         ;   {metadata(method data for {method} {0x000000004634c520} &apos;reset&apos; &apos;(I)V&apos; in &apos;jdk/internal/classfile/impl/RawBytecodeHelper&apos;)}
  0x000077b45806e1a7:   mov    0x90(%rdi),%ebx
  0x000077b45806e1ad:   add    $0x2,%ebx
  0x000077b45806e1b0:   mov    %ebx,0x90(%rdi)
  0x000077b45806e1b6:   and    $0x1ffffe,%ebx
  0x000077b45806e1bc:   test   %ebx,%ebx
  0x000077b45806e1be:   je     0x000077b45806e3c8
  0x000077b45806e1c4:   mov    %rax,%rdi
  0x000077b45806e1c7:   movabs $0x77b4142088f8,%rbx         ;   {metadata(method data for {method} {0x000000004634c520} &apos;reset&apos; &apos;(I)V&apos; in &apos;jdk/internal/classfile/impl/RawBytecodeHelper&apos;)}
  0x000077b45806e1d1:   mov    0x8(%rdi),%edi
  0x000077b45806e1d4:   mov    $0x46000000,%r10d
  0x000077b45806e1da:   add    %r10,%rdi
  0x000077b45806e1dd:   mov    $0x1c,%r10d
  0x000077b45806e1e3:   cmp    (%rbx,%r10,8),%rdi
  0x000077b45806e1e7:   je     0x000077b45806e220
  0x000077b45806e1e9:   add    $0x2,%r10
  0x000077b45806e1ed:   cmp    $0x20,%r10
  0x000077b45806e1f1:   jne    0x000077b45806e1e3
  0x000077b45806e1f3:   mov    $0x1c,%r10d
  0x000077b45806e1f9:   cmpq   $0x0,(%rbx,%r10,8)
  0x000077b45806e1fe:   je     0x000077b45806e20c
  0x000077b45806e200:   add    $0x2,%r10
  0x000077b45806e204:   cmp    $0x20,%r10
  0x000077b45806e208:   jne    0x000077b45806e1f9
  0x000077b45806e20a:   jmp    0x000077b45806e218
  0x000077b45806e20c:   push   %rax
  0x000077b45806e20d:   xor    %rax,%rax
  0x000077b45806e210:   cmpxchg %rdi,(%rbx,%r10,8)
  0x000077b45806e215:   pop    %rax
  0x000077b45806e216:   jmp    0x000077b45806e1dd
  0x000077b45806e218:   mov    $0x1b,%r10d
  0x000077b45806e21e:   jmp    0x000077b45806e224
  0x000077b45806e220:   add    $0x1,%r10
  0x000077b45806e224:   addq   $0x1,(%rbx,%r10,8)
  0x000077b45806e229:   movabs $0x77b4140f3e80,%rdi         ;   {metadata(method data for {method} {0x000000004634cba8} &apos;endBci&apos; &apos;()I&apos; in &apos;jdk/internal/classfile/impl/RawBytecodeHelper&apos;)}
  0x000077b45806e233:   mov    0x90(%rdi),%ebx
  0x000077b45806e239:   add    $0x2,%ebx
  0x000077b45806e23c:   mov    %ebx,0x90(%rdi)
  0x000077b45806e242:   and    $0x1ffffe,%ebx
  0x000077b45806e248:   test   %ebx,%ebx
  0x000077b45806e24a:   je     0x000077b45806e3e9
  0x000077b45806e250:   movabs $0x77b4142088f8,%rdi         ;   {metadata(method data for {method} {0x000000004634c520} &apos;reset&apos; &apos;(I)V&apos; in &apos;jdk/internal/classfile/impl/RawBytecodeHelper&apos;)}
  0x000077b45806e25a:   addq   $0x1,0x108(%rdi)
  0x000077b45806e262:   mov    %rsi,%rdi
  0x000077b45806e265:   inc    %edi
  0x000077b45806e267:   movabs $0x41fa93b00,%rbx            ;   {oop(a &apos;jdk/internal/util/Preconditions$4&apos;{0x000000041fa93b00})}
  0x000077b45806e271:   mov    $0x0,%ebx
  0x000077b45806e276:   cmp    %ebx,%esi
  0x000077b45806e278:   jl     0x000077b45806e40a
  0x000077b45806e27e:   cmp    %edi,%esi
  0x000077b45806e280:   jge    0x000077b45806e417
  0x000077b45806e286:   mov    %rsi,%rdi                    ;*invokestatic checkIndex {reexecute=0 rethrow=0 return_oop=0}
                                                            ; - jdk.internal.classfile.impl.RawBytecodeHelper::reset@10 (line 330)
                                                            ; - jdk.internal.classfile.impl.StackCounter::next@63 (line 99)
  0x000077b45806e289:   mov    %esi,0xc(%rax)               ;*putfield nextBci {reexecute=0 rethrow=0 return_oop=0}
                                                            ; - jdk.internal.classfile.impl.RawBytecodeHelper::reset@16 (line 331)
                                                            ; - jdk.internal.classfile.impl.StackCounter::next@63 (line 99)
  0x000077b45806e28c:   mov    $0x0,%eax
  0x000077b45806e291:   add    $0x60,%rsp
  0x000077b45806e295:   pop    %rbp
  0x000077b45806e296:   cmp    0x28(%r15),%rsp              ;   {poll_return}
  0x000077b45806e29a:   ja     0x000077b45806e424
  0x000077b45806e2a0:   ret    
  0x000077b45806e2a1:   movabs $0x77b4141058b8,%r10         ;   {metadata({method} {0x000077b4141058b8} &apos;next&apos; &apos;()Z&apos; in &apos;jdk/internal/classfile/impl/StackCounter&apos;)}
  0x000077b45806e2ab:   mov    %r10,0x8(%rsp)
  0x000077b45806e2b0:   movq   $0xffffffffffffffff,(%rsp)
  0x000077b45806e2b8:   call   0x000077b45f582fe0           ; ImmutableOopMap {rsi=Oop [72]=Oop }
                                                            ;*synchronization entry
                                                            ; - jdk.internal.classfile.impl.StackCounter::next@-1 (line 92)
                                                            ;   {runtime_call counter_overflow_blob (C1 runtime)}
  0x000077b45806e2bd:   jmp    0x000077b45806dce7
  0x000077b45806e2c2:   call   0x000077b45f57c660           ; ImmutableOopMap {rdi=Oop rsi=Oop rbx=Oop [72]=Oop }
                                                            ;*getfield bci {reexecute=1 rethrow=0 return_oop=0}
                                                            ; - (reexecute) jdk.internal.classfile.impl.StackCounter::next@22 (line 93)
                                                            ;   {runtime_call throw_null_pointer_exception_blob (C1 runtime)}
  0x000077b45806e2c7:   call   0x000077b45f57c660           ; ImmutableOopMap {rdi=Oop rsi=Oop rbx=Oop [72]=Oop }
                                                            ;*invokevirtual get {reexecute=0 rethrow=0 return_oop=0}
                                                            ; - jdk.internal.classfile.impl.StackCounter::next@25 (line 93)
                                                            ;   {runtime_call throw_null_pointer_exception_blob (C1 runtime)}
  0x000077b45806e2cc:   movabs $0x77b4141058b8,%r10         ;   {metadata({method} {0x000077b4141058b8} &apos;next&apos; &apos;()Z&apos; in &apos;jdk/internal/classfile/impl/StackCounter&apos;)}
  0x000077b45806e2d6:   mov    %r10,0x8(%rsp)
  0x000077b45806e2db:   movq   $0x1c,(%rsp)
  0x000077b45806e2e3:   call   0x000077b45f582fe0           ; ImmutableOopMap {[72]=Oop [80]=Oop }
                                                            ;*ifne {reexecute=1 rethrow=0 return_oop=0}
                                                            ; - (reexecute) jdk.internal.classfile.impl.StackCounter::next@28 (line 93)
                                                            ;   {runtime_call counter_overflow_blob (C1 runtime)}
  0x000077b45806e2e8:   jmp    0x000077b45806dd69
  0x000077b45806e2ed:   call   0x000077b45f57fbe0           ; ImmutableOopMap {rsi=Oop rdi=Oop [72]=Oop }
                                                            ;*invokeinterface poll {reexecute=0 rethrow=0 return_oop=0}
                                                            ; - jdk.internal.classfile.impl.StackCounter::next@4 (line 92)
                                                            ;   {runtime_call throw_incompatible_class_change_error_blob (C1 runtime)}
  0x000077b45806e2f2:   call   0x000077b45f57c660           ; ImmutableOopMap {rsi=Oop rdi=Oop [72]=Oop }
                                                            ;*invokeinterface poll {reexecute=0 rethrow=0 return_oop=0}
                                                            ; - jdk.internal.classfile.impl.StackCounter::next@4 (line 92)
                                                            ;   {runtime_call throw_null_pointer_exception_blob (C1 runtime)}
  0x000077b45806e2f7:   movabs $0x46313440,%r10             ;   {metadata({method} {0x0000000046313440} &apos;poll&apos; &apos;()Ljava/lang/Object;&apos; in &apos;java/util/ArrayDeque&apos;)}
  0x000077b45806e301:   mov    %r10,0x8(%rsp)
  0x000077b45806e306:   movq   $0xffffffffffffffff,(%rsp)
  0x000077b45806e30e:   call   0x000077b45f582fe0           ; ImmutableOopMap {rsi=Oop rdi=Oop [72]=Oop }
                                                            ;*synchronization entry
                                                            ; - java.util.ArrayDeque::poll@-1 (line 535)
                                                            ; - jdk.internal.classfile.impl.StackCounter::next@4 (line 92)
                                                            ;   {runtime_call counter_overflow_blob (C1 runtime)}
  0x000077b45806e313:   jmp    0x000077b45806de15
  0x000077b45806e318:   mov    %rax,(%rsp)
  0x000077b45806e31c:   call   0x000077b45f57f3e0           ; ImmutableOopMap {[72]=Oop }
                                                            ;*checkcast {reexecute=0 rethrow=0 return_oop=0}
                                                            ; - jdk.internal.classfile.impl.StackCounter::next@9 (line 92)
                                                            ;   {runtime_call throw_class_cast_exception_blob (C1 runtime)}
  0x000077b45806e321:   call   0x000077b45f57c660           ; ImmutableOopMap {rdi=Oop rsi=Oop rax=Oop [72]=Oop }
                                                            ;*invokevirtual reset {reexecute=0 rethrow=0 return_oop=0}
                                                            ; - jdk.internal.classfile.impl.StackCounter::next@39 (line 94)
                                                            ;   {runtime_call throw_null_pointer_exception_blob (C1 runtime)}
  0x000077b45806e326:   movabs $0x4634c520,%r10             ;   {metadata({method} {0x000000004634c520} &apos;reset&apos; &apos;(I)V&apos; in &apos;jdk/internal/classfile/impl/RawBytecodeHelper&apos;)}
  0x000077b45806e330:   mov    %r10,0x8(%rsp)
  0x000077b45806e335:   movq   $0xffffffffffffffff,(%rsp)
  0x000077b45806e33d:   call   0x000077b45f582fe0           ; ImmutableOopMap {rdi=Oop rsi=Oop rax=Oop [72]=Oop }
                                                            ;*synchronization entry
                                                            ; - jdk.internal.classfile.impl.RawBytecodeHelper::reset@-1 (line 330)
                                                            ; - jdk.internal.classfile.impl.StackCounter::next@39 (line 94)
                                                            ;   {runtime_call counter_overflow_blob (C1 runtime)}
  0x000077b45806e342:   jmp    0x000077b45806dfae
  0x000077b45806e347:   movabs $0x4634cba8,%r10             ;   {metadata({method} {0x000000004634cba8} &apos;endBci&apos; &apos;()I&apos; in &apos;jdk/internal/classfile/impl/RawBytecodeHelper&apos;)}
  0x000077b45806e351:   mov    %r10,0x8(%rsp)
  0x000077b45806e356:   movq   $0xffffffffffffffff,(%rsp)
  0x000077b45806e35e:   call   0x000077b45f582fe0           ; ImmutableOopMap {rdi=Oop rsi=Oop rax=Oop [72]=Oop }
                                                            ;*synchronization entry
                                                            ; - jdk.internal.classfile.impl.RawBytecodeHelper::endBci@-1 (line 319)
                                                            ; - jdk.internal.classfile.impl.RawBytecodeHelper::reset@2 (line 330)
                                                            ; - jdk.internal.classfile.impl.StackCounter::next@39 (line 94)
                                                            ;   {runtime_call counter_overflow_blob (C1 runtime)}
  0x000077b45806e363:   jmp    0x000077b45806e03a
  0x000077b45806e368:   call   0x000077b45f57c660           ; ImmutableOopMap {rdi=Oop rsi=Oop rax=Oop [72]=Oop }
                                                            ;*getfield length {reexecute=1 rethrow=0 return_oop=0}
                                                            ; - (reexecute) jdk.internal.classfile.impl.RawBytecodeHelper::endBci@4 (line 319)
                                                            ; - jdk.internal.classfile.impl.RawBytecodeHelper::reset@2 (line 330)
                                                            ; - jdk.internal.classfile.impl.StackCounter::next@39 (line 94)
                                                            ;   {runtime_call throw_null_pointer_exception_blob (C1 runtime)}
  0x000077b45806e36d:   movq   $0xffffffffffffffe4,(%rsp)
  0x000077b45806e375:   call   0x000077b45f5810e0           ; ImmutableOopMap {rdi=Oop rsi=Oop rax=Oop [72]=Oop }
                                                            ;*invokestatic checkIndex {reexecute=0 rethrow=0 return_oop=0}
                                                            ; - jdk.internal.classfile.impl.RawBytecodeHelper::reset@10 (line 330)
                                                            ; - jdk.internal.classfile.impl.StackCounter::next@39 (line 94)
                                                            ;   {runtime_call deoptimize_blob (C1 runtime)}
  0x000077b45806e37a:   movq   $0xffffffffffffffe4,(%rsp)
  0x000077b45806e382:   call   0x000077b45f5810e0           ; ImmutableOopMap {rdi=Oop rsi=Oop rax=Oop [72]=Oop }
                                                            ;*invokestatic checkIndex {reexecute=0 rethrow=0 return_oop=0}
                                                            ; - jdk.internal.classfile.impl.RawBytecodeHelper::reset@10 (line 330)
                                                            ; - jdk.internal.classfile.impl.StackCounter::next@39 (line 94)
                                                            ;   {runtime_call deoptimize_blob (C1 runtime)}
  0x000077b45806e387:   movabs $0x77b45806e08d,%r10         ;   {internal_word}
  0x000077b45806e391:   mov    %r10,0x510(%r15)
  0x000077b45806e398:   jmp    0x000077b45f4afb60           ;   {runtime_call SafepointBlob}
  0x000077b45806e39d:   call   0x000077b45f57c660           ; ImmutableOopMap {rax=Oop }
                                                            ;*invokevirtual endBci {reexecute=0 rethrow=0 return_oop=0}
                                                            ; - jdk.internal.classfile.impl.StackCounter::next@60 (line 99)
                                                            ;   {runtime_call throw_null_pointer_exception_blob (C1 runtime)}
  0x000077b45806e3a2:   movabs $0x4634cba8,%r10             ;   {metadata({method} {0x000000004634cba8} &apos;endBci&apos; &apos;()I&apos; in &apos;jdk/internal/classfile/impl/RawBytecodeHelper&apos;)}
  0x000077b45806e3ac:   mov    %r10,0x8(%rsp)
  0x000077b45806e3b1:   movq   $0xffffffffffffffff,(%rsp)
  0x000077b45806e3b9:   call   0x000077b45f582fe0           ; ImmutableOopMap {rax=Oop }
                                                            ;*synchronization entry
                                                            ; - jdk.internal.classfile.impl.RawBytecodeHelper::endBci@-1 (line 319)
                                                            ; - jdk.internal.classfile.impl.StackCounter::next@60 (line 99)
                                                            ;   {runtime_call counter_overflow_blob (C1 runtime)}
  0x000077b45806e3be:   jmp    0x000077b45806e12e
  0x000077b45806e3c3:   call   0x000077b45f57c660           ; ImmutableOopMap {rax=Oop }
                                                            ;*getfield length {reexecute=1 rethrow=0 return_oop=0}
                                                            ; - (reexecute) jdk.internal.classfile.impl.RawBytecodeHelper::endBci@4 (line 319)
                                                            ; - jdk.internal.classfile.impl.StackCounter::next@60 (line 99)
                                                            ;   {runtime_call throw_null_pointer_exception_blob (C1 runtime)}
  0x000077b45806e3c8:   movabs $0x4634c520,%r10             ;   {metadata({method} {0x000000004634c520} &apos;reset&apos; &apos;(I)V&apos; in &apos;jdk/internal/classfile/impl/RawBytecodeHelper&apos;)}
  0x000077b45806e3d2:   mov    %r10,0x8(%rsp)
  0x000077b45806e3d7:   movq   $0xffffffffffffffff,(%rsp)
  0x000077b45806e3df:   call   0x000077b45f582fe0           ; ImmutableOopMap {rax=Oop }
                                                            ;*synchronization entry
                                                            ; - jdk.internal.classfile.impl.RawBytecodeHelper::reset@-1 (line 330)
                                                            ; - jdk.internal.classfile.impl.StackCounter::next@63 (line 99)
                                                            ;   {runtime_call counter_overflow_blob (C1 runtime)}
  0x000077b45806e3e4:   jmp    0x000077b45806e1c4
  0x000077b45806e3e9:   movabs $0x4634cba8,%r10             ;   {metadata({method} {0x000000004634cba8} &apos;endBci&apos; &apos;()I&apos; in &apos;jdk/internal/classfile/impl/RawBytecodeHelper&apos;)}
  0x000077b45806e3f3:   mov    %r10,0x8(%rsp)
  0x000077b45806e3f8:   movq   $0xffffffffffffffff,(%rsp)
  0x000077b45806e400:   call   0x000077b45f582fe0           ; ImmutableOopMap {rax=Oop }
                                                            ;*synchronization entry
                                                            ; - jdk.internal.classfile.impl.RawBytecodeHelper::endBci@-1 (line 319)
                                                            ; - jdk.internal.classfile.impl.RawBytecodeHelper::reset@2 (line 330)
                                                            ; - jdk.internal.classfile.impl.StackCounter::next@63 (line 99)
                                                            ;   {runtime_call counter_overflow_blob (C1 runtime)}
  0x000077b45806e405:   jmp    0x000077b45806e250
  0x000077b45806e40a:   movq   $0xffffffffffffffe4,(%rsp)
  0x000077b45806e412:   call   0x000077b45f5810e0           ; ImmutableOopMap {rax=Oop }
                                                            ;*invokestatic checkIndex {reexecute=0 rethrow=0 return_oop=0}
                                                            ; - jdk.internal.classfile.impl.RawBytecodeHelper::reset@10 (line 330)
                                                            ; - jdk.internal.classfile.impl.StackCounter::next@63 (line 99)
                                                            ;   {runtime_call deoptimize_blob (C1 runtime)}
  0x000077b45806e417:   movq   $0xffffffffffffffe4,(%rsp)
  0x000077b45806e41f:   call   0x000077b45f5810e0           ; ImmutableOopMap {rax=Oop }
                                                            ;*invokestatic checkIndex {reexecute=0 rethrow=0 return_oop=0}
                                                            ; - jdk.internal.classfile.impl.RawBytecodeHelper::reset@10 (line 330)
                                                            ; - jdk.internal.classfile.impl.StackCounter::next@63 (line 99)
                                                            ;   {runtime_call deoptimize_blob (C1 runtime)}
  0x000077b45806e424:   movabs $0x77b45806e296,%r10         ;   {internal_word}
  0x000077b45806e42e:   mov    %r10,0x510(%r15)
  0x000077b45806e435:   jmp    0x000077b45f4afb60           ;   {runtime_call SafepointBlob}
  0x000077b45806e43a:   mov    0x5c0(%r15),%rax
  0x000077b45806e441:   movq   $0x0,0x5c0(%r15)
  0x000077b45806e44c:   movq   $0x0,0x5c8(%r15)
  0x000077b45806e457:   add    $0x60,%rsp
  0x000077b45806e45b:   pop    %rbp
  0x000077b45806e45c:   jmp    0x000077b45f57b760           ;   {runtime_call unwind_exception_blob (C1 runtime)}
  0x000077b45806e461:   hlt    
  0x000077b45806e462:   hlt    
  0x000077b45806e463:   hlt    
  0x000077b45806e464:   hlt    
  0x000077b45806e465:   hlt    
  0x000077b45806e466:   hlt    
  0x000077b45806e467:   hlt    
[Stub Code]
  0x000077b45806e468:   nopl   0x0(%rax,%rax,1)             ;   {other}
  0x000077b45806e46d:   movabs $0x0,%rbx                    ;   {static_stub}
  0x000077b45806e477:   jmp    0x000077b45806e477           ;   {runtime_call nmethod}
  0x000077b45806e47c:   nop
  0x000077b45806e47d:   movabs $0x0,%rbx                    ;   {static_stub}
  0x000077b45806e487:   jmp    0x000077b45806e487           ;   {runtime_call nmethod}
[Exception Handler]
  0x000077b45806e48c:   call   0x000077b45f57ede0           ;   {runtime_call handle_exception_from_callee_blob (C1 runtime)}
  0x000077b45806e491:   movabs $0x77b478d3aec4,%rdi         ;   {external_word}
  0x000077b45806e49b:   and    $0xfffffffffffffff0,%rsp
  0x000077b45806e49f:   call   0x000077b478791cc0           ;   {runtime_call MacroAssembler::debug64(char*, long, long*)}
  0x000077b45806e4a4:   hlt    
  0x000077b45806e4a5:   call   0x000077b45f4afe60           ;   {runtime_call DeoptimizationBlob}
[Deopt Handler Entry Point]
  0x000077b45806e4aa:   jmp    0x000077b45806e4a5
  0x000077b45806e4ac:   hlt    
  0x000077b45806e4ad:   hlt    
  0x000077b45806e4ae:   hlt    
  0x000077b45806e4af:   hlt    
--------------------------------------------------------------------------------
[/Disassembly]
