
============================= C1-compiled nmethod ==============================
----------------------------------- Assembly -----------------------------------

Compiled method (c1) 13230  805       3       java.lang.Class::forName (11 bytes)
 total in heap  [0x000077b458073108,0x000077b458073360] = 600
 main code      [0x000077b458073200,0x000077b458073320] = 288
 stub code      [0x000077b458073320,0x000077b458073360] = 64
 mutable data [0x000077b3ec0529c0,0x000077b3ec052a10] = 80
 relocation     [0x000077b3ec0529c0,0x000077b3ec052a08] = 72
 metadata       [0x000077b3ec052a08,0x000077b3ec052a10] = 8
 immutable data [0x000077b3ec04f1c0,0x000077b3ec04f2ac] = 236
 dependencies   [0x000077b3ec04f1c0,0x000077b3ec04f1c8] = 8
 scopes pcs     [0x000077b3ec04f1c8,0x000077b3ec04f268] = 160
 scopes data    [0x000077b3ec04f268,0x000077b3ec04f2a8] = 64

[Disassembly]
--------------------------------------------------------------------------------
[Constant Pool (empty)]

--------------------------------------------------------------------------------

[Verified Entry Point]
  # {method} {0x00000000461888f8} &apos;forName&apos; &apos;(Ljava/lang/String;ZLjava/lang/ClassLoader;)Ljava/lang/Class;&apos; in &apos;java/lang/Class&apos;
  # parm0:    rsi:rsi   = &apos;java/lang/String&apos;
  # parm1:    rdx       = boolean
  # parm2:    rcx:rcx   = &apos;java/lang/ClassLoader&apos;
  #           [sp+0x50]  (sp of caller)
  0x000077b458073200:   mov    %eax,-0x14000(%rsp)
  0x000077b458073207:   push   %rbp
  0x000077b458073208:   sub    $0x40,%rsp
  0x000077b45807320c:   cmpl   $0x1,0x20(%r15)
  0x000077b458073214:   je     0x000077b45807321b
  0x000077b458073216:   call   Stub::method_entry_barrier_stub (stub gen)
                                                            ;   {runtime_call Stub::method_entry_barrier_stub (stub gen)}
  0x000077b45807321b:   movabs $0x77b414120b08,%rdi         ;   {metadata(method data for {method} {0x00000000461888f8} &apos;forName&apos; &apos;(Ljava/lang/String;ZLjava/lang/ClassLoader;)Ljava/lang/Class;&apos; in &apos;java/lang/Class&apos;)}
  0x000077b458073225:   mov    0x90(%rdi),%ebx
  0x000077b45807322b:   add    $0x2,%ebx
  0x000077b45807322e:   mov    %ebx,0x90(%rdi)
  0x000077b458073234:   and    $0x7fe,%ebx
  0x000077b45807323a:   test   %ebx,%ebx
  0x000077b45807323c:   je     0x000077b4580732bc           ;*aload_0 {reexecute=0 rethrow=0 return_oop=0}
                                                            ; - java.lang.Class::forName@0 (line 559)
  0x000077b458073242:   mov    %rcx,0x30(%rsp)
  0x000077b458073247:   mov    %edx,0x28(%rsp)
  0x000077b45807324b:   movabs $0x77b414120b08,%rdi         ;   {metadata(method data for {method} {0x00000000461888f8} &apos;forName&apos; &apos;(Ljava/lang/String;ZLjava/lang/ClassLoader;)Ljava/lang/Class;&apos; in &apos;java/lang/Class&apos;)}
  0x000077b458073255:   addq   $0x1,0xd8(%rdi)
  0x000077b45807325d:   mov    %rsi,%rdi
  0x000077b458073260:   mov    %rdi,%rsi                    ;*invokestatic validateClassNameLength {reexecute=0 rethrow=0 return_oop=0}
                                                            ; - java.lang.Class::forName@1 (line 559)
  0x000077b458073263:   mov    %rdi,0x20(%rsp)
  0x000077b458073268:   nopl   0x0(%rax)
  0x000077b45807326f:   call   0x000077b45f4adfe0           ; ImmutableOopMap {[32]=Oop [48]=Oop }
                                                            ;*invokestatic validateClassNameLength {reexecute=0 rethrow=0 return_oop=0}
                                                            ; - java.lang.Class::forName@1 (line 559)
                                                            ;   {static_call}
  0x000077b458073274:   nopl   0x16c(%rax,%rax,1)           ;*invokestatic validateClassNameLength {reexecute=0 rethrow=0 return_oop=0}
                                                            ; - java.lang.Class::forName@1 (line 559)
                                                            ;   {post_call_nop}
  0x000077b45807327c:   movabs $0x77b414120b08,%rsi         ;   {metadata(method data for {method} {0x00000000461888f8} &apos;forName&apos; &apos;(Ljava/lang/String;ZLjava/lang/ClassLoader;)Ljava/lang/Class;&apos; in &apos;java/lang/Class&apos;)}
  0x000077b458073286:   addq   $0x1,0xe8(%rsi)
  0x000077b45807328e:   mov    0x20(%rsp),%rsi
  0x000077b458073293:   mov    0x28(%rsp),%edx
  0x000077b458073297:   mov    0x30(%rsp),%rcx              ;*invokestatic forName0 {reexecute=0 rethrow=0 return_oop=0}
                                                            ; - java.lang.Class::forName@7 (line 560)
  0x000077b45807329c:   data16 xchg %ax,%ax
  0x000077b45807329f:   call   0x000077b45f4adfe0           ; ImmutableOopMap {}
                                                            ;*invokestatic forName0 {reexecute=0 rethrow=0 return_oop=0}
                                                            ; - java.lang.Class::forName@7 (line 560)
                                                            ;   {static_call}
  0x000077b4580732a4:   nopl   0x100019c(%rax,%rax,1)       ;*invokestatic forName0 {reexecute=0 rethrow=0 return_oop=0}
                                                            ; - java.lang.Class::forName@7 (line 560)
                                                            ;   {post_call_nop}
  0x000077b4580732ac:   add    $0x40,%rsp
  0x000077b4580732b0:   pop    %rbp
  0x000077b4580732b1:   cmp    0x28(%r15),%rsp              ;   {poll_return}
  0x000077b4580732b5:   ja     0x000077b4580732dd
  0x000077b4580732bb:   ret    
  0x000077b4580732bc:   movabs $0x461888f8,%r10             ;   {metadata({method} {0x00000000461888f8} &apos;forName&apos; &apos;(Ljava/lang/String;ZLjava/lang/ClassLoader;)Ljava/lang/Class;&apos; in &apos;java/lang/Class&apos;)}
  0x000077b4580732c6:   mov    %r10,0x8(%rsp)
  0x000077b4580732cb:   movq   $0xffffffffffffffff,(%rsp)
  0x000077b4580732d3:   call   0x000077b45f582fe0           ; ImmutableOopMap {rsi=Oop rcx=Oop }
                                                            ;*synchronization entry
                                                            ; - java.lang.Class::forName@-1 (line 559)
                                                            ;   {runtime_call counter_overflow_blob (C1 runtime)}
  0x000077b4580732d8:   jmp    0x000077b458073242
  0x000077b4580732dd:   movabs $0x77b4580732b1,%r10         ;   {internal_word}
  0x000077b4580732e7:   mov    %r10,0x510(%r15)
  0x000077b4580732ee:   jmp    0x000077b45f4afb60           ;   {runtime_call SafepointBlob}
  0x000077b4580732f3:   mov    0x5c0(%r15),%rax
  0x000077b4580732fa:   movq   $0x0,0x5c0(%r15)
  0x000077b458073305:   movq   $0x0,0x5c8(%r15)
  0x000077b458073310:   add    $0x40,%rsp
  0x000077b458073314:   pop    %rbp
  0x000077b458073315:   jmp    0x000077b45f57b760           ;   {runtime_call unwind_exception_blob (C1 runtime)}
  0x000077b45807331a:   hlt    
  0x000077b45807331b:   hlt    
  0x000077b45807331c:   hlt    
  0x000077b45807331d:   hlt    
  0x000077b45807331e:   hlt    
  0x000077b45807331f:   hlt    
[Stub Code]
  0x000077b458073320:   movabs $0x0,%rbx                    ;   {static_stub}
  0x000077b45807332a:   jmp    0x000077b45807332a           ;   {runtime_call nmethod}
  0x000077b45807332f:   movabs $0x0,%rbx                    ;   {static_stub}
  0x000077b458073339:   jmp    0x000077b458073339           ;   {runtime_call nmethod}
[Exception Handler]
  0x000077b45807333e:   call   0x000077b45f57ede0           ;   {runtime_call handle_exception_from_callee_blob (C1 runtime)}
  0x000077b458073343:   movabs $0x77b478d3aec4,%rdi         ;   {external_word}
  0x000077b45807334d:   and    $0xfffffffffffffff0,%rsp
  0x000077b458073351:   call   0x000077b478791cc0           ;   {runtime_call MacroAssembler::debug64(char*, long, long*)}
  0x000077b458073356:   hlt    
  0x000077b458073357:   call   0x000077b45f4afe60           ;   {runtime_call DeoptimizationBlob}
[Deopt Handler Entry Point]
  0x000077b45807335c:   jmp    0x000077b458073357
  0x000077b45807335e:   hlt    
  0x000077b45807335f:   hlt    
--------------------------------------------------------------------------------
[/Disassembly]
