
============================= C1-compiled nmethod ==============================
----------------------------------- Assembly -----------------------------------

Compiled method (c1) 13261  807       3       java.util.HashMap$EntryIterator::next (5 bytes)
 total in heap  [0x000077b458073708,0x000077b458073a28] = 800
 main code      [0x000077b458073800,0x000077b4580739f8] = 504
 stub code      [0x000077b4580739f8,0x000077b458073a28] = 48
 mutable data [0x000077b3e809d3c0,0x000077b3e809d410] = 80
 relocation     [0x000077b3e809d3c0,0x000077b3e809d400] = 64
 metadata       [0x000077b3e809d400,0x000077b3e809d410] = 16
 immutable data [0x000077b3e809d8c0,0x000077b3e809d974] = 180
 dependencies   [0x000077b3e809d8c0,0x000077b3e809d8c8] = 8
 scopes pcs     [0x000077b3e809d8c8,0x000077b3e809d938] = 112
 scopes data    [0x000077b3e809d938,0x000077b3e809d970] = 56

[Disassembly]
--------------------------------------------------------------------------------
[Constant Pool (empty)]

--------------------------------------------------------------------------------

[Instructions begin]
  0x000077b458073800:   data16 data16 nopw 0x0(%rax,%rax,1)
  0x000077b45807380b:   data16 data16 xchg %ax,%ax
  0x000077b45807380f:   data16 xchg %ax,%ax
[Entry Point]
  # {method} {0x00000000462d6d60} &apos;next&apos; &apos;()Ljava/lang/Object;&apos; in &apos;java/util/HashMap$EntryIterator&apos;
  #           [sp+0x40]  (sp of caller)
  0x000077b458073812:   mov    0x8(%rsi),%r10d
  0x000077b458073816:   cmp    0x8(%rax),%r10d
  0x000077b45807381a:   jne    0x000077b45f4ad6e0           ;   {runtime_call ic_miss_blob (shared runtime)}
[Verified Entry Point]
  0x000077b458073820:   mov    %eax,-0x14000(%rsp)
  0x000077b458073827:   push   %rbp
  0x000077b458073828:   sub    $0x30,%rsp
  0x000077b45807382c:   cmpl   $0x1,0x20(%r15)
  0x000077b458073834:   je     0x000077b45807383b
  0x000077b458073836:   call   Stub::method_entry_barrier_stub (stub gen)
                                                            ;   {runtime_call Stub::method_entry_barrier_stub (stub gen)}
  0x000077b45807383b:   movabs $0x77b41422ee30,%rdi         ;   {metadata(method data for {method} {0x00000000462d6d60} &apos;next&apos; &apos;()Ljava/lang/Object;&apos; in &apos;java/util/HashMap$EntryIterator&apos;)}
  0x000077b458073845:   mov    0x90(%rdi),%ebx
  0x000077b45807384b:   add    $0x2,%ebx
  0x000077b45807384e:   mov    %ebx,0x90(%rdi)
  0x000077b458073854:   and    $0x7fe,%ebx
  0x000077b45807385a:   test   %ebx,%ebx
  0x000077b45807385c:   je     0x000077b458073974           ;*aload_0 {reexecute=0 rethrow=0 return_oop=0}
                                                            ; - java.util.HashMap$EntryIterator::next@0 (line 1637)
  0x000077b458073862:   mov    %rsi,%rdi
  0x000077b458073865:   movabs $0x77b41422ee30,%rbx         ;   {metadata(method data for {method} {0x00000000462d6d60} &apos;next&apos; &apos;()Ljava/lang/Object;&apos; in &apos;java/util/HashMap$EntryIterator&apos;)}
  0x000077b45807386f:   mov    0x8(%rdi),%edi
  0x000077b458073872:   mov    $0x46000000,%r10d
  0x000077b458073878:   add    %r10,%rdi
  0x000077b45807387b:   mov    $0x1c,%r10d
  0x000077b458073881:   cmp    (%rbx,%r10,8),%rdi
  0x000077b458073885:   je     0x000077b4580738be
  0x000077b458073887:   add    $0x2,%r10
  0x000077b45807388b:   cmp    $0x20,%r10
  0x000077b45807388f:   jne    0x000077b458073881
  0x000077b458073891:   mov    $0x1c,%r10d
  0x000077b458073897:   cmpq   $0x0,(%rbx,%r10,8)
  0x000077b45807389c:   je     0x000077b4580738aa
  0x000077b45807389e:   add    $0x2,%r10
  0x000077b4580738a2:   cmp    $0x20,%r10
  0x000077b4580738a6:   jne    0x000077b458073897
  0x000077b4580738a8:   jmp    0x000077b4580738b6
  0x000077b4580738aa:   push   %rax
  0x000077b4580738ab:   xor    %rax,%rax
  0x000077b4580738ae:   cmpxchg %rdi,(%rbx,%r10,8)
  0x000077b4580738b3:   pop    %rax
  0x000077b4580738b4:   jmp    0x000077b45807387b
  0x000077b4580738b6:   mov    $0x1b,%r10d
  0x000077b4580738bc:   jmp    0x000077b4580738c2
  0x000077b4580738be:   add    $0x1,%r10
  0x000077b4580738c2:   addq   $0x1,(%rbx,%r10,8)
  0x000077b4580738c7:   movabs $0x77b41422ef78,%rdi         ;   {metadata(method data for {method} {0x00000000462d6d08} &apos;next&apos; &apos;()Ljava/util/Map$Entry;&apos; in &apos;java/util/HashMap$EntryIterator&apos;)}
  0x000077b4580738d1:   mov    0x90(%rdi),%ebx
  0x000077b4580738d7:   add    $0x2,%ebx
  0x000077b4580738da:   mov    %ebx,0x90(%rdi)
  0x000077b4580738e0:   and    $0x1ffffe,%ebx
  0x000077b4580738e6:   test   %ebx,%ebx
  0x000077b4580738e8:   je     0x000077b458073995
  0x000077b4580738ee:   mov    %rsi,%rdi
  0x000077b4580738f1:   movabs $0x77b41422ef78,%rbx         ;   {metadata(method data for {method} {0x00000000462d6d08} &apos;next&apos; &apos;()Ljava/util/Map$Entry;&apos; in &apos;java/util/HashMap$EntryIterator&apos;)}
  0x000077b4580738fb:   mov    0x8(%rdi),%edi
  0x000077b4580738fe:   mov    $0x46000000,%r10d
  0x000077b458073904:   add    %r10,%rdi
  0x000077b458073907:   mov    $0x1c,%r10d
  0x000077b45807390d:   cmp    (%rbx,%r10,8),%rdi
  0x000077b458073911:   je     0x000077b45807394a
  0x000077b458073913:   add    $0x2,%r10
  0x000077b458073917:   cmp    $0x20,%r10
  0x000077b45807391b:   jne    0x000077b45807390d
  0x000077b45807391d:   mov    $0x1c,%r10d
  0x000077b458073923:   cmpq   $0x0,(%rbx,%r10,8)
  0x000077b458073928:   je     0x000077b458073936
  0x000077b45807392a:   add    $0x2,%r10
  0x000077b45807392e:   cmp    $0x20,%r10
  0x000077b458073932:   jne    0x000077b458073923
  0x000077b458073934:   jmp    0x000077b458073942
  0x000077b458073936:   push   %rax
  0x000077b458073937:   xor    %rax,%rax
  0x000077b45807393a:   cmpxchg %rdi,(%rbx,%r10,8)
  0x000077b45807393f:   pop    %rax
  0x000077b458073940:   jmp    0x000077b458073907
  0x000077b458073942:   mov    $0x1b,%r10d
  0x000077b458073948:   jmp    0x000077b45807394e
  0x000077b45807394a:   add    $0x1,%r10
  0x000077b45807394e:   addq   $0x1,(%rbx,%r10,8)
  0x000077b458073953:   nopl   0x0(%rax)
  0x000077b458073957:   call   0x000077b45f4ad9e0           ; ImmutableOopMap {}
                                                            ;*invokevirtual nextNode {reexecute=0 rethrow=0 return_oop=0}
                                                            ; - java.util.HashMap$EntryIterator::next@1 (line 1639)
                                                            ; - java.util.HashMap$EntryIterator::next@1 (line 1637)
                                                            ;   {optimized virtual_call}
  0x000077b45807395c:   nopl   0x254(%rax,%rax,1)           ;*invokevirtual nextNode {reexecute=0 rethrow=0 return_oop=0}
                                                            ; - java.util.HashMap$EntryIterator::next@1 (line 1639)
                                                            ; - java.util.HashMap$EntryIterator::next@1 (line 1637)
                                                            ;   {post_call_nop}
  0x000077b458073964:   add    $0x30,%rsp
  0x000077b458073968:   pop    %rbp
  0x000077b458073969:   cmp    0x28(%r15),%rsp              ;   {poll_return}
  0x000077b45807396d:   ja     0x000077b4580739b6
  0x000077b458073973:   ret    
  0x000077b458073974:   movabs $0x462d6d60,%r10             ;   {metadata({method} {0x00000000462d6d60} &apos;next&apos; &apos;()Ljava/lang/Object;&apos; in &apos;java/util/HashMap$EntryIterator&apos;)}
  0x000077b45807397e:   mov    %r10,0x8(%rsp)
  0x000077b458073983:   movq   $0xffffffffffffffff,(%rsp)
  0x000077b45807398b:   call   0x000077b45f582fe0           ; ImmutableOopMap {rsi=Oop }
                                                            ;*synchronization entry
                                                            ; - java.util.HashMap$EntryIterator::next@-1 (line 1637)
                                                            ;   {runtime_call counter_overflow_blob (C1 runtime)}
  0x000077b458073990:   jmp    0x000077b458073862
  0x000077b458073995:   movabs $0x462d6d08,%r10             ;   {metadata({method} {0x00000000462d6d08} &apos;next&apos; &apos;()Ljava/util/Map$Entry;&apos; in &apos;java/util/HashMap$EntryIterator&apos;)}
  0x000077b45807399f:   mov    %r10,0x8(%rsp)
  0x000077b4580739a4:   movq   $0xffffffffffffffff,(%rsp)
  0x000077b4580739ac:   call   0x000077b45f582fe0           ; ImmutableOopMap {rsi=Oop }
                                                            ;*synchronization entry
                                                            ; - java.util.HashMap$EntryIterator::next@-1 (line 1639)
                                                            ; - java.util.HashMap$EntryIterator::next@1 (line 1637)
                                                            ;   {runtime_call counter_overflow_blob (C1 runtime)}
  0x000077b4580739b1:   jmp    0x000077b4580738ee
  0x000077b4580739b6:   movabs $0x77b458073969,%r10         ;   {internal_word}
  0x000077b4580739c0:   mov    %r10,0x510(%r15)
  0x000077b4580739c7:   jmp    0x000077b45f4afb60           ;   {runtime_call SafepointBlob}
  0x000077b4580739cc:   mov    0x5c0(%r15),%rax
  0x000077b4580739d3:   movq   $0x0,0x5c0(%r15)
  0x000077b4580739de:   movq   $0x0,0x5c8(%r15)
  0x000077b4580739e9:   add    $0x30,%rsp
  0x000077b4580739ed:   pop    %rbp
  0x000077b4580739ee:   jmp    0x000077b45f57b760           ;   {runtime_call unwind_exception_blob (C1 runtime)}
  0x000077b4580739f3:   hlt    
  0x000077b4580739f4:   hlt    
  0x000077b4580739f5:   hlt    
  0x000077b4580739f6:   hlt    
  0x000077b4580739f7:   hlt    
[Stub Code]
  0x000077b4580739f8:   movabs $0x0,%rbx                    ;   {static_stub}
  0x000077b458073a02:   jmp    0x000077b458073a02           ;   {runtime_call nmethod}
[Exception Handler]
  0x000077b458073a07:   call   0x000077b45f57ede0           ;   {runtime_call handle_exception_from_callee_blob (C1 runtime)}
  0x000077b458073a0c:   movabs $0x77b478d3aec4,%rdi         ;   {external_word}
  0x000077b458073a16:   and    $0xfffffffffffffff0,%rsp
  0x000077b458073a1a:   call   0x000077b478791cc0           ;   {runtime_call MacroAssembler::debug64(char*, long, long*)}
  0x000077b458073a1f:   hlt    
  0x000077b458073a20:   call   0x000077b45f4afe60           ;   {runtime_call DeoptimizationBlob}
[Deopt Handler Entry Point]
  0x000077b458073a25:   jmp    0x000077b458073a20
  0x000077b458073a27:   hlt    
--------------------------------------------------------------------------------
[/Disassembly]
