
============================= C1-compiled nmethod ==============================
----------------------------------- Assembly -----------------------------------

Compiled method (c1) 14002  817   !   3       jdk.internal.misc.ScopedMemoryAccess::getShortUnalignedInternal (36 bytes)
 total in heap  [0x000077b45807b608,0x000077b45807ba30] = 1064
 main code      [0x000077b45807b700,0x000077b45807b9e8] = 744
 stub code      [0x000077b45807b9e8,0x000077b45807ba30] = 72
 mutable data [0x000077b3fc09ed30,0x000077b3fc09eda0] = 112
 relocation     [0x000077b3fc09ed30,0x000077b3fc09ed90] = 96
 metadata       [0x000077b3fc09ed90,0x000077b3fc09eda0] = 16
 immutable data [0x000077b3fc057ab0,0x000077b3fc057c7c] = 460
 dependencies   [0x000077b3fc057ab0,0x000077b3fc057ab8] = 8
 handler table  [0x000077b3fc057ab8,0x000077b3fc057ae8] = 48
 scopes pcs     [0x000077b3fc057ae8,0x000077b3fc057bc8] = 224
 scopes data    [0x000077b3fc057bc8,0x000077b3fc057c78] = 176

[Disassembly]
--------------------------------------------------------------------------------
[Constant Pool (empty)]

--------------------------------------------------------------------------------

[Instructions begin]
  0x000077b45807b700:   data16 data16 nopw 0x0(%rax,%rax,1)
  0x000077b45807b70b:   data16 data16 xchg %ax,%ax
  0x000077b45807b70f:   data16 xchg %ax,%ax
[Entry Point]
  # {method} {0x00000000461ef010} &apos;getShortUnalignedInternal&apos; &apos;(Ljdk/internal/foreign/MemorySessionImpl;Ljava/lang/Object;JZ)S&apos; in &apos;jdk/internal/misc/ScopedMemoryAccess&apos;
  # this:     rsi:rsi   = &apos;jdk/internal/misc/ScopedMemoryAccess&apos;
  # parm0:    rdx:rdx   = &apos;jdk/internal/foreign/MemorySessionImpl&apos;
  # parm1:    rcx:rcx   = &apos;java/lang/Object&apos;
  # parm2:    r8:r8     = long
  # parm3:    r9        = boolean
  #           [sp+0x70]  (sp of caller)
  0x000077b45807b712:   mov    0x8(%rsi),%r10d
  0x000077b45807b716:   cmp    0x8(%rax),%r10d
  0x000077b45807b71a:   jne    0x000077b45f4ad6e0           ;   {runtime_call ic_miss_blob (shared runtime)}
[Verified Entry Point]
  0x000077b45807b720:   mov    %eax,-0x14000(%rsp)
  0x000077b45807b727:   push   %rbp
  0x000077b45807b728:   sub    $0x60,%rsp
  0x000077b45807b72c:   cmpl   $0x1,0x20(%r15)
  0x000077b45807b734:   je     0x000077b45807b73b
  0x000077b45807b736:   call   Stub::method_entry_barrier_stub (stub gen)
                                                            ;   {runtime_call Stub::method_entry_barrier_stub (stub gen)}
  0x000077b45807b73b:   mov    %rdx,0x50(%rsp)
  0x000077b45807b740:   movabs $0x77b41427d0e8,%rdi         ;   {metadata(method data for {method} {0x00000000461ef010} &apos;getShortUnalignedInternal&apos; &apos;(Ljdk/internal/foreign/MemorySessionImpl;Ljava/lang/Object;JZ)S&apos; in &apos;jdk/internal/misc/ScopedMemoryAccess&apos;)}
  0x000077b45807b74a:   mov    0x90(%rdi),%ebx
  0x000077b45807b750:   add    $0x2,%ebx
  0x000077b45807b753:   mov    %ebx,0x90(%rdi)
  0x000077b45807b759:   and    $0x7fe,%ebx
  0x000077b45807b75f:   test   %ebx,%ebx
  0x000077b45807b761:   je     0x000077b45807b944           ;*aload_1 {reexecute=0 rethrow=0 return_oop=0}
                                                            ; - jdk.internal.misc.ScopedMemoryAccess::getShortUnalignedInternal@0 (line 1788)
  0x000077b45807b767:   test   %rdx,%rdx
  0x000077b45807b76a:   movabs $0x77b41427d0e8,%rsi         ;   {metadata(method data for {method} {0x00000000461ef010} &apos;getShortUnalignedInternal&apos; &apos;(Ljdk/internal/foreign/MemorySessionImpl;Ljava/lang/Object;JZ)S&apos; in &apos;jdk/internal/misc/ScopedMemoryAccess&apos;)}
  0x000077b45807b774:   mov    $0xd8,%edi
  0x000077b45807b779:   je     0x000077b45807b780
  0x000077b45807b77b:   mov    $0xe8,%edi
  0x000077b45807b780:   mov    (%rsi,%rdi,1),%rbx
  0x000077b45807b784:   lea    0x1(%rbx),%rbx
  0x000077b45807b788:   mov    %rbx,(%rsi,%rdi,1)
  0x000077b45807b78c:   je     0x000077b45807b7cb           ;*ifnull {reexecute=0 rethrow=0 return_oop=0}
                                                            ; - jdk.internal.misc.ScopedMemoryAccess::getShortUnalignedInternal@1 (line 1788)
  0x000077b45807b792:   mov    %r9d,0x48(%rsp)
  0x000077b45807b797:   mov    %r8,0x40(%rsp)
  0x000077b45807b79c:   mov    %rcx,0x38(%rsp)
  0x000077b45807b7a1:   mov    %rdx,%rsi                    ;*invokevirtual checkValidStateRaw {reexecute=0 rethrow=0 return_oop=0}
                                                            ; - jdk.internal.misc.ScopedMemoryAccess::getShortUnalignedInternal@5 (line 1789)
  0x000077b45807b7a4:   nop
  0x000077b45807b7a5:   movabs $0x77b3fc09ee40,%rax
  0x000077b45807b7af:   call   0x000077b45f4adce0           ; ImmutableOopMap {[56]=Oop [80]=Oop }
                                                            ;*invokevirtual checkValidStateRaw {reexecute=0 rethrow=0 return_oop=0}
                                                            ; - jdk.internal.misc.ScopedMemoryAccess::getShortUnalignedInternal@5 (line 1789)
                                                            ;   {virtual_call}
  0x000077b45807b7b4:   nopl   0x1ac(%rax,%rax,1)           ;*invokevirtual checkValidStateRaw {reexecute=0 rethrow=0 return_oop=0}
                                                            ; - jdk.internal.misc.ScopedMemoryAccess::getShortUnalignedInternal@5 (line 1789)
                                                            ;   {post_call_nop}
  0x000077b45807b7bc:   mov    0x48(%rsp),%r9d
  0x000077b45807b7c1:   mov    0x40(%rsp),%r8
  0x000077b45807b7c6:   mov    0x38(%rsp),%rcx
  0x000077b45807b7cb:   movabs $0x77b41427d0e8,%rsi         ;   {metadata(method data for {method} {0x00000000461ef010} &apos;getShortUnalignedInternal&apos; &apos;(Ljdk/internal/foreign/MemorySessionImpl;Ljava/lang/Object;JZ)S&apos; in &apos;jdk/internal/misc/ScopedMemoryAccess&apos;)}
  0x000077b45807b7d5:   lea    0x158(%rsi),%rsi
  0x000077b45807b7dc:   test   %rcx,%rcx
  0x000077b45807b7df:   jne    0x000077b45807b7ef
  0x000077b45807b7e1:   testb  $0x1,0x8(%rsi)
  0x000077b45807b7e5:   jne    0x000077b45807b816
  0x000077b45807b7e7:   lock orq $0x1,0x8(%rsi)
  0x000077b45807b7ed:   jmp    0x000077b45807b816
  0x000077b45807b7ef:   mov    0x8(%rcx),%edi
  0x000077b45807b7f2:   mov    $0x46000000,%r10d
  0x000077b45807b7f8:   add    %r10,%rdi
  0x000077b45807b7fb:   mov    %rdi,%r10
  0x000077b45807b7fe:   xor    0x8(%rsi),%rdi
  0x000077b45807b802:   test   $0xfffffffffffffffc,%rdi
  0x000077b45807b809:   je     0x000077b45807b816
  0x000077b45807b80b:   test   $0x2,%dil
  0x000077b45807b80f:   jne    0x000077b45807b816
  0x000077b45807b811:   orq    $0x2,0x8(%rsi)
  0x000077b45807b816:   movabs $0x41f801628,%rsi            ;   {oop(a &apos;jdk/internal/misc/Unsafe&apos;{0x000000041f801628})}
  0x000077b45807b820:   mov    %rsi,%rdi
  0x000077b45807b823:   movabs $0x77b41427d0e8,%rbx         ;   {metadata(method data for {method} {0x00000000461ef010} &apos;getShortUnalignedInternal&apos; &apos;(Ljdk/internal/foreign/MemorySessionImpl;Ljava/lang/Object;JZ)S&apos; in &apos;jdk/internal/misc/ScopedMemoryAccess&apos;)}
  0x000077b45807b82d:   mov    0x8(%rdi),%edi
  0x000077b45807b830:   mov    $0x46000000,%r10d
  0x000077b45807b836:   add    %r10,%rdi
  0x000077b45807b839:   mov    $0x26,%r10d
  0x000077b45807b83f:   cmp    (%rbx,%r10,8),%rdi
  0x000077b45807b843:   je     0x000077b45807b87c
  0x000077b45807b845:   add    $0x2,%r10
  0x000077b45807b849:   cmp    $0x2a,%r10
  0x000077b45807b84d:   jne    0x000077b45807b83f
  0x000077b45807b84f:   mov    $0x26,%r10d
  0x000077b45807b855:   cmpq   $0x0,(%rbx,%r10,8)
  0x000077b45807b85a:   je     0x000077b45807b868
  0x000077b45807b85c:   add    $0x2,%r10
  0x000077b45807b860:   cmp    $0x2a,%r10
  0x000077b45807b864:   jne    0x000077b45807b855
  0x000077b45807b866:   jmp    0x000077b45807b874
  0x000077b45807b868:   push   %rax
  0x000077b45807b869:   xor    %rax,%rax
  0x000077b45807b86c:   cmpxchg %rdi,(%rbx,%r10,8)
  0x000077b45807b871:   pop    %rax
  0x000077b45807b872:   jmp    0x000077b45807b839
  0x000077b45807b874:   mov    $0x25,%r10d
  0x000077b45807b87a:   jmp    0x000077b45807b880
  0x000077b45807b87c:   add    $0x1,%r10
  0x000077b45807b880:   addq   $0x1,(%rbx,%r10,8)
  0x000077b45807b885:   mov    %rcx,%rdx
  0x000077b45807b888:   mov    %r8,%rcx
  0x000077b45807b88b:   mov    %r9,%r8                      ;*invokevirtual getShortUnaligned {reexecute=0 rethrow=0 return_oop=0}
                                                            ; - jdk.internal.misc.ScopedMemoryAccess::getShortUnalignedInternal@15 (line 1791)
  0x000077b45807b88e:   nop
  0x000077b45807b88f:   call   0x000077b45f4ad9e0           ; ImmutableOopMap {[80]=Oop }
                                                            ;*invokevirtual getShortUnaligned {reexecute=0 rethrow=0 return_oop=0}
                                                            ; - jdk.internal.misc.ScopedMemoryAccess::getShortUnalignedInternal@15 (line 1791)
                                                            ;   {optimized virtual_call}
  0x000077b45807b894:   nopl   0x100028c(%rax,%rax,1)       ;*invokevirtual getShortUnaligned {reexecute=0 rethrow=0 return_oop=0}
                                                            ; - jdk.internal.misc.ScopedMemoryAccess::getShortUnalignedInternal@15 (line 1791)
                                                            ;   {post_call_nop}
  0x000077b45807b89c:   movabs $0x77b41427d0e8,%rsi         ;   {metadata(method data for {method} {0x00000000461ef010} &apos;getShortUnalignedInternal&apos; &apos;(Ljdk/internal/foreign/MemorySessionImpl;Ljava/lang/Object;JZ)S&apos; in &apos;jdk/internal/misc/ScopedMemoryAccess&apos;)}
  0x000077b45807b8a6:   addq   $0x1,0x170(%rsi)
  0x000077b45807b8ae:   movabs $0x77b414066fc0,%rsi         ;   {metadata(method data for {method} {0x00000000461a85e8} &apos;reachabilityFence&apos; &apos;(Ljava/lang/Object;)V&apos; in &apos;java/lang/ref/Reference&apos;)}
  0x000077b45807b8b8:   mov    0x90(%rsi),%edi
  0x000077b45807b8be:   add    $0x2,%edi
  0x000077b45807b8c1:   mov    %edi,0x90(%rsi)
  0x000077b45807b8c7:   and    $0x1ffffe,%edi
  0x000077b45807b8cd:   test   %edi,%edi
  0x000077b45807b8cf:   je     0x000077b45807b965
  0x000077b45807b8d5:   shl    $0x10,%eax
  0x000077b45807b8d8:   sar    $0x10,%eax
  0x000077b45807b8db:   add    $0x60,%rsp
  0x000077b45807b8df:   pop    %rbp
  0x000077b45807b8e0:   cmp    0x28(%r15),%rsp              ;   {poll_return}
  0x000077b45807b8e4:   ja     0x000077b45807b986
  0x000077b45807b8ea:   ret                                 ;*ireturn {reexecute=0 rethrow=0 return_oop=0}
                                                            ; - jdk.internal.misc.ScopedMemoryAccess::getShortUnalignedInternal@26 (line 1791)
  0x000077b45807b8eb:   mov    0x5c0(%r15),%rax
  0x000077b45807b8f2:   xor    %r10,%r10
  0x000077b45807b8f5:   mov    %r10,0x5c0(%r15)
  0x000077b45807b8fc:   xor    %r10,%r10
  0x000077b45807b8ff:   mov    %r10,0x5c8(%r15)
  0x000077b45807b906:   movabs $0x77b41427d0e8,%rsi         ;   {metadata(method data for {method} {0x00000000461ef010} &apos;getShortUnalignedInternal&apos; &apos;(Ljdk/internal/foreign/MemorySessionImpl;Ljava/lang/Object;JZ)S&apos; in &apos;jdk/internal/misc/ScopedMemoryAccess&apos;)}
  0x000077b45807b910:   addq   $0x1,0x180(%rsi)
  0x000077b45807b918:   movabs $0x77b414066fc0,%rsi         ;   {metadata(method data for {method} {0x00000000461a85e8} &apos;reachabilityFence&apos; &apos;(Ljava/lang/Object;)V&apos; in &apos;java/lang/ref/Reference&apos;)}
  0x000077b45807b922:   mov    0x90(%rsi),%edi
  0x000077b45807b928:   add    $0x2,%edi
  0x000077b45807b92b:   mov    %edi,0x90(%rsi)
  0x000077b45807b931:   and    $0x1ffffe,%edi
  0x000077b45807b937:   test   %edi,%edi
  0x000077b45807b939:   je     0x000077b45807b99c
  0x000077b45807b93f:   jmp    0x000077b45807b9d7
  0x000077b45807b944:   movabs $0x461ef010,%r10             ;   {metadata({method} {0x00000000461ef010} &apos;getShortUnalignedInternal&apos; &apos;(Ljdk/internal/foreign/MemorySessionImpl;Ljava/lang/Object;JZ)S&apos; in &apos;jdk/internal/misc/ScopedMemoryAccess&apos;)}
  0x000077b45807b94e:   mov    %r10,0x8(%rsp)
  0x000077b45807b953:   movq   $0xffffffffffffffff,(%rsp)
  0x000077b45807b95b:   call   0x000077b45f582fe0           ; ImmutableOopMap {rsi=Oop rdx=Oop rcx=Oop [80]=Oop }
                                                            ;*synchronization entry
                                                            ; - jdk.internal.misc.ScopedMemoryAccess::getShortUnalignedInternal@-1 (line 1788)
                                                            ;   {runtime_call counter_overflow_blob (C1 runtime)}
  0x000077b45807b960:   jmp    0x000077b45807b767
  0x000077b45807b965:   movabs $0x461a85e8,%r10             ;   {metadata({method} {0x00000000461a85e8} &apos;reachabilityFence&apos; &apos;(Ljava/lang/Object;)V&apos; in &apos;java/lang/ref/Reference&apos;)}
  0x000077b45807b96f:   mov    %r10,0x8(%rsp)
  0x000077b45807b974:   movq   $0xffffffffffffffff,(%rsp)
  0x000077b45807b97c:   call   0x000077b45f582fe0           ; ImmutableOopMap {}
                                                            ;*synchronization entry
                                                            ; - java.lang.ref.Reference::reachabilityFence@-1 (line 654)
                                                            ; - jdk.internal.misc.ScopedMemoryAccess::getShortUnalignedInternal@21 (line 1793)
                                                            ;   {runtime_call counter_overflow_blob (C1 runtime)}
  0x000077b45807b981:   jmp    0x000077b45807b8d5
  0x000077b45807b986:   movabs $0x77b45807b8e0,%r10         ;   {internal_word}
  0x000077b45807b990:   mov    %r10,0x510(%r15)
  0x000077b45807b997:   jmp    0x000077b45f4afb60           ;   {runtime_call SafepointBlob}
  0x000077b45807b99c:   movabs $0x461a85e8,%r10             ;   {metadata({method} {0x00000000461a85e8} &apos;reachabilityFence&apos; &apos;(Ljava/lang/Object;)V&apos; in &apos;java/lang/ref/Reference&apos;)}
  0x000077b45807b9a6:   mov    %r10,0x8(%rsp)
  0x000077b45807b9ab:   movq   $0xffffffffffffffff,(%rsp)
  0x000077b45807b9b3:   call   0x000077b45f582fe0           ; ImmutableOopMap {rax=Oop }
                                                            ;*synchronization entry
                                                            ; - java.lang.ref.Reference::reachabilityFence@-1 (line 654)
                                                            ; - jdk.internal.misc.ScopedMemoryAccess::getShortUnalignedInternal@30 (line 1793)
                                                            ;   {runtime_call counter_overflow_blob (C1 runtime)}
  0x000077b45807b9b8:   jmp    0x000077b45807b93f
  0x000077b45807b9ba:   mov    0x5c0(%r15),%rax
  0x000077b45807b9c1:   movq   $0x0,0x5c0(%r15)
  0x000077b45807b9cc:   movq   $0x0,0x5c8(%r15)
  0x000077b45807b9d7:   add    $0x60,%rsp
  0x000077b45807b9db:   pop    %rbp
  0x000077b45807b9dc:   jmp    0x000077b45f57b760           ;   {runtime_call unwind_exception_blob (C1 runtime)}
  0x000077b45807b9e1:   hlt    
  0x000077b45807b9e2:   hlt    
  0x000077b45807b9e3:   hlt    
  0x000077b45807b9e4:   hlt    
  0x000077b45807b9e5:   hlt    
  0x000077b45807b9e6:   hlt    
  0x000077b45807b9e7:   hlt    
[Stub Code]
  0x000077b45807b9e8:   nopl   0x0(%rax,%rax,1)             ;   {other}
  0x000077b45807b9ed:   movabs $0x0,%rbx                    ;   {static_stub}
  0x000077b45807b9f7:   jmp    0x000077b45807b9f7           ;   {runtime_call nmethod}
  0x000077b45807b9fc:   movabs $0x0,%rbx                    ;   {static_stub}
  0x000077b45807ba06:   jmp    0x000077b45807ba06           ;   {runtime_call nmethod}
[Exception Handler]
  0x000077b45807ba0b:   call   0x000077b45f57ede0           ;   {runtime_call handle_exception_from_callee_blob (C1 runtime)}
  0x000077b45807ba10:   movabs $0x77b478d3aec4,%rdi         ;   {external_word}
  0x000077b45807ba1a:   and    $0xfffffffffffffff0,%rsp
  0x000077b45807ba1e:   call   0x000077b478791cc0           ;   {runtime_call MacroAssembler::debug64(char*, long, long*)}
  0x000077b45807ba23:   hlt    
  0x000077b45807ba24:   call   0x000077b45f4afe60           ;   {runtime_call DeoptimizationBlob}
[Deopt Handler Entry Point]
  0x000077b45807ba29:   jmp    0x000077b45807ba24
  0x000077b45807ba2b:   hlt    
  0x000077b45807ba2c:   hlt    
  0x000077b45807ba2d:   hlt    
  0x000077b45807ba2e:   hlt    
  0x000077b45807ba2f:   hlt    
--------------------------------------------------------------------------------
[/Disassembly]
