
============================= C1-compiled nmethod ==============================
----------------------------------- Assembly -----------------------------------

Compiled method (c1) 14203  823       3       jdk.internal.util.ArraysSupport::hashCode (42 bytes)
 total in heap  [0x000077b45807cb08,0x000077b45807cf10] = 1032
 main code      [0x000077b45807cc00,0x000077b45807ced8] = 728
 stub code      [0x000077b45807ced8,0x000077b45807cf10] = 56
 mutable data [0x000077b3e8049720,0x000077b3e8049788] = 104
 relocation     [0x000077b3e8049720,0x000077b3e8049778] = 88
 metadata       [0x000077b3e8049778,0x000077b3e8049788] = 16
 immutable data [0x000077b3e8072d60,0x000077b3e8072fa4] = 580
 dependencies   [0x000077b3e8072d60,0x000077b3e8072d68] = 8
 nul chk table  [0x000077b3e8072d68,0x000077b3e8072d88] = 32
 scopes pcs     [0x000077b3e8072d88,0x000077b3e8072ed8] = 336
 scopes data    [0x000077b3e8072ed8,0x000077b3e8072fa0] = 200

[Disassembly]
--------------------------------------------------------------------------------
[Constant Pool (empty)]

--------------------------------------------------------------------------------

[Verified Entry Point]
  # {method} {0x000000004648e720} &apos;hashCode&apos; &apos;([Ljava/lang/Object;III)I&apos; in &apos;jdk/internal/util/ArraysSupport&apos;
  # parm0:    rsi:rsi   = &apos;[Ljava/lang/Object;&apos;
  # parm1:    rdx       = int
  # parm2:    rcx       = int
  # parm3:    r8        = int
  #           [sp+0x60]  (sp of caller)
  0x000077b45807cc00:   mov    %eax,-0x14000(%rsp)
  0x000077b45807cc07:   push   %rbp
  0x000077b45807cc08:   sub    $0x50,%rsp
  0x000077b45807cc0c:   cmpl   $0x1,0x20(%r15)
  0x000077b45807cc14:   je     0x000077b45807cc1b
  0x000077b45807cc16:   call   Stub::method_entry_barrier_stub (stub gen)
                                                            ;   {runtime_call Stub::method_entry_barrier_stub (stub gen)}
  0x000077b45807cc1b:   mov    %rsi,0x38(%rsp)
  0x000077b45807cc20:   movabs $0x77b41427f450,%rdi         ;   {metadata(method data for {method} {0x000000004648e720} &apos;hashCode&apos; &apos;([Ljava/lang/Object;III)I&apos; in &apos;jdk/internal/util/ArraysSupport&apos;)}
  0x000077b45807cc2a:   mov    0x90(%rdi),%ebx
  0x000077b45807cc30:   add    $0x2,%ebx
  0x000077b45807cc33:   mov    %ebx,0x90(%rdi)
  0x000077b45807cc39:   and    $0x7fe,%ebx
  0x000077b45807cc3f:   test   %ebx,%ebx
  0x000077b45807cc41:   je     0x000077b45807ce16           ;*iload_3 {reexecute=0 rethrow=0 return_oop=0}
                                                            ; - jdk.internal.util.ArraysSupport::hashCode@0 (line 321)
  0x000077b45807cc47:   add    %edx,%ecx
  0x000077b45807cc49:   mov    %ecx,0x40(%rsp)
  0x000077b45807cc4d:   data16 xchg %ax,%ax
  0x000077b45807cc50:   cmp    %ecx,%edx
  0x000077b45807cc52:   movabs $0x77b41427f450,%rdi         ;   {metadata(method data for {method} {0x000000004648e720} &apos;hashCode&apos; &apos;([Ljava/lang/Object;III)I&apos; in &apos;jdk/internal/util/ArraysSupport&apos;)}
  0x000077b45807cc5c:   mov    $0xd8,%ebx
  0x000077b45807cc61:   jge    0x000077b45807cc68
  0x000077b45807cc63:   mov    $0xe8,%ebx
  0x000077b45807cc68:   mov    (%rdi,%rbx,1),%rax
  0x000077b45807cc6c:   lea    0x1(%rax),%rax
  0x000077b45807cc70:   mov    %rax,(%rdi,%rbx,1)
  0x000077b45807cc74:   jge    0x000077b45807ce03           ;*if_icmpge {reexecute=0 rethrow=0 return_oop=0}
                                                            ; - jdk.internal.util.ArraysSupport::hashCode@15 (line 323)
  0x000077b45807cc7a:   mov    %r8,%rdi
  0x000077b45807cc7d:   shl    $0x5,%r8d
  0x000077b45807cc81:   sub    %edi,%r8d
  0x000077b45807cc84:   cmp    0xc(%rsi),%edx               ; implicit exception: dispatches to 0x000077b45807ce37
  0x000077b45807cc87:   jae    0x000077b45807ce41
  0x000077b45807cc8d:   movslq %edx,%rdi
  0x000077b45807cc90:   mov    0x10(%rsi,%rdi,4),%edi
  0x000077b45807cc94:   shl    $0x3,%rdi                    ;*aaload {reexecute=0 rethrow=0 return_oop=0}
                                                            ; - jdk.internal.util.ArraysSupport::hashCode@26 (line 324)
  0x000077b45807cc98:   movabs $0x77b41427f450,%rbx         ;   {metadata(method data for {method} {0x000000004648e720} &apos;hashCode&apos; &apos;([Ljava/lang/Object;III)I&apos; in &apos;jdk/internal/util/ArraysSupport&apos;)}
  0x000077b45807cca2:   addq   $0x1,0xf8(%rbx)
  0x000077b45807ccaa:   movabs $0x77b4140ba260,%rbx         ;   {metadata(method data for {method} {0x000000004621ede8} &apos;hashCode&apos; &apos;(Ljava/lang/Object;)I&apos; in &apos;java/util/Objects&apos;)}
  0x000077b45807ccb4:   mov    0x90(%rbx),%eax
  0x000077b45807ccba:   add    $0x2,%eax
  0x000077b45807ccbd:   mov    %eax,0x90(%rbx)
  0x000077b45807ccc3:   and    $0x1ffffe,%eax
  0x000077b45807ccc8:   test   %eax,%eax
  0x000077b45807ccca:   je     0x000077b45807ce4f
  0x000077b45807ccd0:   test   %rdi,%rdi
  0x000077b45807ccd3:   movabs $0x77b4140ba260,%rbx         ;   {metadata(method data for {method} {0x000000004621ede8} &apos;hashCode&apos; &apos;(Ljava/lang/Object;)I&apos; in &apos;java/util/Objects&apos;)}
  0x000077b45807ccdd:   mov    $0xd8,%eax
  0x000077b45807cce2:   je     0x000077b45807cce9
  0x000077b45807cce4:   mov    $0xe8,%eax
  0x000077b45807cce9:   mov    (%rbx,%rax,1),%r9
  0x000077b45807cced:   lea    0x1(%r9),%r9
  0x000077b45807ccf1:   mov    %r9,(%rbx,%rax,1)
  0x000077b45807ccf5:   mov    %r8d,0x30(%rsp)
  0x000077b45807ccfa:   mov    %edx,0x34(%rsp)
  0x000077b45807ccfe:   je     0x000077b45807cda1           ;*ifnull {reexecute=0 rethrow=0 return_oop=0}
                                                            ; - java.util.Objects::hashCode@1 (line 97)
                                                            ; - jdk.internal.util.ArraysSupport::hashCode@27 (line 324)
  0x000077b45807cd04:   cmp    (%rdi),%rax                  ; implicit exception: dispatches to 0x000077b45807ce70
  0x000077b45807cd07:   mov    %rdi,%rbx
  0x000077b45807cd0a:   movabs $0x77b4140ba260,%rax         ;   {metadata(method data for {method} {0x000000004621ede8} &apos;hashCode&apos; &apos;(Ljava/lang/Object;)I&apos; in &apos;java/util/Objects&apos;)}
  0x000077b45807cd14:   mov    0x8(%rbx),%ebx
  0x000077b45807cd17:   mov    $0x46000000,%r10d
  0x000077b45807cd1d:   add    %r10,%rbx
  0x000077b45807cd20:   mov    $0x20,%r10d
  0x000077b45807cd26:   cmp    (%rax,%r10,8),%rbx
  0x000077b45807cd2a:   je     0x000077b45807cd69
  0x000077b45807cd2c:   add    $0x2,%r10
  0x000077b45807cd30:   cmp    $0x24,%r10
  0x000077b45807cd34:   jne    0x000077b45807cd26
  0x000077b45807cd36:   mov    $0x20,%r10d
  0x000077b45807cd3c:   cmpq   $0x0,(%rax,%r10,8)
  0x000077b45807cd41:   je     0x000077b45807cd4f
  0x000077b45807cd43:   add    $0x2,%r10
  0x000077b45807cd47:   cmp    $0x24,%r10
  0x000077b45807cd4b:   jne    0x000077b45807cd3c
  0x000077b45807cd4d:   jmp    0x000077b45807cd61
  0x000077b45807cd4f:   push   %rcx
  0x000077b45807cd50:   mov    %rax,%rcx
  0x000077b45807cd53:   xor    %rax,%rax
  0x000077b45807cd56:   cmpxchg %rbx,(%rcx,%r10,8)
  0x000077b45807cd5b:   mov    %rcx,%rax
  0x000077b45807cd5e:   pop    %rcx
  0x000077b45807cd5f:   jmp    0x000077b45807cd20
  0x000077b45807cd61:   mov    $0x1f,%r10d
  0x000077b45807cd67:   jmp    0x000077b45807cd6d
  0x000077b45807cd69:   add    $0x1,%r10
  0x000077b45807cd6d:   addq   $0x1,(%rax,%r10,8)
  0x000077b45807cd72:   mov    %rdi,%rsi                    ;*invokevirtual hashCode {reexecute=0 rethrow=0 return_oop=0}
                                                            ; - java.util.Objects::hashCode@5 (line 97)
                                                            ; - jdk.internal.util.ArraysSupport::hashCode@27 (line 324)
  0x000077b45807cd75:   movabs $0x77b3e8072fb0,%rax
  0x000077b45807cd7f:   call   0x000077b45f4adce0           ; ImmutableOopMap {[56]=Oop }
                                                            ;*invokevirtual hashCode {reexecute=0 rethrow=0 return_oop=0}
                                                            ; - java.util.Objects::hashCode@5 (line 97)
                                                            ; - jdk.internal.util.ArraysSupport::hashCode@27 (line 324)
                                                            ;   {virtual_call}
  0x000077b45807cd84:   nopl   0x27c(%rax,%rax,1)           ;*invokevirtual hashCode {reexecute=0 rethrow=0 return_oop=0}
                                                            ; - java.util.Objects::hashCode@5 (line 97)
                                                            ; - jdk.internal.util.ArraysSupport::hashCode@27 (line 324)
                                                            ;   {post_call_nop}
  0x000077b45807cd8c:   movabs $0x77b4140ba260,%rsi         ;   {metadata(method data for {method} {0x000000004621ede8} &apos;hashCode&apos; &apos;(Ljava/lang/Object;)I&apos; in &apos;java/util/Objects&apos;)}
  0x000077b45807cd96:   incl   0x128(%rsi)
  0x000077b45807cd9c:   jmp    0x000077b45807cda6           ;*goto {reexecute=0 rethrow=0 return_oop=0}
                                                            ; - java.util.Objects::hashCode@8 (line 97)
                                                            ; - jdk.internal.util.ArraysSupport::hashCode@27 (line 324)
  0x000077b45807cda1:   mov    $0x0,%eax                    ;*ireturn {reexecute=0 rethrow=0 return_oop=0}
                                                            ; - java.util.Objects::hashCode@12 (line 97)
                                                            ; - jdk.internal.util.ArraysSupport::hashCode@27 (line 324)
  0x000077b45807cda6:   mov    0x30(%rsp),%r8d
  0x000077b45807cdab:   add    %r8d,%eax
  0x000077b45807cdae:   mov    0x34(%rsp),%edx
  0x000077b45807cdb2:   inc    %edx
  0x000077b45807cdb4:   movabs $0x77b41427f450,%rsi         ;   {metadata(method data for {method} {0x000000004648e720} &apos;hashCode&apos; &apos;([Ljava/lang/Object;III)I&apos; in &apos;jdk/internal/util/ArraysSupport&apos;)}
  0x000077b45807cdbe:   mov    0x94(%rsi),%edi
  0x000077b45807cdc4:   add    $0x2,%edi
  0x000077b45807cdc7:   mov    %edi,0x94(%rsi)
  0x000077b45807cdcd:   and    $0x3ffe,%edi
  0x000077b45807cdd3:   test   %edi,%edi
  0x000077b45807cdd5:   je     0x000077b45807ce75           ;*goto {reexecute=0 rethrow=0 return_oop=0}
                                                            ; - jdk.internal.util.ArraysSupport::hashCode@36 (line 323)
  0x000077b45807cddb:   mov    0x30(%r15),%r10              ; ImmutableOopMap {[56]=Oop }
                                                            ;*goto {reexecute=1 rethrow=0 return_oop=0}
                                                            ; - (reexecute) jdk.internal.util.ArraysSupport::hashCode@36 (line 323)
  0x000077b45807cddf:   test   %eax,(%r10)                  ;   {poll}
  0x000077b45807cde2:   movabs $0x77b41427f450,%rsi         ;   {metadata(method data for {method} {0x000000004648e720} &apos;hashCode&apos; &apos;([Ljava/lang/Object;III)I&apos; in &apos;jdk/internal/util/ArraysSupport&apos;)}
  0x000077b45807cdec:   incl   0x108(%rsi)
  0x000077b45807cdf2:   mov    %rax,%r8
  0x000077b45807cdf5:   mov    0x40(%rsp),%ecx
  0x000077b45807cdf9:   mov    0x38(%rsp),%rsi
  0x000077b45807cdfe:   jmp    0x000077b45807cc50           ;*goto {reexecute=0 rethrow=0 return_oop=0}
                                                            ; - jdk.internal.util.ArraysSupport::hashCode@36 (line 323)
  0x000077b45807ce03:   mov    %r8,%rax
  0x000077b45807ce06:   add    $0x50,%rsp
  0x000077b45807ce0a:   pop    %rbp
  0x000077b45807ce0b:   cmp    0x28(%r15),%rsp              ;   {poll_return}
  0x000077b45807ce0f:   ja     0x000077b45807ce96
  0x000077b45807ce15:   ret    
  0x000077b45807ce16:   movabs $0x4648e720,%r10             ;   {metadata({method} {0x000000004648e720} &apos;hashCode&apos; &apos;([Ljava/lang/Object;III)I&apos; in &apos;jdk/internal/util/ArraysSupport&apos;)}
  0x000077b45807ce20:   mov    %r10,0x8(%rsp)
  0x000077b45807ce25:   movq   $0xffffffffffffffff,(%rsp)
  0x000077b45807ce2d:   call   0x000077b45f582fe0           ; ImmutableOopMap {rsi=Oop [56]=Oop }
                                                            ;*synchronization entry
                                                            ; - jdk.internal.util.ArraysSupport::hashCode@-1 (line 321)
                                                            ;   {runtime_call counter_overflow_blob (C1 runtime)}
  0x000077b45807ce32:   jmp    0x000077b45807cc47
  0x000077b45807ce37:   call   0x000077b45f57c660           ; ImmutableOopMap {rsi=Oop [56]=Oop }
                                                            ;*aaload {reexecute=0 rethrow=0 return_oop=0}
                                                            ; - jdk.internal.util.ArraysSupport::hashCode@26 (line 324)
                                                            ;   {runtime_call throw_null_pointer_exception_blob (C1 runtime)}
  0x000077b45807ce3c:   call   0x000077b45f57c660           ; ImmutableOopMap {rsi=Oop [56]=Oop }
                                                            ;*aaload {reexecute=0 rethrow=0 return_oop=0}
                                                            ; - jdk.internal.util.ArraysSupport::hashCode@26 (line 324)
                                                            ;   {runtime_call throw_null_pointer_exception_blob (C1 runtime)}
  0x000077b45807ce41:   mov    %rdx,(%rsp)
  0x000077b45807ce45:   mov    %rsi,0x8(%rsp)
  0x000077b45807ce4a:   call   0x000077b45f57bd60           ; ImmutableOopMap {rsi=Oop [56]=Oop }
                                                            ;*aaload {reexecute=0 rethrow=0 return_oop=0}
                                                            ; - jdk.internal.util.ArraysSupport::hashCode@26 (line 324)
                                                            ;   {runtime_call throw_range_check_failed_blob (C1 runtime)}
  0x000077b45807ce4f:   movabs $0x4621ede8,%r10             ;   {metadata({method} {0x000000004621ede8} &apos;hashCode&apos; &apos;(Ljava/lang/Object;)I&apos; in &apos;java/util/Objects&apos;)}
  0x000077b45807ce59:   mov    %r10,0x8(%rsp)
  0x000077b45807ce5e:   movq   $0xffffffffffffffff,(%rsp)
  0x000077b45807ce66:   call   0x000077b45f582fe0           ; ImmutableOopMap {rsi=Oop rdi=Oop [56]=Oop }
                                                            ;*synchronization entry
                                                            ; - java.util.Objects::hashCode@-1 (line 97)
                                                            ; - jdk.internal.util.ArraysSupport::hashCode@27 (line 324)
                                                            ;   {runtime_call counter_overflow_blob (C1 runtime)}
  0x000077b45807ce6b:   jmp    0x000077b45807ccd0
  0x000077b45807ce70:   call   0x000077b45f57c660           ; ImmutableOopMap {rdi=Oop [56]=Oop }
                                                            ;*invokevirtual hashCode {reexecute=0 rethrow=0 return_oop=0}
                                                            ; - java.util.Objects::hashCode@5 (line 97)
                                                            ; - jdk.internal.util.ArraysSupport::hashCode@27 (line 324)
                                                            ;   {runtime_call throw_null_pointer_exception_blob (C1 runtime)}
  0x000077b45807ce75:   movabs $0x4648e720,%r10             ;   {metadata({method} {0x000000004648e720} &apos;hashCode&apos; &apos;([Ljava/lang/Object;III)I&apos; in &apos;jdk/internal/util/ArraysSupport&apos;)}
  0x000077b45807ce7f:   mov    %r10,0x8(%rsp)
  0x000077b45807ce84:   movq   $0x24,(%rsp)
  0x000077b45807ce8c:   call   0x000077b45f582fe0           ; ImmutableOopMap {[56]=Oop }
                                                            ;*goto {reexecute=1 rethrow=0 return_oop=0}
                                                            ; - (reexecute) jdk.internal.util.ArraysSupport::hashCode@36 (line 323)
                                                            ;   {runtime_call counter_overflow_blob (C1 runtime)}
  0x000077b45807ce91:   jmp    0x000077b45807cddb
  0x000077b45807ce96:   movabs $0x77b45807ce0b,%r10         ;   {internal_word}
  0x000077b45807cea0:   mov    %r10,0x510(%r15)
  0x000077b45807cea7:   jmp    0x000077b45f4afb60           ;   {runtime_call SafepointBlob}
  0x000077b45807ceac:   mov    0x5c0(%r15),%rax
  0x000077b45807ceb3:   movq   $0x0,0x5c0(%r15)
  0x000077b45807cebe:   movq   $0x0,0x5c8(%r15)
  0x000077b45807cec9:   add    $0x50,%rsp
  0x000077b45807cecd:   pop    %rbp
  0x000077b45807cece:   jmp    0x000077b45f57b760           ;   {runtime_call unwind_exception_blob (C1 runtime)}
  0x000077b45807ced3:   hlt    
  0x000077b45807ced4:   hlt    
  0x000077b45807ced5:   hlt    
  0x000077b45807ced6:   hlt    
  0x000077b45807ced7:   hlt    
[Stub Code]
  0x000077b45807ced8:   nopl   0x0(%rax,%rax,1)             ;   {other}
  0x000077b45807cedd:   movabs $0x0,%rbx                    ;   {static_stub}
  0x000077b45807cee7:   jmp    0x000077b45807cee7           ;   {runtime_call nmethod}
[Exception Handler]
  0x000077b45807ceec:   call   0x000077b45f57ede0           ;   {runtime_call handle_exception_from_callee_blob (C1 runtime)}
  0x000077b45807cef1:   movabs $0x77b478d3aec4,%rdi         ;   {external_word}
  0x000077b45807cefb:   and    $0xfffffffffffffff0,%rsp
  0x000077b45807ceff:   call   0x000077b478791cc0           ;   {runtime_call MacroAssembler::debug64(char*, long, long*)}
  0x000077b45807cf04:   hlt    
  0x000077b45807cf05:   call   0x000077b45f4afe60           ;   {runtime_call DeoptimizationBlob}
[Deopt Handler Entry Point]
  0x000077b45807cf0a:   jmp    0x000077b45807cf05
  0x000077b45807cf0c:   hlt    
  0x000077b45807cf0d:   hlt    
  0x000077b45807cf0e:   hlt    
  0x000077b45807cf0f:   hlt    
--------------------------------------------------------------------------------
[/Disassembly]
