----------------------------------- Assembly -----------------------------------

Compiled method (c2) 14154  830       4       jdk.internal.classfile.impl.SplitConstantPool::entryByIndex (59 bytes)
 total in heap  [0x000077b45fbc3c88,0x000077b45fbc3ec0] = 568
 main code      [0x000077b45fbc3d80,0x000077b45fbc3eb8] = 312
 stub code      [0x000077b45fbc3eb8,0x000077b45fbc3ec0] = 8
 mutable data [0x000077b4081114d0,0x000077b408111508] = 56
 relocation     [0x000077b4081114d0,0x000077b4081114f8] = 40
 metadata       [0x000077b4081114f8,0x000077b408111508] = 16
 immutable data [0x000077b4080f50e0,0x000077b4080f532c] = 588
 dependencies   [0x000077b4080f50e0,0x000077b4080f50e8] = 8
 nul chk table  [0x000077b4080f50e8,0x000077b4080f50f8] = 16
 scopes pcs     [0x000077b4080f50f8,0x000077b4080f5278] = 384
 scopes data    [0x000077b4080f5278,0x000077b4080f5328] = 176

[Disassembly]
--------------------------------------------------------------------------------
[Constant Pool (empty)]

--------------------------------------------------------------------------------

[Instructions begin]
  0x000077b45fbc3d80:   xchg   %ax,%ax
[Entry Point]
  # {method} {0x0000000046348600} &apos;entryByIndex&apos; &apos;(I)Ljava/lang/classfile/constantpool/PoolEntry;&apos; in &apos;jdk/internal/classfile/impl/SplitConstantPool&apos;
  # this:     rsi:rsi   = &apos;jdk/internal/classfile/impl/SplitConstantPool&apos;
  # parm0:    rdx       = int
  #           [sp+0x30]  (sp of caller)
  0x000077b45fbc3d82:   mov    0x8(%rsi),%r10d
  0x000077b45fbc3d86:   cmp    0x8(%rax),%r10d
  0x000077b45fbc3d8a:   jne    0x000077b45f4ad6e0           ;   {runtime_call ic_miss_blob (shared runtime)}
[Verified Entry Point]
  0x000077b45fbc3d90:   mov    %eax,-0x14000(%rsp)
  0x000077b45fbc3d97:   push   %rbp
  0x000077b45fbc3d98:   sub    $0x20,%rsp
  0x000077b45fbc3d9c:   cmpl   $0x1,0x20(%r15)
  0x000077b45fbc3da4:   jne    0x000077b45fbc3eae           ;*synchronization entry
                                                            ; - jdk.internal.classfile.impl.SplitConstantPool::entryByIndex@-1 (line 87)
  0x000077b45fbc3daa:   test   %edx,%edx
  0x000077b45fbc3dac:   jle    0x000077b45fbc3e14           ;*ifle {reexecute=0 rethrow=0 return_oop=0}
                                                            ; - jdk.internal.classfile.impl.SplitConstantPool::entryByIndex@1 (line 87)
  0x000077b45fbc3dae:   mov    0x14(%rsi),%ebp              ;*getfield size {reexecute=0 rethrow=0 return_oop=0}
                                                            ; - jdk.internal.classfile.impl.SplitConstantPool::size@1 (line 77)
                                                            ; - jdk.internal.classfile.impl.SplitConstantPool::entryByIndex@6 (line 87)
  0x000077b45fbc3db1:   cmp    %ebp,%edx
  0x000077b45fbc3db3:   jge    0x000077b45fbc3e30           ;*if_icmplt {reexecute=0 rethrow=0 return_oop=0}
                                                            ; - jdk.internal.classfile.impl.SplitConstantPool::entryByIndex@9 (line 87)
  0x000077b45fbc3db5:   mov    0xc(%rsi),%r11d              ;*getfield parentSize {reexecute=0 rethrow=0 return_oop=0}
                                                            ; - jdk.internal.classfile.impl.SplitConstantPool::entryByIndex@19 (line 90)
  0x000077b45fbc3db9:   cmp    %r11d,%edx
  0x000077b45fbc3dbc:   jl     0x000077b45fbc3e4c           ;*if_icmpge {reexecute=0 rethrow=0 return_oop=0}
                                                            ; - jdk.internal.classfile.impl.SplitConstantPool::entryByIndex@22 (line 90)
  0x000077b45fbc3dc2:   mov    0x24(%rsi),%r9d              ;*getfield myEntries {reexecute=0 rethrow=0 return_oop=0}
                                                            ; - jdk.internal.classfile.impl.SplitConstantPool::entryByIndex@37 (line 92)
  0x000077b45fbc3dc6:   mov    %edx,%ebp
  0x000077b45fbc3dc8:   sub    %r11d,%ebp                   ;*isub {reexecute=0 rethrow=0 return_oop=0}
                                                            ; - jdk.internal.classfile.impl.SplitConstantPool::entryByIndex@45 (line 92)
  0x000077b45fbc3dcb:   mov    0xc(%r12,%r9,8),%r10d        ; implicit exception: dispatches to 0x000077b45fbc3e84
  0x000077b45fbc3dd0:   cmp    %r10d,%ebp
  0x000077b45fbc3dd3:   jae    0x000077b45fbc3dfa
  0x000077b45fbc3dd5:   lea    (%r12,%r9,8),%r10
  0x000077b45fbc3dd9:   mov    0x10(%r10,%rbp,4),%ebp       ;*aaload {reexecute=0 rethrow=0 return_oop=0}
                                                            ; - jdk.internal.classfile.impl.SplitConstantPool::entryByIndex@46 (line 92)
  0x000077b45fbc3dde:   test   %ebp,%ebp
  0x000077b45fbc3de0:   je     0x000077b45fbc3e6c           ;*ifnonnull {reexecute=0 rethrow=0 return_oop=0}
                                                            ; - jdk.internal.classfile.impl.SplitConstantPool::entryByIndex@49 (line 93)
  0x000077b45fbc3de6:   lea    (%r12,%rbp,8),%rax
  0x000077b45fbc3dea:   add    $0x20,%rsp
  0x000077b45fbc3dee:   pop    %rbp
  0x000077b45fbc3def:   cmp    0x28(%r15),%rsp              ;   {poll_return}
  0x000077b45fbc3df3:   ja     0x000077b45fbc3e98
  0x000077b45fbc3df9:   ret    
  0x000077b45fbc3dfa:   mov    $0xffffffe4,%esi
  0x000077b45fbc3dff:   mov    %edx,(%rsp)
  0x000077b45fbc3e02:   mov    %r9d,0x4(%rsp)
  0x000077b45fbc3e07:   call   0x000077b45f5865e0           ; ImmutableOopMap {[4]=NarrowOop }
                                                            ;*aaload {reexecute=0 rethrow=0 return_oop=0}
                                                            ; - jdk.internal.classfile.impl.SplitConstantPool::entryByIndex@46 (line 92)
                                                            ;   {runtime_call UncommonTrapBlob}
  0x000077b45fbc3e0c:   nopl   0x184(%rax,%rax,1)           ;*aaload {reexecute=0 rethrow=0 return_oop=0}
                                                            ; - jdk.internal.classfile.impl.SplitConstantPool::entryByIndex@46 (line 92)
                                                            ;   {post_call_nop}
  0x000077b45fbc3e14:   mov    %rsi,%rbp
  0x000077b45fbc3e17:   mov    %edx,0x4(%rsp)
  0x000077b45fbc3e1b:   mov    $0xffffff45,%esi
  0x000077b45fbc3e20:   data16 xchg %ax,%ax
  0x000077b45fbc3e23:   call   0x000077b45f5865e0           ; ImmutableOopMap {rbp=Oop }
                                                            ;*ifle {reexecute=1 rethrow=0 return_oop=0}
                                                            ; - (reexecute) jdk.internal.classfile.impl.SplitConstantPool::entryByIndex@1 (line 87)
                                                            ;   {runtime_call UncommonTrapBlob}
  0x000077b45fbc3e28:   nopl   0x10001a0(%rax,%rax,1)       ;*ifle {reexecute=0 rethrow=0 return_oop=0}
                                                            ; - jdk.internal.classfile.impl.SplitConstantPool::entryByIndex@1 (line 87)
                                                            ;   {post_call_nop}
  0x000077b45fbc3e30:   mov    %rsi,(%rsp)
  0x000077b45fbc3e34:   mov    %edx,0xc(%rsp)
  0x000077b45fbc3e38:   mov    $0xffffff45,%esi
  0x000077b45fbc3e3d:   xchg   %ax,%ax
  0x000077b45fbc3e3f:   call   0x000077b45f5865e0           ; ImmutableOopMap {[0]=Oop }
                                                            ;*if_icmplt {reexecute=1 rethrow=0 return_oop=0}
                                                            ; - (reexecute) jdk.internal.classfile.impl.SplitConstantPool::entryByIndex@9 (line 87)
                                                            ;   {runtime_call UncommonTrapBlob}
  0x000077b45fbc3e44:   nopl   0x20001bc(%rax,%rax,1)       ;*if_icmplt {reexecute=0 rethrow=0 return_oop=0}
                                                            ; - jdk.internal.classfile.impl.SplitConstantPool::entryByIndex@9 (line 87)
                                                            ;   {post_call_nop}
  0x000077b45fbc3e4c:   mov    %rsi,%rbp
  0x000077b45fbc3e4f:   mov    %edx,0x4(%rsp)
  0x000077b45fbc3e53:   mov    %r11d,0x8(%rsp)
  0x000077b45fbc3e58:   mov    $0xffffff45,%esi
  0x000077b45fbc3e5d:   xchg   %ax,%ax
  0x000077b45fbc3e5f:   call   0x000077b45f5865e0           ; ImmutableOopMap {rbp=Oop }
                                                            ;*if_icmpge {reexecute=1 rethrow=0 return_oop=0}
                                                            ; - (reexecute) jdk.internal.classfile.impl.SplitConstantPool::entryByIndex@22 (line 90)
                                                            ;   {runtime_call UncommonTrapBlob}
  0x000077b45fbc3e64:   nopl   0x30001dc(%rax,%rax,1)       ;*if_icmpge {reexecute=0 rethrow=0 return_oop=0}
                                                            ; - jdk.internal.classfile.impl.SplitConstantPool::entryByIndex@22 (line 90)
                                                            ;   {post_call_nop}
  0x000077b45fbc3e6c:   mov    $0xffffff45,%esi
  0x000077b45fbc3e71:   mov    %edx,(%rsp)
  0x000077b45fbc3e74:   data16 xchg %ax,%ax
  0x000077b45fbc3e77:   call   0x000077b45f5865e0           ; ImmutableOopMap {rbp=NarrowOop }
                                                            ;*ifnonnull {reexecute=1 rethrow=0 return_oop=0}
                                                            ; - (reexecute) jdk.internal.classfile.impl.SplitConstantPool::entryByIndex@49 (line 93)
                                                            ;   {runtime_call UncommonTrapBlob}
  0x000077b45fbc3e7c:   nopl   0x40001f4(%rax,%rax,1)       ;*ifnonnull {reexecute=0 rethrow=0 return_oop=0}
                                                            ; - jdk.internal.classfile.impl.SplitConstantPool::entryByIndex@49 (line 93)
                                                            ;   {post_call_nop}
  0x000077b45fbc3e84:   mov    $0xfffffff6,%esi
  0x000077b45fbc3e89:   xchg   %ax,%ax
  0x000077b45fbc3e8b:   call   0x000077b45f5865e0           ; ImmutableOopMap {}
                                                            ;*aaload {reexecute=0 rethrow=0 return_oop=0}
                                                            ; - jdk.internal.classfile.impl.SplitConstantPool::entryByIndex@46 (line 92)
                                                            ;   {runtime_call UncommonTrapBlob}
  0x000077b45fbc3e90:   nopl   0x5000208(%rax,%rax,1)       ;*aaload {reexecute=0 rethrow=0 return_oop=0}
                                                            ; - jdk.internal.classfile.impl.SplitConstantPool::entryByIndex@46 (line 92)
                                                            ;   {post_call_nop}
  0x000077b45fbc3e98:   movabs $0x77b45fbc3def,%r10         ;   {internal_word}
  0x000077b45fbc3ea2:   mov    %r10,0x510(%r15)
  0x000077b45fbc3ea9:   jmp    0x000077b45f4afb60           ;   {runtime_call SafepointBlob}
  0x000077b45fbc3eae:   call   Stub::method_entry_barrier_stub (stub gen)
                                                            ;   {runtime_call Stub::method_entry_barrier_stub (stub gen)}
  0x000077b45fbc3eb3:   jmp    0x000077b45fbc3daa
[Stub Code]
  0x000077b45fbc3eb8:   call   0x000077b45f4afe60           ;   {runtime_call DeoptimizationBlob}
[Deopt Handler Entry Point]
  0x000077b45fbc3ebd:   jmp    0x000077b45fbc3eb8
  0x000077b45fbc3ebf:   hlt    
--------------------------------------------------------------------------------
[/Disassembly]
