
============================= C1-compiled nmethod ==============================
----------------------------------- Assembly -----------------------------------

Compiled method (c1) 1456   88       3       java.lang.StringLatin1::indexOfChar (33 bytes)
 total in heap  [0x000077b45800d108,0x000077b45800d3f0] = 744
 main code      [0x000077b45800d200,0x000077b45800d3d0] = 464
 stub code      [0x000077b45800d3d0,0x000077b45800d3f0] = 32
 mutable data [0x000077b3f001cfa0,0x000077b3f001cfe8] = 72
 relocation     [0x000077b3f001cfa0,0x000077b3f001cfe0] = 64
 metadata       [0x000077b3f001cfe0,0x000077b3f001cfe8] = 8
 immutable data [0x000077b3f001d2f0,0x000077b3f001d47c] = 396
 dependencies   [0x000077b3f001d2f0,0x000077b3f001d2f8] = 8
 nul chk table  [0x000077b3f001d2f8,0x000077b3f001d310] = 24
 scopes pcs     [0x000077b3f001d310,0x000077b3f001d410] = 256
 scopes data    [0x000077b3f001d410,0x000077b3f001d478] = 104

[Disassembly]
--------------------------------------------------------------------------------
[Constant Pool (empty)]

--------------------------------------------------------------------------------

[Verified Entry Point]
  # {method} {0x0000000046190510} &apos;indexOfChar&apos; &apos;([BIII)I&apos; in &apos;java/lang/StringLatin1&apos;
  # parm0:    rsi:rsi   = &apos;[B&apos;
  # parm1:    rdx       = int
  # parm2:    rcx       = int
  # parm3:    r8        = int
  #           [sp+0x30]  (sp of caller)
  0x000077b45800d200:   mov    %eax,-0x14000(%rsp)
  0x000077b45800d207:   push   %rbp
  0x000077b45800d208:   sub    $0x20,%rsp
  0x000077b45800d20c:   cmpl   $0x1,0x20(%r15)
  0x000077b45800d214:   je     0x000077b45800d21b
  0x000077b45800d216:   call   Stub::method_entry_barrier_stub (stub gen)
                                                            ;   {runtime_call Stub::method_entry_barrier_stub (stub gen)}
  0x000077b45800d21b:   movabs $0x77b4140264c0,%rax         ;   {metadata(method data for {method} {0x0000000046190510} &apos;indexOfChar&apos; &apos;([BIII)I&apos; in &apos;java/lang/StringLatin1&apos;)}
  0x000077b45800d225:   mov    0x90(%rax),%edi
  0x000077b45800d22b:   add    $0x2,%edi
  0x000077b45800d22e:   mov    %edi,0x90(%rax)
  0x000077b45800d234:   and    $0x7fe,%edi
  0x000077b45800d23a:   test   %edi,%edi
  0x000077b45800d23c:   je     0x000077b45800d323           ;*iload_1 {reexecute=0 rethrow=0 return_oop=0}
                                                            ; - java.lang.StringLatin1::indexOfChar@0 (line 320)
  0x000077b45800d242:   movsbl %dl,%edx
  0x000077b45800d245:   jmp    0x000077b45800d2cb           ;*iload {reexecute=0 rethrow=0 return_oop=0}
                                                            ; - java.lang.StringLatin1::indexOfChar@7 (line 321)
  0x000077b45800d24a:   nopw   0x0(%rax,%rax,1)
  0x000077b45800d250:   cmp    0xc(%rsi),%ecx               ; implicit exception: dispatches to 0x000077b45800d344
  0x000077b45800d253:   jae    0x000077b45800d34e
  0x000077b45800d259:   movslq %ecx,%rax
  0x000077b45800d25c:   movsbl 0x10(%rsi,%rax,1),%eax       ;*baload {reexecute=0 rethrow=0 return_oop=0}
                                                            ; - java.lang.StringLatin1::indexOfChar@16 (line 322)
  0x000077b45800d261:   cmp    %edx,%eax
  0x000077b45800d263:   movabs $0x77b4140264c0,%rax         ;   {metadata(method data for {method} {0x0000000046190510} &apos;indexOfChar&apos; &apos;([BIII)I&apos; in &apos;java/lang/StringLatin1&apos;)}
  0x000077b45800d26d:   mov    $0x108,%edi
  0x000077b45800d272:   je     0x000077b45800d279
  0x000077b45800d274:   mov    $0xf8,%edi
  0x000077b45800d279:   mov    (%rax,%rdi,1),%rbx
  0x000077b45800d27d:   lea    0x1(%rbx),%rbx
  0x000077b45800d281:   mov    %rbx,(%rax,%rdi,1)
  0x000077b45800d285:   je     0x000077b45800d2fb           ;*if_icmpne {reexecute=0 rethrow=0 return_oop=0}
                                                            ; - java.lang.StringLatin1::indexOfChar@19 (line 322)
  0x000077b45800d28b:   inc    %ecx
  0x000077b45800d28d:   movabs $0x77b4140264c0,%rax         ;   {metadata(method data for {method} {0x0000000046190510} &apos;indexOfChar&apos; &apos;([BIII)I&apos; in &apos;java/lang/StringLatin1&apos;)}
  0x000077b45800d297:   mov    0x94(%rax),%edi
  0x000077b45800d29d:   add    $0x2,%edi
  0x000077b45800d2a0:   mov    %edi,0x94(%rax)
  0x000077b45800d2a6:   and    $0x3ffe,%edi
  0x000077b45800d2ac:   test   %edi,%edi
  0x000077b45800d2ae:   je     0x000077b45800d35c           ;*goto {reexecute=0 rethrow=0 return_oop=0}
                                                            ; - java.lang.StringLatin1::indexOfChar@28 (line 321)
  0x000077b45800d2b4:   mov    0x30(%r15),%r10              ; ImmutableOopMap {rsi=Oop }
                                                            ;*goto {reexecute=1 rethrow=0 return_oop=0}
                                                            ; - (reexecute) java.lang.StringLatin1::indexOfChar@28 (line 321)
  0x000077b45800d2b8:   test   %eax,(%r10)                  ;   {poll}
  0x000077b45800d2bb:   movabs $0x77b4140264c0,%rax         ;   {metadata(method data for {method} {0x0000000046190510} &apos;indexOfChar&apos; &apos;([BIII)I&apos; in &apos;java/lang/StringLatin1&apos;)}
  0x000077b45800d2c5:   incl   0x118(%rax)                  ;*goto {reexecute=0 rethrow=0 return_oop=0}
                                                            ; - java.lang.StringLatin1::indexOfChar@28 (line 321)
  0x000077b45800d2cb:   cmp    %r8d,%ecx
  0x000077b45800d2ce:   movabs $0x77b4140264c0,%rax         ;   {metadata(method data for {method} {0x0000000046190510} &apos;indexOfChar&apos; &apos;([BIII)I&apos; in &apos;java/lang/StringLatin1&apos;)}
  0x000077b45800d2d8:   mov    $0xd8,%edi
  0x000077b45800d2dd:   jge    0x000077b45800d2e4
  0x000077b45800d2df:   mov    $0xe8,%edi
  0x000077b45800d2e4:   mov    (%rax,%rdi,1),%rbx
  0x000077b45800d2e8:   lea    0x1(%rbx),%rbx
  0x000077b45800d2ec:   mov    %rbx,(%rax,%rdi,1)
  0x000077b45800d2f0:   jge    0x000077b45800d30e
  0x000077b45800d2f6:   jmp    0x000077b45800d250           ;*if_icmpge {reexecute=0 rethrow=0 return_oop=0}
                                                            ; - java.lang.StringLatin1::indexOfChar@10 (line 321)
  0x000077b45800d2fb:   mov    %rcx,%rax
  0x000077b45800d2fe:   add    $0x20,%rsp
  0x000077b45800d302:   pop    %rbp
  0x000077b45800d303:   cmp    0x28(%r15),%rsp              ;   {poll_return}
  0x000077b45800d307:   ja     0x000077b45800d37d
  0x000077b45800d30d:   ret                                 ;*ireturn {reexecute=0 rethrow=0 return_oop=0}
                                                            ; - java.lang.StringLatin1::indexOfChar@24 (line 323)
  0x000077b45800d30e:   mov    $0xffffffff,%eax
  0x000077b45800d313:   add    $0x20,%rsp
  0x000077b45800d317:   pop    %rbp
  0x000077b45800d318:   cmp    0x28(%r15),%rsp              ;   {poll_return}
  0x000077b45800d31c:   ja     0x000077b45800d393
  0x000077b45800d322:   ret    
  0x000077b45800d323:   movabs $0x46190510,%r10             ;   {metadata({method} {0x0000000046190510} &apos;indexOfChar&apos; &apos;([BIII)I&apos; in &apos;java/lang/StringLatin1&apos;)}
  0x000077b45800d32d:   mov    %r10,0x8(%rsp)
  0x000077b45800d332:   movq   $0xffffffffffffffff,(%rsp)
  0x000077b45800d33a:   call   0x000077b45f582fe0           ; ImmutableOopMap {rsi=Oop }
                                                            ;*synchronization entry
                                                            ; - java.lang.StringLatin1::indexOfChar@-1 (line 320)
                                                            ;   {runtime_call counter_overflow_blob (C1 runtime)}
  0x000077b45800d33f:   jmp    0x000077b45800d242
  0x000077b45800d344:   call   0x000077b45f57c660           ; ImmutableOopMap {rsi=Oop }
                                                            ;*baload {reexecute=0 rethrow=0 return_oop=0}
                                                            ; - java.lang.StringLatin1::indexOfChar@16 (line 322)
                                                            ;   {runtime_call throw_null_pointer_exception_blob (C1 runtime)}
  0x000077b45800d349:   call   0x000077b45f57c660           ; ImmutableOopMap {rsi=Oop }
                                                            ;*baload {reexecute=0 rethrow=0 return_oop=0}
                                                            ; - java.lang.StringLatin1::indexOfChar@16 (line 322)
                                                            ;   {runtime_call throw_null_pointer_exception_blob (C1 runtime)}
  0x000077b45800d34e:   mov    %rcx,(%rsp)
  0x000077b45800d352:   mov    %rsi,0x8(%rsp)
  0x000077b45800d357:   call   0x000077b45f57bd60           ; ImmutableOopMap {rsi=Oop }
                                                            ;*baload {reexecute=0 rethrow=0 return_oop=0}
                                                            ; - java.lang.StringLatin1::indexOfChar@16 (line 322)
                                                            ;   {runtime_call throw_range_check_failed_blob (C1 runtime)}
  0x000077b45800d35c:   movabs $0x46190510,%r10             ;   {metadata({method} {0x0000000046190510} &apos;indexOfChar&apos; &apos;([BIII)I&apos; in &apos;java/lang/StringLatin1&apos;)}
  0x000077b45800d366:   mov    %r10,0x8(%rsp)
  0x000077b45800d36b:   movq   $0x1c,(%rsp)
  0x000077b45800d373:   call   0x000077b45f582fe0           ; ImmutableOopMap {rsi=Oop }
                                                            ;*goto {reexecute=1 rethrow=0 return_oop=0}
                                                            ; - (reexecute) java.lang.StringLatin1::indexOfChar@28 (line 321)
                                                            ;   {runtime_call counter_overflow_blob (C1 runtime)}
  0x000077b45800d378:   jmp    0x000077b45800d2b4
  0x000077b45800d37d:   movabs $0x77b45800d303,%r10         ;   {internal_word}
  0x000077b45800d387:   mov    %r10,0x510(%r15)
  0x000077b45800d38e:   jmp    0x000077b45f4afb60           ;   {runtime_call SafepointBlob}
  0x000077b45800d393:   movabs $0x77b45800d318,%r10         ;   {internal_word}
  0x000077b45800d39d:   mov    %r10,0x510(%r15)
  0x000077b45800d3a4:   jmp    0x000077b45f4afb60           ;   {runtime_call SafepointBlob}
  0x000077b45800d3a9:   mov    0x5c0(%r15),%rax
  0x000077b45800d3b0:   movq   $0x0,0x5c0(%r15)
  0x000077b45800d3bb:   movq   $0x0,0x5c8(%r15)
  0x000077b45800d3c6:   add    $0x20,%rsp
  0x000077b45800d3ca:   pop    %rbp
  0x000077b45800d3cb:   jmp    0x000077b45f57b760           ;   {runtime_call unwind_exception_blob (C1 runtime)}
[Exception Handler]
  0x000077b45800d3d0:   call   0x000077b45f57ede0           ;   {runtime_call handle_exception_from_callee_blob (C1 runtime)}
  0x000077b45800d3d5:   movabs $0x77b478d3aec4,%rdi         ;   {external_word}
  0x000077b45800d3df:   and    $0xfffffffffffffff0,%rsp
  0x000077b45800d3e3:   call   0x000077b478791cc0           ;   {runtime_call MacroAssembler::debug64(char*, long, long*)}
  0x000077b45800d3e8:   hlt    
  0x000077b45800d3e9:   call   0x000077b45f4afe60           ;   {runtime_call DeoptimizationBlob}
[Deopt Handler Entry Point]
  0x000077b45800d3ee:   jmp    0x000077b45800d3e9
--------------------------------------------------------------------------------
[/Disassembly]
