
============================= C1-compiled nmethod ==============================
----------------------------------- Assembly -----------------------------------

Compiled method (c1) 15477  965       3       java.lang.StringBuilder::append (8 bytes)
 total in heap  [0x000077b458086e88,0x000077b4580870c0] = 568
 main code      [0x000077b458086f80,0x000077b458087088] = 264
 stub code      [0x000077b458087088,0x000077b4580870c0] = 56
 mutable data [0x000077b3ec022290,0x000077b3ec0222d0] = 64
 relocation     [0x000077b3ec022290,0x000077b3ec0222c8] = 56
 metadata       [0x000077b3ec0222c8,0x000077b3ec0222d0] = 8
 immutable data [0x000077b3ec0221e0,0x000077b3ec022284] = 164
 dependencies   [0x000077b3ec0221e0,0x000077b3ec0221e8] = 8
 scopes pcs     [0x000077b3ec0221e8,0x000077b3ec022258] = 112
 scopes data    [0x000077b3ec022258,0x000077b3ec022280] = 40

[Disassembly]
--------------------------------------------------------------------------------
[Constant Pool (empty)]

--------------------------------------------------------------------------------

[Instructions begin]
  0x000077b458086f80:   data16 data16 nopw 0x0(%rax,%rax,1)
  0x000077b458086f8b:   data16 data16 xchg %ax,%ax
  0x000077b458086f8f:   data16 xchg %ax,%ax
[Entry Point]
  # {method} {0x00000000461bad20} &apos;append&apos; &apos;(C)Ljava/lang/StringBuilder;&apos; in &apos;java/lang/StringBuilder&apos;
  # this:     rsi:rsi   = &apos;java/lang/StringBuilder&apos;
  # parm0:    rdx       = char
  #           [sp+0x40]  (sp of caller)
  0x000077b458086f92:   mov    0x8(%rsi),%r10d
  0x000077b458086f96:   cmp    0x8(%rax),%r10d
  0x000077b458086f9a:   jne    0x000077b45f4ad6e0           ;   {runtime_call ic_miss_blob (shared runtime)}
[Verified Entry Point]
  0x000077b458086fa0:   mov    %eax,-0x14000(%rsp)
  0x000077b458086fa7:   push   %rbp
  0x000077b458086fa8:   sub    $0x30,%rsp
  0x000077b458086fac:   cmpl   $0x1,0x20(%r15)
  0x000077b458086fb4:   je     0x000077b458086fbb
  0x000077b458086fb6:   call   Stub::method_entry_barrier_stub (stub gen)
                                                            ;   {runtime_call Stub::method_entry_barrier_stub (stub gen)}
  0x000077b458086fbb:   movabs $0x77b41429e508,%rdi         ;   {metadata(method data for {method} {0x00000000461bad20} &apos;append&apos; &apos;(C)Ljava/lang/StringBuilder;&apos; in &apos;java/lang/StringBuilder&apos;)}
  0x000077b458086fc5:   mov    0x90(%rdi),%ebx
  0x000077b458086fcb:   add    $0x2,%ebx
  0x000077b458086fce:   mov    %ebx,0x90(%rdi)
  0x000077b458086fd4:   and    $0x7fe,%ebx
  0x000077b458086fda:   test   %ebx,%ebx
  0x000077b458086fdc:   je     0x000077b458087029           ;*aload_0 {reexecute=0 rethrow=0 return_oop=0}
                                                            ; - java.lang.StringBuilder::append@0 (line 246)
  0x000077b458086fe2:   mov    %rsi,%rdi
  0x000077b458086fe5:   movabs $0x77b41429e508,%rbx         ;   {metadata(method data for {method} {0x00000000461bad20} &apos;append&apos; &apos;(C)Ljava/lang/StringBuilder;&apos; in &apos;java/lang/StringBuilder&apos;)}
  0x000077b458086fef:   addq   $0x1,0xd8(%rbx)
  0x000077b458086ff7:   mov    %rsi,%rdi
  0x000077b458086ffa:   mov    %rdi,%rsi                    ;*invokespecial append {reexecute=0 rethrow=0 return_oop=0}
                                                            ; - java.lang.StringBuilder::append@2 (line 246)
  0x000077b458086ffd:   mov    %rdi,0x18(%rsp)
  0x000077b458087002:   nopl   0x0(%rax,%rax,1)
  0x000077b458087007:   call   0x000077b45f4ad9e0           ; ImmutableOopMap {[24]=Oop }
                                                            ;*invokespecial append {reexecute=0 rethrow=0 return_oop=0}
                                                            ; - java.lang.StringBuilder::append@2 (line 246)
                                                            ;   {optimized virtual_call}
  0x000077b45808700c:   nopl   0x184(%rax,%rax,1)           ;*invokespecial append {reexecute=0 rethrow=0 return_oop=0}
                                                            ; - java.lang.StringBuilder::append@2 (line 246)
                                                            ;   {post_call_nop}
  0x000077b458087014:   mov    0x18(%rsp),%rax
  0x000077b458087019:   add    $0x30,%rsp
  0x000077b45808701d:   pop    %rbp
  0x000077b45808701e:   cmp    0x28(%r15),%rsp              ;   {poll_return}
  0x000077b458087022:   ja     0x000077b458087047
  0x000077b458087028:   ret    
  0x000077b458087029:   movabs $0x461bad20,%r10             ;   {metadata({method} {0x00000000461bad20} &apos;append&apos; &apos;(C)Ljava/lang/StringBuilder;&apos; in &apos;java/lang/StringBuilder&apos;)}
  0x000077b458087033:   mov    %r10,0x8(%rsp)
  0x000077b458087038:   movq   $0xffffffffffffffff,(%rsp)
  0x000077b458087040:   call   0x000077b45f582fe0           ; ImmutableOopMap {rsi=Oop }
                                                            ;*synchronization entry
                                                            ; - java.lang.StringBuilder::append@-1 (line 246)
                                                            ;   {runtime_call counter_overflow_blob (C1 runtime)}
  0x000077b458087045:   jmp    0x000077b458086fe2
  0x000077b458087047:   movabs $0x77b45808701e,%r10         ;   {internal_word}
  0x000077b458087051:   mov    %r10,0x510(%r15)
  0x000077b458087058:   jmp    0x000077b45f4afb60           ;   {runtime_call SafepointBlob}
  0x000077b45808705d:   mov    0x5c0(%r15),%rax
  0x000077b458087064:   movq   $0x0,0x5c0(%r15)
  0x000077b45808706f:   movq   $0x0,0x5c8(%r15)
  0x000077b45808707a:   add    $0x30,%rsp
  0x000077b45808707e:   pop    %rbp
  0x000077b45808707f:   jmp    0x000077b45f57b760           ;   {runtime_call unwind_exception_blob (C1 runtime)}
  0x000077b458087084:   hlt    
  0x000077b458087085:   hlt    
  0x000077b458087086:   hlt    
  0x000077b458087087:   hlt    
[Stub Code]
  0x000077b458087088:   nopl   0x0(%rax,%rax,1)             ;   {other}
  0x000077b45808708d:   movabs $0x0,%rbx                    ;   {static_stub}
  0x000077b458087097:   jmp    0x000077b458087097           ;   {runtime_call nmethod}
[Exception Handler]
  0x000077b45808709c:   call   0x000077b45f57ede0           ;   {runtime_call handle_exception_from_callee_blob (C1 runtime)}
  0x000077b4580870a1:   movabs $0x77b478d3aec4,%rdi         ;   {external_word}
  0x000077b4580870ab:   and    $0xfffffffffffffff0,%rsp
  0x000077b4580870af:   call   0x000077b478791cc0           ;   {runtime_call MacroAssembler::debug64(char*, long, long*)}
  0x000077b4580870b4:   hlt    
  0x000077b4580870b5:   call   0x000077b45f4afe60           ;   {runtime_call DeoptimizationBlob}
[Deopt Handler Entry Point]
  0x000077b4580870ba:   jmp    0x000077b4580870b5
  0x000077b4580870bc:   hlt    
  0x000077b4580870bd:   hlt    
  0x000077b4580870be:   hlt    
  0x000077b4580870bf:   hlt    
--------------------------------------------------------------------------------
[/Disassembly]
