
============================= C1-compiled nmethod ==============================
----------------------------------- Assembly -----------------------------------

Compiled method (c1) 202    3       3       java.lang.AbstractStringBuilder::needsNewBuffer (33 bytes)
 total in heap  [0x0000734d07fff008,0x0000734d07fff290] = 648
 main code      [0x0000734d07fff100,0x0000734d07fff270] = 368
 stub code      [0x0000734d07fff270,0x0000734d07fff290] = 32
 mutable data [0x0000734cac014da0,0x0000734cac014dd8] = 56
 relocation     [0x0000734cac014da0,0x0000734cac014dd0] = 48
 metadata       [0x0000734cac014dd0,0x0000734cac014dd8] = 8
 immutable data [0x0000734cac014c70,0x0000734cac014d94] = 292
 dependencies   [0x0000734cac014c70,0x0000734cac014c78] = 8
 nul chk table  [0x0000734cac014c78,0x0000734cac014c88] = 16
 scopes pcs     [0x0000734cac014c88,0x0000734cac014d38] = 176
 scopes data    [0x0000734cac014d38,0x0000734cac014d90] = 88

[Disassembly]
--------------------------------------------------------------------------------
[Constant Pool (empty)]

--------------------------------------------------------------------------------

[Verified Entry Point]
  # {method} {0x00000000101b67f0} &apos;needsNewBuffer&apos; &apos;([BBIB)Z&apos; in &apos;java/lang/AbstractStringBuilder&apos;
  # parm0:    rsi:rsi   = &apos;[B&apos;
  # parm1:    rdx       = byte
  # parm2:    rcx       = int
  # parm3:    r8        = byte
  #           [sp+0x40]  (sp of caller)
  0x0000734d07fff100:   mov    %eax,-0x14000(%rsp)
  0x0000734d07fff107:   push   %rbp
  0x0000734d07fff108:   sub    $0x30,%rsp
  0x0000734d07fff10c:   cmpl   $0x1,0x20(%r15)
  0x0000734d07fff114:   je     0x0000734d07fff11b
  0x0000734d07fff116:   call   Stub::method_entry_barrier_stub (stub gen)
                                                            ;   {runtime_call Stub::method_entry_barrier_stub (stub gen)}
  0x0000734d07fff11b:   movabs $0x734cc401b2d0,%rax         ;   {metadata(method data for {method} {0x00000000101b67f0} &apos;needsNewBuffer&apos; &apos;([BBIB)Z&apos; in &apos;java/lang/AbstractStringBuilder&apos;)}
  0x0000734d07fff125:   mov    0x90(%rax),%edi
  0x0000734d07fff12b:   add    $0x2,%edi
  0x0000734d07fff12e:   mov    %edi,0x90(%rax)
  0x0000734d07fff134:   and    $0x7fe,%edi
  0x0000734d07fff13a:   test   %edi,%edi
  0x0000734d07fff13c:   je     0x0000734d07fff209           ;*iload_2 {reexecute=0 rethrow=0 return_oop=0}
                                                            ; - java.lang.AbstractStringBuilder::needsNewBuffer@0 (line 249)
  0x0000734d07fff142:   movslq %ecx,%rax
  0x0000734d07fff145:   mov    %r8,%rcx
  0x0000734d07fff148:   shl    %cl,%rax
  0x0000734d07fff14b:   cmp    %r8d,%edx
  0x0000734d07fff14e:   movabs $0x734cc401b2d0,%rdi         ;   {metadata(method data for {method} {0x00000000101b67f0} &apos;needsNewBuffer&apos; &apos;([BBIB)Z&apos; in &apos;java/lang/AbstractStringBuilder&apos;)}
  0x0000734d07fff158:   mov    $0xd8,%ebx
  0x0000734d07fff15d:   jne    0x0000734d07fff164
  0x0000734d07fff15f:   mov    $0xe8,%ebx
  0x0000734d07fff164:   mov    (%rdi,%rbx,1),%rdx
  0x0000734d07fff168:   lea    0x1(%rdx),%rdx
  0x0000734d07fff16c:   mov    %rdx,(%rdi,%rbx,1)
  0x0000734d07fff170:   jne    0x0000734d07fff1d7           ;*if_icmpne {reexecute=0 rethrow=0 return_oop=0}
                                                            ; - java.lang.AbstractStringBuilder::needsNewBuffer@8 (line 250)
  0x0000734d07fff176:   mov    0xc(%rsi),%esi               ; implicit exception: dispatches to 0x0000734d07fff22a
                                                            ;*arraylength {reexecute=0 rethrow=0 return_oop=0}
                                                            ; - java.lang.AbstractStringBuilder::needsNewBuffer@14 (line 250)
  0x0000734d07fff179:   movslq %esi,%rsi
  0x0000734d07fff17c:   cmp    %rax,%rsi
  0x0000734d07fff17f:   movabs $0x734cc401b2d0,%rsi         ;   {metadata(method data for {method} {0x00000000101b67f0} &apos;needsNewBuffer&apos; &apos;([BBIB)Z&apos; in &apos;java/lang/AbstractStringBuilder&apos;)}
  0x0000734d07fff189:   mov    $0xf8,%edi
  0x0000734d07fff18e:   jl     0x0000734d07fff195
  0x0000734d07fff190:   mov    $0x108,%edi
  0x0000734d07fff195:   mov    (%rsi,%rdi,1),%rbx
  0x0000734d07fff199:   lea    0x1(%rbx),%rbx
  0x0000734d07fff19d:   mov    %rbx,(%rsi,%rdi,1)
  0x0000734d07fff1a1:   jl     0x0000734d07fff1d7           ;*lcmp {reexecute=0 rethrow=0 return_oop=0}
                                                            ; - java.lang.AbstractStringBuilder::needsNewBuffer@16 (line 250)
  0x0000734d07fff1a7:   mov    $0x0,%esi
  0x0000734d07fff1ac:   cmp    %rsi,%rax
  0x0000734d07fff1af:   movabs $0x734cc401b2d0,%rax         ;   {metadata(method data for {method} {0x00000000101b67f0} &apos;needsNewBuffer&apos; &apos;([BBIB)Z&apos; in &apos;java/lang/AbstractStringBuilder&apos;)}
  0x0000734d07fff1b9:   mov    $0x118,%esi
  0x0000734d07fff1be:   jge    0x0000734d07fff1c5
  0x0000734d07fff1c0:   mov    $0x128,%esi
  0x0000734d07fff1c5:   mov    (%rax,%rsi,1),%rdi
  0x0000734d07fff1c9:   lea    0x1(%rdi),%rdi
  0x0000734d07fff1cd:   mov    %rdi,(%rax,%rsi,1)
  0x0000734d07fff1d1:   jge    0x0000734d07fff1f1           ;*lcmp {reexecute=0 rethrow=0 return_oop=0}
                                                            ; - java.lang.AbstractStringBuilder::needsNewBuffer@23 (line 250)
  0x0000734d07fff1d7:   movabs $0x734cc401b2d0,%rax         ;   {metadata(method data for {method} {0x00000000101b67f0} &apos;needsNewBuffer&apos; &apos;([BBIB)Z&apos; in &apos;java/lang/AbstractStringBuilder&apos;)}
  0x0000734d07fff1e1:   incl   0x138(%rax)
  0x0000734d07fff1e7:   mov    $0x1,%eax
  0x0000734d07fff1ec:   jmp    0x0000734d07fff1f6           ;*goto {reexecute=0 rethrow=0 return_oop=0}
                                                            ; - java.lang.AbstractStringBuilder::needsNewBuffer@28 (line 250)
  0x0000734d07fff1f1:   mov    $0x0,%eax                    ;*ireturn {reexecute=0 rethrow=0 return_oop=0}
                                                            ; - java.lang.AbstractStringBuilder::needsNewBuffer@32 (line 250)
  0x0000734d07fff1f6:   and    $0x1,%eax
  0x0000734d07fff1f9:   add    $0x30,%rsp
  0x0000734d07fff1fd:   pop    %rbp
  0x0000734d07fff1fe:   cmp    0x28(%r15),%rsp              ;   {poll_return}
  0x0000734d07fff202:   ja     0x0000734d07fff22f
  0x0000734d07fff208:   ret    
  0x0000734d07fff209:   movabs $0x101b67f0,%r10             ;   {metadata({method} {0x00000000101b67f0} &apos;needsNewBuffer&apos; &apos;([BBIB)Z&apos; in &apos;java/lang/AbstractStringBuilder&apos;)}
  0x0000734d07fff213:   mov    %r10,0x8(%rsp)
  0x0000734d07fff218:   movq   $0xffffffffffffffff,(%rsp)
  0x0000734d07fff220:   call   0x0000734d0f583460           ; ImmutableOopMap {rsi=Oop }
                                                            ;*synchronization entry
                                                            ; - java.lang.AbstractStringBuilder::needsNewBuffer@-1 (line 249)
                                                            ;   {runtime_call counter_overflow_blob (C1 runtime)}
  0x0000734d07fff225:   jmp    0x0000734d07fff142
  0x0000734d07fff22a:   call   0x0000734d0f57d4e0           ; ImmutableOopMap {}
                                                            ;*arraylength {reexecute=0 rethrow=0 return_oop=0}
                                                            ; - java.lang.AbstractStringBuilder::needsNewBuffer@14 (line 250)
                                                            ;   {runtime_call throw_null_pointer_exception_blob (C1 runtime)}
  0x0000734d07fff22f:   movabs $0x734d07fff1fe,%r10         ;   {internal_word}
  0x0000734d07fff239:   mov    %r10,0x510(%r15)
  0x0000734d07fff240:   jmp    0x0000734d0f4afb60           ;   {runtime_call SafepointBlob}
  0x0000734d07fff245:   mov    0x5c0(%r15),%rax
  0x0000734d07fff24c:   movq   $0x0,0x5c0(%r15)
  0x0000734d07fff257:   movq   $0x0,0x5c8(%r15)
  0x0000734d07fff262:   add    $0x30,%rsp
  0x0000734d07fff266:   pop    %rbp
  0x0000734d07fff267:   jmp    0x0000734d0f57c0e0           ;   {runtime_call unwind_exception_blob (C1 runtime)}
  0x0000734d07fff26c:   hlt    
  0x0000734d07fff26d:   hlt    
  0x0000734d07fff26e:   hlt    
  0x0000734d07fff26f:   hlt    
[Exception Handler]
  0x0000734d07fff270:   call   0x0000734d0f57fbe0           ;   {runtime_call handle_exception_from_callee_blob (C1 runtime)}
  0x0000734d07fff275:   movabs $0x734d28f3aec4,%rdi         ;   {external_word}
  0x0000734d07fff27f:   and    $0xfffffffffffffff0,%rsp
  0x0000734d07fff283:   call   0x0000734d28991cc0           ;   {runtime_call MacroAssembler::debug64(char*, long, long*)}
  0x0000734d07fff288:   hlt    
  0x0000734d07fff289:   call   0x0000734d0f4afe60           ;   {runtime_call DeoptimizationBlob}
[Deopt Handler Entry Point]
  0x0000734d07fff28e:   jmp    0x0000734d07fff289
--------------------------------------------------------------------------------
[/Disassembly]
