
============================= C1-compiled nmethod ==============================
----------------------------------- Assembly -----------------------------------

Compiled method (c1) 516   39       3       java.lang.invoke.MethodHandles$Lookup::lookupClassOrNull (17 bytes)
 total in heap  [0x0000730207fff008,0x0000730207fff268] = 608
 main code      [0x0000730207fff100,0x0000730207fff248] = 328
 stub code      [0x0000730207fff248,0x0000730207fff268] = 32
 mutable data [0x00007301ac014d40,0x00007301ac014d80] = 64
 relocation     [0x00007301ac014d40,0x00007301ac014d78] = 56
 metadata       [0x00007301ac014d78,0x00007301ac014d80] = 8
 immutable data [0x00007301ac014c70,0x00007301ac014d2c] = 188
 dependencies   [0x00007301ac014c70,0x00007301ac014c78] = 8
 scopes pcs     [0x00007301ac014c78,0x00007301ac014cf8] = 128
 scopes data    [0x00007301ac014cf8,0x00007301ac014d28] = 48

[Disassembly]
--------------------------------------------------------------------------------
[Constant Pool (empty)]

--------------------------------------------------------------------------------

[Instructions begin]
  0x0000730207fff100:   data16 data16 nopw 0x0(%rax,%rax,1)
  0x0000730207fff10b:   data16 data16 xchg %ax,%ax
  0x0000730207fff10f:   data16 xchg %ax,%ax
[Entry Point]
  # {method} {0x000000008f477038} &apos;lookupClassOrNull&apos; &apos;()Ljava/lang/Class;&apos; in &apos;java/lang/invoke/MethodHandles$Lookup&apos;
  #           [sp+0x30]  (sp of caller)
  0x0000730207fff112:   mov    0x8(%rsi),%r10d
  0x0000730207fff116:   cmp    0x8(%rax),%r10d
  0x0000730207fff11a:   jne    0x000073020f4ad6e0           ;   {runtime_call ic_miss_blob (shared runtime)}
[Verified Entry Point]
  0x0000730207fff120:   mov    %eax,-0x14000(%rsp)
  0x0000730207fff127:   push   %rbp
  0x0000730207fff128:   sub    $0x20,%rsp
  0x0000730207fff12c:   cmpl   $0x1,0x20(%r15)
  0x0000730207fff134:   je     0x0000730207fff13b
  0x0000730207fff136:   call   Stub::method_entry_barrier_stub (stub gen)
                                                            ;   {runtime_call Stub::method_entry_barrier_stub (stub gen)}
  0x0000730207fff13b:   movabs $0x7301c418f530,%rax         ;   {metadata(method data for {method} {0x000000008f477038} &apos;lookupClassOrNull&apos; &apos;()Ljava/lang/Class;&apos; in &apos;java/lang/invoke/MethodHandles$Lookup&apos;)}
  0x0000730207fff145:   mov    0x90(%rax),%edi
  0x0000730207fff14b:   add    $0x2,%edi
  0x0000730207fff14e:   mov    %edi,0x90(%rax)
  0x0000730207fff154:   and    $0x7fe,%edi
  0x0000730207fff15a:   test   %edi,%edi
  0x0000730207fff15c:   je     0x0000730207fff1d1           ;*aload_0 {reexecute=0 rethrow=0 return_oop=0}
                                                            ; - java.lang.invoke.MethodHandles$Lookup::lookupClassOrNull@0 (line 1496)
  0x0000730207fff162:   mov    0xc(%rsi),%eax               ;*getfield allowedModes {reexecute=0 rethrow=0 return_oop=0}
                                                            ; - java.lang.invoke.MethodHandles$Lookup::lookupClassOrNull@1 (line 1496)
  0x0000730207fff165:   cmp    $0xffffffff,%eax
  0x0000730207fff168:   movabs $0x7301c418f530,%rax         ;   {metadata(method data for {method} {0x000000008f477038} &apos;lookupClassOrNull&apos; &apos;()Ljava/lang/Class;&apos; in &apos;java/lang/invoke/MethodHandles$Lookup&apos;)}
  0x0000730207fff172:   mov    $0xd8,%edi
  0x0000730207fff177:   jne    0x0000730207fff17e
  0x0000730207fff179:   mov    $0xe8,%edi
  0x0000730207fff17e:   mov    (%rax,%rdi,1),%rbx
  0x0000730207fff182:   lea    0x1(%rbx),%rbx
  0x0000730207fff186:   mov    %rbx,(%rax,%rdi,1)
  0x0000730207fff18a:   jne    0x0000730207fff1ba           ;*if_icmpne {reexecute=0 rethrow=0 return_oop=0}
                                                            ; - java.lang.invoke.MethodHandles$Lookup::lookupClassOrNull@5 (line 1496)
  0x0000730207fff190:   movabs $0x7301c418f530,%rax         ;   {metadata(method data for {method} {0x000000008f477038} &apos;lookupClassOrNull&apos; &apos;()Ljava/lang/Class;&apos; in &apos;java/lang/invoke/MethodHandles$Lookup&apos;)}
  0x0000730207fff19a:   incl   0xf8(%rax)
  0x0000730207fff1a0:   movabs $0x0,%rax                    ;*goto {reexecute=0 rethrow=0 return_oop=0}
                                                            ; - java.lang.invoke.MethodHandles$Lookup::lookupClassOrNull@9 (line 1496)
                                                            ;   {oop(nullptr)}
  0x0000730207fff1aa:   add    $0x20,%rsp
  0x0000730207fff1ae:   pop    %rbp
  0x0000730207fff1af:   cmp    0x28(%r15),%rsp              ;   {poll_return}
  0x0000730207fff1b3:   ja     0x0000730207fff1f2
  0x0000730207fff1b9:   ret    
  0x0000730207fff1ba:   mov    0x10(%rsi),%eax
  0x0000730207fff1bd:   shl    $0x3,%rax                    ;*getfield lookupClass {reexecute=0 rethrow=0 return_oop=0}
                                                            ; - java.lang.invoke.MethodHandles$Lookup::lookupClassOrNull@13 (line 1496)
  0x0000730207fff1c1:   add    $0x20,%rsp
  0x0000730207fff1c5:   pop    %rbp
  0x0000730207fff1c6:   cmp    0x28(%r15),%rsp              ;   {poll_return}
  0x0000730207fff1ca:   ja     0x0000730207fff208
  0x0000730207fff1d0:   ret    
  0x0000730207fff1d1:   movabs $0x8f477038,%r10             ;   {metadata({method} {0x000000008f477038} &apos;lookupClassOrNull&apos; &apos;()Ljava/lang/Class;&apos; in &apos;java/lang/invoke/MethodHandles$Lookup&apos;)}
  0x0000730207fff1db:   mov    %r10,0x8(%rsp)
  0x0000730207fff1e0:   movq   $0xffffffffffffffff,(%rsp)
  0x0000730207fff1e8:   call   0x000073020f580660           ; ImmutableOopMap {rsi=Oop }
                                                            ;*synchronization entry
                                                            ; - java.lang.invoke.MethodHandles$Lookup::lookupClassOrNull@-1 (line 1496)
                                                            ;   {runtime_call counter_overflow_blob (C1 runtime)}
  0x0000730207fff1ed:   jmp    0x0000730207fff162
  0x0000730207fff1f2:   movabs $0x730207fff1af,%r10         ;   {internal_word}
  0x0000730207fff1fc:   mov    %r10,0x510(%r15)
  0x0000730207fff203:   jmp    0x000073020f4afb60           ;   {runtime_call SafepointBlob}
  0x0000730207fff208:   movabs $0x730207fff1c6,%r10         ;   {internal_word}
  0x0000730207fff212:   mov    %r10,0x510(%r15)
  0x0000730207fff219:   jmp    0x000073020f4afb60           ;   {runtime_call SafepointBlob}
  0x0000730207fff21e:   mov    0x5c0(%r15),%rax
  0x0000730207fff225:   movq   $0x0,0x5c0(%r15)
  0x0000730207fff230:   movq   $0x0,0x5c8(%r15)
  0x0000730207fff23b:   add    $0x20,%rsp
  0x0000730207fff23f:   pop    %rbp
  0x0000730207fff240:   jmp    0x000073020f579c60           ;   {runtime_call unwind_exception_blob (C1 runtime)}
  0x0000730207fff245:   hlt    
  0x0000730207fff246:   hlt    
  0x0000730207fff247:   hlt    
[Exception Handler]
  0x0000730207fff248:   call   0x000073020f57c960           ;   {runtime_call handle_exception_from_callee_blob (C1 runtime)}
  0x0000730207fff24d:   movabs $0x73022873aec4,%rdi         ;   {external_word}
  0x0000730207fff257:   and    $0xfffffffffffffff0,%rsp
  0x0000730207fff25b:   call   0x0000730228191cc0           ;   {runtime_call MacroAssembler::debug64(char*, long, long*)}
  0x0000730207fff260:   hlt    
  0x0000730207fff261:   call   0x000073020f4afe60           ;   {runtime_call DeoptimizationBlob}
[Deopt Handler Entry Point]
  0x0000730207fff266:   jmp    0x0000730207fff261
--------------------------------------------------------------------------------
[/Disassembly]
