
============================= C1-compiled nmethod ==============================
----------------------------------- Assembly -----------------------------------

Compiled method (c1) 466   41       3       java.lang.Integer::hashCode (8 bytes)
 total in heap  [0x00007eae73fff008,0x00007eae73fff248] = 576
 main code      [0x00007eae73fff100,0x00007eae73fff228] = 296
 stub code      [0x00007eae73fff228,0x00007eae73fff248] = 32
 mutable data [0x00007eae1c014db0,0x00007eae1c014df0] = 64
 relocation     [0x00007eae1c014db0,0x00007eae1c014de0] = 48
 metadata       [0x00007eae1c014de0,0x00007eae1c014df0] = 16
 immutable data [0x00007eae1c014d00,0x00007eae1c014d9c] = 156
 dependencies   [0x00007eae1c014d00,0x00007eae1c014d08] = 8
 scopes pcs     [0x00007eae1c014d08,0x00007eae1c014d68] = 96
 scopes data    [0x00007eae1c014d68,0x00007eae1c014d98] = 48

[Disassembly]
--------------------------------------------------------------------------------
[Constant Pool (empty)]

--------------------------------------------------------------------------------

[Instructions begin]
  0x00007eae73fff100:   data16 data16 nopw 0x0(%rax,%rax,1)
  0x00007eae73fff10b:   data16 data16 xchg %ax,%ax
  0x00007eae73fff10f:   data16 xchg %ax,%ax
[Entry Point]
  # {method} {0x000000007a1a1848} &apos;hashCode&apos; &apos;()I&apos; in &apos;java/lang/Integer&apos;
  #           [sp+0x40]  (sp of caller)
  0x00007eae73fff112:   mov    0x8(%rsi),%r10d
  0x00007eae73fff116:   cmp    0x8(%rax),%r10d
  0x00007eae73fff11a:   jne    0x00007eae7b4ad6e0           ;   {runtime_call ic_miss_blob (shared runtime)}
[Verified Entry Point]
  0x00007eae73fff120:   mov    %eax,-0x14000(%rsp)
  0x00007eae73fff127:   push   %rbp
  0x00007eae73fff128:   sub    $0x30,%rsp
  0x00007eae73fff12c:   cmpl   $0x1,0x20(%r15)
  0x00007eae73fff134:   je     0x00007eae73fff13b
  0x00007eae73fff136:   call   Stub::method_entry_barrier_stub (stub gen)
                                                            ;   {runtime_call Stub::method_entry_barrier_stub (stub gen)}
  0x00007eae73fff13b:   movabs $0x7eae2c1d7d98,%rax         ;   {metadata(method data for {method} {0x000000007a1a1848} &apos;hashCode&apos; &apos;()I&apos; in &apos;java/lang/Integer&apos;)}
  0x00007eae73fff145:   mov    0x90(%rax),%edi
  0x00007eae73fff14b:   add    $0x2,%edi
  0x00007eae73fff14e:   mov    %edi,0x90(%rax)
  0x00007eae73fff154:   and    $0x7fe,%edi
  0x00007eae73fff15a:   test   %edi,%edi
  0x00007eae73fff15c:   je     0x00007eae73fff1ae           ;*aload_0 {reexecute=0 rethrow=0 return_oop=0}
                                                            ; - java.lang.Integer::hashCode@0 (line 1118)
  0x00007eae73fff162:   mov    0xc(%rsi),%eax               ;*getfield value {reexecute=0 rethrow=0 return_oop=0}
                                                            ; - java.lang.Integer::hashCode@1 (line 1118)
  0x00007eae73fff165:   movabs $0x7eae2c1d7d98,%rsi         ;   {metadata(method data for {method} {0x000000007a1a1848} &apos;hashCode&apos; &apos;()I&apos; in &apos;java/lang/Integer&apos;)}
  0x00007eae73fff16f:   addq   $0x1,0xd8(%rsi)
  0x00007eae73fff177:   movabs $0x7eae2c1d7ec0,%rsi         ;   {metadata(method data for {method} {0x000000007a1a2170} &apos;hashCode&apos; &apos;(I)I&apos; in &apos;java/lang/Integer&apos;)}
  0x00007eae73fff181:   mov    0x90(%rsi),%edi
  0x00007eae73fff187:   add    $0x2,%edi
  0x00007eae73fff18a:   mov    %edi,0x90(%rsi)
  0x00007eae73fff190:   and    $0x1ffffe,%edi
  0x00007eae73fff196:   test   %edi,%edi
  0x00007eae73fff198:   je     0x00007eae73fff1cc
  0x00007eae73fff19e:   add    $0x30,%rsp
  0x00007eae73fff1a2:   pop    %rbp
  0x00007eae73fff1a3:   cmp    0x28(%r15),%rsp              ;   {poll_return}
  0x00007eae73fff1a7:   ja     0x00007eae73fff1ea
  0x00007eae73fff1ad:   ret    
  0x00007eae73fff1ae:   movabs $0x7a1a1848,%r10             ;   {metadata({method} {0x000000007a1a1848} &apos;hashCode&apos; &apos;()I&apos; in &apos;java/lang/Integer&apos;)}
  0x00007eae73fff1b8:   mov    %r10,0x8(%rsp)
  0x00007eae73fff1bd:   movq   $0xffffffffffffffff,(%rsp)
  0x00007eae73fff1c5:   call   0x00007eae7b582fe0           ; ImmutableOopMap {rsi=Oop }
                                                            ;*synchronization entry
                                                            ; - java.lang.Integer::hashCode@-1 (line 1118)
                                                            ;   {runtime_call counter_overflow_blob (C1 runtime)}
  0x00007eae73fff1ca:   jmp    0x00007eae73fff162
  0x00007eae73fff1cc:   movabs $0x7a1a2170,%r10             ;   {metadata({method} {0x000000007a1a2170} &apos;hashCode&apos; &apos;(I)I&apos; in &apos;java/lang/Integer&apos;)}
  0x00007eae73fff1d6:   mov    %r10,0x8(%rsp)
  0x00007eae73fff1db:   movq   $0xffffffffffffffff,(%rsp)
  0x00007eae73fff1e3:   call   0x00007eae7b582fe0           ; ImmutableOopMap {}
                                                            ;*synchronization entry
                                                            ; - java.lang.Integer::hashCode@-1 (line 1131)
                                                            ; - java.lang.Integer::hashCode@4 (line 1118)
                                                            ;   {runtime_call counter_overflow_blob (C1 runtime)}
  0x00007eae73fff1e8:   jmp    0x00007eae73fff19e
  0x00007eae73fff1ea:   movabs $0x7eae73fff1a3,%r10         ;   {internal_word}
  0x00007eae73fff1f4:   mov    %r10,0x510(%r15)
  0x00007eae73fff1fb:   jmp    0x00007eae7b4afb60           ;   {runtime_call SafepointBlob}
  0x00007eae73fff200:   mov    0x5c0(%r15),%rax
  0x00007eae73fff207:   movq   $0x0,0x5c0(%r15)
  0x00007eae73fff212:   movq   $0x0,0x5c8(%r15)
  0x00007eae73fff21d:   add    $0x30,%rsp
  0x00007eae73fff221:   pop    %rbp
  0x00007eae73fff222:   jmp    0x00007eae7b57ae60           ;   {runtime_call unwind_exception_blob (C1 runtime)}
  0x00007eae73fff227:   hlt    
[Exception Handler]
  0x00007eae73fff228:   call   0x00007eae7b57e8e0           ;   {runtime_call handle_exception_from_callee_blob (C1 runtime)}
  0x00007eae73fff22d:   movabs $0x7eae93d3aec4,%rdi         ;   {external_word}
  0x00007eae73fff237:   and    $0xfffffffffffffff0,%rsp
  0x00007eae73fff23b:   call   0x00007eae93791cc0           ;   {runtime_call MacroAssembler::debug64(char*, long, long*)}
  0x00007eae73fff240:   hlt    
  0x00007eae73fff241:   call   0x00007eae7b4afe60           ;   {runtime_call DeoptimizationBlob}
[Deopt Handler Entry Point]
  0x00007eae73fff246:   jmp    0x00007eae73fff241
--------------------------------------------------------------------------------
[/Disassembly]
