
============================= C1-compiled nmethod ==============================
----------------------------------- Assembly -----------------------------------

Compiled method (c1) 503   45       1       java.util.concurrent.locks.AbstractQueuedSynchronizer::setState (6 bytes)
 total in heap  [0x0000742b5fba8408,0x0000742b5fba85b8] = 432
 main code      [0x0000742b5fba8500,0x0000742b5fba8598] = 152
 stub code      [0x0000742b5fba8598,0x0000742b5fba85b8] = 32
 mutable data [0x0000742af8014c50,0x0000742af8014c78] = 40
 relocation     [0x0000742af8014c50,0x0000742af8014c70] = 32
 metadata       [0x0000742af8014c70,0x0000742af8014c78] = 8
 immutable data [0x0000742af8014c00,0x0000742af8014c44] = 68
 dependencies   [0x0000742af8014c00,0x0000742af8014c08] = 8
 scopes pcs     [0x0000742af8014c08,0x0000742af8014c38] = 48
 scopes data    [0x0000742af8014c38,0x0000742af8014c40] = 8

[Disassembly]
--------------------------------------------------------------------------------
[Constant Pool (empty)]

--------------------------------------------------------------------------------

[Instructions begin]
  0x0000742b5fba8500:   data16 data16 nopw 0x0(%rax,%rax,1)
  0x0000742b5fba850b:   data16 data16 xchg %ax,%ax
  0x0000742b5fba850f:   data16 xchg %ax,%ax
[Entry Point]
  # {method} {0x00000000712d8d08} &apos;setState&apos; &apos;(I)V&apos; in &apos;java/util/concurrent/locks/AbstractQueuedSynchronizer&apos;
  # this:     rsi:rsi   = &apos;java/util/concurrent/locks/AbstractQueuedSynchronizer&apos;
  # parm0:    rdx       = int
  #           [sp+0x30]  (sp of caller)
  0x0000742b5fba8512:   mov    0x8(%rsi),%r10d
  0x0000742b5fba8516:   cmp    0x8(%rax),%r10d
  0x0000742b5fba851a:   jne    0x0000742b5f4ad6e0           ;   {runtime_call ic_miss_blob (shared runtime)}
[Verified Entry Point]
  0x0000742b5fba8520:   mov    %eax,-0x14000(%rsp)
  0x0000742b5fba8527:   push   %rbp
  0x0000742b5fba8528:   sub    $0x20,%rsp
  0x0000742b5fba852c:   cmpl   $0x1,0x20(%r15)
  0x0000742b5fba8534:   je     0x0000742b5fba853b
  0x0000742b5fba8536:   call   Stub::method_entry_barrier_stub (stub gen)
                                                            ;   {runtime_call Stub::method_entry_barrier_stub (stub gen)}
  0x0000742b5fba853b:   mov    %edx,0x18(%rsi)
  0x0000742b5fba853e:   lock addl $0x0,-0x40(%rsp)          ;*putfield state {reexecute=0 rethrow=0 return_oop=0}
                                                            ; - java.util.concurrent.locks.AbstractQueuedSynchronizer::setState@2 (line 555)
  0x0000742b5fba8544:   add    $0x20,%rsp
  0x0000742b5fba8548:   pop    %rbp
  0x0000742b5fba8549:   cmp    0x28(%r15),%rsp              ;   {poll_return}
  0x0000742b5fba854d:   ja     0x0000742b5fba8554
  0x0000742b5fba8553:   ret    
  0x0000742b5fba8554:   movabs $0x742b5fba8549,%r10         ;   {internal_word}
  0x0000742b5fba855e:   mov    %r10,0x510(%r15)
  0x0000742b5fba8565:   jmp    0x0000742b5f4afb60           ;   {runtime_call SafepointBlob}
  0x0000742b5fba856a:   mov    0x5c0(%r15),%rax
  0x0000742b5fba8571:   movq   $0x0,0x5c0(%r15)
  0x0000742b5fba857c:   movq   $0x0,0x5c8(%r15)
  0x0000742b5fba8587:   add    $0x20,%rsp
  0x0000742b5fba858b:   pop    %rbp
  0x0000742b5fba858c:   jmp    0x0000742b5f57b2e0           ;   {runtime_call unwind_exception_blob (C1 runtime)}
  0x0000742b5fba8591:   hlt    
  0x0000742b5fba8592:   hlt    
  0x0000742b5fba8593:   hlt    
  0x0000742b5fba8594:   hlt    
  0x0000742b5fba8595:   hlt    
  0x0000742b5fba8596:   hlt    
  0x0000742b5fba8597:   hlt    
[Exception Handler]
  0x0000742b5fba8598:   call   0x0000742b5f57e8e0           ;   {runtime_call handle_exception_from_callee_blob (C1 runtime)}
  0x0000742b5fba859d:   movabs $0x742b7733aec4,%rdi         ;   {external_word}
  0x0000742b5fba85a7:   and    $0xfffffffffffffff0,%rsp
  0x0000742b5fba85ab:   call   0x0000742b76d91cc0           ;   {runtime_call MacroAssembler::debug64(char*, long, long*)}
  0x0000742b5fba85b0:   hlt    
  0x0000742b5fba85b1:   call   0x0000742b5f4afe60           ;   {runtime_call DeoptimizationBlob}
[Deopt Handler Entry Point]
  0x0000742b5fba85b6:   jmp    0x0000742b5fba85b1
--------------------------------------------------------------------------------
[/Disassembly]
