
============================= C1-compiled nmethod ==============================
----------------------------------- Assembly -----------------------------------

Compiled method (c1) 473   45   !   3       java.lang.invoke.MemberName::getMethodType (213 bytes)
 total in heap  [0x00007a0833fff008,0x00007a0834000218] = 4624
 main code      [0x00007a0833fff100,0x00007a08340001b0] = 4272
 stub code      [0x00007a08340001b0,0x00007a0834000210] = 96
 oops           [0x00007a0834000210,0x00007a0834000218] = 8
 mutable data [0x00007a07d404db00,0x00007a07d404dc58] = 344
 relocation     [0x00007a07d404db00,0x00007a07d404dc18] = 280
 metadata       [0x00007a07d404dc18,0x00007a07d404dc58] = 64
 immutable data [0x00007a07d404d1b0,0x00007a07d404daf4] = 2372
 dependencies   [0x00007a07d404d1b0,0x00007a07d404d1c8] = 24
 nul chk table  [0x00007a07d404d1c8,0x00007a07d404d1e8] = 32
 handler table  [0x00007a07d404d1e8,0x00007a07d404d2d8] = 240
 scopes pcs     [0x00007a07d404d2d8,0x00007a07d404d808] = 1328
 scopes data    [0x00007a07d404d808,0x00007a07d404daf0] = 744

[Disassembly]
--------------------------------------------------------------------------------
[Constant Pool (empty)]

--------------------------------------------------------------------------------

[Instructions begin]
  0x00007a0833fff100:   data16 data16 nopw 0x0(%rax,%rax,1)
  0x00007a0833fff10b:   data16 data16 xchg %ax,%ax
  0x00007a0833fff10f:   data16 xchg %ax,%ax
[Entry Point]
  # {method} {0x000000008e205360} &apos;getMethodType&apos; &apos;()Ljava/lang/invoke/MethodType;&apos; in &apos;java/lang/invoke/MemberName&apos;
  #           [sp+0x90]  (sp of caller)
  0x00007a0833fff112:   mov    0x8(%rsi),%r10d
  0x00007a0833fff116:   cmp    0x8(%rax),%r10d
  0x00007a0833fff11a:   jne    0x00007a083b4ad6e0           ;   {runtime_call ic_miss_blob (shared runtime)}
[Verified Entry Point]
  0x00007a0833fff120:   mov    %eax,-0x14000(%rsp)
  0x00007a0833fff127:   push   %rbp
  0x00007a0833fff128:   sub    $0x80,%rsp
  0x00007a0833fff12f:   nop
  0x00007a0833fff130:   cmpl   $0x1,0x20(%r15)
  0x00007a0833fff138:   je     0x00007a0833fff13f
  0x00007a0833fff13a:   call   Stub::method_entry_barrier_stub (stub gen)
                                                            ;   {runtime_call Stub::method_entry_barrier_stub (stub gen)}
  0x00007a0833fff13f:   mov    %rsi,0x58(%rsp)
  0x00007a0833fff144:   movabs $0x7a07ec267570,%rdi         ;   {metadata(method data for {method} {0x000000008e205360} &apos;getMethodType&apos; &apos;()Ljava/lang/invoke/MethodType;&apos; in &apos;java/lang/invoke/MemberName&apos;)}
  0x00007a0833fff14e:   mov    0x90(%rdi),%ebx
  0x00007a0833fff154:   add    $0x2,%ebx
  0x00007a0833fff157:   mov    %ebx,0x90(%rdi)
  0x00007a0833fff15d:   and    $0x7fe,%ebx
  0x00007a0833fff163:   test   %ebx,%ebx
  0x00007a0833fff165:   je     0x00007a0833ffff64           ;*aload_0 {reexecute=0 rethrow=0 return_oop=0}
                                                            ; - java.lang.invoke.MemberName::getMethodType@0 (line 120)
  0x00007a0833fff16b:   mov    0x20(%rsi),%edi
  0x00007a0833fff16e:   shl    $0x3,%rdi                    ;*getfield type {reexecute=0 rethrow=0 return_oop=0}
                                                            ; - java.lang.invoke.MemberName::getMethodType@1 (line 120)
  0x00007a0833fff172:   test   %rdi,%rdi
  0x00007a0833fff175:   movabs $0x7a07ec267570,%rbx         ;   {metadata(method data for {method} {0x000000008e205360} &apos;getMethodType&apos; &apos;()Ljava/lang/invoke/MethodType;&apos; in &apos;java/lang/invoke/MemberName&apos;)}
  0x00007a0833fff17f:   mov    $0xd8,%eax
  0x00007a0833fff184:   jne    0x00007a0833fff18b
  0x00007a0833fff186:   mov    $0xe8,%eax
  0x00007a0833fff18b:   mov    (%rbx,%rax,1),%rdx
  0x00007a0833fff18f:   lea    0x1(%rdx),%rdx
  0x00007a0833fff193:   mov    %rdx,(%rbx,%rax,1)
  0x00007a0833fff197:   jne    0x00007a0833fff36b           ;*ifnonnull {reexecute=0 rethrow=0 return_oop=0}
                                                            ; - java.lang.invoke.MemberName::getMethodType@4 (line 120)
  0x00007a0833fff19d:   mov    %rsi,%rbx
  0x00007a0833fff1a0:   movabs $0x7a07ec267570,%rax         ;   {metadata(method data for {method} {0x000000008e205360} &apos;getMethodType&apos; &apos;()Ljava/lang/invoke/MethodType;&apos; in &apos;java/lang/invoke/MemberName&apos;)}
  0x00007a0833fff1aa:   addq   $0x1,0xf8(%rax)
  0x00007a0833fff1b2:   movabs $0x7a07ec267c98,%rbx         ;   {metadata(method data for {method} {0x000000008e205780} &apos;expandFromVM&apos; &apos;()V&apos; in &apos;java/lang/invoke/MemberName&apos;)}
  0x00007a0833fff1bc:   mov    0x90(%rbx),%eax
  0x00007a0833fff1c2:   add    $0x2,%eax
  0x00007a0833fff1c5:   mov    %eax,0x90(%rbx)
  0x00007a0833fff1cb:   and    $0x1ffffe,%eax
  0x00007a0833fff1d0:   test   %eax,%eax
  0x00007a0833fff1d2:   je     0x00007a0833ffff85
  0x00007a0833fff1d8:   test   %rdi,%rdi
  0x00007a0833fff1db:   movabs $0x7a07ec267c98,%rdi         ;   {metadata(method data for {method} {0x000000008e205780} &apos;expandFromVM&apos; &apos;()V&apos; in &apos;java/lang/invoke/MemberName&apos;)}
  0x00007a0833fff1e5:   mov    $0xe8,%ebx
  0x00007a0833fff1ea:   jne    0x00007a0833fff1f1
  0x00007a0833fff1ec:   mov    $0xd8,%ebx
  0x00007a0833fff1f1:   mov    (%rdi,%rbx,1),%rax
  0x00007a0833fff1f5:   lea    0x1(%rax),%rax
  0x00007a0833fff1f9:   mov    %rax,(%rdi,%rbx,1)
  0x00007a0833fff1fd:   jne    0x00007a0833fff339           ;*ifnull {reexecute=0 rethrow=0 return_oop=0}
                                                            ; - java.lang.invoke.MemberName::expandFromVM@4 (line 506)
                                                            ; - java.lang.invoke.MemberName::getMethodType@8 (line 121)
  0x00007a0833fff203:   mov    %rsi,%rdi
  0x00007a0833fff206:   movabs $0x7a07ec267c98,%rbx         ;   {metadata(method data for {method} {0x000000008e205780} &apos;expandFromVM&apos; &apos;()V&apos; in &apos;java/lang/invoke/MemberName&apos;)}
  0x00007a0833fff210:   mov    0x8(%rdi),%edi
  0x00007a0833fff213:   mov    $0x8e000000,%r10d
  0x00007a0833fff219:   add    %r10,%rdi
  0x00007a0833fff21c:   mov    $0x20,%r10d
  0x00007a0833fff222:   cmp    (%rbx,%r10,8),%rdi
  0x00007a0833fff226:   je     0x00007a0833fff25f
  0x00007a0833fff228:   add    $0x2,%r10
  0x00007a0833fff22c:   cmp    $0x24,%r10
  0x00007a0833fff230:   jne    0x00007a0833fff222
  0x00007a0833fff232:   mov    $0x20,%r10d
  0x00007a0833fff238:   cmpq   $0x0,(%rbx,%r10,8)
  0x00007a0833fff23d:   je     0x00007a0833fff24b
  0x00007a0833fff23f:   add    $0x2,%r10
  0x00007a0833fff243:   cmp    $0x24,%r10
  0x00007a0833fff247:   jne    0x00007a0833fff238
  0x00007a0833fff249:   jmp    0x00007a0833fff257
  0x00007a0833fff24b:   push   %rax
  0x00007a0833fff24c:   xor    %rax,%rax
  0x00007a0833fff24f:   cmpxchg %rdi,(%rbx,%r10,8)
  0x00007a0833fff254:   pop    %rax
  0x00007a0833fff255:   jmp    0x00007a0833fff21c
  0x00007a0833fff257:   mov    $0x1f,%r10d
  0x00007a0833fff25d:   jmp    0x00007a0833fff263
  0x00007a0833fff25f:   add    $0x1,%r10
  0x00007a0833fff263:   addq   $0x1,(%rbx,%r10,8)
  0x00007a0833fff268:   movabs $0x7a07ec267b48,%rdi         ;   {metadata(method data for {method} {0x000000008e205258} &apos;isResolved&apos; &apos;()Z&apos; in &apos;java/lang/invoke/MemberName&apos;)}
  0x00007a0833fff272:   mov    0x90(%rdi),%ebx
  0x00007a0833fff278:   add    $0x2,%ebx
  0x00007a0833fff27b:   mov    %ebx,0x90(%rdi)
  0x00007a0833fff281:   and    $0x1ffffe,%ebx
  0x00007a0833fff287:   test   %ebx,%ebx
  0x00007a0833fff289:   je     0x00007a0833ffffa6
  0x00007a0833fff28f:   mov    0x28(%rsi),%edi
  0x00007a0833fff292:   shl    $0x3,%rdi                    ;*getfield resolution {reexecute=0 rethrow=0 return_oop=0}
                                                            ; - java.lang.invoke.MemberName::isResolved@1 (line 793)
                                                            ; - java.lang.invoke.MemberName::expandFromVM@9 (line 509)
                                                            ; - java.lang.invoke.MemberName::getMethodType@8 (line 121)
  0x00007a0833fff296:   test   %rdi,%rdi
  0x00007a0833fff299:   movabs $0x7a07ec267b48,%rdi         ;   {metadata(method data for {method} {0x000000008e205258} &apos;isResolved&apos; &apos;()Z&apos; in &apos;java/lang/invoke/MemberName&apos;)}
  0x00007a0833fff2a3:   mov    $0xd8,%ebx
  0x00007a0833fff2a8:   jne    0x00007a0833fff2af
  0x00007a0833fff2aa:   mov    $0xe8,%ebx
  0x00007a0833fff2af:   mov    (%rdi,%rbx,1),%rax
  0x00007a0833fff2b3:   lea    0x1(%rax),%rax
  0x00007a0833fff2b7:   mov    %rax,(%rdi,%rbx,1)
  0x00007a0833fff2bb:   jne    0x00007a0833fff2db           ;*ifnonnull {reexecute=0 rethrow=0 return_oop=0}
                                                            ; - java.lang.invoke.MemberName::isResolved@4 (line 793)
                                                            ; - java.lang.invoke.MemberName::expandFromVM@9 (line 509)
                                                            ; - java.lang.invoke.MemberName::getMethodType@8 (line 121)
  0x00007a0833fff2c1:   movabs $0x7a07ec267b48,%rdi         ;   {metadata(method data for {method} {0x000000008e205258} &apos;isResolved&apos; &apos;()Z&apos; in &apos;java/lang/invoke/MemberName&apos;)}
  0x00007a0833fff2cb:   incl   0xf8(%rdi)
  0x00007a0833fff2d1:   mov    $0x1,%edi
  0x00007a0833fff2d6:   jmp    0x00007a0833fff2e0           ;*goto {reexecute=0 rethrow=0 return_oop=0}
                                                            ; - java.lang.invoke.MemberName::isResolved@8 (line 793)
                                                            ; - java.lang.invoke.MemberName::expandFromVM@9 (line 509)
                                                            ; - java.lang.invoke.MemberName::getMethodType@8 (line 121)
  0x00007a0833fff2db:   mov    $0x0,%edi                    ;*ireturn {reexecute=0 rethrow=0 return_oop=0}
                                                            ; - java.lang.invoke.MemberName::isResolved@12 (line 793)
                                                            ; - java.lang.invoke.MemberName::expandFromVM@9 (line 509)
                                                            ; - java.lang.invoke.MemberName::getMethodType@8 (line 121)
  0x00007a0833fff2e0:   and    $0x1,%edi
  0x00007a0833fff2e3:   test   %edi,%edi
  0x00007a0833fff2e5:   movabs $0x7a07ec267c98,%rdi         ;   {metadata(method data for {method} {0x000000008e205780} &apos;expandFromVM&apos; &apos;()V&apos; in &apos;java/lang/invoke/MemberName&apos;)}
  0x00007a0833fff2ef:   mov    $0x138,%ebx
  0x00007a0833fff2f4:   je     0x00007a0833fff2fb
  0x00007a0833fff2f6:   mov    $0x128,%ebx
  0x00007a0833fff2fb:   mov    (%rdi,%rbx,1),%rax
  0x00007a0833fff2ff:   lea    0x1(%rax),%rax
  0x00007a0833fff303:   mov    %rax,(%rdi,%rbx,1)
  0x00007a0833fff307:   je     0x00007a0833fff339           ;*ifne {reexecute=0 rethrow=0 return_oop=0}
                                                            ; - java.lang.invoke.MemberName::expandFromVM@12 (line 509)
                                                            ; - java.lang.invoke.MemberName::getMethodType@8 (line 121)
  0x00007a0833fff30d:   movabs $0x7a07ec267c98,%rdi         ;   {metadata(method data for {method} {0x000000008e205780} &apos;expandFromVM&apos; &apos;()V&apos; in &apos;java/lang/invoke/MemberName&apos;)}
  0x00007a0833fff317:   addq   $0x1,0x148(%rdi)
  0x00007a0833fff31f:   mov    %rsi,%rdi
  0x00007a0833fff322:   mov    %rdi,%rsi                    ;*invokestatic expand {reexecute=0 rethrow=0 return_oop=0}
                                                            ; - java.lang.invoke.MemberName::expandFromVM@17 (line 512)
                                                            ; - java.lang.invoke.MemberName::getMethodType@8 (line 121)
  0x00007a0833fff325:   xchg   %ax,%ax
  0x00007a0833fff327:   call   0x00007a083b4adfe0           ; ImmutableOopMap {[88]=Oop }
                                                            ;*invokestatic expand {reexecute=0 rethrow=0 return_oop=0}
                                                            ; - java.lang.invoke.MemberName::expandFromVM@17 (line 512)
                                                            ; - java.lang.invoke.MemberName::getMethodType@8 (line 121)
                                                            ;   {static_call}
  0x00007a0833fff32c:   nopl   0x324(%rax,%rax,1)           ;*invokestatic expand {reexecute=0 rethrow=0 return_oop=0}
                                                            ; - java.lang.invoke.MemberName::expandFromVM@17 (line 512)
                                                            ; - java.lang.invoke.MemberName::getMethodType@8 (line 121)
                                                            ;   {post_call_nop}
  0x00007a0833fff334:   mov    0x58(%rsp),%rsi
  0x00007a0833fff339:   mov    0x20(%rsi),%eax
  0x00007a0833fff33c:   shl    $0x3,%rax                    ;*getfield type {reexecute=0 rethrow=0 return_oop=0}
                                                            ; - java.lang.invoke.MemberName::getMethodType@12 (line 122)
  0x00007a0833fff340:   test   %rax,%rax
  0x00007a0833fff343:   movabs $0x7a07ec267570,%rax         ;   {metadata(method data for {method} {0x000000008e205360} &apos;getMethodType&apos; &apos;()Ljava/lang/invoke/MethodType;&apos; in &apos;java/lang/invoke/MemberName&apos;)}
  0x00007a0833fff34d:   mov    $0x138,%edx
  0x00007a0833fff352:   je     0x00007a0833fff359
  0x00007a0833fff354:   mov    $0x128,%edx
  0x00007a0833fff359:   mov    (%rax,%rdx,1),%rdi
  0x00007a0833fff35d:   lea    0x1(%rdi),%rdi
  0x00007a0833fff361:   mov    %rdi,(%rax,%rdx,1)
  0x00007a0833fff365:   je     0x00007a0833fffdf7           ;*ifnonnull {reexecute=0 rethrow=0 return_oop=0}
                                                            ; - java.lang.invoke.MemberName::getMethodType@15 (line 122)
  0x00007a0833fff36b:   mov    %rsi,%rax
  0x00007a0833fff36e:   movabs $0x7a07ec267570,%rdx         ;   {metadata(method data for {method} {0x000000008e205360} &apos;getMethodType&apos; &apos;()Ljava/lang/invoke/MethodType;&apos; in &apos;java/lang/invoke/MemberName&apos;)}
  0x00007a0833fff378:   mov    0x8(%rax),%eax
  0x00007a0833fff37b:   mov    $0x8e000000,%r10d
  0x00007a0833fff381:   add    %r10,%rax
  0x00007a0833fff384:   mov    $0x2a,%r10d
  0x00007a0833fff38a:   cmp    (%rdx,%r10,8),%rax
  0x00007a0833fff38e:   je     0x00007a0833fff3cd
  0x00007a0833fff390:   add    $0x2,%r10
  0x00007a0833fff394:   cmp    $0x2e,%r10
  0x00007a0833fff398:   jne    0x00007a0833fff38a
  0x00007a0833fff39a:   mov    $0x2a,%r10d
  0x00007a0833fff3a0:   cmpq   $0x0,(%rdx,%r10,8)
  0x00007a0833fff3a5:   je     0x00007a0833fff3b3
  0x00007a0833fff3a7:   add    $0x2,%r10
  0x00007a0833fff3ab:   cmp    $0x2e,%r10
  0x00007a0833fff3af:   jne    0x00007a0833fff3a0
  0x00007a0833fff3b1:   jmp    0x00007a0833fff3c5
  0x00007a0833fff3b3:   push   %rbx
  0x00007a0833fff3b4:   mov    %rax,%rbx
  0x00007a0833fff3b7:   xor    %rax,%rax
  0x00007a0833fff3ba:   cmpxchg %rbx,(%rdx,%r10,8)
  0x00007a0833fff3bf:   mov    %rbx,%rax
  0x00007a0833fff3c2:   pop    %rbx
  0x00007a0833fff3c3:   jmp    0x00007a0833fff384
  0x00007a0833fff3c5:   mov    $0x29,%r10d
  0x00007a0833fff3cb:   jmp    0x00007a0833fff3d1
  0x00007a0833fff3cd:   add    $0x1,%r10
  0x00007a0833fff3d1:   addq   $0x1,(%rdx,%r10,8)
  0x00007a0833fff3d6:   movabs $0x7a07ec266fc0,%rax         ;   {metadata(method data for {method} {0x000000008e205518} &apos;isInvocable&apos; &apos;()Z&apos; in &apos;java/lang/invoke/MemberName&apos;)}
  0x00007a0833fff3e0:   mov    0x90(%rax),%edx
  0x00007a0833fff3e6:   add    $0x2,%edx
  0x00007a0833fff3e9:   mov    %edx,0x90(%rax)
  0x00007a0833fff3ef:   and    $0x1ffffe,%edx
  0x00007a0833fff3f5:   test   %edx,%edx
  0x00007a0833fff3f7:   je     0x00007a0833ffffc7
  0x00007a0833fff3fd:   mov    %rsi,%rax
  0x00007a0833fff400:   movabs $0x7a07ec266fc0,%rdx         ;   {metadata(method data for {method} {0x000000008e205518} &apos;isInvocable&apos; &apos;()Z&apos; in &apos;java/lang/invoke/MemberName&apos;)}
  0x00007a0833fff40a:   addq   $0x1,0xd8(%rdx)
  0x00007a0833fff412:   movabs $0x7a07ec267108,%rax         ;   {metadata(method data for {method} {0x000000008e205b48} &apos;anyFlagSet&apos; &apos;(I)Z&apos; in &apos;java/lang/invoke/MemberName&apos;)}
  0x00007a0833fff41c:   mov    0x90(%rax),%edx
  0x00007a0833fff422:   add    $0x2,%edx
  0x00007a0833fff425:   mov    %edx,0x90(%rax)
  0x00007a0833fff42b:   and    $0x1ffffe,%edx
  0x00007a0833fff431:   test   %edx,%edx
  0x00007a0833fff433:   je     0x00007a0833ffffe8
  0x00007a0833fff439:   mov    0xc(%rsi),%eax               ;*getfield flags {reexecute=0 rethrow=0 return_oop=0}
                                                            ; - java.lang.invoke.MemberName::anyFlagSet@1 (line 335)
                                                            ; - java.lang.invoke.MemberName::isInvocable@4 (line 449)
                                                            ; - java.lang.invoke.MemberName::getMethodType@21 (line 126)
  0x00007a0833fff43c:   and    $0x30000,%eax
  0x00007a0833fff441:   test   %eax,%eax
  0x00007a0833fff443:   movabs $0x7a07ec267108,%rax         ;   {metadata(method data for {method} {0x000000008e205b48} &apos;anyFlagSet&apos; &apos;(I)Z&apos; in &apos;java/lang/invoke/MemberName&apos;)}
  0x00007a0833fff44d:   mov    $0xd8,%edx
  0x00007a0833fff452:   je     0x00007a0833fff459
  0x00007a0833fff454:   mov    $0xe8,%edx
  0x00007a0833fff459:   mov    (%rax,%rdx,1),%rdi
  0x00007a0833fff45d:   lea    0x1(%rdi),%rdi
  0x00007a0833fff461:   mov    %rdi,(%rax,%rdx,1)
  0x00007a0833fff465:   je     0x00007a0833fff485           ;*ifeq {reexecute=0 rethrow=0 return_oop=0}
                                                            ; - java.lang.invoke.MemberName::anyFlagSet@6 (line 335)
                                                            ; - java.lang.invoke.MemberName::isInvocable@4 (line 449)
                                                            ; - java.lang.invoke.MemberName::getMethodType@21 (line 126)
  0x00007a0833fff46b:   movabs $0x7a07ec267108,%rax         ;   {metadata(method data for {method} {0x000000008e205b48} &apos;anyFlagSet&apos; &apos;(I)Z&apos; in &apos;java/lang/invoke/MemberName&apos;)}
  0x00007a0833fff475:   incl   0xf8(%rax)
  0x00007a0833fff47b:   mov    $0x1,%eax
  0x00007a0833fff480:   jmp    0x00007a0833fff48a           ;*goto {reexecute=0 rethrow=0 return_oop=0}
                                                            ; - java.lang.invoke.MemberName::anyFlagSet@10 (line 335)
                                                            ; - java.lang.invoke.MemberName::isInvocable@4 (line 449)
                                                            ; - java.lang.invoke.MemberName::getMethodType@21 (line 126)
  0x00007a0833fff485:   mov    $0x0,%eax                    ;*ireturn {reexecute=0 rethrow=0 return_oop=0}
                                                            ; - java.lang.invoke.MemberName::anyFlagSet@14 (line 335)
                                                            ; - java.lang.invoke.MemberName::isInvocable@4 (line 449)
                                                            ; - java.lang.invoke.MemberName::getMethodType@21 (line 126)
  0x00007a0833fff48a:   and    $0x1,%eax
  0x00007a0833fff48d:   and    $0x1,%eax
  0x00007a0833fff490:   test   %eax,%eax
  0x00007a0833fff492:   movabs $0x7a07ec267570,%rax         ;   {metadata(method data for {method} {0x000000008e205360} &apos;getMethodType&apos; &apos;()Ljava/lang/invoke/MethodType;&apos; in &apos;java/lang/invoke/MemberName&apos;)}
  0x00007a0833fff49c:   mov    $0x188,%edx
  0x00007a0833fff4a1:   je     0x00007a0833fff4a8
  0x00007a0833fff4a3:   mov    $0x178,%edx
  0x00007a0833fff4a8:   mov    (%rax,%rdx,1),%rdi
  0x00007a0833fff4ac:   lea    0x1(%rdi),%rdi
  0x00007a0833fff4b0:   mov    %rdi,(%rax,%rdx,1)
  0x00007a0833fff4b4:   je     0x00007a0833fffe14           ;*ifne {reexecute=0 rethrow=0 return_oop=0}
                                                            ; - java.lang.invoke.MemberName::getMethodType@24 (line 126)
  0x00007a0833fff4ba:   mov    0x20(%rsi),%edi
  0x00007a0833fff4bd:   shl    $0x3,%rdi                    ;*getfield type {reexecute=0 rethrow=0 return_oop=0}
                                                            ; - java.lang.invoke.MemberName::getMethodType@34 (line 132)
  0x00007a0833fff4c1:   test   %rdi,%rdi
  0x00007a0833fff4c4:   movabs $0x7a07ec267570,%rbx         ;   {metadata(method data for {method} {0x000000008e205360} &apos;getMethodType&apos; &apos;()Ljava/lang/invoke/MethodType;&apos; in &apos;java/lang/invoke/MemberName&apos;)}
  0x00007a0833fff4ce:   jne    0x00007a0833fff4dc
  0x00007a0833fff4d0:   orb    $0x1,0x1a1(%rbx)
  0x00007a0833fff4d7:   jmp    0x00007a0833fff558
  0x00007a0833fff4dc:   mov    0x8(%rdi),%ecx
  0x00007a0833fff4df:   mov    $0x8e000000,%r10d
  0x00007a0833fff4e5:   add    %r10,%rcx
  0x00007a0833fff4e8:   mov    $0x36,%r10d
  0x00007a0833fff4ee:   cmp    (%rbx,%r10,8),%rcx
  0x00007a0833fff4f2:   je     0x00007a0833fff52b
  0x00007a0833fff4f4:   add    $0x2,%r10
  0x00007a0833fff4f8:   cmp    $0x3a,%r10
  0x00007a0833fff4fc:   jne    0x00007a0833fff4ee
  0x00007a0833fff4fe:   mov    $0x36,%r10d
  0x00007a0833fff504:   cmpq   $0x0,(%rbx,%r10,8)
  0x00007a0833fff509:   je     0x00007a0833fff517
  0x00007a0833fff50b:   add    $0x2,%r10
  0x00007a0833fff50f:   cmp    $0x3a,%r10
  0x00007a0833fff513:   jne    0x00007a0833fff504
  0x00007a0833fff515:   jmp    0x00007a0833fff523
  0x00007a0833fff517:   push   %rax
  0x00007a0833fff518:   xor    %rax,%rax
  0x00007a0833fff51b:   cmpxchg %rcx,(%rbx,%r10,8)
  0x00007a0833fff520:   pop    %rax
  0x00007a0833fff521:   jmp    0x00007a0833fff4e8
  0x00007a0833fff523:   mov    $0x35,%r10d
  0x00007a0833fff529:   jmp    0x00007a0833fff52f
  0x00007a0833fff52b:   add    $0x1,%r10
  0x00007a0833fff52f:   addq   $0x1,(%rbx,%r10,8)
  0x00007a0833fff534:   movabs $0x8e1f4790,%rcx             ;   {metadata(&apos;java/lang/invoke/MethodType&apos;)}
  0x00007a0833fff53e:   mov    0x8(%rdi),%edx
  0x00007a0833fff541:   mov    $0x8e000000,%r10d
  0x00007a0833fff547:   add    %r10,%rdx
  0x00007a0833fff54a:   cmp    %rdx,%rcx
  0x00007a0833fff54d:   jne    0x00007a0833fff558
  0x00007a0833fff553:   jmp    0x00007a0833fff55d
  0x00007a0833fff558:   xor    %rax,%rax
  0x00007a0833fff55b:   jmp    0x00007a0833fff562
  0x00007a0833fff55d:   mov    $0x1,%eax                    ;*instanceof {reexecute=0 rethrow=0 return_oop=0}
                                                            ; - java.lang.invoke.MemberName::getMethodType@39 (line 133)
  0x00007a0833fff562:   test   %eax,%eax
  0x00007a0833fff564:   movabs $0x7a07ec267570,%rax         ;   {metadata(method data for {method} {0x000000008e205360} &apos;getMethodType&apos; &apos;()Ljava/lang/invoke/MethodType;&apos; in &apos;java/lang/invoke/MemberName&apos;)}
  0x00007a0833fff56e:   mov    $0x1e8,%edx
  0x00007a0833fff573:   jne    0x00007a0833fff57a
  0x00007a0833fff575:   mov    $0x1d8,%edx
  0x00007a0833fff57a:   mov    (%rax,%rdx,1),%rbx
  0x00007a0833fff57e:   lea    0x1(%rbx),%rbx
  0x00007a0833fff582:   mov    %rbx,(%rax,%rdx,1)
  0x00007a0833fff586:   jne    0x00007a0833fffd44           ;*ifeq {reexecute=0 rethrow=0 return_oop=0}
                                                            ; - java.lang.invoke.MemberName::getMethodType@42 (line 133)
  0x00007a0833fff58c:   lea    0x68(%rsp),%rdx
  0x00007a0833fff591:   mov    %rsi,0x8(%rdx)
  0x00007a0833fff595:   mov    (%rsi),%rax
  0x00007a0833fff598:   mov    0x7c0(%r15),%edi
  0x00007a0833fff59f:   cmp    $0x810,%edi
  0x00007a0833fff5a5:   jge    0x00007a0834000009
  0x00007a0833fff5ab:   cmp    -0x8(%r15,%rdi,1),%rsi
  0x00007a0833fff5b0:   je     0x00007a0833fff5db
  0x00007a0833fff5b6:   test   $0x2,%al
  0x00007a0833fff5b8:   jne    0x00007a0834000009
  0x00007a0833fff5be:   mov    %rax,%rdi
  0x00007a0833fff5c1:   and    $0xfffffffffffffffe,%rdi
  0x00007a0833fff5c5:   or     $0x1,%rax
  0x00007a0833fff5c9:   lock cmpxchg %rdi,(%rsi)
  0x00007a0833fff5ce:   jne    0x00007a0834000009
  0x00007a0833fff5d4:   mov    0x7c0(%r15),%edi
  0x00007a0833fff5db:   mov    %rsi,(%r15,%rdi,1)
  0x00007a0833fff5df:   add    $0x8,%edi
  0x00007a0833fff5e2:   mov    %edi,0x7c0(%r15)             ;*monitorenter {reexecute=0 rethrow=0 return_oop=0}
                                                            ; - java.lang.invoke.MemberName::getMethodType@55 (line 139)
  0x00007a0833fff5e9:   mov    0x20(%rsi),%edi
  0x00007a0833fff5ec:   shl    $0x3,%rdi                    ;*getfield type {reexecute=0 rethrow=0 return_oop=0}
                                                            ; - java.lang.invoke.MemberName::getMethodType@57 (line 140)
  0x00007a0833fff5f0:   test   %rdi,%rdi
  0x00007a0833fff5f3:   movabs $0x7a07ec267570,%rax         ;   {metadata(method data for {method} {0x000000008e205360} &apos;getMethodType&apos; &apos;()Ljava/lang/invoke/MethodType;&apos; in &apos;java/lang/invoke/MemberName&apos;)}
  0x00007a0833fff5fd:   jne    0x00007a0833fff60b
  0x00007a0833fff5ff:   orb    $0x1,0x221(%rax)
  0x00007a0833fff606:   jmp    0x00007a0833fff68d
  0x00007a0833fff60b:   mov    0x8(%rdi),%ecx
  0x00007a0833fff60e:   mov    $0x8e000000,%r10d
  0x00007a0833fff614:   add    %r10,%rcx
  0x00007a0833fff617:   mov    $0x46,%r10d
  0x00007a0833fff61d:   cmp    (%rax,%r10,8),%rcx
  0x00007a0833fff621:   je     0x00007a0833fff660
  0x00007a0833fff623:   add    $0x2,%r10
  0x00007a0833fff627:   cmp    $0x4a,%r10
  0x00007a0833fff62b:   jne    0x00007a0833fff61d
  0x00007a0833fff62d:   mov    $0x46,%r10d
  0x00007a0833fff633:   cmpq   $0x0,(%rax,%r10,8)
  0x00007a0833fff638:   je     0x00007a0833fff646
  0x00007a0833fff63a:   add    $0x2,%r10
  0x00007a0833fff63e:   cmp    $0x4a,%r10
  0x00007a0833fff642:   jne    0x00007a0833fff633
  0x00007a0833fff644:   jmp    0x00007a0833fff658
  0x00007a0833fff646:   push   %rbx
  0x00007a0833fff647:   mov    %rax,%rbx
  0x00007a0833fff64a:   xor    %rax,%rax
  0x00007a0833fff64d:   cmpxchg %rcx,(%rbx,%r10,8)
  0x00007a0833fff652:   mov    %rbx,%rax
  0x00007a0833fff655:   pop    %rbx
  0x00007a0833fff656:   jmp    0x00007a0833fff617
  0x00007a0833fff658:   mov    $0x45,%r10d
  0x00007a0833fff65e:   jmp    0x00007a0833fff664
  0x00007a0833fff660:   add    $0x1,%r10
  0x00007a0833fff664:   addq   $0x1,(%rax,%r10,8)
  0x00007a0833fff669:   movabs $0x8e178db8,%rcx             ;   {metadata(&apos;java/lang/String&apos;)}
  0x00007a0833fff673:   mov    0x8(%rdi),%ebx
  0x00007a0833fff676:   mov    $0x8e000000,%r10d
  0x00007a0833fff67c:   add    %r10,%rbx
  0x00007a0833fff67f:   cmp    %rbx,%rcx
  0x00007a0833fff682:   jne    0x00007a0833fff68d
  0x00007a0833fff688:   jmp    0x00007a0833fff692
  0x00007a0833fff68d:   xor    %rdx,%rdx
  0x00007a0833fff690:   jmp    0x00007a0833fff697
  0x00007a0833fff692:   mov    $0x1,%edx                    ;*instanceof {reexecute=0 rethrow=0 return_oop=0}
                                                            ; - java.lang.invoke.MemberName::getMethodType@64 (line 140)
  0x00007a0833fff697:   test   %edx,%edx
  0x00007a0833fff699:   movabs $0x7a07ec267570,%rdx         ;   {metadata(method data for {method} {0x000000008e205360} &apos;getMethodType&apos; &apos;()Ljava/lang/invoke/MethodType;&apos; in &apos;java/lang/invoke/MemberName&apos;)}
  0x00007a0833fff6a3:   mov    $0x258,%ebx
  0x00007a0833fff6a8:   je     0x00007a0833fff6af
  0x00007a0833fff6aa:   mov    $0x268,%ebx
  0x00007a0833fff6af:   mov    (%rdx,%rbx,1),%rax
  0x00007a0833fff6b3:   lea    0x1(%rax),%rax
  0x00007a0833fff6b7:   mov    %rax,(%rdx,%rbx,1)
  0x00007a0833fff6bb:   je     0x00007a0833fff8ea           ;*ifeq {reexecute=0 rethrow=0 return_oop=0}
                                                            ; - java.lang.invoke.MemberName::getMethodType@67 (line 140)
  0x00007a0833fff6c1:   test   %rdi,%rdi
  0x00007a0833fff6c4:   movabs $0x7a07ec267570,%rbx         ;   {metadata(method data for {method} {0x000000008e205360} &apos;getMethodType&apos; &apos;()Ljava/lang/invoke/MethodType;&apos; in &apos;java/lang/invoke/MemberName&apos;)}
  0x00007a0833fff6ce:   jne    0x00007a0833fff6dc
  0x00007a0833fff6d0:   orb    $0x1,0x271(%rbx)
  0x00007a0833fff6d7:   jmp    0x00007a0833fff75e
  0x00007a0833fff6dc:   mov    0x8(%rdi),%eax
  0x00007a0833fff6df:   mov    $0x8e000000,%r10d
  0x00007a0833fff6e5:   add    %r10,%rax
  0x00007a0833fff6e8:   mov    $0x50,%r10d
  0x00007a0833fff6ee:   cmp    (%rbx,%r10,8),%rax
  0x00007a0833fff6f2:   je     0x00007a0833fff731
  0x00007a0833fff6f4:   add    $0x2,%r10
  0x00007a0833fff6f8:   cmp    $0x54,%r10
  0x00007a0833fff6fc:   jne    0x00007a0833fff6ee
  0x00007a0833fff6fe:   mov    $0x50,%r10d
  0x00007a0833fff704:   cmpq   $0x0,(%rbx,%r10,8)
  0x00007a0833fff709:   je     0x00007a0833fff717
  0x00007a0833fff70b:   add    $0x2,%r10
  0x00007a0833fff70f:   cmp    $0x54,%r10
  0x00007a0833fff713:   jne    0x00007a0833fff704
  0x00007a0833fff715:   jmp    0x00007a0833fff729
  0x00007a0833fff717:   push   %rcx
  0x00007a0833fff718:   mov    %rax,%rcx
  0x00007a0833fff71b:   xor    %rax,%rax
  0x00007a0833fff71e:   cmpxchg %rcx,(%rbx,%r10,8)
  0x00007a0833fff723:   mov    %rcx,%rax
  0x00007a0833fff726:   pop    %rcx
  0x00007a0833fff727:   jmp    0x00007a0833fff6e8
  0x00007a0833fff729:   mov    $0x4f,%r10d
  0x00007a0833fff72f:   jmp    0x00007a0833fff735
  0x00007a0833fff731:   add    $0x1,%r10
  0x00007a0833fff735:   addq   $0x1,(%rbx,%r10,8)
  0x00007a0833fff73a:   movabs $0x8e178db8,%rax             ;   {metadata(&apos;java/lang/String&apos;)}
  0x00007a0833fff744:   mov    0x8(%rdi),%edx
  0x00007a0833fff747:   mov    $0x8e000000,%r10d
  0x00007a0833fff74d:   add    %r10,%rdx
  0x00007a0833fff750:   cmp    %rdx,%rax
  0x00007a0833fff753:   jne    0x00007a083400001c
  0x00007a0833fff759:   jmp    0x00007a0833fff75e
  0x00007a0833fff75e:   mov    %rdi,%rdx                    ;*checkcast {reexecute=0 rethrow=0 return_oop=0}
                                                            ; - java.lang.invoke.MemberName::getMethodType@72 (line 140)
  0x00007a0833fff761:   mov    %rsi,%rdi
  0x00007a0833fff764:   movabs $0x7a07ec267570,%rbx         ;   {metadata(method data for {method} {0x000000008e205360} &apos;getMethodType&apos; &apos;()Ljava/lang/invoke/MethodType;&apos; in &apos;java/lang/invoke/MemberName&apos;)}
  0x00007a0833fff76e:   mov    0x8(%rdi),%edi
  0x00007a0833fff771:   mov    $0x8e000000,%r10d
  0x00007a0833fff777:   add    %r10,%rdi
  0x00007a0833fff77a:   mov    $0x56,%r10d
  0x00007a0833fff780:   cmp    (%rbx,%r10,8),%rdi
  0x00007a0833fff784:   je     0x00007a0833fff7bd
  0x00007a0833fff786:   add    $0x2,%r10
  0x00007a0833fff78a:   cmp    $0x5a,%r10
  0x00007a0833fff78e:   jne    0x00007a0833fff780
  0x00007a0833fff790:   mov    $0x56,%r10d
  0x00007a0833fff796:   cmpq   $0x0,(%rbx,%r10,8)
  0x00007a0833fff79b:   je     0x00007a0833fff7a9
  0x00007a0833fff79d:   add    $0x2,%r10
  0x00007a0833fff7a1:   cmp    $0x5a,%r10
  0x00007a0833fff7a5:   jne    0x00007a0833fff796
  0x00007a0833fff7a7:   jmp    0x00007a0833fff7b5
  0x00007a0833fff7a9:   push   %rax
  0x00007a0833fff7aa:   xor    %rax,%rax
  0x00007a0833fff7ad:   cmpxchg %rdi,(%rbx,%r10,8)
  0x00007a0833fff7b2:   pop    %rax
  0x00007a0833fff7b3:   jmp    0x00007a0833fff77a
  0x00007a0833fff7b5:   mov    $0x55,%r10d
  0x00007a0833fff7bb:   jmp    0x00007a0833fff7c1
  0x00007a0833fff7bd:   add    $0x1,%r10
  0x00007a0833fff7c1:   addq   $0x1,(%rbx,%r10,8)
  0x00007a0833fff7c6:   movabs $0x7a07ec267e30,%rdi         ;   {metadata(method data for {method} {0x000000008e204d30} &apos;getClassLoader&apos; &apos;()Ljava/lang/ClassLoader;&apos; in &apos;java/lang/invoke/MemberName&apos;)}
  0x00007a0833fff7d0:   mov    0x90(%rdi),%ebx
  0x00007a0833fff7d6:   add    $0x2,%ebx
  0x00007a0833fff7d9:   mov    %ebx,0x90(%rdi)
  0x00007a0833fff7df:   and    $0x1ffffe,%ebx
  0x00007a0833fff7e5:   test   %ebx,%ebx
  0x00007a0833fff7e7:   je     0x00007a0834000025
  0x00007a0833fff7ed:   mov    0x18(%rsi),%edi
  0x00007a0833fff7f0:   shl    $0x3,%rdi                    ;*getfield clazz {reexecute=0 rethrow=0 return_oop=0}
                                                            ; - java.lang.invoke.MemberName::getClassLoader@1 (line 88)
                                                            ; - java.lang.invoke.MemberName::getMethodType@78 (line 141)
  0x00007a0833fff7f4:   cmp    (%rdi),%rax                  ; implicit exception: dispatches to 0x00007a0834000046
                                                            ;*invokevirtual getClassLoader {reexecute=0 rethrow=0 return_oop=0}
                                                            ; - java.lang.invoke.MemberName::getClassLoader@4 (line 88)
                                                            ; - java.lang.invoke.MemberName::getMethodType@78 (line 141)
  0x00007a0833fff7f7:   mov    %rdi,%rbx
  0x00007a0833fff7fa:   movabs $0x7a07ec267e30,%rax         ;   {metadata(method data for {method} {0x000000008e204d30} &apos;getClassLoader&apos; &apos;()Ljava/lang/ClassLoader;&apos; in &apos;java/lang/invoke/MemberName&apos;)}
  0x00007a0833fff804:   mov    0x8(%rbx),%ebx
  0x00007a0833fff807:   mov    $0x8e000000,%r10d
  0x00007a0833fff80d:   add    %r10,%rbx
  0x00007a0833fff810:   mov    $0x1c,%r10d
  0x00007a0833fff816:   cmp    (%rax,%r10,8),%rbx
  0x00007a0833fff81a:   je     0x00007a0833fff859
  0x00007a0833fff81c:   add    $0x2,%r10
  0x00007a0833fff820:   cmp    $0x20,%r10
  0x00007a0833fff824:   jne    0x00007a0833fff816
  0x00007a0833fff826:   mov    $0x1c,%r10d
  0x00007a0833fff82c:   cmpq   $0x0,(%rax,%r10,8)
  0x00007a0833fff831:   je     0x00007a0833fff83f
  0x00007a0833fff833:   add    $0x2,%r10
  0x00007a0833fff837:   cmp    $0x20,%r10
  0x00007a0833fff83b:   jne    0x00007a0833fff82c
  0x00007a0833fff83d:   jmp    0x00007a0833fff851
  0x00007a0833fff83f:   push   %rcx
  0x00007a0833fff840:   mov    %rax,%rcx
  0x00007a0833fff843:   xor    %rax,%rax
  0x00007a0833fff846:   cmpxchg %rbx,(%rcx,%r10,8)
  0x00007a0833fff84b:   mov    %rcx,%rax
  0x00007a0833fff84e:   pop    %rcx
  0x00007a0833fff84f:   jmp    0x00007a0833fff810
  0x00007a0833fff851:   mov    $0x1b,%r10d
  0x00007a0833fff857:   jmp    0x00007a0833fff85d
  0x00007a0833fff859:   add    $0x1,%r10
  0x00007a0833fff85d:   addq   $0x1,(%rax,%r10,8)
  0x00007a0833fff862:   mov    0x3c(%rdi),%edi
  0x00007a0833fff865:   shl    $0x3,%rdi                    ;*getfield classLoader {reexecute=0 rethrow=0 return_oop=0}
                                                            ; - java.lang.Class::getClassLoader@1 (line 982)
                                                            ; - java.lang.invoke.MemberName::getClassLoader@4 (line 88)
                                                            ; - java.lang.invoke.MemberName::getMethodType@78 (line 141)
  0x00007a0833fff869:   movabs $0x7a07ec267570,%rbx         ;   {metadata(method data for {method} {0x000000008e205360} &apos;getMethodType&apos; &apos;()Ljava/lang/invoke/MethodType;&apos; in &apos;java/lang/invoke/MemberName&apos;)}
  0x00007a0833fff873:   addq   $0x1,0x2d8(%rbx)
  0x00007a0833fff87b:   mov    %rdx,%rsi
  0x00007a0833fff87e:   mov    %rdi,%rdx                    ;*invokestatic fromDescriptor {reexecute=0 rethrow=0 return_oop=0}
                                                            ; - java.lang.invoke.MemberName::getMethodType@81 (line 141)
  0x00007a0833fff881:   nopw   0x0(%rax,%rax,1)
  0x00007a0833fff887:   call   0x00007a083b4adfe0           ; ImmutableOopMap {[88]=Oop [112]=Oop }
                                                            ;*invokestatic fromDescriptor {reexecute=0 rethrow=0 return_oop=0}
                                                            ; - java.lang.invoke.MemberName::getMethodType@81 (line 141)
                                                            ;   {static_call}
  0x00007a0833fff88c:   nopl   0x1000884(%rax,%rax,1)       ;*invokestatic fromDescriptor {reexecute=0 rethrow=0 return_oop=0}
                                                            ; - java.lang.invoke.MemberName::getMethodType@81 (line 141)
                                                            ;   {post_call_nop}
  0x00007a0833fff894:   movsbl 0x48(%r15),%esi
  0x00007a0833fff899:   test   %esi,%esi
  0x00007a0833fff89b:   mov    0x58(%rsp),%rsi
  0x00007a0833fff8a0:   jne    0x00007a083400004b
  0x00007a0833fff8a6:   mov    %rax,%r10
  0x00007a0833fff8a9:   shr    $0x3,%r10
  0x00007a0833fff8ad:   mov    %r10d,0x20(%rsi)
  0x00007a0833fff8b1:   mov    %rsi,%rcx
  0x00007a0833fff8b4:   xor    %rax,%rcx
  0x00007a0833fff8b7:   shr    $0x17,%rcx
  0x00007a0833fff8bb:   je     0x00007a0833fff8d5
  0x00007a0833fff8bd:   test   %rax,%rax
  0x00007a0833fff8c0:   je     0x00007a0833fff8d5
  0x00007a0833fff8c2:   mov    %rsi,%rcx
  0x00007a0833fff8c5:   shr    $0x9,%rcx
  0x00007a0833fff8c9:   add    0x50(%r15),%rcx
  0x00007a0833fff8cd:   cmpb   $0xff,(%rcx)
  0x00007a0833fff8d0:   jne    0x00007a0833fff8d5
  0x00007a0833fff8d2:   movb   $0x0,(%rcx)                  ;*putfield type {reexecute=0 rethrow=0 return_oop=0}
                                                            ; - java.lang.invoke.MemberName::getMethodType@89 (line 142)
  0x00007a0833fff8d5:   movabs $0x7a07ec267570,%rdx         ;   {metadata(method data for {method} {0x000000008e205360} &apos;getMethodType&apos; &apos;()Ljava/lang/invoke/MethodType;&apos; in &apos;java/lang/invoke/MemberName&apos;)}
  0x00007a0833fff8df:   incl   0x2e8(%rdx)
  0x00007a0833fff8e5:   jmp    0x00007a0833fffc15           ;*goto {reexecute=0 rethrow=0 return_oop=0}
                                                            ; - java.lang.invoke.MemberName::getMethodType@92 (line 143)
  0x00007a0833fff8ea:   test   %rdi,%rdi
  0x00007a0833fff8ed:   movabs $0x7a07ec267570,%rbx         ;   {metadata(method data for {method} {0x000000008e205360} &apos;getMethodType&apos; &apos;()Ljava/lang/invoke/MethodType;&apos; in &apos;java/lang/invoke/MemberName&apos;)}
  0x00007a0833fff8f7:   jne    0x00007a0833fff905
  0x00007a0833fff8f9:   orb    $0x1,0x2f9(%rbx)
  0x00007a0833fff900:   jmp    0x00007a0833fff988
  0x00007a0833fff905:   mov    0x8(%rdi),%eax
  0x00007a0833fff908:   mov    $0x8e000000,%r10d
  0x00007a0833fff90e:   add    %r10,%rax
  0x00007a0833fff911:   mov    $0x61,%r10d
  0x00007a0833fff917:   cmp    (%rbx,%r10,8),%rax
  0x00007a0833fff91b:   je     0x00007a0833fff95a
  0x00007a0833fff91d:   add    $0x2,%r10
  0x00007a0833fff921:   cmp    $0x65,%r10
  0x00007a0833fff925:   jne    0x00007a0833fff917
  0x00007a0833fff927:   mov    $0x61,%r10d
  0x00007a0833fff92d:   cmpq   $0x0,(%rbx,%r10,8)
  0x00007a0833fff932:   je     0x00007a0833fff940
  0x00007a0833fff934:   add    $0x2,%r10
  0x00007a0833fff938:   cmp    $0x65,%r10
  0x00007a0833fff93c:   jne    0x00007a0833fff92d
  0x00007a0833fff93e:   jmp    0x00007a0833fff952
  0x00007a0833fff940:   push   %rcx
  0x00007a0833fff941:   mov    %rax,%rcx
  0x00007a0833fff944:   xor    %rax,%rax
  0x00007a0833fff947:   cmpxchg %rcx,(%rbx,%r10,8)
  0x00007a0833fff94c:   mov    %rcx,%rax
  0x00007a0833fff94f:   pop    %rcx
  0x00007a0833fff950:   jmp    0x00007a0833fff911
  0x00007a0833fff952:   mov    $0x60,%r10d
  0x00007a0833fff958:   jmp    0x00007a0833fff95e
  0x00007a0833fff95a:   add    $0x1,%r10
  0x00007a0833fff95e:   addq   $0x1,(%rbx,%r10,8)
  0x00007a0833fff963:   movabs $0x8e174d58,%rax             ;   {metadata(&apos;java/lang/Object&apos;[])}
  0x00007a0833fff96d:   mov    0x8(%rdi),%ebx
  0x00007a0833fff970:   mov    $0x8e000000,%r10d
  0x00007a0833fff976:   add    %r10,%rbx
  0x00007a0833fff979:   cmp    0x38(%rbx),%rax
  0x00007a0833fff97d:   jne    0x00007a0833fff988
  0x00007a0833fff983:   jmp    0x00007a0833fff98d
  0x00007a0833fff988:   xor    %rdx,%rdx
  0x00007a0833fff98b:   jmp    0x00007a0833fff992
  0x00007a0833fff98d:   mov    $0x1,%edx                    ;*instanceof {reexecute=0 rethrow=0 return_oop=0}
                                                            ; - java.lang.invoke.MemberName::getMethodType@103 (line 143)
  0x00007a0833fff992:   test   %edx,%edx
  0x00007a0833fff994:   movabs $0x7a07ec267570,%rdx         ;   {metadata(method data for {method} {0x000000008e205360} &apos;getMethodType&apos; &apos;()Ljava/lang/invoke/MethodType;&apos; in &apos;java/lang/invoke/MemberName&apos;)}
  0x00007a0833fff99e:   mov    $0x330,%ecx
  0x00007a0833fff9a3:   je     0x00007a0833fff9aa
  0x00007a0833fff9a5:   mov    $0x340,%ecx
  0x00007a0833fff9aa:   mov    (%rdx,%rcx,1),%rbx
  0x00007a0833fff9ae:   lea    0x1(%rbx),%rbx
  0x00007a0833fff9b2:   mov    %rbx,(%rdx,%rcx,1)
  0x00007a0833fff9b6:   je     0x00007a0833fffc15           ;*ifeq {reexecute=0 rethrow=0 return_oop=0}
                                                            ; - java.lang.invoke.MemberName::getMethodType@106 (line 143)
  0x00007a0833fff9bc:   test   %rdi,%rdi
  0x00007a0833fff9bf:   movabs $0x7a07ec267570,%rdx         ;   {metadata(method data for {method} {0x000000008e205360} &apos;getMethodType&apos; &apos;()Ljava/lang/invoke/MethodType;&apos; in &apos;java/lang/invoke/MemberName&apos;)}
  0x00007a0833fff9c9:   jne    0x00007a0833fff9d7
  0x00007a0833fff9cb:   orb    $0x1,0x349(%rdx)
  0x00007a0833fff9d2:   jmp    0x00007a0833fffa54
  0x00007a0833fff9d7:   mov    0x8(%rdi),%ebx
  0x00007a0833fff9da:   mov    $0x8e000000,%r10d
  0x00007a0833fff9e0:   add    %r10,%rbx
  0x00007a0833fff9e3:   mov    $0x6b,%r10d
  0x00007a0833fff9e9:   cmp    (%rdx,%r10,8),%rbx
  0x00007a0833fff9ed:   je     0x00007a0833fffa26
  0x00007a0833fff9ef:   add    $0x2,%r10
  0x00007a0833fff9f3:   cmp    $0x6f,%r10
  0x00007a0833fff9f7:   jne    0x00007a0833fff9e9
  0x00007a0833fff9f9:   mov    $0x6b,%r10d
  0x00007a0833fff9ff:   cmpq   $0x0,(%rdx,%r10,8)
  0x00007a0833fffa04:   je     0x00007a0833fffa12
  0x00007a0833fffa06:   add    $0x2,%r10
  0x00007a0833fffa0a:   cmp    $0x6f,%r10
  0x00007a0833fffa0e:   jne    0x00007a0833fff9ff
  0x00007a0833fffa10:   jmp    0x00007a0833fffa1e
  0x00007a0833fffa12:   push   %rax
  0x00007a0833fffa13:   xor    %rax,%rax
  0x00007a0833fffa16:   cmpxchg %rbx,(%rdx,%r10,8)
  0x00007a0833fffa1b:   pop    %rax
  0x00007a0833fffa1c:   jmp    0x00007a0833fff9e3
  0x00007a0833fffa1e:   mov    $0x6a,%r10d
  0x00007a0833fffa24:   jmp    0x00007a0833fffa2a
  0x00007a0833fffa26:   add    $0x1,%r10
  0x00007a0833fffa2a:   addq   $0x1,(%rdx,%r10,8)
  0x00007a0833fffa2f:   movabs $0x8e174d58,%rbx             ;   {metadata(&apos;java/lang/Object&apos;[])}
  0x00007a0833fffa39:   mov    0x8(%rdi),%edx
  0x00007a0833fffa3c:   mov    $0x8e000000,%r10d
  0x00007a0833fffa42:   add    %r10,%rdx
  0x00007a0833fffa45:   cmp    0x38(%rdx),%rbx
  0x00007a0833fffa49:   jne    0x00007a0834000069
  0x00007a0833fffa4f:   jmp    0x00007a0833fffa54
  0x00007a0833fffa54:   mov    %rdi,%rdx                    ;*checkcast {reexecute=0 rethrow=0 return_oop=0}
                                                            ; - java.lang.invoke.MemberName::getMethodType@111 (line 143)
  0x00007a0833fffa57:   cmpl   $0x1,0xc(%rdx)               ; implicit exception: dispatches to 0x00007a0834000072
  0x00007a0833fffa5b:   jbe    0x00007a083400007c
  0x00007a0833fffa61:   mov    0x14(%rdx),%ecx
  0x00007a0833fffa64:   shl    $0x3,%rcx                    ;*aaload {reexecute=0 rethrow=0 return_oop=0}
                                                            ; - java.lang.invoke.MemberName::getMethodType@117 (line 144)
  0x00007a0833fffa68:   test   %rcx,%rcx
  0x00007a0833fffa6b:   movabs $0x7a07ec267570,%rbx         ;   {metadata(method data for {method} {0x000000008e205360} &apos;getMethodType&apos; &apos;()Ljava/lang/invoke/MethodType;&apos; in &apos;java/lang/invoke/MemberName&apos;)}
  0x00007a0833fffa75:   jne    0x00007a0833fffa83
  0x00007a0833fffa77:   orb    $0x1,0x379(%rbx)
  0x00007a0833fffa7e:   jmp    0x00007a0833fffb06
  0x00007a0833fffa83:   mov    0x8(%rcx),%eax
  0x00007a0833fffa86:   mov    $0x8e000000,%r10d
  0x00007a0833fffa8c:   add    %r10,%rax
  0x00007a0833fffa8f:   mov    $0x71,%r10d
  0x00007a0833fffa95:   cmp    (%rbx,%r10,8),%rax
  0x00007a0833fffa99:   je     0x00007a0833fffad8
  0x00007a0833fffa9b:   add    $0x2,%r10
  0x00007a0833fffa9f:   cmp    $0x75,%r10
  0x00007a0833fffaa3:   jne    0x00007a0833fffa95
  0x00007a0833fffaa5:   mov    $0x71,%r10d
  0x00007a0833fffaab:   cmpq   $0x0,(%rbx,%r10,8)
  0x00007a0833fffab0:   je     0x00007a0833fffabe
  0x00007a0833fffab2:   add    $0x2,%r10
  0x00007a0833fffab6:   cmp    $0x75,%r10
  0x00007a0833fffaba:   jne    0x00007a0833fffaab
  0x00007a0833fffabc:   jmp    0x00007a0833fffad0
  0x00007a0833fffabe:   push   %rcx
  0x00007a0833fffabf:   mov    %rax,%rcx
  0x00007a0833fffac2:   xor    %rax,%rax
  0x00007a0833fffac5:   cmpxchg %rcx,(%rbx,%r10,8)
  0x00007a0833fffaca:   mov    %rcx,%rax
  0x00007a0833fffacd:   pop    %rcx
  0x00007a0833ffface:   jmp    0x00007a0833fffa8f
  0x00007a0833fffad0:   mov    $0x70,%r10d
  0x00007a0833fffad6:   jmp    0x00007a0833fffadc
  0x00007a0833fffad8:   add    $0x1,%r10
  0x00007a0833fffadc:   addq   $0x1,(%rbx,%r10,8)
  0x00007a0833fffae1:   movabs $0x8e1882e8,%rax             ;   {metadata(&apos;java/lang/Class&apos;[])}
  0x00007a0833fffaeb:   mov    0x8(%rcx),%ebx
  0x00007a0833fffaee:   mov    $0x8e000000,%r10d
  0x00007a0833fffaf4:   add    %r10,%rbx
  0x00007a0833fffaf7:   cmp    0x40(%rbx),%rax
  0x00007a0833fffafb:   jne    0x00007a083400008e
  0x00007a0833fffb01:   jmp    0x00007a0833fffb06           ;*checkcast {reexecute=0 rethrow=0 return_oop=0}
                                                            ; - java.lang.invoke.MemberName::getMethodType@118 (line 144)
  0x00007a0833fffb06:   mov    0x10(%rdx),%edx
  0x00007a0833fffb09:   shl    $0x3,%rdx                    ;*aaload {reexecute=0 rethrow=0 return_oop=0}
                                                            ; - java.lang.invoke.MemberName::getMethodType@125 (line 145)
  0x00007a0833fffb0d:   test   %rdx,%rdx
  0x00007a0833fffb10:   movabs $0x7a07ec267570,%rbx         ;   {metadata(method data for {method} {0x000000008e205360} &apos;getMethodType&apos; &apos;()Ljava/lang/invoke/MethodType;&apos; in &apos;java/lang/invoke/MemberName&apos;)}
  0x00007a0833fffb1a:   jne    0x00007a0833fffb28
  0x00007a0833fffb1c:   orb    $0x1,0x3a9(%rbx)
  0x00007a0833fffb23:   jmp    0x00007a0833fffbaa
  0x00007a0833fffb28:   mov    0x8(%rdx),%eax
  0x00007a0833fffb2b:   mov    $0x8e000000,%r10d
  0x00007a0833fffb31:   add    %r10,%rax
  0x00007a0833fffb34:   mov    $0x77,%r10d
  0x00007a0833fffb3a:   cmp    (%rbx,%r10,8),%rax
  0x00007a0833fffb3e:   je     0x00007a0833fffb7d
  0x00007a0833fffb40:   add    $0x2,%r10
  0x00007a0833fffb44:   cmp    $0x7b,%r10
  0x00007a0833fffb48:   jne    0x00007a0833fffb3a
  0x00007a0833fffb4a:   mov    $0x77,%r10d
  0x00007a0833fffb50:   cmpq   $0x0,(%rbx,%r10,8)
  0x00007a0833fffb55:   je     0x00007a0833fffb63
  0x00007a0833fffb57:   add    $0x2,%r10
  0x00007a0833fffb5b:   cmp    $0x7b,%r10
  0x00007a0833fffb5f:   jne    0x00007a0833fffb50
  0x00007a0833fffb61:   jmp    0x00007a0833fffb75
  0x00007a0833fffb63:   push   %rcx
  0x00007a0833fffb64:   mov    %rax,%rcx
  0x00007a0833fffb67:   xor    %rax,%rax
  0x00007a0833fffb6a:   cmpxchg %rcx,(%rbx,%r10,8)
  0x00007a0833fffb6f:   mov    %rcx,%rax
  0x00007a0833fffb72:   pop    %rcx
  0x00007a0833fffb73:   jmp    0x00007a0833fffb34
  0x00007a0833fffb75:   mov    $0x76,%r10d
  0x00007a0833fffb7b:   jmp    0x00007a0833fffb81
  0x00007a0833fffb7d:   add    $0x1,%r10
  0x00007a0833fffb81:   addq   $0x1,(%rbx,%r10,8)
  0x00007a0833fffb86:   movabs $0x8e185f88,%rax             ;   {metadata(&apos;java/lang/Class&apos;)}
  0x00007a0833fffb90:   mov    0x8(%rdx),%edi
  0x00007a0833fffb93:   mov    $0x8e000000,%r10d
  0x00007a0833fffb99:   add    %r10,%rdi
  0x00007a0833fffb9c:   cmp    %rdi,%rax
  0x00007a0833fffb9f:   jne    0x00007a0834000097
  0x00007a0833fffba5:   jmp    0x00007a0833fffbaa           ;*checkcast {reexecute=0 rethrow=0 return_oop=0}
                                                            ; - java.lang.invoke.MemberName::getMethodType@126 (line 145)
  0x00007a0833fffbaa:   movabs $0x7a07ec267570,%rdi         ;   {metadata(method data for {method} {0x000000008e205360} &apos;getMethodType&apos; &apos;()Ljava/lang/invoke/MethodType;&apos; in &apos;java/lang/invoke/MemberName&apos;)}
  0x00007a0833fffbb4:   addq   $0x1,0x3e0(%rdi)
  0x00007a0833fffbbc:   mov    %rdx,%rsi
  0x00007a0833fffbbf:   mov    %rcx,%rdx
  0x00007a0833fffbc2:   mov    $0x1,%ecx                    ;*invokestatic methodType {reexecute=0 rethrow=0 return_oop=0}
                                                            ; - java.lang.invoke.MemberName::getMethodType@136 (line 146)
  0x00007a0833fffbc7:   call   0x00007a083b4adfe0           ; ImmutableOopMap {[88]=Oop [112]=Oop }
                                                            ;*invokestatic methodType {reexecute=0 rethrow=0 return_oop=0}
                                                            ; - java.lang.invoke.MemberName::getMethodType@136 (line 146)
                                                            ;   {static_call}
  0x00007a0833fffbcc:   nopl   0x2000bc4(%rax,%rax,1)       ;*invokestatic methodType {reexecute=0 rethrow=0 return_oop=0}
                                                            ; - java.lang.invoke.MemberName::getMethodType@136 (line 146)
                                                            ;   {post_call_nop}
  0x00007a0833fffbd4:   movsbl 0x48(%r15),%edx
  0x00007a0833fffbd9:   test   %edx,%edx
  0x00007a0833fffbdb:   mov    0x58(%rsp),%rsi
  0x00007a0833fffbe0:   jne    0x00007a08340000a0
  0x00007a0833fffbe6:   mov    %rax,%r10
  0x00007a0833fffbe9:   shr    $0x3,%r10
  0x00007a0833fffbed:   mov    %r10d,0x20(%rsi)
  0x00007a0833fffbf1:   mov    %rsi,%rdi
  0x00007a0833fffbf4:   xor    %rax,%rdi
  0x00007a0833fffbf7:   shr    $0x17,%rdi
  0x00007a0833fffbfb:   je     0x00007a0833fffc15
  0x00007a0833fffbfd:   test   %rax,%rax
  0x00007a0833fffc00:   je     0x00007a0833fffc15
  0x00007a0833fffc02:   mov    %rsi,%rdi
  0x00007a0833fffc05:   shr    $0x9,%rdi
  0x00007a0833fffc09:   add    0x50(%r15),%rdi
  0x00007a0833fffc0d:   cmpb   $0xff,(%rdi)
  0x00007a0833fffc10:   jne    0x00007a0833fffc15
  0x00007a0833fffc12:   movb   $0x0,(%rdi)                  ;*putfield type {reexecute=0 rethrow=0 return_oop=0}
                                                            ; - java.lang.invoke.MemberName::getMethodType@144 (line 147)
  0x00007a0833fffc15:   movabs $0x7a07ec267570,%rax         ;   {metadata(method data for {method} {0x000000008e205360} &apos;getMethodType&apos; &apos;()Ljava/lang/invoke/MethodType;&apos; in &apos;java/lang/invoke/MemberName&apos;)}
  0x00007a0833fffc1f:   incl   0x3f0(%rax)                  ;*ifne {reexecute=0 rethrow=0 return_oop=0}
                                                            ; - java.lang.invoke.MemberName::getMethodType@150 (line 150)
  0x00007a0833fffc25:   lea    0x68(%rsp),%rax
  0x00007a0833fffc2a:   mov    0x8(%rax),%rdi
  0x00007a0833fffc2e:   mov    0x7c0(%r15),%edx
  0x00007a0833fffc35:   cmp    -0x8(%r15,%rdx,1),%rdi
  0x00007a0833fffc3a:   jne    0x00007a08340000be
  0x00007a0833fffc40:   subl   $0x8,0x7c0(%r15)
  0x00007a0833fffc48:   cmp    -0x10(%r15,%rdx,1),%rdi
  0x00007a0833fffc4d:   je     0x00007a0833fffc7d
  0x00007a0833fffc53:   mov    (%rdi),%rax
  0x00007a0833fffc56:   test   $0x2,%al
  0x00007a0833fffc58:   jne    0x00007a0833fffc70
  0x00007a0833fffc5e:   mov    %rax,%rdx
  0x00007a0833fffc61:   or     $0x1,%rdx
  0x00007a0833fffc65:   lock cmpxchg %rdx,(%rdi)
  0x00007a0833fffc6a:   je     0x00007a0833fffc7d
  0x00007a0833fffc70:   addl   $0x8,0x7c0(%r15)
  0x00007a0833fffc78:   jmp    0x00007a08340000be           ;*monitorexit {reexecute=0 rethrow=0 return_oop=0}
                                                            ; - java.lang.invoke.MemberName::getMethodType@194 (line 151)
  0x00007a0833fffc7d:   movabs $0x7a07ec267570,%rax         ;   {metadata(method data for {method} {0x000000008e205360} &apos;getMethodType&apos; &apos;()Ljava/lang/invoke/MethodType;&apos; in &apos;java/lang/invoke/MemberName&apos;)}
  0x00007a0833fffc87:   incl   0x510(%rax)                  ;*goto {reexecute=0 rethrow=0 return_oop=0}
                                                            ; - java.lang.invoke.MemberName::getMethodType@195 (line 151)
  0x00007a0833fffc8d:   mov    0x20(%rsi),%eax
  0x00007a0833fffc90:   shl    $0x3,%rax                    ;*getfield type {reexecute=0 rethrow=0 return_oop=0}
                                                            ; - java.lang.invoke.MemberName::getMethodType@206 (line 152)
  0x00007a0833fffc94:   test   %rax,%rax
  0x00007a0833fffc97:   movabs $0x7a07ec267570,%rsi         ;   {metadata(method data for {method} {0x000000008e205360} &apos;getMethodType&apos; &apos;()Ljava/lang/invoke/MethodType;&apos; in &apos;java/lang/invoke/MemberName&apos;)}
  0x00007a0833fffca1:   jne    0x00007a0833fffcaf
  0x00007a0833fffca3:   orb    $0x1,0x521(%rsi)
  0x00007a0833fffcaa:   jmp    0x00007a0833fffd31
  0x00007a0833fffcaf:   mov    0x8(%rax),%edi
  0x00007a0833fffcb2:   mov    $0x8e000000,%r10d
  0x00007a0833fffcb8:   add    %r10,%rdi
  0x00007a0833fffcbb:   mov    $0xa6,%r10d
  0x00007a0833fffcc1:   cmp    (%rsi,%r10,8),%rdi
  0x00007a0833fffcc5:   je     0x00007a0833fffd04
  0x00007a0833fffcc7:   add    $0x2,%r10
  0x00007a0833fffccb:   cmp    $0xaa,%r10
  0x00007a0833fffcd2:   jne    0x00007a0833fffcc1
  0x00007a0833fffcd4:   mov    $0xa6,%r10d
  0x00007a0833fffcda:   cmpq   $0x0,(%rsi,%r10,8)
  0x00007a0833fffcdf:   je     0x00007a0833fffcf0
  0x00007a0833fffce1:   add    $0x2,%r10
  0x00007a0833fffce5:   cmp    $0xaa,%r10
  0x00007a0833fffcec:   jne    0x00007a0833fffcda
  0x00007a0833fffcee:   jmp    0x00007a0833fffcfc
  0x00007a0833fffcf0:   push   %rax
  0x00007a0833fffcf1:   xor    %rax,%rax
  0x00007a0833fffcf4:   cmpxchg %rdi,(%rsi,%r10,8)
  0x00007a0833fffcf9:   pop    %rax
  0x00007a0833fffcfa:   jmp    0x00007a0833fffcbb
  0x00007a0833fffcfc:   mov    $0xa5,%r10d
  0x00007a0833fffd02:   jmp    0x00007a0833fffd08
  0x00007a0833fffd04:   add    $0x1,%r10
  0x00007a0833fffd08:   addq   $0x1,(%rsi,%r10,8)
  0x00007a0833fffd0d:   movabs $0x8e1f4790,%rdi             ;   {metadata(&apos;java/lang/invoke/MethodType&apos;)}
  0x00007a0833fffd17:   mov    0x8(%rax),%edx
  0x00007a0833fffd1a:   mov    $0x8e000000,%r10d
  0x00007a0833fffd20:   add    %r10,%rdx
  0x00007a0833fffd23:   cmp    %rdx,%rdi
  0x00007a0833fffd26:   jne    0x00007a08340000d1
  0x00007a0833fffd2c:   jmp    0x00007a0833fffd31           ;*checkcast {reexecute=0 rethrow=0 return_oop=0}
                                                            ; - java.lang.invoke.MemberName::getMethodType@209 (line 152)
  0x00007a0833fffd31:   add    $0x80,%rsp
  0x00007a0833fffd38:   pop    %rbp
  0x00007a0833fffd39:   cmp    0x28(%r15),%rsp              ;   {poll_return}
  0x00007a0833fffd3d:   ja     0x00007a08340000da
  0x00007a0833fffd43:   ret                                 ;*areturn {reexecute=0 rethrow=0 return_oop=0}
                                                            ; - java.lang.invoke.MemberName::getMethodType@212 (line 152)
  0x00007a0833fffd44:   test   %rdi,%rdi
  0x00007a0833fffd47:   movabs $0x7a07ec267570,%rsi         ;   {metadata(method data for {method} {0x000000008e205360} &apos;getMethodType&apos; &apos;()Ljava/lang/invoke/MethodType;&apos; in &apos;java/lang/invoke/MemberName&apos;)}
  0x00007a0833fffd51:   jne    0x00007a0833fffd5f
  0x00007a0833fffd53:   orb    $0x1,0x1f1(%rsi)
  0x00007a0833fffd5a:   jmp    0x00007a0833fffde1
  0x00007a0833fffd5f:   mov    0x8(%rdi),%eax
  0x00007a0833fffd62:   mov    $0x8e000000,%r10d
  0x00007a0833fffd68:   add    %r10,%rax
  0x00007a0833fffd6b:   mov    $0x40,%r10d
  0x00007a0833fffd71:   cmp    (%rsi,%r10,8),%rax
  0x00007a0833fffd75:   je     0x00007a0833fffdb4
  0x00007a0833fffd77:   add    $0x2,%r10
  0x00007a0833fffd7b:   cmp    $0x44,%r10
  0x00007a0833fffd7f:   jne    0x00007a0833fffd71
  0x00007a0833fffd81:   mov    $0x40,%r10d
  0x00007a0833fffd87:   cmpq   $0x0,(%rsi,%r10,8)
  0x00007a0833fffd8c:   je     0x00007a0833fffd9a
  0x00007a0833fffd8e:   add    $0x2,%r10
  0x00007a0833fffd92:   cmp    $0x44,%r10
  0x00007a0833fffd96:   jne    0x00007a0833fffd87
  0x00007a0833fffd98:   jmp    0x00007a0833fffdac
  0x00007a0833fffd9a:   push   %rbx
  0x00007a0833fffd9b:   mov    %rax,%rbx
  0x00007a0833fffd9e:   xor    %rax,%rax
  0x00007a0833fffda1:   cmpxchg %rbx,(%rsi,%r10,8)
  0x00007a0833fffda6:   mov    %rbx,%rax
  0x00007a0833fffda9:   pop    %rbx
  0x00007a0833fffdaa:   jmp    0x00007a0833fffd6b
  0x00007a0833fffdac:   mov    $0x3f,%r10d
  0x00007a0833fffdb2:   jmp    0x00007a0833fffdb8
  0x00007a0833fffdb4:   add    $0x1,%r10
  0x00007a0833fffdb8:   addq   $0x1,(%rsi,%r10,8)
  0x00007a0833fffdbd:   movabs $0x8e1f4790,%rax             ;   {metadata(&apos;java/lang/invoke/MethodType&apos;)}
  0x00007a0833fffdc7:   mov    0x8(%rdi),%edx
  0x00007a0833fffdca:   mov    $0x8e000000,%r10d
  0x00007a0833fffdd0:   add    %r10,%rdx
  0x00007a0833fffdd3:   cmp    %rdx,%rax
  0x00007a0833fffdd6:   jne    0x00007a08340000f0
  0x00007a0833fffddc:   jmp    0x00007a0833fffde1
  0x00007a0833fffde1:   mov    %rdi,%rax                    ;*checkcast {reexecute=0 rethrow=0 return_oop=0}
                                                            ; - java.lang.invoke.MemberName::getMethodType@46 (line 133)
  0x00007a0833fffde4:   add    $0x80,%rsp
  0x00007a0833fffdeb:   pop    %rbp
  0x00007a0833fffdec:   cmp    0x28(%r15),%rsp              ;   {poll_return}
  0x00007a0833fffdf0:   ja     0x00007a08340000f9
  0x00007a0833fffdf6:   ret                                 ;*areturn {reexecute=0 rethrow=0 return_oop=0}
                                                            ; - java.lang.invoke.MemberName::getMethodType@51 (line 134)
  0x00007a0833fffdf7:   movabs $0x0,%rax                    ;   {oop(nullptr)}
  0x00007a0833fffe01:   add    $0x80,%rsp
  0x00007a0833fffe08:   pop    %rbp
  0x00007a0833fffe09:   cmp    0x28(%r15),%rsp              ;   {poll_return}
  0x00007a0833fffe0d:   ja     0x00007a083400010f
  0x00007a0833fffe13:   ret                                 ;*areturn {reexecute=0 rethrow=0 return_oop=0}
                                                            ; - java.lang.invoke.MemberName::getMethodType@19 (line 123)
  0x00007a0833fffe14:   movabs $0x7a07ec267570,%rdx         ;   {metadata(method data for {method} {0x000000008e205360} &apos;getMethodType&apos; &apos;()Ljava/lang/invoke/MethodType;&apos; in &apos;java/lang/invoke/MemberName&apos;)}
  0x00007a0833fffe1e:   addq   $0x1,0x198(%rdx)
  0x00007a0833fffe26:   movabs $0x7a07ec267248,%rdx         ;   {metadata(method data for {method} {0x000000008e481328} &apos;newIllegalArgumentException&apos; &apos;(Ljava/lang/String;)Ljava/lang/RuntimeException;&apos; in &apos;java/lang/invoke/MethodHandleStatics&apos;)}
  0x00007a0833fffe30:   mov    0x90(%rdx),%esi
  0x00007a0833fffe36:   add    $0x2,%esi
  0x00007a0833fffe39:   mov    %esi,0x90(%rdx)
  0x00007a0833fffe3f:   and    $0x1ffffe,%esi
  0x00007a0833fffe45:   test   %esi,%esi
  0x00007a0833fffe47:   je     0x00007a0834000125
  0x00007a0833fffe4d:   data16 xchg %ax,%ax
  0x00007a0833fffe50:   jmp    0x00007a0834000155           ;   {other}
  0x00007a0833fffe55:   add    %al,(%rax)
  0x00007a0833fffe57:   add    %al,(%rax)
  0x00007a0833fffe59:   add    %cl,-0x75(%rcx)
  0x00007a0833fffe5c:   xchg   %esi,0x48000001(%rax)
  0x00007a0833fffe62:   lea    0x28(%rax),%edi
  0x00007a0833fffe65:   cmp    0x1c0(%r15),%rdi
  0x00007a0833fffe6c:   ja     0x00007a083400015f
  0x00007a0833fffe72:   mov    %rdi,0x1b0(%r15)
  0x00007a0833fffe79:   movq   $0x1,(%rax)
  0x00007a0833fffe80:   mov    %rdx,%rcx
  0x00007a0833fffe83:   mov    $0x8e000000,%r10d
  0x00007a0833fffe89:   sub    %r10,%rcx
  0x00007a0833fffe8c:   mov    %ecx,0x8(%rax)
  0x00007a0833fffe8f:   xor    %rcx,%rcx
  0x00007a0833fffe92:   mov    %ecx,0xc(%rax)
  0x00007a0833fffe95:   xor    %rcx,%rcx
  0x00007a0833fffe98:   mov    %rcx,0x10(%rax)
  0x00007a0833fffe9c:   mov    %rcx,0x18(%rax)
  0x00007a0833fffea0:   mov    %rcx,0x20(%rax)              ;*new {reexecute=0 rethrow=0 return_oop=0}
                                                            ; - java.lang.invoke.MethodHandleStatics::newIllegalArgumentException@0 (line 177)
                                                            ; - java.lang.invoke.MemberName::getMethodType@29 (line 127)
  0x00007a0833fffea4:   mov    %rax,%rdx
  0x00007a0833fffea7:   movabs $0x7a07ec267248,%rsi         ;   {metadata(method data for {method} {0x000000008e481328} &apos;newIllegalArgumentException&apos; &apos;(Ljava/lang/String;)Ljava/lang/RuntimeException;&apos; in &apos;java/lang/invoke/MethodHandleStatics&apos;)}
  0x00007a0833fffeb1:   addq   $0x1,0xd8(%rsi)
  0x00007a0833fffeb9:   movabs $0x7ff8549b8,%rdx            ;   {oop(&quot;not invocable, no method type&quot;{0x00000007ff8549b8})}
  0x00007a0833fffec3:   mov    %rax,%rsi                    ;*invokespecial &lt;init&gt; {reexecute=0 rethrow=0 return_oop=0}
                                                            ; - java.lang.invoke.MethodHandleStatics::newIllegalArgumentException@5 (line 177)
                                                            ; - java.lang.invoke.MemberName::getMethodType@29 (line 127)
  0x00007a0833fffec6:   mov    %rax,0x60(%rsp)
  0x00007a0833fffecb:   nopl   0x0(%rax)
  0x00007a0833fffecf:   call   0x00007a083b4ad9e0           ; ImmutableOopMap {[96]=Oop }
                                                            ;*invokespecial &lt;init&gt; {reexecute=0 rethrow=0 return_oop=0}
                                                            ; - java.lang.invoke.MethodHandleStatics::newIllegalArgumentException@5 (line 177)
                                                            ; - java.lang.invoke.MemberName::getMethodType@29 (line 127)
                                                            ;   {optimized virtual_call}
  0x00007a0833fffed4:   nopl   0x3000ecc(%rax,%rax,1)       ;*invokespecial &lt;init&gt; {reexecute=0 rethrow=0 return_oop=0}
                                                            ; - java.lang.invoke.MethodHandleStatics::newIllegalArgumentException@5 (line 177)
                                                            ; - java.lang.invoke.MemberName::getMethodType@29 (line 127)
                                                            ;   {post_call_nop}
  0x00007a0833fffedc:   mov    0x60(%rsp),%rax
  0x00007a0833fffee1:   jmp    0x00007a083400019c           ;*athrow {reexecute=0 rethrow=0 return_oop=0}
                                                            ; - java.lang.invoke.MemberName::getMethodType@32 (line 127)
  0x00007a0833fffee6:   mov    0x5c0(%r15),%rax
  0x00007a0833fffeed:   xor    %r10,%r10
  0x00007a0833fffef0:   mov    %r10,0x5c0(%r15)
  0x00007a0833fffef7:   xor    %r10,%r10
  0x00007a0833fffefa:   mov    %r10,0x5c8(%r15)
  0x00007a0833ffff01:   mov    %rax,%rsi
  0x00007a0833ffff04:   lea    0x68(%rsp),%rax
  0x00007a0833ffff09:   mov    0x8(%rax),%rbx
  0x00007a0833ffff0d:   mov    0x7c0(%r15),%edi
  0x00007a0833ffff14:   cmp    -0x8(%r15,%rdi,1),%rbx
  0x00007a0833ffff19:   jne    0x00007a083400016c
  0x00007a0833ffff1f:   subl   $0x8,0x7c0(%r15)
  0x00007a0833ffff27:   cmp    -0x10(%r15,%rdi,1),%rbx
  0x00007a0833ffff2c:   je     0x00007a0833ffff5c
  0x00007a0833ffff32:   mov    (%rbx),%rax
  0x00007a0833ffff35:   test   $0x2,%al
  0x00007a0833ffff37:   jne    0x00007a0833ffff4f
  0x00007a0833ffff3d:   mov    %rax,%rdi
  0x00007a0833ffff40:   or     $0x1,%rdi
  0x00007a0833ffff44:   lock cmpxchg %rdi,(%rbx)
  0x00007a0833ffff49:   je     0x00007a0833ffff5c
  0x00007a0833ffff4f:   addl   $0x8,0x7c0(%r15)
  0x00007a0833ffff57:   jmp    0x00007a083400016c           ;*monitorexit {reexecute=0 rethrow=0 return_oop=0}
                                                            ; - java.lang.invoke.MemberName::getMethodType@201 (line 151)
  0x00007a0833ffff5c:   mov    %rsi,%rax
  0x00007a0833ffff5f:   jmp    0x00007a083400019c
  0x00007a0833ffff64:   movabs $0x8e205360,%r10             ;   {metadata({method} {0x000000008e205360} &apos;getMethodType&apos; &apos;()Ljava/lang/invoke/MethodType;&apos; in &apos;java/lang/invoke/MemberName&apos;)}
  0x00007a0833ffff6e:   mov    %r10,0x8(%rsp)
  0x00007a0833ffff73:   movq   $0xffffffffffffffff,(%rsp)
  0x00007a0833ffff7b:   call   0x00007a083b583460           ; ImmutableOopMap {rsi=Oop [88]=Oop }
                                                            ;*synchronization entry
                                                            ; - java.lang.invoke.MemberName::getMethodType@-1 (line 120)
                                                            ;   {runtime_call counter_overflow_blob (C1 runtime)}
  0x00007a0833ffff80:   jmp    0x00007a0833fff16b
  0x00007a0833ffff85:   movabs $0x8e205780,%r10             ;   {metadata({method} {0x000000008e205780} &apos;expandFromVM&apos; &apos;()V&apos; in &apos;java/lang/invoke/MemberName&apos;)}
  0x00007a0833ffff8f:   mov    %r10,0x8(%rsp)
  0x00007a0833ffff94:   movq   $0xffffffffffffffff,(%rsp)
  0x00007a0833ffff9c:   call   0x00007a083b583460           ; ImmutableOopMap {rsi=Oop rdi=Oop [88]=Oop }
                                                            ;*synchronization entry
                                                            ; - java.lang.invoke.MemberName::expandFromVM@-1 (line 506)
                                                            ; - java.lang.invoke.MemberName::getMethodType@8 (line 121)
                                                            ;   {runtime_call counter_overflow_blob (C1 runtime)}
  0x00007a0833ffffa1:   jmp    0x00007a0833fff1d8
  0x00007a0833ffffa6:   movabs $0x8e205258,%r10             ;   {metadata({method} {0x000000008e205258} &apos;isResolved&apos; &apos;()Z&apos; in &apos;java/lang/invoke/MemberName&apos;)}
  0x00007a0833ffffb0:   mov    %r10,0x8(%rsp)
  0x00007a0833ffffb5:   movq   $0xffffffffffffffff,(%rsp)
  0x00007a0833ffffbd:   call   0x00007a083b583460           ; ImmutableOopMap {rsi=Oop [88]=Oop }
                                                            ;*synchronization entry
                                                            ; - java.lang.invoke.MemberName::isResolved@-1 (line 793)
                                                            ; - java.lang.invoke.MemberName::expandFromVM@9 (line 509)
                                                            ; - java.lang.invoke.MemberName::getMethodType@8 (line 121)
                                                            ;   {runtime_call counter_overflow_blob (C1 runtime)}
  0x00007a0833ffffc2:   jmp    0x00007a0833fff28f
  0x00007a0833ffffc7:   movabs $0x8e205518,%r10             ;   {metadata({method} {0x000000008e205518} &apos;isInvocable&apos; &apos;()Z&apos; in &apos;java/lang/invoke/MemberName&apos;)}
  0x00007a0833ffffd1:   mov    %r10,0x8(%rsp)
  0x00007a0833ffffd6:   movq   $0xffffffffffffffff,(%rsp)
  0x00007a0833ffffde:   call   0x00007a083b583460           ; ImmutableOopMap {rsi=Oop [88]=Oop }
                                                            ;*synchronization entry
                                                            ; - java.lang.invoke.MemberName::isInvocable@-1 (line 449)
                                                            ; - java.lang.invoke.MemberName::getMethodType@21 (line 126)
                                                            ;   {runtime_call counter_overflow_blob (C1 runtime)}
  0x00007a0833ffffe3:   jmp    0x00007a0833fff3fd
  0x00007a0833ffffe8:   movabs $0x8e205b48,%r10             ;   {metadata({method} {0x000000008e205b48} &apos;anyFlagSet&apos; &apos;(I)Z&apos; in &apos;java/lang/invoke/MemberName&apos;)}
  0x00007a0833fffff2:   mov    %r10,0x8(%rsp)
  0x00007a0833fffff7:   movq   $0xffffffffffffffff,(%rsp)
  0x00007a0833ffffff:   call   0x00007a083b583460           ; ImmutableOopMap {rsi=Oop [88]=Oop }
                                                            ;*synchronization entry
                                                            ; - java.lang.invoke.MemberName::anyFlagSet@-1 (line 335)
                                                            ; - java.lang.invoke.MemberName::isInvocable@4 (line 449)
                                                            ; - java.lang.invoke.MemberName::getMethodType@21 (line 126)
                                                            ;   {runtime_call counter_overflow_blob (C1 runtime)}
  0x00007a0834000004:   jmp    0x00007a0833fff439
  0x00007a0834000009:   mov    %rsi,0x8(%rsp)
  0x00007a083400000e:   mov    %rdx,(%rsp)
  0x00007a0834000012:   call   0x00007a083b5807e0           ; ImmutableOopMap {rsi=Oop [88]=Oop [112]=Oop }
                                                            ;*monitorenter {reexecute=0 rethrow=0 return_oop=0}
                                                            ; - java.lang.invoke.MemberName::getMethodType@55 (line 139)
                                                            ;   {runtime_call monitorenter_nofpu_blob (C1 runtime)}
  0x00007a0834000017:   jmp    0x00007a0833fff5e9
  0x00007a083400001c:   mov    %rdi,(%rsp)
  0x00007a0834000020:   call   0x00007a083b57f8e0           ; ImmutableOopMap {rsi=Oop [88]=Oop [112]=Oop }
                                                            ;*checkcast {reexecute=0 rethrow=0 return_oop=0}
                                                            ; - java.lang.invoke.MemberName::getMethodType@72 (line 140)
                                                            ;   {runtime_call throw_class_cast_exception_blob (C1 runtime)}
  0x00007a0834000025:   movabs $0x8e204d30,%r10             ;   {metadata({method} {0x000000008e204d30} &apos;getClassLoader&apos; &apos;()Ljava/lang/ClassLoader;&apos; in &apos;java/lang/invoke/MemberName&apos;)}
  0x00007a083400002f:   mov    %r10,0x8(%rsp)
  0x00007a0834000034:   movq   $0xffffffffffffffff,(%rsp)
  0x00007a083400003c:   call   0x00007a083b583460           ; ImmutableOopMap {rsi=Oop rdx=Oop [88]=Oop [112]=Oop }
                                                            ;*synchronization entry
                                                            ; - java.lang.invoke.MemberName::getClassLoader@-1 (line 88)
                                                            ; - java.lang.invoke.MemberName::getMethodType@78 (line 141)
                                                            ;   {runtime_call counter_overflow_blob (C1 runtime)}
  0x00007a0834000041:   jmp    0x00007a0833fff7ed
  0x00007a0834000046:   call   0x00007a083b57cae0           ; ImmutableOopMap {rsi=Oop rdx=Oop rdi=Oop [88]=Oop [112]=Oop }
                                                            ;*invokevirtual getClassLoader {reexecute=0 rethrow=0 return_oop=0}
                                                            ; - java.lang.invoke.MemberName::getClassLoader@4 (line 88)
                                                            ; - java.lang.invoke.MemberName::getMethodType@78 (line 141)
                                                            ;   {runtime_call throw_null_pointer_exception_blob (C1 runtime)}
  0x00007a083400004b:   mov    0x20(%rsi),%edx
  0x00007a083400004e:   shl    $0x3,%rdx
  0x00007a0834000052:   test   %rdx,%rdx
  0x00007a0834000055:   je     0x00007a0833fff8a6
  0x00007a083400005b:   mov    %rdx,(%rsp)
  0x00007a083400005f:   call   0x00007a083b583a60           ;   {runtime_call g1_pre_barrier_slow}
  0x00007a0834000064:   jmp    0x00007a0833fff8a6
  0x00007a0834000069:   mov    %rdi,(%rsp)
  0x00007a083400006d:   call   0x00007a083b57f8e0           ; ImmutableOopMap {[88]=Oop [112]=Oop }
                                                            ;*checkcast {reexecute=0 rethrow=0 return_oop=0}
                                                            ; - java.lang.invoke.MemberName::getMethodType@111 (line 143)
                                                            ;   {runtime_call throw_class_cast_exception_blob (C1 runtime)}
  0x00007a0834000072:   call   0x00007a083b57cae0           ; ImmutableOopMap {rdx=Oop [88]=Oop [112]=Oop }
                                                            ;*aaload {reexecute=0 rethrow=0 return_oop=0}
                                                            ; - java.lang.invoke.MemberName::getMethodType@117 (line 144)
                                                            ;   {runtime_call throw_null_pointer_exception_blob (C1 runtime)}
  0x00007a0834000077:   call   0x00007a083b57cae0           ; ImmutableOopMap {rdx=Oop [88]=Oop [112]=Oop }
                                                            ;*aaload {reexecute=0 rethrow=0 return_oop=0}
                                                            ; - java.lang.invoke.MemberName::getMethodType@117 (line 144)
                                                            ;   {runtime_call throw_null_pointer_exception_blob (C1 runtime)}
  0x00007a083400007c:   movq   $0x1,(%rsp)
  0x00007a0834000084:   mov    %rdx,0x8(%rsp)
  0x00007a0834000089:   call   0x00007a083b57bd60           ; ImmutableOopMap {rdx=Oop [88]=Oop [112]=Oop }
                                                            ;*aaload {reexecute=0 rethrow=0 return_oop=0}
                                                            ; - java.lang.invoke.MemberName::getMethodType@117 (line 144)
                                                            ;   {runtime_call throw_range_check_failed_blob (C1 runtime)}
  0x00007a083400008e:   mov    %rcx,(%rsp)
  0x00007a0834000092:   call   0x00007a083b57f8e0           ; ImmutableOopMap {rdx=Oop [88]=Oop [112]=Oop }
                                                            ;*checkcast {reexecute=0 rethrow=0 return_oop=0}
                                                            ; - java.lang.invoke.MemberName::getMethodType@118 (line 144)
                                                            ;   {runtime_call throw_class_cast_exception_blob (C1 runtime)}
  0x00007a0834000097:   mov    %rdx,(%rsp)
  0x00007a083400009b:   call   0x00007a083b57f8e0           ; ImmutableOopMap {rcx=Oop [88]=Oop [112]=Oop }
                                                            ;*checkcast {reexecute=0 rethrow=0 return_oop=0}
                                                            ; - java.lang.invoke.MemberName::getMethodType@126 (line 145)
                                                            ;   {runtime_call throw_class_cast_exception_blob (C1 runtime)}
  0x00007a08340000a0:   mov    0x20(%rsi),%edx
  0x00007a08340000a3:   shl    $0x3,%rdx
  0x00007a08340000a7:   test   %rdx,%rdx
  0x00007a08340000aa:   je     0x00007a0833fffbe6
  0x00007a08340000b0:   mov    %rdx,(%rsp)
  0x00007a08340000b4:   call   0x00007a083b583a60           ;   {runtime_call g1_pre_barrier_slow}
  0x00007a08340000b9:   jmp    0x00007a0833fffbe6
  0x00007a08340000be:   lea    0x68(%rsp),%rax
  0x00007a08340000c3:   mov    %rax,(%rsp)
  0x00007a08340000c7:   call   0x00007a083b581260           ;   {runtime_call monitorexit_nofpu_blob (C1 runtime)}
  0x00007a08340000cc:   jmp    0x00007a0833fffc7d
  0x00007a08340000d1:   mov    %rax,(%rsp)
  0x00007a08340000d5:   call   0x00007a083b57f8e0           ; ImmutableOopMap {}
                                                            ;*checkcast {reexecute=0 rethrow=0 return_oop=0}
                                                            ; - java.lang.invoke.MemberName::getMethodType@209 (line 152)
                                                            ;   {runtime_call throw_class_cast_exception_blob (C1 runtime)}
  0x00007a08340000da:   movabs $0x7a0833fffd39,%r10         ;   {internal_word}
  0x00007a08340000e4:   mov    %r10,0x510(%r15)
  0x00007a08340000eb:   jmp    0x00007a083b4afb60           ;   {runtime_call SafepointBlob}
  0x00007a08340000f0:   mov    %rdi,(%rsp)
  0x00007a08340000f4:   call   0x00007a083b57f8e0           ; ImmutableOopMap {}
                                                            ;*checkcast {reexecute=0 rethrow=0 return_oop=0}
                                                            ; - java.lang.invoke.MemberName::getMethodType@46 (line 133)
                                                            ;   {runtime_call throw_class_cast_exception_blob (C1 runtime)}
  0x00007a08340000f9:   movabs $0x7a0833fffdec,%r10         ;   {internal_word}
  0x00007a0834000103:   mov    %r10,0x510(%r15)
  0x00007a083400010a:   jmp    0x00007a083b4afb60           ;   {runtime_call SafepointBlob}
  0x00007a083400010f:   movabs $0x7a0833fffe09,%r10         ;   {internal_word}
  0x00007a0834000119:   mov    %r10,0x510(%r15)
  0x00007a0834000120:   jmp    0x00007a083b4afb60           ;   {runtime_call SafepointBlob}
  0x00007a0834000125:   movabs $0x8e481328,%r10             ;   {metadata({method} {0x000000008e481328} &apos;newIllegalArgumentException&apos; &apos;(Ljava/lang/String;)Ljava/lang/RuntimeException;&apos; in &apos;java/lang/invoke/MethodHandleStatics&apos;)}
  0x00007a083400012f:   mov    %r10,0x8(%rsp)
  0x00007a0834000134:   movq   $0xffffffffffffffff,(%rsp)
  0x00007a083400013c:   call   0x00007a083b583460           ; ImmutableOopMap {}
                                                            ;*synchronization entry
                                                            ; - java.lang.invoke.MethodHandleStatics::newIllegalArgumentException@-1 (line 177)
                                                            ; - java.lang.invoke.MemberName::getMethodType@29 (line 127)
                                                            ;   {runtime_call counter_overflow_blob (C1 runtime)}
  0x00007a0834000141:   jmp    0x00007a0833fffe4d
  0x00007a0834000146:   movabs $0x0,%rdx                    ;   {metadata(nullptr)}
  0x00007a0834000150:   mov    $0xa050f00,%eax
  0x00007a0834000155:   call   0x00007a083b5820e0           ; ImmutableOopMap {}
                                                            ;*new {reexecute=1 rethrow=0 return_oop=0}
                                                            ; - (reexecute) java.lang.invoke.MethodHandleStatics::newIllegalArgumentException@0 (line 177)
                                                            ; - java.lang.invoke.MemberName::getMethodType@29 (line 127)
                                                            ;   {runtime_call load_klass_patching_blob (C1 runtime)}
  0x00007a083400015a:   jmp    0x00007a0833fffe50
  0x00007a083400015f:   mov    %rdx,%rdx
  0x00007a0834000162:   call   0x00007a083b57d3e0           ; ImmutableOopMap {}
                                                            ;*new {reexecute=0 rethrow=0 return_oop=0}
                                                            ; - java.lang.invoke.MethodHandleStatics::newIllegalArgumentException@0 (line 177)
                                                            ; - java.lang.invoke.MemberName::getMethodType@29 (line 127)
                                                            ;   {runtime_call fast_new_instance_blob (C1 runtime)}
  0x00007a0834000167:   jmp    0x00007a0833fffea4
  0x00007a083400016c:   lea    0x68(%rsp),%rax
  0x00007a0834000171:   mov    %rax,(%rsp)
  0x00007a0834000175:   call   0x00007a083b581260           ;   {runtime_call monitorexit_nofpu_blob (C1 runtime)}
  0x00007a083400017a:   jmp    0x00007a0833ffff5c
  0x00007a083400017f:   mov    0x5c0(%r15),%rax
  0x00007a0834000186:   movq   $0x0,0x5c0(%r15)
  0x00007a0834000191:   movq   $0x0,0x5c8(%r15)
  0x00007a083400019c:   add    $0x80,%rsp
  0x00007a08340001a3:   pop    %rbp
  0x00007a08340001a4:   jmp    0x00007a083b57b760           ;   {runtime_call unwind_exception_blob (C1 runtime)}
  0x00007a08340001a9:   hlt    
  0x00007a08340001aa:   hlt    
  0x00007a08340001ab:   hlt    
  0x00007a08340001ac:   hlt    
  0x00007a08340001ad:   hlt    
  0x00007a08340001ae:   hlt    
  0x00007a08340001af:   hlt    
[Stub Code]
  0x00007a08340001b0:   movabs $0x0,%rbx                    ;   {static_stub}
  0x00007a08340001ba:   jmp    0x00007a08340001ba           ;   {runtime_call nmethod}
  0x00007a08340001bf:   movabs $0x0,%rbx                    ;   {static_stub}
  0x00007a08340001c9:   jmp    0x00007a08340001c9           ;   {runtime_call nmethod}
  0x00007a08340001ce:   movabs $0x0,%rbx                    ;   {static_stub}
  0x00007a08340001d8:   jmp    0x00007a08340001d8           ;   {runtime_call nmethod}
  0x00007a08340001dd:   movabs $0x0,%rbx                    ;   {static_stub}
  0x00007a08340001e7:   jmp    0x00007a08340001e7           ;   {runtime_call nmethod}
[Exception Handler]
  0x00007a08340001ec:   call   0x00007a083b57f2e0           ;   {runtime_call handle_exception_from_callee_blob (C1 runtime)}
  0x00007a08340001f1:   movabs $0x7a085293aec4,%rdi         ;   {external_word}
  0x00007a08340001fb:   and    $0xfffffffffffffff0,%rsp
  0x00007a08340001ff:   call   0x00007a0852391cc0           ;   {runtime_call MacroAssembler::debug64(char*, long, long*)}
  0x00007a0834000204:   hlt    
  0x00007a0834000205:   call   0x00007a083b4afe60           ;   {runtime_call DeoptimizationBlob}
[Deopt Handler Entry Point]
  0x00007a083400020a:   jmp    0x00007a0834000205
  0x00007a083400020c:   hlt    
  0x00007a083400020d:   hlt    
  0x00007a083400020e:   hlt    
  0x00007a083400020f:   hlt    
--------------------------------------------------------------------------------
[/Disassembly]
