
============================= C1-compiled nmethod ==============================
----------------------------------- Assembly -----------------------------------

Compiled method (c1) 206    3       1       java.lang.Class::isPrimitive (5 bytes)
 total in heap  [0x0000708d8bba0608,0x0000708d8bba07b0] = 424
 main code      [0x0000708d8bba0700,0x0000708d8bba0790] = 144
 stub code      [0x0000708d8bba0790,0x0000708d8bba07b0] = 32
 mutable data [0x0000708d24014c70,0x0000708d24014c98] = 40
 relocation     [0x0000708d24014c70,0x0000708d24014c90] = 32
 metadata       [0x0000708d24014c90,0x0000708d24014c98] = 8
 immutable data [0x0000708d24014c00,0x0000708d24014c5c] = 92
 dependencies   [0x0000708d24014c00,0x0000708d24014c08] = 8
 scopes pcs     [0x0000708d24014c08,0x0000708d24014c48] = 64
 scopes data    [0x0000708d24014c48,0x0000708d24014c58] = 16

[Disassembly]
--------------------------------------------------------------------------------
[Constant Pool (empty)]

--------------------------------------------------------------------------------

[Instructions begin]
  0x0000708d8bba0700:   data16 data16 nopw 0x0(%rax,%rax,1)
  0x0000708d8bba070b:   data16 data16 xchg %ax,%ax
  0x0000708d8bba070f:   data16 xchg %ax,%ax
[Entry Point]
  # {method} {0x0000000087188e80} &apos;isPrimitive&apos; &apos;()Z&apos; in &apos;java/lang/Class&apos;
  #           [sp+0x30]  (sp of caller)
  0x0000708d8bba0712:   mov    0x8(%rsi),%r10d
  0x0000708d8bba0716:   cmp    0x8(%rax),%r10d
  0x0000708d8bba071a:   jne    0x0000708d8b4ad6e0           ;   {runtime_call ic_miss_blob (shared runtime)}
[Verified Entry Point]
  0x0000708d8bba0720:   mov    %eax,-0x14000(%rsp)
  0x0000708d8bba0727:   push   %rbp
  0x0000708d8bba0728:   sub    $0x20,%rsp
  0x0000708d8bba072c:   cmpl   $0x1,0x20(%r15)
  0x0000708d8bba0734:   je     0x0000708d8bba073b
  0x0000708d8bba0736:   call   Stub::method_entry_barrier_stub (stub gen)
                                                            ;*aload_0 {reexecute=0 rethrow=0 return_oop=0}
                                                            ; - java.lang.Class::isPrimitive@0 (line 860)
                                                            ;   {runtime_call Stub::method_entry_barrier_stub (stub gen)}
  0x0000708d8bba073b:   movsbl 0x2c(%rsi),%eax              ;*getfield primitive {reexecute=0 rethrow=0 return_oop=0}
                                                            ; - java.lang.Class::isPrimitive@1 (line 860)
  0x0000708d8bba073f:   and    $0x1,%eax
  0x0000708d8bba0742:   add    $0x20,%rsp
  0x0000708d8bba0746:   pop    %rbp
  0x0000708d8bba0747:   cmp    0x28(%r15),%rsp              ;   {poll_return}
  0x0000708d8bba074b:   ja     0x0000708d8bba0752
  0x0000708d8bba0751:   ret    
  0x0000708d8bba0752:   movabs $0x708d8bba0747,%r10         ;   {internal_word}
  0x0000708d8bba075c:   mov    %r10,0x510(%r15)
  0x0000708d8bba0763:   jmp    0x0000708d8b4afb60           ;   {runtime_call SafepointBlob}
  0x0000708d8bba0768:   mov    0x5c0(%r15),%rax
  0x0000708d8bba076f:   movq   $0x0,0x5c0(%r15)
  0x0000708d8bba077a:   movq   $0x0,0x5c8(%r15)
  0x0000708d8bba0785:   add    $0x20,%rsp
  0x0000708d8bba0789:   pop    %rbp
  0x0000708d8bba078a:   jmp    0x0000708d8b57b760           ;   {runtime_call unwind_exception_blob (C1 runtime)}
  0x0000708d8bba078f:   hlt    
[Exception Handler]
  0x0000708d8bba0790:   call   0x0000708d8b57f2e0           ;   {runtime_call handle_exception_from_callee_blob (C1 runtime)}
  0x0000708d8bba0795:   movabs $0x708da1d3aec4,%rdi         ;   {external_word}
  0x0000708d8bba079f:   and    $0xfffffffffffffff0,%rsp
  0x0000708d8bba07a3:   call   0x0000708da1791cc0           ;   {runtime_call MacroAssembler::debug64(char*, long, long*)}
  0x0000708d8bba07a8:   hlt    
  0x0000708d8bba07a9:   call   0x0000708d8b4afe60           ;   {runtime_call DeoptimizationBlob}
[Deopt Handler Entry Point]
  0x0000708d8bba07ae:   jmp    0x0000708d8bba07a9
--------------------------------------------------------------------------------
[/Disassembly]
