
============================= C1-compiled nmethod ==============================
----------------------------------- Assembly -----------------------------------

Compiled method (c1) 465   45       3       jdk.internal.classfile.impl.DirectMethodBuilder::methodTypeSymbol (8 bytes)
 total in heap  [0x0000726b6bfff008,0x0000726b6bfff3f0] = 1000
 main code      [0x0000726b6bfff100,0x0000726b6bfff3c0] = 704
 stub code      [0x0000726b6bfff3c0,0x0000726b6bfff3f0] = 48
 mutable data [0x0000726b0c01cf00,0x0000726b0c01cf60] = 96
 relocation     [0x0000726b0c01cf00,0x0000726b0c01cf48] = 72
 metadata       [0x0000726b0c01cf48,0x0000726b0c01cf60] = 24
 immutable data [0x0000726b0c01cdc0,0x0000726b0c01ceec] = 300
 dependencies   [0x0000726b0c01cdc0,0x0000726b0c01cdc8] = 8
 nul chk table  [0x0000726b0c01cdc8,0x0000726b0c01cdd8] = 16
 scopes pcs     [0x0000726b0c01cdd8,0x0000726b0c01ce98] = 192
 scopes data    [0x0000726b0c01ce98,0x0000726b0c01cee8] = 80

[Disassembly]
--------------------------------------------------------------------------------
[Constant Pool (empty)]

--------------------------------------------------------------------------------

[Instructions begin]
  0x0000726b6bfff100:   data16 data16 nopw 0x0(%rax,%rax,1)
  0x0000726b6bfff10b:   data16 data16 xchg %ax,%ax
  0x0000726b6bfff10f:   data16 xchg %ax,%ax
[Entry Point]
  # {method} {0x000000007b353490} &apos;methodTypeSymbol&apos; &apos;()Ljava/lang/constant/MethodTypeDesc;&apos; in &apos;jdk/internal/classfile/impl/DirectMethodBuilder&apos;
  #           [sp+0x40]  (sp of caller)
  0x0000726b6bfff112:   mov    0x8(%rsi),%r10d
  0x0000726b6bfff116:   cmp    0x8(%rax),%r10d
  0x0000726b6bfff11a:   jne    0x0000726b734ad6e0           ;   {runtime_call ic_miss_blob (shared runtime)}
[Verified Entry Point]
  0x0000726b6bfff120:   mov    %eax,-0x14000(%rsp)
  0x0000726b6bfff127:   push   %rbp
  0x0000726b6bfff128:   sub    $0x30,%rsp
  0x0000726b6bfff12c:   cmpl   $0x1,0x20(%r15)
  0x0000726b6bfff134:   je     0x0000726b6bfff13b
  0x0000726b6bfff136:   call   Stub::method_entry_barrier_stub (stub gen)
                                                            ;   {runtime_call Stub::method_entry_barrier_stub (stub gen)}
  0x0000726b6bfff13b:   movabs $0x726b2427ea00,%rdi         ;   {metadata(method data for {method} {0x000000007b353490} &apos;methodTypeSymbol&apos; &apos;()Ljava/lang/constant/MethodTypeDesc;&apos; in &apos;jdk/internal/classfile/impl/DirectMethodBuilder&apos;)}
  0x0000726b6bfff145:   mov    0x90(%rdi),%ebx
  0x0000726b6bfff14b:   add    $0x2,%ebx
  0x0000726b6bfff14e:   mov    %ebx,0x90(%rdi)
  0x0000726b6bfff154:   and    $0x7fe,%ebx
  0x0000726b6bfff15a:   test   %ebx,%ebx
  0x0000726b6bfff15c:   je     0x0000726b6bfff32c           ;*aload_0 {reexecute=0 rethrow=0 return_oop=0}
                                                            ; - jdk.internal.classfile.impl.DirectMethodBuilder::methodTypeSymbol@0 (line 83)
  0x0000726b6bfff162:   mov    %rsi,%rdi
  0x0000726b6bfff165:   movabs $0x726b2427ea00,%rbx         ;   {metadata(method data for {method} {0x000000007b353490} &apos;methodTypeSymbol&apos; &apos;()Ljava/lang/constant/MethodTypeDesc;&apos; in &apos;jdk/internal/classfile/impl/DirectMethodBuilder&apos;)}
  0x0000726b6bfff16f:   mov    0x8(%rdi),%edi
  0x0000726b6bfff172:   mov    $0x7b000000,%r10d
  0x0000726b6bfff178:   add    %r10,%rdi
  0x0000726b6bfff17b:   mov    $0x1c,%r10d
  0x0000726b6bfff181:   cmp    (%rbx,%r10,8),%rdi
  0x0000726b6bfff185:   je     0x0000726b6bfff1be
  0x0000726b6bfff187:   add    $0x2,%r10
  0x0000726b6bfff18b:   cmp    $0x20,%r10
  0x0000726b6bfff18f:   jne    0x0000726b6bfff181
  0x0000726b6bfff191:   mov    $0x1c,%r10d
  0x0000726b6bfff197:   cmpq   $0x0,(%rbx,%r10,8)
  0x0000726b6bfff19c:   je     0x0000726b6bfff1aa
  0x0000726b6bfff19e:   add    $0x2,%r10
  0x0000726b6bfff1a2:   cmp    $0x20,%r10
  0x0000726b6bfff1a6:   jne    0x0000726b6bfff197
  0x0000726b6bfff1a8:   jmp    0x0000726b6bfff1b6
  0x0000726b6bfff1aa:   push   %rax
  0x0000726b6bfff1ab:   xor    %rax,%rax
  0x0000726b6bfff1ae:   cmpxchg %rdi,(%rbx,%r10,8)
  0x0000726b6bfff1b3:   pop    %rax
  0x0000726b6bfff1b4:   jmp    0x0000726b6bfff17b
  0x0000726b6bfff1b6:   mov    $0x1b,%r10d
  0x0000726b6bfff1bc:   jmp    0x0000726b6bfff1c2
  0x0000726b6bfff1be:   add    $0x1,%r10
  0x0000726b6bfff1c2:   addq   $0x1,(%rbx,%r10,8)
  0x0000726b6bfff1c7:   mov    0x20(%rsi),%esi
  0x0000726b6bfff1ca:   shl    $0x3,%rsi                    ;*getfield desc {reexecute=0 rethrow=0 return_oop=0}
                                                            ; - jdk.internal.classfile.impl.DirectMethodBuilder::methodType@1 (line 78)
                                                            ; - jdk.internal.classfile.impl.DirectMethodBuilder::methodTypeSymbol@1 (line 83)
  0x0000726b6bfff1ce:   movabs $0x726b2427ea00,%rdi         ;   {metadata(method data for {method} {0x000000007b353490} &apos;methodTypeSymbol&apos; &apos;()Ljava/lang/constant/MethodTypeDesc;&apos; in &apos;jdk/internal/classfile/impl/DirectMethodBuilder&apos;)}
  0x0000726b6bfff1d8:   addq   $0x1,0x108(%rdi)
  0x0000726b6bfff1e0:   movabs $0x726b2427e6b0,%rdi         ;   {metadata(method data for {method} {0x000000007b467820} &apos;methodTypeSymbol&apos; &apos;(Ljava/lang/classfile/constantpool/Utf8Entry;)Ljava/lang/constant/MethodTypeDesc;&apos; in &apos;jdk/internal/classfile/impl/Util&apos;)}
  0x0000726b6bfff1ea:   mov    0x90(%rdi),%ebx
  0x0000726b6bfff1f0:   add    $0x2,%ebx
  0x0000726b6bfff1f3:   mov    %ebx,0x90(%rdi)
  0x0000726b6bfff1f9:   and    $0x1ffffe,%ebx
  0x0000726b6bfff1ff:   test   %ebx,%ebx
  0x0000726b6bfff201:   je     0x0000726b6bfff34d
  0x0000726b6bfff207:   test   %rsi,%rsi
  0x0000726b6bfff20a:   movabs $0x726b2427e6b0,%rbx         ;   {metadata(method data for {method} {0x000000007b467820} &apos;methodTypeSymbol&apos; &apos;(Ljava/lang/classfile/constantpool/Utf8Entry;)Ljava/lang/constant/MethodTypeDesc;&apos; in &apos;jdk/internal/classfile/impl/Util&apos;)}
  0x0000726b6bfff214:   jne    0x0000726b6bfff222
  0x0000726b6bfff216:   orb    $0x1,0xd1(%rbx)
  0x0000726b6bfff21d:   jmp    0x0000726b6bfff2a4
  0x0000726b6bfff222:   mov    0x8(%rsi),%eax
  0x0000726b6bfff225:   mov    $0x7b000000,%r10d
  0x0000726b6bfff22b:   add    %r10,%rax
  0x0000726b6bfff22e:   mov    $0x1c,%r10d
  0x0000726b6bfff234:   cmp    (%rbx,%r10,8),%rax
  0x0000726b6bfff238:   je     0x0000726b6bfff277
  0x0000726b6bfff23a:   add    $0x2,%r10
  0x0000726b6bfff23e:   cmp    $0x20,%r10
  0x0000726b6bfff242:   jne    0x0000726b6bfff234
  0x0000726b6bfff244:   mov    $0x1c,%r10d
  0x0000726b6bfff24a:   cmpq   $0x0,(%rbx,%r10,8)
  0x0000726b6bfff24f:   je     0x0000726b6bfff25d
  0x0000726b6bfff251:   add    $0x2,%r10
  0x0000726b6bfff255:   cmp    $0x20,%r10
  0x0000726b6bfff259:   jne    0x0000726b6bfff24a
  0x0000726b6bfff25b:   jmp    0x0000726b6bfff26f
  0x0000726b6bfff25d:   push   %rcx
  0x0000726b6bfff25e:   mov    %rax,%rcx
  0x0000726b6bfff261:   xor    %rax,%rax
  0x0000726b6bfff264:   cmpxchg %rcx,(%rbx,%r10,8)
  0x0000726b6bfff269:   mov    %rcx,%rax
  0x0000726b6bfff26c:   pop    %rcx
  0x0000726b6bfff26d:   jmp    0x0000726b6bfff22e
  0x0000726b6bfff26f:   mov    $0x1b,%r10d
  0x0000726b6bfff275:   jmp    0x0000726b6bfff27b
  0x0000726b6bfff277:   add    $0x1,%r10
  0x0000726b6bfff27b:   addq   $0x1,(%rbx,%r10,8)
  0x0000726b6bfff280:   movabs $0x7b33e8d8,%rax             ;   {metadata(&apos;jdk/internal/classfile/impl/AbstractPoolEntry$Utf8EntryImpl&apos;)}
  0x0000726b6bfff28a:   mov    0x8(%rsi),%edi
  0x0000726b6bfff28d:   mov    $0x7b000000,%r10d
  0x0000726b6bfff293:   add    %r10,%rdi
  0x0000726b6bfff296:   cmp    %rdi,%rax
  0x0000726b6bfff299:   jne    0x0000726b6bfff36e
  0x0000726b6bfff29f:   jmp    0x0000726b6bfff2a4           ;*checkcast {reexecute=0 rethrow=0 return_oop=0}
                                                            ; - jdk.internal.classfile.impl.Util::methodTypeSymbol@1 (line 272)
                                                            ; - jdk.internal.classfile.impl.DirectMethodBuilder::methodTypeSymbol@4 (line 83)
  0x0000726b6bfff2a4:   cmp    (%rsi),%rax                  ; implicit exception: dispatches to 0x0000726b6bfff377
                                                            ;*invokevirtual methodTypeSymbol {reexecute=0 rethrow=0 return_oop=0}
                                                            ; - jdk.internal.classfile.impl.Util::methodTypeSymbol@4 (line 272)
                                                            ; - jdk.internal.classfile.impl.DirectMethodBuilder::methodTypeSymbol@4 (line 83)
  0x0000726b6bfff2a7:   mov    %rsi,%rdi
  0x0000726b6bfff2aa:   movabs $0x726b2427e6b0,%rbx         ;   {metadata(method data for {method} {0x000000007b467820} &apos;methodTypeSymbol&apos; &apos;(Ljava/lang/classfile/constantpool/Utf8Entry;)Ljava/lang/constant/MethodTypeDesc;&apos; in &apos;jdk/internal/classfile/impl/Util&apos;)}
  0x0000726b6bfff2b4:   mov    0x8(%rdi),%edi
  0x0000726b6bfff2b7:   mov    $0x7b000000,%r10d
  0x0000726b6bfff2bd:   add    %r10,%rdi
  0x0000726b6bfff2c0:   mov    $0x22,%r10d
  0x0000726b6bfff2c6:   cmp    (%rbx,%r10,8),%rdi
  0x0000726b6bfff2ca:   je     0x0000726b6bfff303
  0x0000726b6bfff2cc:   add    $0x2,%r10
  0x0000726b6bfff2d0:   cmp    $0x26,%r10
  0x0000726b6bfff2d4:   jne    0x0000726b6bfff2c6
  0x0000726b6bfff2d6:   mov    $0x22,%r10d
  0x0000726b6bfff2dc:   cmpq   $0x0,(%rbx,%r10,8)
  0x0000726b6bfff2e1:   je     0x0000726b6bfff2ef
  0x0000726b6bfff2e3:   add    $0x2,%r10
  0x0000726b6bfff2e7:   cmp    $0x26,%r10
  0x0000726b6bfff2eb:   jne    0x0000726b6bfff2dc
  0x0000726b6bfff2ed:   jmp    0x0000726b6bfff2fb
  0x0000726b6bfff2ef:   push   %rax
  0x0000726b6bfff2f0:   xor    %rax,%rax
  0x0000726b6bfff2f3:   cmpxchg %rdi,(%rbx,%r10,8)
  0x0000726b6bfff2f8:   pop    %rax
  0x0000726b6bfff2f9:   jmp    0x0000726b6bfff2c0
  0x0000726b6bfff2fb:   mov    $0x21,%r10d
  0x0000726b6bfff301:   jmp    0x0000726b6bfff307
  0x0000726b6bfff303:   add    $0x1,%r10
  0x0000726b6bfff307:   addq   $0x1,(%rbx,%r10,8)
  0x0000726b6bfff30c:   data16 xchg %ax,%ax
  0x0000726b6bfff30f:   call   0x0000726b734ad9e0           ; ImmutableOopMap {}
                                                            ;*invokevirtual methodTypeSymbol {reexecute=0 rethrow=0 return_oop=0}
                                                            ; - jdk.internal.classfile.impl.Util::methodTypeSymbol@4 (line 272)
                                                            ; - jdk.internal.classfile.impl.DirectMethodBuilder::methodTypeSymbol@4 (line 83)
                                                            ;   {optimized virtual_call}
  0x0000726b6bfff314:   nopl   0x30c(%rax,%rax,1)           ;*invokevirtual methodTypeSymbol {reexecute=0 rethrow=0 return_oop=0}
                                                            ; - jdk.internal.classfile.impl.Util::methodTypeSymbol@4 (line 272)
                                                            ; - jdk.internal.classfile.impl.DirectMethodBuilder::methodTypeSymbol@4 (line 83)
                                                            ;   {post_call_nop}
  0x0000726b6bfff31c:   add    $0x30,%rsp
  0x0000726b6bfff320:   pop    %rbp
  0x0000726b6bfff321:   cmp    0x28(%r15),%rsp              ;   {poll_return}
  0x0000726b6bfff325:   ja     0x0000726b6bfff37c
  0x0000726b6bfff32b:   ret    
  0x0000726b6bfff32c:   movabs $0x7b353490,%r10             ;   {metadata({method} {0x000000007b353490} &apos;methodTypeSymbol&apos; &apos;()Ljava/lang/constant/MethodTypeDesc;&apos; in &apos;jdk/internal/classfile/impl/DirectMethodBuilder&apos;)}
  0x0000726b6bfff336:   mov    %r10,0x8(%rsp)
  0x0000726b6bfff33b:   movq   $0xffffffffffffffff,(%rsp)
  0x0000726b6bfff343:   call   0x0000726b73583460           ; ImmutableOopMap {rsi=Oop }
                                                            ;*synchronization entry
                                                            ; - jdk.internal.classfile.impl.DirectMethodBuilder::methodTypeSymbol@-1 (line 83)
                                                            ;   {runtime_call counter_overflow_blob (C1 runtime)}
  0x0000726b6bfff348:   jmp    0x0000726b6bfff162
  0x0000726b6bfff34d:   movabs $0x7b467820,%r10             ;   {metadata({method} {0x000000007b467820} &apos;methodTypeSymbol&apos; &apos;(Ljava/lang/classfile/constantpool/Utf8Entry;)Ljava/lang/constant/MethodTypeDesc;&apos; in &apos;jdk/internal/classfile/impl/Util&apos;)}
  0x0000726b6bfff357:   mov    %r10,0x8(%rsp)
  0x0000726b6bfff35c:   movq   $0xffffffffffffffff,(%rsp)
  0x0000726b6bfff364:   call   0x0000726b73583460           ; ImmutableOopMap {rsi=Oop }
                                                            ;*synchronization entry
                                                            ; - jdk.internal.classfile.impl.Util::methodTypeSymbol@-1 (line 272)
                                                            ; - jdk.internal.classfile.impl.DirectMethodBuilder::methodTypeSymbol@4 (line 83)
                                                            ;   {runtime_call counter_overflow_blob (C1 runtime)}
  0x0000726b6bfff369:   jmp    0x0000726b6bfff207
  0x0000726b6bfff36e:   mov    %rsi,(%rsp)
  0x0000726b6bfff372:   call   0x0000726b735801e0           ; ImmutableOopMap {}
                                                            ;*checkcast {reexecute=0 rethrow=0 return_oop=0}
                                                            ; - jdk.internal.classfile.impl.Util::methodTypeSymbol@1 (line 272)
                                                            ; - jdk.internal.classfile.impl.DirectMethodBuilder::methodTypeSymbol@4 (line 83)
                                                            ;   {runtime_call throw_class_cast_exception_blob (C1 runtime)}
  0x0000726b6bfff377:   call   0x0000726b7357d4e0           ; ImmutableOopMap {rsi=Oop }
                                                            ;*invokevirtual methodTypeSymbol {reexecute=0 rethrow=0 return_oop=0}
                                                            ; - jdk.internal.classfile.impl.Util::methodTypeSymbol@4 (line 272)
                                                            ; - jdk.internal.classfile.impl.DirectMethodBuilder::methodTypeSymbol@4 (line 83)
                                                            ;   {runtime_call throw_null_pointer_exception_blob (C1 runtime)}
  0x0000726b6bfff37c:   movabs $0x726b6bfff321,%r10         ;   {internal_word}
  0x0000726b6bfff386:   mov    %r10,0x510(%r15)
  0x0000726b6bfff38d:   jmp    0x0000726b734afb60           ;   {runtime_call SafepointBlob}
  0x0000726b6bfff392:   mov    0x5c0(%r15),%rax
  0x0000726b6bfff399:   movq   $0x0,0x5c0(%r15)
  0x0000726b6bfff3a4:   movq   $0x0,0x5c8(%r15)
  0x0000726b6bfff3af:   add    $0x30,%rsp
  0x0000726b6bfff3b3:   pop    %rbp
  0x0000726b6bfff3b4:   jmp    0x0000726b7357bbe0           ;   {runtime_call unwind_exception_blob (C1 runtime)}
  0x0000726b6bfff3b9:   hlt    
  0x0000726b6bfff3ba:   hlt    
  0x0000726b6bfff3bb:   hlt    
  0x0000726b6bfff3bc:   hlt    
  0x0000726b6bfff3bd:   hlt    
  0x0000726b6bfff3be:   hlt    
  0x0000726b6bfff3bf:   hlt    
[Stub Code]
  0x0000726b6bfff3c0:   movabs $0x0,%rbx                    ;   {static_stub}
  0x0000726b6bfff3ca:   jmp    0x0000726b6bfff3ca           ;   {runtime_call nmethod}
[Exception Handler]
  0x0000726b6bfff3cf:   call   0x0000726b7357fbe0           ;   {runtime_call handle_exception_from_callee_blob (C1 runtime)}
  0x0000726b6bfff3d4:   movabs $0x726b8a53aec4,%rdi         ;   {external_word}
  0x0000726b6bfff3de:   and    $0xfffffffffffffff0,%rsp
  0x0000726b6bfff3e2:   call   0x0000726b89f91cc0           ;   {runtime_call MacroAssembler::debug64(char*, long, long*)}
  0x0000726b6bfff3e7:   hlt    
  0x0000726b6bfff3e8:   call   0x0000726b734afe60           ;   {runtime_call DeoptimizationBlob}
[Deopt Handler Entry Point]
  0x0000726b6bfff3ed:   jmp    0x0000726b6bfff3e8
  0x0000726b6bfff3ef:   hlt    
--------------------------------------------------------------------------------
[/Disassembly]
