
============================= C1-compiled nmethod ==============================
----------------------------------- Assembly -----------------------------------

Compiled method (c1) 471   45       3       jdk.internal.classfile.impl.RawBytecodeHelper$CodeRange::start (9 bytes)
 total in heap  [0x00007bf877fff008,0x00007bf877fff368] = 864
 main code      [0x00007bf877fff100,0x00007bf877fff348] = 584
 stub code      [0x00007bf877fff348,0x00007bf877fff368] = 32
 mutable data [0x00007bf81c01ceb0,0x00007bf81c01cf08] = 88
 relocation     [0x00007bf81c01ceb0,0x00007bf81c01cef0] = 64
 metadata       [0x00007bf81c01cef0,0x00007bf81c01cf08] = 24
 immutable data [0x00007bf81c01cdd0,0x00007bf81c01cea4] = 212
 dependencies   [0x00007bf81c01cdd0,0x00007bf81c01cdd8] = 8
 scopes pcs     [0x00007bf81c01cdd8,0x00007bf81c01ce58] = 128
 scopes data    [0x00007bf81c01ce58,0x00007bf81c01cea0] = 72

[Disassembly]
--------------------------------------------------------------------------------
[Constant Pool (empty)]

--------------------------------------------------------------------------------

[Instructions begin]
  0x00007bf877fff100:   data16 data16 nopw 0x0(%rax,%rax,1)
  0x00007bf877fff10b:   data16 data16 xchg %ax,%ax
  0x00007bf877fff10f:   data16 xchg %ax,%ax
[Entry Point]
  # {method} {0x000000008634bf18} &apos;start&apos; &apos;()Ljdk/internal/classfile/impl/RawBytecodeHelper;&apos; in &apos;jdk/internal/classfile/impl/RawBytecodeHelper$CodeRange&apos;
  #           [sp+0x60]  (sp of caller)
  0x00007bf877fff112:   mov    0x8(%rsi),%r10d
  0x00007bf877fff116:   cmp    0x8(%rax),%r10d
  0x00007bf877fff11a:   jne    0x00007bf87f4ad6e0           ;   {runtime_call ic_miss_blob (shared runtime)}
[Verified Entry Point]
  0x00007bf877fff120:   mov    %eax,-0x14000(%rsp)
  0x00007bf877fff127:   push   %rbp
  0x00007bf877fff128:   sub    $0x50,%rsp
  0x00007bf877fff12c:   cmpl   $0x1,0x20(%r15)
  0x00007bf877fff134:   je     0x00007bf877fff13b
  0x00007bf877fff136:   call   Stub::method_entry_barrier_stub (stub gen)
                                                            ;   {runtime_call Stub::method_entry_barrier_stub (stub gen)}
  0x00007bf877fff13b:   mov    %rsi,%rbx
  0x00007bf877fff13e:   movabs $0x7bf82827f450,%rdx         ;   {metadata(method data for {method} {0x000000008634bf18} &apos;start&apos; &apos;()Ljdk/internal/classfile/impl/RawBytecodeHelper;&apos; in &apos;jdk/internal/classfile/impl/RawBytecodeHelper$CodeRange&apos;)}
  0x00007bf877fff148:   mov    0x90(%rdx),%esi
  0x00007bf877fff14e:   add    $0x2,%esi
  0x00007bf877fff151:   mov    %esi,0x90(%rdx)
  0x00007bf877fff157:   and    $0x7fe,%esi
  0x00007bf877fff15d:   test   %esi,%esi
  0x00007bf877fff15f:   je     0x00007bf877fff279
  0x00007bf877fff165:   movabs $0x8634bf78,%rdx             ;   {metadata(&apos;jdk/internal/classfile/impl/RawBytecodeHelper&apos;)}
  0x00007bf877fff16f:   mov    0x1b0(%r15),%rax
  0x00007bf877fff176:   lea    0x20(%rax),%rdi
  0x00007bf877fff17a:   cmp    0x1c0(%r15),%rdi
  0x00007bf877fff181:   ja     0x00007bf877fff29a
  0x00007bf877fff187:   mov    %rdi,0x1b0(%r15)
  0x00007bf877fff18e:   movq   $0x1,(%rax)
  0x00007bf877fff195:   mov    %rdx,%rcx
  0x00007bf877fff198:   mov    $0x86000000,%r10d
  0x00007bf877fff19e:   sub    %r10,%rcx
  0x00007bf877fff1a1:   mov    %ecx,0x8(%rax)
  0x00007bf877fff1a4:   xor    %rcx,%rcx
  0x00007bf877fff1a7:   mov    %ecx,0xc(%rax)
  0x00007bf877fff1aa:   xor    %rcx,%rcx
  0x00007bf877fff1ad:   mov    %rcx,0x10(%rax)
  0x00007bf877fff1b1:   mov    %rcx,0x18(%rax)              ;*new {reexecute=0 rethrow=0 return_oop=0}
                                                            ; - jdk.internal.classfile.impl.RawBytecodeHelper$CodeRange::start@0 (line 251)
  0x00007bf877fff1b5:   mov    %rax,%rsi
  0x00007bf877fff1b8:   movabs $0x7bf82827f450,%rdi         ;   {metadata(method data for {method} {0x000000008634bf18} &apos;start&apos; &apos;()Ljdk/internal/classfile/impl/RawBytecodeHelper;&apos; in &apos;jdk/internal/classfile/impl/RawBytecodeHelper$CodeRange&apos;)}
  0x00007bf877fff1c2:   addq   $0x1,0xd8(%rdi)
  0x00007bf877fff1ca:   movabs $0x7bf82827f560,%rsi         ;   {metadata(method data for {method} {0x000000008634c470} &apos;&lt;init&gt;&apos; &apos;(Ljdk/internal/classfile/impl/RawBytecodeHelper$CodeRange;)V&apos; in &apos;jdk/internal/classfile/impl/RawBytecodeHelper&apos;)}
  0x00007bf877fff1d4:   mov    0x90(%rsi),%edi
  0x00007bf877fff1da:   add    $0x2,%edi
  0x00007bf877fff1dd:   mov    %edi,0x90(%rsi)
  0x00007bf877fff1e3:   and    $0x1ffffe,%edi
  0x00007bf877fff1e9:   test   %edi,%edi
  0x00007bf877fff1eb:   je     0x00007bf877fff2a7
  0x00007bf877fff1f1:   mov    %rax,%rsi
  0x00007bf877fff1f4:   movabs $0x7bf82827f560,%rdi         ;   {metadata(method data for {method} {0x000000008634c470} &apos;&lt;init&gt;&apos; &apos;(Ljdk/internal/classfile/impl/RawBytecodeHelper$CodeRange;)V&apos; in &apos;jdk/internal/classfile/impl/RawBytecodeHelper&apos;)}
  0x00007bf877fff1fe:   addq   $0x1,0xd8(%rdi)
  0x00007bf877fff206:   movabs $0x7bf82827f360,%rsi         ;   {metadata(method data for {method} {0x00000000864a6d78} &apos;&lt;init&gt;&apos; &apos;()V&apos; in &apos;java/lang/Object&apos;)}
  0x00007bf877fff210:   mov    0x90(%rsi),%edi
  0x00007bf877fff216:   add    $0x2,%edi
  0x00007bf877fff219:   mov    %edi,0x90(%rsi)
  0x00007bf877fff21f:   and    $0x1ffffe,%edi
  0x00007bf877fff225:   test   %edi,%edi
  0x00007bf877fff227:   je     0x00007bf877fff2c8
  0x00007bf877fff22d:   movsbl 0x48(%r15),%esi
  0x00007bf877fff232:   test   %esi,%esi
  0x00007bf877fff234:   jne    0x00007bf877fff2e9
  0x00007bf877fff23a:   mov    %rbx,%r10
  0x00007bf877fff23d:   shr    $0x3,%r10
  0x00007bf877fff241:   mov    %r10d,0x18(%rax)
  0x00007bf877fff245:   mov    %rax,%rdi
  0x00007bf877fff248:   xor    %rbx,%rdi
  0x00007bf877fff24b:   shr    $0x17,%rdi
  0x00007bf877fff24f:   je     0x00007bf877fff269
  0x00007bf877fff251:   test   %rbx,%rbx
  0x00007bf877fff254:   je     0x00007bf877fff269
  0x00007bf877fff256:   mov    %rax,%rdi
  0x00007bf877fff259:   shr    $0x9,%rdi
  0x00007bf877fff25d:   add    0x50(%r15),%rdi
  0x00007bf877fff261:   cmpb   $0xff,(%rdi)
  0x00007bf877fff264:   jne    0x00007bf877fff269
  0x00007bf877fff266:   movb   $0x0,(%rdi)                  ;*putfield code {reexecute=0 rethrow=0 return_oop=0}
                                                            ; - jdk.internal.classfile.impl.RawBytecodeHelper::&lt;init&gt;@6 (line 312)
                                                            ; - jdk.internal.classfile.impl.RawBytecodeHelper$CodeRange::start@5 (line 251)
  0x00007bf877fff269:   add    $0x50,%rsp
  0x00007bf877fff26d:   pop    %rbp
  0x00007bf877fff26e:   cmp    0x28(%r15),%rsp              ;   {poll_return}
  0x00007bf877fff272:   ja     0x00007bf877fff307
  0x00007bf877fff278:   ret    
  0x00007bf877fff279:   movabs $0x8634bf18,%r10             ;   {metadata({method} {0x000000008634bf18} &apos;start&apos; &apos;()Ljdk/internal/classfile/impl/RawBytecodeHelper;&apos; in &apos;jdk/internal/classfile/impl/RawBytecodeHelper$CodeRange&apos;)}
  0x00007bf877fff283:   mov    %r10,0x8(%rsp)
  0x00007bf877fff288:   movq   $0xffffffffffffffff,(%rsp)
  0x00007bf877fff290:   call   0x00007bf87f582fe0           ; ImmutableOopMap {rbx=Oop }
                                                            ;*synchronization entry
                                                            ; - jdk.internal.classfile.impl.RawBytecodeHelper$CodeRange::start@-1 (line 251)
                                                            ;   {runtime_call counter_overflow_blob (C1 runtime)}
  0x00007bf877fff295:   jmp    0x00007bf877fff165
  0x00007bf877fff29a:   mov    %rdx,%rdx
  0x00007bf877fff29d:   call   0x00007bf87f57d3e0           ; ImmutableOopMap {rbx=Oop }
                                                            ;*new {reexecute=0 rethrow=0 return_oop=0}
                                                            ; - jdk.internal.classfile.impl.RawBytecodeHelper$CodeRange::start@0 (line 251)
                                                            ;   {runtime_call fast_new_instance_blob (C1 runtime)}
  0x00007bf877fff2a2:   jmp    0x00007bf877fff1b5
  0x00007bf877fff2a7:   movabs $0x8634c470,%r10             ;   {metadata({method} {0x000000008634c470} &apos;&lt;init&gt;&apos; &apos;(Ljdk/internal/classfile/impl/RawBytecodeHelper$CodeRange;)V&apos; in &apos;jdk/internal/classfile/impl/RawBytecodeHelper&apos;)}
  0x00007bf877fff2b1:   mov    %r10,0x8(%rsp)
  0x00007bf877fff2b6:   movq   $0xffffffffffffffff,(%rsp)
  0x00007bf877fff2be:   call   0x00007bf87f582fe0           ; ImmutableOopMap {rbx=Oop rax=Oop }
                                                            ;*synchronization entry
                                                            ; - jdk.internal.classfile.impl.RawBytecodeHelper::&lt;init&gt;@-1 (line 311)
                                                            ; - jdk.internal.classfile.impl.RawBytecodeHelper$CodeRange::start@5 (line 251)
                                                            ;   {runtime_call counter_overflow_blob (C1 runtime)}
  0x00007bf877fff2c3:   jmp    0x00007bf877fff1f1
  0x00007bf877fff2c8:   movabs $0x864a6d78,%r10             ;   {metadata({method} {0x00000000864a6d78} &apos;&lt;init&gt;&apos; &apos;()V&apos; in &apos;java/lang/Object&apos;)}
  0x00007bf877fff2d2:   mov    %r10,0x8(%rsp)
  0x00007bf877fff2d7:   movq   $0xffffffffffffffff,(%rsp)
  0x00007bf877fff2df:   call   0x00007bf87f582fe0           ; ImmutableOopMap {rbx=Oop rax=Oop }
                                                            ;*synchronization entry
                                                            ; - java.lang.Object::&lt;init&gt;@-1 (line 46)
                                                            ; - jdk.internal.classfile.impl.RawBytecodeHelper::&lt;init&gt;@1 (line 311)
                                                            ; - jdk.internal.classfile.impl.RawBytecodeHelper$CodeRange::start@5 (line 251)
                                                            ;   {runtime_call counter_overflow_blob (C1 runtime)}
  0x00007bf877fff2e4:   jmp    0x00007bf877fff22d
  0x00007bf877fff2e9:   mov    0x18(%rax),%esi
  0x00007bf877fff2ec:   shl    $0x3,%rsi
  0x00007bf877fff2f0:   test   %rsi,%rsi
  0x00007bf877fff2f3:   je     0x00007bf877fff23a
  0x00007bf877fff2f9:   mov    %rsi,(%rsp)
  0x00007bf877fff2fd:   call   0x00007bf87f583a60           ;   {runtime_call g1_pre_barrier_slow}
  0x00007bf877fff302:   jmp    0x00007bf877fff23a
  0x00007bf877fff307:   movabs $0x7bf877fff26e,%r10         ;   {internal_word}
  0x00007bf877fff311:   mov    %r10,0x510(%r15)
  0x00007bf877fff318:   jmp    0x00007bf87f4afb60           ;   {runtime_call SafepointBlob}
  0x00007bf877fff31d:   mov    0x5c0(%r15),%rax
  0x00007bf877fff324:   movq   $0x0,0x5c0(%r15)
  0x00007bf877fff32f:   movq   $0x0,0x5c8(%r15)
  0x00007bf877fff33a:   add    $0x50,%rsp
  0x00007bf877fff33e:   pop    %rbp
  0x00007bf877fff33f:   jmp    0x00007bf87f57b760           ;   {runtime_call unwind_exception_blob (C1 runtime)}
  0x00007bf877fff344:   hlt    
  0x00007bf877fff345:   hlt    
  0x00007bf877fff346:   hlt    
  0x00007bf877fff347:   hlt    
[Exception Handler]
  0x00007bf877fff348:   call   0x00007bf87f57ede0           ;   {runtime_call handle_exception_from_callee_blob (C1 runtime)}
  0x00007bf877fff34d:   movabs $0x7bf895d3aec4,%rdi         ;   {external_word}
  0x00007bf877fff357:   and    $0xfffffffffffffff0,%rsp
  0x00007bf877fff35b:   call   0x00007bf895791cc0           ;   {runtime_call MacroAssembler::debug64(char*, long, long*)}
  0x00007bf877fff360:   hlt    
  0x00007bf877fff361:   call   0x00007bf87f4afe60           ;   {runtime_call DeoptimizationBlob}
[Deopt Handler Entry Point]
  0x00007bf877fff366:   jmp    0x00007bf877fff361
--------------------------------------------------------------------------------
[/Disassembly]
