----------------------------------- Assembly -----------------------------------

Compiled method (c2) 543   45       4       jdk.internal.classfile.impl.EntryMap::firstToken (50 bytes)
 total in heap  [0x00007427f7ba8408,0x00007427f7ba8610] = 520
 main code      [0x00007427f7ba8500,0x00007427f7ba85f8] = 248
 stub code      [0x00007427f7ba85f8,0x00007427f7ba8610] = 24
 mutable data [0x000074279c0b9dc0,0x000074279c0b9df8] = 56
 relocation     [0x000074279c0b9dc0,0x000074279c0b9df0] = 48
 metadata       [0x000074279c0b9df0,0x000074279c0b9df8] = 8
 immutable data [0x000074279c0b9c00,0x000074279c0b9db4] = 436
 dependencies   [0x000074279c0b9c00,0x000074279c0b9c08] = 8
 nul chk table  [0x000074279c0b9c08,0x000074279c0b9c18] = 16
 handler table  [0x000074279c0b9c18,0x000074279c0b9c30] = 24
 scopes pcs     [0x000074279c0b9c30,0x000074279c0b9d40] = 272
 scopes data    [0x000074279c0b9d40,0x000074279c0b9db0] = 112

[Disassembly]
--------------------------------------------------------------------------------
[Constant Pool (empty)]

--------------------------------------------------------------------------------

[Instructions begin]
  0x00007427f7ba8500:   xchg   %ax,%ax
[Entry Point]
  # {method} {0x000000006245cc80} &apos;firstToken&apos; &apos;(I)I&apos; in &apos;jdk/internal/classfile/impl/EntryMap&apos;
  # this:     rsi:rsi   = &apos;jdk/internal/classfile/impl/EntryMap&apos;
  # parm0:    rdx       = int
  #           [sp+0x40]  (sp of caller)
  0x00007427f7ba8502:   mov    0x8(%rsi),%r10d
  0x00007427f7ba8506:   cmp    0x8(%rax),%r10d
  0x00007427f7ba850a:   jne    0x00007427f74ad6e0           ;   {runtime_call ic_miss_blob (shared runtime)}
[Verified Entry Point]
  0x00007427f7ba8510:   mov    %eax,-0x14000(%rsp)
  0x00007427f7ba8517:   push   %rbp
  0x00007427f7ba8518:   sub    $0x30,%rsp
  0x00007427f7ba851c:   cmpl   $0x1,0x20(%r15)
  0x00007427f7ba8524:   jne    0x00007427f7ba85e7           ;*synchronization entry
                                                            ; - jdk.internal.classfile.impl.EntryMap::firstToken@-1 (line 81)
  0x00007427f7ba852a:   test   %edx,%edx
  0x00007427f7ba852c:   je     0x00007427f7ba859c           ;*ifne {reexecute=0 rethrow=0 return_oop=0}
                                                            ; - jdk.internal.classfile.impl.EntryMap::firstToken@1 (line 81)
  0x00007427f7ba852e:   mov    %edx,%eax
  0x00007427f7ba8530:   and    0x18(%rsi),%eax
  0x00007427f7ba8533:   mov    0x20(%rsi),%ebp              ;*getfield data {reexecute=0 rethrow=0 return_oop=0}
                                                            ; - jdk.internal.classfile.impl.EntryMap::firstToken@24 (line 85)
  0x00007427f7ba8536:   shl    %eax                         ;*ishl {reexecute=0 rethrow=0 return_oop=0}
                                                            ; - jdk.internal.classfile.impl.EntryMap::firstToken@21 (line 84)
  0x00007427f7ba8538:   mov    0xc(%r12,%rbp,8),%r10d       ; implicit exception: dispatches to 0x00007427f7ba85b0
  0x00007427f7ba853d:   cmp    %r10d,%eax
  0x00007427f7ba8540:   jae    0x00007427f7ba857b
  0x00007427f7ba8542:   lea    (%r12,%rbp,8),%r10
  0x00007427f7ba8546:   mov    0x10(%r10,%rax,4),%r11d      ;*iaload {reexecute=0 rethrow=0 return_oop=0}
                                                            ; - jdk.internal.classfile.impl.EntryMap::firstToken@28 (line 85)
  0x00007427f7ba854b:   test   %r11d,%r11d
  0x00007427f7ba854e:   je     0x00007427f7ba8566           ;*ifne {reexecute=0 rethrow=0 return_oop=0}
                                                            ; - jdk.internal.classfile.impl.EntryMap::firstToken@31 (line 87)
  0x00007427f7ba8550:   cmp    %edx,%r11d
  0x00007427f7ba8553:   je     0x00007427f7ba856b           ;*if_icmpne {reexecute=0 rethrow=0 return_oop=0}
                                                            ; - jdk.internal.classfile.impl.EntryMap::firstToken@38 (line 89)
  0x00007427f7ba8555:   mov    %eax,%ecx
  0x00007427f7ba8557:   call   0x00007427f74ad9e0           ; ImmutableOopMap {}
                                                            ;*invokevirtual nextToken {reexecute=0 rethrow=0 return_oop=0}
                                                            ; - jdk.internal.classfile.impl.EntryMap::firstToken@46 (line 92)
                                                            ;   {optimized virtual_call}
  0x00007427f7ba855c:   nopl   0x154(%rax,%rax,1)           ;*invokevirtual nextToken {reexecute=0 rethrow=0 return_oop=0}
                                                            ; - jdk.internal.classfile.impl.EntryMap::firstToken@46 (line 92)
                                                            ;   {post_call_nop}
  0x00007427f7ba8564:   jmp    0x00007427f7ba856b
  0x00007427f7ba8566:   mov    $0xffffffff,%eax
  0x00007427f7ba856b:   add    $0x30,%rsp
  0x00007427f7ba856f:   pop    %rbp
  0x00007427f7ba8570:   cmp    0x28(%r15),%rsp              ;   {poll_return}
  0x00007427f7ba8574:   ja     0x00007427f7ba85d1
  0x00007427f7ba857a:   ret    
  0x00007427f7ba857b:   mov    %rsi,(%rsp)
  0x00007427f7ba857f:   mov    %edx,0x8(%rsp)
  0x00007427f7ba8583:   mov    %eax,0x10(%rsp)
  0x00007427f7ba8587:   mov    $0xffffffe4,%esi
  0x00007427f7ba858c:   data16 xchg %ax,%ax
  0x00007427f7ba858f:   call   0x00007427f75838e0           ; ImmutableOopMap {rbp=NarrowOop [0]=Oop }
                                                            ;*iaload {reexecute=0 rethrow=0 return_oop=0}
                                                            ; - jdk.internal.classfile.impl.EntryMap::firstToken@28 (line 85)
                                                            ;   {runtime_call UncommonTrapBlob}
  0x00007427f7ba8594:   nopl   0x100018c(%rax,%rax,1)       ;*iaload {reexecute=0 rethrow=0 return_oop=0}
                                                            ; - jdk.internal.classfile.impl.EntryMap::firstToken@28 (line 85)
                                                            ;   {post_call_nop}
  0x00007427f7ba859c:   mov    $0xffffff45,%esi
  0x00007427f7ba85a1:   mov    %edx,%ebp
  0x00007427f7ba85a3:   call   0x00007427f75838e0           ; ImmutableOopMap {}
                                                            ;*ifne {reexecute=1 rethrow=0 return_oop=0}
                                                            ; - (reexecute) jdk.internal.classfile.impl.EntryMap::firstToken@1 (line 81)
                                                            ;   {runtime_call UncommonTrapBlob}
  0x00007427f7ba85a8:   nopl   0x20001a0(%rax,%rax,1)       ;*ifne {reexecute=0 rethrow=0 return_oop=0}
                                                            ; - jdk.internal.classfile.impl.EntryMap::firstToken@1 (line 81)
                                                            ;   {post_call_nop}
  0x00007427f7ba85b0:   mov    $0xfffffff6,%esi
  0x00007427f7ba85b5:   mov    %eax,%ebp
  0x00007427f7ba85b7:   call   0x00007427f75838e0           ; ImmutableOopMap {}
                                                            ;*iaload {reexecute=0 rethrow=0 return_oop=0}
                                                            ; - jdk.internal.classfile.impl.EntryMap::firstToken@28 (line 85)
                                                            ;   {runtime_call UncommonTrapBlob}
  0x00007427f7ba85bc:   nopl   0x30001b4(%rax,%rax,1)       ;*invokevirtual nextToken {reexecute=0 rethrow=0 return_oop=0}
                                                            ; - jdk.internal.classfile.impl.EntryMap::firstToken@46 (line 92)
                                                            ;   {post_call_nop}
  0x00007427f7ba85c4:   mov    %rax,%rsi
  0x00007427f7ba85c7:   add    $0x30,%rsp
  0x00007427f7ba85cb:   pop    %rbp
  0x00007427f7ba85cc:   jmp    0x00007427f758d160           ;   {runtime_call rethrow_blob (C2 runtime)}
  0x00007427f7ba85d1:   movabs $0x7427f7ba8570,%r10         ;   {internal_word}
  0x00007427f7ba85db:   mov    %r10,0x510(%r15)
  0x00007427f7ba85e2:   jmp    0x00007427f74afb60           ;   {runtime_call SafepointBlob}
  0x00007427f7ba85e7:   call   Stub::method_entry_barrier_stub (stub gen)
                                                            ;   {runtime_call Stub::method_entry_barrier_stub (stub gen)}
  0x00007427f7ba85ec:   jmp    0x00007427f7ba852a
  0x00007427f7ba85f1:   hlt    
  0x00007427f7ba85f2:   hlt    
  0x00007427f7ba85f3:   hlt    
  0x00007427f7ba85f4:   hlt    
  0x00007427f7ba85f5:   hlt    
  0x00007427f7ba85f6:   hlt    
  0x00007427f7ba85f7:   hlt    
[Stub Code]
  0x00007427f7ba85f8:   movabs $0x0,%rbx                    ;   {static_stub}
  0x00007427f7ba8602:   jmp    0x00007427f7ba8602           ;   {runtime_call nmethod}
  0x00007427f7ba8607:   call   0x00007427f74afe60           ;   {runtime_call DeoptimizationBlob}
[Deopt Handler Entry Point]
  0x00007427f7ba860c:   jmp    0x00007427f7ba8607
  0x00007427f7ba860e:   hlt    
  0x00007427f7ba860f:   hlt    
--------------------------------------------------------------------------------
[/Disassembly]
