
============================= C1-compiled nmethod ==============================
----------------------------------- Assembly -----------------------------------

Compiled method (c1) 552   46       3       jdk.internal.classfile.impl.BufWriterImpl::writeInt (58 bytes)
 total in heap  [0x00007c5fc3fff008,0x00007c5fc3fff3f0] = 1000
 main code      [0x00007c5fc3fff100,0x00007c5fc3fff3c0] = 704
 stub code      [0x00007c5fc3fff3c0,0x00007c5fc3fff3f0] = 48
 mutable data [0x00007c5f64025040,0x00007c5f640250a0] = 96
 relocation     [0x00007c5f64025040,0x00007c5f64025090] = 80
 metadata       [0x00007c5f64025090,0x00007c5f640250a0] = 16
 immutable data [0x00007c5f64024d90,0x00007c5f64025034] = 676
 dependencies   [0x00007c5f64024d90,0x00007c5f64024d98] = 8
 nul chk table  [0x00007c5f64024d98,0x00007c5f64024db8] = 32
 scopes pcs     [0x00007c5f64024db8,0x00007c5f64024f68] = 432
 scopes data    [0x00007c5f64024f68,0x00007c5f64025030] = 200

[Disassembly]
--------------------------------------------------------------------------------
[Constant Pool (empty)]

--------------------------------------------------------------------------------

[Instructions begin]
  0x00007c5fc3fff100:   data16 data16 nopw 0x0(%rax,%rax,1)
  0x00007c5fc3fff10b:   data16 data16 xchg %ax,%ax
  0x00007c5fc3fff10f:   data16 xchg %ax,%ax
[Entry Point]
  # {method} {0x0000000068347308} &apos;writeInt&apos; &apos;(I)V&apos; in &apos;jdk/internal/classfile/impl/BufWriterImpl&apos;
  # this:     rsi:rsi   = &apos;jdk/internal/classfile/impl/BufWriterImpl&apos;
  # parm0:    rdx       = int
  #           [sp+0x70]  (sp of caller)
  0x00007c5fc3fff112:   mov    0x8(%rsi),%r10d
  0x00007c5fc3fff116:   cmp    0x8(%rax),%r10d
  0x00007c5fc3fff11a:   jne    0x00007c5fcb4ad6e0           ;   {runtime_call ic_miss_blob (shared runtime)}
[Verified Entry Point]
  0x00007c5fc3fff120:   mov    %eax,-0x14000(%rsp)
  0x00007c5fc3fff127:   push   %rbp
  0x00007c5fc3fff128:   sub    $0x60,%rsp
  0x00007c5fc3fff12c:   cmpl   $0x1,0x20(%r15)
  0x00007c5fc3fff134:   je     0x00007c5fc3fff13b
  0x00007c5fc3fff136:   call   Stub::method_entry_barrier_stub (stub gen)
                                                            ;   {runtime_call Stub::method_entry_barrier_stub (stub gen)}
  0x00007c5fc3fff13b:   movabs $0x7c5f7c2853e0,%rdi         ;   {metadata(method data for {method} {0x0000000068347308} &apos;writeInt&apos; &apos;(I)V&apos; in &apos;jdk/internal/classfile/impl/BufWriterImpl&apos;)}
  0x00007c5fc3fff145:   mov    0x90(%rdi),%ebx
  0x00007c5fc3fff14b:   add    $0x2,%ebx
  0x00007c5fc3fff14e:   mov    %ebx,0x90(%rdi)
  0x00007c5fc3fff154:   and    $0x7fe,%ebx
  0x00007c5fc3fff15a:   test   %ebx,%ebx
  0x00007c5fc3fff15c:   je     0x00007c5fc3fff2f8           ;*aload_0 {reexecute=0 rethrow=0 return_oop=0}
                                                            ; - jdk.internal.classfile.impl.BufWriterImpl::writeInt@0 (line 215)
  0x00007c5fc3fff162:   mov    %rsi,%rdi
  0x00007c5fc3fff165:   movabs $0x7c5f7c2853e0,%rbx         ;   {metadata(method data for {method} {0x0000000068347308} &apos;writeInt&apos; &apos;(I)V&apos; in &apos;jdk/internal/classfile/impl/BufWriterImpl&apos;)}
  0x00007c5fc3fff16f:   mov    0x8(%rdi),%edi
  0x00007c5fc3fff172:   mov    $0x68000000,%r10d
  0x00007c5fc3fff178:   add    %r10,%rdi
  0x00007c5fc3fff17b:   mov    $0x1c,%r10d
  0x00007c5fc3fff181:   cmp    (%rbx,%r10,8),%rdi
  0x00007c5fc3fff185:   je     0x00007c5fc3fff1be
  0x00007c5fc3fff187:   add    $0x2,%r10
  0x00007c5fc3fff18b:   cmp    $0x20,%r10
  0x00007c5fc3fff18f:   jne    0x00007c5fc3fff181
  0x00007c5fc3fff191:   mov    $0x1c,%r10d
  0x00007c5fc3fff197:   cmpq   $0x0,(%rbx,%r10,8)
  0x00007c5fc3fff19c:   je     0x00007c5fc3fff1aa
  0x00007c5fc3fff19e:   add    $0x2,%r10
  0x00007c5fc3fff1a2:   cmp    $0x20,%r10
  0x00007c5fc3fff1a6:   jne    0x00007c5fc3fff197
  0x00007c5fc3fff1a8:   jmp    0x00007c5fc3fff1b6
  0x00007c5fc3fff1aa:   push   %rax
  0x00007c5fc3fff1ab:   xor    %rax,%rax
  0x00007c5fc3fff1ae:   cmpxchg %rdi,(%rbx,%r10,8)
  0x00007c5fc3fff1b3:   pop    %rax
  0x00007c5fc3fff1b4:   jmp    0x00007c5fc3fff17b
  0x00007c5fc3fff1b6:   mov    $0x1b,%r10d
  0x00007c5fc3fff1bc:   jmp    0x00007c5fc3fff1c2
  0x00007c5fc3fff1be:   add    $0x1,%r10
  0x00007c5fc3fff1c2:   addq   $0x1,(%rbx,%r10,8)
  0x00007c5fc3fff1c7:   movabs $0x7c5f7c285108,%rdi         ;   {metadata(method data for {method} {0x0000000068347728} &apos;reserveSpace&apos; &apos;(I)V&apos; in &apos;jdk/internal/classfile/impl/BufWriterImpl&apos;)}
  0x00007c5fc3fff1d1:   mov    0x90(%rdi),%ebx
  0x00007c5fc3fff1d7:   add    $0x2,%ebx
  0x00007c5fc3fff1da:   mov    %ebx,0x90(%rdi)
  0x00007c5fc3fff1e0:   and    $0x1ffffe,%ebx
  0x00007c5fc3fff1e6:   test   %ebx,%ebx
  0x00007c5fc3fff1e8:   je     0x00007c5fc3fff319
  0x00007c5fc3fff1ee:   mov    0x10(%rsi),%edi              ;*getfield offset {reexecute=0 rethrow=0 return_oop=0}
                                                            ; - jdk.internal.classfile.impl.BufWriterImpl::reserveSpace@1 (line 354)
                                                            ; - jdk.internal.classfile.impl.BufWriterImpl::writeInt@2 (line 215)
  0x00007c5fc3fff1f1:   add    $0x4,%edi
  0x00007c5fc3fff1f4:   mov    0x28(%rsi),%ebx
  0x00007c5fc3fff1f7:   shl    $0x3,%rbx                    ;*getfield elems {reexecute=0 rethrow=0 return_oop=0}
                                                            ; - jdk.internal.classfile.impl.BufWriterImpl::reserveSpace@9 (line 355)
                                                            ; - jdk.internal.classfile.impl.BufWriterImpl::writeInt@2 (line 215)
  0x00007c5fc3fff1fb:   mov    0xc(%rbx),%ebx               ; implicit exception: dispatches to 0x00007c5fc3fff33a
                                                            ;*arraylength {reexecute=0 rethrow=0 return_oop=0}
                                                            ; - jdk.internal.classfile.impl.BufWriterImpl::reserveSpace@12 (line 355)
                                                            ; - jdk.internal.classfile.impl.BufWriterImpl::writeInt@2 (line 215)
  0x00007c5fc3fff1fe:   cmp    %ebx,%edi
  0x00007c5fc3fff200:   movabs $0x7c5f7c285108,%rbx         ;   {metadata(method data for {method} {0x0000000068347728} &apos;reserveSpace&apos; &apos;(I)V&apos; in &apos;jdk/internal/classfile/impl/BufWriterImpl&apos;)}
  0x00007c5fc3fff20a:   mov    $0xe8,%eax
  0x00007c5fc3fff20f:   jg     0x00007c5fc3fff216
  0x00007c5fc3fff211:   mov    $0xd8,%eax
  0x00007c5fc3fff216:   mov    (%rbx,%rax,1),%rcx
  0x00007c5fc3fff21a:   lea    0x1(%rcx),%rcx
  0x00007c5fc3fff21e:   mov    %rcx,(%rbx,%rax,1)
  0x00007c5fc3fff222:   mov    %edx,0x48(%rsp)
  0x00007c5fc3fff226:   jg     0x00007c5fc3fff236           ;*if_icmple {reexecute=0 rethrow=0 return_oop=0}
                                                            ; - jdk.internal.classfile.impl.BufWriterImpl::reserveSpace@13 (line 355)
                                                            ; - jdk.internal.classfile.impl.BufWriterImpl::writeInt@2 (line 215)
  0x00007c5fc3fff22c:   mov    %rsi,0x40(%rsp)
  0x00007c5fc3fff231:   jmp    0x00007c5fc3fff26c           ;*return {reexecute=0 rethrow=0 return_oop=0}
                                                            ; - jdk.internal.classfile.impl.BufWriterImpl::reserveSpace@21 (line 358)
                                                            ; - jdk.internal.classfile.impl.BufWriterImpl::writeInt@2 (line 215)
  0x00007c5fc3fff236:   mov    %rsi,%rbx
  0x00007c5fc3fff239:   movabs $0x7c5f7c285108,%rax         ;   {metadata(method data for {method} {0x0000000068347728} &apos;reserveSpace&apos; &apos;(I)V&apos; in &apos;jdk/internal/classfile/impl/BufWriterImpl&apos;)}
  0x00007c5fc3fff243:   addq   $0x1,0xf8(%rax)
  0x00007c5fc3fff24b:   mov    %rdi,%rdx
  0x00007c5fc3fff24e:   mov    %rsi,%rdi
  0x00007c5fc3fff251:   mov    %rdi,%rsi                    ;*invokevirtual grow {reexecute=0 rethrow=0 return_oop=0}
                                                            ; - jdk.internal.classfile.impl.BufWriterImpl::reserveSpace@18 (line 356)
                                                            ; - jdk.internal.classfile.impl.BufWriterImpl::writeInt@2 (line 215)
  0x00007c5fc3fff254:   mov    %rdi,0x40(%rsp)
  0x00007c5fc3fff259:   nopw   0x0(%rax,%rax,1)
  0x00007c5fc3fff25f:   call   0x00007c5fcb4ad9e0           ; ImmutableOopMap {[64]=Oop }
                                                            ;*invokevirtual grow {reexecute=0 rethrow=0 return_oop=0}
                                                            ; - jdk.internal.classfile.impl.BufWriterImpl::reserveSpace@18 (line 356)
                                                            ; - jdk.internal.classfile.impl.BufWriterImpl::writeInt@2 (line 215)
                                                            ;   {optimized virtual_call}
  0x00007c5fc3fff264:   nopl   0x25c(%rax,%rax,1)           ;*invokevirtual grow {reexecute=0 rethrow=0 return_oop=0}
                                                            ; - jdk.internal.classfile.impl.BufWriterImpl::reserveSpace@18 (line 356)
                                                            ; - jdk.internal.classfile.impl.BufWriterImpl::writeInt@2 (line 215)
                                                            ;   {post_call_nop}
  0x00007c5fc3fff26c:   mov    0x48(%rsp),%edx
  0x00007c5fc3fff270:   mov    0x40(%rsp),%rsi
  0x00007c5fc3fff275:   mov    0x28(%rsi),%edi
  0x00007c5fc3fff278:   shl    $0x3,%rdi                    ;*getfield elems {reexecute=0 rethrow=0 return_oop=0}
                                                            ; - jdk.internal.classfile.impl.BufWriterImpl::writeInt@6 (line 216)
  0x00007c5fc3fff27c:   mov    0x10(%rsi),%ebx              ;*getfield offset {reexecute=0 rethrow=0 return_oop=0}
                                                            ; - jdk.internal.classfile.impl.BufWriterImpl::writeInt@11 (line 217)
  0x00007c5fc3fff27f:   mov    %rdx,%rax
  0x00007c5fc3fff282:   sar    $0x18,%eax
  0x00007c5fc3fff285:   cmp    0xc(%rdi),%ebx               ; implicit exception: dispatches to 0x00007c5fc3fff33f
  0x00007c5fc3fff288:   jae    0x00007c5fc3fff349
  0x00007c5fc3fff28e:   movslq %ebx,%rcx
  0x00007c5fc3fff291:   mov    %al,0x10(%rdi,%rcx,1)        ;*bastore {reexecute=0 rethrow=0 return_oop=0}
                                                            ; - jdk.internal.classfile.impl.BufWriterImpl::writeInt@22 (line 218)
  0x00007c5fc3fff295:   mov    %rbx,%rax
  0x00007c5fc3fff298:   inc    %eax
  0x00007c5fc3fff29a:   mov    %rdx,%rcx
  0x00007c5fc3fff29d:   sar    $0x10,%ecx
  0x00007c5fc3fff2a0:   cmp    0xc(%rdi),%eax
  0x00007c5fc3fff2a3:   jae    0x00007c5fc3fff357
  0x00007c5fc3fff2a9:   movslq %eax,%rax
  0x00007c5fc3fff2ac:   mov    %cl,0x10(%rdi,%rax,1)        ;*bastore {reexecute=0 rethrow=0 return_oop=0}
                                                            ; - jdk.internal.classfile.impl.BufWriterImpl::writeInt@32 (line 219)
  0x00007c5fc3fff2b0:   mov    %rbx,%rax
  0x00007c5fc3fff2b3:   add    $0x2,%eax
  0x00007c5fc3fff2b6:   mov    %rdx,%rcx
  0x00007c5fc3fff2b9:   sar    $0x8,%ecx
  0x00007c5fc3fff2bc:   cmp    0xc(%rdi),%eax
  0x00007c5fc3fff2bf:   jae    0x00007c5fc3fff365
  0x00007c5fc3fff2c5:   movslq %eax,%rax
  0x00007c5fc3fff2c8:   mov    %cl,0x10(%rdi,%rax,1)        ;*bastore {reexecute=0 rethrow=0 return_oop=0}
                                                            ; - jdk.internal.classfile.impl.BufWriterImpl::writeInt@42 (line 220)
  0x00007c5fc3fff2cc:   mov    %rbx,%rax
  0x00007c5fc3fff2cf:   add    $0x3,%eax
  0x00007c5fc3fff2d2:   cmp    0xc(%rdi),%eax
  0x00007c5fc3fff2d5:   jae    0x00007c5fc3fff373
  0x00007c5fc3fff2db:   movslq %eax,%rax
  0x00007c5fc3fff2de:   mov    %dl,0x10(%rdi,%rax,1)        ;*bastore {reexecute=0 rethrow=0 return_oop=0}
                                                            ; - jdk.internal.classfile.impl.BufWriterImpl::writeInt@49 (line 221)
  0x00007c5fc3fff2e2:   add    $0x4,%ebx
  0x00007c5fc3fff2e5:   mov    %ebx,0x10(%rsi)              ;*putfield offset {reexecute=0 rethrow=0 return_oop=0}
                                                            ; - jdk.internal.classfile.impl.BufWriterImpl::writeInt@54 (line 222)
  0x00007c5fc3fff2e8:   add    $0x60,%rsp
  0x00007c5fc3fff2ec:   pop    %rbp
  0x00007c5fc3fff2ed:   cmp    0x28(%r15),%rsp              ;   {poll_return}
  0x00007c5fc3fff2f1:   ja     0x00007c5fc3fff381
  0x00007c5fc3fff2f7:   ret    
  0x00007c5fc3fff2f8:   movabs $0x68347308,%r10             ;   {metadata({method} {0x0000000068347308} &apos;writeInt&apos; &apos;(I)V&apos; in &apos;jdk/internal/classfile/impl/BufWriterImpl&apos;)}
  0x00007c5fc3fff302:   mov    %r10,0x8(%rsp)
  0x00007c5fc3fff307:   movq   $0xffffffffffffffff,(%rsp)
  0x00007c5fc3fff30f:   call   0x00007c5fcb582fe0           ; ImmutableOopMap {rsi=Oop }
                                                            ;*synchronization entry
                                                            ; - jdk.internal.classfile.impl.BufWriterImpl::writeInt@-1 (line 215)
                                                            ;   {runtime_call counter_overflow_blob (C1 runtime)}
  0x00007c5fc3fff314:   jmp    0x00007c5fc3fff162
  0x00007c5fc3fff319:   movabs $0x68347728,%r10             ;   {metadata({method} {0x0000000068347728} &apos;reserveSpace&apos; &apos;(I)V&apos; in &apos;jdk/internal/classfile/impl/BufWriterImpl&apos;)}
  0x00007c5fc3fff323:   mov    %r10,0x8(%rsp)
  0x00007c5fc3fff328:   movq   $0xffffffffffffffff,(%rsp)
  0x00007c5fc3fff330:   call   0x00007c5fcb582fe0           ; ImmutableOopMap {rsi=Oop }
                                                            ;*synchronization entry
                                                            ; - jdk.internal.classfile.impl.BufWriterImpl::reserveSpace@-1 (line 354)
                                                            ; - jdk.internal.classfile.impl.BufWriterImpl::writeInt@2 (line 215)
                                                            ;   {runtime_call counter_overflow_blob (C1 runtime)}
  0x00007c5fc3fff335:   jmp    0x00007c5fc3fff1ee
  0x00007c5fc3fff33a:   call   0x00007c5fcb57c660           ; ImmutableOopMap {rsi=Oop }
                                                            ;*arraylength {reexecute=0 rethrow=0 return_oop=0}
                                                            ; - jdk.internal.classfile.impl.BufWriterImpl::reserveSpace@12 (line 355)
                                                            ; - jdk.internal.classfile.impl.BufWriterImpl::writeInt@2 (line 215)
                                                            ;   {runtime_call throw_null_pointer_exception_blob (C1 runtime)}
  0x00007c5fc3fff33f:   call   0x00007c5fcb57c660           ; ImmutableOopMap {rsi=Oop rdi=Oop }
                                                            ;*bastore {reexecute=0 rethrow=0 return_oop=0}
                                                            ; - jdk.internal.classfile.impl.BufWriterImpl::writeInt@22 (line 218)
                                                            ;   {runtime_call throw_null_pointer_exception_blob (C1 runtime)}
  0x00007c5fc3fff344:   call   0x00007c5fcb57c660           ; ImmutableOopMap {rsi=Oop rdi=Oop }
                                                            ;*bastore {reexecute=0 rethrow=0 return_oop=0}
                                                            ; - jdk.internal.classfile.impl.BufWriterImpl::writeInt@22 (line 218)
                                                            ;   {runtime_call throw_null_pointer_exception_blob (C1 runtime)}
  0x00007c5fc3fff349:   mov    %rbx,(%rsp)
  0x00007c5fc3fff34d:   mov    %rdi,0x8(%rsp)
  0x00007c5fc3fff352:   call   0x00007c5fcb57bd60           ; ImmutableOopMap {rsi=Oop rdi=Oop }
                                                            ;*bastore {reexecute=0 rethrow=0 return_oop=0}
                                                            ; - jdk.internal.classfile.impl.BufWriterImpl::writeInt@22 (line 218)
                                                            ;   {runtime_call throw_range_check_failed_blob (C1 runtime)}
  0x00007c5fc3fff357:   mov    %rax,(%rsp)
  0x00007c5fc3fff35b:   mov    %rdi,0x8(%rsp)
  0x00007c5fc3fff360:   call   0x00007c5fcb57bd60           ; ImmutableOopMap {rsi=Oop rdi=Oop }
                                                            ;*bastore {reexecute=0 rethrow=0 return_oop=0}
                                                            ; - jdk.internal.classfile.impl.BufWriterImpl::writeInt@32 (line 219)
                                                            ;   {runtime_call throw_range_check_failed_blob (C1 runtime)}
  0x00007c5fc3fff365:   mov    %rax,(%rsp)
  0x00007c5fc3fff369:   mov    %rdi,0x8(%rsp)
  0x00007c5fc3fff36e:   call   0x00007c5fcb57bd60           ; ImmutableOopMap {rsi=Oop rdi=Oop }
                                                            ;*bastore {reexecute=0 rethrow=0 return_oop=0}
                                                            ; - jdk.internal.classfile.impl.BufWriterImpl::writeInt@42 (line 220)
                                                            ;   {runtime_call throw_range_check_failed_blob (C1 runtime)}
  0x00007c5fc3fff373:   mov    %rax,(%rsp)
  0x00007c5fc3fff377:   mov    %rdi,0x8(%rsp)
  0x00007c5fc3fff37c:   call   0x00007c5fcb57bd60           ; ImmutableOopMap {rsi=Oop rdi=Oop }
                                                            ;*bastore {reexecute=0 rethrow=0 return_oop=0}
                                                            ; - jdk.internal.classfile.impl.BufWriterImpl::writeInt@49 (line 221)
                                                            ;   {runtime_call throw_range_check_failed_blob (C1 runtime)}
  0x00007c5fc3fff381:   movabs $0x7c5fc3fff2ed,%r10         ;   {internal_word}
  0x00007c5fc3fff38b:   mov    %r10,0x510(%r15)
  0x00007c5fc3fff392:   jmp    0x00007c5fcb4afb60           ;   {runtime_call SafepointBlob}
  0x00007c5fc3fff397:   mov    0x5c0(%r15),%rax
  0x00007c5fc3fff39e:   movq   $0x0,0x5c0(%r15)
  0x00007c5fc3fff3a9:   movq   $0x0,0x5c8(%r15)
  0x00007c5fc3fff3b4:   add    $0x60,%rsp
  0x00007c5fc3fff3b8:   pop    %rbp
  0x00007c5fc3fff3b9:   jmp    0x00007c5fcb57b760           ;   {runtime_call unwind_exception_blob (C1 runtime)}
  0x00007c5fc3fff3be:   hlt    
  0x00007c5fc3fff3bf:   hlt    
[Stub Code]
  0x00007c5fc3fff3c0:   movabs $0x0,%rbx                    ;   {static_stub}
  0x00007c5fc3fff3ca:   jmp    0x00007c5fc3fff3ca           ;   {runtime_call nmethod}
[Exception Handler]
  0x00007c5fc3fff3cf:   call   0x00007c5fcb57e8e0           ;   {runtime_call handle_exception_from_callee_blob (C1 runtime)}
  0x00007c5fc3fff3d4:   movabs $0x7c5fe193aec4,%rdi         ;   {external_word}
  0x00007c5fc3fff3de:   and    $0xfffffffffffffff0,%rsp
  0x00007c5fc3fff3e2:   call   0x00007c5fe1391cc0           ;   {runtime_call MacroAssembler::debug64(char*, long, long*)}
  0x00007c5fc3fff3e7:   hlt    
  0x00007c5fc3fff3e8:   call   0x00007c5fcb4afe60           ;   {runtime_call DeoptimizationBlob}
[Deopt Handler Entry Point]
  0x00007c5fc3fff3ed:   jmp    0x00007c5fc3fff3e8
  0x00007c5fc3fff3ef:   hlt    
--------------------------------------------------------------------------------
[/Disassembly]
