
============================= C1-compiled nmethod ==============================
----------------------------------- Assembly -----------------------------------

Compiled method (c1) 477   46       3       jdk.internal.classfile.impl.AbstractPoolEntry$ClassEntryImpl::hashCode (37 bytes)
 total in heap  [0x000072ebfffff008,0x000072ebfffff850] = 2120
 main code      [0x000072ebfffff100,0x000072ebfffff800] = 1792
 stub code      [0x000072ebfffff800,0x000072ebfffff850] = 80
 mutable data [0x000072eba403d560,0x000072eba403d640] = 224
 relocation     [0x000072eba403d560,0x000072eba403d610] = 176
 metadata       [0x000072eba403d610,0x000072eba403d640] = 48
 immutable data [0x000072eba403d0f0,0x000072eba403d554] = 1124
 dependencies   [0x000072eba403d0f0,0x000072eba403d100] = 16
 nul chk table  [0x000072eba403d100,0x000072eba403d118] = 24
 scopes pcs     [0x000072eba403d118,0x000072eba403d3c8] = 688
 scopes data    [0x000072eba403d3c8,0x000072eba403d550] = 392

[Disassembly]
--------------------------------------------------------------------------------
[Constant Pool (empty)]

--------------------------------------------------------------------------------

[Instructions begin]
  0x000072ebfffff100:   data16 data16 nopw 0x0(%rax,%rax,1)
  0x000072ebfffff10b:   data16 data16 xchg %ax,%ax
  0x000072ebfffff10f:   data16 xchg %ax,%ax
[Entry Point]
  # {method} {0x0000000023341478} &apos;hashCode&apos; &apos;()I&apos; in &apos;jdk/internal/classfile/impl/AbstractPoolEntry$ClassEntryImpl&apos;
  #           [sp+0xa0]  (sp of caller)
  0x000072ebfffff112:   mov    0x8(%rsi),%r10d
  0x000072ebfffff116:   cmp    0x8(%rax),%r10d
  0x000072ebfffff11a:   jne    0x000072ec074ad6e0           ;   {runtime_call ic_miss_blob (shared runtime)}
[Verified Entry Point]
  0x000072ebfffff120:   mov    %eax,-0x14000(%rsp)
  0x000072ebfffff127:   push   %rbp
  0x000072ebfffff128:   sub    $0x90,%rsp
  0x000072ebfffff12f:   nop
  0x000072ebfffff130:   cmpl   $0x1,0x20(%r15)
  0x000072ebfffff138:   je     0x000072ebfffff13f
  0x000072ebfffff13a:   call   Stub::method_entry_barrier_stub (stub gen)
                                                            ;   {runtime_call Stub::method_entry_barrier_stub (stub gen)}
  0x000072ebfffff13f:   mov    %rsi,0x68(%rsp)
  0x000072ebfffff144:   movabs $0x72ebbc2864c8,%rdi         ;   {metadata(method data for {method} {0x0000000023341478} &apos;hashCode&apos; &apos;()I&apos; in &apos;jdk/internal/classfile/impl/AbstractPoolEntry$ClassEntryImpl&apos;)}
  0x000072ebfffff14e:   mov    0x90(%rdi),%ebx
  0x000072ebfffff154:   add    $0x2,%ebx
  0x000072ebfffff157:   mov    %ebx,0x90(%rdi)
  0x000072ebfffff15d:   and    $0x7fe,%ebx
  0x000072ebfffff163:   test   %ebx,%ebx
  0x000072ebfffff165:   je     0x000072ebfffff6c1           ;*aload_0 {reexecute=0 rethrow=0 return_oop=0}
                                                            ; - jdk.internal.classfile.impl.AbstractPoolEntry$ClassEntryImpl::hashCode@0 (line 671)
  0x000072ebfffff16b:   mov    0x20(%rsi),%edi              ;*getfield hash {reexecute=0 rethrow=0 return_oop=0}
                                                            ; - jdk.internal.classfile.impl.AbstractPoolEntry$ClassEntryImpl::hashCode@1 (line 671)
  0x000072ebfffff16e:   test   %edi,%edi
  0x000072ebfffff170:   movabs $0x72ebbc2864c8,%rbx         ;   {metadata(method data for {method} {0x0000000023341478} &apos;hashCode&apos; &apos;()I&apos; in &apos;jdk/internal/classfile/impl/AbstractPoolEntry$ClassEntryImpl&apos;)}
  0x000072ebfffff17a:   mov    $0xe8,%eax
  0x000072ebfffff17f:   jne    0x000072ebfffff186
  0x000072ebfffff181:   mov    $0xd8,%eax
  0x000072ebfffff186:   mov    (%rbx,%rax,1),%rdx
  0x000072ebfffff18a:   lea    0x1(%rdx),%rdx
  0x000072ebfffff18e:   mov    %rdx,(%rbx,%rax,1)
  0x000072ebfffff192:   jne    0x000072ebfffff6ab           ;*ifeq {reexecute=0 rethrow=0 return_oop=0}
                                                            ; - jdk.internal.classfile.impl.AbstractPoolEntry$ClassEntryImpl::hashCode@6 (line 672)
  0x000072ebfffff198:   mov    0x18(%rsi),%edi
  0x000072ebfffff19b:   shl    $0x3,%rdi                    ;*getfield ref1 {reexecute=0 rethrow=0 return_oop=0}
                                                            ; - jdk.internal.classfile.impl.AbstractPoolEntry$ClassEntryImpl::hashCode@13 (line 675)
  0x000072ebfffff19f:   test   %rdi,%rdi
  0x000072ebfffff1a2:   movabs $0x72ebbc2864c8,%rax         ;   {metadata(method data for {method} {0x0000000023341478} &apos;hashCode&apos; &apos;()I&apos; in &apos;jdk/internal/classfile/impl/AbstractPoolEntry$ClassEntryImpl&apos;)}
  0x000072ebfffff1ac:   jne    0x000072ebfffff1ba
  0x000072ebfffff1ae:   orb    $0x1,0xf1(%rax)
  0x000072ebfffff1b5:   jmp    0x000072ebfffff23c
  0x000072ebfffff1ba:   mov    0x8(%rdi),%edx
  0x000072ebfffff1bd:   mov    $0x23000000,%r10d
  0x000072ebfffff1c3:   add    %r10,%rdx
  0x000072ebfffff1c6:   mov    $0x20,%r10d
  0x000072ebfffff1cc:   cmp    (%rax,%r10,8),%rdx
  0x000072ebfffff1d0:   je     0x000072ebfffff20f
  0x000072ebfffff1d2:   add    $0x2,%r10
  0x000072ebfffff1d6:   cmp    $0x24,%r10
  0x000072ebfffff1da:   jne    0x000072ebfffff1cc
  0x000072ebfffff1dc:   mov    $0x20,%r10d
  0x000072ebfffff1e2:   cmpq   $0x0,(%rax,%r10,8)
  0x000072ebfffff1e7:   je     0x000072ebfffff1f5
  0x000072ebfffff1e9:   add    $0x2,%r10
  0x000072ebfffff1ed:   cmp    $0x24,%r10
  0x000072ebfffff1f1:   jne    0x000072ebfffff1e2
  0x000072ebfffff1f3:   jmp    0x000072ebfffff207
  0x000072ebfffff1f5:   push   %rbx
  0x000072ebfffff1f6:   mov    %rax,%rbx
  0x000072ebfffff1f9:   xor    %rax,%rax
  0x000072ebfffff1fc:   cmpxchg %rdx,(%rbx,%r10,8)
  0x000072ebfffff201:   mov    %rbx,%rax
  0x000072ebfffff204:   pop    %rbx
  0x000072ebfffff205:   jmp    0x000072ebfffff1c6
  0x000072ebfffff207:   mov    $0x1f,%r10d
  0x000072ebfffff20d:   jmp    0x000072ebfffff213
  0x000072ebfffff20f:   add    $0x1,%r10
  0x000072ebfffff213:   addq   $0x1,(%rax,%r10,8)
  0x000072ebfffff218:   movabs $0x2333e8d8,%rdx             ;   {metadata(&apos;jdk/internal/classfile/impl/AbstractPoolEntry$Utf8EntryImpl&apos;)}
  0x000072ebfffff222:   mov    0x8(%rdi),%ebx
  0x000072ebfffff225:   mov    $0x23000000,%r10d
  0x000072ebfffff22b:   add    %r10,%rbx
  0x000072ebfffff22e:   cmp    %rbx,%rdx
  0x000072ebfffff231:   jne    0x000072ebfffff6e2
  0x000072ebfffff237:   jmp    0x000072ebfffff23c           ;*checkcast {reexecute=0 rethrow=0 return_oop=0}
                                                            ; - jdk.internal.classfile.impl.AbstractPoolEntry$ClassEntryImpl::hashCode@16 (line 675)
  0x000072ebfffff23c:   cmp    (%rdi),%rax                  ; implicit exception: dispatches to 0x000072ebfffff6eb
  0x000072ebfffff23f:   mov    %rdi,%rbx
  0x000072ebfffff242:   movabs $0x72ebbc2864c8,%rax         ;   {metadata(method data for {method} {0x0000000023341478} &apos;hashCode&apos; &apos;()I&apos; in &apos;jdk/internal/classfile/impl/AbstractPoolEntry$ClassEntryImpl&apos;)}
  0x000072ebfffff24c:   mov    0x8(%rbx),%ebx
  0x000072ebfffff24f:   mov    $0x23000000,%r10d
  0x000072ebfffff255:   add    %r10,%rbx
  0x000072ebfffff258:   mov    $0x26,%r10d
  0x000072ebfffff25e:   cmp    (%rax,%r10,8),%rbx
  0x000072ebfffff262:   je     0x000072ebfffff2a1
  0x000072ebfffff264:   add    $0x2,%r10
  0x000072ebfffff268:   cmp    $0x2a,%r10
  0x000072ebfffff26c:   jne    0x000072ebfffff25e
  0x000072ebfffff26e:   mov    $0x26,%r10d
  0x000072ebfffff274:   cmpq   $0x0,(%rax,%r10,8)
  0x000072ebfffff279:   je     0x000072ebfffff287
  0x000072ebfffff27b:   add    $0x2,%r10
  0x000072ebfffff27f:   cmp    $0x2a,%r10
  0x000072ebfffff283:   jne    0x000072ebfffff274
  0x000072ebfffff285:   jmp    0x000072ebfffff299
  0x000072ebfffff287:   push   %rcx
  0x000072ebfffff288:   mov    %rax,%rcx
  0x000072ebfffff28b:   xor    %rax,%rax
  0x000072ebfffff28e:   cmpxchg %rbx,(%rcx,%r10,8)
  0x000072ebfffff293:   mov    %rcx,%rax
  0x000072ebfffff296:   pop    %rcx
  0x000072ebfffff297:   jmp    0x000072ebfffff258
  0x000072ebfffff299:   mov    $0x25,%r10d
  0x000072ebfffff29f:   jmp    0x000072ebfffff2a5
  0x000072ebfffff2a1:   add    $0x1,%r10
  0x000072ebfffff2a5:   addq   $0x1,(%rax,%r10,8)
  0x000072ebfffff2aa:   mov    %rdi,%rsi                    ;*invokevirtual mayBeArrayDescriptor {reexecute=0 rethrow=0 return_oop=0}
                                                            ; - jdk.internal.classfile.impl.AbstractPoolEntry$ClassEntryImpl::hashCode@19 (line 675)
  0x000072ebfffff2ad:   xchg   %ax,%ax
  0x000072ebfffff2af:   call   0x000072ec074ad9e0           ; ImmutableOopMap {[104]=Oop }
                                                            ;*invokevirtual mayBeArrayDescriptor {reexecute=0 rethrow=0 return_oop=0}
                                                            ; - jdk.internal.classfile.impl.AbstractPoolEntry$ClassEntryImpl::hashCode@19 (line 675)
                                                            ;   {optimized virtual_call}
  0x000072ebfffff2b4:   nopl   0x2ac(%rax,%rax,1)           ;*invokevirtual mayBeArrayDescriptor {reexecute=0 rethrow=0 return_oop=0}
                                                            ; - jdk.internal.classfile.impl.AbstractPoolEntry$ClassEntryImpl::hashCode@19 (line 675)
                                                            ;   {post_call_nop}
  0x000072ebfffff2bc:   mov    0x68(%rsp),%rsi
  0x000072ebfffff2c1:   mov    0x18(%rsi),%edi
  0x000072ebfffff2c4:   shl    $0x3,%rdi                    ;*getfield ref1 {reexecute=0 rethrow=0 return_oop=0}
                                                            ; - jdk.internal.classfile.impl.AbstractPoolEntry$ClassEntryImpl::hashCode@23 (line 675)
  0x000072ebfffff2c8:   test   %rdi,%rdi
  0x000072ebfffff2cb:   movabs $0x72ebbc2864c8,%rdx         ;   {metadata(method data for {method} {0x0000000023341478} &apos;hashCode&apos; &apos;()I&apos; in &apos;jdk/internal/classfile/impl/AbstractPoolEntry$ClassEntryImpl&apos;)}
  0x000072ebfffff2d5:   jne    0x000072ebfffff2e3
  0x000072ebfffff2d7:   orb    $0x1,0x151(%rdx)
  0x000072ebfffff2de:   jmp    0x000072ebfffff35f
  0x000072ebfffff2e3:   mov    0x8(%rdi),%ecx
  0x000072ebfffff2e6:   mov    $0x23000000,%r10d
  0x000072ebfffff2ec:   add    %r10,%rcx
  0x000072ebfffff2ef:   mov    $0x2c,%r10d
  0x000072ebfffff2f5:   cmp    (%rdx,%r10,8),%rcx
  0x000072ebfffff2f9:   je     0x000072ebfffff332
  0x000072ebfffff2fb:   add    $0x2,%r10
  0x000072ebfffff2ff:   cmp    $0x30,%r10
  0x000072ebfffff303:   jne    0x000072ebfffff2f5
  0x000072ebfffff305:   mov    $0x2c,%r10d
  0x000072ebfffff30b:   cmpq   $0x0,(%rdx,%r10,8)
  0x000072ebfffff310:   je     0x000072ebfffff31e
  0x000072ebfffff312:   add    $0x2,%r10
  0x000072ebfffff316:   cmp    $0x30,%r10
  0x000072ebfffff31a:   jne    0x000072ebfffff30b
  0x000072ebfffff31c:   jmp    0x000072ebfffff32a
  0x000072ebfffff31e:   push   %rax
  0x000072ebfffff31f:   xor    %rax,%rax
  0x000072ebfffff322:   cmpxchg %rcx,(%rdx,%r10,8)
  0x000072ebfffff327:   pop    %rax
  0x000072ebfffff328:   jmp    0x000072ebfffff2ef
  0x000072ebfffff32a:   mov    $0x2b,%r10d
  0x000072ebfffff330:   jmp    0x000072ebfffff336
  0x000072ebfffff332:   add    $0x1,%r10
  0x000072ebfffff336:   addq   $0x1,(%rdx,%r10,8)
  0x000072ebfffff33b:   movabs $0x2333e8d8,%rcx             ;   {metadata(&apos;jdk/internal/classfile/impl/AbstractPoolEntry$Utf8EntryImpl&apos;)}
  0x000072ebfffff345:   mov    0x8(%rdi),%ebx
  0x000072ebfffff348:   mov    $0x23000000,%r10d
  0x000072ebfffff34e:   add    %r10,%rbx
  0x000072ebfffff351:   cmp    %rbx,%rcx
  0x000072ebfffff354:   jne    0x000072ebfffff6f0
  0x000072ebfffff35a:   jmp    0x000072ebfffff35f           ;*checkcast {reexecute=0 rethrow=0 return_oop=0}
                                                            ; - jdk.internal.classfile.impl.AbstractPoolEntry$ClassEntryImpl::hashCode@26 (line 675)
  0x000072ebfffff35f:   mov    %rdi,0x70(%rsp)
  0x000072ebfffff364:   movabs $0x72ebbc2864c8,%rbx         ;   {metadata(method data for {method} {0x0000000023341478} &apos;hashCode&apos; &apos;()I&apos; in &apos;jdk/internal/classfile/impl/AbstractPoolEntry$ClassEntryImpl&apos;)}
  0x000072ebfffff36e:   addq   $0x1,0x188(%rbx)
  0x000072ebfffff376:   movabs $0x72ebbc286a20,%rbx         ;   {metadata(method data for {method} {0x000000002333fc80} &apos;hashClassFromUtf8&apos; &apos;(ZLjdk/internal/classfile/impl/AbstractPoolEntry$Utf8EntryImpl;)I&apos; in &apos;jdk/internal/classfile/impl/AbstractPoolEntry&apos;)}
  0x000072ebfffff380:   mov    0x90(%rbx),%edx
  0x000072ebfffff386:   add    $0x2,%edx
  0x000072ebfffff389:   mov    %edx,0x90(%rbx)
  0x000072ebfffff38f:   and    $0x1ffffe,%edx
  0x000072ebfffff395:   test   %edx,%edx
  0x000072ebfffff397:   je     0x000072ebfffff6f9
  0x000072ebfffff39d:   cmp    (%rdi),%rax                  ; implicit exception: dispatches to 0x000072ebfffff71a
                                                            ;*invokevirtual contentHash {reexecute=0 rethrow=0 return_oop=0}
                                                            ; - jdk.internal.classfile.impl.AbstractPoolEntry::hashClassFromUtf8@1 (line 71)
                                                            ; - jdk.internal.classfile.impl.AbstractPoolEntry$ClassEntryImpl::hashCode@29 (line 675)
  0x000072ebfffff3a0:   mov    %rdi,%rbx
  0x000072ebfffff3a3:   movabs $0x72ebbc286a20,%rdx         ;   {metadata(method data for {method} {0x000000002333fc80} &apos;hashClassFromUtf8&apos; &apos;(ZLjdk/internal/classfile/impl/AbstractPoolEntry$Utf8EntryImpl;)I&apos; in &apos;jdk/internal/classfile/impl/AbstractPoolEntry&apos;)}
  0x000072ebfffff3ad:   mov    0x8(%rbx),%ebx
  0x000072ebfffff3b0:   mov    $0x23000000,%r10d
  0x000072ebfffff3b6:   add    %r10,%rbx
  0x000072ebfffff3b9:   mov    $0x1c,%r10d
  0x000072ebfffff3bf:   cmp    (%rdx,%r10,8),%rbx
  0x000072ebfffff3c3:   je     0x000072ebfffff3fc
  0x000072ebfffff3c5:   add    $0x2,%r10
  0x000072ebfffff3c9:   cmp    $0x20,%r10
  0x000072ebfffff3cd:   jne    0x000072ebfffff3bf
  0x000072ebfffff3cf:   mov    $0x1c,%r10d
  0x000072ebfffff3d5:   cmpq   $0x0,(%rdx,%r10,8)
  0x000072ebfffff3da:   je     0x000072ebfffff3e8
  0x000072ebfffff3dc:   add    $0x2,%r10
  0x000072ebfffff3e0:   cmp    $0x20,%r10
  0x000072ebfffff3e4:   jne    0x000072ebfffff3d5
  0x000072ebfffff3e6:   jmp    0x000072ebfffff3f4
  0x000072ebfffff3e8:   push   %rax
  0x000072ebfffff3e9:   xor    %rax,%rax
  0x000072ebfffff3ec:   cmpxchg %rbx,(%rdx,%r10,8)
  0x000072ebfffff3f1:   pop    %rax
  0x000072ebfffff3f2:   jmp    0x000072ebfffff3b9
  0x000072ebfffff3f4:   mov    $0x1b,%r10d
  0x000072ebfffff3fa:   jmp    0x000072ebfffff400
  0x000072ebfffff3fc:   add    $0x1,%r10
  0x000072ebfffff400:   addq   $0x1,(%rdx,%r10,8)
  0x000072ebfffff405:   movabs $0x72ebbc285f68,%rbx         ;   {metadata(method data for {method} {0x0000000023340498} &apos;contentHash&apos; &apos;()I&apos; in &apos;jdk/internal/classfile/impl/AbstractPoolEntry$Utf8EntryImpl&apos;)}
  0x000072ebfffff40f:   mov    0x90(%rbx),%edx
  0x000072ebfffff415:   add    $0x2,%edx
  0x000072ebfffff418:   mov    %edx,0x90(%rbx)
  0x000072ebfffff41e:   and    $0x1ffffe,%edx
  0x000072ebfffff424:   test   %edx,%edx
  0x000072ebfffff426:   je     0x000072ebfffff71f
  0x000072ebfffff42c:   mov    0x18(%rdi),%ebx
  0x000072ebfffff42f:   shl    $0x3,%rbx                    ;*getfield state {reexecute=0 rethrow=0 return_oop=0}
                                                            ; - jdk.internal.classfile.impl.AbstractPoolEntry$Utf8EntryImpl::contentHash@1 (line 318)
                                                            ; - jdk.internal.classfile.impl.AbstractPoolEntry::hashClassFromUtf8@1 (line 71)
                                                            ; - jdk.internal.classfile.impl.AbstractPoolEntry$ClassEntryImpl::hashCode@29 (line 675)
  0x000072ebfffff433:   movabs $0x41f816328,%rdx            ;   {oop(a &apos;jdk/internal/classfile/impl/AbstractPoolEntry$Utf8EntryImpl$State&apos;{0x000000041f816328})}
  0x000072ebfffff43d:   cmp    %rdx,%rbx
  0x000072ebfffff440:   movabs $0x72ebbc285f68,%rbx         ;   {metadata(method data for {method} {0x0000000023340498} &apos;contentHash&apos; &apos;()I&apos; in &apos;jdk/internal/classfile/impl/AbstractPoolEntry$Utf8EntryImpl&apos;)}
  0x000072ebfffff44a:   mov    $0xd8,%edx
  0x000072ebfffff44f:   jne    0x000072ebfffff456
  0x000072ebfffff451:   mov    $0xe8,%edx
  0x000072ebfffff456:   mov    (%rbx,%rdx,1),%rcx
  0x000072ebfffff45a:   lea    0x1(%rcx),%rcx
  0x000072ebfffff45e:   mov    %rcx,(%rbx,%rdx,1)
  0x000072ebfffff462:   mov    %eax,0x78(%rsp)
  0x000072ebfffff466:   jne    0x000072ebfffff499           ;*if_acmpne {reexecute=0 rethrow=0 return_oop=0}
                                                            ; - jdk.internal.classfile.impl.AbstractPoolEntry$Utf8EntryImpl::contentHash@7 (line 318)
                                                            ; - jdk.internal.classfile.impl.AbstractPoolEntry::hashClassFromUtf8@1 (line 71)
                                                            ; - jdk.internal.classfile.impl.AbstractPoolEntry$ClassEntryImpl::hashCode@29 (line 675)
  0x000072ebfffff46c:   mov    %rdi,%rbx
  0x000072ebfffff46f:   movabs $0x72ebbc285f68,%rdx         ;   {metadata(method data for {method} {0x0000000023340498} &apos;contentHash&apos; &apos;()I&apos; in &apos;jdk/internal/classfile/impl/AbstractPoolEntry$Utf8EntryImpl&apos;)}
  0x000072ebfffff479:   addq   $0x1,0xf8(%rdx)
  0x000072ebfffff481:   mov    %rdi,%rsi                    ;*invokevirtual inflate {reexecute=0 rethrow=0 return_oop=0}
                                                            ; - jdk.internal.classfile.impl.AbstractPoolEntry$Utf8EntryImpl::contentHash@11 (line 319)
                                                            ; - jdk.internal.classfile.impl.AbstractPoolEntry::hashClassFromUtf8@1 (line 71)
                                                            ; - jdk.internal.classfile.impl.AbstractPoolEntry$ClassEntryImpl::hashCode@29 (line 675)
  0x000072ebfffff484:   data16 xchg %ax,%ax
  0x000072ebfffff487:   call   0x000072ec074ad9e0           ; ImmutableOopMap {[104]=Oop [112]=Oop }
                                                            ;*invokevirtual inflate {reexecute=0 rethrow=0 return_oop=0}
                                                            ; - jdk.internal.classfile.impl.AbstractPoolEntry$Utf8EntryImpl::contentHash@11 (line 319)
                                                            ; - jdk.internal.classfile.impl.AbstractPoolEntry::hashClassFromUtf8@1 (line 71)
                                                            ; - jdk.internal.classfile.impl.AbstractPoolEntry$ClassEntryImpl::hashCode@29 (line 675)
                                                            ;   {optimized virtual_call}
  0x000072ebfffff48c:   nopl   0x1000484(%rax,%rax,1)       ;*invokevirtual inflate {reexecute=0 rethrow=0 return_oop=0}
                                                            ; - jdk.internal.classfile.impl.AbstractPoolEntry$Utf8EntryImpl::contentHash@11 (line 319)
                                                            ; - jdk.internal.classfile.impl.AbstractPoolEntry::hashClassFromUtf8@1 (line 71)
                                                            ; - jdk.internal.classfile.impl.AbstractPoolEntry$ClassEntryImpl::hashCode@29 (line 675)
                                                            ;   {post_call_nop}
  0x000072ebfffff494:   mov    0x70(%rsp),%rdi
  0x000072ebfffff499:   mov    0x34(%rdi),%ebx              ;*getfield contentHash {reexecute=0 rethrow=0 return_oop=0}
                                                            ; - jdk.internal.classfile.impl.AbstractPoolEntry$Utf8EntryImpl::contentHash@15 (line 320)
                                                            ; - jdk.internal.classfile.impl.AbstractPoolEntry::hashClassFromUtf8@1 (line 71)
                                                            ; - jdk.internal.classfile.impl.AbstractPoolEntry$ClassEntryImpl::hashCode@29 (line 675)
  0x000072ebfffff49c:   mov    0x78(%rsp),%eax
  0x000072ebfffff4a0:   test   %eax,%eax
  0x000072ebfffff4a2:   movabs $0x72ebbc286a20,%rsi         ;   {metadata(method data for {method} {0x000000002333fc80} &apos;hashClassFromUtf8&apos; &apos;(ZLjdk/internal/classfile/impl/AbstractPoolEntry$Utf8EntryImpl;)I&apos; in &apos;jdk/internal/classfile/impl/AbstractPoolEntry&apos;)}
  0x000072ebfffff4ac:   mov    $0x108,%eax
  0x000072ebfffff4b1:   je     0x000072ebfffff4b8
  0x000072ebfffff4b3:   mov    $0x118,%eax
  0x000072ebfffff4b8:   mov    (%rsi,%rax,1),%rdx
  0x000072ebfffff4bc:   lea    0x1(%rdx),%rdx
  0x000072ebfffff4c0:   mov    %rdx,(%rsi,%rax,1)
  0x000072ebfffff4c4:   je     0x000072ebfffff4df           ;*ifeq {reexecute=0 rethrow=0 return_oop=0}
                                                            ; - jdk.internal.classfile.impl.AbstractPoolEntry::hashClassFromUtf8@6 (line 72)
                                                            ; - jdk.internal.classfile.impl.AbstractPoolEntry$ClassEntryImpl::hashCode@29 (line 675)
  0x000072ebfffff4ca:   movabs $0x72ebbc286a20,%rsi         ;   {metadata(method data for {method} {0x000000002333fc80} &apos;hashClassFromUtf8&apos; &apos;(ZLjdk/internal/classfile/impl/AbstractPoolEntry$Utf8EntryImpl;)I&apos; in &apos;jdk/internal/classfile/impl/AbstractPoolEntry&apos;)}
  0x000072ebfffff4d4:   incl   0x128(%rsi)
  0x000072ebfffff4da:   jmp    0x000072ebfffff60f           ;*goto {reexecute=0 rethrow=0 return_oop=0}
                                                            ; - jdk.internal.classfile.impl.AbstractPoolEntry::hashClassFromUtf8@10 (line 72)
                                                            ; - jdk.internal.classfile.impl.AbstractPoolEntry$ClassEntryImpl::hashCode@29 (line 675)
  0x000072ebfffff4df:   mov    %rdi,%rsi
  0x000072ebfffff4e2:   movabs $0x72ebbc286a20,%rax         ;   {metadata(method data for {method} {0x000000002333fc80} &apos;hashClassFromUtf8&apos; &apos;(ZLjdk/internal/classfile/impl/AbstractPoolEntry$Utf8EntryImpl;)I&apos; in &apos;jdk/internal/classfile/impl/AbstractPoolEntry&apos;)}
  0x000072ebfffff4ec:   mov    0x8(%rsi),%esi
  0x000072ebfffff4ef:   mov    $0x23000000,%r10d
  0x000072ebfffff4f5:   add    %r10,%rsi
  0x000072ebfffff4f8:   mov    $0x29,%r10d
  0x000072ebfffff4fe:   cmp    (%rax,%r10,8),%rsi
  0x000072ebfffff502:   je     0x000072ebfffff541
  0x000072ebfffff504:   add    $0x2,%r10
  0x000072ebfffff508:   cmp    $0x2d,%r10
  0x000072ebfffff50c:   jne    0x000072ebfffff4fe
  0x000072ebfffff50e:   mov    $0x29,%r10d
  0x000072ebfffff514:   cmpq   $0x0,(%rax,%r10,8)
  0x000072ebfffff519:   je     0x000072ebfffff527
  0x000072ebfffff51b:   add    $0x2,%r10
  0x000072ebfffff51f:   cmp    $0x2d,%r10
  0x000072ebfffff523:   jne    0x000072ebfffff514
  0x000072ebfffff525:   jmp    0x000072ebfffff539
  0x000072ebfffff527:   push   %rbx
  0x000072ebfffff528:   mov    %rax,%rbx
  0x000072ebfffff52b:   xor    %rax,%rax
  0x000072ebfffff52e:   cmpxchg %rsi,(%rbx,%r10,8)
  0x000072ebfffff533:   mov    %rbx,%rax
  0x000072ebfffff536:   pop    %rbx
  0x000072ebfffff537:   jmp    0x000072ebfffff4f8
  0x000072ebfffff539:   mov    $0x28,%r10d
  0x000072ebfffff53f:   jmp    0x000072ebfffff545
  0x000072ebfffff541:   add    $0x1,%r10
  0x000072ebfffff545:   addq   $0x1,(%rax,%r10,8)
  0x000072ebfffff54a:   movabs $0x72ebbc2866a0,%rsi         ;   {metadata(method data for {method} {0x0000000023340230} &apos;length&apos; &apos;()I&apos; in &apos;jdk/internal/classfile/impl/AbstractPoolEntry$Utf8EntryImpl&apos;)}
  0x000072ebfffff554:   mov    0x90(%rsi),%eax
  0x000072ebfffff55a:   add    $0x2,%eax
  0x000072ebfffff55d:   mov    %eax,0x90(%rsi)
  0x000072ebfffff563:   and    $0x1ffffe,%eax
  0x000072ebfffff568:   test   %eax,%eax
  0x000072ebfffff56a:   je     0x000072ebfffff740
  0x000072ebfffff570:   mov    0x18(%rdi),%esi
  0x000072ebfffff573:   shl    $0x3,%rsi                    ;*getfield state {reexecute=0 rethrow=0 return_oop=0}
                                                            ; - jdk.internal.classfile.impl.AbstractPoolEntry$Utf8EntryImpl::length@1 (line 348)
                                                            ; - jdk.internal.classfile.impl.AbstractPoolEntry::hashClassFromUtf8@14 (line 72)
                                                            ; - jdk.internal.classfile.impl.AbstractPoolEntry$ClassEntryImpl::hashCode@29 (line 675)
  0x000072ebfffff577:   movabs $0x41f816328,%rax            ;   {oop(a &apos;jdk/internal/classfile/impl/AbstractPoolEntry$Utf8EntryImpl$State&apos;{0x000000041f816328})}
  0x000072ebfffff581:   cmp    %rax,%rsi
  0x000072ebfffff584:   movabs $0x72ebbc2866a0,%rsi         ;   {metadata(method data for {method} {0x0000000023340230} &apos;length&apos; &apos;()I&apos; in &apos;jdk/internal/classfile/impl/AbstractPoolEntry$Utf8EntryImpl&apos;)}
  0x000072ebfffff58e:   mov    $0xd8,%eax
  0x000072ebfffff593:   jne    0x000072ebfffff59a
  0x000072ebfffff595:   mov    $0xe8,%eax
  0x000072ebfffff59a:   mov    (%rsi,%rax,1),%rdx
  0x000072ebfffff59e:   lea    0x1(%rdx),%rdx
  0x000072ebfffff5a2:   mov    %rdx,(%rsi,%rax,1)
  0x000072ebfffff5a6:   mov    %ebx,0x7c(%rsp)
  0x000072ebfffff5aa:   jne    0x000072ebfffff5e1           ;*if_acmpne {reexecute=0 rethrow=0 return_oop=0}
                                                            ; - jdk.internal.classfile.impl.AbstractPoolEntry$Utf8EntryImpl::length@7 (line 348)
                                                            ; - jdk.internal.classfile.impl.AbstractPoolEntry::hashClassFromUtf8@14 (line 72)
                                                            ; - jdk.internal.classfile.impl.AbstractPoolEntry$ClassEntryImpl::hashCode@29 (line 675)
  0x000072ebfffff5b0:   mov    %rdi,%rsi
  0x000072ebfffff5b3:   movabs $0x72ebbc2866a0,%rax         ;   {metadata(method data for {method} {0x0000000023340230} &apos;length&apos; &apos;()I&apos; in &apos;jdk/internal/classfile/impl/AbstractPoolEntry$Utf8EntryImpl&apos;)}
  0x000072ebfffff5bd:   addq   $0x1,0xf8(%rax)
  0x000072ebfffff5c5:   mov    %rdi,%rsi                    ;*invokevirtual inflate {reexecute=0 rethrow=0 return_oop=0}
                                                            ; - jdk.internal.classfile.impl.AbstractPoolEntry$Utf8EntryImpl::length@11 (line 349)
                                                            ; - jdk.internal.classfile.impl.AbstractPoolEntry::hashClassFromUtf8@14 (line 72)
                                                            ; - jdk.internal.classfile.impl.AbstractPoolEntry$ClassEntryImpl::hashCode@29 (line 675)
  0x000072ebfffff5c8:   nopl   0x0(%rax)
  0x000072ebfffff5cf:   call   0x000072ec074ad9e0           ; ImmutableOopMap {[104]=Oop [112]=Oop }
                                                            ;*invokevirtual inflate {reexecute=0 rethrow=0 return_oop=0}
                                                            ; - jdk.internal.classfile.impl.AbstractPoolEntry$Utf8EntryImpl::length@11 (line 349)
                                                            ; - jdk.internal.classfile.impl.AbstractPoolEntry::hashClassFromUtf8@14 (line 72)
                                                            ; - jdk.internal.classfile.impl.AbstractPoolEntry$ClassEntryImpl::hashCode@29 (line 675)
                                                            ;   {optimized virtual_call}
  0x000072ebfffff5d4:   nopl   0x20005cc(%rax,%rax,1)       ;*invokevirtual inflate {reexecute=0 rethrow=0 return_oop=0}
                                                            ; - jdk.internal.classfile.impl.AbstractPoolEntry$Utf8EntryImpl::length@11 (line 349)
                                                            ; - jdk.internal.classfile.impl.AbstractPoolEntry::hashClassFromUtf8@14 (line 72)
                                                            ; - jdk.internal.classfile.impl.AbstractPoolEntry$ClassEntryImpl::hashCode@29 (line 675)
                                                            ;   {post_call_nop}
  0x000072ebfffff5dc:   mov    0x70(%rsp),%rdi
  0x000072ebfffff5e1:   mov    0x38(%rdi),%esi              ;*getfield charLen {reexecute=0 rethrow=0 return_oop=0}
                                                            ; - jdk.internal.classfile.impl.AbstractPoolEntry$Utf8EntryImpl::length@15 (line 350)
                                                            ; - jdk.internal.classfile.impl.AbstractPoolEntry::hashClassFromUtf8@14 (line 72)
                                                            ; - jdk.internal.classfile.impl.AbstractPoolEntry$ClassEntryImpl::hashCode@29 (line 675)
  0x000072ebfffff5e4:   mov    0x7c(%rsp),%ebx
  0x000072ebfffff5e8:   movabs $0x72ebbc286a20,%rdx         ;   {metadata(method data for {method} {0x000000002333fc80} &apos;hashClassFromUtf8&apos; &apos;(ZLjdk/internal/classfile/impl/AbstractPoolEntry$Utf8EntryImpl;)I&apos; in &apos;jdk/internal/classfile/impl/AbstractPoolEntry&apos;)}
  0x000072ebfffff5f2:   addq   $0x1,0x170(%rdx)
  0x000072ebfffff5fa:   mov    %rbx,%rdx                    ;*invokestatic descriptorStringHash {reexecute=0 rethrow=0 return_oop=0}
                                                            ; - jdk.internal.classfile.impl.AbstractPoolEntry::hashClassFromUtf8@18 (line 72)
                                                            ; - jdk.internal.classfile.impl.AbstractPoolEntry$ClassEntryImpl::hashCode@29 (line 675)
  0x000072ebfffff5fd:   xchg   %ax,%ax
  0x000072ebfffff5ff:   call   0x000072ec074adfe0           ; ImmutableOopMap {[104]=Oop }
                                                            ;*invokestatic descriptorStringHash {reexecute=0 rethrow=0 return_oop=0}
                                                            ; - jdk.internal.classfile.impl.AbstractPoolEntry::hashClassFromUtf8@18 (line 72)
                                                            ; - jdk.internal.classfile.impl.AbstractPoolEntry$ClassEntryImpl::hashCode@29 (line 675)
                                                            ;   {static_call}
  0x000072ebfffff604:   nopl   0x30005fc(%rax,%rax,1)       ;*invokestatic descriptorStringHash {reexecute=0 rethrow=0 return_oop=0}
                                                            ; - jdk.internal.classfile.impl.AbstractPoolEntry::hashClassFromUtf8@18 (line 72)
                                                            ; - jdk.internal.classfile.impl.AbstractPoolEntry$ClassEntryImpl::hashCode@29 (line 675)
                                                            ;   {post_call_nop}
  0x000072ebfffff60c:   mov    %rax,%rbx                    ;*invokestatic hashClassFromDescriptor {reexecute=0 rethrow=0 return_oop=0}
                                                            ; - jdk.internal.classfile.impl.AbstractPoolEntry::hashClassFromUtf8@21 (line 72)
                                                            ; - jdk.internal.classfile.impl.AbstractPoolEntry$ClassEntryImpl::hashCode@29 (line 675)
  0x000072ebfffff60f:   movabs $0x72ebbc286a20,%rax         ;   {metadata(method data for {method} {0x000000002333fc80} &apos;hashClassFromUtf8&apos; &apos;(ZLjdk/internal/classfile/impl/AbstractPoolEntry$Utf8EntryImpl;)I&apos; in &apos;jdk/internal/classfile/impl/AbstractPoolEntry&apos;)}
  0x000072ebfffff619:   addq   $0x1,0x180(%rax)
  0x000072ebfffff621:   movabs $0x72ebbc2863a0,%rax         ;   {metadata(method data for {method} {0x000000002333fb78} &apos;hashClassFromDescriptor&apos; &apos;(I)I&apos; in &apos;jdk/internal/classfile/impl/AbstractPoolEntry&apos;)}
  0x000072ebfffff62b:   mov    0x90(%rax),%esi
  0x000072ebfffff631:   add    $0x2,%esi
  0x000072ebfffff634:   mov    %esi,0x90(%rax)
  0x000072ebfffff63a:   and    $0x1ffffe,%esi
  0x000072ebfffff640:   test   %esi,%esi
  0x000072ebfffff642:   je     0x000072ebfffff761
  0x000072ebfffff648:   movabs $0x72ebbc2863a0,%rax         ;   {metadata(method data for {method} {0x000000002333fb78} &apos;hashClassFromDescriptor&apos; &apos;(I)I&apos; in &apos;jdk/internal/classfile/impl/AbstractPoolEntry&apos;)}
  0x000072ebfffff652:   addq   $0x1,0xd8(%rax)
  0x000072ebfffff65a:   movabs $0x72ebbc286298,%rax         ;   {metadata(method data for {method} {0x000000002333fbd0} &apos;hash1&apos; &apos;(II)I&apos; in &apos;jdk/internal/classfile/impl/AbstractPoolEntry&apos;)}
  0x000072ebfffff664:   mov    0x90(%rax),%esi
  0x000072ebfffff66a:   add    $0x2,%esi
  0x000072ebfffff66d:   mov    %esi,0x90(%rax)
  0x000072ebfffff673:   and    $0x1ffffe,%esi
  0x000072ebfffff679:   test   %esi,%esi
  0x000072ebfffff67b:   je     0x000072ebfffff782
  0x000072ebfffff681:   sub    $0x759f1c49,%ebx
  0x000072ebfffff687:   or     $0x40000000,%ebx
  0x000072ebfffff68d:   mov    0x68(%rsp),%rsi
  0x000072ebfffff692:   mov    %ebx,0x20(%rsi)              ;*putfield hash {reexecute=0 rethrow=0 return_oop=0}
                                                            ; - jdk.internal.classfile.impl.AbstractPoolEntry$ClassEntryImpl::hashCode@33 (line 675)
  0x000072ebfffff695:   mov    %rbx,%rax
  0x000072ebfffff698:   add    $0x90,%rsp
  0x000072ebfffff69f:   pop    %rbp
  0x000072ebfffff6a0:   cmp    0x28(%r15),%rsp              ;   {poll_return}
  0x000072ebfffff6a4:   ja     0x000072ebfffff7a3
  0x000072ebfffff6aa:   ret                                 ;*ireturn {reexecute=0 rethrow=0 return_oop=0}
                                                            ; - jdk.internal.classfile.impl.AbstractPoolEntry$ClassEntryImpl::hashCode@36 (line 675)
  0x000072ebfffff6ab:   mov    %rdi,%rax
  0x000072ebfffff6ae:   add    $0x90,%rsp
  0x000072ebfffff6b5:   pop    %rbp
  0x000072ebfffff6b6:   cmp    0x28(%r15),%rsp              ;   {poll_return}
  0x000072ebfffff6ba:   ja     0x000072ebfffff7b9
  0x000072ebfffff6c0:   ret    
  0x000072ebfffff6c1:   movabs $0x23341478,%r10             ;   {metadata({method} {0x0000000023341478} &apos;hashCode&apos; &apos;()I&apos; in &apos;jdk/internal/classfile/impl/AbstractPoolEntry$ClassEntryImpl&apos;)}
  0x000072ebfffff6cb:   mov    %r10,0x8(%rsp)
  0x000072ebfffff6d0:   movq   $0xffffffffffffffff,(%rsp)
  0x000072ebfffff6d8:   call   0x000072ec07583460           ; ImmutableOopMap {rsi=Oop [104]=Oop }
                                                            ;*synchronization entry
                                                            ; - jdk.internal.classfile.impl.AbstractPoolEntry$ClassEntryImpl::hashCode@-1 (line 671)
                                                            ;   {runtime_call counter_overflow_blob (C1 runtime)}
  0x000072ebfffff6dd:   jmp    0x000072ebfffff16b
  0x000072ebfffff6e2:   mov    %rdi,(%rsp)
  0x000072ebfffff6e6:   call   0x000072ec0757f8e0           ; ImmutableOopMap {rsi=Oop [104]=Oop }
                                                            ;*checkcast {reexecute=0 rethrow=0 return_oop=0}
                                                            ; - jdk.internal.classfile.impl.AbstractPoolEntry$ClassEntryImpl::hashCode@16 (line 675)
                                                            ;   {runtime_call throw_class_cast_exception_blob (C1 runtime)}
  0x000072ebfffff6eb:   call   0x000072ec0757cae0           ; ImmutableOopMap {rsi=Oop rdi=Oop [104]=Oop }
                                                            ;*invokevirtual mayBeArrayDescriptor {reexecute=0 rethrow=0 return_oop=0}
                                                            ; - jdk.internal.classfile.impl.AbstractPoolEntry$ClassEntryImpl::hashCode@19 (line 675)
                                                            ;   {runtime_call throw_null_pointer_exception_blob (C1 runtime)}
  0x000072ebfffff6f0:   mov    %rdi,(%rsp)
  0x000072ebfffff6f4:   call   0x000072ec0757f8e0           ; ImmutableOopMap {rsi=Oop [104]=Oop }
                                                            ;*checkcast {reexecute=0 rethrow=0 return_oop=0}
                                                            ; - jdk.internal.classfile.impl.AbstractPoolEntry$ClassEntryImpl::hashCode@26 (line 675)
                                                            ;   {runtime_call throw_class_cast_exception_blob (C1 runtime)}
  0x000072ebfffff6f9:   movabs $0x2333fc80,%r10             ;   {metadata({method} {0x000000002333fc80} &apos;hashClassFromUtf8&apos; &apos;(ZLjdk/internal/classfile/impl/AbstractPoolEntry$Utf8EntryImpl;)I&apos; in &apos;jdk/internal/classfile/impl/AbstractPoolEntry&apos;)}
  0x000072ebfffff703:   mov    %r10,0x8(%rsp)
  0x000072ebfffff708:   movq   $0xffffffffffffffff,(%rsp)
  0x000072ebfffff710:   call   0x000072ec07583460           ; ImmutableOopMap {rsi=Oop rdi=Oop [104]=Oop [112]=Oop }
                                                            ;*synchronization entry
                                                            ; - jdk.internal.classfile.impl.AbstractPoolEntry::hashClassFromUtf8@-1 (line 71)
                                                            ; - jdk.internal.classfile.impl.AbstractPoolEntry$ClassEntryImpl::hashCode@29 (line 675)
                                                            ;   {runtime_call counter_overflow_blob (C1 runtime)}
  0x000072ebfffff715:   jmp    0x000072ebfffff39d
  0x000072ebfffff71a:   call   0x000072ec0757cae0           ; ImmutableOopMap {rsi=Oop rdi=Oop [104]=Oop [112]=Oop }
                                                            ;*invokevirtual contentHash {reexecute=0 rethrow=0 return_oop=0}
                                                            ; - jdk.internal.classfile.impl.AbstractPoolEntry::hashClassFromUtf8@1 (line 71)
                                                            ; - jdk.internal.classfile.impl.AbstractPoolEntry$ClassEntryImpl::hashCode@29 (line 675)
                                                            ;   {runtime_call throw_null_pointer_exception_blob (C1 runtime)}
  0x000072ebfffff71f:   movabs $0x23340498,%r10             ;   {metadata({method} {0x0000000023340498} &apos;contentHash&apos; &apos;()I&apos; in &apos;jdk/internal/classfile/impl/AbstractPoolEntry$Utf8EntryImpl&apos;)}
  0x000072ebfffff729:   mov    %r10,0x8(%rsp)
  0x000072ebfffff72e:   movq   $0xffffffffffffffff,(%rsp)
  0x000072ebfffff736:   call   0x000072ec07583460           ; ImmutableOopMap {rsi=Oop rdi=Oop [104]=Oop [112]=Oop }
                                                            ;*synchronization entry
                                                            ; - jdk.internal.classfile.impl.AbstractPoolEntry$Utf8EntryImpl::contentHash@-1 (line 318)
                                                            ; - jdk.internal.classfile.impl.AbstractPoolEntry::hashClassFromUtf8@1 (line 71)
                                                            ; - jdk.internal.classfile.impl.AbstractPoolEntry$ClassEntryImpl::hashCode@29 (line 675)
                                                            ;   {runtime_call counter_overflow_blob (C1 runtime)}
  0x000072ebfffff73b:   jmp    0x000072ebfffff42c
  0x000072ebfffff740:   movabs $0x23340230,%r10             ;   {metadata({method} {0x0000000023340230} &apos;length&apos; &apos;()I&apos; in &apos;jdk/internal/classfile/impl/AbstractPoolEntry$Utf8EntryImpl&apos;)}
  0x000072ebfffff74a:   mov    %r10,0x8(%rsp)
  0x000072ebfffff74f:   movq   $0xffffffffffffffff,(%rsp)
  0x000072ebfffff757:   call   0x000072ec07583460           ; ImmutableOopMap {rdi=Oop [104]=Oop [112]=Oop }
                                                            ;*synchronization entry
                                                            ; - jdk.internal.classfile.impl.AbstractPoolEntry$Utf8EntryImpl::length@-1 (line 348)
                                                            ; - jdk.internal.classfile.impl.AbstractPoolEntry::hashClassFromUtf8@14 (line 72)
                                                            ; - jdk.internal.classfile.impl.AbstractPoolEntry$ClassEntryImpl::hashCode@29 (line 675)
                                                            ;   {runtime_call counter_overflow_blob (C1 runtime)}
  0x000072ebfffff75c:   jmp    0x000072ebfffff570
  0x000072ebfffff761:   movabs $0x2333fb78,%r10             ;   {metadata({method} {0x000000002333fb78} &apos;hashClassFromDescriptor&apos; &apos;(I)I&apos; in &apos;jdk/internal/classfile/impl/AbstractPoolEntry&apos;)}
  0x000072ebfffff76b:   mov    %r10,0x8(%rsp)
  0x000072ebfffff770:   movq   $0xffffffffffffffff,(%rsp)
  0x000072ebfffff778:   call   0x000072ec07583460           ; ImmutableOopMap {[104]=Oop }
                                                            ;*synchronization entry
                                                            ; - jdk.internal.classfile.impl.AbstractPoolEntry::hashClassFromDescriptor@-1 (line 76)
                                                            ; - jdk.internal.classfile.impl.AbstractPoolEntry::hashClassFromUtf8@21 (line 72)
                                                            ; - jdk.internal.classfile.impl.AbstractPoolEntry$ClassEntryImpl::hashCode@29 (line 675)
                                                            ;   {runtime_call counter_overflow_blob (C1 runtime)}
  0x000072ebfffff77d:   jmp    0x000072ebfffff648
  0x000072ebfffff782:   movabs $0x2333fbd0,%r10             ;   {metadata({method} {0x000000002333fbd0} &apos;hash1&apos; &apos;(II)I&apos; in &apos;jdk/internal/classfile/impl/AbstractPoolEntry&apos;)}
  0x000072ebfffff78c:   mov    %r10,0x8(%rsp)
  0x000072ebfffff791:   movq   $0xffffffffffffffff,(%rsp)
  0x000072ebfffff799:   call   0x000072ec07583460           ; ImmutableOopMap {[104]=Oop }
                                                            ;*synchronization entry
                                                            ; - jdk.internal.classfile.impl.AbstractPoolEntry::hash1@-1 (line 58)
                                                            ; - jdk.internal.classfile.impl.AbstractPoolEntry::hashClassFromDescriptor@3 (line 76)
                                                            ; - jdk.internal.classfile.impl.AbstractPoolEntry::hashClassFromUtf8@21 (line 72)
                                                            ; - jdk.internal.classfile.impl.AbstractPoolEntry$ClassEntryImpl::hashCode@29 (line 675)
                                                            ;   {runtime_call counter_overflow_blob (C1 runtime)}
  0x000072ebfffff79e:   jmp    0x000072ebfffff681
  0x000072ebfffff7a3:   movabs $0x72ebfffff6a0,%r10         ;   {internal_word}
  0x000072ebfffff7ad:   mov    %r10,0x510(%r15)
  0x000072ebfffff7b4:   jmp    0x000072ec074afb60           ;   {runtime_call SafepointBlob}
  0x000072ebfffff7b9:   movabs $0x72ebfffff6b6,%r10         ;   {internal_word}
  0x000072ebfffff7c3:   mov    %r10,0x510(%r15)
  0x000072ebfffff7ca:   jmp    0x000072ec074afb60           ;   {runtime_call SafepointBlob}
  0x000072ebfffff7cf:   mov    0x5c0(%r15),%rax
  0x000072ebfffff7d6:   movq   $0x0,0x5c0(%r15)
  0x000072ebfffff7e1:   movq   $0x0,0x5c8(%r15)
  0x000072ebfffff7ec:   add    $0x90,%rsp
  0x000072ebfffff7f3:   pop    %rbp
  0x000072ebfffff7f4:   jmp    0x000072ec0757bbe0           ;   {runtime_call unwind_exception_blob (C1 runtime)}
  0x000072ebfffff7f9:   hlt    
  0x000072ebfffff7fa:   hlt    
  0x000072ebfffff7fb:   hlt    
  0x000072ebfffff7fc:   hlt    
  0x000072ebfffff7fd:   hlt    
  0x000072ebfffff7fe:   hlt    
  0x000072ebfffff7ff:   hlt    
[Stub Code]
  0x000072ebfffff800:   movabs $0x0,%rbx                    ;   {static_stub}
  0x000072ebfffff80a:   jmp    0x000072ebfffff80a           ;   {runtime_call nmethod}
  0x000072ebfffff80f:   movabs $0x0,%rbx                    ;   {static_stub}
  0x000072ebfffff819:   jmp    0x000072ebfffff819           ;   {runtime_call nmethod}
  0x000072ebfffff81e:   movabs $0x0,%rbx                    ;   {static_stub}
  0x000072ebfffff828:   jmp    0x000072ebfffff828           ;   {runtime_call nmethod}
[Exception Handler]
  0x000072ebfffff82d:   call   0x000072ec0757f2e0           ;   {runtime_call handle_exception_from_callee_blob (C1 runtime)}
  0x000072ebfffff832:   movabs $0x72ec2093aec4,%rdi         ;   {external_word}
  0x000072ebfffff83c:   and    $0xfffffffffffffff0,%rsp
  0x000072ebfffff840:   call   0x000072ec20391cc0           ;   {runtime_call MacroAssembler::debug64(char*, long, long*)}
  0x000072ebfffff845:   hlt    
  0x000072ebfffff846:   call   0x000072ec074afe60           ;   {runtime_call DeoptimizationBlob}
[Deopt Handler Entry Point]
  0x000072ebfffff84b:   jmp    0x000072ebfffff846
  0x000072ebfffff84d:   hlt    
  0x000072ebfffff84e:   hlt    
  0x000072ebfffff84f:   hlt    
--------------------------------------------------------------------------------
[/Disassembly]
