
============================= C1-compiled nmethod ==============================
----------------------------------- Assembly -----------------------------------

Compiled method (c1) 560   46       3       java.lang.classfile.constantpool.ConstantPoolBuilder::nameAndTypeEntry (21 bytes)
 total in heap  [0x000072fd53fff008,0x000072fd53fff3e0] = 984
 main code      [0x000072fd53fff100,0x000072fd53fff388] = 648
 stub code      [0x000072fd53fff388,0x000072fd53fff3e0] = 88
 mutable data [0x000072fcf801ce50,0x000072fcf801ceb8] = 104
 relocation     [0x000072fcf801ce50,0x000072fcf801ceb0] = 96
 metadata       [0x000072fcf801ceb0,0x000072fcf801ceb8] = 8
 immutable data [0x000072fcf801cd10,0x000072fcf801ce44] = 308
 dependencies   [0x000072fcf801cd10,0x000072fcf801cd18] = 8
 scopes pcs     [0x000072fcf801cd18,0x000072fcf801cde8] = 208
 scopes data    [0x000072fcf801cde8,0x000072fcf801ce40] = 88

[Disassembly]
--------------------------------------------------------------------------------
[Constant Pool (empty)]

--------------------------------------------------------------------------------

[Instructions begin]
  0x000072fd53fff100:   data16 data16 nopw 0x0(%rax,%rax,1)
  0x000072fd53fff10b:   data16 data16 xchg %ax,%ax
  0x000072fd53fff10f:   data16 xchg %ax,%ax
[Entry Point]
  # {method} {0x000000006433cff8} &apos;nameAndTypeEntry&apos; &apos;(Ljava/lang/String;Ljava/lang/constant/MethodTypeDesc;)Ljava/lang/classfile/constantpool/NameAndTypeEntry;&apos; in &apos;java/lang/classfile/constantpool/ConstantPoolBuilder&apos;
  # this:     rsi:rsi   = &apos;java/lang/classfile/constantpool/ConstantPoolBuilder&apos;
  # parm0:    rdx:rdx   = &apos;java/lang/String&apos;
  # parm1:    rcx:rcx   = &apos;java/lang/constant/MethodTypeDesc&apos;
  #           [sp+0x60]  (sp of caller)
  0x000072fd53fff112:   mov    0x8(%rsi),%r10d
  0x000072fd53fff116:   cmp    0x8(%rax),%r10d
  0x000072fd53fff11a:   jne    0x000072fd5b4ad6e0           ;   {runtime_call ic_miss_blob (shared runtime)}
[Verified Entry Point]
  0x000072fd53fff120:   mov    %eax,-0x14000(%rsp)
  0x000072fd53fff127:   push   %rbp
  0x000072fd53fff128:   sub    $0x50,%rsp
  0x000072fd53fff12c:   cmpl   $0x1,0x20(%r15)
  0x000072fd53fff134:   je     0x000072fd53fff13b
  0x000072fd53fff136:   call   Stub::method_entry_barrier_stub (stub gen)
                                                            ;   {runtime_call Stub::method_entry_barrier_stub (stub gen)}
  0x000072fd53fff13b:   movabs $0x72fd10285ef0,%rdi         ;   {metadata(method data for {method} {0x000000006433cff8} &apos;nameAndTypeEntry&apos; &apos;(Ljava/lang/String;Ljava/lang/constant/MethodTypeDesc;)Ljava/lang/classfile/constantpool/NameAndTypeEntry;&apos; in &apos;java/lang/classfile/constantpool/ConstantPoolBuilder&apos;)}
  0x000072fd53fff145:   mov    0x90(%rdi),%ebx
  0x000072fd53fff14b:   add    $0x2,%ebx
  0x000072fd53fff14e:   mov    %ebx,0x90(%rdi)
  0x000072fd53fff154:   and    $0x7fe,%ebx
  0x000072fd53fff15a:   test   %ebx,%ebx
  0x000072fd53fff15c:   je     0x000072fd53fff324           ;*aload_0 {reexecute=0 rethrow=0 return_oop=0}
                                                            ; - java.lang.classfile.constantpool.ConstantPoolBuilder::nameAndTypeEntry@0 (line 274)
  0x000072fd53fff162:   mov    %rcx,0x30(%rsp)
  0x000072fd53fff167:   mov    %rsi,%rdi
  0x000072fd53fff16a:   movabs $0x72fd10285ef0,%rbx         ;   {metadata(method data for {method} {0x000000006433cff8} &apos;nameAndTypeEntry&apos; &apos;(Ljava/lang/String;Ljava/lang/constant/MethodTypeDesc;)Ljava/lang/classfile/constantpool/NameAndTypeEntry;&apos; in &apos;java/lang/classfile/constantpool/ConstantPoolBuilder&apos;)}
  0x000072fd53fff174:   mov    0x8(%rdi),%edi
  0x000072fd53fff177:   mov    $0x64000000,%r10d
  0x000072fd53fff17d:   add    %r10,%rdi
  0x000072fd53fff180:   mov    $0x1c,%r10d
  0x000072fd53fff186:   cmp    (%rbx,%r10,8),%rdi
  0x000072fd53fff18a:   je     0x000072fd53fff1c3
  0x000072fd53fff18c:   add    $0x2,%r10
  0x000072fd53fff190:   cmp    $0x20,%r10
  0x000072fd53fff194:   jne    0x000072fd53fff186
  0x000072fd53fff196:   mov    $0x1c,%r10d
  0x000072fd53fff19c:   cmpq   $0x0,(%rbx,%r10,8)
  0x000072fd53fff1a1:   je     0x000072fd53fff1af
  0x000072fd53fff1a3:   add    $0x2,%r10
  0x000072fd53fff1a7:   cmp    $0x20,%r10
  0x000072fd53fff1ab:   jne    0x000072fd53fff19c
  0x000072fd53fff1ad:   jmp    0x000072fd53fff1bb
  0x000072fd53fff1af:   push   %rax
  0x000072fd53fff1b0:   xor    %rax,%rax
  0x000072fd53fff1b3:   cmpxchg %rdi,(%rbx,%r10,8)
  0x000072fd53fff1b8:   pop    %rax
  0x000072fd53fff1b9:   jmp    0x000072fd53fff180
  0x000072fd53fff1bb:   mov    $0x1b,%r10d
  0x000072fd53fff1c1:   jmp    0x000072fd53fff1c7
  0x000072fd53fff1c3:   add    $0x1,%r10
  0x000072fd53fff1c7:   addq   $0x1,(%rbx,%r10,8)
  0x000072fd53fff1cc:   mov    %rsi,%rdi
  0x000072fd53fff1cf:   mov    %rdi,%rsi                    ;*invokeinterface utf8Entry {reexecute=0 rethrow=0 return_oop=0}
                                                            ; - java.lang.classfile.constantpool.ConstantPoolBuilder::nameAndTypeEntry@3 (line 274)
  0x000072fd53fff1d2:   mov    %rdi,0x28(%rsp)
  0x000072fd53fff1d7:   nopw   0x0(%rax,%rax,1)
  0x000072fd53fff1dd:   movabs $0x72fcf80144f0,%rax
  0x000072fd53fff1e7:   call   0x000072fd5b4adce0           ; ImmutableOopMap {[40]=Oop [48]=Oop }
                                                            ;*invokeinterface utf8Entry {reexecute=0 rethrow=0 return_oop=0}
                                                            ; - java.lang.classfile.constantpool.ConstantPoolBuilder::nameAndTypeEntry@3 (line 274)
                                                            ;   {virtual_call}
  0x000072fd53fff1ec:   nopl   0x1e4(%rax,%rax,1)           ;*invokeinterface utf8Entry {reexecute=0 rethrow=0 return_oop=0}
                                                            ; - java.lang.classfile.constantpool.ConstantPoolBuilder::nameAndTypeEntry@3 (line 274)
                                                            ;   {post_call_nop}
  0x000072fd53fff1f4:   mov    0x28(%rsp),%rsi
  0x000072fd53fff1f9:   movabs $0x72fd10285ef0,%rdx         ;   {metadata(method data for {method} {0x000000006433cff8} &apos;nameAndTypeEntry&apos; &apos;(Ljava/lang/String;Ljava/lang/constant/MethodTypeDesc;)Ljava/lang/classfile/constantpool/NameAndTypeEntry;&apos; in &apos;java/lang/classfile/constantpool/ConstantPoolBuilder&apos;)}
  0x000072fd53fff203:   mov    0x8(%rsi),%esi
  0x000072fd53fff206:   mov    $0x64000000,%r10d
  0x000072fd53fff20c:   add    %r10,%rsi
  0x000072fd53fff20f:   mov    $0x22,%r10d
  0x000072fd53fff215:   cmp    (%rdx,%r10,8),%rsi
  0x000072fd53fff219:   je     0x000072fd53fff252
  0x000072fd53fff21b:   add    $0x2,%r10
  0x000072fd53fff21f:   cmp    $0x26,%r10
  0x000072fd53fff223:   jne    0x000072fd53fff215
  0x000072fd53fff225:   mov    $0x22,%r10d
  0x000072fd53fff22b:   cmpq   $0x0,(%rdx,%r10,8)
  0x000072fd53fff230:   je     0x000072fd53fff23e
  0x000072fd53fff232:   add    $0x2,%r10
  0x000072fd53fff236:   cmp    $0x26,%r10
  0x000072fd53fff23a:   jne    0x000072fd53fff22b
  0x000072fd53fff23c:   jmp    0x000072fd53fff24a
  0x000072fd53fff23e:   push   %rax
  0x000072fd53fff23f:   xor    %rax,%rax
  0x000072fd53fff242:   cmpxchg %rsi,(%rdx,%r10,8)
  0x000072fd53fff247:   pop    %rax
  0x000072fd53fff248:   jmp    0x000072fd53fff20f
  0x000072fd53fff24a:   mov    $0x21,%r10d
  0x000072fd53fff250:   jmp    0x000072fd53fff256
  0x000072fd53fff252:   add    $0x1,%r10
  0x000072fd53fff256:   addq   $0x1,(%rdx,%r10,8)
  0x000072fd53fff25b:   mov    0x30(%rsp),%rdx
  0x000072fd53fff260:   mov    0x28(%rsp),%rsi              ;*invokeinterface utf8Entry {reexecute=0 rethrow=0 return_oop=0}
                                                            ; - java.lang.classfile.constantpool.ConstantPoolBuilder::nameAndTypeEntry@10 (line 274)
  0x000072fd53fff265:   mov    %rax,0x38(%rsp)
  0x000072fd53fff26a:   data16 xchg %ax,%ax
  0x000072fd53fff26d:   movabs $0x72fcf8014518,%rax
  0x000072fd53fff277:   call   0x000072fd5b4adce0           ; ImmutableOopMap {[40]=Oop [56]=Oop }
                                                            ;*invokeinterface utf8Entry {reexecute=0 rethrow=0 return_oop=0}
                                                            ; - java.lang.classfile.constantpool.ConstantPoolBuilder::nameAndTypeEntry@10 (line 274)
                                                            ;   {virtual_call}
  0x000072fd53fff27c:   nopl   0x1000274(%rax,%rax,1)       ;*invokeinterface utf8Entry {reexecute=0 rethrow=0 return_oop=0}
                                                            ; - java.lang.classfile.constantpool.ConstantPoolBuilder::nameAndTypeEntry@10 (line 274)
                                                            ;   {post_call_nop}
  0x000072fd53fff284:   mov    0x28(%rsp),%rsi
  0x000072fd53fff289:   movabs $0x72fd10285ef0,%rdx         ;   {metadata(method data for {method} {0x000000006433cff8} &apos;nameAndTypeEntry&apos; &apos;(Ljava/lang/String;Ljava/lang/constant/MethodTypeDesc;)Ljava/lang/classfile/constantpool/NameAndTypeEntry;&apos; in &apos;java/lang/classfile/constantpool/ConstantPoolBuilder&apos;)}
  0x000072fd53fff293:   mov    0x8(%rsi),%esi
  0x000072fd53fff296:   mov    $0x64000000,%r10d
  0x000072fd53fff29c:   add    %r10,%rsi
  0x000072fd53fff29f:   mov    $0x28,%r10d
  0x000072fd53fff2a5:   cmp    (%rdx,%r10,8),%rsi
  0x000072fd53fff2a9:   je     0x000072fd53fff2e2
  0x000072fd53fff2ab:   add    $0x2,%r10
  0x000072fd53fff2af:   cmp    $0x2c,%r10
  0x000072fd53fff2b3:   jne    0x000072fd53fff2a5
  0x000072fd53fff2b5:   mov    $0x28,%r10d
  0x000072fd53fff2bb:   cmpq   $0x0,(%rdx,%r10,8)
  0x000072fd53fff2c0:   je     0x000072fd53fff2ce
  0x000072fd53fff2c2:   add    $0x2,%r10
  0x000072fd53fff2c6:   cmp    $0x2c,%r10
  0x000072fd53fff2ca:   jne    0x000072fd53fff2bb
  0x000072fd53fff2cc:   jmp    0x000072fd53fff2da
  0x000072fd53fff2ce:   push   %rax
  0x000072fd53fff2cf:   xor    %rax,%rax
  0x000072fd53fff2d2:   cmpxchg %rsi,(%rdx,%r10,8)
  0x000072fd53fff2d7:   pop    %rax
  0x000072fd53fff2d8:   jmp    0x000072fd53fff29f
  0x000072fd53fff2da:   mov    $0x27,%r10d
  0x000072fd53fff2e0:   jmp    0x000072fd53fff2e6
  0x000072fd53fff2e2:   add    $0x1,%r10
  0x000072fd53fff2e6:   addq   $0x1,(%rdx,%r10,8)
  0x000072fd53fff2eb:   mov    0x38(%rsp),%rdx
  0x000072fd53fff2f0:   mov    %rax,%rcx
  0x000072fd53fff2f3:   mov    0x28(%rsp),%rsi              ;*invokeinterface nameAndTypeEntry {reexecute=0 rethrow=0 return_oop=0}
                                                            ; - java.lang.classfile.constantpool.ConstantPoolBuilder::nameAndTypeEntry@15 (line 274)
  0x000072fd53fff2f8:   nopl   0x0(%rax,%rax,1)
  0x000072fd53fff2fd:   movabs $0x72fcf8014540,%rax
  0x000072fd53fff307:   call   0x000072fd5b4adce0           ; ImmutableOopMap {}
                                                            ;*invokeinterface nameAndTypeEntry {reexecute=0 rethrow=0 return_oop=0}
                                                            ; - java.lang.classfile.constantpool.ConstantPoolBuilder::nameAndTypeEntry@15 (line 274)
                                                            ;   {virtual_call}
  0x000072fd53fff30c:   nopl   0x2000304(%rax,%rax,1)       ;*invokeinterface nameAndTypeEntry {reexecute=0 rethrow=0 return_oop=0}
                                                            ; - java.lang.classfile.constantpool.ConstantPoolBuilder::nameAndTypeEntry@15 (line 274)
                                                            ;   {post_call_nop}
  0x000072fd53fff314:   add    $0x50,%rsp
  0x000072fd53fff318:   pop    %rbp
  0x000072fd53fff319:   cmp    0x28(%r15),%rsp              ;   {poll_return}
  0x000072fd53fff31d:   ja     0x000072fd53fff345
  0x000072fd53fff323:   ret    
  0x000072fd53fff324:   movabs $0x6433cff8,%r10             ;   {metadata({method} {0x000000006433cff8} &apos;nameAndTypeEntry&apos; &apos;(Ljava/lang/String;Ljava/lang/constant/MethodTypeDesc;)Ljava/lang/classfile/constantpool/NameAndTypeEntry;&apos; in &apos;java/lang/classfile/constantpool/ConstantPoolBuilder&apos;)}
  0x000072fd53fff32e:   mov    %r10,0x8(%rsp)
  0x000072fd53fff333:   movq   $0xffffffffffffffff,(%rsp)
  0x000072fd53fff33b:   call   0x000072fd5b583460           ; ImmutableOopMap {rsi=Oop rdx=Oop rcx=Oop }
                                                            ;*synchronization entry
                                                            ; - java.lang.classfile.constantpool.ConstantPoolBuilder::nameAndTypeEntry@-1 (line 274)
                                                            ;   {runtime_call counter_overflow_blob (C1 runtime)}
  0x000072fd53fff340:   jmp    0x000072fd53fff162
  0x000072fd53fff345:   movabs $0x72fd53fff319,%r10         ;   {internal_word}
  0x000072fd53fff34f:   mov    %r10,0x510(%r15)
  0x000072fd53fff356:   jmp    0x000072fd5b4afb60           ;   {runtime_call SafepointBlob}
  0x000072fd53fff35b:   mov    0x5c0(%r15),%rax
  0x000072fd53fff362:   movq   $0x0,0x5c0(%r15)
  0x000072fd53fff36d:   movq   $0x0,0x5c8(%r15)
  0x000072fd53fff378:   add    $0x50,%rsp
  0x000072fd53fff37c:   pop    %rbp
  0x000072fd53fff37d:   jmp    0x000072fd5b57b760           ;   {runtime_call unwind_exception_blob (C1 runtime)}
  0x000072fd53fff382:   hlt    
  0x000072fd53fff383:   hlt    
  0x000072fd53fff384:   hlt    
  0x000072fd53fff385:   hlt    
  0x000072fd53fff386:   hlt    
  0x000072fd53fff387:   hlt    
[Stub Code]
  0x000072fd53fff388:   nopl   0x0(%rax,%rax,1)             ;   {other}
  0x000072fd53fff38d:   movabs $0x0,%rbx                    ;   {static_stub}
  0x000072fd53fff397:   jmp    0x000072fd53fff397           ;   {runtime_call nmethod}
  0x000072fd53fff39c:   nop
  0x000072fd53fff39d:   movabs $0x0,%rbx                    ;   {static_stub}
  0x000072fd53fff3a7:   jmp    0x000072fd53fff3a7           ;   {runtime_call nmethod}
  0x000072fd53fff3ac:   nop
  0x000072fd53fff3ad:   movabs $0x0,%rbx                    ;   {static_stub}
  0x000072fd53fff3b7:   jmp    0x000072fd53fff3b7           ;   {runtime_call nmethod}
[Exception Handler]
  0x000072fd53fff3bc:   call   0x000072fd5b57fbe0           ;   {runtime_call handle_exception_from_callee_blob (C1 runtime)}
  0x000072fd53fff3c1:   movabs $0x72fd74b3aec4,%rdi         ;   {external_word}
  0x000072fd53fff3cb:   and    $0xfffffffffffffff0,%rsp
  0x000072fd53fff3cf:   call   0x000072fd74591cc0           ;   {runtime_call MacroAssembler::debug64(char*, long, long*)}
  0x000072fd53fff3d4:   hlt    
  0x000072fd53fff3d5:   call   0x000072fd5b4afe60           ;   {runtime_call DeoptimizationBlob}
[Deopt Handler Entry Point]
  0x000072fd53fff3da:   jmp    0x000072fd53fff3d5
  0x000072fd53fff3dc:   hlt    
  0x000072fd53fff3dd:   hlt    
  0x000072fd53fff3de:   hlt    
  0x000072fd53fff3df:   hlt    
--------------------------------------------------------------------------------
[/Disassembly]
