
============================= C1-compiled nmethod ==============================
----------------------------------- Assembly -----------------------------------

Compiled method (c1) 524   47       3       jdk.internal.classfile.impl.AbstractPoolEntry$MethodRefEntryImpl::&lt;init&gt; (12 bytes)
 total in heap  [0x000071828bfff008,0x000071828bfff240] = 568
 main code      [0x000071828bfff100,0x000071828bfff210] = 272
 stub code      [0x000071828bfff210,0x000071828bfff240] = 48
 mutable data [0x000071823001cdd0,0x000071823001ce10] = 64
 relocation     [0x000071823001cdd0,0x000071823001ce08] = 56
 metadata       [0x000071823001ce08,0x000071823001ce10] = 8
 immutable data [0x00007182300144f0,0x00007182300145a4] = 180
 dependencies   [0x00007182300144f0,0x00007182300144f8] = 8
 scopes pcs     [0x00007182300144f8,0x0000718230014568] = 112
 scopes data    [0x0000718230014568,0x00007182300145a0] = 56

[Disassembly]
--------------------------------------------------------------------------------
[Constant Pool (empty)]

--------------------------------------------------------------------------------

[Instructions begin]
  0x000071828bfff100:   data16 data16 nopw 0x0(%rax,%rax,1)
  0x000071828bfff10b:   data16 data16 xchg %ax,%ax
  0x000071828bfff10f:   data16 xchg %ax,%ax
[Entry Point]
  # {method} {0x000000003a344618} &apos;&lt;init&gt;&apos; &apos;(Ljava/lang/classfile/constantpool/ConstantPool;ILjdk/internal/classfile/impl/AbstractPoolEntry$ClassEntryImpl;Ljdk/internal/classfile/impl/AbstractPoolEntry$NameAndTypeEntryImpl;)V&apos; in &apos;jdk/internal/classfile/impl/AbstractPoolEntry$MethodRefEntryImpl&apos;
  # this:     rsi:rsi   = &apos;jdk/internal/classfile/impl/AbstractPoolEntry$MethodRefEntryImpl&apos;
  # parm0:    rdx:rdx   = &apos;java/lang/classfile/constantpool/ConstantPool&apos;
  # parm1:    rcx       = int
  # parm2:    r8:r8     = &apos;jdk/internal/classfile/impl/AbstractPoolEntry$ClassEntryImpl&apos;
  # parm3:    r9:r9     = &apos;jdk/internal/classfile/impl/AbstractPoolEntry$NameAndTypeEntryImpl&apos;
  #           [sp+0x50]  (sp of caller)
  0x000071828bfff112:   mov    0x8(%rsi),%r10d
  0x000071828bfff116:   cmp    0x8(%rax),%r10d
  0x000071828bfff11a:   jne    0x00007182934ad6e0           ;   {runtime_call ic_miss_blob (shared runtime)}
[Verified Entry Point]
  0x000071828bfff120:   mov    %eax,-0x14000(%rsp)
  0x000071828bfff127:   push   %rbp
  0x000071828bfff128:   sub    $0x40,%rsp
  0x000071828bfff12c:   cmpl   $0x1,0x20(%r15)
  0x000071828bfff134:   je     0x000071828bfff13b
  0x000071828bfff136:   call   Stub::method_entry_barrier_stub (stub gen)
                                                            ;   {runtime_call Stub::method_entry_barrier_stub (stub gen)}
  0x000071828bfff13b:   mov    %rcx,%rdi
  0x000071828bfff13e:   mov    %r8,%rbx
  0x000071828bfff141:   mov    %r9,%rax
  0x000071828bfff144:   movabs $0x71823c2a34d0,%rcx         ;   {metadata(method data for {method} {0x000000003a344618} &apos;&lt;init&gt;&apos; &apos;(Ljava/lang/classfile/constantpool/ConstantPool;ILjdk/internal/classfile/impl/AbstractPoolEntry$ClassEntryImpl;Ljdk/internal/classfile/impl/AbstractPoolEntry$NameAndTypeEntryImpl;)V&apos; in &apos;jdk/internal/classfile/impl/AbstractPoolEntry$MethodRefEntryImpl&apos;)}
  0x000071828bfff14e:   mov    0x90(%rcx),%r8d
  0x000071828bfff155:   add    $0x2,%r8d
  0x000071828bfff159:   mov    %r8d,0x90(%rcx)
  0x000071828bfff160:   and    $0x7fe,%r8d
  0x000071828bfff167:   test   %r8d,%r8d
  0x000071828bfff16a:   je     0x000071828bfff1b4           ;*aload_0 {reexecute=0 rethrow=0 return_oop=0}
                                                            ; - jdk.internal.classfile.impl.AbstractPoolEntry$MethodRefEntryImpl::&lt;init&gt;@0 (line 847)
  0x000071828bfff170:   mov    %rsi,%rcx
  0x000071828bfff173:   movabs $0x71823c2a34d0,%r8          ;   {metadata(method data for {method} {0x000000003a344618} &apos;&lt;init&gt;&apos; &apos;(Ljava/lang/classfile/constantpool/ConstantPool;ILjdk/internal/classfile/impl/AbstractPoolEntry$ClassEntryImpl;Ljdk/internal/classfile/impl/AbstractPoolEntry$NameAndTypeEntryImpl;)V&apos; in &apos;jdk/internal/classfile/impl/AbstractPoolEntry$MethodRefEntryImpl&apos;)}
  0x000071828bfff17d:   addq   $0x1,0xd8(%r8)
  0x000071828bfff185:   mov    $0xa,%ecx
  0x000071828bfff18a:   mov    %rdi,%r8
  0x000071828bfff18d:   mov    %rbx,%r9
  0x000071828bfff190:   mov    %rax,%rdi                    ;*invokespecial &lt;init&gt; {reexecute=0 rethrow=0 return_oop=0}
                                                            ; - jdk.internal.classfile.impl.AbstractPoolEntry$MethodRefEntryImpl::&lt;init&gt;@8 (line 847)
  0x000071828bfff193:   nopl   0x0(%rax)
  0x000071828bfff197:   call   0x00007182934ad9e0           ; ImmutableOopMap {}
                                                            ;*invokespecial &lt;init&gt; {reexecute=0 rethrow=0 return_oop=0}
                                                            ; - jdk.internal.classfile.impl.AbstractPoolEntry$MethodRefEntryImpl::&lt;init&gt;@8 (line 847)
                                                            ;   {optimized virtual_call}
  0x000071828bfff19c:   nopl   0x194(%rax,%rax,1)           ;*invokespecial &lt;init&gt; {reexecute=0 rethrow=0 return_oop=0}
                                                            ; - jdk.internal.classfile.impl.AbstractPoolEntry$MethodRefEntryImpl::&lt;init&gt;@8 (line 847)
                                                            ;   {post_call_nop}
  0x000071828bfff1a4:   add    $0x40,%rsp
  0x000071828bfff1a8:   pop    %rbp
  0x000071828bfff1a9:   cmp    0x28(%r15),%rsp              ;   {poll_return}
  0x000071828bfff1ad:   ja     0x000071828bfff1d2
  0x000071828bfff1b3:   ret    
  0x000071828bfff1b4:   movabs $0x3a344618,%r10             ;   {metadata({method} {0x000000003a344618} &apos;&lt;init&gt;&apos; &apos;(Ljava/lang/classfile/constantpool/ConstantPool;ILjdk/internal/classfile/impl/AbstractPoolEntry$ClassEntryImpl;Ljdk/internal/classfile/impl/AbstractPoolEntry$NameAndTypeEntryImpl;)V&apos; in &apos;jdk/internal/classfile/impl/AbstractPoolEntry$MethodRefEntryImpl&apos;)}
  0x000071828bfff1be:   mov    %r10,0x8(%rsp)
  0x000071828bfff1c3:   movq   $0xffffffffffffffff,(%rsp)
  0x000071828bfff1cb:   call   0x0000718293583460           ; ImmutableOopMap {rsi=Oop rdx=Oop rbx=Oop rax=Oop }
                                                            ;*synchronization entry
                                                            ; - jdk.internal.classfile.impl.AbstractPoolEntry$MethodRefEntryImpl::&lt;init&gt;@-1 (line 847)
                                                            ;   {runtime_call counter_overflow_blob (C1 runtime)}
  0x000071828bfff1d0:   jmp    0x000071828bfff170
  0x000071828bfff1d2:   movabs $0x71828bfff1a9,%r10         ;   {internal_word}
  0x000071828bfff1dc:   mov    %r10,0x510(%r15)
  0x000071828bfff1e3:   jmp    0x00007182934afb60           ;   {runtime_call SafepointBlob}
  0x000071828bfff1e8:   mov    0x5c0(%r15),%rax
  0x000071828bfff1ef:   movq   $0x0,0x5c0(%r15)
  0x000071828bfff1fa:   movq   $0x0,0x5c8(%r15)
  0x000071828bfff205:   add    $0x40,%rsp
  0x000071828bfff209:   pop    %rbp
  0x000071828bfff20a:   jmp    0x000071829357b760           ;   {runtime_call unwind_exception_blob (C1 runtime)}
  0x000071828bfff20f:   hlt    
[Stub Code]
  0x000071828bfff210:   movabs $0x0,%rbx                    ;   {static_stub}
  0x000071828bfff21a:   jmp    0x000071828bfff21a           ;   {runtime_call nmethod}
[Exception Handler]
  0x000071828bfff21f:   call   0x000071829357f2e0           ;   {runtime_call handle_exception_from_callee_blob (C1 runtime)}
  0x000071828bfff224:   movabs $0x7182aa73aec4,%rdi         ;   {external_word}
  0x000071828bfff22e:   and    $0xfffffffffffffff0,%rsp
  0x000071828bfff232:   call   0x00007182aa191cc0           ;   {runtime_call MacroAssembler::debug64(char*, long, long*)}
  0x000071828bfff237:   hlt    
  0x000071828bfff238:   call   0x00007182934afe60           ;   {runtime_call DeoptimizationBlob}
[Deopt Handler Entry Point]
  0x000071828bfff23d:   jmp    0x000071828bfff238
  0x000071828bfff23f:   hlt    
--------------------------------------------------------------------------------
[/Disassembly]
