----------------------------------- Assembly -----------------------------------

Compiled method (c2) 540   47       4       jdk.internal.classfile.impl.EntryMap::put (186 bytes)
 total in heap  [0x00007df44fba8a08,0x00007df44fba8e08] = 1024
 main code      [0x00007df44fba8b00,0x00007df44fba8e00] = 768
 stub code      [0x00007df44fba8e00,0x00007df44fba8e08] = 8
 mutable data [0x00007df3ec0ba090,0x00007df3ec0ba0e0] = 80
 relocation     [0x00007df3ec0ba090,0x00007df3ec0ba0d8] = 72
 metadata       [0x00007df3ec0ba0d8,0x00007df3ec0ba0e0] = 8
 immutable data [0x00007df3ec0b9b90,0x00007df3ec0ba07c] = 1260
 dependencies   [0x00007df3ec0b9b90,0x00007df3ec0b9b98] = 8
 nul chk table  [0x00007df3ec0b9b98,0x00007df3ec0b9ba8] = 16
 scopes pcs     [0x00007df3ec0b9ba8,0x00007df3ec0b9ef8] = 848
 scopes data    [0x00007df3ec0b9ef8,0x00007df3ec0ba078] = 384

[Disassembly]
--------------------------------------------------------------------------------
[Constant Pool (empty)]

--------------------------------------------------------------------------------

[Instructions begin]
  0x00007df44fba8b00:   xchg   %ax,%ax
[Entry Point]
  # {method} {0x000000004b45cd88} &apos;put&apos; &apos;(II)V&apos; in &apos;jdk/internal/classfile/impl/EntryMap&apos;
  # this:     rsi:rsi   = &apos;jdk/internal/classfile/impl/EntryMap&apos;
  # parm0:    rdx       = int
  # parm1:    rcx       = int
  #           [sp+0x40]  (sp of caller)
  0x00007df44fba8b02:   mov    0x8(%rsi),%r10d
  0x00007df44fba8b06:   cmp    0x8(%rax),%r10d
  0x00007df44fba8b0a:   jne    0x00007df44f4ad6e0           ;   {runtime_call ic_miss_blob (shared runtime)}
[Verified Entry Point]
  0x00007df44fba8b10:   mov    %eax,-0x14000(%rsp)
  0x00007df44fba8b17:   push   %rbp
  0x00007df44fba8b18:   sub    $0x30,%rsp
  0x00007df44fba8b1c:   cmpl   $0x1,0x20(%r15)
  0x00007df44fba8b24:   jne    0x00007df44fba8df2           ;*synchronization entry
                                                            ; - jdk.internal.classfile.impl.EntryMap::put@-1 (line 112)
  0x00007df44fba8b2a:   test   %edx,%edx
  0x00007df44fba8b2c:   je     0x00007df44fba8ca0           ;*ifne {reexecute=0 rethrow=0 return_oop=0}
                                                            ; - jdk.internal.classfile.impl.EntryMap::put@1 (line 112)
  0x00007df44fba8b32:   mov    %edx,%r13d
  0x00007df44fba8b35:   and    0x18(%rsi),%r13d
  0x00007df44fba8b39:   mov    0x20(%rsi),%r11d             ;*getfield data {reexecute=0 rethrow=0 return_oop=0}
                                                            ; - jdk.internal.classfile.impl.EntryMap::put@24 (line 116)
  0x00007df44fba8b3d:   shl    %r13d                        ;*ishl {reexecute=0 rethrow=0 return_oop=0}
                                                            ; - jdk.internal.classfile.impl.EntryMap::put@21 (line 115)
  0x00007df44fba8b40:   mov    0xc(%r12,%r11,8),%ebx        ; implicit exception: dispatches to 0x00007df44fba8dc4
                                                            ;*iaload {reexecute=0 rethrow=0 return_oop=0}
                                                            ; - jdk.internal.classfile.impl.EntryMap::put@32 (line 117)
  0x00007df44fba8b45:   cmp    %ebx,%r13d
  0x00007df44fba8b48:   jae    0x00007df44fba8c2d
  0x00007df44fba8b4e:   mov    0x10(%rsi),%r9d              ;*getfield resizeThreshold {reexecute=0 rethrow=0 return_oop=0}
                                                            ; - jdk.internal.classfile.impl.EntryMap::put@57 (line 121)
  0x00007df44fba8b52:   mov    0x14(%rsi),%eax              ;*getfield size {reexecute=0 rethrow=0 return_oop=0}
                                                            ; - jdk.internal.classfile.impl.EntryMap::put@53 (line 121)
  0x00007df44fba8b55:   lea    (%r12,%r11,8),%r14           ;*getfield data {reexecute=0 rethrow=0 return_oop=0}
                                                            ; - jdk.internal.classfile.impl.EntryMap::put@24 (line 116)
  0x00007df44fba8b59:   mov    0x10(%r14,%r13,4),%r10d      ;*iaload {reexecute=0 rethrow=0 return_oop=0}
                                                            ; - jdk.internal.classfile.impl.EntryMap::put@32 (line 117)
  0x00007df44fba8b5e:   lea    0x1(%rax),%edi
  0x00007df44fba8b61:   test   %r10d,%r10d
  0x00007df44fba8b64:   jne    0x00007df44fba8b9c           ;*ifne {reexecute=0 rethrow=0 return_oop=0}
                                                            ; - jdk.internal.classfile.impl.EntryMap::put@37 (line 118)
  0x00007df44fba8b66:   mov    %edx,0x10(%r14,%r13,4)       ;*iastore {reexecute=0 rethrow=0 return_oop=0}
                                                            ; - jdk.internal.classfile.impl.EntryMap::put@44 (line 119)
  0x00007df44fba8b6b:   lea    0x1(%r13),%r8d
  0x00007df44fba8b6f:   cmp    %ebx,%r8d
  0x00007df44fba8b72:   jae    0x00007df44fba8c54
  0x00007df44fba8b78:   movslq %r13d,%r10
  0x00007df44fba8b7b:   mov    %ecx,0x14(%r14,%r10,4)       ;*iastore {reexecute=0 rethrow=0 return_oop=0}
                                                            ; - jdk.internal.classfile.impl.EntryMap::put@51 (line 120)
  0x00007df44fba8b80:   cmp    %r9d,%eax
  0x00007df44fba8b83:   jge    0x00007df44fba8cb4           ;*if_icmplt {reexecute=0 rethrow=0 return_oop=0}
                                                            ; - jdk.internal.classfile.impl.EntryMap::put@60 (line 121)
  0x00007df44fba8b89:   mov    %edi,0x14(%rsi)              ;*iaload {reexecute=0 rethrow=0 return_oop=0}
                                                            ; - jdk.internal.classfile.impl.EntryMap::put@32 (line 117)
  0x00007df44fba8b8c:   add    $0x30,%rsp
  0x00007df44fba8b90:   pop    %rbp
  0x00007df44fba8b91:   cmp    0x28(%r15),%rsp              ;   {poll_return}
  0x00007df44fba8b95:   ja     0x00007df44fba8ddc
  0x00007df44fba8b9b:   ret    
  0x00007df44fba8b9c:   cmp    %edx,%r10d
  0x00007df44fba8b9f:   je     0x00007df44fba8d74           ;*if_icmpne {reexecute=0 rethrow=0 return_oop=0}
                                                            ; - jdk.internal.classfile.impl.EntryMap::put@89 (line 127)
  0x00007df44fba8ba5:   mov    0x1c(%rsi),%r10d             ;*getfield mask2 {reexecute=0 rethrow=0 return_oop=0}
                                                            ; - jdk.internal.classfile.impl.EntryMap::put@107 (line 132)
  0x00007df44fba8ba9:   add    $0x2,%r13d
  0x00007df44fba8bad:   and    %r10d,%r13d                  ;*iand {reexecute=0 rethrow=0 return_oop=0}
                                                            ; - jdk.internal.classfile.impl.EntryMap::put@110 (line 132)
  0x00007df44fba8bb0:   cmp    %ebx,%r13d
  0x00007df44fba8bb3:   jae    0x00007df44fba8d04
  0x00007df44fba8bb9:   mov    0x10(%r14,%r13,4),%r8d       ;*iaload {reexecute=0 rethrow=0 return_oop=0}
                                                            ; - jdk.internal.classfile.impl.EntryMap::put@115 (line 133)
  0x00007df44fba8bbe:   test   %r8d,%r8d
  0x00007df44fba8bc1:   je     0x00007df44fba8bfa           ;*if_icmpne {reexecute=0 rethrow=0 return_oop=0}
                                                            ; - jdk.internal.classfile.impl.EntryMap::put@172 (line 143)
  0x00007df44fba8bc3:   nopw   0x0(%rax,%rax,1)
  0x00007df44fba8bcc:   data16 data16 xchg %ax,%ax          ;*aload {reexecute=0 rethrow=0 return_oop=0}
                                                            ; - jdk.internal.classfile.impl.EntryMap::put@123 (line 135)
  0x00007df44fba8bd0:   mov    0x30(%r15),%rbp              ; ImmutableOopMap {r11=NarrowOop rsi=Oop r14=Oop }
                                                            ;*if_icmpne {reexecute=1 rethrow=0 return_oop=0}
                                                            ; - (reexecute) jdk.internal.classfile.impl.EntryMap::put@172 (line 143)
  0x00007df44fba8bd4:   test   %eax,0x0(%rbp)               ;   {poll}
  0x00007df44fba8bd7:   cmp    %edx,%r8d
  0x00007df44fba8bda:   je     0x00007df44fba8cd8           ;*if_icmpne {reexecute=0 rethrow=0 return_oop=0}
                                                            ; - jdk.internal.classfile.impl.EntryMap::put@172 (line 143)
  0x00007df44fba8be0:   add    $0x2,%r13d
  0x00007df44fba8be4:   and    %r10d,%r13d                  ;*iand {reexecute=0 rethrow=0 return_oop=0}
                                                            ; - jdk.internal.classfile.impl.EntryMap::put@110 (line 132)
  0x00007df44fba8be7:   cmp    %ebx,%r13d
  0x00007df44fba8bea:   jae    0x00007df44fba8c78
  0x00007df44fba8bf0:   mov    0x10(%r14,%r13,4),%r8d       ;*iaload {reexecute=0 rethrow=0 return_oop=0}
                                                            ; - jdk.internal.classfile.impl.EntryMap::put@115 (line 133)
  0x00007df44fba8bf5:   test   %r8d,%r8d
  0x00007df44fba8bf8:   jne    0x00007df44fba8bd0           ;*aload {reexecute=0 rethrow=0 return_oop=0}
                                                            ; - jdk.internal.classfile.impl.EntryMap::put@123 (line 135)
  0x00007df44fba8bfa:   cmp    %ebx,%r13d
  0x00007df44fba8bfd:   jae    0x00007df44fba8d2c
  0x00007df44fba8c03:   mov    %edx,0x10(%r14,%r13,4)       ;*iastore {reexecute=0 rethrow=0 return_oop=0}
                                                            ; - jdk.internal.classfile.impl.EntryMap::put@127 (line 135)
  0x00007df44fba8c08:   lea    0x1(%r13),%ebp
  0x00007df44fba8c0c:   cmp    %ebx,%ebp
  0x00007df44fba8c0e:   jae    0x00007df44fba8d54
  0x00007df44fba8c14:   movslq %r13d,%r10
  0x00007df44fba8c17:   mov    %ecx,0x14(%r14,%r10,4)       ;*iastore {reexecute=0 rethrow=0 return_oop=0}
                                                            ; - jdk.internal.classfile.impl.EntryMap::put@134 (line 136)
  0x00007df44fba8c1c:   cmp    %r9d,%eax
  0x00007df44fba8c1f:   jge    0x00007df44fba8da0           ;*if_icmplt {reexecute=0 rethrow=0 return_oop=0}
                                                            ; - jdk.internal.classfile.impl.EntryMap::put@143 (line 137)
  0x00007df44fba8c25:   mov    %edi,0x14(%rsi)              ;*putfield size {reexecute=0 rethrow=0 return_oop=0}
                                                            ; - jdk.internal.classfile.impl.EntryMap::put@165 (line 140)
  0x00007df44fba8c28:   jmp    0x00007df44fba8b8c
  0x00007df44fba8c2d:   mov    %rsi,%rbp
  0x00007df44fba8c30:   mov    %edx,(%rsp)
  0x00007df44fba8c33:   mov    %ecx,0x4(%rsp)
  0x00007df44fba8c37:   mov    %r11d,0x10(%rsp)
  0x00007df44fba8c3c:   mov    %r13d,0x14(%rsp)
  0x00007df44fba8c41:   mov    $0xffffffe4,%esi
  0x00007df44fba8c46:   nop
  0x00007df44fba8c47:   call   0x00007df44f585ce0           ; ImmutableOopMap {rbp=Oop [16]=NarrowOop }
                                                            ;*iaload {reexecute=0 rethrow=0 return_oop=0}
                                                            ; - jdk.internal.classfile.impl.EntryMap::put@32 (line 117)
                                                            ;   {runtime_call UncommonTrapBlob}
  0x00007df44fba8c4c:   nopl   0x1000244(%rax,%rax,1)       ;   {post_call_nop}
  0x00007df44fba8c54:   mov    %rsi,%rbp
  0x00007df44fba8c57:   mov    %r11d,0x4(%rsp)
  0x00007df44fba8c5c:   mov    %r8d,0x8(%rsp)
  0x00007df44fba8c61:   mov    %ecx,0xc(%rsp)
  0x00007df44fba8c65:   mov    $0xffffffe4,%esi
  0x00007df44fba8c6a:   nop
  0x00007df44fba8c6b:   call   0x00007df44f585ce0           ; ImmutableOopMap {rbp=Oop [4]=NarrowOop }
                                                            ;*iastore {reexecute=0 rethrow=0 return_oop=0}
                                                            ; - jdk.internal.classfile.impl.EntryMap::put@51 (line 120)
                                                            ;   {runtime_call UncommonTrapBlob}
  0x00007df44fba8c70:   nopl   0x2000268(%rax,%rax,1)       ;*iastore {reexecute=0 rethrow=0 return_oop=0}
                                                            ; - jdk.internal.classfile.impl.EntryMap::put@51 (line 120)
                                                            ;   {post_call_nop}
  0x00007df44fba8c78:   mov    %rsi,%rbp
  0x00007df44fba8c7b:   mov    %edx,(%rsp)
  0x00007df44fba8c7e:   mov    %ecx,0x4(%rsp)
  0x00007df44fba8c82:   mov    %r11d,0x10(%rsp)
  0x00007df44fba8c87:   mov    %r13d,0x14(%rsp)
  0x00007df44fba8c8c:   mov    $0xffffffe4,%esi
  0x00007df44fba8c91:   xchg   %ax,%ax
  0x00007df44fba8c93:   call   0x00007df44f585ce0           ; ImmutableOopMap {rbp=Oop [16]=NarrowOop }
                                                            ;*iaload {reexecute=0 rethrow=0 return_oop=0}
                                                            ; - jdk.internal.classfile.impl.EntryMap::put@115 (line 133)
                                                            ;   {runtime_call UncommonTrapBlob}
  0x00007df44fba8c98:   nopl   0x3000290(%rax,%rax,1)       ;*iaload {reexecute=0 rethrow=0 return_oop=0}
                                                            ; - jdk.internal.classfile.impl.EntryMap::put@115 (line 133)
                                                            ;   {post_call_nop}
  0x00007df44fba8ca0:   mov    $0xffffff45,%esi
  0x00007df44fba8ca5:   mov    %edx,%ebp
  0x00007df44fba8ca7:   call   0x00007df44f585ce0           ; ImmutableOopMap {}
                                                            ;*ifne {reexecute=1 rethrow=0 return_oop=0}
                                                            ; - (reexecute) jdk.internal.classfile.impl.EntryMap::put@1 (line 112)
                                                            ;   {runtime_call UncommonTrapBlob}
  0x00007df44fba8cac:   nopl   0x40002a4(%rax,%rax,1)       ;*ifne {reexecute=0 rethrow=0 return_oop=0}
                                                            ; - jdk.internal.classfile.impl.EntryMap::put@1 (line 112)
                                                            ;   {post_call_nop}
  0x00007df44fba8cb4:   mov    %rsi,%rbp
  0x00007df44fba8cb7:   mov    %r11d,(%rsp)
  0x00007df44fba8cbb:   mov    %eax,0x4(%rsp)
  0x00007df44fba8cbf:   mov    %r9d,0x8(%rsp)
  0x00007df44fba8cc4:   mov    $0xffffff45,%esi
  0x00007df44fba8cc9:   xchg   %ax,%ax
  0x00007df44fba8ccb:   call   0x00007df44f585ce0           ; ImmutableOopMap {rbp=Oop [0]=NarrowOop }
                                                            ;*if_icmplt {reexecute=1 rethrow=0 return_oop=0}
                                                            ; - (reexecute) jdk.internal.classfile.impl.EntryMap::put@60 (line 121)
                                                            ;   {runtime_call UncommonTrapBlob}
  0x00007df44fba8cd0:   nopl   0x50002c8(%rax,%rax,1)       ;*if_icmplt {reexecute=0 rethrow=0 return_oop=0}
                                                            ; - jdk.internal.classfile.impl.EntryMap::put@60 (line 121)
                                                            ;   {post_call_nop}
  0x00007df44fba8cd8:   mov    %rsi,%rbp
  0x00007df44fba8cdb:   mov    %ecx,0x4(%rsp)
  0x00007df44fba8cdf:   mov    %r13d,0x8(%rsp)
  0x00007df44fba8ce4:   mov    %r11d,0xc(%rsp)
  0x00007df44fba8ce9:   mov    %r8d,0x10(%rsp)
  0x00007df44fba8cee:   mov    %edx,0x14(%rsp)
  0x00007df44fba8cf2:   mov    $0xffffff45,%esi
  0x00007df44fba8cf7:   call   0x00007df44f585ce0           ; ImmutableOopMap {rbp=Oop [12]=NarrowOop }
                                                            ;*if_icmpne {reexecute=1 rethrow=0 return_oop=0}
                                                            ; - (reexecute) jdk.internal.classfile.impl.EntryMap::put@172 (line 143)
                                                            ;   {runtime_call UncommonTrapBlob}
  0x00007df44fba8cfc:   nopl   0x60002f4(%rax,%rax,1)       ;*if_icmpne {reexecute=0 rethrow=0 return_oop=0}
                                                            ; - jdk.internal.classfile.impl.EntryMap::put@172 (line 143)
                                                            ;   {post_call_nop}
  0x00007df44fba8d04:   mov    %rsi,%rbp
  0x00007df44fba8d07:   mov    %edx,(%rsp)
  0x00007df44fba8d0a:   mov    %ecx,0x4(%rsp)
  0x00007df44fba8d0e:   mov    %r11d,0x10(%rsp)
  0x00007df44fba8d13:   mov    %r13d,0x14(%rsp)
  0x00007df44fba8d18:   mov    $0xffffffe4,%esi
  0x00007df44fba8d1d:   xchg   %ax,%ax
  0x00007df44fba8d1f:   call   0x00007df44f585ce0           ; ImmutableOopMap {rbp=Oop [16]=NarrowOop }
                                                            ;*iaload {reexecute=0 rethrow=0 return_oop=0}
                                                            ; - jdk.internal.classfile.impl.EntryMap::put@115 (line 133)
                                                            ;   {runtime_call UncommonTrapBlob}
  0x00007df44fba8d24:   nopl   0x700031c(%rax,%rax,1)       ;*iaload {reexecute=0 rethrow=0 return_oop=0}
                                                            ; - jdk.internal.classfile.impl.EntryMap::put@115 (line 133)
                                                            ;   {post_call_nop}
  0x00007df44fba8d2c:   mov    %rsi,%rbp
  0x00007df44fba8d2f:   mov    %ecx,(%rsp)
  0x00007df44fba8d32:   mov    %r11d,0xc(%rsp)
  0x00007df44fba8d37:   mov    %r13d,0x10(%rsp)
  0x00007df44fba8d3c:   mov    %edx,0x14(%rsp)
  0x00007df44fba8d40:   mov    $0xffffffe4,%esi
  0x00007df44fba8d45:   xchg   %ax,%ax
  0x00007df44fba8d47:   call   0x00007df44f585ce0           ; ImmutableOopMap {rbp=Oop [12]=NarrowOop }
                                                            ;*iastore {reexecute=0 rethrow=0 return_oop=0}
                                                            ; - jdk.internal.classfile.impl.EntryMap::put@127 (line 135)
                                                            ;   {runtime_call UncommonTrapBlob}
  0x00007df44fba8d4c:   nopl   0x8000344(%rax,%rax,1)       ;   {post_call_nop}
  0x00007df44fba8d54:   mov    %rsi,(%rsp)
  0x00007df44fba8d58:   mov    %r11d,0xc(%rsp)
  0x00007df44fba8d5d:   mov    %ecx,0x10(%rsp)
  0x00007df44fba8d61:   mov    $0xffffffe4,%esi
  0x00007df44fba8d66:   nop
  0x00007df44fba8d67:   call   0x00007df44f585ce0           ; ImmutableOopMap {[0]=Oop [12]=NarrowOop }
                                                            ;*iastore {reexecute=0 rethrow=0 return_oop=0}
                                                            ; - jdk.internal.classfile.impl.EntryMap::put@134 (line 136)
                                                            ;   {runtime_call UncommonTrapBlob}
  0x00007df44fba8d6c:   nopl   0x9000364(%rax,%rax,1)       ;*iastore {reexecute=0 rethrow=0 return_oop=0}
                                                            ; - jdk.internal.classfile.impl.EntryMap::put@134 (line 136)
                                                            ;   {post_call_nop}
  0x00007df44fba8d74:   mov    %rsi,%rbp
  0x00007df44fba8d77:   mov    %ecx,0x4(%rsp)
  0x00007df44fba8d7b:   mov    %r13d,0x8(%rsp)
  0x00007df44fba8d80:   mov    %r11d,0xc(%rsp)
  0x00007df44fba8d85:   mov    %r10d,0x10(%rsp)
  0x00007df44fba8d8a:   mov    %edx,0x14(%rsp)
  0x00007df44fba8d8e:   mov    $0xffffff45,%esi
  0x00007df44fba8d93:   call   0x00007df44f585ce0           ; ImmutableOopMap {rbp=Oop [12]=NarrowOop }
                                                            ;*if_icmpne {reexecute=1 rethrow=0 return_oop=0}
                                                            ; - (reexecute) jdk.internal.classfile.impl.EntryMap::put@89 (line 127)
                                                            ;   {runtime_call UncommonTrapBlob}
  0x00007df44fba8d98:   nopl   0xa000390(%rax,%rax,1)       ;*if_icmpne {reexecute=0 rethrow=0 return_oop=0}
                                                            ; - jdk.internal.classfile.impl.EntryMap::put@89 (line 127)
                                                            ;   {post_call_nop}
  0x00007df44fba8da0:   mov    %rsi,%rbp
  0x00007df44fba8da3:   mov    %r11d,(%rsp)
  0x00007df44fba8da7:   mov    %eax,0x4(%rsp)
  0x00007df44fba8dab:   mov    %r9d,0x8(%rsp)
  0x00007df44fba8db0:   mov    $0xffffff45,%esi
  0x00007df44fba8db5:   xchg   %ax,%ax
  0x00007df44fba8db7:   call   0x00007df44f585ce0           ; ImmutableOopMap {rbp=Oop [0]=NarrowOop }
                                                            ;*if_icmplt {reexecute=1 rethrow=0 return_oop=0}
                                                            ; - (reexecute) jdk.internal.classfile.impl.EntryMap::put@143 (line 137)
                                                            ;   {runtime_call UncommonTrapBlob}
  0x00007df44fba8dbc:   nopl   0xb0003b4(%rax,%rax,1)       ;*if_icmplt {reexecute=0 rethrow=0 return_oop=0}
                                                            ; - jdk.internal.classfile.impl.EntryMap::put@143 (line 137)
                                                            ;   {post_call_nop}
  0x00007df44fba8dc4:   mov    $0xfffffff6,%esi
  0x00007df44fba8dc9:   mov    %r13d,%ebp
  0x00007df44fba8dcc:   data16 xchg %ax,%ax
  0x00007df44fba8dcf:   call   0x00007df44f585ce0           ; ImmutableOopMap {}
                                                            ;*iaload {reexecute=0 rethrow=0 return_oop=0}
                                                            ; - jdk.internal.classfile.impl.EntryMap::put@32 (line 117)
                                                            ;   {runtime_call UncommonTrapBlob}
  0x00007df44fba8dd4:   nopl   0xc0003cc(%rax,%rax,1)       ;*iaload {reexecute=0 rethrow=0 return_oop=0}
                                                            ; - jdk.internal.classfile.impl.EntryMap::put@32 (line 117)
                                                            ;   {post_call_nop}
  0x00007df44fba8ddc:   movabs $0x7df44fba8b91,%r10         ;   {internal_word}
  0x00007df44fba8de6:   mov    %r10,0x510(%r15)
  0x00007df44fba8ded:   jmp    0x00007df44f4afb60           ;   {runtime_call SafepointBlob}
  0x00007df44fba8df2:   call   Stub::method_entry_barrier_stub (stub gen)
                                                            ;   {runtime_call Stub::method_entry_barrier_stub (stub gen)}
  0x00007df44fba8df7:   jmp    0x00007df44fba8b2a
  0x00007df44fba8dfc:   hlt    
  0x00007df44fba8dfd:   hlt    
  0x00007df44fba8dfe:   hlt    
  0x00007df44fba8dff:   hlt    
[Stub Code]
  0x00007df44fba8e00:   call   0x00007df44f4afe60           ;   {runtime_call DeoptimizationBlob}
[Deopt Handler Entry Point]
  0x00007df44fba8e05:   jmp    0x00007df44fba8e00
  0x00007df44fba8e07:   hlt    
--------------------------------------------------------------------------------
[/Disassembly]
