
============================= C1-compiled nmethod ==============================
----------------------------------- Assembly -----------------------------------

Compiled method (c1) 579   50       3       java.lang.invoke.DirectMethodHandle::internalMemberName (8 bytes)
 total in heap  [0x00007323f3fff008,0x00007323f3fff280] = 632
 main code      [0x00007323f3fff100,0x00007323f3fff260] = 352
 stub code      [0x00007323f3fff260,0x00007323f3fff280] = 32
 mutable data [0x000073239401cd80,0x000073239401cdb8] = 56
 relocation     [0x000073239401cd80,0x000073239401cdb0] = 48
 metadata       [0x000073239401cdb0,0x000073239401cdb8] = 8
 immutable data [0x000073239401cca0,0x000073239401cd6c] = 204
 dependencies   [0x000073239401cca0,0x000073239401cca8] = 8
 nul chk table  [0x000073239401cca8,0x000073239401ccb8] = 16
 scopes pcs     [0x000073239401ccb8,0x000073239401cd38] = 128
 scopes data    [0x000073239401cd38,0x000073239401cd68] = 48

[Disassembly]
--------------------------------------------------------------------------------
[Constant Pool (empty)]

--------------------------------------------------------------------------------

[Verified Entry Point]
  # {method} {0x0000000050201808} &apos;internalMemberName&apos; &apos;(Ljava/lang/Object;)Ljava/lang/Object;&apos; in &apos;java/lang/invoke/DirectMethodHandle&apos;
  # parm0:    rsi:rsi   = &apos;java/lang/Object&apos;
  #           [sp+0x30]  (sp of caller)
  0x00007323f3fff100:   mov    %eax,-0x14000(%rsp)
  0x00007323f3fff107:   push   %rbp
  0x00007323f3fff108:   sub    $0x20,%rsp
  0x00007323f3fff10c:   cmpl   $0x1,0x20(%r15)
  0x00007323f3fff114:   je     0x00007323f3fff11b
  0x00007323f3fff116:   call   Stub::method_entry_barrier_stub (stub gen)
                                                            ;   {runtime_call Stub::method_entry_barrier_stub (stub gen)}
  0x00007323f3fff11b:   movabs $0x7323ac2aee98,%rax         ;   {metadata(method data for {method} {0x0000000050201808} &apos;internalMemberName&apos; &apos;(Ljava/lang/Object;)Ljava/lang/Object;&apos; in &apos;java/lang/invoke/DirectMethodHandle&apos;)}
  0x00007323f3fff125:   mov    0x90(%rax),%edi
  0x00007323f3fff12b:   add    $0x2,%edi
  0x00007323f3fff12e:   mov    %edi,0x90(%rax)
  0x00007323f3fff134:   and    $0x7fe,%edi
  0x00007323f3fff13a:   test   %edi,%edi
  0x00007323f3fff13c:   je     0x00007323f3fff1f4           ;*aload_0 {reexecute=0 rethrow=0 return_oop=0}
                                                            ; - java.lang.invoke.DirectMethodHandle::internalMemberName@0 (line 328)
  0x00007323f3fff142:   test   %rsi,%rsi
  0x00007323f3fff145:   movabs $0x7323ac2aee98,%rdi         ;   {metadata(method data for {method} {0x0000000050201808} &apos;internalMemberName&apos; &apos;(Ljava/lang/Object;)Ljava/lang/Object;&apos; in &apos;java/lang/invoke/DirectMethodHandle&apos;)}
  0x00007323f3fff14f:   jne    0x00007323f3fff15d
  0x00007323f3fff151:   orb    $0x1,0xd1(%rdi)
  0x00007323f3fff158:   jmp    0x00007323f3fff1da
  0x00007323f3fff15d:   mov    0x8(%rsi),%ebx
  0x00007323f3fff160:   mov    $0x50000000,%r10d
  0x00007323f3fff166:   add    %r10,%rbx
  0x00007323f3fff169:   mov    $0x1c,%r10d
  0x00007323f3fff16f:   cmp    (%rdi,%r10,8),%rbx
  0x00007323f3fff173:   je     0x00007323f3fff1ac
  0x00007323f3fff175:   add    $0x2,%r10
  0x00007323f3fff179:   cmp    $0x20,%r10
  0x00007323f3fff17d:   jne    0x00007323f3fff16f
  0x00007323f3fff17f:   mov    $0x1c,%r10d
  0x00007323f3fff185:   cmpq   $0x0,(%rdi,%r10,8)
  0x00007323f3fff18a:   je     0x00007323f3fff198
  0x00007323f3fff18c:   add    $0x2,%r10
  0x00007323f3fff190:   cmp    $0x20,%r10
  0x00007323f3fff194:   jne    0x00007323f3fff185
  0x00007323f3fff196:   jmp    0x00007323f3fff1a4
  0x00007323f3fff198:   push   %rax
  0x00007323f3fff199:   xor    %rax,%rax
  0x00007323f3fff19c:   cmpxchg %rbx,(%rdi,%r10,8)
  0x00007323f3fff1a1:   pop    %rax
  0x00007323f3fff1a2:   jmp    0x00007323f3fff169
  0x00007323f3fff1a4:   mov    $0x1b,%r10d
  0x00007323f3fff1aa:   jmp    0x00007323f3fff1b0
  0x00007323f3fff1ac:   add    $0x1,%r10
  0x00007323f3fff1b0:   addq   $0x1,(%rdi,%r10,8)
  0x00007323f3fff1b5:   movabs $0x50200b60,%rbx             ;   {metadata(&apos;java/lang/invoke/DirectMethodHandle&apos;)}
  0x00007323f3fff1bf:   mov    0x8(%rsi),%edi
  0x00007323f3fff1c2:   mov    $0x50000000,%r10d
  0x00007323f3fff1c8:   add    %r10,%rdi
  0x00007323f3fff1cb:   cmp    0x40(%rdi),%rbx
  0x00007323f3fff1cf:   jne    0x00007323f3fff215
  0x00007323f3fff1d5:   jmp    0x00007323f3fff1da
  0x00007323f3fff1da:   mov    %rsi,%rax                    ;*checkcast {reexecute=0 rethrow=0 return_oop=0}
                                                            ; - java.lang.invoke.DirectMethodHandle::internalMemberName@1 (line 328)
  0x00007323f3fff1dd:   mov    0x20(%rax),%eax              ; implicit exception: dispatches to 0x00007323f3fff21e
  0x00007323f3fff1e0:   shl    $0x3,%rax                    ;*getfield member {reexecute=0 rethrow=0 return_oop=0}
                                                            ; - java.lang.invoke.DirectMethodHandle::internalMemberName@4 (line 328)
  0x00007323f3fff1e4:   add    $0x20,%rsp
  0x00007323f3fff1e8:   pop    %rbp
  0x00007323f3fff1e9:   cmp    0x28(%r15),%rsp              ;   {poll_return}
  0x00007323f3fff1ed:   ja     0x00007323f3fff223
  0x00007323f3fff1f3:   ret    
  0x00007323f3fff1f4:   movabs $0x50201808,%r10             ;   {metadata({method} {0x0000000050201808} &apos;internalMemberName&apos; &apos;(Ljava/lang/Object;)Ljava/lang/Object;&apos; in &apos;java/lang/invoke/DirectMethodHandle&apos;)}
  0x00007323f3fff1fe:   mov    %r10,0x8(%rsp)
  0x00007323f3fff203:   movq   $0xffffffffffffffff,(%rsp)
  0x00007323f3fff20b:   call   0x00007323fb583460           ; ImmutableOopMap {rsi=Oop }
                                                            ;*synchronization entry
                                                            ; - java.lang.invoke.DirectMethodHandle::internalMemberName@-1 (line 328)
                                                            ;   {runtime_call counter_overflow_blob (C1 runtime)}
  0x00007323f3fff210:   jmp    0x00007323f3fff142
  0x00007323f3fff215:   mov    %rsi,(%rsp)
  0x00007323f3fff219:   call   0x00007323fb57f8e0           ; ImmutableOopMap {}
                                                            ;*checkcast {reexecute=0 rethrow=0 return_oop=0}
                                                            ; - java.lang.invoke.DirectMethodHandle::internalMemberName@1 (line 328)
                                                            ;   {runtime_call throw_class_cast_exception_blob (C1 runtime)}
  0x00007323f3fff21e:   call   0x00007323fb57cae0           ; ImmutableOopMap {}
                                                            ;*getfield member {reexecute=1 rethrow=0 return_oop=0}
                                                            ; - (reexecute) java.lang.invoke.DirectMethodHandle::internalMemberName@4 (line 328)
                                                            ;   {runtime_call throw_null_pointer_exception_blob (C1 runtime)}
  0x00007323f3fff223:   movabs $0x7323f3fff1e9,%r10         ;   {internal_word}
  0x00007323f3fff22d:   mov    %r10,0x510(%r15)
  0x00007323f3fff234:   jmp    0x00007323fb4afb60           ;   {runtime_call SafepointBlob}
  0x00007323f3fff239:   mov    0x5c0(%r15),%rax
  0x00007323f3fff240:   movq   $0x0,0x5c0(%r15)
  0x00007323f3fff24b:   movq   $0x0,0x5c8(%r15)
  0x00007323f3fff256:   add    $0x20,%rsp
  0x00007323f3fff25a:   pop    %rbp
  0x00007323f3fff25b:   jmp    0x00007323fb57bbe0           ;   {runtime_call unwind_exception_blob (C1 runtime)}
[Exception Handler]
  0x00007323f3fff260:   call   0x00007323fb57f2e0           ;   {runtime_call handle_exception_from_callee_blob (C1 runtime)}
  0x00007323f3fff265:   movabs $0x732412d3aec4,%rdi         ;   {external_word}
  0x00007323f3fff26f:   and    $0xfffffffffffffff0,%rsp
  0x00007323f3fff273:   call   0x0000732412791cc0           ;   {runtime_call MacroAssembler::debug64(char*, long, long*)}
  0x00007323f3fff278:   hlt    
  0x00007323f3fff279:   call   0x00007323fb4afe60           ;   {runtime_call DeoptimizationBlob}
[Deopt Handler Entry Point]
  0x00007323f3fff27e:   jmp    0x00007323f3fff279
--------------------------------------------------------------------------------
[/Disassembly]
