
============================= C1-compiled nmethod ==============================
----------------------------------- Assembly -----------------------------------

Compiled method (c1) 567   50       3       java.lang.CharacterData::of (136 bytes)
 total in heap  [0x00007f2567fff008,0x00007f2567fff7a8] = 1952
 main code      [0x00007f2567fff100,0x00007f2567fff788] = 1672
 stub code      [0x00007f2567fff788,0x00007f2567fff7a8] = 32
 mutable data [0x00007f2508035030,0x00007f25080350f0] = 192
 relocation     [0x00007f2508035030,0x00007f25080350e8] = 184
 metadata       [0x00007f25080350e8,0x00007f25080350f0] = 8
 immutable data [0x00007f2508034ca0,0x00007f250803501c] = 892
 dependencies   [0x00007f2508034ca0,0x00007f2508034ca8] = 8
 nul chk table  [0x00007f2508034ca8,0x00007f2508034ce8] = 64
 scopes pcs     [0x00007f2508034ce8,0x00007f2508034f78] = 656
 scopes data    [0x00007f2508034f78,0x00007f2508035018] = 160

[Disassembly]
--------------------------------------------------------------------------------
[Constant Pool (empty)]

--------------------------------------------------------------------------------

[Verified Entry Point]
  # {method} {0x000000000848d3e0} &apos;of&apos; &apos;(I)Ljava/lang/CharacterData;&apos; in &apos;java/lang/CharacterData&apos;
  # parm0:    rsi       = int
  #           [sp+0x30]  (sp of caller)
  0x00007f2567fff100:   mov    %eax,-0x14000(%rsp)
  0x00007f2567fff107:   push   %rbp
  0x00007f2567fff108:   sub    $0x20,%rsp
  0x00007f2567fff10c:   cmpl   $0x1,0x20(%r15)
  0x00007f2567fff114:   je     0x00007f2567fff11b
  0x00007f2567fff116:   call   Stub::method_entry_barrier_stub (stub gen)
                                                            ;   {runtime_call Stub::method_entry_barrier_stub (stub gen)}
  0x00007f2567fff11b:   movabs $0x7f25202bec00,%rax         ;   {metadata(method data for {method} {0x000000000848d3e0} &apos;of&apos; &apos;(I)Ljava/lang/CharacterData;&apos; in &apos;java/lang/CharacterData&apos;)}
  0x00007f2567fff125:   mov    0x90(%rax),%edi
  0x00007f2567fff12b:   add    $0x2,%edi
  0x00007f2567fff12e:   mov    %edi,0x90(%rax)
  0x00007f2567fff134:   and    $0x7fe,%edi
  0x00007f2567fff13a:   test   %edi,%edi
  0x00007f2567fff13c:   je     0x00007f2567fff49c           ;*iload_0 {reexecute=0 rethrow=0 return_oop=0}
                                                            ; - java.lang.CharacterData::of@0 (line 80)
  0x00007f2567fff142:   mov    %rsi,%rax
  0x00007f2567fff145:   shr    $0x8,%eax
  0x00007f2567fff148:   test   %eax,%eax
  0x00007f2567fff14a:   movabs $0x7f25202bec00,%rax         ;   {metadata(method data for {method} {0x000000000848d3e0} &apos;of&apos; &apos;(I)Ljava/lang/CharacterData;&apos; in &apos;java/lang/CharacterData&apos;)}
  0x00007f2567fff154:   mov    $0xe8,%edi
  0x00007f2567fff159:   je     0x00007f2567fff160
  0x00007f2567fff15b:   mov    $0xd8,%edi
  0x00007f2567fff160:   mov    (%rax,%rdi,1),%rbx
  0x00007f2567fff164:   lea    0x1(%rbx),%rbx
  0x00007f2567fff168:   mov    %rbx,(%rax,%rdi,1)
  0x00007f2567fff16c:   je     0x00007f2567fff482           ;*ifne {reexecute=0 rethrow=0 return_oop=0}
                                                            ; - java.lang.CharacterData::of@4 (line 80)
  0x00007f2567fff172:   shr    $0x10,%esi
  0x00007f2567fff175:   movabs $0x7f25202bec00,%rax         ;   {metadata(method data for {method} {0x000000000848d3e0} &apos;of&apos; &apos;(I)Ljava/lang/CharacterData;&apos; in &apos;java/lang/CharacterData&apos;)}
  0x00007f2567fff17f:   mov    $0x100,%edi
  0x00007f2567fff184:   test   %esi,%esi
  0x00007f2567fff186:   mov    %rdi,%rbx
  0x00007f2567fff189:   mov    $0x110,%edi
  0x00007f2567fff18e:   cmovne %rbx,%rdi
  0x00007f2567fff192:   cmp    $0x1,%esi
  0x00007f2567fff195:   mov    %rdi,%rbx
  0x00007f2567fff198:   mov    $0x120,%edi
  0x00007f2567fff19d:   cmovne %rbx,%rdi
  0x00007f2567fff1a1:   cmp    $0x2,%esi
  0x00007f2567fff1a4:   mov    %rdi,%rbx
  0x00007f2567fff1a7:   mov    $0x130,%edi
  0x00007f2567fff1ac:   cmovne %rbx,%rdi
  0x00007f2567fff1b0:   cmp    $0x3,%esi
  0x00007f2567fff1b3:   mov    %rdi,%rbx
  0x00007f2567fff1b6:   mov    $0x140,%edi
  0x00007f2567fff1bb:   cmovne %rbx,%rdi
  0x00007f2567fff1bf:   cmp    $0x4,%esi
  0x00007f2567fff1c2:   mov    %rdi,%rbx
  0x00007f2567fff1c5:   mov    $0x150,%edi
  0x00007f2567fff1ca:   cmovne %rbx,%rdi
  0x00007f2567fff1ce:   cmp    $0x5,%esi
  0x00007f2567fff1d1:   mov    %rdi,%rbx
  0x00007f2567fff1d4:   mov    $0x160,%edi
  0x00007f2567fff1d9:   cmovne %rbx,%rdi
  0x00007f2567fff1dd:   cmp    $0x6,%esi
  0x00007f2567fff1e0:   mov    %rdi,%rbx
  0x00007f2567fff1e3:   mov    $0x170,%edi
  0x00007f2567fff1e8:   cmovne %rbx,%rdi
  0x00007f2567fff1ec:   cmp    $0x7,%esi
  0x00007f2567fff1ef:   mov    %rdi,%rbx
  0x00007f2567fff1f2:   mov    $0x180,%edi
  0x00007f2567fff1f7:   cmovne %rbx,%rdi
  0x00007f2567fff1fb:   cmp    $0x8,%esi
  0x00007f2567fff1fe:   mov    %rdi,%rbx
  0x00007f2567fff201:   mov    $0x190,%edi
  0x00007f2567fff206:   cmovne %rbx,%rdi
  0x00007f2567fff20a:   cmp    $0x9,%esi
  0x00007f2567fff20d:   mov    %rdi,%rbx
  0x00007f2567fff210:   mov    $0x1a0,%edi
  0x00007f2567fff215:   cmovne %rbx,%rdi
  0x00007f2567fff219:   cmp    $0xa,%esi
  0x00007f2567fff21c:   mov    %rdi,%rbx
  0x00007f2567fff21f:   mov    $0x1b0,%edi
  0x00007f2567fff224:   cmovne %rbx,%rdi
  0x00007f2567fff228:   cmp    $0xb,%esi
  0x00007f2567fff22b:   mov    %rdi,%rbx
  0x00007f2567fff22e:   mov    $0x1c0,%edi
  0x00007f2567fff233:   cmovne %rbx,%rdi
  0x00007f2567fff237:   cmp    $0xc,%esi
  0x00007f2567fff23a:   mov    %rdi,%rbx
  0x00007f2567fff23d:   mov    $0x1d0,%edi
  0x00007f2567fff242:   cmovne %rbx,%rdi
  0x00007f2567fff246:   cmp    $0xd,%esi
  0x00007f2567fff249:   mov    %rdi,%rbx
  0x00007f2567fff24c:   mov    $0x1e0,%edi
  0x00007f2567fff251:   cmovne %rbx,%rdi
  0x00007f2567fff255:   cmp    $0xe,%esi
  0x00007f2567fff258:   mov    %rdi,%rbx
  0x00007f2567fff25b:   mov    $0x1f0,%edi
  0x00007f2567fff260:   cmovne %rbx,%rdi
  0x00007f2567fff264:   cmp    $0xf,%esi
  0x00007f2567fff267:   mov    %rdi,%rbx
  0x00007f2567fff26a:   mov    $0x200,%edi
  0x00007f2567fff26f:   cmovne %rbx,%rdi
  0x00007f2567fff273:   cmp    $0x10,%esi                   ;   {other}
  0x00007f2567fff276:   mov    %rdi,%rbx
  0x00007f2567fff279:   mov    $0x210,%edi
  0x00007f2567fff27e:   cmovne %rbx,%rdi
  0x00007f2567fff282:   mov    (%rax,%rdi,1),%rbx
  0x00007f2567fff286:   mov    $0x1,%r10d
  0x00007f2567fff28c:   add    %r10,%rbx
  0x00007f2567fff28f:   mov    %rbx,(%rax,%rdi,1)
  0x00007f2567fff293:   test   %esi,%esi
  0x00007f2567fff295:   je     0x00007f2567fff442
  0x00007f2567fff29b:   cmp    $0x1,%esi
  0x00007f2567fff29e:   je     0x00007f2567fff402
  0x00007f2567fff2a4:   cmp    $0x2,%esi
  0x00007f2567fff2a7:   je     0x00007f2567fff3c2
  0x00007f2567fff2ad:   cmp    $0x3,%esi
  0x00007f2567fff2b0:   je     0x00007f2567fff382
  0x00007f2567fff2b6:   cmp    $0xe,%esi
  0x00007f2567fff2b9:   je     0x00007f2567fff342
  0x00007f2567fff2bf:   cmp    $0xf,%esi
  0x00007f2567fff2c2:   je     0x00007f2567fff2d1
  0x00007f2567fff2c8:   cmp    $0x10,%esi
  0x00007f2567fff2cb:   jne    0x00007f2567fff312           ;*tableswitch {reexecute=0 rethrow=0 return_oop=0}
                                                            ; - java.lang.CharacterData::of@15 (line 83)
  0x00007f2567fff2d1:   nopl   0x0(%rax)
  0x00007f2567fff2d8:   jmp    0x00007f2567fff4e0           ;   {other}
  0x00007f2567fff2dd:   add    %al,(%rax)
  0x00007f2567fff2df:   add    %al,(%rax)
  0x00007f2567fff2e1:   add    %ah,0xf(%rsi)
  0x00007f2567fff2e4:   (bad)  
  0x00007f2567fff2e5:   add    %r8b,(%rax)
  0x00007f2567fff2e8:   jmp    0x00007f2567fff4fa           ; implicit exception: dispatches to 0x00007f2567fff4ea
  0x00007f2567fff2ed:   nop
  0x00007f2567fff2ee:   shl    $0x3,%rax                    ;*getstatic instance {reexecute=0 rethrow=0 return_oop=0}
                                                            ; - java.lang.CharacterData::of@126 (line 89)
  0x00007f2567fff2f2:   movabs $0x7f25202bec00,%rsi         ;   {metadata(method data for {method} {0x000000000848d3e0} &apos;of&apos; &apos;(I)Ljava/lang/CharacterData;&apos; in &apos;java/lang/CharacterData&apos;)}
  0x00007f2567fff2fc:   incl   0x2a0(%rsi)                  ;*goto {reexecute=0 rethrow=0 return_oop=0}
                                                            ; - java.lang.CharacterData::of@129 (line 89)
  0x00007f2567fff302:   add    $0x20,%rsp
  0x00007f2567fff306:   pop    %rbp
  0x00007f2567fff307:   cmp    0x28(%r15),%rsp              ;   {poll_return}
  0x00007f2567fff30b:   ja     0x00007f2567fff504
  0x00007f2567fff311:   ret    
  0x00007f2567fff312:   nopw   0x0(%rax,%rax,1)
  0x00007f2567fff318:   jmp    0x00007f2567fff53d           ;   {other}
  0x00007f2567fff31d:   add    %al,(%rax)
  0x00007f2567fff31f:   add    %al,(%rax)
  0x00007f2567fff321:   add    %ah,0xf(%rsi)
  0x00007f2567fff324:   (bad)  
  0x00007f2567fff325:   add    %r8b,(%rax)
  0x00007f2567fff328:   jmp    0x00007f2567fff557           ; implicit exception: dispatches to 0x00007f2567fff547
  0x00007f2567fff32d:   nop
  0x00007f2567fff32e:   shl    $0x3,%rax                    ;*getstatic instance {reexecute=0 rethrow=0 return_oop=0}
                                                            ; - java.lang.CharacterData::of@132 (line 90)
  0x00007f2567fff332:   add    $0x20,%rsp
  0x00007f2567fff336:   pop    %rbp
  0x00007f2567fff337:   cmp    0x28(%r15),%rsp              ;   {poll_return}
  0x00007f2567fff33b:   ja     0x00007f2567fff561
  0x00007f2567fff341:   ret    
  0x00007f2567fff342:   nopw   0x0(%rax,%rax,1)
  0x00007f2567fff348:   jmp    0x00007f2567fff59a           ;   {other}
  0x00007f2567fff34d:   add    %al,(%rax)
  0x00007f2567fff34f:   add    %al,(%rax)
  0x00007f2567fff351:   add    %ah,0xf(%rsi)
  0x00007f2567fff354:   (bad)  
  0x00007f2567fff355:   add    %r8b,(%rax)
  0x00007f2567fff358:   jmp    0x00007f2567fff5b4           ; implicit exception: dispatches to 0x00007f2567fff5a4
  0x00007f2567fff35d:   nop
  0x00007f2567fff35e:   shl    $0x3,%rax                    ;*getstatic instance {reexecute=0 rethrow=0 return_oop=0}
                                                            ; - java.lang.CharacterData::of@120 (line 88)
  0x00007f2567fff362:   movabs $0x7f25202bec00,%rsi         ;   {metadata(method data for {method} {0x000000000848d3e0} &apos;of&apos; &apos;(I)Ljava/lang/CharacterData;&apos; in &apos;java/lang/CharacterData&apos;)}
  0x00007f2567fff36c:   incl   0x288(%rsi)                  ;*goto {reexecute=0 rethrow=0 return_oop=0}
                                                            ; - java.lang.CharacterData::of@123 (line 88)
  0x00007f2567fff372:   add    $0x20,%rsp
  0x00007f2567fff376:   pop    %rbp
  0x00007f2567fff377:   cmp    0x28(%r15),%rsp              ;   {poll_return}
  0x00007f2567fff37b:   ja     0x00007f2567fff5be
  0x00007f2567fff381:   ret    
  0x00007f2567fff382:   nopw   0x0(%rax,%rax,1)
  0x00007f2567fff388:   jmp    0x00007f2567fff5f7           ;   {other}
  0x00007f2567fff38d:   add    %al,(%rax)
  0x00007f2567fff38f:   add    %al,(%rax)
  0x00007f2567fff391:   add    %ah,0xf(%rsi)
  0x00007f2567fff394:   (bad)  
  0x00007f2567fff395:   add    %r8b,(%rax)
  0x00007f2567fff398:   jmp    0x00007f2567fff611           ; implicit exception: dispatches to 0x00007f2567fff601
  0x00007f2567fff39d:   nop
  0x00007f2567fff39e:   shl    $0x3,%rax                    ;*getstatic instance {reexecute=0 rethrow=0 return_oop=0}
                                                            ; - java.lang.CharacterData::of@114 (line 87)
  0x00007f2567fff3a2:   movabs $0x7f25202bec00,%rsi         ;   {metadata(method data for {method} {0x000000000848d3e0} &apos;of&apos; &apos;(I)Ljava/lang/CharacterData;&apos; in &apos;java/lang/CharacterData&apos;)}
  0x00007f2567fff3ac:   incl   0x270(%rsi)                  ;*goto {reexecute=0 rethrow=0 return_oop=0}
                                                            ; - java.lang.CharacterData::of@117 (line 87)
  0x00007f2567fff3b2:   add    $0x20,%rsp
  0x00007f2567fff3b6:   pop    %rbp
  0x00007f2567fff3b7:   cmp    0x28(%r15),%rsp              ;   {poll_return}
  0x00007f2567fff3bb:   ja     0x00007f2567fff61b
  0x00007f2567fff3c1:   ret    
  0x00007f2567fff3c2:   nopw   0x0(%rax,%rax,1)
  0x00007f2567fff3c8:   jmp    0x00007f2567fff654           ;   {other}
  0x00007f2567fff3cd:   add    %al,(%rax)
  0x00007f2567fff3cf:   add    %al,(%rax)
  0x00007f2567fff3d1:   add    %ah,0xf(%rsi)
  0x00007f2567fff3d4:   (bad)  
  0x00007f2567fff3d5:   add    %r8b,(%rax)
  0x00007f2567fff3d8:   jmp    0x00007f2567fff66e           ; implicit exception: dispatches to 0x00007f2567fff65e
  0x00007f2567fff3dd:   nop
  0x00007f2567fff3de:   shl    $0x3,%rax                    ;*getstatic instance {reexecute=0 rethrow=0 return_oop=0}
                                                            ; - java.lang.CharacterData::of@108 (line 86)
  0x00007f2567fff3e2:   movabs $0x7f25202bec00,%rsi         ;   {metadata(method data for {method} {0x000000000848d3e0} &apos;of&apos; &apos;(I)Ljava/lang/CharacterData;&apos; in &apos;java/lang/CharacterData&apos;)}
  0x00007f2567fff3ec:   incl   0x258(%rsi)                  ;*goto {reexecute=0 rethrow=0 return_oop=0}
                                                            ; - java.lang.CharacterData::of@111 (line 86)
  0x00007f2567fff3f2:   add    $0x20,%rsp
  0x00007f2567fff3f6:   pop    %rbp
  0x00007f2567fff3f7:   cmp    0x28(%r15),%rsp              ;   {poll_return}
  0x00007f2567fff3fb:   ja     0x00007f2567fff678
  0x00007f2567fff401:   ret    
  0x00007f2567fff402:   nopw   0x0(%rax,%rax,1)
  0x00007f2567fff408:   jmp    0x00007f2567fff6b1           ;   {other}
  0x00007f2567fff40d:   add    %al,(%rax)
  0x00007f2567fff40f:   add    %al,(%rax)
  0x00007f2567fff411:   add    %ah,0xf(%rsi)
  0x00007f2567fff414:   (bad)  
  0x00007f2567fff415:   add    %r8b,(%rax)
  0x00007f2567fff418:   jmp    0x00007f2567fff6cb           ; implicit exception: dispatches to 0x00007f2567fff6bb
  0x00007f2567fff41d:   nop
  0x00007f2567fff41e:   shl    $0x3,%rax                    ;*getstatic instance {reexecute=0 rethrow=0 return_oop=0}
                                                            ; - java.lang.CharacterData::of@102 (line 85)
  0x00007f2567fff422:   movabs $0x7f25202bec00,%rsi         ;   {metadata(method data for {method} {0x000000000848d3e0} &apos;of&apos; &apos;(I)Ljava/lang/CharacterData;&apos; in &apos;java/lang/CharacterData&apos;)}
  0x00007f2567fff42c:   incl   0x240(%rsi)                  ;*goto {reexecute=0 rethrow=0 return_oop=0}
                                                            ; - java.lang.CharacterData::of@105 (line 85)
  0x00007f2567fff432:   add    $0x20,%rsp
  0x00007f2567fff436:   pop    %rbp
  0x00007f2567fff437:   cmp    0x28(%r15),%rsp              ;   {poll_return}
  0x00007f2567fff43b:   ja     0x00007f2567fff6d5
  0x00007f2567fff441:   ret    
  0x00007f2567fff442:   nopw   0x0(%rax,%rax,1)
  0x00007f2567fff448:   jmp    0x00007f2567fff70e           ;   {other}
  0x00007f2567fff44d:   add    %al,(%rax)
  0x00007f2567fff44f:   add    %al,(%rax)
  0x00007f2567fff451:   add    %ah,0xf(%rsi)
  0x00007f2567fff454:   (bad)  
  0x00007f2567fff455:   add    %r8b,(%rax)
  0x00007f2567fff458:   jmp    0x00007f2567fff728           ; implicit exception: dispatches to 0x00007f2567fff718
  0x00007f2567fff45d:   nop
  0x00007f2567fff45e:   shl    $0x3,%rax                    ;*getstatic instance {reexecute=0 rethrow=0 return_oop=0}
                                                            ; - java.lang.CharacterData::of@96 (line 84)
  0x00007f2567fff462:   movabs $0x7f25202bec00,%rsi         ;   {metadata(method data for {method} {0x000000000848d3e0} &apos;of&apos; &apos;(I)Ljava/lang/CharacterData;&apos; in &apos;java/lang/CharacterData&apos;)}
  0x00007f2567fff46c:   incl   0x228(%rsi)                  ;*goto {reexecute=0 rethrow=0 return_oop=0}
                                                            ; - java.lang.CharacterData::of@99 (line 84)
  0x00007f2567fff472:   add    $0x20,%rsp
  0x00007f2567fff476:   pop    %rbp
  0x00007f2567fff477:   cmp    0x28(%r15),%rsp              ;   {poll_return}
  0x00007f2567fff47b:   ja     0x00007f2567fff732
  0x00007f2567fff481:   ret                                 ;*areturn {reexecute=0 rethrow=0 return_oop=0}
                                                            ; - java.lang.CharacterData::of@135 (line 83)
  0x00007f2567fff482:   movabs $0x420022660,%rax            ;   {oop(a &apos;java/lang/CharacterDataLatin1&apos;{0x0000000420022660})}
  0x00007f2567fff48c:   add    $0x20,%rsp
  0x00007f2567fff490:   pop    %rbp
  0x00007f2567fff491:   cmp    0x28(%r15),%rsp              ;   {poll_return}
  0x00007f2567fff495:   ja     0x00007f2567fff748
  0x00007f2567fff49b:   ret    
  0x00007f2567fff49c:   movabs $0x848d3e0,%r10              ;   {metadata({method} {0x000000000848d3e0} &apos;of&apos; &apos;(I)Ljava/lang/CharacterData;&apos; in &apos;java/lang/CharacterData&apos;)}
  0x00007f2567fff4a6:   mov    %r10,0x8(%rsp)
  0x00007f2567fff4ab:   movq   $0xffffffffffffffff,(%rsp)
  0x00007f2567fff4b3:   call   0x00007f256f583460           ; ImmutableOopMap {}
                                                            ;*synchronization entry
                                                            ; - java.lang.CharacterData::of@-1 (line 80)
                                                            ;   {runtime_call counter_overflow_blob (C1 runtime)}
  0x00007f2567fff4b8:   jmp    0x00007f2567fff142
  0x00007f2567fff4bd:   movabs $0x0,%rax                    ;   {oop(nullptr)}
  0x00007f2567fff4c7:   push   %rax
  0x00007f2567fff4c8:   mov    0x10(%rax),%rax
  0x00007f2567fff4cc:   cmp    0x138(%rax),%r15
  0x00007f2567fff4d3:   pop    %rax
  0x00007f2567fff4d4:   jne    0x00007f2567fff4e0
  0x00007f2567fff4d6:   jmp    0x00007f2567fff2e2
  0x00007f2567fff4db:   mov    $0xa192300,%eax
  0x00007f2567fff4e0:   call   0x00007f256f582960           ; ImmutableOopMap {}
                                                            ;*getstatic instance {reexecute=1 rethrow=0 return_oop=0}
                                                            ; - (reexecute) java.lang.CharacterData::of@126 (line 89)
                                                            ;   {runtime_call load_mirror_patching_blob (C1 runtime)}
  0x00007f2567fff4e5:   jmp    0x00007f2567fff2d8
  0x00007f2567fff4ea:   call   0x00007f256f57cae0           ; ImmutableOopMap {rax=Oop }
                                                            ;*getstatic instance {reexecute=1 rethrow=0 return_oop=0}
                                                            ; - (reexecute) java.lang.CharacterData::of@126 (line 89)
                                                            ;   {runtime_call throw_null_pointer_exception_blob (C1 runtime)}
  0x00007f2567fff4ef:   mov    0x0(%rax),%eax
  0x00007f2567fff4f5:   mov    $0x6050b00,%eax
  0x00007f2567fff4fa:   call   0x00007f256f582160           ; ImmutableOopMap {rax=Oop }
                                                            ;*getstatic instance {reexecute=1 rethrow=0 return_oop=0}
                                                            ; - (reexecute) java.lang.CharacterData::of@126 (line 89)
                                                            ;   {runtime_call access_field_patching_blob (C1 runtime)}
  0x00007f2567fff4ff:   jmp    0x00007f2567fff2e8
  0x00007f2567fff504:   movabs $0x7f2567fff307,%r10         ;   {internal_word}
  0x00007f2567fff50e:   mov    %r10,0x510(%r15)
  0x00007f2567fff515:   jmp    0x00007f256f4afb60           ;   {runtime_call SafepointBlob}
  0x00007f2567fff51a:   movabs $0x0,%rax                    ;   {oop(nullptr)}
  0x00007f2567fff524:   push   %rax
  0x00007f2567fff525:   mov    0x10(%rax),%rax
  0x00007f2567fff529:   cmp    0x138(%rax),%r15
  0x00007f2567fff530:   pop    %rax
  0x00007f2567fff531:   jne    0x00007f2567fff53d
  0x00007f2567fff533:   jmp    0x00007f2567fff322
  0x00007f2567fff538:   mov    $0xa192300,%eax
  0x00007f2567fff53d:   call   0x00007f256f582960           ; ImmutableOopMap {}
                                                            ;*getstatic instance {reexecute=1 rethrow=0 return_oop=0}
                                                            ; - (reexecute) java.lang.CharacterData::of@132 (line 90)
                                                            ;   {runtime_call load_mirror_patching_blob (C1 runtime)}
  0x00007f2567fff542:   jmp    0x00007f2567fff318
  0x00007f2567fff547:   call   0x00007f256f57cae0           ; ImmutableOopMap {rax=Oop }
                                                            ;*getstatic instance {reexecute=1 rethrow=0 return_oop=0}
                                                            ; - (reexecute) java.lang.CharacterData::of@132 (line 90)
                                                            ;   {runtime_call throw_null_pointer_exception_blob (C1 runtime)}
  0x00007f2567fff54c:   mov    0x0(%rax),%eax
  0x00007f2567fff552:   mov    $0x6050b00,%eax
  0x00007f2567fff557:   call   0x00007f256f582160           ; ImmutableOopMap {rax=Oop }
                                                            ;*getstatic instance {reexecute=1 rethrow=0 return_oop=0}
                                                            ; - (reexecute) java.lang.CharacterData::of@132 (line 90)
                                                            ;   {runtime_call access_field_patching_blob (C1 runtime)}
  0x00007f2567fff55c:   jmp    0x00007f2567fff328
  0x00007f2567fff561:   movabs $0x7f2567fff337,%r10         ;   {internal_word}
  0x00007f2567fff56b:   mov    %r10,0x510(%r15)
  0x00007f2567fff572:   jmp    0x00007f256f4afb60           ;   {runtime_call SafepointBlob}
  0x00007f2567fff577:   movabs $0x0,%rax                    ;   {oop(nullptr)}
  0x00007f2567fff581:   push   %rax
  0x00007f2567fff582:   mov    0x10(%rax),%rax
  0x00007f2567fff586:   cmp    0x138(%rax),%r15
  0x00007f2567fff58d:   pop    %rax
  0x00007f2567fff58e:   jne    0x00007f2567fff59a
  0x00007f2567fff590:   jmp    0x00007f2567fff352
  0x00007f2567fff595:   mov    $0xa192300,%eax
  0x00007f2567fff59a:   call   0x00007f256f582960           ; ImmutableOopMap {}
                                                            ;*getstatic instance {reexecute=1 rethrow=0 return_oop=0}
                                                            ; - (reexecute) java.lang.CharacterData::of@120 (line 88)
                                                            ;   {runtime_call load_mirror_patching_blob (C1 runtime)}
  0x00007f2567fff59f:   jmp    0x00007f2567fff348
  0x00007f2567fff5a4:   call   0x00007f256f57cae0           ; ImmutableOopMap {rax=Oop }
                                                            ;*getstatic instance {reexecute=1 rethrow=0 return_oop=0}
                                                            ; - (reexecute) java.lang.CharacterData::of@120 (line 88)
                                                            ;   {runtime_call throw_null_pointer_exception_blob (C1 runtime)}
  0x00007f2567fff5a9:   mov    0x0(%rax),%eax
  0x00007f2567fff5af:   mov    $0x6050b00,%eax
  0x00007f2567fff5b4:   call   0x00007f256f582160           ; ImmutableOopMap {rax=Oop }
                                                            ;*getstatic instance {reexecute=1 rethrow=0 return_oop=0}
                                                            ; - (reexecute) java.lang.CharacterData::of@120 (line 88)
                                                            ;   {runtime_call access_field_patching_blob (C1 runtime)}
  0x00007f2567fff5b9:   jmp    0x00007f2567fff358
  0x00007f2567fff5be:   movabs $0x7f2567fff377,%r10         ;   {internal_word}
  0x00007f2567fff5c8:   mov    %r10,0x510(%r15)
  0x00007f2567fff5cf:   jmp    0x00007f256f4afb60           ;   {runtime_call SafepointBlob}
  0x00007f2567fff5d4:   movabs $0x0,%rax                    ;   {oop(nullptr)}
  0x00007f2567fff5de:   push   %rax
  0x00007f2567fff5df:   mov    0x10(%rax),%rax
  0x00007f2567fff5e3:   cmp    0x138(%rax),%r15
  0x00007f2567fff5ea:   pop    %rax
  0x00007f2567fff5eb:   jne    0x00007f2567fff5f7
  0x00007f2567fff5ed:   jmp    0x00007f2567fff392
  0x00007f2567fff5f2:   mov    $0xa192300,%eax
  0x00007f2567fff5f7:   call   0x00007f256f582960           ; ImmutableOopMap {}
                                                            ;*getstatic instance {reexecute=1 rethrow=0 return_oop=0}
                                                            ; - (reexecute) java.lang.CharacterData::of@114 (line 87)
                                                            ;   {runtime_call load_mirror_patching_blob (C1 runtime)}
  0x00007f2567fff5fc:   jmp    0x00007f2567fff388
  0x00007f2567fff601:   call   0x00007f256f57cae0           ; ImmutableOopMap {rax=Oop }
                                                            ;*getstatic instance {reexecute=1 rethrow=0 return_oop=0}
                                                            ; - (reexecute) java.lang.CharacterData::of@114 (line 87)
                                                            ;   {runtime_call throw_null_pointer_exception_blob (C1 runtime)}
  0x00007f2567fff606:   mov    0x0(%rax),%eax
  0x00007f2567fff60c:   mov    $0x6050b00,%eax
  0x00007f2567fff611:   call   0x00007f256f582160           ; ImmutableOopMap {rax=Oop }
                                                            ;*getstatic instance {reexecute=1 rethrow=0 return_oop=0}
                                                            ; - (reexecute) java.lang.CharacterData::of@114 (line 87)
                                                            ;   {runtime_call access_field_patching_blob (C1 runtime)}
  0x00007f2567fff616:   jmp    0x00007f2567fff398
  0x00007f2567fff61b:   movabs $0x7f2567fff3b7,%r10         ;   {internal_word}
  0x00007f2567fff625:   mov    %r10,0x510(%r15)
  0x00007f2567fff62c:   jmp    0x00007f256f4afb60           ;   {runtime_call SafepointBlob}
  0x00007f2567fff631:   movabs $0x0,%rax                    ;   {oop(nullptr)}
  0x00007f2567fff63b:   push   %rax
  0x00007f2567fff63c:   mov    0x10(%rax),%rax
  0x00007f2567fff640:   cmp    0x138(%rax),%r15
  0x00007f2567fff647:   pop    %rax
  0x00007f2567fff648:   jne    0x00007f2567fff654
  0x00007f2567fff64a:   jmp    0x00007f2567fff3d2
  0x00007f2567fff64f:   mov    $0xa192300,%eax
  0x00007f2567fff654:   call   0x00007f256f582960           ; ImmutableOopMap {}
                                                            ;*getstatic instance {reexecute=1 rethrow=0 return_oop=0}
                                                            ; - (reexecute) java.lang.CharacterData::of@108 (line 86)
                                                            ;   {runtime_call load_mirror_patching_blob (C1 runtime)}
  0x00007f2567fff659:   jmp    0x00007f2567fff3c8
  0x00007f2567fff65e:   call   0x00007f256f57cae0           ; ImmutableOopMap {rax=Oop }
                                                            ;*getstatic instance {reexecute=1 rethrow=0 return_oop=0}
                                                            ; - (reexecute) java.lang.CharacterData::of@108 (line 86)
                                                            ;   {runtime_call throw_null_pointer_exception_blob (C1 runtime)}
  0x00007f2567fff663:   mov    0x0(%rax),%eax
  0x00007f2567fff669:   mov    $0x6050b00,%eax
  0x00007f2567fff66e:   call   0x00007f256f582160           ; ImmutableOopMap {rax=Oop }
                                                            ;*getstatic instance {reexecute=1 rethrow=0 return_oop=0}
                                                            ; - (reexecute) java.lang.CharacterData::of@108 (line 86)
                                                            ;   {runtime_call access_field_patching_blob (C1 runtime)}
  0x00007f2567fff673:   jmp    0x00007f2567fff3d8
  0x00007f2567fff678:   movabs $0x7f2567fff3f7,%r10         ;   {internal_word}
  0x00007f2567fff682:   mov    %r10,0x510(%r15)
  0x00007f2567fff689:   jmp    0x00007f256f4afb60           ;   {runtime_call SafepointBlob}
  0x00007f2567fff68e:   movabs $0x0,%rax                    ;   {oop(nullptr)}
  0x00007f2567fff698:   push   %rax
  0x00007f2567fff699:   mov    0x10(%rax),%rax
  0x00007f2567fff69d:   cmp    0x138(%rax),%r15
  0x00007f2567fff6a4:   pop    %rax
  0x00007f2567fff6a5:   jne    0x00007f2567fff6b1
  0x00007f2567fff6a7:   jmp    0x00007f2567fff412
  0x00007f2567fff6ac:   mov    $0xa192300,%eax
  0x00007f2567fff6b1:   call   0x00007f256f582960           ; ImmutableOopMap {}
                                                            ;*getstatic instance {reexecute=1 rethrow=0 return_oop=0}
                                                            ; - (reexecute) java.lang.CharacterData::of@102 (line 85)
                                                            ;   {runtime_call load_mirror_patching_blob (C1 runtime)}
  0x00007f2567fff6b6:   jmp    0x00007f2567fff408
  0x00007f2567fff6bb:   call   0x00007f256f57cae0           ; ImmutableOopMap {rax=Oop }
                                                            ;*getstatic instance {reexecute=1 rethrow=0 return_oop=0}
                                                            ; - (reexecute) java.lang.CharacterData::of@102 (line 85)
                                                            ;   {runtime_call throw_null_pointer_exception_blob (C1 runtime)}
  0x00007f2567fff6c0:   mov    0x0(%rax),%eax
  0x00007f2567fff6c6:   mov    $0x6050b00,%eax
  0x00007f2567fff6cb:   call   0x00007f256f582160           ; ImmutableOopMap {rax=Oop }
                                                            ;*getstatic instance {reexecute=1 rethrow=0 return_oop=0}
                                                            ; - (reexecute) java.lang.CharacterData::of@102 (line 85)
                                                            ;   {runtime_call access_field_patching_blob (C1 runtime)}
  0x00007f2567fff6d0:   jmp    0x00007f2567fff418
  0x00007f2567fff6d5:   movabs $0x7f2567fff437,%r10         ;   {internal_word}
  0x00007f2567fff6df:   mov    %r10,0x510(%r15)
  0x00007f2567fff6e6:   jmp    0x00007f256f4afb60           ;   {runtime_call SafepointBlob}
  0x00007f2567fff6eb:   movabs $0x0,%rax                    ;   {oop(nullptr)}
  0x00007f2567fff6f5:   push   %rax
  0x00007f2567fff6f6:   mov    0x10(%rax),%rax
  0x00007f2567fff6fa:   cmp    0x138(%rax),%r15
  0x00007f2567fff701:   pop    %rax
  0x00007f2567fff702:   jne    0x00007f2567fff70e
  0x00007f2567fff704:   jmp    0x00007f2567fff452
  0x00007f2567fff709:   mov    $0xa192300,%eax
  0x00007f2567fff70e:   call   0x00007f256f582960           ; ImmutableOopMap {}
                                                            ;*getstatic instance {reexecute=1 rethrow=0 return_oop=0}
                                                            ; - (reexecute) java.lang.CharacterData::of@96 (line 84)
                                                            ;   {runtime_call load_mirror_patching_blob (C1 runtime)}
  0x00007f2567fff713:   jmp    0x00007f2567fff448
  0x00007f2567fff718:   call   0x00007f256f57cae0           ; ImmutableOopMap {rax=Oop }
                                                            ;*getstatic instance {reexecute=1 rethrow=0 return_oop=0}
                                                            ; - (reexecute) java.lang.CharacterData::of@96 (line 84)
                                                            ;   {runtime_call throw_null_pointer_exception_blob (C1 runtime)}
  0x00007f2567fff71d:   mov    0x0(%rax),%eax
  0x00007f2567fff723:   mov    $0x6050b00,%eax
  0x00007f2567fff728:   call   0x00007f256f582160           ; ImmutableOopMap {rax=Oop }
                                                            ;*getstatic instance {reexecute=1 rethrow=0 return_oop=0}
                                                            ; - (reexecute) java.lang.CharacterData::of@96 (line 84)
                                                            ;   {runtime_call access_field_patching_blob (C1 runtime)}
  0x00007f2567fff72d:   jmp    0x00007f2567fff458
  0x00007f2567fff732:   movabs $0x7f2567fff477,%r10         ;   {internal_word}
  0x00007f2567fff73c:   mov    %r10,0x510(%r15)
  0x00007f2567fff743:   jmp    0x00007f256f4afb60           ;   {runtime_call SafepointBlob}
  0x00007f2567fff748:   movabs $0x7f2567fff491,%r10         ;   {internal_word}
  0x00007f2567fff752:   mov    %r10,0x510(%r15)
  0x00007f2567fff759:   jmp    0x00007f256f4afb60           ;   {runtime_call SafepointBlob}
  0x00007f2567fff75e:   mov    0x5c0(%r15),%rax
  0x00007f2567fff765:   movq   $0x0,0x5c0(%r15)
  0x00007f2567fff770:   movq   $0x0,0x5c8(%r15)
  0x00007f2567fff77b:   add    $0x20,%rsp
  0x00007f2567fff77f:   pop    %rbp
  0x00007f2567fff780:   jmp    0x00007f256f57b760           ;   {runtime_call unwind_exception_blob (C1 runtime)}
  0x00007f2567fff785:   hlt    
  0x00007f2567fff786:   hlt    
  0x00007f2567fff787:   hlt    
[Exception Handler]
  0x00007f2567fff788:   call   0x00007f256f57f2e0           ;   {runtime_call handle_exception_from_callee_blob (C1 runtime)}
  0x00007f2567fff78d:   movabs $0x7f258593aec4,%rdi         ;   {external_word}
  0x00007f2567fff797:   and    $0xfffffffffffffff0,%rsp
  0x00007f2567fff79b:   call   0x00007f2585391cc0           ;   {runtime_call MacroAssembler::debug64(char*, long, long*)}
  0x00007f2567fff7a0:   hlt    
  0x00007f2567fff7a1:   call   0x00007f256f4afe60           ;   {runtime_call DeoptimizationBlob}
[Deopt Handler Entry Point]
  0x00007f2567fff7a6:   jmp    0x00007f2567fff7a1
--------------------------------------------------------------------------------
[/Disassembly]
