
============================= C1-compiled nmethod ==============================
----------------------------------- Assembly -----------------------------------

Compiled method (c1) 627   50       3       jdk.internal.classfile.impl.SplitConstantPool::utf8Entry (6 bytes)
 total in heap  [0x0000792907fff008,0x0000792907fff470] = 1128
 main code      [0x0000792907fff100,0x0000792907fff428] = 808
 stub code      [0x0000792907fff428,0x0000792907fff470] = 72
 mutable data [0x00007928a802cfa0,0x00007928a802d008] = 104
 relocation     [0x00007928a802cfa0,0x00007928a802cff8] = 88
 metadata       [0x00007928a802cff8,0x00007928a802d008] = 16
 immutable data [0x00007928a802cdf0,0x00007928a802cf94] = 420
 dependencies   [0x00007928a802cdf0,0x00007928a802cdf8] = 8
 nul chk table  [0x00007928a802cdf8,0x00007928a802ce10] = 24
 scopes pcs     [0x00007928a802ce10,0x00007928a802cf10] = 256
 scopes data    [0x00007928a802cf10,0x00007928a802cf90] = 128

[Disassembly]
--------------------------------------------------------------------------------
[Constant Pool (empty)]

--------------------------------------------------------------------------------

[Instructions begin]
  0x0000792907fff100:   data16 data16 nopw 0x0(%rax,%rax,1)
  0x0000792907fff10b:   data16 data16 xchg %ax,%ax
  0x0000792907fff10f:   data16 xchg %ax,%ax
[Entry Point]
  # {method} {0x000000004f347f78} &apos;utf8Entry&apos; &apos;(Ljava/lang/constant/ClassDesc;)Ljava/lang/classfile/constantpool/Utf8Entry;&apos; in &apos;jdk/internal/classfile/impl/SplitConstantPool&apos;
  # this:     rsi:rsi   = &apos;jdk/internal/classfile/impl/SplitConstantPool&apos;
  # parm0:    rdx:rdx   = &apos;java/lang/constant/ClassDesc&apos;
  #           [sp+0x60]  (sp of caller)
  0x0000792907fff112:   mov    0x8(%rsi),%r10d
  0x0000792907fff116:   cmp    0x8(%rax),%r10d
  0x0000792907fff11a:   jne    0x000079290f4ad6e0           ;   {runtime_call ic_miss_blob (shared runtime)}
[Verified Entry Point]
  0x0000792907fff120:   mov    %eax,-0x14000(%rsp)
  0x0000792907fff127:   push   %rbp
  0x0000792907fff128:   sub    $0x50,%rsp
  0x0000792907fff12c:   cmpl   $0x1,0x20(%r15)
  0x0000792907fff134:   je     0x0000792907fff13b
  0x0000792907fff136:   call   Stub::method_entry_barrier_stub (stub gen)
                                                            ;   {runtime_call Stub::method_entry_barrier_stub (stub gen)}
  0x0000792907fff13b:   movabs $0x7928c02f22e8,%rdi         ;   {metadata(method data for {method} {0x000000004f347f78} &apos;utf8Entry&apos; &apos;(Ljava/lang/constant/ClassDesc;)Ljava/lang/classfile/constantpool/Utf8Entry;&apos; in &apos;jdk/internal/classfile/impl/SplitConstantPool&apos;)}
  0x0000792907fff145:   mov    0x90(%rdi),%ebx
  0x0000792907fff14b:   add    $0x2,%ebx
  0x0000792907fff14e:   mov    %ebx,0x90(%rdi)
  0x0000792907fff154:   and    $0x7fe,%ebx
  0x0000792907fff15a:   test   %ebx,%ebx
  0x0000792907fff15c:   je     0x0000792907fff37f           ;*aload_0 {reexecute=0 rethrow=0 return_oop=0}
                                                            ; - jdk.internal.classfile.impl.SplitConstantPool::utf8Entry@0 (line 41)
  0x0000792907fff162:   mov    %rsi,%rdi
  0x0000792907fff165:   movabs $0x7928c02f22e8,%rbx         ;   {metadata(method data for {method} {0x000000004f347f78} &apos;utf8Entry&apos; &apos;(Ljava/lang/constant/ClassDesc;)Ljava/lang/classfile/constantpool/Utf8Entry;&apos; in &apos;jdk/internal/classfile/impl/SplitConstantPool&apos;)}
  0x0000792907fff16f:   mov    0x8(%rdi),%edi
  0x0000792907fff172:   mov    $0x4f000000,%r10d
  0x0000792907fff178:   add    %r10,%rdi
  0x0000792907fff17b:   mov    $0x1c,%r10d
  0x0000792907fff181:   cmp    (%rbx,%r10,8),%rdi
  0x0000792907fff185:   je     0x0000792907fff1be
  0x0000792907fff187:   add    $0x2,%r10
  0x0000792907fff18b:   cmp    $0x20,%r10
  0x0000792907fff18f:   jne    0x0000792907fff181
  0x0000792907fff191:   mov    $0x1c,%r10d
  0x0000792907fff197:   cmpq   $0x0,(%rbx,%r10,8)
  0x0000792907fff19c:   je     0x0000792907fff1aa
  0x0000792907fff19e:   add    $0x2,%r10
  0x0000792907fff1a2:   cmp    $0x20,%r10
  0x0000792907fff1a6:   jne    0x0000792907fff197
  0x0000792907fff1a8:   jmp    0x0000792907fff1b6
  0x0000792907fff1aa:   push   %rax
  0x0000792907fff1ab:   xor    %rax,%rax
  0x0000792907fff1ae:   cmpxchg %rdi,(%rbx,%r10,8)
  0x0000792907fff1b3:   pop    %rax
  0x0000792907fff1b4:   jmp    0x0000792907fff17b
  0x0000792907fff1b6:   mov    $0x1b,%r10d
  0x0000792907fff1bc:   jmp    0x0000792907fff1c2
  0x0000792907fff1be:   add    $0x1,%r10
  0x0000792907fff1c2:   addq   $0x1,(%rbx,%r10,8)
  0x0000792907fff1c7:   movabs $0x7928c02f2148,%rdi         ;   {metadata(method data for {method} {0x000000004f347ec8} &apos;utf8Entry&apos; &apos;(Ljava/lang/constant/ClassDesc;)Ljdk/internal/classfile/impl/AbstractPoolEntry$Utf8EntryImpl;&apos; in &apos;jdk/internal/classfile/impl/SplitConstantPool&apos;)}
  0x0000792907fff1d1:   mov    0x90(%rdi),%ebx
  0x0000792907fff1d7:   add    $0x2,%ebx
  0x0000792907fff1da:   mov    %ebx,0x90(%rdi)
  0x0000792907fff1e0:   and    $0x1ffffe,%ebx
  0x0000792907fff1e6:   test   %ebx,%ebx
  0x0000792907fff1e8:   je     0x0000792907fff3a0
  0x0000792907fff1ee:   cmp    (%rdx),%rax                  ; implicit exception: dispatches to 0x0000792907fff3c1
  0x0000792907fff1f1:   mov    %rdx,%rdi
  0x0000792907fff1f4:   movabs $0x7928c02f2148,%rbx         ;   {metadata(method data for {method} {0x000000004f347ec8} &apos;utf8Entry&apos; &apos;(Ljava/lang/constant/ClassDesc;)Ljdk/internal/classfile/impl/AbstractPoolEntry$Utf8EntryImpl;&apos; in &apos;jdk/internal/classfile/impl/SplitConstantPool&apos;)}
  0x0000792907fff1fe:   mov    0x8(%rdi),%edi
  0x0000792907fff201:   mov    $0x4f000000,%r10d
  0x0000792907fff207:   add    %r10,%rdi
  0x0000792907fff20a:   mov    $0x1c,%r10d
  0x0000792907fff210:   cmp    (%rbx,%r10,8),%rdi
  0x0000792907fff214:   je     0x0000792907fff24d
  0x0000792907fff216:   add    $0x2,%r10
  0x0000792907fff21a:   cmp    $0x20,%r10
  0x0000792907fff21e:   jne    0x0000792907fff210
  0x0000792907fff220:   mov    $0x1c,%r10d
  0x0000792907fff226:   cmpq   $0x0,(%rbx,%r10,8)
  0x0000792907fff22b:   je     0x0000792907fff239
  0x0000792907fff22d:   add    $0x2,%r10
  0x0000792907fff231:   cmp    $0x20,%r10
  0x0000792907fff235:   jne    0x0000792907fff226
  0x0000792907fff237:   jmp    0x0000792907fff245
  0x0000792907fff239:   push   %rax
  0x0000792907fff23a:   xor    %rax,%rax
  0x0000792907fff23d:   cmpxchg %rdi,(%rbx,%r10,8)
  0x0000792907fff242:   pop    %rax
  0x0000792907fff243:   jmp    0x0000792907fff20a
  0x0000792907fff245:   mov    $0x1b,%r10d
  0x0000792907fff24b:   jmp    0x0000792907fff251
  0x0000792907fff24d:   add    $0x1,%r10
  0x0000792907fff251:   addq   $0x1,(%rbx,%r10,8)
  0x0000792907fff256:   mov    %rsi,0x30(%rsp)
  0x0000792907fff25b:   mov    %rdx,%rsi                    ;*invokeinterface descriptorString {reexecute=0 rethrow=0 return_oop=0}
                                                            ; - jdk.internal.classfile.impl.SplitConstantPool::utf8Entry@2 (line 469)
                                                            ; - jdk.internal.classfile.impl.SplitConstantPool::utf8Entry@2 (line 41)
  0x0000792907fff25e:   mov    %rdx,0x38(%rsp)
  0x0000792907fff263:   xchg   %ax,%ax
  0x0000792907fff265:   movabs $0x7928a802d0c0,%rax
  0x0000792907fff26f:   call   0x000079290f4adce0           ; ImmutableOopMap {[48]=Oop [56]=Oop }
                                                            ;*invokeinterface descriptorString {reexecute=0 rethrow=0 return_oop=0}
                                                            ; - jdk.internal.classfile.impl.SplitConstantPool::utf8Entry@2 (line 469)
                                                            ; - jdk.internal.classfile.impl.SplitConstantPool::utf8Entry@2 (line 41)
                                                            ;   {virtual_call}
  0x0000792907fff274:   nopl   0x26c(%rax,%rax,1)           ;*invokeinterface descriptorString {reexecute=0 rethrow=0 return_oop=0}
                                                            ; - jdk.internal.classfile.impl.SplitConstantPool::utf8Entry@2 (line 469)
                                                            ; - jdk.internal.classfile.impl.SplitConstantPool::utf8Entry@2 (line 41)
                                                            ;   {post_call_nop}
  0x0000792907fff27c:   mov    0x30(%rsp),%rsi
  0x0000792907fff281:   movabs $0x7928c02f2148,%rdx         ;   {metadata(method data for {method} {0x000000004f347ec8} &apos;utf8Entry&apos; &apos;(Ljava/lang/constant/ClassDesc;)Ljdk/internal/classfile/impl/AbstractPoolEntry$Utf8EntryImpl;&apos; in &apos;jdk/internal/classfile/impl/SplitConstantPool&apos;)}
  0x0000792907fff28b:   mov    0x8(%rsi),%esi
  0x0000792907fff28e:   mov    $0x4f000000,%r10d
  0x0000792907fff294:   add    %r10,%rsi
  0x0000792907fff297:   mov    $0x22,%r10d
  0x0000792907fff29d:   cmp    (%rdx,%r10,8),%rsi
  0x0000792907fff2a1:   je     0x0000792907fff2da
  0x0000792907fff2a3:   add    $0x2,%r10
  0x0000792907fff2a7:   cmp    $0x26,%r10
  0x0000792907fff2ab:   jne    0x0000792907fff29d
  0x0000792907fff2ad:   mov    $0x22,%r10d
  0x0000792907fff2b3:   cmpq   $0x0,(%rdx,%r10,8)
  0x0000792907fff2b8:   je     0x0000792907fff2c6
  0x0000792907fff2ba:   add    $0x2,%r10
  0x0000792907fff2be:   cmp    $0x26,%r10
  0x0000792907fff2c2:   jne    0x0000792907fff2b3
  0x0000792907fff2c4:   jmp    0x0000792907fff2d2
  0x0000792907fff2c6:   push   %rax
  0x0000792907fff2c7:   xor    %rax,%rax
  0x0000792907fff2ca:   cmpxchg %rsi,(%rdx,%r10,8)
  0x0000792907fff2cf:   pop    %rax
  0x0000792907fff2d0:   jmp    0x0000792907fff297
  0x0000792907fff2d2:   mov    $0x21,%r10d
  0x0000792907fff2d8:   jmp    0x0000792907fff2de
  0x0000792907fff2da:   add    $0x1,%r10
  0x0000792907fff2de:   addq   $0x1,(%rdx,%r10,8)
  0x0000792907fff2e3:   mov    %rax,%rdx
  0x0000792907fff2e6:   mov    0x30(%rsp),%rsi              ;*invokevirtual utf8Entry {reexecute=0 rethrow=0 return_oop=0}
                                                            ; - jdk.internal.classfile.impl.SplitConstantPool::utf8Entry@7 (line 469)
                                                            ; - jdk.internal.classfile.impl.SplitConstantPool::utf8Entry@2 (line 41)
  0x0000792907fff2eb:   nopl   0x0(%rax)
  0x0000792907fff2ef:   call   0x000079290f4ad9e0           ; ImmutableOopMap {[56]=Oop }
                                                            ;*invokevirtual utf8Entry {reexecute=0 rethrow=0 return_oop=0}
                                                            ; - jdk.internal.classfile.impl.SplitConstantPool::utf8Entry@7 (line 469)
                                                            ; - jdk.internal.classfile.impl.SplitConstantPool::utf8Entry@2 (line 41)
                                                            ;   {optimized virtual_call}
  0x0000792907fff2f4:   nopl   0x10002ec(%rax,%rax,1)       ;*invokevirtual utf8Entry {reexecute=0 rethrow=0 return_oop=0}
                                                            ; - jdk.internal.classfile.impl.SplitConstantPool::utf8Entry@7 (line 469)
                                                            ; - jdk.internal.classfile.impl.SplitConstantPool::utf8Entry@2 (line 41)
                                                            ;   {post_call_nop}
  0x0000792907fff2fc:   mov    0x28(%rax),%esi              ; implicit exception: dispatches to 0x0000792907fff3c6
  0x0000792907fff2ff:   shl    $0x3,%rsi                    ;*getfield typeSym {reexecute=0 rethrow=0 return_oop=0}
                                                            ; - jdk.internal.classfile.impl.SplitConstantPool::utf8Entry@12 (line 470)
                                                            ; - jdk.internal.classfile.impl.SplitConstantPool::utf8Entry@2 (line 41)
  0x0000792907fff303:   test   %rsi,%rsi
  0x0000792907fff306:   movabs $0x7928c02f2148,%rsi         ;   {metadata(method data for {method} {0x000000004f347ec8} &apos;utf8Entry&apos; &apos;(Ljava/lang/constant/ClassDesc;)Ljdk/internal/classfile/impl/AbstractPoolEntry$Utf8EntryImpl;&apos; in &apos;jdk/internal/classfile/impl/SplitConstantPool&apos;)}
  0x0000792907fff310:   mov    $0x138,%edi
  0x0000792907fff315:   jne    0x0000792907fff31c
  0x0000792907fff317:   mov    $0x148,%edi
  0x0000792907fff31c:   mov    (%rsi,%rdi,1),%rbx
  0x0000792907fff320:   lea    0x1(%rbx),%rbx
  0x0000792907fff324:   mov    %rbx,(%rsi,%rdi,1)
  0x0000792907fff328:   jne    0x0000792907fff36f           ;*ifnonnull {reexecute=0 rethrow=0 return_oop=0}
                                                            ; - jdk.internal.classfile.impl.SplitConstantPool::utf8Entry@15 (line 470)
                                                            ; - jdk.internal.classfile.impl.SplitConstantPool::utf8Entry@2 (line 41)
  0x0000792907fff32e:   mov    0x38(%rsp),%rdx
  0x0000792907fff333:   movsbl 0x48(%r15),%esi
  0x0000792907fff338:   test   %esi,%esi
  0x0000792907fff33a:   jne    0x0000792907fff3cb
  0x0000792907fff340:   mov    %rdx,%r10
  0x0000792907fff343:   shr    $0x3,%r10
  0x0000792907fff347:   mov    %r10d,0x28(%rax)
  0x0000792907fff34b:   mov    %rax,%rdi
  0x0000792907fff34e:   xor    %rdx,%rdi
  0x0000792907fff351:   shr    $0x17,%rdi
  0x0000792907fff355:   je     0x0000792907fff36f
  0x0000792907fff357:   test   %rdx,%rdx
  0x0000792907fff35a:   je     0x0000792907fff36f
  0x0000792907fff35c:   mov    %rax,%rdi
  0x0000792907fff35f:   shr    $0x9,%rdi
  0x0000792907fff363:   add    0x50(%r15),%rdi
  0x0000792907fff367:   cmpb   $0xff,(%rdi)
  0x0000792907fff36a:   jne    0x0000792907fff36f
  0x0000792907fff36c:   movb   $0x0,(%rdi)                  ;*putfield typeSym {reexecute=0 rethrow=0 return_oop=0}
                                                            ; - jdk.internal.classfile.impl.SplitConstantPool::utf8Entry@20 (line 471)
                                                            ; - jdk.internal.classfile.impl.SplitConstantPool::utf8Entry@2 (line 41)
  0x0000792907fff36f:   add    $0x50,%rsp
  0x0000792907fff373:   pop    %rbp
  0x0000792907fff374:   cmp    0x28(%r15),%rsp              ;   {poll_return}
  0x0000792907fff378:   ja     0x0000792907fff3e9
  0x0000792907fff37e:   ret    
  0x0000792907fff37f:   movabs $0x4f347f78,%r10             ;   {metadata({method} {0x000000004f347f78} &apos;utf8Entry&apos; &apos;(Ljava/lang/constant/ClassDesc;)Ljava/lang/classfile/constantpool/Utf8Entry;&apos; in &apos;jdk/internal/classfile/impl/SplitConstantPool&apos;)}
  0x0000792907fff389:   mov    %r10,0x8(%rsp)
  0x0000792907fff38e:   movq   $0xffffffffffffffff,(%rsp)
  0x0000792907fff396:   call   0x000079290f582fe0           ; ImmutableOopMap {rsi=Oop rdx=Oop }
                                                            ;*synchronization entry
                                                            ; - jdk.internal.classfile.impl.SplitConstantPool::utf8Entry@-1 (line 41)
                                                            ;   {runtime_call counter_overflow_blob (C1 runtime)}
  0x0000792907fff39b:   jmp    0x0000792907fff162
  0x0000792907fff3a0:   movabs $0x4f347ec8,%r10             ;   {metadata({method} {0x000000004f347ec8} &apos;utf8Entry&apos; &apos;(Ljava/lang/constant/ClassDesc;)Ljdk/internal/classfile/impl/AbstractPoolEntry$Utf8EntryImpl;&apos; in &apos;jdk/internal/classfile/impl/SplitConstantPool&apos;)}
  0x0000792907fff3aa:   mov    %r10,0x8(%rsp)
  0x0000792907fff3af:   movq   $0xffffffffffffffff,(%rsp)
  0x0000792907fff3b7:   call   0x000079290f582fe0           ; ImmutableOopMap {rsi=Oop rdx=Oop }
                                                            ;*synchronization entry
                                                            ; - jdk.internal.classfile.impl.SplitConstantPool::utf8Entry@-1 (line 469)
                                                            ; - jdk.internal.classfile.impl.SplitConstantPool::utf8Entry@2 (line 41)
                                                            ;   {runtime_call counter_overflow_blob (C1 runtime)}
  0x0000792907fff3bc:   jmp    0x0000792907fff1ee
  0x0000792907fff3c1:   call   0x000079290f57c660           ; ImmutableOopMap {rsi=Oop rdx=Oop }
                                                            ;*invokeinterface descriptorString {reexecute=0 rethrow=0 return_oop=0}
                                                            ; - jdk.internal.classfile.impl.SplitConstantPool::utf8Entry@2 (line 469)
                                                            ; - jdk.internal.classfile.impl.SplitConstantPool::utf8Entry@2 (line 41)
                                                            ;   {runtime_call throw_null_pointer_exception_blob (C1 runtime)}
  0x0000792907fff3c6:   call   0x000079290f57c660           ; ImmutableOopMap {rax=Oop [56]=Oop }
                                                            ;*getfield typeSym {reexecute=1 rethrow=0 return_oop=0}
                                                            ; - (reexecute) jdk.internal.classfile.impl.SplitConstantPool::utf8Entry@12 (line 470)
                                                            ; - jdk.internal.classfile.impl.SplitConstantPool::utf8Entry@2 (line 41)
                                                            ;   {runtime_call throw_null_pointer_exception_blob (C1 runtime)}
  0x0000792907fff3cb:   mov    0x28(%rax),%esi
  0x0000792907fff3ce:   shl    $0x3,%rsi
  0x0000792907fff3d2:   test   %rsi,%rsi
  0x0000792907fff3d5:   je     0x0000792907fff340
  0x0000792907fff3db:   mov    %rsi,(%rsp)
  0x0000792907fff3df:   call   0x000079290f583a60           ;   {runtime_call g1_pre_barrier_slow}
  0x0000792907fff3e4:   jmp    0x0000792907fff340
  0x0000792907fff3e9:   movabs $0x792907fff374,%r10         ;   {internal_word}
  0x0000792907fff3f3:   mov    %r10,0x510(%r15)
  0x0000792907fff3fa:   jmp    0x000079290f4afb60           ;   {runtime_call SafepointBlob}
  0x0000792907fff3ff:   mov    0x5c0(%r15),%rax
  0x0000792907fff406:   movq   $0x0,0x5c0(%r15)
  0x0000792907fff411:   movq   $0x0,0x5c8(%r15)
  0x0000792907fff41c:   add    $0x50,%rsp
  0x0000792907fff420:   pop    %rbp
  0x0000792907fff421:   jmp    0x000079290f57b760           ;   {runtime_call unwind_exception_blob (C1 runtime)}
  0x0000792907fff426:   hlt    
  0x0000792907fff427:   hlt    
[Stub Code]
  0x0000792907fff428:   nopl   0x0(%rax,%rax,1)             ;   {other}
  0x0000792907fff42d:   movabs $0x0,%rbx                    ;   {static_stub}
  0x0000792907fff437:   jmp    0x0000792907fff437           ;   {runtime_call nmethod}
  0x0000792907fff43c:   movabs $0x0,%rbx                    ;   {static_stub}
  0x0000792907fff446:   jmp    0x0000792907fff446           ;   {runtime_call nmethod}
[Exception Handler]
  0x0000792907fff44b:   call   0x000079290f57ede0           ;   {runtime_call handle_exception_from_callee_blob (C1 runtime)}
  0x0000792907fff450:   movabs $0x79292693aec4,%rdi         ;   {external_word}
  0x0000792907fff45a:   and    $0xfffffffffffffff0,%rsp
  0x0000792907fff45e:   call   0x0000792926391cc0           ;   {runtime_call MacroAssembler::debug64(char*, long, long*)}
  0x0000792907fff463:   hlt    
  0x0000792907fff464:   call   0x000079290f4afe60           ;   {runtime_call DeoptimizationBlob}
[Deopt Handler Entry Point]
  0x0000792907fff469:   jmp    0x0000792907fff464
  0x0000792907fff46b:   hlt    
  0x0000792907fff46c:   hlt    
  0x0000792907fff46d:   hlt    
  0x0000792907fff46e:   hlt    
  0x0000792907fff46f:   hlt    
--------------------------------------------------------------------------------
[/Disassembly]
