
============================= C1-compiled nmethod ==============================
----------------------------------- Assembly -----------------------------------

Compiled method (c1) 582   50       3       java.lang.invoke.MethodHandles$Lookup::isClassAccessible (53 bytes)
 total in heap  [0x00007581a3fff008,0x00007581a3fff6d0] = 1736
 main code      [0x00007581a3fff100,0x00007581a3fff690] = 1424
 stub code      [0x00007581a3fff690,0x00007581a3fff6d0] = 64
 mutable data [0x00007581440452f0,0x00007581440453a0] = 176
 relocation     [0x00007581440452f0,0x0000758144045378] = 136
 metadata       [0x0000758144045378,0x00007581440453a0] = 40
 immutable data [0x0000758144044f40,0x00007581440452dc] = 924
 dependencies   [0x0000758144044f40,0x0000758144044f50] = 16
 nul chk table  [0x0000758144044f50,0x0000758144044f60] = 16
 scopes pcs     [0x0000758144044f60,0x00007581440451b0] = 592
 scopes data    [0x00007581440451b0,0x00007581440452d8] = 296

[Disassembly]
--------------------------------------------------------------------------------
[Constant Pool (empty)]

--------------------------------------------------------------------------------

[Instructions begin]
  0x00007581a3fff100:   data16 data16 nopw 0x0(%rax,%rax,1)
  0x00007581a3fff10b:   data16 data16 xchg %ax,%ax
  0x00007581a3fff10f:   data16 xchg %ax,%ax
[Entry Point]
  # {method} {0x000000006c477980} &apos;isClassAccessible&apos; &apos;(Ljava/lang/Class;)Z&apos; in &apos;java/lang/invoke/MethodHandles$Lookup&apos;
  # this:     rsi:rsi   = &apos;java/lang/invoke/MethodHandles$Lookup&apos;
  # parm0:    rdx:rdx   = &apos;java/lang/Class&apos;
  #           [sp+0x70]  (sp of caller)
  0x00007581a3fff112:   mov    0x8(%rsi),%r10d
  0x00007581a3fff116:   cmp    0x8(%rax),%r10d
  0x00007581a3fff11a:   jne    0x00007581ab4ad6e0           ;   {runtime_call ic_miss_blob (shared runtime)}
[Verified Entry Point]
  0x00007581a3fff120:   mov    %eax,-0x14000(%rsp)
  0x00007581a3fff127:   push   %rbp
  0x00007581a3fff128:   sub    $0x60,%rsp
  0x00007581a3fff12c:   cmpl   $0x1,0x20(%r15)
  0x00007581a3fff134:   je     0x00007581a3fff13b
  0x00007581a3fff136:   call   Stub::method_entry_barrier_stub (stub gen)
                                                            ;   {runtime_call Stub::method_entry_barrier_stub (stub gen)}
  0x00007581a3fff13b:   movabs $0x75815c2f6e98,%rcx         ;   {metadata(method data for {method} {0x000000006c477980} &apos;isClassAccessible&apos; &apos;(Ljava/lang/Class;)Z&apos; in &apos;java/lang/invoke/MethodHandles$Lookup&apos;)}
  0x00007581a3fff145:   mov    0x90(%rcx),%r8d
  0x00007581a3fff14c:   add    $0x2,%r8d
  0x00007581a3fff150:   mov    %r8d,0x90(%rcx)
  0x00007581a3fff157:   and    $0x7fe,%r8d
  0x00007581a3fff15e:   test   %r8d,%r8d
  0x00007581a3fff161:   je     0x00007581a3fff57e           ;*aload_1 {reexecute=0 rethrow=0 return_oop=0}
                                                            ; - java.lang.invoke.MethodHandles$Lookup::isClassAccessible@0 (line 3641)
  0x00007581a3fff167:   movabs $0x75815c2f6e98,%rcx         ;   {metadata(method data for {method} {0x000000006c477980} &apos;isClassAccessible&apos; &apos;(Ljava/lang/Class;)Z&apos; in &apos;java/lang/invoke/MethodHandles$Lookup&apos;)}
  0x00007581a3fff171:   addq   $0x1,0xd8(%rcx)
  0x00007581a3fff179:   movabs $0x75815c2f70f8,%rcx         ;   {metadata(method data for {method} {0x000000006c21efa0} &apos;requireNonNull&apos; &apos;(Ljava/lang/Object;)Ljava/lang/Object;&apos; in &apos;java/util/Objects&apos;)}
  0x00007581a3fff183:   mov    0x90(%rcx),%r8d
  0x00007581a3fff18a:   add    $0x2,%r8d
  0x00007581a3fff18e:   mov    %r8d,0x90(%rcx)
  0x00007581a3fff195:   and    $0x1ffffe,%r8d
  0x00007581a3fff19c:   test   %r8d,%r8d
  0x00007581a3fff19f:   je     0x00007581a3fff59f
  0x00007581a3fff1a5:   test   %rdx,%rdx
  0x00007581a3fff1a8:   movabs $0x75815c2f70f8,%rcx         ;   {metadata(method data for {method} {0x000000006c21efa0} &apos;requireNonNull&apos; &apos;(Ljava/lang/Object;)Ljava/lang/Object;&apos; in &apos;java/util/Objects&apos;)}
  0x00007581a3fff1b2:   mov    $0xe8,%r8d
  0x00007581a3fff1b8:   je     0x00007581a3fff1c0
  0x00007581a3fff1ba:   mov    $0xd8,%r8d
  0x00007581a3fff1c0:   mov    (%rcx,%r8,1),%rdi
  0x00007581a3fff1c4:   lea    0x1(%rdi),%rdi
  0x00007581a3fff1c8:   mov    %rdi,(%rcx,%r8,1)
  0x00007581a3fff1cc:   je     0x00007581a3fff4e0           ;*ifnonnull {reexecute=0 rethrow=0 return_oop=0}
                                                            ; - java.util.Objects::requireNonNull@1 (line 219)
                                                            ; - java.lang.invoke.MethodHandles$Lookup::isClassAccessible@1 (line 3641)
  0x00007581a3fff1d2:   mov    %rsi,%rcx
  0x00007581a3fff1d5:   movabs $0x75815c2f6e98,%r8          ;   {metadata(method data for {method} {0x000000006c477980} &apos;isClassAccessible&apos; &apos;(Ljava/lang/Class;)Z&apos; in &apos;java/lang/invoke/MethodHandles$Lookup&apos;)}
  0x00007581a3fff1df:   addq   $0x1,0xe8(%r8)
  0x00007581a3fff1e7:   movabs $0x75815c2f7498,%rcx         ;   {metadata(method data for {method} {0x000000006c477038} &apos;lookupClassOrNull&apos; &apos;()Ljava/lang/Class;&apos; in &apos;java/lang/invoke/MethodHandles$Lookup&apos;)}
  0x00007581a3fff1f1:   mov    0x90(%rcx),%r8d
  0x00007581a3fff1f8:   add    $0x2,%r8d
  0x00007581a3fff1fc:   mov    %r8d,0x90(%rcx)
  0x00007581a3fff203:   and    $0x1ffffe,%r8d
  0x00007581a3fff20a:   test   %r8d,%r8d
  0x00007581a3fff20d:   je     0x00007581a3fff5c0
  0x00007581a3fff213:   mov    0xc(%rsi),%r8d               ;*getfield allowedModes {reexecute=0 rethrow=0 return_oop=0}
                                                            ; - java.lang.invoke.MethodHandles$Lookup::lookupClassOrNull@1 (line 1496)
                                                            ; - java.lang.invoke.MethodHandles$Lookup::isClassAccessible@6 (line 3642)
  0x00007581a3fff217:   cmp    $0xffffffff,%r8d
  0x00007581a3fff21b:   movabs $0x75815c2f7498,%rcx         ;   {metadata(method data for {method} {0x000000006c477038} &apos;lookupClassOrNull&apos; &apos;()Ljava/lang/Class;&apos; in &apos;java/lang/invoke/MethodHandles$Lookup&apos;)}
  0x00007581a3fff225:   mov    $0xd8,%edi
  0x00007581a3fff22a:   jne    0x00007581a3fff231
  0x00007581a3fff22c:   mov    $0xe8,%edi
  0x00007581a3fff231:   mov    (%rcx,%rdi,1),%rbx
  0x00007581a3fff235:   lea    0x1(%rbx),%rbx
  0x00007581a3fff239:   mov    %rbx,(%rcx,%rdi,1)
  0x00007581a3fff23d:   jne    0x00007581a3fff262           ;*if_icmpne {reexecute=0 rethrow=0 return_oop=0}
                                                            ; - java.lang.invoke.MethodHandles$Lookup::lookupClassOrNull@5 (line 1496)
                                                            ; - java.lang.invoke.MethodHandles$Lookup::isClassAccessible@6 (line 3642)
  0x00007581a3fff243:   movabs $0x75815c2f7498,%rcx         ;   {metadata(method data for {method} {0x000000006c477038} &apos;lookupClassOrNull&apos; &apos;()Ljava/lang/Class;&apos; in &apos;java/lang/invoke/MethodHandles$Lookup&apos;)}
  0x00007581a3fff24d:   incl   0xf8(%rcx)
  0x00007581a3fff253:   movabs $0x0,%rcx                    ;   {oop(nullptr)}
  0x00007581a3fff25d:   jmp    0x00007581a3fff270           ;*goto {reexecute=0 rethrow=0 return_oop=0}
                                                            ; - java.lang.invoke.MethodHandles$Lookup::lookupClassOrNull@9 (line 1496)
                                                            ; - java.lang.invoke.MethodHandles$Lookup::isClassAccessible@6 (line 3642)
  0x00007581a3fff262:   mov    0x10(%rsi),%ecx
  0x00007581a3fff265:   shl    $0x3,%rcx                    ;*getfield lookupClass {reexecute=0 rethrow=0 return_oop=0}
                                                            ; - java.lang.invoke.MethodHandles$Lookup::lookupClassOrNull@13 (line 1496)
                                                            ; - java.lang.invoke.MethodHandles$Lookup::isClassAccessible@6 (line 3642)
  0x00007581a3fff269:   nopl   0x0(%rax)
  0x00007581a3fff270:   cmp    (%rdx),%rax                  ; implicit exception: dispatches to 0x00007581a3fff5e1
                                                            ;*invokevirtual isArray {reexecute=0 rethrow=0 return_oop=0}
                                                            ; - java.lang.invoke.MethodHandles$Lookup::isClassAccessible@13 (line 3644)
  0x00007581a3fff273:   mov    %rdx,%rdi
  0x00007581a3fff276:   movabs $0x75815c2f6e98,%rbx         ;   {metadata(method data for {method} {0x000000006c477980} &apos;isClassAccessible&apos; &apos;(Ljava/lang/Class;)Z&apos; in &apos;java/lang/invoke/MethodHandles$Lookup&apos;)}
  0x00007581a3fff280:   mov    0x8(%rdi),%edi
  0x00007581a3fff283:   mov    $0x6c000000,%r10d
  0x00007581a3fff289:   add    %r10,%rdi
  0x00007581a3fff28c:   mov    $0x24,%r10d
  0x00007581a3fff292:   cmp    (%rbx,%r10,8),%rdi
  0x00007581a3fff296:   je     0x00007581a3fff2cf
  0x00007581a3fff298:   add    $0x2,%r10
  0x00007581a3fff29c:   cmp    $0x28,%r10
  0x00007581a3fff2a0:   jne    0x00007581a3fff292
  0x00007581a3fff2a2:   mov    $0x24,%r10d
  0x00007581a3fff2a8:   cmpq   $0x0,(%rbx,%r10,8)
  0x00007581a3fff2ad:   je     0x00007581a3fff2bb
  0x00007581a3fff2af:   add    $0x2,%r10
  0x00007581a3fff2b3:   cmp    $0x28,%r10
  0x00007581a3fff2b7:   jne    0x00007581a3fff2a8
  0x00007581a3fff2b9:   jmp    0x00007581a3fff2c7
  0x00007581a3fff2bb:   push   %rax
  0x00007581a3fff2bc:   xor    %rax,%rax
  0x00007581a3fff2bf:   cmpxchg %rdi,(%rbx,%r10,8)
  0x00007581a3fff2c4:   pop    %rax
  0x00007581a3fff2c5:   jmp    0x00007581a3fff28c
  0x00007581a3fff2c7:   mov    $0x23,%r10d
  0x00007581a3fff2cd:   jmp    0x00007581a3fff2d3
  0x00007581a3fff2cf:   add    $0x1,%r10
  0x00007581a3fff2d3:   addq   $0x1,(%rbx,%r10,8)
  0x00007581a3fff2d8:   movabs $0x75815c2f7348,%rdi         ;   {metadata(method data for {method} {0x000000006c188ed8} &apos;isArray&apos; &apos;()Z&apos; in &apos;java/lang/Class&apos;)}
  0x00007581a3fff2e2:   mov    0x90(%rdi),%ebx
  0x00007581a3fff2e8:   add    $0x2,%ebx
  0x00007581a3fff2eb:   mov    %ebx,0x90(%rdi)
  0x00007581a3fff2f1:   and    $0x1ffffe,%ebx
  0x00007581a3fff2f7:   test   %ebx,%ebx
  0x00007581a3fff2f9:   je     0x00007581a3fff5e6
  0x00007581a3fff2ff:   mov    0x4c(%rdx),%edi
  0x00007581a3fff302:   shl    $0x3,%rdi                    ;*getfield componentType {reexecute=0 rethrow=0 return_oop=0}
                                                            ; - java.lang.Class::isArray@1 (line 817)
                                                            ; - java.lang.invoke.MethodHandles$Lookup::isClassAccessible@13 (line 3644)
  0x00007581a3fff306:   test   %rdi,%rdi
  0x00007581a3fff309:   movabs $0x75815c2f7348,%rbx         ;   {metadata(method data for {method} {0x000000006c188ed8} &apos;isArray&apos; &apos;()Z&apos; in &apos;java/lang/Class&apos;)}
  0x00007581a3fff313:   mov    $0xd8,%eax
  0x00007581a3fff318:   je     0x00007581a3fff31f
  0x00007581a3fff31a:   mov    $0xe8,%eax
  0x00007581a3fff31f:   mov    (%rbx,%rax,1),%r9
  0x00007581a3fff323:   lea    0x1(%r9),%r9
  0x00007581a3fff327:   mov    %r9,(%rbx,%rax,1)
  0x00007581a3fff32b:   je     0x00007581a3fff34b           ;*ifnull {reexecute=0 rethrow=0 return_oop=0}
                                                            ; - java.lang.Class::isArray@4 (line 817)
                                                            ; - java.lang.invoke.MethodHandles$Lookup::isClassAccessible@13 (line 3644)
  0x00007581a3fff331:   movabs $0x75815c2f7348,%rbx         ;   {metadata(method data for {method} {0x000000006c188ed8} &apos;isArray&apos; &apos;()Z&apos; in &apos;java/lang/Class&apos;)}
  0x00007581a3fff33b:   incl   0xf8(%rbx)
  0x00007581a3fff341:   mov    $0x1,%ebx
  0x00007581a3fff346:   jmp    0x00007581a3fff350           ;*goto {reexecute=0 rethrow=0 return_oop=0}
                                                            ; - java.lang.Class::isArray@8 (line 817)
                                                            ; - java.lang.invoke.MethodHandles$Lookup::isClassAccessible@13 (line 3644)
  0x00007581a3fff34b:   mov    $0x0,%ebx                    ;*ireturn {reexecute=0 rethrow=0 return_oop=0}
                                                            ; - java.lang.Class::isArray@12 (line 817)
                                                            ; - java.lang.invoke.MethodHandles$Lookup::isClassAccessible@13 (line 3644)
  0x00007581a3fff350:   and    $0x1,%ebx
  0x00007581a3fff353:   test   %ebx,%ebx
  0x00007581a3fff355:   movabs $0x75815c2f6e98,%rbx         ;   {metadata(method data for {method} {0x000000006c477980} &apos;isClassAccessible&apos; &apos;(Ljava/lang/Class;)Z&apos; in &apos;java/lang/invoke/MethodHandles$Lookup&apos;)}
  0x00007581a3fff35f:   mov    $0x148,%eax
  0x00007581a3fff364:   je     0x00007581a3fff36b
  0x00007581a3fff366:   mov    $0x158,%eax
  0x00007581a3fff36b:   mov    (%rbx,%rax,1),%r9
  0x00007581a3fff36f:   lea    0x1(%r9),%r9
  0x00007581a3fff373:   mov    %r9,(%rbx,%rax,1)
  0x00007581a3fff377:   je     0x00007581a3fff425           ;*ifeq {reexecute=0 rethrow=0 return_oop=0}
                                                            ; - java.lang.invoke.MethodHandles$Lookup::isClassAccessible@16 (line 3644)
  0x00007581a3fff37d:   movabs $0x75815c2f6e98,%rbx         ;   {metadata(method data for {method} {0x000000006c477980} &apos;isClassAccessible&apos; &apos;(Ljava/lang/Class;)Z&apos; in &apos;java/lang/invoke/MethodHandles$Lookup&apos;)}
  0x00007581a3fff387:   mov    0x8(%rdx),%edx
  0x00007581a3fff38a:   mov    $0x6c000000,%r10d
  0x00007581a3fff390:   add    %r10,%rdx
  0x00007581a3fff393:   mov    $0x2e,%r10d
  0x00007581a3fff399:   cmp    (%rbx,%r10,8),%rdx
  0x00007581a3fff39d:   je     0x00007581a3fff3d6
  0x00007581a3fff39f:   add    $0x2,%r10
  0x00007581a3fff3a3:   cmp    $0x32,%r10
  0x00007581a3fff3a7:   jne    0x00007581a3fff399
  0x00007581a3fff3a9:   mov    $0x2e,%r10d
  0x00007581a3fff3af:   cmpq   $0x0,(%rbx,%r10,8)
  0x00007581a3fff3b4:   je     0x00007581a3fff3c2
  0x00007581a3fff3b6:   add    $0x2,%r10
  0x00007581a3fff3ba:   cmp    $0x32,%r10
  0x00007581a3fff3be:   jne    0x00007581a3fff3af
  0x00007581a3fff3c0:   jmp    0x00007581a3fff3ce
  0x00007581a3fff3c2:   push   %rax
  0x00007581a3fff3c3:   xor    %rax,%rax
  0x00007581a3fff3c6:   cmpxchg %rdx,(%rbx,%r10,8)
  0x00007581a3fff3cb:   pop    %rax
  0x00007581a3fff3cc:   jmp    0x00007581a3fff393
  0x00007581a3fff3ce:   mov    $0x2d,%r10d
  0x00007581a3fff3d4:   jmp    0x00007581a3fff3da
  0x00007581a3fff3d6:   add    $0x1,%r10
  0x00007581a3fff3da:   addq   $0x1,(%rbx,%r10,8)
  0x00007581a3fff3df:   movabs $0x75815c2f6e98,%rdx         ;   {metadata(method data for {method} {0x000000006c477980} &apos;isClassAccessible&apos; &apos;(Ljava/lang/Class;)Z&apos; in &apos;java/lang/invoke/MethodHandles$Lookup&apos;)}
  0x00007581a3fff3e9:   mov    0x94(%rdx),%ebx
  0x00007581a3fff3ef:   add    $0x2,%ebx
  0x00007581a3fff3f2:   mov    %ebx,0x94(%rdx)
  0x00007581a3fff3f8:   and    $0x3ffe,%ebx
  0x00007581a3fff3fe:   test   %ebx,%ebx
  0x00007581a3fff400:   je     0x00007581a3fff607           ;*goto {reexecute=0 rethrow=0 return_oop=0}
                                                            ; - java.lang.invoke.MethodHandles$Lookup::isClassAccessible@24 (line 3645)
  0x00007581a3fff406:   mov    0x30(%r15),%r10              ; ImmutableOopMap {rsi=Oop rcx=Oop rdi=Oop }
                                                            ;*goto {reexecute=1 rethrow=0 return_oop=0}
                                                            ; - (reexecute) java.lang.invoke.MethodHandles$Lookup::isClassAccessible@24 (line 3645)
  0x00007581a3fff40a:   test   %eax,(%r10)                  ;   {poll}
  0x00007581a3fff40d:   movabs $0x75815c2f6e98,%rdx         ;   {metadata(method data for {method} {0x000000006c477980} &apos;isClassAccessible&apos; &apos;(Ljava/lang/Class;)Z&apos; in &apos;java/lang/invoke/MethodHandles$Lookup&apos;)}
  0x00007581a3fff417:   incl   0x198(%rdx)
  0x00007581a3fff41d:   mov    %rdi,%rdx
  0x00007581a3fff420:   jmp    0x00007581a3fff270           ;*goto {reexecute=0 rethrow=0 return_oop=0}
                                                            ; - java.lang.invoke.MethodHandles$Lookup::isClassAccessible@24 (line 3645)
  0x00007581a3fff425:   test   %rcx,%rcx
  0x00007581a3fff428:   movabs $0x75815c2f6e98,%rdi         ;   {metadata(method data for {method} {0x000000006c477980} &apos;isClassAccessible&apos; &apos;(Ljava/lang/Class;)Z&apos; in &apos;java/lang/invoke/MethodHandles$Lookup&apos;)}
  0x00007581a3fff432:   mov    $0x1b0,%ebx
  0x00007581a3fff437:   je     0x00007581a3fff43e
  0x00007581a3fff439:   mov    $0x1c0,%ebx
  0x00007581a3fff43e:   mov    (%rdi,%rbx,1),%rax
  0x00007581a3fff442:   lea    0x1(%rax),%rax
  0x00007581a3fff446:   mov    %rax,(%rdi,%rbx,1)
  0x00007581a3fff44a:   je     0x00007581a3fff4ae           ;*ifnull {reexecute=0 rethrow=0 return_oop=0}
                                                            ; - java.lang.invoke.MethodHandles$Lookup::isClassAccessible@28 (line 3647)
  0x00007581a3fff450:   mov    0x14(%rsi),%edi
  0x00007581a3fff453:   shl    $0x3,%rdi                    ;*getfield prevLookupClass {reexecute=0 rethrow=0 return_oop=0}
                                                            ; - java.lang.invoke.MethodHandles$Lookup::isClassAccessible@34 (line 3647)
  0x00007581a3fff457:   movabs $0x75815c2f6e98,%rsi         ;   {metadata(method data for {method} {0x000000006c477980} &apos;isClassAccessible&apos; &apos;(Ljava/lang/Class;)Z&apos; in &apos;java/lang/invoke/MethodHandles$Lookup&apos;)}
  0x00007581a3fff461:   addq   $0x1,0x1d0(%rsi)
  0x00007581a3fff469:   mov    %rdx,%rsi
  0x00007581a3fff46c:   mov    %rcx,%rdx
  0x00007581a3fff46f:   mov    %rdi,%rcx                    ;*invokestatic isClassAccessible {reexecute=0 rethrow=0 return_oop=0}
                                                            ; - java.lang.invoke.MethodHandles$Lookup::isClassAccessible@41 (line 3647)
  0x00007581a3fff472:   nopl   0x0(%rax,%rax,1)
  0x00007581a3fff477:   call   0x00007581ab4adfe0           ; ImmutableOopMap {}
                                                            ;*invokestatic isClassAccessible {reexecute=0 rethrow=0 return_oop=0}
                                                            ; - java.lang.invoke.MethodHandles$Lookup::isClassAccessible@41 (line 3647)
                                                            ;   {static_call}
  0x00007581a3fff47c:   nopl   0x1000474(%rax,%rax,1)       ;*invokestatic isClassAccessible {reexecute=0 rethrow=0 return_oop=0}
                                                            ; - java.lang.invoke.MethodHandles$Lookup::isClassAccessible@41 (line 3647)
                                                            ;   {post_call_nop}
  0x00007581a3fff484:   test   %eax,%eax
  0x00007581a3fff486:   movabs $0x75815c2f6e98,%rax         ;   {metadata(method data for {method} {0x000000006c477980} &apos;isClassAccessible&apos; &apos;(Ljava/lang/Class;)Z&apos; in &apos;java/lang/invoke/MethodHandles$Lookup&apos;)}
  0x00007581a3fff490:   mov    $0x1e0,%edx
  0x00007581a3fff495:   je     0x00007581a3fff49c
  0x00007581a3fff497:   mov    $0x1f0,%edx
  0x00007581a3fff49c:   mov    (%rax,%rdx,1),%rsi
  0x00007581a3fff4a0:   lea    0x1(%rsi),%rsi
  0x00007581a3fff4a4:   mov    %rsi,(%rax,%rdx,1)
  0x00007581a3fff4a8:   je     0x00007581a3fff4c8           ;*ifeq {reexecute=0 rethrow=0 return_oop=0}
                                                            ; - java.lang.invoke.MethodHandles$Lookup::isClassAccessible@44 (line 3647)
  0x00007581a3fff4ae:   movabs $0x75815c2f6e98,%rax         ;   {metadata(method data for {method} {0x000000006c477980} &apos;isClassAccessible&apos; &apos;(Ljava/lang/Class;)Z&apos; in &apos;java/lang/invoke/MethodHandles$Lookup&apos;)}
  0x00007581a3fff4b8:   incl   0x200(%rax)
  0x00007581a3fff4be:   mov    $0x1,%eax
  0x00007581a3fff4c3:   jmp    0x00007581a3fff4cd           ;*goto {reexecute=0 rethrow=0 return_oop=0}
                                                            ; - java.lang.invoke.MethodHandles$Lookup::isClassAccessible@48 (line 3647)
  0x00007581a3fff4c8:   mov    $0x0,%eax
  0x00007581a3fff4cd:   and    $0x1,%eax
  0x00007581a3fff4d0:   add    $0x60,%rsp
  0x00007581a3fff4d4:   pop    %rbp
  0x00007581a3fff4d5:   cmp    0x28(%r15),%rsp              ;   {poll_return}
  0x00007581a3fff4d9:   ja     0x00007581a3fff628
  0x00007581a3fff4df:   ret                                 ;*ireturn {reexecute=0 rethrow=0 return_oop=0}
                                                            ; - java.lang.invoke.MethodHandles$Lookup::isClassAccessible@52 (line 3647)
  0x00007581a3fff4e0:   mov    %rdx,0x50(%rsp)
  0x00007581a3fff4e5:   mov    %rsi,0x48(%rsp)
  0x00007581a3fff4ea:   nopw   0x0(%rax,%rax,1)
  0x00007581a3fff4f0:   jmp    0x00007581a3fff64d           ;   {other}
  0x00007581a3fff4f5:   add    %al,(%rax)
  0x00007581a3fff4f7:   add    %al,(%rax)
  0x00007581a3fff4f9:   add    %cl,-0x75(%rcx)
  0x00007581a3fff4fc:   xchg   %esi,0x48000001(%rax)
  0x00007581a3fff502:   lea    0x30(%rax),%edi
  0x00007581a3fff505:   cmp    0x1c0(%r15),%rdi
  0x00007581a3fff50c:   ja     0x00007581a3fff657
  0x00007581a3fff512:   mov    %rdi,0x1b0(%r15)
  0x00007581a3fff519:   movq   $0x1,(%rax)
  0x00007581a3fff520:   mov    %rdx,%rcx
  0x00007581a3fff523:   mov    $0x6c000000,%r10d
  0x00007581a3fff529:   sub    %r10,%rcx
  0x00007581a3fff52c:   mov    %ecx,0x8(%rax)
  0x00007581a3fff52f:   xor    %rcx,%rcx
  0x00007581a3fff532:   mov    %ecx,0xc(%rax)
  0x00007581a3fff535:   xor    %rcx,%rcx
  0x00007581a3fff538:   mov    %rcx,0x10(%rax)
  0x00007581a3fff53c:   mov    %rcx,0x18(%rax)
  0x00007581a3fff540:   mov    %rcx,0x20(%rax)
  0x00007581a3fff544:   mov    %rcx,0x28(%rax)              ;*new {reexecute=0 rethrow=0 return_oop=0}
                                                            ; - java.util.Objects::requireNonNull@4 (line 220)
                                                            ; - java.lang.invoke.MethodHandles$Lookup::isClassAccessible@1 (line 3641)
  0x00007581a3fff548:   mov    %rax,%rsi
  0x00007581a3fff54b:   movabs $0x75815c2f70f8,%rdi         ;   {metadata(method data for {method} {0x000000006c21efa0} &apos;requireNonNull&apos; &apos;(Ljava/lang/Object;)Ljava/lang/Object;&apos; in &apos;java/util/Objects&apos;)}
  0x00007581a3fff555:   addq   $0x1,0xf8(%rdi)
  0x00007581a3fff55d:   mov    %rax,%rsi                    ;*invokespecial &lt;init&gt; {reexecute=0 rethrow=0 return_oop=0}
                                                            ; - java.util.Objects::requireNonNull@8 (line 220)
                                                            ; - java.lang.invoke.MethodHandles$Lookup::isClassAccessible@1 (line 3641)
  0x00007581a3fff560:   mov    %rax,0x40(%rsp)
  0x00007581a3fff565:   xchg   %ax,%ax
  0x00007581a3fff567:   call   0x00007581ab4ad9e0           ; ImmutableOopMap {[64]=Oop [72]=Oop [80]=Oop }
                                                            ;*invokespecial &lt;init&gt; {reexecute=0 rethrow=0 return_oop=0}
                                                            ; - java.util.Objects::requireNonNull@8 (line 220)
                                                            ; - java.lang.invoke.MethodHandles$Lookup::isClassAccessible@1 (line 3641)
                                                            ;   {optimized virtual_call}
  0x00007581a3fff56c:   nopl   0x2000564(%rax,%rax,1)       ;*invokespecial &lt;init&gt; {reexecute=0 rethrow=0 return_oop=0}
                                                            ; - java.util.Objects::requireNonNull@8 (line 220)
                                                            ; - java.lang.invoke.MethodHandles$Lookup::isClassAccessible@1 (line 3641)
                                                            ;   {post_call_nop}
  0x00007581a3fff574:   mov    0x40(%rsp),%rax
  0x00007581a3fff579:   jmp    0x00007581a3fff681
  0x00007581a3fff57e:   movabs $0x6c477980,%r10             ;   {metadata({method} {0x000000006c477980} &apos;isClassAccessible&apos; &apos;(Ljava/lang/Class;)Z&apos; in &apos;java/lang/invoke/MethodHandles$Lookup&apos;)}
  0x00007581a3fff588:   mov    %r10,0x8(%rsp)
  0x00007581a3fff58d:   movq   $0xffffffffffffffff,(%rsp)
  0x00007581a3fff595:   call   0x00007581ab582fe0           ; ImmutableOopMap {rsi=Oop rdx=Oop }
                                                            ;*synchronization entry
                                                            ; - java.lang.invoke.MethodHandles$Lookup::isClassAccessible@-1 (line 3641)
                                                            ;   {runtime_call counter_overflow_blob (C1 runtime)}
  0x00007581a3fff59a:   jmp    0x00007581a3fff167
  0x00007581a3fff59f:   movabs $0x6c21efa0,%r10             ;   {metadata({method} {0x000000006c21efa0} &apos;requireNonNull&apos; &apos;(Ljava/lang/Object;)Ljava/lang/Object;&apos; in &apos;java/util/Objects&apos;)}
  0x00007581a3fff5a9:   mov    %r10,0x8(%rsp)
  0x00007581a3fff5ae:   movq   $0xffffffffffffffff,(%rsp)
  0x00007581a3fff5b6:   call   0x00007581ab582fe0           ; ImmutableOopMap {rsi=Oop rdx=Oop }
                                                            ;*synchronization entry
                                                            ; - java.util.Objects::requireNonNull@-1 (line 219)
                                                            ; - java.lang.invoke.MethodHandles$Lookup::isClassAccessible@1 (line 3641)
                                                            ;   {runtime_call counter_overflow_blob (C1 runtime)}
  0x00007581a3fff5bb:   jmp    0x00007581a3fff1a5
  0x00007581a3fff5c0:   movabs $0x6c477038,%r10             ;   {metadata({method} {0x000000006c477038} &apos;lookupClassOrNull&apos; &apos;()Ljava/lang/Class;&apos; in &apos;java/lang/invoke/MethodHandles$Lookup&apos;)}
  0x00007581a3fff5ca:   mov    %r10,0x8(%rsp)
  0x00007581a3fff5cf:   movq   $0xffffffffffffffff,(%rsp)
  0x00007581a3fff5d7:   call   0x00007581ab582fe0           ; ImmutableOopMap {rsi=Oop rdx=Oop }
                                                            ;*synchronization entry
                                                            ; - java.lang.invoke.MethodHandles$Lookup::lookupClassOrNull@-1 (line 1496)
                                                            ; - java.lang.invoke.MethodHandles$Lookup::isClassAccessible@6 (line 3642)
                                                            ;   {runtime_call counter_overflow_blob (C1 runtime)}
  0x00007581a3fff5dc:   jmp    0x00007581a3fff213
  0x00007581a3fff5e1:   call   0x00007581ab57c660           ; ImmutableOopMap {rsi=Oop rcx=Oop rdx=Oop }
                                                            ;*invokevirtual isArray {reexecute=0 rethrow=0 return_oop=0}
                                                            ; - java.lang.invoke.MethodHandles$Lookup::isClassAccessible@13 (line 3644)
                                                            ;   {runtime_call throw_null_pointer_exception_blob (C1 runtime)}
  0x00007581a3fff5e6:   movabs $0x6c188ed8,%r10             ;   {metadata({method} {0x000000006c188ed8} &apos;isArray&apos; &apos;()Z&apos; in &apos;java/lang/Class&apos;)}
  0x00007581a3fff5f0:   mov    %r10,0x8(%rsp)
  0x00007581a3fff5f5:   movq   $0xffffffffffffffff,(%rsp)
  0x00007581a3fff5fd:   call   0x00007581ab582fe0           ; ImmutableOopMap {rsi=Oop rcx=Oop rdx=Oop }
                                                            ;*synchronization entry
                                                            ; - java.lang.Class::isArray@-1 (line 817)
                                                            ; - java.lang.invoke.MethodHandles$Lookup::isClassAccessible@13 (line 3644)
                                                            ;   {runtime_call counter_overflow_blob (C1 runtime)}
  0x00007581a3fff602:   jmp    0x00007581a3fff2ff
  0x00007581a3fff607:   movabs $0x6c477980,%r10             ;   {metadata({method} {0x000000006c477980} &apos;isClassAccessible&apos; &apos;(Ljava/lang/Class;)Z&apos; in &apos;java/lang/invoke/MethodHandles$Lookup&apos;)}
  0x00007581a3fff611:   mov    %r10,0x8(%rsp)
  0x00007581a3fff616:   movq   $0x18,(%rsp)
  0x00007581a3fff61e:   call   0x00007581ab582fe0           ; ImmutableOopMap {rsi=Oop rcx=Oop rdi=Oop }
                                                            ;*goto {reexecute=1 rethrow=0 return_oop=0}
                                                            ; - (reexecute) java.lang.invoke.MethodHandles$Lookup::isClassAccessible@24 (line 3645)
                                                            ;   {runtime_call counter_overflow_blob (C1 runtime)}
  0x00007581a3fff623:   jmp    0x00007581a3fff406
  0x00007581a3fff628:   movabs $0x7581a3fff4d5,%r10         ;   {internal_word}
  0x00007581a3fff632:   mov    %r10,0x510(%r15)
  0x00007581a3fff639:   jmp    0x00007581ab4afb60           ;   {runtime_call SafepointBlob}
  0x00007581a3fff63e:   movabs $0x0,%rdx                    ;   {metadata(nullptr)}
  0x00007581a3fff648:   mov    $0xa050f00,%eax
  0x00007581a3fff64d:   call   0x00007581ab5820e0           ; ImmutableOopMap {[72]=Oop [80]=Oop }
                                                            ;*new {reexecute=1 rethrow=0 return_oop=0}
                                                            ; - (reexecute) java.util.Objects::requireNonNull@4 (line 220)
                                                            ; - java.lang.invoke.MethodHandles$Lookup::isClassAccessible@1 (line 3641)
                                                            ;   {runtime_call load_klass_patching_blob (C1 runtime)}
  0x00007581a3fff652:   jmp    0x00007581a3fff4f0
  0x00007581a3fff657:   mov    %rdx,%rdx
  0x00007581a3fff65a:   call   0x00007581ab57d3e0           ; ImmutableOopMap {[72]=Oop [80]=Oop }
                                                            ;*new {reexecute=0 rethrow=0 return_oop=0}
                                                            ; - java.util.Objects::requireNonNull@4 (line 220)
                                                            ; - java.lang.invoke.MethodHandles$Lookup::isClassAccessible@1 (line 3641)
                                                            ;   {runtime_call fast_new_instance_blob (C1 runtime)}
  0x00007581a3fff65f:   jmp    0x00007581a3fff548
  0x00007581a3fff664:   mov    0x5c0(%r15),%rax
  0x00007581a3fff66b:   movq   $0x0,0x5c0(%r15)
  0x00007581a3fff676:   movq   $0x0,0x5c8(%r15)
  0x00007581a3fff681:   add    $0x60,%rsp
  0x00007581a3fff685:   pop    %rbp
  0x00007581a3fff686:   jmp    0x00007581ab57b760           ;   {runtime_call unwind_exception_blob (C1 runtime)}
  0x00007581a3fff68b:   hlt    
  0x00007581a3fff68c:   hlt    
  0x00007581a3fff68d:   hlt    
  0x00007581a3fff68e:   hlt    
  0x00007581a3fff68f:   hlt    
[Stub Code]
  0x00007581a3fff690:   movabs $0x0,%rbx                    ;   {static_stub}
  0x00007581a3fff69a:   jmp    0x00007581a3fff69a           ;   {runtime_call nmethod}
  0x00007581a3fff69f:   movabs $0x0,%rbx                    ;   {static_stub}
  0x00007581a3fff6a9:   jmp    0x00007581a3fff6a9           ;   {runtime_call nmethod}
[Exception Handler]
  0x00007581a3fff6ae:   call   0x00007581ab57ede0           ;   {runtime_call handle_exception_from_callee_blob (C1 runtime)}
  0x00007581a3fff6b3:   movabs $0x7581c313aec4,%rdi         ;   {external_word}
  0x00007581a3fff6bd:   and    $0xfffffffffffffff0,%rsp
  0x00007581a3fff6c1:   call   0x00007581c2b91cc0           ;   {runtime_call MacroAssembler::debug64(char*, long, long*)}
  0x00007581a3fff6c6:   hlt    
  0x00007581a3fff6c7:   call   0x00007581ab4afe60           ;   {runtime_call DeoptimizationBlob}
[Deopt Handler Entry Point]
  0x00007581a3fff6cc:   jmp    0x00007581a3fff6c7
  0x00007581a3fff6ce:   hlt    
  0x00007581a3fff6cf:   hlt    
--------------------------------------------------------------------------------
[/Disassembly]
