
============================= C1-compiled nmethod ==============================
----------------------------------- Assembly -----------------------------------

Compiled method (c1) 608   52       3       java.lang.Class::reflectionData (43 bytes)
 total in heap  [0x000076647ffff008,0x000076647ffff458] = 1104
 main code      [0x000076647ffff100,0x000076647ffff410] = 784
 stub code      [0x000076647ffff410,0x000076647ffff458] = 72
 mutable data [0x000076642002cff0,0x000076642002d070] = 128
 relocation     [0x000076642002cff0,0x000076642002d050] = 96
 metadata       [0x000076642002d050,0x000076642002d070] = 32
 immutable data [0x000076642002cdc0,0x000076642002cfdc] = 540
 dependencies   [0x000076642002cdc0,0x000076642002cdd0] = 16
 nul chk table  [0x000076642002cdd0,0x000076642002cde8] = 24
 scopes pcs     [0x000076642002cde8,0x000076642002cf48] = 352
 scopes data    [0x000076642002cf48,0x000076642002cfd8] = 144

[Disassembly]
--------------------------------------------------------------------------------
[Constant Pool (empty)]

--------------------------------------------------------------------------------

[Instructions begin]
  0x000076647ffff100:   data16 data16 nopw 0x0(%rax,%rax,1)
  0x000076647ffff10b:   data16 data16 xchg %ax,%ax
  0x000076647ffff10f:   data16 xchg %ax,%ax
[Entry Point]
  # {method} {0x00000000441895c8} &apos;reflectionData&apos; &apos;()Ljava/lang/Class$ReflectionData;&apos; in &apos;java/lang/Class&apos;
  #           [sp+0x50]  (sp of caller)
  0x000076647ffff112:   mov    0x8(%rsi),%r10d
  0x000076647ffff116:   cmp    0x8(%rax),%r10d
  0x000076647ffff11a:   jne    0x00007664874ad6e0           ;   {runtime_call ic_miss_blob (shared runtime)}
[Verified Entry Point]
  0x000076647ffff120:   mov    %eax,-0x14000(%rsp)
  0x000076647ffff127:   push   %rbp
  0x000076647ffff128:   sub    $0x40,%rsp
  0x000076647ffff12c:   cmpl   $0x1,0x20(%r15)
  0x000076647ffff134:   je     0x000076647ffff13b
  0x000076647ffff136:   call   Stub::method_entry_barrier_stub (stub gen)
                                                            ;   {runtime_call Stub::method_entry_barrier_stub (stub gen)}
  0x000076647ffff13b:   movabs $0x766438305dd0,%rdi         ;   {metadata(method data for {method} {0x00000000441895c8} &apos;reflectionData&apos; &apos;()Ljava/lang/Class$ReflectionData;&apos; in &apos;java/lang/Class&apos;)}
  0x000076647ffff145:   mov    0x90(%rdi),%ebx
  0x000076647ffff14b:   add    $0x2,%ebx
  0x000076647ffff14e:   mov    %ebx,0x90(%rdi)
  0x000076647ffff154:   and    $0x7fe,%ebx
  0x000076647ffff15a:   test   %ebx,%ebx
  0x000076647ffff15c:   je     0x000076647ffff387           ;*aload_0 {reexecute=0 rethrow=0 return_oop=0}
                                                            ; - java.lang.Class::reflectionData@0 (line 2833)
  0x000076647ffff162:   mov    0x54(%rsi),%edi
  0x000076647ffff165:   shl    $0x3,%rdi                    ;*getfield reflectionData {reexecute=0 rethrow=0 return_oop=0}
                                                            ; - java.lang.Class::reflectionData@1 (line 2833)
  0x000076647ffff169:   mov    0xc(%rsi),%ebx               ;*getfield classRedefinedCount {reexecute=0 rethrow=0 return_oop=0}
                                                            ; - java.lang.Class::reflectionData@6 (line 2834)
  0x000076647ffff16c:   test   %rdi,%rdi
  0x000076647ffff16f:   movabs $0x766438305dd0,%rax         ;   {metadata(method data for {method} {0x00000000441895c8} &apos;reflectionData&apos; &apos;()Ljava/lang/Class$ReflectionData;&apos; in &apos;java/lang/Class&apos;)}
  0x000076647ffff179:   mov    $0xd8,%edx
  0x000076647ffff17e:   je     0x000076647ffff185
  0x000076647ffff180:   mov    $0xe8,%edx
  0x000076647ffff185:   mov    (%rax,%rdx,1),%rcx
  0x000076647ffff189:   lea    0x1(%rcx),%rcx
  0x000076647ffff18d:   mov    %rcx,(%rax,%rdx,1)
  0x000076647ffff191:   je     0x000076647ffff339           ;*ifnull {reexecute=0 rethrow=0 return_oop=0}
                                                            ; - java.lang.Class::reflectionData@11 (line 2836)
  0x000076647ffff197:   mov    %ebx,0x20(%rsp)
  0x000076647ffff19b:   mov    %rsi,0x28(%rsp)
  0x000076647ffff1a0:   cmp    (%rdi),%rax                  ; implicit exception: dispatches to 0x000076647ffff3a8
  0x000076647ffff1a3:   mov    %rdi,%rax
  0x000076647ffff1a6:   movabs $0x766438305dd0,%rdx         ;   {metadata(method data for {method} {0x00000000441895c8} &apos;reflectionData&apos; &apos;()Ljava/lang/Class$ReflectionData;&apos; in &apos;java/lang/Class&apos;)}
  0x000076647ffff1b0:   mov    0x8(%rax),%eax
  0x000076647ffff1b3:   mov    $0x44000000,%r10d
  0x000076647ffff1b9:   add    %r10,%rax
  0x000076647ffff1bc:   mov    $0x20,%r10d
  0x000076647ffff1c2:   cmp    (%rdx,%r10,8),%rax
  0x000076647ffff1c6:   je     0x000076647ffff205
  0x000076647ffff1c8:   add    $0x2,%r10
  0x000076647ffff1cc:   cmp    $0x24,%r10
  0x000076647ffff1d0:   jne    0x000076647ffff1c2
  0x000076647ffff1d2:   mov    $0x20,%r10d
  0x000076647ffff1d8:   cmpq   $0x0,(%rdx,%r10,8)
  0x000076647ffff1dd:   je     0x000076647ffff1eb
  0x000076647ffff1df:   add    $0x2,%r10
  0x000076647ffff1e3:   cmp    $0x24,%r10
  0x000076647ffff1e7:   jne    0x000076647ffff1d8
  0x000076647ffff1e9:   jmp    0x000076647ffff1fd
  0x000076647ffff1eb:   push   %rbx
  0x000076647ffff1ec:   mov    %rax,%rbx
  0x000076647ffff1ef:   xor    %rax,%rax
  0x000076647ffff1f2:   cmpxchg %rbx,(%rdx,%r10,8)
  0x000076647ffff1f7:   mov    %rbx,%rax
  0x000076647ffff1fa:   pop    %rbx
  0x000076647ffff1fb:   jmp    0x000076647ffff1bc
  0x000076647ffff1fd:   mov    $0x1f,%r10d
  0x000076647ffff203:   jmp    0x000076647ffff209
  0x000076647ffff205:   add    $0x1,%r10
  0x000076647ffff209:   addq   $0x1,(%rdx,%r10,8)
  0x000076647ffff20e:   mov    %rdi,%rsi                    ;*invokevirtual get {reexecute=0 rethrow=0 return_oop=0}
                                                            ; - java.lang.Class::reflectionData@15 (line 2837)
  0x000076647ffff211:   mov    %rdi,0x30(%rsp)
  0x000076647ffff216:   nop
  0x000076647ffff217:   call   0x00007664874ad9e0           ; ImmutableOopMap {[40]=Oop [48]=Oop }
                                                            ;*invokevirtual get {reexecute=0 rethrow=0 return_oop=0}
                                                            ; - java.lang.Class::reflectionData@15 (line 2837)
                                                            ;   {optimized virtual_call}
  0x000076647ffff21c:   nopl   0x214(%rax,%rax,1)           ;*invokevirtual get {reexecute=0 rethrow=0 return_oop=0}
                                                            ; - java.lang.Class::reflectionData@15 (line 2837)
                                                            ;   {post_call_nop}
  0x000076647ffff224:   test   %rax,%rax
  0x000076647ffff227:   movabs $0x766438305dd0,%rcx         ;   {metadata(method data for {method} {0x00000000441895c8} &apos;reflectionData&apos; &apos;()Ljava/lang/Class$ReflectionData;&apos; in &apos;java/lang/Class&apos;)}
  0x000076647ffff231:   jne    0x000076647ffff23f
  0x000076647ffff233:   orb    $0x1,0x121(%rcx)
  0x000076647ffff23a:   jmp    0x000076647ffff2bb
  0x000076647ffff23f:   mov    0x8(%rax),%edi
  0x000076647ffff242:   mov    $0x44000000,%r10d
  0x000076647ffff248:   add    %r10,%rdi
  0x000076647ffff24b:   mov    $0x26,%r10d
  0x000076647ffff251:   cmp    (%rcx,%r10,8),%rdi
  0x000076647ffff255:   je     0x000076647ffff28e
  0x000076647ffff257:   add    $0x2,%r10
  0x000076647ffff25b:   cmp    $0x2a,%r10
  0x000076647ffff25f:   jne    0x000076647ffff251
  0x000076647ffff261:   mov    $0x26,%r10d
  0x000076647ffff267:   cmpq   $0x0,(%rcx,%r10,8)
  0x000076647ffff26c:   je     0x000076647ffff27a
  0x000076647ffff26e:   add    $0x2,%r10
  0x000076647ffff272:   cmp    $0x2a,%r10
  0x000076647ffff276:   jne    0x000076647ffff267
  0x000076647ffff278:   jmp    0x000076647ffff286
  0x000076647ffff27a:   push   %rax
  0x000076647ffff27b:   xor    %rax,%rax
  0x000076647ffff27e:   cmpxchg %rdi,(%rcx,%r10,8)
  0x000076647ffff283:   pop    %rax
  0x000076647ffff284:   jmp    0x000076647ffff24b
  0x000076647ffff286:   mov    $0x25,%r10d
  0x000076647ffff28c:   jmp    0x000076647ffff292
  0x000076647ffff28e:   add    $0x1,%r10
  0x000076647ffff292:   addq   $0x1,(%rcx,%r10,8)
  0x000076647ffff297:   movabs $0x442426f0,%rdi             ;   {metadata(&apos;java/lang/Class$ReflectionData&apos;)}
  0x000076647ffff2a1:   mov    0x8(%rax),%edx
  0x000076647ffff2a4:   mov    $0x44000000,%r10d
  0x000076647ffff2aa:   add    %r10,%rdx
  0x000076647ffff2ad:   cmp    %rdx,%rdi
  0x000076647ffff2b0:   jne    0x000076647ffff3ad
  0x000076647ffff2b6:   jmp    0x000076647ffff2bb
  0x000076647ffff2bb:   mov    %rax,%rsi                    ;*checkcast {reexecute=0 rethrow=0 return_oop=0}
                                                            ; - java.lang.Class::reflectionData@18 (line 2837)
  0x000076647ffff2be:   test   %rsi,%rsi
  0x000076647ffff2c1:   movabs $0x766438305dd0,%rdx         ;   {metadata(method data for {method} {0x00000000441895c8} &apos;reflectionData&apos; &apos;()Ljava/lang/Class$ReflectionData;&apos; in &apos;java/lang/Class&apos;)}
  0x000076647ffff2cb:   mov    $0x168,%ecx
  0x000076647ffff2d0:   jne    0x000076647ffff2d7
  0x000076647ffff2d2:   mov    $0x158,%ecx
  0x000076647ffff2d7:   mov    (%rdx,%rcx,1),%rdi
  0x000076647ffff2db:   lea    0x1(%rdi),%rdi
  0x000076647ffff2df:   mov    %rdi,(%rdx,%rcx,1)
  0x000076647ffff2e3:   jne    0x000076647ffff2fc           ;*ifnull {reexecute=0 rethrow=0 return_oop=0}
                                                            ; - java.lang.Class::reflectionData@23 (line 2837)
  0x000076647ffff2e9:   mov    0x20(%rsp),%ebx
  0x000076647ffff2ed:   mov    0x30(%rsp),%rdi
  0x000076647ffff2f2:   mov    0x28(%rsp),%rsi
  0x000076647ffff2f7:   jmp    0x000076647ffff339           ;*aload_0 {reexecute=0 rethrow=0 return_oop=0}
                                                            ; - java.lang.Class::reflectionData@36 (line 2843)
  0x000076647ffff2fc:   mov    0xc(%rsi),%edx               ; implicit exception: dispatches to 0x000076647ffff3b6
                                                            ;*getfield redefinedCount {reexecute=0 rethrow=0 return_oop=0}
                                                            ; - java.lang.Class::reflectionData@27 (line 2837)
  0x000076647ffff2ff:   cmp    0x20(%rsp),%edx
  0x000076647ffff303:   movabs $0x766438305dd0,%rdx         ;   {metadata(method data for {method} {0x00000000441895c8} &apos;reflectionData&apos; &apos;()Ljava/lang/Class$ReflectionData;&apos; in &apos;java/lang/Class&apos;)}
  0x000076647ffff30d:   mov    $0x188,%ecx
  0x000076647ffff312:   je     0x000076647ffff319
  0x000076647ffff314:   mov    $0x178,%ecx
  0x000076647ffff319:   mov    (%rdx,%rcx,1),%rdi
  0x000076647ffff31d:   lea    0x1(%rdi),%rdi
  0x000076647ffff321:   mov    %rdi,(%rdx,%rcx,1)
  0x000076647ffff325:   je     0x000076647ffff374           ;*if_icmpne {reexecute=0 rethrow=0 return_oop=0}
                                                            ; - java.lang.Class::reflectionData@31 (line 2837)
  0x000076647ffff32b:   mov    0x20(%rsp),%ebx
  0x000076647ffff32f:   mov    0x30(%rsp),%rdi
  0x000076647ffff334:   mov    0x28(%rsp),%rsi
  0x000076647ffff339:   mov    %rsi,%rdx
  0x000076647ffff33c:   movabs $0x766438305dd0,%rcx         ;   {metadata(method data for {method} {0x00000000441895c8} &apos;reflectionData&apos; &apos;()Ljava/lang/Class$ReflectionData;&apos; in &apos;java/lang/Class&apos;)}
  0x000076647ffff346:   addq   $0x1,0x198(%rcx)
  0x000076647ffff34e:   mov    %rdi,%rdx
  0x000076647ffff351:   mov    %rbx,%rcx                    ;*invokevirtual newReflectionData {reexecute=0 rethrow=0 return_oop=0}
                                                            ; - java.lang.Class::reflectionData@39 (line 2843)
  0x000076647ffff354:   data16 xchg %ax,%ax
  0x000076647ffff357:   call   0x00007664874ad9e0           ; ImmutableOopMap {}
                                                            ;*invokevirtual newReflectionData {reexecute=0 rethrow=0 return_oop=0}
                                                            ; - java.lang.Class::reflectionData@39 (line 2843)
                                                            ;   {optimized virtual_call}
  0x000076647ffff35c:   nopl   0x1000354(%rax,%rax,1)       ;*invokevirtual newReflectionData {reexecute=0 rethrow=0 return_oop=0}
                                                            ; - java.lang.Class::reflectionData@39 (line 2843)
                                                            ;   {post_call_nop}
  0x000076647ffff364:   add    $0x40,%rsp
  0x000076647ffff368:   pop    %rbp
  0x000076647ffff369:   cmp    0x28(%r15),%rsp              ;   {poll_return}
  0x000076647ffff36d:   ja     0x000076647ffff3bb
  0x000076647ffff373:   ret                                 ;*areturn {reexecute=0 rethrow=0 return_oop=0}
                                                            ; - java.lang.Class::reflectionData@42 (line 2843)
  0x000076647ffff374:   mov    %rsi,%rax
  0x000076647ffff377:   add    $0x40,%rsp
  0x000076647ffff37b:   pop    %rbp
  0x000076647ffff37c:   cmp    0x28(%r15),%rsp              ;   {poll_return}
  0x000076647ffff380:   ja     0x000076647ffff3d1
  0x000076647ffff386:   ret    
  0x000076647ffff387:   movabs $0x441895c8,%r10             ;   {metadata({method} {0x00000000441895c8} &apos;reflectionData&apos; &apos;()Ljava/lang/Class$ReflectionData;&apos; in &apos;java/lang/Class&apos;)}
  0x000076647ffff391:   mov    %r10,0x8(%rsp)
  0x000076647ffff396:   movq   $0xffffffffffffffff,(%rsp)
  0x000076647ffff39e:   call   0x0000766487583460           ; ImmutableOopMap {rsi=Oop }
                                                            ;*synchronization entry
                                                            ; - java.lang.Class::reflectionData@-1 (line 2833)
                                                            ;   {runtime_call counter_overflow_blob (C1 runtime)}
  0x000076647ffff3a3:   jmp    0x000076647ffff162
  0x000076647ffff3a8:   call   0x000076648757cae0           ; ImmutableOopMap {rdi=Oop [40]=Oop }
                                                            ;*invokevirtual get {reexecute=0 rethrow=0 return_oop=0}
                                                            ; - java.lang.Class::reflectionData@15 (line 2837)
                                                            ;   {runtime_call throw_null_pointer_exception_blob (C1 runtime)}
  0x000076647ffff3ad:   mov    %rax,(%rsp)
  0x000076647ffff3b1:   call   0x000076648757f8e0           ; ImmutableOopMap {[40]=Oop [48]=Oop }
                                                            ;*checkcast {reexecute=0 rethrow=0 return_oop=0}
                                                            ; - java.lang.Class::reflectionData@18 (line 2837)
                                                            ;   {runtime_call throw_class_cast_exception_blob (C1 runtime)}
  0x000076647ffff3b6:   call   0x000076648757cae0           ; ImmutableOopMap {rsi=Oop [40]=Oop [48]=Oop }
                                                            ;*getfield redefinedCount {reexecute=1 rethrow=0 return_oop=0}
                                                            ; - (reexecute) java.lang.Class::reflectionData@27 (line 2837)
                                                            ;   {runtime_call throw_null_pointer_exception_blob (C1 runtime)}
  0x000076647ffff3bb:   movabs $0x76647ffff369,%r10         ;   {internal_word}
  0x000076647ffff3c5:   mov    %r10,0x510(%r15)
  0x000076647ffff3cc:   jmp    0x00007664874afb60           ;   {runtime_call SafepointBlob}
  0x000076647ffff3d1:   movabs $0x76647ffff37c,%r10         ;   {internal_word}
  0x000076647ffff3db:   mov    %r10,0x510(%r15)
  0x000076647ffff3e2:   jmp    0x00007664874afb60           ;   {runtime_call SafepointBlob}
  0x000076647ffff3e7:   mov    0x5c0(%r15),%rax
  0x000076647ffff3ee:   movq   $0x0,0x5c0(%r15)
  0x000076647ffff3f9:   movq   $0x0,0x5c8(%r15)
  0x000076647ffff404:   add    $0x40,%rsp
  0x000076647ffff408:   pop    %rbp
  0x000076647ffff409:   jmp    0x000076648757b760           ;   {runtime_call unwind_exception_blob (C1 runtime)}
  0x000076647ffff40e:   hlt    
  0x000076647ffff40f:   hlt    
[Stub Code]
  0x000076647ffff410:   nopl   0x0(%rax,%rax,1)             ;   {other}
  0x000076647ffff415:   movabs $0x0,%rbx                    ;   {static_stub}
  0x000076647ffff41f:   jmp    0x000076647ffff41f           ;   {runtime_call nmethod}
  0x000076647ffff424:   movabs $0x0,%rbx                    ;   {static_stub}
  0x000076647ffff42e:   jmp    0x000076647ffff42e           ;   {runtime_call nmethod}
[Exception Handler]
  0x000076647ffff433:   call   0x000076648757f2e0           ;   {runtime_call handle_exception_from_callee_blob (C1 runtime)}
  0x000076647ffff438:   movabs $0x76649e93aec4,%rdi         ;   {external_word}
  0x000076647ffff442:   and    $0xfffffffffffffff0,%rsp
  0x000076647ffff446:   call   0x000076649e391cc0           ;   {runtime_call MacroAssembler::debug64(char*, long, long*)}
  0x000076647ffff44b:   hlt    
  0x000076647ffff44c:   call   0x00007664874afe60           ;   {runtime_call DeoptimizationBlob}
[Deopt Handler Entry Point]
  0x000076647ffff451:   jmp    0x000076647ffff44c
  0x000076647ffff453:   hlt    
  0x000076647ffff454:   hlt    
  0x000076647ffff455:   hlt    
  0x000076647ffff456:   hlt    
  0x000076647ffff457:   hlt    
--------------------------------------------------------------------------------
[/Disassembly]
