
============================= C1-compiled nmethod ==============================
----------------------------------- Assembly -----------------------------------

Compiled method (c1) 294    3       1       java.lang.NamedPackage::module (5 bytes)
 total in heap  [0x00007f24d3ba0608,0x00007f24d3ba07b0] = 424
 main code      [0x00007f24d3ba0700,0x00007f24d3ba0790] = 144
 stub code      [0x00007f24d3ba0790,0x00007f24d3ba07b0] = 32
 mutable data [0x00007f2474014c70,0x00007f2474014c98] = 40
 relocation     [0x00007f2474014c70,0x00007f2474014c90] = 32
 metadata       [0x00007f2474014c90,0x00007f2474014c98] = 8
 immutable data [0x00007f2474014c00,0x00007f2474014c5c] = 92
 dependencies   [0x00007f2474014c00,0x00007f2474014c08] = 8
 scopes pcs     [0x00007f2474014c08,0x00007f2474014c48] = 64
 scopes data    [0x00007f2474014c48,0x00007f2474014c58] = 16

[Disassembly]
--------------------------------------------------------------------------------
[Constant Pool (empty)]

--------------------------------------------------------------------------------

[Instructions begin]
  0x00007f24d3ba0700:   data16 data16 nopw 0x0(%rax,%rax,1)
  0x00007f24d3ba070b:   data16 data16 xchg %ax,%ax
  0x00007f24d3ba070f:   data16 xchg %ax,%ax
[Entry Point]
  # {method} {0x000000007324d6a8} &apos;module&apos; &apos;()Ljava/lang/Module;&apos; in &apos;java/lang/NamedPackage&apos;
  #           [sp+0x30]  (sp of caller)
  0x00007f24d3ba0712:   mov    0x8(%rsi),%r10d
  0x00007f24d3ba0716:   cmp    0x8(%rax),%r10d
  0x00007f24d3ba071a:   jne    0x00007f24d34ad6e0           ;   {runtime_call ic_miss_blob (shared runtime)}
[Verified Entry Point]
  0x00007f24d3ba0720:   mov    %eax,-0x14000(%rsp)
  0x00007f24d3ba0727:   push   %rbp
  0x00007f24d3ba0728:   sub    $0x20,%rsp
  0x00007f24d3ba072c:   cmpl   $0x1,0x20(%r15)
  0x00007f24d3ba0734:   je     0x00007f24d3ba073b
  0x00007f24d3ba0736:   call   Stub::method_entry_barrier_stub (stub gen)
                                                            ;*aload_0 {reexecute=0 rethrow=0 return_oop=0}
                                                            ; - java.lang.NamedPackage::module@0 (line 66)
                                                            ;   {runtime_call Stub::method_entry_barrier_stub (stub gen)}
  0x00007f24d3ba073b:   mov    0x10(%rsi),%eax
  0x00007f24d3ba073e:   shl    $0x3,%rax                    ;*getfield module {reexecute=0 rethrow=0 return_oop=0}
                                                            ; - java.lang.NamedPackage::module@1 (line 66)
  0x00007f24d3ba0742:   add    $0x20,%rsp
  0x00007f24d3ba0746:   pop    %rbp
  0x00007f24d3ba0747:   cmp    0x28(%r15),%rsp              ;   {poll_return}
  0x00007f24d3ba074b:   ja     0x00007f24d3ba0752
  0x00007f24d3ba0751:   ret    
  0x00007f24d3ba0752:   movabs $0x7f24d3ba0747,%r10         ;   {internal_word}
  0x00007f24d3ba075c:   mov    %r10,0x510(%r15)
  0x00007f24d3ba0763:   jmp    0x00007f24d34afb60           ;   {runtime_call SafepointBlob}
  0x00007f24d3ba0768:   mov    0x5c0(%r15),%rax
  0x00007f24d3ba076f:   movq   $0x0,0x5c0(%r15)
  0x00007f24d3ba077a:   movq   $0x0,0x5c8(%r15)
  0x00007f24d3ba0785:   add    $0x20,%rsp
  0x00007f24d3ba0789:   pop    %rbp
  0x00007f24d3ba078a:   jmp    0x00007f24d357ae60           ;   {runtime_call unwind_exception_blob (C1 runtime)}
  0x00007f24d3ba078f:   hlt    
[Exception Handler]
  0x00007f24d3ba0790:   call   0x00007f24d357e460           ;   {runtime_call handle_exception_from_callee_blob (C1 runtime)}
  0x00007f24d3ba0795:   movabs $0x7f24ec33aec4,%rdi         ;   {external_word}
  0x00007f24d3ba079f:   and    $0xfffffffffffffff0,%rsp
  0x00007f24d3ba07a3:   call   0x00007f24ebd91cc0           ;   {runtime_call MacroAssembler::debug64(char*, long, long*)}
  0x00007f24d3ba07a8:   hlt    
  0x00007f24d3ba07a9:   call   0x00007f24d34afe60           ;   {runtime_call DeoptimizationBlob}
[Deopt Handler Entry Point]
  0x00007f24d3ba07ae:   jmp    0x00007f24d3ba07a9
--------------------------------------------------------------------------------
[/Disassembly]
