----------------------------------- Assembly -----------------------------------

Compiled method (c2) 631   52       4       picocli.CommandLine$Model$Interpolator::findOpeningDollar (125 bytes)
 total in heap  [0x00007e51f7ba9908,0x00007e51f7ba9d18] = 1040
 main code      [0x00007e51f7ba9a00,0x00007e51f7ba9d00] = 768
 stub code      [0x00007e51f7ba9d00,0x00007e51f7ba9d08] = 8
 oops           [0x00007e51f7ba9d08,0x00007e51f7ba9d18] = 16
 mutable data [0x00007e519c0e2890,0x00007e519c0e2900] = 112
 relocation     [0x00007e519c0e2890,0x00007e519c0e28c8] = 56
 metadata       [0x00007e519c0e28c8,0x00007e519c0e2900] = 56
 immutable data [0x00007e519c0e2310,0x00007e519c0e287c] = 1388
 dependencies   [0x00007e519c0e2310,0x00007e519c0e2320] = 16
 nul chk table  [0x00007e519c0e2320,0x00007e519c0e2348] = 40
 scopes pcs     [0x00007e519c0e2348,0x00007e519c0e2658] = 784
 scopes data    [0x00007e519c0e2658,0x00007e519c0e2878] = 544

[Disassembly]
--------------------------------------------------------------------------------
[Constant Pool (empty)]

--------------------------------------------------------------------------------

[Instructions begin]
  0x00007e51f7ba9a00:   xchg   %ax,%ax
[Entry Point]
  # {method} {0x00007e51a8401360} &apos;findOpeningDollar&apos; &apos;(Ljava/lang/String;Ljava/lang/String;I)I&apos; in &apos;picocli/CommandLine$Model$Interpolator&apos;
  # this:     rsi:rsi   = &apos;picocli/CommandLine$Model$Interpolator&apos;
  # parm0:    rdx:rdx   = &apos;java/lang/String&apos;
  # parm1:    rcx:rcx   = &apos;java/lang/String&apos;
  # parm2:    r8        = int
  #           [sp+0x60]  (sp of caller)
  0x00007e51f7ba9a02:   mov    0x8(%rsi),%r10d
  0x00007e51f7ba9a06:   cmp    0x8(%rax),%r10d
  0x00007e51f7ba9a0a:   jne    0x00007e51f74ad6e0           ;   {runtime_call ic_miss_blob (shared runtime)}
[Verified Entry Point]
  0x00007e51f7ba9a10:   mov    %eax,-0x14000(%rsp)
  0x00007e51f7ba9a17:   push   %rbp
  0x00007e51f7ba9a18:   sub    $0x50,%rsp
  0x00007e51f7ba9a1c:   cmpl   $0x1,0x20(%r15)
  0x00007e51f7ba9a24:   jne    0x00007e51f7ba9cf2           ;*synchronization entry
                                                            ; - picocli.CommandLine$Model$Interpolator::findOpeningDollar@-1 (line 12396)
  0x00007e51f7ba9a2a:   vmovq  %rcx,%xmm0
  0x00007e51f7ba9a2f:   mov    %rdx,%rdi
  0x00007e51f7ba9a32:   mov    0x14(%rdx),%r11d             ; implicit exception: dispatches to 0x00007e51f7ba9cb4
                                                            ;*getfield value {reexecute=0 rethrow=0 return_oop=0}
                                                            ; - java.lang.String::length@1 (line 1744)
                                                            ; - picocli.CommandLine$Model$Interpolator::findOpeningDollar@12 (line 12398)
  0x00007e51f7ba9a36:   mov    0xc(%r12,%r11,8),%r10d       ; implicit exception: dispatches to 0x00007e51f7ba9cc8
                                                            ;*arraylength {reexecute=0 rethrow=0 return_oop=0}
                                                            ; - java.lang.String::length@4 (line 1744)
                                                            ; - picocli.CommandLine$Model$Interpolator::findOpeningDollar@12 (line 12398)
  0x00007e51f7ba9a3b:   movsbl 0x10(%rdx),%ecx              ;*getfield coder {reexecute=0 rethrow=0 return_oop=0}
                                                            ; - java.lang.String::coder@7 (line 5179)
                                                            ; - java.lang.String::length@6 (line 1744)
                                                            ; - picocli.CommandLine$Model$Interpolator::findOpeningDollar@12 (line 12398)
  0x00007e51f7ba9a3f:   sarx   %ecx,%r10d,%r14d             ;*ishr {reexecute=0 rethrow=0 return_oop=0}
                                                            ; - java.lang.String::length@9 (line 1744)
                                                            ; - picocli.CommandLine$Model$Interpolator::findOpeningDollar@12 (line 12398)
  0x00007e51f7ba9a44:   cmp    %r14d,%r8d
  0x00007e51f7ba9a47:   jge    0x00007e51f7ba9ad5           ;*if_icmpge {reexecute=0 rethrow=0 return_oop=0}
                                                            ; - picocli.CommandLine$Model$Interpolator::findOpeningDollar@15 (line 12398)
  0x00007e51f7ba9a4d:   test   %ecx,%ecx
  0x00007e51f7ba9a4f:   jne    0x00007e51f7ba9c3c
  0x00007e51f7ba9a55:   cmp    %r10d,%r8d
  0x00007e51f7ba9a58:   jae    0x00007e51f7ba9c3c
  0x00007e51f7ba9a5e:   lea    -0x1(%r14),%ecx
  0x00007e51f7ba9a62:   cmp    %r10d,%ecx
  0x00007e51f7ba9a65:   jae    0x00007e51f7ba9c3c
  0x00007e51f7ba9a6b:   lea    (%r12,%r11,8),%r9            ;*goto {reexecute=0 rethrow=0 return_oop=0}
                                                            ; - picocli.CommandLine$Model$Interpolator::findOpeningDollar@120 (line 12398)
  0x00007e51f7ba9a6f:   mov    $0x3e8,%esi
  0x00007e51f7ba9a74:   mov    $0xffffffff,%eax
  0x00007e51f7ba9a79:   xor    %r10d,%r10d
  0x00007e51f7ba9a7c:   mov    %r14d,%ebx
  0x00007e51f7ba9a7f:   sub    %r8d,%ebx
  0x00007e51f7ba9a82:   xor    %r11d,%r11d
  0x00007e51f7ba9a85:   cmp    %r8d,%r14d
  0x00007e51f7ba9a88:   cmovl  %r11d,%ebx
  0x00007e51f7ba9a8c:   cmp    $0x3e8,%ebx
  0x00007e51f7ba9a92:   cmova  %esi,%ebx
  0x00007e51f7ba9a95:   add    %r8d,%ebx
  0x00007e51f7ba9a98:   nopl   0x0(%rax,%rax,1)             ;*aload_1 {reexecute=0 rethrow=0 return_oop=0}
                                                            ; - picocli.CommandLine$Model$Interpolator::findOpeningDollar@18 (line 12399)
  0x00007e51f7ba9aa0:   mov    %r8d,%r11d                   ;*invokestatic checkIndex {reexecute=0 rethrow=0 return_oop=0}
                                                            ; - java.lang.String::checkIndex@5 (line 5198)
                                                            ; - java.lang.String::codePointAt@13 (line 1815)
                                                            ; - picocli.CommandLine$Model$Interpolator::findOpeningDollar@21 (line 12399)
  0x00007e51f7ba9aa3:   movzbl 0x10(%r9,%r11,1),%ecx        ;*iand {reexecute=0 rethrow=0 return_oop=0}
                                                            ; - java.lang.String::codePointAt@25 (line 1816)
                                                            ; - picocli.CommandLine$Model$Interpolator::findOpeningDollar@21 (line 12399)
  0x00007e51f7ba9aa9:   cmp    $0x24,%ecx
  0x00007e51f7ba9aac:   je     0x00007e51f7ba9b81           ;*if_icmpne {reexecute=0 rethrow=0 return_oop=0}
                                                            ; - picocli.CommandLine$Model$Interpolator::findOpeningDollar@30 (line 12400)
  0x00007e51f7ba9ab2:   xor    %r10d,%r10d                  ;*iload {reexecute=0 rethrow=0 return_oop=0}
                                                            ; - picocli.CommandLine$Model$Interpolator::findOpeningDollar@64 (line 12406)
  0x00007e51f7ba9ab5:   cmp    $0xffffffff,%eax
  0x00007e51f7ba9ab8:   jne    0x00007e51f7ba9aea           ;*if_icmpeq {reexecute=0 rethrow=0 return_oop=0}
                                                            ; - picocli.CommandLine$Model$Interpolator::findOpeningDollar@90 (line 12409)
  0x00007e51f7ba9aba:   mov    $0xffffffff,%eax             ;*if_icmpne {reexecute=0 rethrow=0 return_oop=0}
                                                            ; - picocli.CommandLine$Model$Interpolator::findOpeningDollar@104 (line 12409)
  0x00007e51f7ba9abf:   inc    %r8d                         ;*iadd {reexecute=0 rethrow=0 return_oop=0}
                                                            ; - picocli.CommandLine$Model$Interpolator::findOpeningDollar@117 (line 12398)
  0x00007e51f7ba9ac2:   cmp    %ebx,%r8d
  0x00007e51f7ba9ac5:   jl     0x00007e51f7ba9aa0           ;*if_icmpge {reexecute=0 rethrow=0 return_oop=0}
                                                            ; - picocli.CommandLine$Model$Interpolator::findOpeningDollar@15 (line 12398)
  0x00007e51f7ba9ac7:   mov    0x30(%r15),%rcx
  0x00007e51f7ba9acb:   inc    %r11d                        ; ImmutableOopMap {r9=Oop rdi=Oop xmm0=Oop }
                                                            ;*goto {reexecute=1 rethrow=0 return_oop=0}
                                                            ; - (reexecute) picocli.CommandLine$Model$Interpolator::findOpeningDollar@120 (line 12398)
  0x00007e51f7ba9ace:   test   %eax,(%rcx)                  ;*goto {reexecute=0 rethrow=0 return_oop=0}
                                                            ; - picocli.CommandLine$Model$Interpolator::findOpeningDollar@120 (line 12398)
                                                            ;   {poll}
  0x00007e51f7ba9ad0:   cmp    %r14d,%r8d
  0x00007e51f7ba9ad3:   jl     0x00007e51f7ba9a7c           ;*iconst_m1 {reexecute=0 rethrow=0 return_oop=0}
                                                            ; - picocli.CommandLine$Model$Interpolator::findOpeningDollar@123 (line 12413)
  0x00007e51f7ba9ad5:   mov    $0xffffffff,%eax             ;*arraylength {reexecute=0 rethrow=0 return_oop=0}
                                                            ; - java.lang.String::length@4 (line 1744)
                                                            ; - picocli.CommandLine$Model$Interpolator::findOpeningDollar@12 (line 12398)
  0x00007e51f7ba9ada:   add    $0x50,%rsp
  0x00007e51f7ba9ade:   pop    %rbp
  0x00007e51f7ba9adf:   cmp    0x28(%r15),%rsp              ;   {poll_return}
  0x00007e51f7ba9ae3:   ja     0x00007e51f7ba9cdc
  0x00007e51f7ba9ae9:   ret    
  0x00007e51f7ba9aea:   mov    %r11d,%edx
  0x00007e51f7ba9aed:   sub    %eax,%edx                    ;*isub {reexecute=0 rethrow=0 return_oop=0}
                                                            ; - picocli.CommandLine$Model$Interpolator::findOpeningDollar@77 (line 12406)
  0x00007e51f7ba9aef:   vmovq  %xmm0,%rbp
  0x00007e51f7ba9af4:   movsbl 0x10(%rbp),%r13d             ; implicit exception: dispatches to 0x00007e51f7ba9c8c
                                                            ;*getfield coder {reexecute=0 rethrow=0 return_oop=0}
                                                            ; - java.lang.String::isLatin1@7 (line 5187)
                                                            ; - java.lang.String::codePointAt@1 (line 1814)
                                                            ; - picocli.CommandLine$Model$Interpolator::findOpeningDollar@78 (line 12406)
  0x00007e51f7ba9af9:   test   %r13d,%r13d
  0x00007e51f7ba9afc:   jne    0x00007e51f7ba9c08           ;*ifne {reexecute=0 rethrow=0 return_oop=0}
                                                            ; - java.lang.String::isLatin1@10 (line 5187)
                                                            ; - java.lang.String::codePointAt@1 (line 1814)
                                                            ; - picocli.CommandLine$Model$Interpolator::findOpeningDollar@78 (line 12406)
  0x00007e51f7ba9b02:   vmovd  %r13d,%xmm2
  0x00007e51f7ba9b07:   vmovd  %edx,%xmm3
  0x00007e51f7ba9b0b:   vmovq  %rdi,%xmm1
  0x00007e51f7ba9b10:   mov    0x14(%rbp),%edi              ;*getfield value {reexecute=0 rethrow=0 return_oop=0}
                                                            ; - java.lang.String::codePointAt@9 (line 1815)
                                                            ; - picocli.CommandLine$Model$Interpolator::findOpeningDollar@78 (line 12406)
  0x00007e51f7ba9b13:   vmovd  %edi,%xmm5
  0x00007e51f7ba9b17:   mov    0xc(%r12,%rdi,8),%edi        ; implicit exception: dispatches to 0x00007e51f7ba9ca0
                                                            ;*arraylength {reexecute=0 rethrow=0 return_oop=0}
                                                            ; - java.lang.String::codePointAt@12 (line 1815)
                                                            ; - picocli.CommandLine$Model$Interpolator::findOpeningDollar@78 (line 12406)
  0x00007e51f7ba9b1c:   mov    %edi,0x10(%rsp)
  0x00007e51f7ba9b20:   cmp    0x10(%rsp),%edx
  0x00007e51f7ba9b24:   jae    0x00007e51f7ba9b9d
  0x00007e51f7ba9b26:   mov    %eax,%edi
  0x00007e51f7ba9b28:   mov    %r11d,%r13d
  0x00007e51f7ba9b2b:   mov    %r13d,%ebp
  0x00007e51f7ba9b2e:   sub    %edi,%ebp                    ;*invokestatic checkIndex {reexecute=0 rethrow=0 return_oop=0}
                                                            ; - java.lang.String::checkIndex@5 (line 5198)
                                                            ; - java.lang.String::codePointAt@13 (line 1815)
                                                            ; - picocli.CommandLine$Model$Interpolator::findOpeningDollar@78 (line 12406)
  0x00007e51f7ba9b30:   cmp    0x10(%rsp),%ebp
  0x00007e51f7ba9b34:   jae    0x00007e51f7ba9bd0
  0x00007e51f7ba9b3a:   movslq %edi,%rdx
  0x00007e51f7ba9b3d:   vmovd  %xmm5,%edi
  0x00007e51f7ba9b41:   shl    $0x3,%rdi
  0x00007e51f7ba9b45:   movslq %r13d,%rbp
  0x00007e51f7ba9b48:   sub    %rdx,%rbp
  0x00007e51f7ba9b4b:   movzbl 0x10(%rdi,%rbp,1),%edx
  0x00007e51f7ba9b50:   cmp    %edx,%ecx
  0x00007e51f7ba9b52:   je     0x00007e51f7ba9b5e           ;*if_icmpeq {reexecute=0 rethrow=0 return_oop=0}
                                                            ; - picocli.CommandLine$Model$Interpolator::findOpeningDollar@81 (line 12406)
  0x00007e51f7ba9b54:   vmovq  %xmm1,%rdi
  0x00007e51f7ba9b59:   jmp    0x00007e51f7ba9aba
  0x00007e51f7ba9b5e:   vmovd  %xmm2,%ecx
  0x00007e51f7ba9b62:   sarx   %ecx,0x10(%rsp),%ecx
  0x00007e51f7ba9b69:   dec    %ecx
  0x00007e51f7ba9b6b:   vmovd  %xmm3,%edi
  0x00007e51f7ba9b6f:   cmp    %ecx,%edi
  0x00007e51f7ba9b71:   je     0x00007e51f7ba9ada           ;*if_icmpne {reexecute=0 rethrow=0 return_oop=0}
                                                            ; - picocli.CommandLine$Model$Interpolator::findOpeningDollar@104 (line 12409)
  0x00007e51f7ba9b77:   vmovq  %xmm1,%rdi
  0x00007e51f7ba9b7c:   jmp    0x00007e51f7ba9abf
  0x00007e51f7ba9b81:   test   %r10d,%r10d
  0x00007e51f7ba9b84:   jne    0x00007e51f7ba9c64           ;*ifeq {reexecute=0 rethrow=0 return_oop=0}
                                                            ; - picocli.CommandLine$Model$Interpolator::findOpeningDollar@35 (line 12401)
  0x00007e51f7ba9b8a:   mov    %r11d,%eax
  0x00007e51f7ba9b8d:   mov    $0x24,%ecx
  0x00007e51f7ba9b92:   mov    $0x1,%r10d
  0x00007e51f7ba9b98:   jmp    0x00007e51f7ba9ab5
  0x00007e51f7ba9b9d:   mov    $0xffffffe4,%esi
  0x00007e51f7ba9ba2:   mov    %eax,%ebp
  0x00007e51f7ba9ba4:   mov    %r10d,(%rsp)
  0x00007e51f7ba9ba8:   mov    %r11d,0x8(%rsp)
  0x00007e51f7ba9bad:   mov    %ecx,0xc(%rsp)
  0x00007e51f7ba9bb1:   vmovsd %xmm1,0x18(%rsp)
  0x00007e51f7ba9bb7:   vmovsd %xmm0,0x28(%rsp)
  0x00007e51f7ba9bbd:   mov    %edx,0x30(%rsp)
  0x00007e51f7ba9bc1:   xchg   %ax,%ax
  0x00007e51f7ba9bc3:   call   0x00007e51f7584660           ; ImmutableOopMap {[24]=Oop [40]=Oop }
                                                            ;*invokestatic checkIndex {reexecute=0 rethrow=0 return_oop=0}
                                                            ; - java.lang.String::checkIndex@5 (line 5198)
                                                            ; - java.lang.String::codePointAt@13 (line 1815)
                                                            ; - picocli.CommandLine$Model$Interpolator::findOpeningDollar@78 (line 12406)
                                                            ;   {runtime_call UncommonTrapBlob}
  0x00007e51f7ba9bc8:   nopl   0x10002c0(%rax,%rax,1)       ;*invokestatic checkIndex {reexecute=0 rethrow=0 return_oop=0}
                                                            ; - java.lang.String::checkIndex@5 (line 5198)
                                                            ; - java.lang.String::codePointAt@13 (line 1815)
                                                            ; - picocli.CommandLine$Model$Interpolator::findOpeningDollar@78 (line 12406)
                                                            ;   {post_call_nop}
  0x00007e51f7ba9bd0:   mov    $0xffffffe4,%esi
  0x00007e51f7ba9bd5:   mov    %eax,(%rsp)
  0x00007e51f7ba9bd8:   mov    %r10d,0x4(%rsp)
  0x00007e51f7ba9bdd:   mov    %r11d,0xc(%rsp)
  0x00007e51f7ba9be2:   mov    %ecx,0x10(%rsp)
  0x00007e51f7ba9be6:   vmovsd %xmm1,0x18(%rsp)
  0x00007e51f7ba9bec:   vmovsd %xmm0,0x20(%rsp)
  0x00007e51f7ba9bf2:   vmovss %xmm5,0x14(%rsp)
  0x00007e51f7ba9bf8:   data16 xchg %ax,%ax
  0x00007e51f7ba9bfb:   call   0x00007e51f7584660           ; ImmutableOopMap {[20]=NarrowOop [24]=Oop [32]=Oop }
                                                            ;*baload {reexecute=0 rethrow=0 return_oop=0}
                                                            ; - java.lang.String::codePointAt@21 (line 1816)
                                                            ; - picocli.CommandLine$Model$Interpolator::findOpeningDollar@78 (line 12406)
                                                            ;   {runtime_call UncommonTrapBlob}
  0x00007e51f7ba9c00:   nopl   0x20002f8(%rax,%rax,1)       ;*baload {reexecute=0 rethrow=0 return_oop=0}
                                                            ; - java.lang.String::codePointAt@21 (line 1816)
                                                            ; - picocli.CommandLine$Model$Interpolator::findOpeningDollar@78 (line 12406)
                                                            ;   {post_call_nop}
  0x00007e51f7ba9c08:   mov    $0xffffff45,%esi
  0x00007e51f7ba9c0d:   mov    %eax,(%rsp)
  0x00007e51f7ba9c10:   mov    %r10d,0x4(%rsp)
  0x00007e51f7ba9c15:   mov    %r11d,0xc(%rsp)
  0x00007e51f7ba9c1a:   mov    %ecx,0x10(%rsp)
  0x00007e51f7ba9c1e:   mov    %rdi,0x18(%rsp)
  0x00007e51f7ba9c23:   mov    %edx,0x14(%rsp)
  0x00007e51f7ba9c27:   mov    %r13d,0x28(%rsp)
  0x00007e51f7ba9c2c:   data16 xchg %ax,%ax
  0x00007e51f7ba9c2f:   call   0x00007e51f7584660           ; ImmutableOopMap {rbp=Oop [24]=Oop }
                                                            ;*ifne {reexecute=1 rethrow=0 return_oop=0}
                                                            ; - (reexecute) java.lang.String::isLatin1@10 (line 5187)
                                                            ; - java.lang.String::codePointAt@1 (line 1814)
                                                            ; - picocli.CommandLine$Model$Interpolator::findOpeningDollar@78 (line 12406)
                                                            ;   {runtime_call UncommonTrapBlob}
  0x00007e51f7ba9c34:   nopl   0x300032c(%rax,%rax,1)       ;*if_icmpge {reexecute=0 rethrow=0 return_oop=0}
                                                            ; - picocli.CommandLine$Model$Interpolator::findOpeningDollar@15 (line 12398)
                                                            ;   {post_call_nop}
  0x00007e51f7ba9c3c:   mov    $0xffffff6e,%esi
  0x00007e51f7ba9c41:   mov    %r8d,(%rsp)
  0x00007e51f7ba9c45:   mov    %r14d,0x4(%rsp)
  0x00007e51f7ba9c4a:   mov    %rdx,0x8(%rsp)
  0x00007e51f7ba9c4f:   vmovsd %xmm0,0x10(%rsp)
  0x00007e51f7ba9c55:   xchg   %ax,%ax
  0x00007e51f7ba9c57:   call   0x00007e51f7584660           ; ImmutableOopMap {[8]=Oop [16]=Oop }
                                                            ;*if_icmpge {reexecute=1 rethrow=0 return_oop=0}
                                                            ; - (reexecute) picocli.CommandLine$Model$Interpolator::findOpeningDollar@15 (line 12398)
                                                            ;   {runtime_call UncommonTrapBlob}
  0x00007e51f7ba9c5c:   nopl   0x4000354(%rax,%rax,1)       ;*if_icmpge {reexecute=0 rethrow=0 return_oop=0}
                                                            ; - picocli.CommandLine$Model$Interpolator::findOpeningDollar@15 (line 12398)
                                                            ;   {post_call_nop}
  0x00007e51f7ba9c64:   mov    $0xffffff45,%esi
  0x00007e51f7ba9c69:   mov    %r11d,(%rsp)
  0x00007e51f7ba9c6d:   mov    %r10d,0x4(%rsp)
  0x00007e51f7ba9c72:   mov    %rdi,0x8(%rsp)
  0x00007e51f7ba9c77:   vmovsd %xmm0,0x10(%rsp)
  0x00007e51f7ba9c7d:   xchg   %ax,%ax
  0x00007e51f7ba9c7f:   call   0x00007e51f7584660           ; ImmutableOopMap {[8]=Oop [16]=Oop }
                                                            ;*ifeq {reexecute=1 rethrow=0 return_oop=0}
                                                            ; - (reexecute) picocli.CommandLine$Model$Interpolator::findOpeningDollar@35 (line 12401)
                                                            ;   {runtime_call UncommonTrapBlob}
  0x00007e51f7ba9c84:   nopl   0x500037c(%rax,%rax,1)       ;*ifeq {reexecute=0 rethrow=0 return_oop=0}
                                                            ; - picocli.CommandLine$Model$Interpolator::findOpeningDollar@35 (line 12401)
                                                            ;   {post_call_nop}
  0x00007e51f7ba9c8c:   mov    $0xfffffff6,%esi
  0x00007e51f7ba9c91:   mov    %edx,%ebp
  0x00007e51f7ba9c93:   call   0x00007e51f7584660           ; ImmutableOopMap {}
                                                            ;*invokevirtual codePointAt {reexecute=0 rethrow=0 return_oop=0}
                                                            ; - picocli.CommandLine$Model$Interpolator::findOpeningDollar@78 (line 12406)
                                                            ;   {runtime_call UncommonTrapBlob}
  0x00007e51f7ba9c98:   nopl   0x6000390(%rax,%rax,1)       ;*invokevirtual codePointAt {reexecute=0 rethrow=0 return_oop=0}
                                                            ; - picocli.CommandLine$Model$Interpolator::findOpeningDollar@78 (line 12406)
                                                            ;   {post_call_nop}
  0x00007e51f7ba9ca0:   mov    $0xfffffff6,%esi
  0x00007e51f7ba9ca5:   xchg   %ax,%ax
  0x00007e51f7ba9ca7:   call   0x00007e51f7584660           ; ImmutableOopMap {}
                                                            ;*arraylength {reexecute=0 rethrow=0 return_oop=0}
                                                            ; - java.lang.String::codePointAt@12 (line 1815)
                                                            ; - picocli.CommandLine$Model$Interpolator::findOpeningDollar@78 (line 12406)
                                                            ;   {runtime_call UncommonTrapBlob}
  0x00007e51f7ba9cac:   nopl   0x70003a4(%rax,%rax,1)       ;*arraylength {reexecute=0 rethrow=0 return_oop=0}
                                                            ; - java.lang.String::codePointAt@12 (line 1815)
                                                            ; - picocli.CommandLine$Model$Interpolator::findOpeningDollar@78 (line 12406)
                                                            ;   {post_call_nop}
  0x00007e51f7ba9cb4:   mov    $0xfffffff6,%esi
  0x00007e51f7ba9cb9:   xchg   %ax,%ax
  0x00007e51f7ba9cbb:   call   0x00007e51f7584660           ; ImmutableOopMap {}
                                                            ;*invokevirtual length {reexecute=0 rethrow=0 return_oop=0}
                                                            ; - picocli.CommandLine$Model$Interpolator::findOpeningDollar@12 (line 12398)
                                                            ;   {runtime_call UncommonTrapBlob}
  0x00007e51f7ba9cc0:   nopl   0x80003b8(%rax,%rax,1)       ;*invokevirtual length {reexecute=0 rethrow=0 return_oop=0}
                                                            ; - picocli.CommandLine$Model$Interpolator::findOpeningDollar@12 (line 12398)
                                                            ;   {post_call_nop}
  0x00007e51f7ba9cc8:   mov    $0xfffffff6,%esi
  0x00007e51f7ba9ccd:   xchg   %ax,%ax
  0x00007e51f7ba9ccf:   call   0x00007e51f7584660           ; ImmutableOopMap {}
                                                            ;*arraylength {reexecute=0 rethrow=0 return_oop=0}
                                                            ; - java.lang.String::length@4 (line 1744)
                                                            ; - picocli.CommandLine$Model$Interpolator::findOpeningDollar@12 (line 12398)
                                                            ;   {runtime_call UncommonTrapBlob}
  0x00007e51f7ba9cd4:   nopl   0x90003cc(%rax,%rax,1)       ;*arraylength {reexecute=0 rethrow=0 return_oop=0}
                                                            ; - java.lang.String::length@4 (line 1744)
                                                            ; - picocli.CommandLine$Model$Interpolator::findOpeningDollar@12 (line 12398)
                                                            ;   {post_call_nop}
  0x00007e51f7ba9cdc:   movabs $0x7e51f7ba9adf,%r10         ;   {internal_word}
  0x00007e51f7ba9ce6:   mov    %r10,0x510(%r15)
  0x00007e51f7ba9ced:   jmp    0x00007e51f74afb60           ;   {runtime_call SafepointBlob}
  0x00007e51f7ba9cf2:   call   Stub::method_entry_barrier_stub (stub gen)
                                                            ;   {runtime_call Stub::method_entry_barrier_stub (stub gen)}
  0x00007e51f7ba9cf7:   jmp    0x00007e51f7ba9a2a
  0x00007e51f7ba9cfc:   hlt    
  0x00007e51f7ba9cfd:   hlt    
  0x00007e51f7ba9cfe:   hlt    
  0x00007e51f7ba9cff:   hlt    
[Stub Code]
  0x00007e51f7ba9d00:   call   0x00007e51f74afe60           ;   {runtime_call DeoptimizationBlob}
[Deopt Handler Entry Point]
  0x00007e51f7ba9d05:   jmp    0x00007e51f7ba9d00
  0x00007e51f7ba9d07:   hlt    
--------------------------------------------------------------------------------
[/Disassembly]
