
============================= C1-compiled nmethod ==============================
----------------------------------- Assembly -----------------------------------

Compiled method (c1) 599   53       3       picocli.CommandLine$Model$CaseAwareLinkedMap::getCaseSensitiveKey (26 bytes)
 total in heap  [0x0000762357fff008,0x0000762357fff368] = 864
 main code      [0x0000762357fff100,0x0000762357fff318] = 536
 stub code      [0x0000762357fff318,0x0000762357fff360] = 72
 oops           [0x0000762357fff360,0x0000762357fff368] = 8
 mutable data [0x00007622f8024ec0,0x00007622f8024f28] = 104
 relocation     [0x00007622f8024ec0,0x00007622f8024f18] = 88
 metadata       [0x00007622f8024f18,0x00007622f8024f28] = 16
 immutable data [0x00007622f8024d50,0x00007622f8024eb4] = 356
 dependencies   [0x00007622f8024d50,0x00007622f8024d58] = 8
 nul chk table  [0x00007622f8024d58,0x00007622f8024d68] = 16
 scopes pcs     [0x00007622f8024d68,0x00007622f8024e58] = 240
 scopes data    [0x00007622f8024e58,0x00007622f8024eb0] = 88

[Disassembly]
--------------------------------------------------------------------------------
[Constant Pool (empty)]

--------------------------------------------------------------------------------

[Instructions begin]
  0x0000762357fff100:   data16 data16 nopw 0x0(%rax,%rax,1)
  0x0000762357fff10b:   data16 data16 xchg %ax,%ax
  0x0000762357fff10f:   data16 xchg %ax,%ax
[Entry Point]
  # {method} {0x0000762310401138} &apos;getCaseSensitiveKey&apos; &apos;(Ljava/lang/Object;)Ljava/lang/Object;&apos; in &apos;picocli/CommandLine$Model$CaseAwareLinkedMap&apos;
  # this:     rsi:rsi   = &apos;picocli/CommandLine$Model$CaseAwareLinkedMap&apos;
  # parm0:    rdx:rdx   = &apos;java/lang/Object&apos;
  #           [sp+0x40]  (sp of caller)
  0x0000762357fff112:   mov    0x8(%rsi),%r10d
  0x0000762357fff116:   cmp    0x8(%rax),%r10d
  0x0000762357fff11a:   jne    0x000076235f4ad6e0           ;   {runtime_call ic_miss_blob (shared runtime)}
[Verified Entry Point]
  0x0000762357fff120:   mov    %eax,-0x14000(%rsp)
  0x0000762357fff127:   push   %rbp
  0x0000762357fff128:   sub    $0x30,%rsp
  0x0000762357fff12c:   cmpl   $0x1,0x20(%r15)
  0x0000762357fff134:   je     0x0000762357fff13b
  0x0000762357fff136:   call   Stub::method_entry_barrier_stub (stub gen)
                                                            ;   {runtime_call Stub::method_entry_barrier_stub (stub gen)}
  0x0000762357fff13b:   movabs $0x7623104e9a70,%rax         ;   {metadata(method data for {method} {0x0000762310401138} &apos;getCaseSensitiveKey&apos; &apos;(Ljava/lang/Object;)Ljava/lang/Object;&apos; in &apos;picocli/CommandLine$Model$CaseAwareLinkedMap&apos;)}
  0x0000762357fff145:   mov    0x90(%rax),%edi
  0x0000762357fff14b:   add    $0x2,%edi
  0x0000762357fff14e:   mov    %edi,0x90(%rax)
  0x0000762357fff154:   and    $0x7fe,%edi
  0x0000762357fff15a:   test   %edi,%edi
  0x0000762357fff15c:   je     0x0000762357fff29c           ;*aload_1 {reexecute=0 rethrow=0 return_oop=0}
                                                            ; - picocli.CommandLine$Model$CaseAwareLinkedMap::getCaseSensitiveKey@0 (line 6141)
  0x0000762357fff162:   test   %rdx,%rdx
  0x0000762357fff165:   movabs $0x7623104e9a70,%rax         ;   {metadata(method data for {method} {0x0000762310401138} &apos;getCaseSensitiveKey&apos; &apos;(Ljava/lang/Object;)Ljava/lang/Object;&apos; in &apos;picocli/CommandLine$Model$CaseAwareLinkedMap&apos;)}
  0x0000762357fff16f:   mov    $0xd8,%edi
  0x0000762357fff174:   je     0x0000762357fff17b
  0x0000762357fff176:   mov    $0xe8,%edi
  0x0000762357fff17b:   mov    (%rax,%rdi,1),%rbx
  0x0000762357fff17f:   lea    0x1(%rbx),%rbx
  0x0000762357fff183:   mov    %rbx,(%rax,%rdi,1)
  0x0000762357fff187:   je     0x0000762357fff1bb           ;*ifnull {reexecute=0 rethrow=0 return_oop=0}
                                                            ; - picocli.CommandLine$Model$CaseAwareLinkedMap::getCaseSensitiveKey@1 (line 6141)
  0x0000762357fff18d:   movsbl 0x24(%rsi),%eax              ;*getfield caseInsensitive {reexecute=0 rethrow=0 return_oop=0}
                                                            ; - picocli.CommandLine$Model$CaseAwareLinkedMap::getCaseSensitiveKey@5 (line 6141)
  0x0000762357fff191:   test   %eax,%eax
  0x0000762357fff193:   movabs $0x7623104e9a70,%rax         ;   {metadata(method data for {method} {0x0000762310401138} &apos;getCaseSensitiveKey&apos; &apos;(Ljava/lang/Object;)Ljava/lang/Object;&apos; in &apos;picocli/CommandLine$Model$CaseAwareLinkedMap&apos;)}
  0x0000762357fff19d:   mov    $0x108,%edi
  0x0000762357fff1a2:   jne    0x0000762357fff1a9
  0x0000762357fff1a4:   mov    $0xf8,%edi
  0x0000762357fff1a9:   mov    (%rax,%rdi,1),%rbx
  0x0000762357fff1ad:   lea    0x1(%rbx),%rbx
  0x0000762357fff1b1:   mov    %rbx,(%rax,%rdi,1)
  0x0000762357fff1b5:   jne    0x0000762357fff1ce           ;*ifeq {reexecute=0 rethrow=0 return_oop=0}
                                                            ; - picocli.CommandLine$Model$CaseAwareLinkedMap::getCaseSensitiveKey@8 (line 6141)
  0x0000762357fff1bb:   mov    %rdx,%rax
  0x0000762357fff1be:   add    $0x30,%rsp
  0x0000762357fff1c2:   pop    %rbp
  0x0000762357fff1c3:   cmp    0x28(%r15),%rsp              ;   {poll_return}
  0x0000762357fff1c7:   ja     0x0000762357fff2bd
  0x0000762357fff1cd:   ret                                 ;*areturn {reexecute=0 rethrow=0 return_oop=0}
                                                            ; - picocli.CommandLine$Model$CaseAwareLinkedMap::getCaseSensitiveKey@25 (line 6144)
  0x0000762357fff1ce:   mov    0x18(%rsi),%edi
  0x0000762357fff1d1:   shl    $0x3,%rdi                    ;*getfield keyMap {reexecute=0 rethrow=0 return_oop=0}
                                                            ; - picocli.CommandLine$Model$CaseAwareLinkedMap::getCaseSensitiveKey@12 (line 6142)
  0x0000762357fff1d5:   mov    %rsi,%rbx
  0x0000762357fff1d8:   movabs $0x7623104e9a70,%rax         ;   {metadata(method data for {method} {0x0000762310401138} &apos;getCaseSensitiveKey&apos; &apos;(Ljava/lang/Object;)Ljava/lang/Object;&apos; in &apos;picocli/CommandLine$Model$CaseAwareLinkedMap&apos;)}
  0x0000762357fff1e2:   addq   $0x1,0x118(%rax)
  0x0000762357fff1ea:   mov    %rdi,0x20(%rsp)
  0x0000762357fff1ef:   call   0x000076235f4ad9e0           ; ImmutableOopMap {[32]=Oop }
                                                            ;*invokespecial toLowerCase {reexecute=0 rethrow=0 return_oop=0}
                                                            ; - picocli.CommandLine$Model$CaseAwareLinkedMap::getCaseSensitiveKey@17 (line 6142)
                                                            ;   {optimized virtual_call}
  0x0000762357fff1f4:   nopl   0x1ec(%rax,%rax,1)           ;*invokespecial toLowerCase {reexecute=0 rethrow=0 return_oop=0}
                                                            ; - picocli.CommandLine$Model$CaseAwareLinkedMap::getCaseSensitiveKey@17 (line 6142)
                                                            ;   {post_call_nop}
  0x0000762357fff1fc:   mov    0x20(%rsp),%rdi
  0x0000762357fff201:   cmp    (%rdi),%rax                  ; implicit exception: dispatches to 0x0000762357fff2d3
  0x0000762357fff204:   mov    %rdi,%rdx
  0x0000762357fff207:   movabs $0x7623104e9a70,%rsi         ;   {metadata(method data for {method} {0x0000762310401138} &apos;getCaseSensitiveKey&apos; &apos;(Ljava/lang/Object;)Ljava/lang/Object;&apos; in &apos;picocli/CommandLine$Model$CaseAwareLinkedMap&apos;)}
  0x0000762357fff211:   mov    0x8(%rdx),%edx
  0x0000762357fff214:   mov    $0x11000000,%r10d
  0x0000762357fff21a:   add    %r10,%rdx
  0x0000762357fff21d:   mov    $0x26,%r10d
  0x0000762357fff223:   cmp    (%rsi,%r10,8),%rdx
  0x0000762357fff227:   je     0x0000762357fff260
  0x0000762357fff229:   add    $0x2,%r10
  0x0000762357fff22d:   cmp    $0x2a,%r10
  0x0000762357fff231:   jne    0x0000762357fff223
  0x0000762357fff233:   mov    $0x26,%r10d
  0x0000762357fff239:   cmpq   $0x0,(%rsi,%r10,8)
  0x0000762357fff23e:   je     0x0000762357fff24c
  0x0000762357fff240:   add    $0x2,%r10
  0x0000762357fff244:   cmp    $0x2a,%r10
  0x0000762357fff248:   jne    0x0000762357fff239
  0x0000762357fff24a:   jmp    0x0000762357fff258
  0x0000762357fff24c:   push   %rax
  0x0000762357fff24d:   xor    %rax,%rax
  0x0000762357fff250:   cmpxchg %rdx,(%rsi,%r10,8)
  0x0000762357fff255:   pop    %rax
  0x0000762357fff256:   jmp    0x0000762357fff21d
  0x0000762357fff258:   mov    $0x25,%r10d
  0x0000762357fff25e:   jmp    0x0000762357fff264
  0x0000762357fff260:   add    $0x1,%r10
  0x0000762357fff264:   addq   $0x1,(%rsi,%r10,8)
  0x0000762357fff269:   mov    %rax,%rdx
  0x0000762357fff26c:   mov    %rdi,%rsi                    ;*invokevirtual get {reexecute=0 rethrow=0 return_oop=0}
                                                            ; - picocli.CommandLine$Model$CaseAwareLinkedMap::getCaseSensitiveKey@20 (line 6142)
  0x0000762357fff26f:   nopw   0x0(%rax,%rax,1)
  0x0000762357fff275:   movabs $0x7622f8024fa0,%rax
  0x0000762357fff27f:   call   0x000076235f4adce0           ; ImmutableOopMap {}
                                                            ;*invokevirtual get {reexecute=0 rethrow=0 return_oop=0}
                                                            ; - picocli.CommandLine$Model$CaseAwareLinkedMap::getCaseSensitiveKey@20 (line 6142)
                                                            ;   {virtual_call}
  0x0000762357fff284:   nopl   0x100027c(%rax,%rax,1)       ;*invokevirtual get {reexecute=0 rethrow=0 return_oop=0}
                                                            ; - picocli.CommandLine$Model$CaseAwareLinkedMap::getCaseSensitiveKey@20 (line 6142)
                                                            ;   {post_call_nop}
  0x0000762357fff28c:   add    $0x30,%rsp
  0x0000762357fff290:   pop    %rbp
  0x0000762357fff291:   cmp    0x28(%r15),%rsp              ;   {poll_return}
  0x0000762357fff295:   ja     0x0000762357fff2d8
  0x0000762357fff29b:   ret    
  0x0000762357fff29c:   movabs $0x762310401138,%r10         ;   {metadata({method} {0x0000762310401138} &apos;getCaseSensitiveKey&apos; &apos;(Ljava/lang/Object;)Ljava/lang/Object;&apos; in &apos;picocli/CommandLine$Model$CaseAwareLinkedMap&apos;)}
  0x0000762357fff2a6:   mov    %r10,0x8(%rsp)
  0x0000762357fff2ab:   movq   $0xffffffffffffffff,(%rsp)
  0x0000762357fff2b3:   call   0x000076235f5826e0           ; ImmutableOopMap {rsi=Oop rdx=Oop }
                                                            ;*synchronization entry
                                                            ; - picocli.CommandLine$Model$CaseAwareLinkedMap::getCaseSensitiveKey@-1 (line 6141)
                                                            ;   {runtime_call counter_overflow_blob (C1 runtime)}
  0x0000762357fff2b8:   jmp    0x0000762357fff162
  0x0000762357fff2bd:   movabs $0x762357fff1c3,%r10         ;   {internal_word}
  0x0000762357fff2c7:   mov    %r10,0x510(%r15)
  0x0000762357fff2ce:   jmp    0x000076235f4afb60           ;   {runtime_call SafepointBlob}
  0x0000762357fff2d3:   call   0x000076235f57bd60           ; ImmutableOopMap {rax=Oop rdi=Oop }
                                                            ;*invokevirtual get {reexecute=0 rethrow=0 return_oop=0}
                                                            ; - picocli.CommandLine$Model$CaseAwareLinkedMap::getCaseSensitiveKey@20 (line 6142)
                                                            ;   {runtime_call throw_null_pointer_exception_blob (C1 runtime)}
  0x0000762357fff2d8:   movabs $0x762357fff291,%r10         ;   {internal_word}
  0x0000762357fff2e2:   mov    %r10,0x510(%r15)
  0x0000762357fff2e9:   jmp    0x000076235f4afb60           ;   {runtime_call SafepointBlob}
  0x0000762357fff2ee:   mov    0x5c0(%r15),%rax
  0x0000762357fff2f5:   movq   $0x0,0x5c0(%r15)
  0x0000762357fff300:   movq   $0x0,0x5c8(%r15)
  0x0000762357fff30b:   add    $0x30,%rsp
  0x0000762357fff30f:   pop    %rbp
  0x0000762357fff310:   jmp    0x000076235f57ae60           ;   {runtime_call unwind_exception_blob (C1 runtime)}
  0x0000762357fff315:   hlt    
  0x0000762357fff316:   hlt    
  0x0000762357fff317:   hlt    
[Stub Code]
  0x0000762357fff318:   nopl   0x0(%rax,%rax,1)             ;   {other}
  0x0000762357fff31d:   movabs $0x0,%rbx                    ;   {static_stub}
  0x0000762357fff327:   jmp    0x0000762357fff327           ;   {runtime_call nmethod}
  0x0000762357fff32c:   movabs $0x0,%rbx                    ;   {static_stub}
  0x0000762357fff336:   jmp    0x0000762357fff336           ;   {runtime_call nmethod}
[Exception Handler]
  0x0000762357fff33b:   call   0x000076235f57e460           ;   {runtime_call handle_exception_from_callee_blob (C1 runtime)}
  0x0000762357fff340:   movabs $0x76237613aec4,%rdi         ;   {external_word}
  0x0000762357fff34a:   and    $0xfffffffffffffff0,%rsp
  0x0000762357fff34e:   call   0x0000762375b91cc0           ;   {runtime_call MacroAssembler::debug64(char*, long, long*)}
  0x0000762357fff353:   hlt    
  0x0000762357fff354:   call   0x000076235f4afe60           ;   {runtime_call DeoptimizationBlob}
[Deopt Handler Entry Point]
  0x0000762357fff359:   jmp    0x0000762357fff354
  0x0000762357fff35b:   hlt    
  0x0000762357fff35c:   hlt    
  0x0000762357fff35d:   hlt    
  0x0000762357fff35e:   hlt    
  0x0000762357fff35f:   hlt    
--------------------------------------------------------------------------------
[/Disassembly]
