
============================= C1-compiled nmethod ==============================
----------------------------------- Assembly -----------------------------------

Compiled method (c1) 663   53       3       picocli.CommandLine$Model$TypedMember::isParameter (7 bytes)
 total in heap  [0x00007bea73fff008,0x00007bea73fff470] = 1128
 main code      [0x00007bea73fff100,0x00007bea73fff428] = 808
 stub code      [0x00007bea73fff428,0x00007bea73fff460] = 56
 oops           [0x00007bea73fff460,0x00007bea73fff470] = 16
 mutable data [0x00007bea1802ce40,0x00007bea1802cec8] = 136
 relocation     [0x00007bea1802ce40,0x00007bea1802ce98] = 88
 metadata       [0x00007bea1802ce98,0x00007bea1802cec8] = 48
 immutable data [0x00007bea180011f0,0x00007bea18001384] = 404
 dependencies   [0x00007bea180011f0,0x00007bea18001200] = 16
 nul chk table  [0x00007bea18001200,0x00007bea18001210] = 16
 scopes pcs     [0x00007bea18001210,0x00007bea18001300] = 240
 scopes data    [0x00007bea18001300,0x00007bea18001380] = 128

[Disassembly]
--------------------------------------------------------------------------------
[Constant Pool (empty)]

--------------------------------------------------------------------------------

[Instructions begin]
  0x00007bea73fff100:   data16 data16 nopw 0x0(%rax,%rax,1)
  0x00007bea73fff10b:   data16 data16 xchg %ax,%ax
  0x00007bea73fff10f:   data16 xchg %ax,%ax
[Entry Point]
  # {method} {0x00007bea304039b8} &apos;isParameter&apos; &apos;()Z&apos; in &apos;picocli/CommandLine$Model$TypedMember&apos;
  #           [sp+0x80]  (sp of caller)
  0x00007bea73fff112:   mov    0x8(%rsi),%r10d
  0x00007bea73fff116:   cmp    0x8(%rax),%r10d
  0x00007bea73fff11a:   jne    0x00007bea7b4ad6e0           ;   {runtime_call ic_miss_blob (shared runtime)}
[Verified Entry Point]
  0x00007bea73fff120:   mov    %eax,-0x14000(%rsp)
  0x00007bea73fff127:   push   %rbp
  0x00007bea73fff128:   sub    $0x70,%rsp
  0x00007bea73fff12c:   cmpl   $0x1,0x20(%r15)
  0x00007bea73fff134:   je     0x00007bea73fff13b
  0x00007bea73fff136:   call   Stub::method_entry_barrier_stub (stub gen)
                                                            ;   {runtime_call Stub::method_entry_barrier_stub (stub gen)}
  0x00007bea73fff13b:   movabs $0x7bea304f8200,%rdx         ;   {metadata(method data for {method} {0x00007bea304039b8} &apos;isParameter&apos; &apos;()Z&apos; in &apos;picocli/CommandLine$Model$TypedMember&apos;)}
  0x00007bea73fff145:   mov    0x90(%rdx),%edi
  0x00007bea73fff14b:   add    $0x2,%edi
  0x00007bea73fff14e:   mov    %edi,0x90(%rdx)
  0x00007bea73fff154:   and    $0x7fe,%edi
  0x00007bea73fff15a:   test   %edi,%edi
  0x00007bea73fff15c:   je     0x00007bea73fff362           ;*aload_0 {reexecute=0 rethrow=0 return_oop=0}
                                                            ; - picocli.CommandLine$Model$TypedMember::isParameter@0 (line 11510)
  0x00007bea73fff162:   mov    %rsi,%rdx
  0x00007bea73fff165:   movabs $0x7bea304f8200,%rdi         ;   {metadata(method data for {method} {0x00007bea304039b8} &apos;isParameter&apos; &apos;()Z&apos; in &apos;picocli/CommandLine$Model$TypedMember&apos;)}
  0x00007bea73fff16f:   addq   $0x1,0xe8(%rdi)
  0x00007bea73fff177:   movabs $0x7bea304f80b0,%rdx         ;   {metadata(method data for {method} {0x00007bea30403620} &apos;isAnnotationPresent&apos; &apos;(Ljava/lang/Class;)Z&apos; in &apos;picocli/CommandLine$Model$TypedMember&apos;)}
  0x00007bea73fff181:   mov    0x90(%rdx),%edi
  0x00007bea73fff187:   add    $0x2,%edi
  0x00007bea73fff18a:   mov    %edi,0x90(%rdx)
  0x00007bea73fff190:   and    $0x1ffffe,%edi
  0x00007bea73fff196:   test   %edi,%edi
  0x00007bea73fff198:   je     0x00007bea73fff383
  0x00007bea73fff19e:   mov    0xc(%rsi),%esi
  0x00007bea73fff1a1:   shl    $0x3,%rsi                    ;*getfield accessible {reexecute=0 rethrow=0 return_oop=0}
                                                            ; - picocli.CommandLine$Model$TypedMember::isAnnotationPresent@1 (line 11505)
                                                            ; - picocli.CommandLine$Model$TypedMember::isParameter@3 (line 11510)
  0x00007bea73fff1a5:   cmp    (%rsi),%rax                  ; implicit exception: dispatches to 0x00007bea73fff3a4
                                                            ;*invokevirtual isAnnotationPresent {reexecute=0 rethrow=0 return_oop=0}
                                                            ; - picocli.CommandLine$Model$TypedMember::isAnnotationPresent@5 (line 11505)
                                                            ; - picocli.CommandLine$Model$TypedMember::isParameter@3 (line 11510)
  0x00007bea73fff1a8:   mov    %rsi,%rdx
  0x00007bea73fff1ab:   movabs $0x7bea304f80b0,%rdi         ;   {metadata(method data for {method} {0x00007bea30403620} &apos;isAnnotationPresent&apos; &apos;(Ljava/lang/Class;)Z&apos; in &apos;picocli/CommandLine$Model$TypedMember&apos;)}
  0x00007bea73fff1b5:   mov    0x8(%rdx),%edx
  0x00007bea73fff1b8:   mov    $0x20000000,%r10d
  0x00007bea73fff1be:   add    %r10,%rdx
  0x00007bea73fff1c1:   mov    $0x1c,%r10d
  0x00007bea73fff1c7:   cmp    (%rdi,%r10,8),%rdx
  0x00007bea73fff1cb:   je     0x00007bea73fff204
  0x00007bea73fff1cd:   add    $0x2,%r10
  0x00007bea73fff1d1:   cmp    $0x20,%r10
  0x00007bea73fff1d5:   jne    0x00007bea73fff1c7
  0x00007bea73fff1d7:   mov    $0x1c,%r10d
  0x00007bea73fff1dd:   cmpq   $0x0,(%rdi,%r10,8)
  0x00007bea73fff1e2:   je     0x00007bea73fff1f0
  0x00007bea73fff1e4:   add    $0x2,%r10
  0x00007bea73fff1e8:   cmp    $0x20,%r10
  0x00007bea73fff1ec:   jne    0x00007bea73fff1dd
  0x00007bea73fff1ee:   jmp    0x00007bea73fff1fc
  0x00007bea73fff1f0:   push   %rax
  0x00007bea73fff1f1:   xor    %rax,%rax
  0x00007bea73fff1f4:   cmpxchg %rdx,(%rdi,%r10,8)
  0x00007bea73fff1f9:   pop    %rax
  0x00007bea73fff1fa:   jmp    0x00007bea73fff1c1
  0x00007bea73fff1fc:   mov    $0x1b,%r10d
  0x00007bea73fff202:   jmp    0x00007bea73fff208
  0x00007bea73fff204:   add    $0x1,%r10
  0x00007bea73fff208:   addq   $0x1,(%rdi,%r10,8)
  0x00007bea73fff20d:   movabs $0x7bea30318d48,%rdx         ;   {metadata(method data for {method} {0x00000000201aaf40} &apos;isAnnotationPresent&apos; &apos;(Ljava/lang/Class;)Z&apos; in &apos;java/lang/reflect/AccessibleObject&apos;)}
  0x00007bea73fff217:   mov    0x90(%rdx),%edi
  0x00007bea73fff21d:   add    $0x2,%edi
  0x00007bea73fff220:   mov    %edi,0x90(%rdx)
  0x00007bea73fff226:   and    $0x1ffffe,%edi
  0x00007bea73fff22c:   test   %edi,%edi
  0x00007bea73fff22e:   je     0x00007bea73fff3a9
  0x00007bea73fff234:   mov    %rsi,%rdx
  0x00007bea73fff237:   movabs $0x7bea30318d48,%rdi         ;   {metadata(method data for {method} {0x00000000201aaf40} &apos;isAnnotationPresent&apos; &apos;(Ljava/lang/Class;)Z&apos; in &apos;java/lang/reflect/AccessibleObject&apos;)}
  0x00007bea73fff241:   addq   $0x1,0xd8(%rdi)
  0x00007bea73fff249:   movabs $0x7bea30318e58,%rdx         ;   {metadata(method data for {method} {0x0000000020186770} &apos;isAnnotationPresent&apos; &apos;(Ljava/lang/Class;)Z&apos; in &apos;java/lang/reflect/AnnotatedElement&apos;)}
  0x00007bea73fff253:   mov    0x90(%rdx),%edi
  0x00007bea73fff259:   add    $0x2,%edi
  0x00007bea73fff25c:   mov    %edi,0x90(%rdx)
  0x00007bea73fff262:   and    $0x1ffffe,%edi
  0x00007bea73fff268:   test   %edi,%edi
  0x00007bea73fff26a:   je     0x00007bea73fff3ca
  0x00007bea73fff270:   mov    %rsi,%rdx
  0x00007bea73fff273:   movabs $0x7bea30318e58,%rdi         ;   {metadata(method data for {method} {0x0000000020186770} &apos;isAnnotationPresent&apos; &apos;(Ljava/lang/Class;)Z&apos; in &apos;java/lang/reflect/AnnotatedElement&apos;)}
  0x00007bea73fff27d:   mov    0x8(%rdx),%edx
  0x00007bea73fff280:   mov    $0x20000000,%r10d
  0x00007bea73fff286:   add    %r10,%rdx
  0x00007bea73fff289:   mov    $0x1c,%r10d
  0x00007bea73fff28f:   cmp    (%rdi,%r10,8),%rdx
  0x00007bea73fff293:   je     0x00007bea73fff2cc
  0x00007bea73fff295:   add    $0x2,%r10
  0x00007bea73fff299:   cmp    $0x20,%r10
  0x00007bea73fff29d:   jne    0x00007bea73fff28f
  0x00007bea73fff29f:   mov    $0x1c,%r10d
  0x00007bea73fff2a5:   cmpq   $0x0,(%rdi,%r10,8)
  0x00007bea73fff2aa:   je     0x00007bea73fff2b8
  0x00007bea73fff2ac:   add    $0x2,%r10
  0x00007bea73fff2b0:   cmp    $0x20,%r10
  0x00007bea73fff2b4:   jne    0x00007bea73fff2a5
  0x00007bea73fff2b6:   jmp    0x00007bea73fff2c4
  0x00007bea73fff2b8:   push   %rax
  0x00007bea73fff2b9:   xor    %rax,%rax
  0x00007bea73fff2bc:   cmpxchg %rdx,(%rdi,%r10,8)
  0x00007bea73fff2c1:   pop    %rax
  0x00007bea73fff2c2:   jmp    0x00007bea73fff289
  0x00007bea73fff2c4:   mov    $0x1b,%r10d
  0x00007bea73fff2ca:   jmp    0x00007bea73fff2d0
  0x00007bea73fff2cc:   add    $0x1,%r10
  0x00007bea73fff2d0:   addq   $0x1,(%rdi,%r10,8)
  0x00007bea73fff2d5:   movabs $0x4200421d8,%rdx            ;   {oop(a &apos;java/lang/Class&apos;{0x00000004200421d8} = &apos;picocli/CommandLine$Parameters&apos;)}
  0x00007bea73fff2df:   nopw   0x0(%rax,%rax,1)
  0x00007bea73fff2e5:   movabs $0x7bea1802cf60,%rax
  0x00007bea73fff2ef:   call   0x00007bea7b4adce0           ; ImmutableOopMap {}
                                                            ;*invokeinterface getAnnotation {reexecute=0 rethrow=0 return_oop=0}
                                                            ; - java.lang.reflect.AnnotatedElement::isAnnotationPresent@2 (line 291)
                                                            ; - java.lang.reflect.AccessibleObject::isAnnotationPresent@2 (line 505)
                                                            ; - picocli.CommandLine$Model$TypedMember::isAnnotationPresent@5 (line 11505)
                                                            ; - picocli.CommandLine$Model$TypedMember::isParameter@3 (line 11510)
                                                            ;   {virtual_call}
  0x00007bea73fff2f4:   nopl   0x2ec(%rax,%rax,1)           ;*invokeinterface getAnnotation {reexecute=0 rethrow=0 return_oop=0}
                                                            ; - java.lang.reflect.AnnotatedElement::isAnnotationPresent@2 (line 291)
                                                            ; - java.lang.reflect.AccessibleObject::isAnnotationPresent@2 (line 505)
                                                            ; - picocli.CommandLine$Model$TypedMember::isAnnotationPresent@5 (line 11505)
                                                            ; - picocli.CommandLine$Model$TypedMember::isParameter@3 (line 11510)
                                                            ;   {post_call_nop}
  0x00007bea73fff2fc:   test   %rax,%rax
  0x00007bea73fff2ff:   movabs $0x7bea30318e58,%rax         ;   {metadata(method data for {method} {0x0000000020186770} &apos;isAnnotationPresent&apos; &apos;(Ljava/lang/Class;)Z&apos; in &apos;java/lang/reflect/AnnotatedElement&apos;)}
  0x00007bea73fff309:   mov    $0x108,%esi
  0x00007bea73fff30e:   je     0x00007bea73fff315
  0x00007bea73fff310:   mov    $0x118,%esi
  0x00007bea73fff315:   mov    (%rax,%rsi,1),%rdi
  0x00007bea73fff319:   lea    0x1(%rdi),%rdi
  0x00007bea73fff31d:   mov    %rdi,(%rax,%rsi,1)
  0x00007bea73fff321:   je     0x00007bea73fff341           ;*ifnull {reexecute=0 rethrow=0 return_oop=0}
                                                            ; - java.lang.reflect.AnnotatedElement::isAnnotationPresent@7 (line 291)
                                                            ; - java.lang.reflect.AccessibleObject::isAnnotationPresent@2 (line 505)
                                                            ; - picocli.CommandLine$Model$TypedMember::isAnnotationPresent@5 (line 11505)
                                                            ; - picocli.CommandLine$Model$TypedMember::isParameter@3 (line 11510)
  0x00007bea73fff327:   movabs $0x7bea30318e58,%rax         ;   {metadata(method data for {method} {0x0000000020186770} &apos;isAnnotationPresent&apos; &apos;(Ljava/lang/Class;)Z&apos; in &apos;java/lang/reflect/AnnotatedElement&apos;)}
  0x00007bea73fff331:   incl   0x128(%rax)
  0x00007bea73fff337:   mov    $0x1,%eax
  0x00007bea73fff33c:   jmp    0x00007bea73fff346           ;*goto {reexecute=0 rethrow=0 return_oop=0}
                                                            ; - java.lang.reflect.AnnotatedElement::isAnnotationPresent@11 (line 291)
                                                            ; - java.lang.reflect.AccessibleObject::isAnnotationPresent@2 (line 505)
                                                            ; - picocli.CommandLine$Model$TypedMember::isAnnotationPresent@5 (line 11505)
                                                            ; - picocli.CommandLine$Model$TypedMember::isParameter@3 (line 11510)
  0x00007bea73fff341:   mov    $0x0,%eax                    ;*ireturn {reexecute=0 rethrow=0 return_oop=0}
                                                            ; - java.lang.reflect.AnnotatedElement::isAnnotationPresent@15 (line 291)
                                                            ; - java.lang.reflect.AccessibleObject::isAnnotationPresent@2 (line 505)
                                                            ; - picocli.CommandLine$Model$TypedMember::isAnnotationPresent@5 (line 11505)
                                                            ; - picocli.CommandLine$Model$TypedMember::isParameter@3 (line 11510)
  0x00007bea73fff346:   and    $0x1,%eax
  0x00007bea73fff349:   and    $0x1,%eax
  0x00007bea73fff34c:   and    $0x1,%eax
  0x00007bea73fff34f:   and    $0x1,%eax
  0x00007bea73fff352:   add    $0x70,%rsp
  0x00007bea73fff356:   pop    %rbp
  0x00007bea73fff357:   cmp    0x28(%r15),%rsp              ;   {poll_return}
  0x00007bea73fff35b:   ja     0x00007bea73fff3eb
  0x00007bea73fff361:   ret    
  0x00007bea73fff362:   movabs $0x7bea304039b8,%r10         ;   {metadata({method} {0x00007bea304039b8} &apos;isParameter&apos; &apos;()Z&apos; in &apos;picocli/CommandLine$Model$TypedMember&apos;)}
  0x00007bea73fff36c:   mov    %r10,0x8(%rsp)
  0x00007bea73fff371:   movq   $0xffffffffffffffff,(%rsp)
  0x00007bea73fff379:   call   0x00007bea7b583460           ; ImmutableOopMap {rsi=Oop }
                                                            ;*synchronization entry
                                                            ; - picocli.CommandLine$Model$TypedMember::isParameter@-1 (line 11510)
                                                            ;   {runtime_call counter_overflow_blob (C1 runtime)}
  0x00007bea73fff37e:   jmp    0x00007bea73fff162
  0x00007bea73fff383:   movabs $0x7bea30403620,%r10         ;   {metadata({method} {0x00007bea30403620} &apos;isAnnotationPresent&apos; &apos;(Ljava/lang/Class;)Z&apos; in &apos;picocli/CommandLine$Model$TypedMember&apos;)}
  0x00007bea73fff38d:   mov    %r10,0x8(%rsp)
  0x00007bea73fff392:   movq   $0xffffffffffffffff,(%rsp)
  0x00007bea73fff39a:   call   0x00007bea7b583460           ; ImmutableOopMap {rsi=Oop }
                                                            ;*synchronization entry
                                                            ; - picocli.CommandLine$Model$TypedMember::isAnnotationPresent@-1 (line 11505)
                                                            ; - picocli.CommandLine$Model$TypedMember::isParameter@3 (line 11510)
                                                            ;   {runtime_call counter_overflow_blob (C1 runtime)}
  0x00007bea73fff39f:   jmp    0x00007bea73fff19e
  0x00007bea73fff3a4:   call   0x00007bea7b57cae0           ; ImmutableOopMap {rsi=Oop }
                                                            ;*invokevirtual isAnnotationPresent {reexecute=0 rethrow=0 return_oop=0}
                                                            ; - picocli.CommandLine$Model$TypedMember::isAnnotationPresent@5 (line 11505)
                                                            ; - picocli.CommandLine$Model$TypedMember::isParameter@3 (line 11510)
                                                            ;   {runtime_call throw_null_pointer_exception_blob (C1 runtime)}
  0x00007bea73fff3a9:   movabs $0x201aaf40,%r10             ;   {metadata({method} {0x00000000201aaf40} &apos;isAnnotationPresent&apos; &apos;(Ljava/lang/Class;)Z&apos; in &apos;java/lang/reflect/AccessibleObject&apos;)}
  0x00007bea73fff3b3:   mov    %r10,0x8(%rsp)
  0x00007bea73fff3b8:   movq   $0xffffffffffffffff,(%rsp)
  0x00007bea73fff3c0:   call   0x00007bea7b583460           ; ImmutableOopMap {rsi=Oop }
                                                            ;*synchronization entry
                                                            ; - java.lang.reflect.AccessibleObject::isAnnotationPresent@-1 (line 505)
                                                            ; - picocli.CommandLine$Model$TypedMember::isAnnotationPresent@5 (line 11505)
                                                            ; - picocli.CommandLine$Model$TypedMember::isParameter@3 (line 11510)
                                                            ;   {runtime_call counter_overflow_blob (C1 runtime)}
  0x00007bea73fff3c5:   jmp    0x00007bea73fff234
  0x00007bea73fff3ca:   movabs $0x20186770,%r10             ;   {metadata({method} {0x0000000020186770} &apos;isAnnotationPresent&apos; &apos;(Ljava/lang/Class;)Z&apos; in &apos;java/lang/reflect/AnnotatedElement&apos;)}
  0x00007bea73fff3d4:   mov    %r10,0x8(%rsp)
  0x00007bea73fff3d9:   movq   $0xffffffffffffffff,(%rsp)
  0x00007bea73fff3e1:   call   0x00007bea7b583460           ; ImmutableOopMap {rsi=Oop }
                                                            ;*synchronization entry
                                                            ; - java.lang.reflect.AnnotatedElement::isAnnotationPresent@-1 (line 291)
                                                            ; - java.lang.reflect.AccessibleObject::isAnnotationPresent@2 (line 505)
                                                            ; - picocli.CommandLine$Model$TypedMember::isAnnotationPresent@5 (line 11505)
                                                            ; - picocli.CommandLine$Model$TypedMember::isParameter@3 (line 11510)
                                                            ;   {runtime_call counter_overflow_blob (C1 runtime)}
  0x00007bea73fff3e6:   jmp    0x00007bea73fff270
  0x00007bea73fff3eb:   movabs $0x7bea73fff357,%r10         ;   {internal_word}
  0x00007bea73fff3f5:   mov    %r10,0x510(%r15)
  0x00007bea73fff3fc:   jmp    0x00007bea7b4afb60           ;   {runtime_call SafepointBlob}
  0x00007bea73fff401:   mov    0x5c0(%r15),%rax
  0x00007bea73fff408:   movq   $0x0,0x5c0(%r15)
  0x00007bea73fff413:   movq   $0x0,0x5c8(%r15)
  0x00007bea73fff41e:   add    $0x70,%rsp
  0x00007bea73fff422:   pop    %rbp
  0x00007bea73fff423:   jmp    0x00007bea7b57b760           ;   {runtime_call unwind_exception_blob (C1 runtime)}
[Stub Code]
  0x00007bea73fff428:   nopl   0x0(%rax,%rax,1)             ;   {other}
  0x00007bea73fff42d:   movabs $0x0,%rbx                    ;   {static_stub}
  0x00007bea73fff437:   jmp    0x00007bea73fff437           ;   {runtime_call nmethod}
[Exception Handler]
  0x00007bea73fff43c:   call   0x00007bea7b57f2e0           ;   {runtime_call handle_exception_from_callee_blob (C1 runtime)}
  0x00007bea73fff441:   movabs $0x7bea9533aec4,%rdi         ;   {external_word}
  0x00007bea73fff44b:   and    $0xfffffffffffffff0,%rsp
  0x00007bea73fff44f:   call   0x00007bea94d91cc0           ;   {runtime_call MacroAssembler::debug64(char*, long, long*)}
  0x00007bea73fff454:   hlt    
  0x00007bea73fff455:   call   0x00007bea7b4afe60           ;   {runtime_call DeoptimizationBlob}
[Deopt Handler Entry Point]
  0x00007bea73fff45a:   jmp    0x00007bea73fff455
  0x00007bea73fff45c:   hlt    
  0x00007bea73fff45d:   hlt    
  0x00007bea73fff45e:   hlt    
  0x00007bea73fff45f:   hlt    
--------------------------------------------------------------------------------
[/Disassembly]
