
============================= C1-compiled nmethod ==============================
----------------------------------- Assembly -----------------------------------

Compiled method (c1) 274    3       1       java.lang.invoke.MethodType::returnType (5 bytes)
 total in heap  [0x00007dc493ba0608,0x00007dc493ba07b0] = 424
 main code      [0x00007dc493ba0700,0x00007dc493ba0790] = 144
 stub code      [0x00007dc493ba0790,0x00007dc493ba07b0] = 32
 mutable data [0x00007dc430014c70,0x00007dc430014c98] = 40
 relocation     [0x00007dc430014c70,0x00007dc430014c90] = 32
 metadata       [0x00007dc430014c90,0x00007dc430014c98] = 8
 immutable data [0x00007dc430014c00,0x00007dc430014c5c] = 92
 dependencies   [0x00007dc430014c00,0x00007dc430014c08] = 8
 scopes pcs     [0x00007dc430014c08,0x00007dc430014c48] = 64
 scopes data    [0x00007dc430014c48,0x00007dc430014c58] = 16

[Disassembly]
--------------------------------------------------------------------------------
[Constant Pool (empty)]

--------------------------------------------------------------------------------

[Instructions begin]
  0x00007dc493ba0700:   data16 data16 nopw 0x0(%rax,%rax,1)
  0x00007dc493ba070b:   data16 data16 xchg %ax,%ax
  0x00007dc493ba070f:   data16 xchg %ax,%ax
[Entry Point]
  # {method} {0x000000007f4804d0} &apos;returnType&apos; &apos;()Ljava/lang/Class;&apos; in &apos;java/lang/invoke/MethodType&apos;
  #           [sp+0x30]  (sp of caller)
  0x00007dc493ba0712:   mov    0x8(%rsi),%r10d
  0x00007dc493ba0716:   cmp    0x8(%rax),%r10d
  0x00007dc493ba071a:   jne    0x00007dc4934ad6e0           ;   {runtime_call ic_miss_blob (shared runtime)}
[Verified Entry Point]
  0x00007dc493ba0720:   mov    %eax,-0x14000(%rsp)
  0x00007dc493ba0727:   push   %rbp
  0x00007dc493ba0728:   sub    $0x20,%rsp
  0x00007dc493ba072c:   cmpl   $0x1,0x20(%r15)
  0x00007dc493ba0734:   je     0x00007dc493ba073b
  0x00007dc493ba0736:   call   Stub::method_entry_barrier_stub (stub gen)
                                                            ;*aload_0 {reexecute=0 rethrow=0 return_oop=0}
                                                            ; - java.lang.invoke.MethodType::returnType@0 (line 840)
                                                            ;   {runtime_call Stub::method_entry_barrier_stub (stub gen)}
  0x00007dc493ba073b:   mov    0xc(%rsi),%eax
  0x00007dc493ba073e:   shl    $0x3,%rax                    ;*getfield rtype {reexecute=0 rethrow=0 return_oop=0}
                                                            ; - java.lang.invoke.MethodType::returnType@1 (line 840)
  0x00007dc493ba0742:   add    $0x20,%rsp
  0x00007dc493ba0746:   pop    %rbp
  0x00007dc493ba0747:   cmp    0x28(%r15),%rsp              ;   {poll_return}
  0x00007dc493ba074b:   ja     0x00007dc493ba0752
  0x00007dc493ba0751:   ret    
  0x00007dc493ba0752:   movabs $0x7dc493ba0747,%r10         ;   {internal_word}
  0x00007dc493ba075c:   mov    %r10,0x510(%r15)
  0x00007dc493ba0763:   jmp    0x00007dc4934afb60           ;   {runtime_call SafepointBlob}
  0x00007dc493ba0768:   mov    0x5c0(%r15),%rax
  0x00007dc493ba076f:   movq   $0x0,0x5c0(%r15)
  0x00007dc493ba077a:   movq   $0x0,0x5c8(%r15)
  0x00007dc493ba0785:   add    $0x20,%rsp
  0x00007dc493ba0789:   pop    %rbp
  0x00007dc493ba078a:   jmp    0x00007dc49357b760           ;   {runtime_call unwind_exception_blob (C1 runtime)}
  0x00007dc493ba078f:   hlt    
[Exception Handler]
  0x00007dc493ba0790:   call   0x00007dc49357ede0           ;   {runtime_call handle_exception_from_callee_blob (C1 runtime)}
  0x00007dc493ba0795:   movabs $0x7dc4ad53aec4,%rdi         ;   {external_word}
  0x00007dc493ba079f:   and    $0xfffffffffffffff0,%rsp
  0x00007dc493ba07a3:   call   0x00007dc4acf91cc0           ;   {runtime_call MacroAssembler::debug64(char*, long, long*)}
  0x00007dc493ba07a8:   hlt    
  0x00007dc493ba07a9:   call   0x00007dc4934afe60           ;   {runtime_call DeoptimizationBlob}
[Deopt Handler Entry Point]
  0x00007dc493ba07ae:   jmp    0x00007dc493ba07a9
--------------------------------------------------------------------------------
[/Disassembly]
