
============================= C1-compiled nmethod ==============================
----------------------------------- Assembly -----------------------------------

Compiled method (c1) 672   53       3       java.util.jar.JarFile::getEntry (35 bytes)
 total in heap  [0x0000796c87fff008,0x0000796c87fff570] = 1384
 main code      [0x0000796c87fff100,0x0000796c87fff508] = 1032
 stub code      [0x0000796c87fff508,0x0000796c87fff570] = 104
 mutable data [0x0000796c300351d0,0x0000796c30035270] = 160
 relocation     [0x0000796c300351d0,0x0000796c30035258] = 136
 metadata       [0x0000796c30035258,0x0000796c30035270] = 24
 immutable data [0x0000796c30034f20,0x0000796c300351c4] = 676
 dependencies   [0x0000796c30034f20,0x0000796c30034f28] = 8
 handler table  [0x0000796c30034f28,0x0000796c30034f40] = 24
 scopes pcs     [0x0000796c30034f40,0x0000796c30035100] = 448
 scopes data    [0x0000796c30035100,0x0000796c300351c0] = 192

[Disassembly]
--------------------------------------------------------------------------------
[Constant Pool (empty)]

--------------------------------------------------------------------------------

[Instructions begin]
  0x0000796c87fff100:   data16 data16 nopw 0x0(%rax,%rax,1)
  0x0000796c87fff10b:   data16 data16 xchg %ax,%ax
  0x0000796c87fff10f:   data16 xchg %ax,%ax
[Entry Point]
  # {method} {0x00000000752bed28} &apos;getEntry&apos; &apos;(Ljava/lang/String;)Ljava/util/zip/ZipEntry;&apos; in &apos;java/util/jar/JarFile&apos;
  # this:     rsi:rsi   = &apos;java/util/jar/JarFile&apos;
  # parm0:    rdx:rdx   = &apos;java/lang/String&apos;
  #           [sp+0x60]  (sp of caller)
  0x0000796c87fff112:   mov    0x8(%rsi),%r10d
  0x0000796c87fff116:   cmp    0x8(%rax),%r10d
  0x0000796c87fff11a:   jne    0x0000796c8f4ad6e0           ;   {runtime_call ic_miss_blob (shared runtime)}
[Verified Entry Point]
  0x0000796c87fff120:   mov    %eax,-0x14000(%rsp)
  0x0000796c87fff127:   push   %rbp
  0x0000796c87fff128:   sub    $0x50,%rsp
  0x0000796c87fff12c:   cmpl   $0x1,0x20(%r15)
  0x0000796c87fff134:   je     0x0000796c87fff13b
  0x0000796c87fff136:   call   Stub::method_entry_barrier_stub (stub gen)
                                                            ;   {runtime_call Stub::method_entry_barrier_stub (stub gen)}
  0x0000796c87fff13b:   mov    %rsi,0x38(%rsp)
  0x0000796c87fff140:   movabs $0x796c3c319498,%rdi         ;   {metadata(method data for {method} {0x00000000752bed28} &apos;getEntry&apos; &apos;(Ljava/lang/String;)Ljava/util/zip/ZipEntry;&apos; in &apos;java/util/jar/JarFile&apos;)}
  0x0000796c87fff14a:   mov    0x90(%rdi),%ebx
  0x0000796c87fff150:   add    $0x2,%ebx
  0x0000796c87fff153:   mov    %ebx,0x90(%rdi)
  0x0000796c87fff159:   and    $0x7fe,%ebx
  0x0000796c87fff15f:   test   %ebx,%ebx
  0x0000796c87fff161:   je     0x0000796c87fff464           ;*aload_0 {reexecute=0 rethrow=0 return_oop=0}
                                                            ; - java.util.jar.JarFile::getEntry@0 (line 500)
  0x0000796c87fff167:   mov    %rsi,%rdi
  0x0000796c87fff16a:   movabs $0x796c3c319498,%rbx         ;   {metadata(method data for {method} {0x00000000752bed28} &apos;getEntry&apos; &apos;(Ljava/lang/String;)Ljava/util/zip/ZipEntry;&apos; in &apos;java/util/jar/JarFile&apos;)}
  0x0000796c87fff174:   mov    0x8(%rdi),%edi
  0x0000796c87fff177:   mov    $0x75000000,%r10d
  0x0000796c87fff17d:   add    %r10,%rdi
  0x0000796c87fff180:   mov    $0x1c,%r10d
  0x0000796c87fff186:   cmp    (%rbx,%r10,8),%rdi
  0x0000796c87fff18a:   je     0x0000796c87fff1c3
  0x0000796c87fff18c:   add    $0x2,%r10
  0x0000796c87fff190:   cmp    $0x20,%r10
  0x0000796c87fff194:   jne    0x0000796c87fff186
  0x0000796c87fff196:   mov    $0x1c,%r10d
  0x0000796c87fff19c:   cmpq   $0x0,(%rbx,%r10,8)
  0x0000796c87fff1a1:   je     0x0000796c87fff1af
  0x0000796c87fff1a3:   add    $0x2,%r10
  0x0000796c87fff1a7:   cmp    $0x20,%r10
  0x0000796c87fff1ab:   jne    0x0000796c87fff19c
  0x0000796c87fff1ad:   jmp    0x0000796c87fff1bb
  0x0000796c87fff1af:   push   %rax
  0x0000796c87fff1b0:   xor    %rax,%rax
  0x0000796c87fff1b3:   cmpxchg %rdi,(%rbx,%r10,8)
  0x0000796c87fff1b8:   pop    %rax
  0x0000796c87fff1b9:   jmp    0x0000796c87fff180
  0x0000796c87fff1bb:   mov    $0x1b,%r10d
  0x0000796c87fff1c1:   jmp    0x0000796c87fff1c7
  0x0000796c87fff1c3:   add    $0x1,%r10
  0x0000796c87fff1c7:   addq   $0x1,(%rbx,%r10,8)
  0x0000796c87fff1cc:   movabs $0x796c3c318d48,%rdi         ;   {metadata(method data for {method} {0x00000000752bf358} &apos;isMultiRelease&apos; &apos;()Z&apos; in &apos;java/util/jar/JarFile&apos;)}
  0x0000796c87fff1d6:   mov    0x90(%rdi),%ebx
  0x0000796c87fff1dc:   add    $0x2,%ebx
  0x0000796c87fff1df:   mov    %ebx,0x90(%rdi)
  0x0000796c87fff1e5:   and    $0x1ffffe,%ebx
  0x0000796c87fff1eb:   test   %ebx,%ebx
  0x0000796c87fff1ed:   je     0x0000796c87fff485
  0x0000796c87fff1f3:   movsbl 0x13(%rsi),%edi              ;*getfield isMultiRelease {reexecute=0 rethrow=0 return_oop=0}
                                                            ; - java.util.jar.JarFile::isMultiRelease@1 (line 372)
                                                            ; - java.util.jar.JarFile::getEntry@1 (line 500)
  0x0000796c87fff1f7:   test   %edi,%edi
  0x0000796c87fff1f9:   movabs $0x796c3c318d48,%rdi         ;   {metadata(method data for {method} {0x00000000752bf358} &apos;isMultiRelease&apos; &apos;()Z&apos; in &apos;java/util/jar/JarFile&apos;)}
  0x0000796c87fff203:   mov    $0xd8,%ebx
  0x0000796c87fff208:   je     0x0000796c87fff20f
  0x0000796c87fff20a:   mov    $0xe8,%ebx
  0x0000796c87fff20f:   mov    (%rdi,%rbx,1),%rax
  0x0000796c87fff213:   lea    0x1(%rax),%rax
  0x0000796c87fff217:   mov    %rax,(%rdi,%rbx,1)
  0x0000796c87fff21b:   je     0x0000796c87fff230           ;*ifeq {reexecute=0 rethrow=0 return_oop=0}
                                                            ; - java.util.jar.JarFile::isMultiRelease@4 (line 372)
                                                            ; - java.util.jar.JarFile::getEntry@1 (line 500)
  0x0000796c87fff221:   mov    $0x1,%edi
  0x0000796c87fff226:   mov    %rdx,0x40(%rsp)
  0x0000796c87fff22b:   jmp    0x0000796c87fff2bc           ;*ifeq {reexecute=0 rethrow=0 return_oop=0}
                                                            ; - java.util.jar.JarFile::getEntry@4 (line 500)
  0x0000796c87fff230:   movabs $0x796c3c318d48,%rdi         ;   {metadata(method data for {method} {0x00000000752bf358} &apos;isMultiRelease&apos; &apos;()Z&apos; in &apos;java/util/jar/JarFile&apos;)}
  0x0000796c87fff23a:   incl   0x108(%rdi)                  ;*ifeq {reexecute=0 rethrow=0 return_oop=0}
                                                            ; - java.util.jar.JarFile::isMultiRelease@12 (line 375)
                                                            ; - java.util.jar.JarFile::getEntry@1 (line 500)
  0x0000796c87fff240:   mov    %rdx,0x40(%rsp)
  0x0000796c87fff245:   mov    %rsi,%rdi
  0x0000796c87fff248:   movabs $0x796c3c318d48,%rbx         ;   {metadata(method data for {method} {0x00000000752bf358} &apos;isMultiRelease&apos; &apos;()Z&apos; in &apos;java/util/jar/JarFile&apos;)}
  0x0000796c87fff252:   addq   $0x1,0x118(%rbx)
  0x0000796c87fff25a:   mov    %rsi,%rdi
  0x0000796c87fff25d:   mov    %rdi,%rsi                    ;*invokevirtual checkForSpecialAttributes {reexecute=0 rethrow=0 return_oop=0}
                                                            ; - java.util.jar.JarFile::isMultiRelease@16 (line 377)
                                                            ; - java.util.jar.JarFile::getEntry@1 (line 500)
  0x0000796c87fff260:   nopl   0x0(%rax)
  0x0000796c87fff267:   call   0x0000796c8f4ad9e0           ; ImmutableOopMap {[56]=Oop [64]=Oop }
                                                            ;*invokevirtual checkForSpecialAttributes {reexecute=0 rethrow=0 return_oop=0}
                                                            ; - java.util.jar.JarFile::isMultiRelease@16 (line 377)
                                                            ; - java.util.jar.JarFile::getEntry@1 (line 500)
                                                            ;   {optimized virtual_call}
  0x0000796c87fff26c:   nopl   0x264(%rax,%rax,1)           ;*invokevirtual checkForSpecialAttributes {reexecute=0 rethrow=0 return_oop=0}
                                                            ; - java.util.jar.JarFile::isMultiRelease@16 (line 377)
                                                            ; - java.util.jar.JarFile::getEntry@1 (line 500)
                                                            ;   {post_call_nop}
  0x0000796c87fff274:   movabs $0x796c3c318d48,%rax         ;   {metadata(method data for {method} {0x00000000752bf358} &apos;isMultiRelease&apos; &apos;()Z&apos; in &apos;java/util/jar/JarFile&apos;)}
  0x0000796c87fff27e:   incl   0x148(%rax)
  0x0000796c87fff284:   mov    0x38(%rsp),%rsi
  0x0000796c87fff289:   jmp    0x0000796c87fff2b2           ;*goto {reexecute=0 rethrow=0 return_oop=0}
                                                            ; - java.util.jar.JarFile::isMultiRelease@19 (line 380)
                                                            ; - java.util.jar.JarFile::getEntry@1 (line 500)
  0x0000796c87fff28e:   mov    0x38(%rsp),%rsi
  0x0000796c87fff293:   mov    0x5c0(%r15),%rax
  0x0000796c87fff29a:   xor    %r10,%r10
  0x0000796c87fff29d:   mov    %r10,0x5c0(%r15)
  0x0000796c87fff2a4:   xor    %r10,%r10
  0x0000796c87fff2a7:   mov    %r10,0x5c8(%r15)
  0x0000796c87fff2ae:   movb   $0x0,0x13(%rsi)              ;*putfield isMultiRelease {reexecute=0 rethrow=0 return_oop=0}
                                                            ; - java.util.jar.JarFile::isMultiRelease@25 (line 379)
                                                            ; - java.util.jar.JarFile::getEntry@1 (line 500)
  0x0000796c87fff2b2:   movsbl 0x13(%rsi),%edx              ;*getfield isMultiRelease {reexecute=0 rethrow=0 return_oop=0}
                                                            ; - java.util.jar.JarFile::isMultiRelease@29 (line 382)
                                                            ; - java.util.jar.JarFile::getEntry@1 (line 500)
  0x0000796c87fff2b6:   and    $0x1,%edx
  0x0000796c87fff2b9:   mov    %rdx,%rdi
  0x0000796c87fff2bc:   test   %edi,%edi
  0x0000796c87fff2be:   movabs $0x796c3c319498,%rdx         ;   {metadata(method data for {method} {0x00000000752bed28} &apos;getEntry&apos; &apos;(Ljava/lang/String;)Ljava/util/zip/ZipEntry;&apos; in &apos;java/util/jar/JarFile&apos;)}
  0x0000796c87fff2c8:   mov    $0x108,%ecx
  0x0000796c87fff2cd:   je     0x0000796c87fff2d4
  0x0000796c87fff2cf:   mov    $0x118,%ecx
  0x0000796c87fff2d4:   mov    (%rdx,%rcx,1),%rdi
  0x0000796c87fff2d8:   lea    0x1(%rdi),%rdi
  0x0000796c87fff2dc:   mov    %rdi,(%rdx,%rcx,1)
  0x0000796c87fff2e0:   je     0x0000796c87fff42c           ;*ifeq {reexecute=0 rethrow=0 return_oop=0}
                                                            ; - java.util.jar.JarFile::getEntry@4 (line 500)
  0x0000796c87fff2e6:   mov    %rsi,%rdx
  0x0000796c87fff2e9:   movabs $0x796c3c319498,%rcx         ;   {metadata(method data for {method} {0x00000000752bed28} &apos;getEntry&apos; &apos;(Ljava/lang/String;)Ljava/util/zip/ZipEntry;&apos; in &apos;java/util/jar/JarFile&apos;)}
  0x0000796c87fff2f3:   addq   $0x1,0x128(%rcx)
  0x0000796c87fff2fb:   mov    0x40(%rsp),%rdx
  0x0000796c87fff300:   movabs $0x0,%rcx                    ;   {oop(nullptr)}
  0x0000796c87fff30a:   mov    %rsi,%rdi
  0x0000796c87fff30d:   mov    %rdi,%rsi                    ;*invokevirtual getVersionedEntry {reexecute=0 rethrow=0 return_oop=0}
                                                            ; - java.util.jar.JarFile::getEntry@10 (line 501)
  0x0000796c87fff310:   nopl   0x0(%rax)
  0x0000796c87fff317:   call   0x0000796c8f4ad9e0           ; ImmutableOopMap {[56]=Oop [64]=Oop }
                                                            ;*invokevirtual getVersionedEntry {reexecute=0 rethrow=0 return_oop=0}
                                                            ; - java.util.jar.JarFile::getEntry@10 (line 501)
                                                            ;   {optimized virtual_call}
  0x0000796c87fff31c:   nopl   0x1000314(%rax,%rax,1)       ;*invokevirtual getVersionedEntry {reexecute=0 rethrow=0 return_oop=0}
                                                            ; - java.util.jar.JarFile::getEntry@10 (line 501)
                                                            ;   {post_call_nop}
  0x0000796c87fff324:   test   %rax,%rax
  0x0000796c87fff327:   movabs $0x796c3c319498,%rdx         ;   {metadata(method data for {method} {0x00000000752bed28} &apos;getEntry&apos; &apos;(Ljava/lang/String;)Ljava/util/zip/ZipEntry;&apos; in &apos;java/util/jar/JarFile&apos;)}
  0x0000796c87fff331:   mov    $0x158,%esi
  0x0000796c87fff336:   jne    0x0000796c87fff33d
  0x0000796c87fff338:   mov    $0x168,%esi
  0x0000796c87fff33d:   mov    (%rdx,%rsi,1),%rdi
  0x0000796c87fff341:   lea    0x1(%rdi),%rdi
  0x0000796c87fff345:   mov    %rdi,(%rdx,%rsi,1)
  0x0000796c87fff349:   jne    0x0000796c87fff41c           ;*ifnonnull {reexecute=0 rethrow=0 return_oop=0}
                                                            ; - java.util.jar.JarFile::getEntry@15 (line 502)
  0x0000796c87fff34f:   mov    0x38(%rsp),%rsi
  0x0000796c87fff354:   movabs $0x796c3c319498,%rdx         ;   {metadata(method data for {method} {0x00000000752bed28} &apos;getEntry&apos; &apos;(Ljava/lang/String;)Ljava/util/zip/ZipEntry;&apos; in &apos;java/util/jar/JarFile&apos;)}
  0x0000796c87fff35e:   addq   $0x1,0x178(%rdx)
  0x0000796c87fff366:   mov    0x40(%rsp),%rdx
  0x0000796c87fff36b:   mov    0x38(%rsp),%rsi              ;*invokespecial getEntry {reexecute=0 rethrow=0 return_oop=0}
                                                            ; - java.util.jar.JarFile::getEntry@20 (line 503)
  0x0000796c87fff370:   nopl   0x0(%rax)
  0x0000796c87fff377:   call   0x0000796c8f4ad9e0           ; ImmutableOopMap {}
                                                            ;*invokespecial getEntry {reexecute=0 rethrow=0 return_oop=0}
                                                            ; - java.util.jar.JarFile::getEntry@20 (line 503)
                                                            ;   {optimized virtual_call}
  0x0000796c87fff37c:   nopl   0x2000374(%rax,%rax,1)       ;*invokespecial getEntry {reexecute=0 rethrow=0 return_oop=0}
                                                            ; - java.util.jar.JarFile::getEntry@20 (line 503)
                                                            ;   {post_call_nop}
  0x0000796c87fff384:   test   %rax,%rax
  0x0000796c87fff387:   movabs $0x796c3c319498,%rsi         ;   {metadata(method data for {method} {0x00000000752bed28} &apos;getEntry&apos; &apos;(Ljava/lang/String;)Ljava/util/zip/ZipEntry;&apos; in &apos;java/util/jar/JarFile&apos;)}
  0x0000796c87fff391:   jne    0x0000796c87fff39f
  0x0000796c87fff393:   orb    $0x1,0x181(%rsi)
  0x0000796c87fff39a:   jmp    0x0000796c87fff41c
  0x0000796c87fff39f:   mov    0x8(%rax),%edi
  0x0000796c87fff3a2:   mov    $0x75000000,%r10d
  0x0000796c87fff3a8:   add    %r10,%rdi
  0x0000796c87fff3ab:   mov    $0x32,%r10d
  0x0000796c87fff3b1:   cmp    (%rsi,%r10,8),%rdi
  0x0000796c87fff3b5:   je     0x0000796c87fff3ee
  0x0000796c87fff3b7:   add    $0x2,%r10
  0x0000796c87fff3bb:   cmp    $0x36,%r10
  0x0000796c87fff3bf:   jne    0x0000796c87fff3b1
  0x0000796c87fff3c1:   mov    $0x32,%r10d
  0x0000796c87fff3c7:   cmpq   $0x0,(%rsi,%r10,8)
  0x0000796c87fff3cc:   je     0x0000796c87fff3da
  0x0000796c87fff3ce:   add    $0x2,%r10
  0x0000796c87fff3d2:   cmp    $0x36,%r10
  0x0000796c87fff3d6:   jne    0x0000796c87fff3c7
  0x0000796c87fff3d8:   jmp    0x0000796c87fff3e6
  0x0000796c87fff3da:   push   %rax
  0x0000796c87fff3db:   xor    %rax,%rax
  0x0000796c87fff3de:   cmpxchg %rdi,(%rsi,%r10,8)
  0x0000796c87fff3e3:   pop    %rax
  0x0000796c87fff3e4:   jmp    0x0000796c87fff3ab
  0x0000796c87fff3e6:   mov    $0x31,%r10d
  0x0000796c87fff3ec:   jmp    0x0000796c87fff3f2
  0x0000796c87fff3ee:   add    $0x1,%r10
  0x0000796c87fff3f2:   addq   $0x1,(%rsi,%r10,8)
  0x0000796c87fff3f7:   movabs $0x7530a278,%rdi             ;   {metadata(&apos;java/util/jar/JarEntry&apos;)}
  0x0000796c87fff401:   mov    0x8(%rax),%esi
  0x0000796c87fff404:   mov    $0x75000000,%r10d
  0x0000796c87fff40a:   add    %r10,%rsi
  0x0000796c87fff40d:   cmp    0x40(%rsi),%rdi
  0x0000796c87fff411:   jne    0x0000796c87fff4a6
  0x0000796c87fff417:   jmp    0x0000796c87fff41c           ;*checkcast {reexecute=0 rethrow=0 return_oop=0}
                                                            ; - java.util.jar.JarFile::getEntry@23 (line 503)
  0x0000796c87fff41c:   add    $0x50,%rsp
  0x0000796c87fff420:   pop    %rbp
  0x0000796c87fff421:   cmp    0x28(%r15),%rsp              ;   {poll_return}
  0x0000796c87fff425:   ja     0x0000796c87fff4af
  0x0000796c87fff42b:   ret                                 ;*areturn {reexecute=0 rethrow=0 return_oop=0}
                                                            ; - java.util.jar.JarFile::getEntry@28 (line 505)
  0x0000796c87fff42c:   mov    0x40(%rsp),%rdx
  0x0000796c87fff431:   mov    %rsi,%rdi
  0x0000796c87fff434:   movabs $0x796c3c319498,%rbx         ;   {metadata(method data for {method} {0x00000000752bed28} &apos;getEntry&apos; &apos;(Ljava/lang/String;)Ljava/util/zip/ZipEntry;&apos; in &apos;java/util/jar/JarFile&apos;)}
  0x0000796c87fff43e:   addq   $0x1,0x1b8(%rbx)
  0x0000796c87fff446:   nop
  0x0000796c87fff447:   call   0x0000796c8f4ad9e0           ; ImmutableOopMap {}
                                                            ;*invokespecial getEntry {reexecute=0 rethrow=0 return_oop=0}
                                                            ; - java.util.jar.JarFile::getEntry@31 (line 507)
                                                            ;   {optimized virtual_call}
  0x0000796c87fff44c:   nopl   0x3000444(%rax,%rax,1)       ;*invokespecial getEntry {reexecute=0 rethrow=0 return_oop=0}
                                                            ; - java.util.jar.JarFile::getEntry@31 (line 507)
                                                            ;   {post_call_nop}
  0x0000796c87fff454:   add    $0x50,%rsp
  0x0000796c87fff458:   pop    %rbp
  0x0000796c87fff459:   cmp    0x28(%r15),%rsp              ;   {poll_return}
  0x0000796c87fff45d:   ja     0x0000796c87fff4c5
  0x0000796c87fff463:   ret    
  0x0000796c87fff464:   movabs $0x752bed28,%r10             ;   {metadata({method} {0x00000000752bed28} &apos;getEntry&apos; &apos;(Ljava/lang/String;)Ljava/util/zip/ZipEntry;&apos; in &apos;java/util/jar/JarFile&apos;)}
  0x0000796c87fff46e:   mov    %r10,0x8(%rsp)
  0x0000796c87fff473:   movq   $0xffffffffffffffff,(%rsp)
  0x0000796c87fff47b:   call   0x0000796c8f583460           ; ImmutableOopMap {rsi=Oop rdx=Oop [56]=Oop }
                                                            ;*synchronization entry
                                                            ; - java.util.jar.JarFile::getEntry@-1 (line 500)
                                                            ;   {runtime_call counter_overflow_blob (C1 runtime)}
  0x0000796c87fff480:   jmp    0x0000796c87fff167
  0x0000796c87fff485:   movabs $0x752bf358,%r10             ;   {metadata({method} {0x00000000752bf358} &apos;isMultiRelease&apos; &apos;()Z&apos; in &apos;java/util/jar/JarFile&apos;)}
  0x0000796c87fff48f:   mov    %r10,0x8(%rsp)
  0x0000796c87fff494:   movq   $0xffffffffffffffff,(%rsp)
  0x0000796c87fff49c:   call   0x0000796c8f583460           ; ImmutableOopMap {rsi=Oop rdx=Oop [56]=Oop }
                                                            ;*synchronization entry
                                                            ; - java.util.jar.JarFile::isMultiRelease@-1 (line 372)
                                                            ; - java.util.jar.JarFile::getEntry@1 (line 500)
                                                            ;   {runtime_call counter_overflow_blob (C1 runtime)}
  0x0000796c87fff4a1:   jmp    0x0000796c87fff1f3
  0x0000796c87fff4a6:   mov    %rax,(%rsp)
  0x0000796c87fff4aa:   call   0x0000796c8f5801e0           ; ImmutableOopMap {}
                                                            ;*checkcast {reexecute=0 rethrow=0 return_oop=0}
                                                            ; - java.util.jar.JarFile::getEntry@23 (line 503)
                                                            ;   {runtime_call throw_class_cast_exception_blob (C1 runtime)}
  0x0000796c87fff4af:   movabs $0x796c87fff421,%r10         ;   {internal_word}
  0x0000796c87fff4b9:   mov    %r10,0x510(%r15)
  0x0000796c87fff4c0:   jmp    0x0000796c8f4afb60           ;   {runtime_call SafepointBlob}
  0x0000796c87fff4c5:   movabs $0x796c87fff459,%r10         ;   {internal_word}
  0x0000796c87fff4cf:   mov    %r10,0x510(%r15)
  0x0000796c87fff4d6:   jmp    0x0000796c8f4afb60           ;   {runtime_call SafepointBlob}
  0x0000796c87fff4db:   mov    0x5c0(%r15),%rax
  0x0000796c87fff4e2:   movq   $0x0,0x5c0(%r15)
  0x0000796c87fff4ed:   movq   $0x0,0x5c8(%r15)
  0x0000796c87fff4f8:   add    $0x50,%rsp
  0x0000796c87fff4fc:   pop    %rbp
  0x0000796c87fff4fd:   jmp    0x0000796c8f57bbe0           ;   {runtime_call unwind_exception_blob (C1 runtime)}
  0x0000796c87fff502:   hlt    
  0x0000796c87fff503:   hlt    
  0x0000796c87fff504:   hlt    
  0x0000796c87fff505:   hlt    
  0x0000796c87fff506:   hlt    
  0x0000796c87fff507:   hlt    
[Stub Code]
  0x0000796c87fff508:   nopl   0x0(%rax,%rax,1)             ;   {other}
  0x0000796c87fff50d:   movabs $0x0,%rbx                    ;   {static_stub}
  0x0000796c87fff517:   jmp    0x0000796c87fff517           ;   {runtime_call nmethod}
  0x0000796c87fff51c:   nop
  0x0000796c87fff51d:   movabs $0x0,%rbx                    ;   {static_stub}
  0x0000796c87fff527:   jmp    0x0000796c87fff527           ;   {runtime_call nmethod}
  0x0000796c87fff52c:   movabs $0x0,%rbx                    ;   {static_stub}
  0x0000796c87fff536:   jmp    0x0000796c87fff536           ;   {runtime_call nmethod}
  0x0000796c87fff53b:   movabs $0x0,%rbx                    ;   {static_stub}
  0x0000796c87fff545:   jmp    0x0000796c87fff545           ;   {runtime_call nmethod}
[Exception Handler]
  0x0000796c87fff54a:   call   0x0000796c8f57f760           ;   {runtime_call handle_exception_from_callee_blob (C1 runtime)}
  0x0000796c87fff54f:   movabs $0x796ca753aec4,%rdi         ;   {external_word}
  0x0000796c87fff559:   and    $0xfffffffffffffff0,%rsp
  0x0000796c87fff55d:   call   0x0000796ca6f91cc0           ;   {runtime_call MacroAssembler::debug64(char*, long, long*)}
  0x0000796c87fff562:   hlt    
  0x0000796c87fff563:   call   0x0000796c8f4afe60           ;   {runtime_call DeoptimizationBlob}
[Deopt Handler Entry Point]
  0x0000796c87fff568:   jmp    0x0000796c87fff563
  0x0000796c87fff56a:   hlt    
  0x0000796c87fff56b:   hlt    
  0x0000796c87fff56c:   hlt    
  0x0000796c87fff56d:   hlt    
  0x0000796c87fff56e:   hlt    
  0x0000796c87fff56f:   hlt    
--------------------------------------------------------------------------------
[/Disassembly]
