
============================= C1-compiled nmethod ==============================
----------------------------------- Assembly -----------------------------------

Compiled method (c1) 681   53       3       java.lang.AbstractStringBuilder::charAt (51 bytes)
 total in heap  [0x00007fcaf3fff008,0x00007fcaf3fff4a0] = 1176
 main code      [0x00007fcaf3fff100,0x00007fcaf3fff478] = 888
 stub code      [0x00007fcaf3fff478,0x00007fcaf3fff498] = 32
 oops           [0x00007fcaf3fff498,0x00007fcaf3fff4a0] = 8
 mutable data [0x00007fca9c000ba0,0x00007fca9c000c30] = 144
 relocation     [0x00007fca9c000ba0,0x00007fca9c000c00] = 96
 metadata       [0x00007fca9c000c00,0x00007fca9c000c30] = 48
 immutable data [0x00007fca9c034ed0,0x00007fca9c0351ac] = 732
 dependencies   [0x00007fca9c034ed0,0x00007fca9c034ee0] = 16
 nul chk table  [0x00007fca9c034ee0,0x00007fca9c034ef0] = 16
 scopes pcs     [0x00007fca9c034ef0,0x00007fca9c0350a0] = 432
 scopes data    [0x00007fca9c0350a0,0x00007fca9c0351a8] = 264

[Disassembly]
--------------------------------------------------------------------------------
[Constant Pool (empty)]

--------------------------------------------------------------------------------

[Instructions begin]
  0x00007fcaf3fff100:   data16 data16 nopw 0x0(%rax,%rax,1)
  0x00007fcaf3fff10b:   data16 data16 xchg %ax,%ax
  0x00007fcaf3fff10f:   data16 xchg %ax,%ax
[Entry Point]
  # {method} {0x00000000671b5a30} &apos;charAt&apos; &apos;(I)C&apos; in &apos;java/lang/AbstractStringBuilder&apos;
  # this:     rsi:rsi   = &apos;java/lang/AbstractStringBuilder&apos;
  # parm0:    rdx       = int
  #           [sp+0x60]  (sp of caller)
  0x00007fcaf3fff112:   mov    0x8(%rsi),%r10d
  0x00007fcaf3fff116:   cmp    0x8(%rax),%r10d
  0x00007fcaf3fff11a:   jne    0x00007fcafb4ad6e0           ;   {runtime_call ic_miss_blob (shared runtime)}
[Verified Entry Point]
  0x00007fcaf3fff120:   mov    %eax,-0x14000(%rsp)
  0x00007fcaf3fff127:   push   %rbp
  0x00007fcaf3fff128:   sub    $0x50,%rsp
  0x00007fcaf3fff12c:   cmpl   $0x1,0x20(%r15)
  0x00007fcaf3fff134:   je     0x00007fcaf3fff13b
  0x00007fcaf3fff136:   call   Stub::method_entry_barrier_stub (stub gen)
                                                            ;   {runtime_call Stub::method_entry_barrier_stub (stub gen)}
  0x00007fcaf3fff13b:   movabs $0x7fcaa832f5a0,%rcx         ;   {metadata(method data for {method} {0x00000000671b5a30} &apos;charAt&apos; &apos;(I)C&apos; in &apos;java/lang/AbstractStringBuilder&apos;)}
  0x00007fcaf3fff145:   mov    0x90(%rcx),%eax
  0x00007fcaf3fff14b:   add    $0x2,%eax
  0x00007fcaf3fff14e:   mov    %eax,0x90(%rcx)
  0x00007fcaf3fff154:   and    $0x7fe,%eax
  0x00007fcaf3fff159:   test   %eax,%eax
  0x00007fcaf3fff15b:   je     0x00007fcaf3fff36d           ;*aload_0 {reexecute=0 rethrow=0 return_oop=0}
                                                            ; - java.lang.AbstractStringBuilder::charAt@0 (line 425)
  0x00007fcaf3fff161:   movsbl 0x10(%rsi),%eax              ;*getfield coder {reexecute=0 rethrow=0 return_oop=0}
                                                            ; - java.lang.AbstractStringBuilder::charAt@1 (line 425)
  0x00007fcaf3fff165:   mov    0x14(%rsi),%edi
  0x00007fcaf3fff168:   shl    $0x3,%rdi                    ;*getfield value {reexecute=0 rethrow=0 return_oop=0}
                                                            ; - java.lang.AbstractStringBuilder::charAt@6 (line 426)
  0x00007fcaf3fff16c:   mov    0xc(%rsi),%esi               ;*getfield count {reexecute=0 rethrow=0 return_oop=0}
                                                            ; - java.lang.AbstractStringBuilder::charAt@11 (line 428)
  0x00007fcaf3fff16f:   mov    0xc(%rdi),%ebx               ; implicit exception: dispatches to 0x00007fcaf3fff38e
                                                            ;*arraylength {reexecute=0 rethrow=0 return_oop=0}
                                                            ; - java.lang.AbstractStringBuilder::charAt@15 (line 428)
  0x00007fcaf3fff172:   mov    %rax,%rcx
  0x00007fcaf3fff175:   sar    %cl,%ebx
  0x00007fcaf3fff177:   movabs $0x7fcaa832f5a0,%rcx         ;   {metadata(method data for {method} {0x00000000671b5a30} &apos;charAt&apos; &apos;(I)C&apos; in &apos;java/lang/AbstractStringBuilder&apos;)}
  0x00007fcaf3fff181:   addq   $0x1,0xd8(%rcx)
  0x00007fcaf3fff189:   movabs $0x7fcaa832f320,%rcx         ;   {metadata(method data for {method} {0x0000000067490a88} &apos;min&apos; &apos;(II)I&apos; in &apos;java/lang/Math&apos;)}
  0x00007fcaf3fff193:   mov    0x90(%rcx),%r8d
  0x00007fcaf3fff19a:   add    $0x2,%r8d
  0x00007fcaf3fff19e:   mov    %r8d,0x90(%rcx)
  0x00007fcaf3fff1a5:   and    $0x1ffffe,%r8d
  0x00007fcaf3fff1ac:   test   %r8d,%r8d
  0x00007fcaf3fff1af:   je     0x00007fcaf3fff393
  0x00007fcaf3fff1b5:   cmp    %ebx,%esi
  0x00007fcaf3fff1b7:   movabs $0x7fcaa832f320,%rcx         ;   {metadata(method data for {method} {0x0000000067490a88} &apos;min&apos; &apos;(II)I&apos; in &apos;java/lang/Math&apos;)}
  0x00007fcaf3fff1c1:   mov    $0xd8,%r8d
  0x00007fcaf3fff1c7:   jg     0x00007fcaf3fff1cf
  0x00007fcaf3fff1c9:   mov    $0xe8,%r8d
  0x00007fcaf3fff1cf:   mov    (%rcx,%r8,1),%r9
  0x00007fcaf3fff1d3:   lea    0x1(%r9),%r9
  0x00007fcaf3fff1d7:   mov    %r9,(%rcx,%r8,1)
  0x00007fcaf3fff1db:   jg     0x00007fcaf3fff1f6           ;*if_icmpgt {reexecute=0 rethrow=0 return_oop=0}
                                                            ; - java.lang.Math::min@2 (line 2120)
                                                            ; - java.lang.AbstractStringBuilder::charAt@18 (line 428)
  0x00007fcaf3fff1e1:   movabs $0x7fcaa832f320,%rbx         ;   {metadata(method data for {method} {0x0000000067490a88} &apos;min&apos; &apos;(II)I&apos; in &apos;java/lang/Math&apos;)}
  0x00007fcaf3fff1eb:   incl   0xf8(%rbx)
  0x00007fcaf3fff1f1:   jmp    0x00007fcaf3fff1f9           ;*goto {reexecute=0 rethrow=0 return_oop=0}
                                                            ; - java.lang.Math::min@6 (line 2120)
                                                            ; - java.lang.AbstractStringBuilder::charAt@18 (line 428)
  0x00007fcaf3fff1f6:   mov    %rbx,%rsi                    ;*ireturn {reexecute=0 rethrow=0 return_oop=0}
                                                            ; - java.lang.Math::min@10 (line 2120)
                                                            ; - java.lang.AbstractStringBuilder::charAt@18 (line 428)
  0x00007fcaf3fff1f9:   movabs $0x7fcaa832f5a0,%rbx         ;   {metadata(method data for {method} {0x00000000671b5a30} &apos;charAt&apos; &apos;(I)C&apos; in &apos;java/lang/AbstractStringBuilder&apos;)}
  0x00007fcaf3fff203:   addq   $0x1,0xe8(%rbx)
  0x00007fcaf3fff20b:   movabs $0x7fcaa832f1f0,%rbx         ;   {metadata(method data for {method} {0x00000000674a1c00} &apos;checkIndex&apos; &apos;(II)V&apos; in &apos;java/lang/String&apos;)}
  0x00007fcaf3fff215:   mov    0x90(%rbx),%ecx
  0x00007fcaf3fff21b:   add    $0x2,%ecx
  0x00007fcaf3fff21e:   mov    %ecx,0x90(%rbx)
  0x00007fcaf3fff224:   and    $0x1ffffe,%ecx
  0x00007fcaf3fff22a:   test   %ecx,%ecx
  0x00007fcaf3fff22c:   je     0x00007fcaf3fff3b4
  0x00007fcaf3fff232:   movabs $0x7fcaa832f1f0,%rbx         ;   {metadata(method data for {method} {0x00000000674a1c00} &apos;checkIndex&apos; &apos;(II)V&apos; in &apos;java/lang/String&apos;)}
  0x00007fcaf3fff23c:   addq   $0x1,0xd8(%rbx)
  0x00007fcaf3fff244:   movabs $0x4200336e0,%rbx            ;   {oop(a &apos;jdk/internal/util/Preconditions$4&apos;{0x00000004200336e0})}
  0x00007fcaf3fff24e:   mov    $0x0,%ebx
  0x00007fcaf3fff253:   cmp    %ebx,%edx
  0x00007fcaf3fff255:   jl     0x00007fcaf3fff3d5
  0x00007fcaf3fff25b:   cmp    %esi,%edx
  0x00007fcaf3fff25d:   jge    0x00007fcaf3fff3e2
  0x00007fcaf3fff263:   mov    %rdx,%rsi                    ;*invokestatic checkIndex {reexecute=0 rethrow=0 return_oop=0}
                                                            ; - java.lang.String::checkIndex@5 (line 5198)
                                                            ; - java.lang.AbstractStringBuilder::charAt@26 (line 429)
  0x00007fcaf3fff266:   movabs $0x7fcaa832f5a0,%rsi         ;   {metadata(method data for {method} {0x00000000671b5a30} &apos;charAt&apos; &apos;(I)C&apos; in &apos;java/lang/AbstractStringBuilder&apos;)}
  0x00007fcaf3fff270:   addq   $0x1,0xf8(%rsi)
  0x00007fcaf3fff278:   movabs $0x7fcaa832f450,%rsi         ;   {metadata(method data for {method} {0x00000000671b64d8} &apos;isLatin1&apos; &apos;(B)Z&apos; in &apos;java/lang/AbstractStringBuilder&apos;)}
  0x00007fcaf3fff282:   mov    0x90(%rsi),%ebx
  0x00007fcaf3fff288:   add    $0x2,%ebx
  0x00007fcaf3fff28b:   mov    %ebx,0x90(%rsi)
  0x00007fcaf3fff291:   and    $0x1ffffe,%ebx
  0x00007fcaf3fff297:   test   %ebx,%ebx
  0x00007fcaf3fff299:   je     0x00007fcaf3fff3ef
  0x00007fcaf3fff29f:   movabs $0x7fcaa832f450,%rsi         ;   {metadata(method data for {method} {0x00000000671b64d8} &apos;isLatin1&apos; &apos;(B)Z&apos; in &apos;java/lang/AbstractStringBuilder&apos;)}
  0x00007fcaf3fff2a9:   incl   0xe8(%rsi)                   ;*ifeq {reexecute=0 rethrow=0 return_oop=0}
                                                            ; - java.lang.AbstractStringBuilder::isLatin1@3 (line 1839)
                                                            ; - java.lang.AbstractStringBuilder::charAt@30 (line 430)
  0x00007fcaf3fff2af:   test   %eax,%eax
  0x00007fcaf3fff2b1:   movabs $0x7fcaa832f450,%rax         ;   {metadata(method data for {method} {0x00000000671b64d8} &apos;isLatin1&apos; &apos;(B)Z&apos; in &apos;java/lang/AbstractStringBuilder&apos;)}
  0x00007fcaf3fff2bb:   mov    $0xf8,%esi
  0x00007fcaf3fff2c0:   jne    0x00007fcaf3fff2c7
  0x00007fcaf3fff2c2:   mov    $0x108,%esi
  0x00007fcaf3fff2c7:   mov    (%rax,%rsi,1),%rbx
  0x00007fcaf3fff2cb:   lea    0x1(%rbx),%rbx
  0x00007fcaf3fff2cf:   mov    %rbx,(%rax,%rsi,1)
  0x00007fcaf3fff2d3:   jne    0x00007fcaf3fff2f3           ;*ifne {reexecute=0 rethrow=0 return_oop=0}
                                                            ; - java.lang.AbstractStringBuilder::isLatin1@7 (line 1839)
                                                            ; - java.lang.AbstractStringBuilder::charAt@30 (line 430)
  0x00007fcaf3fff2d9:   movabs $0x7fcaa832f450,%rax         ;   {metadata(method data for {method} {0x00000000671b64d8} &apos;isLatin1&apos; &apos;(B)Z&apos; in &apos;java/lang/AbstractStringBuilder&apos;)}
  0x00007fcaf3fff2e3:   incl   0x118(%rax)
  0x00007fcaf3fff2e9:   mov    $0x1,%eax
  0x00007fcaf3fff2ee:   jmp    0x00007fcaf3fff2f8           ;*goto {reexecute=0 rethrow=0 return_oop=0}
                                                            ; - java.lang.AbstractStringBuilder::isLatin1@11 (line 1839)
                                                            ; - java.lang.AbstractStringBuilder::charAt@30 (line 430)
  0x00007fcaf3fff2f3:   mov    $0x0,%eax                    ;*ireturn {reexecute=0 rethrow=0 return_oop=0}
                                                            ; - java.lang.AbstractStringBuilder::isLatin1@15 (line 1839)
                                                            ; - java.lang.AbstractStringBuilder::charAt@30 (line 430)
  0x00007fcaf3fff2f8:   and    $0x1,%eax
  0x00007fcaf3fff2fb:   test   %eax,%eax
  0x00007fcaf3fff2fd:   movabs $0x7fcaa832f5a0,%rax         ;   {metadata(method data for {method} {0x00000000671b5a30} &apos;charAt&apos; &apos;(I)C&apos; in &apos;java/lang/AbstractStringBuilder&apos;)}
  0x00007fcaf3fff307:   mov    $0x108,%esi
  0x00007fcaf3fff30c:   je     0x00007fcaf3fff313
  0x00007fcaf3fff30e:   mov    $0x118,%esi
  0x00007fcaf3fff313:   mov    (%rax,%rsi,1),%rbx
  0x00007fcaf3fff317:   lea    0x1(%rbx),%rbx
  0x00007fcaf3fff31b:   mov    %rbx,(%rax,%rsi,1)
  0x00007fcaf3fff31f:   je     0x00007fcaf3fff350           ;*ifeq {reexecute=0 rethrow=0 return_oop=0}
                                                            ; - java.lang.AbstractStringBuilder::charAt@33 (line 430)
  0x00007fcaf3fff325:   cmp    0xc(%rdi),%edx
  0x00007fcaf3fff328:   jae    0x00007fcaf3fff410
  0x00007fcaf3fff32e:   movslq %edx,%rdx
  0x00007fcaf3fff331:   movsbl 0x10(%rdi,%rdx,1),%eax       ;*baload {reexecute=0 rethrow=0 return_oop=0}
                                                            ; - java.lang.AbstractStringBuilder::charAt@38 (line 431)
  0x00007fcaf3fff336:   and    $0xff,%eax
  0x00007fcaf3fff33b:   and    $0xffff,%eax
  0x00007fcaf3fff340:   add    $0x50,%rsp
  0x00007fcaf3fff344:   pop    %rbp
  0x00007fcaf3fff345:   cmp    0x28(%r15),%rsp              ;   {poll_return}
  0x00007fcaf3fff349:   ja     0x00007fcaf3fff41e
  0x00007fcaf3fff34f:   ret                                 ;*ireturn {reexecute=0 rethrow=0 return_oop=0}
                                                            ; - java.lang.AbstractStringBuilder::charAt@44 (line 431)
  0x00007fcaf3fff350:   movslq %edx,%rdx
  0x00007fcaf3fff353:   movzwl 0x10(%rdi,%rdx,2),%eax       ;*invokestatic getChar {reexecute=0 rethrow=0 return_oop=0}
                                                            ; - java.lang.AbstractStringBuilder::charAt@47 (line 433)
  0x00007fcaf3fff358:   and    $0xffff,%eax
  0x00007fcaf3fff35d:   add    $0x50,%rsp
  0x00007fcaf3fff361:   pop    %rbp
  0x00007fcaf3fff362:   cmp    0x28(%r15),%rsp              ;   {poll_return}
  0x00007fcaf3fff366:   ja     0x00007fcaf3fff434
  0x00007fcaf3fff36c:   ret    
  0x00007fcaf3fff36d:   movabs $0x671b5a30,%r10             ;   {metadata({method} {0x00000000671b5a30} &apos;charAt&apos; &apos;(I)C&apos; in &apos;java/lang/AbstractStringBuilder&apos;)}
  0x00007fcaf3fff377:   mov    %r10,0x8(%rsp)
  0x00007fcaf3fff37c:   movq   $0xffffffffffffffff,(%rsp)
  0x00007fcaf3fff384:   call   0x00007fcafb581860           ; ImmutableOopMap {rsi=Oop }
                                                            ;*synchronization entry
                                                            ; - java.lang.AbstractStringBuilder::charAt@-1 (line 425)
                                                            ;   {runtime_call counter_overflow_blob (C1 runtime)}
  0x00007fcaf3fff389:   jmp    0x00007fcaf3fff161
  0x00007fcaf3fff38e:   call   0x00007fcafb57b8e0           ; ImmutableOopMap {rdi=Oop }
                                                            ;*arraylength {reexecute=0 rethrow=0 return_oop=0}
                                                            ; - java.lang.AbstractStringBuilder::charAt@15 (line 428)
                                                            ;   {runtime_call throw_null_pointer_exception_blob (C1 runtime)}
  0x00007fcaf3fff393:   movabs $0x67490a88,%r10             ;   {metadata({method} {0x0000000067490a88} &apos;min&apos; &apos;(II)I&apos; in &apos;java/lang/Math&apos;)}
  0x00007fcaf3fff39d:   mov    %r10,0x8(%rsp)
  0x00007fcaf3fff3a2:   movq   $0xffffffffffffffff,(%rsp)
  0x00007fcaf3fff3aa:   call   0x00007fcafb581860           ; ImmutableOopMap {rdi=Oop }
                                                            ;*synchronization entry
                                                            ; - java.lang.Math::min@-1 (line 2120)
                                                            ; - java.lang.AbstractStringBuilder::charAt@18 (line 428)
                                                            ;   {runtime_call counter_overflow_blob (C1 runtime)}
  0x00007fcaf3fff3af:   jmp    0x00007fcaf3fff1b5
  0x00007fcaf3fff3b4:   movabs $0x674a1c00,%r10             ;   {metadata({method} {0x00000000674a1c00} &apos;checkIndex&apos; &apos;(II)V&apos; in &apos;java/lang/String&apos;)}
  0x00007fcaf3fff3be:   mov    %r10,0x8(%rsp)
  0x00007fcaf3fff3c3:   movq   $0xffffffffffffffff,(%rsp)
  0x00007fcaf3fff3cb:   call   0x00007fcafb581860           ; ImmutableOopMap {rdi=Oop }
                                                            ;*synchronization entry
                                                            ; - java.lang.String::checkIndex@-1 (line 5198)
                                                            ; - java.lang.AbstractStringBuilder::charAt@26 (line 429)
                                                            ;   {runtime_call counter_overflow_blob (C1 runtime)}
  0x00007fcaf3fff3d0:   jmp    0x00007fcaf3fff232
  0x00007fcaf3fff3d5:   movq   $0xffffffffffffffe4,(%rsp)
  0x00007fcaf3fff3dd:   call   0x00007fcafb57fde0           ; ImmutableOopMap {rdi=Oop }
                                                            ;*invokestatic checkIndex {reexecute=0 rethrow=0 return_oop=0}
                                                            ; - java.lang.String::checkIndex@5 (line 5198)
                                                            ; - java.lang.AbstractStringBuilder::charAt@26 (line 429)
                                                            ;   {runtime_call deoptimize_blob (C1 runtime)}
  0x00007fcaf3fff3e2:   movq   $0xffffffffffffffe4,(%rsp)
  0x00007fcaf3fff3ea:   call   0x00007fcafb57fde0           ; ImmutableOopMap {rdi=Oop }
                                                            ;*invokestatic checkIndex {reexecute=0 rethrow=0 return_oop=0}
                                                            ; - java.lang.String::checkIndex@5 (line 5198)
                                                            ; - java.lang.AbstractStringBuilder::charAt@26 (line 429)
                                                            ;   {runtime_call deoptimize_blob (C1 runtime)}
  0x00007fcaf3fff3ef:   movabs $0x671b64d8,%r10             ;   {metadata({method} {0x00000000671b64d8} &apos;isLatin1&apos; &apos;(B)Z&apos; in &apos;java/lang/AbstractStringBuilder&apos;)}
  0x00007fcaf3fff3f9:   mov    %r10,0x8(%rsp)
  0x00007fcaf3fff3fe:   movq   $0xffffffffffffffff,(%rsp)
  0x00007fcaf3fff406:   call   0x00007fcafb581860           ; ImmutableOopMap {rdi=Oop }
                                                            ;*synchronization entry
                                                            ; - java.lang.AbstractStringBuilder::isLatin1@-1 (line 1839)
                                                            ; - java.lang.AbstractStringBuilder::charAt@30 (line 430)
                                                            ;   {runtime_call counter_overflow_blob (C1 runtime)}
  0x00007fcaf3fff40b:   jmp    0x00007fcaf3fff29f
  0x00007fcaf3fff410:   mov    %rdx,(%rsp)
  0x00007fcaf3fff414:   mov    %rdi,0x8(%rsp)
  0x00007fcaf3fff419:   call   0x00007fcafb57afe0           ; ImmutableOopMap {rdi=Oop }
                                                            ;*baload {reexecute=0 rethrow=0 return_oop=0}
                                                            ; - java.lang.AbstractStringBuilder::charAt@38 (line 431)
                                                            ;   {runtime_call throw_range_check_failed_blob (C1 runtime)}
  0x00007fcaf3fff41e:   movabs $0x7fcaf3fff345,%r10         ;   {internal_word}
  0x00007fcaf3fff428:   mov    %r10,0x510(%r15)
  0x00007fcaf3fff42f:   jmp    0x00007fcafb4afb60           ;   {runtime_call SafepointBlob}
  0x00007fcaf3fff434:   movabs $0x7fcaf3fff362,%r10         ;   {internal_word}
  0x00007fcaf3fff43e:   mov    %r10,0x510(%r15)
  0x00007fcaf3fff445:   jmp    0x00007fcafb4afb60           ;   {runtime_call SafepointBlob}
  0x00007fcaf3fff44a:   mov    0x5c0(%r15),%rax
  0x00007fcaf3fff451:   movq   $0x0,0x5c0(%r15)
  0x00007fcaf3fff45c:   movq   $0x0,0x5c8(%r15)
  0x00007fcaf3fff467:   add    $0x50,%rsp
  0x00007fcaf3fff46b:   pop    %rbp
  0x00007fcaf3fff46c:   jmp    0x00007fcafb57a560           ;   {runtime_call unwind_exception_blob (C1 runtime)}
  0x00007fcaf3fff471:   hlt    
  0x00007fcaf3fff472:   hlt    
  0x00007fcaf3fff473:   hlt    
  0x00007fcaf3fff474:   hlt    
  0x00007fcaf3fff475:   hlt    
  0x00007fcaf3fff476:   hlt    
  0x00007fcaf3fff477:   hlt    
[Exception Handler]
  0x00007fcaf3fff478:   call   0x00007fcafb57db60           ;   {runtime_call handle_exception_from_callee_blob (C1 runtime)}
  0x00007fcaf3fff47d:   movabs $0x7fcb1353aec4,%rdi         ;   {external_word}
  0x00007fcaf3fff487:   and    $0xfffffffffffffff0,%rsp
  0x00007fcaf3fff48b:   call   0x00007fcb12f91cc0           ;   {runtime_call MacroAssembler::debug64(char*, long, long*)}
  0x00007fcaf3fff490:   hlt    
  0x00007fcaf3fff491:   call   0x00007fcafb4afe60           ;   {runtime_call DeoptimizationBlob}
[Deopt Handler Entry Point]
  0x00007fcaf3fff496:   jmp    0x00007fcaf3fff491
--------------------------------------------------------------------------------
[/Disassembly]
