
============================= C1-compiled nmethod ==============================
----------------------------------- Assembly -----------------------------------

Compiled method (c1) 615   53       3       java.lang.String::encodeUTF8 (156 bytes)
 total in heap  [0x00007c27d3fff008,0x00007c27d3fff8c8] = 2240
 main code      [0x00007c27d3fff100,0x00007c27d3fff868] = 1896
 stub code      [0x00007c27d3fff868,0x00007c27d3fff8c8] = 96
 mutable data [0x00007c277404d500,0x00007c277404d5f0] = 240
 relocation     [0x00007c277404d500,0x00007c277404d5c8] = 200
 metadata       [0x00007c277404d5c8,0x00007c277404d5f0] = 40
 immutable data [0x00007c277404cf70,0x00007c277404d4f4] = 1412
 dependencies   [0x00007c277404cf70,0x00007c277404cf80] = 16
 nul chk table  [0x00007c277404cf80,0x00007c277404cf90] = 16
 scopes pcs     [0x00007c277404cf90,0x00007c277404d310] = 896
 scopes data    [0x00007c277404d310,0x00007c277404d4f0] = 480

[Disassembly]
--------------------------------------------------------------------------------
[Constant Pool (empty)]

--------------------------------------------------------------------------------

[Verified Entry Point]
  # {method} {0x000000007c4a1050} &apos;encodeUTF8&apos; &apos;(B[BLjava/lang/Class;)[B&apos; in &apos;java/lang/String&apos;
  # parm0:    rsi       = byte
  # parm1:    rdx:rdx   = &apos;[B&apos;
  # parm2:    rcx:rcx   = &apos;java/lang/Class&apos;
  #           [sp+0x80]  (sp of caller)
  0x00007c27d3fff100:   mov    %eax,-0x14000(%rsp)
  0x00007c27d3fff107:   push   %rbp
  0x00007c27d3fff108:   sub    $0x70,%rsp
  0x00007c27d3fff10c:   cmpl   $0x1,0x20(%r15)
  0x00007c27d3fff114:   je     0x00007c27d3fff11b
  0x00007c27d3fff116:   call   Stub::method_entry_barrier_stub (stub gen)
                                                            ;   {runtime_call Stub::method_entry_barrier_stub (stub gen)}
  0x00007c27d3fff11b:   mov    %rdx,0x50(%rsp)
  0x00007c27d3fff120:   movabs $0x7c278c32f708,%rdi         ;   {metadata(method data for {method} {0x000000007c4a1050} &apos;encodeUTF8&apos; &apos;(B[BLjava/lang/Class;)[B&apos; in &apos;java/lang/String&apos;)}
  0x00007c27d3fff12a:   mov    0x90(%rdi),%ebx
  0x00007c27d3fff130:   add    $0x2,%ebx
  0x00007c27d3fff133:   mov    %ebx,0x90(%rdi)
  0x00007c27d3fff139:   and    $0x7fe,%ebx
  0x00007c27d3fff13f:   test   %ebx,%ebx
  0x00007c27d3fff141:   je     0x00007c27d3fff6e4           ;*iload_0 {reexecute=0 rethrow=0 return_oop=0}
                                                            ; - java.lang.String::encodeUTF8@0 (line 1441)
  0x00007c27d3fff147:   cmp    $0x1,%esi
  0x00007c27d3fff14a:   movabs $0x7c278c32f708,%rsi         ;   {metadata(method data for {method} {0x000000007c4a1050} &apos;encodeUTF8&apos; &apos;(B[BLjava/lang/Class;)[B&apos; in &apos;java/lang/String&apos;)}
  0x00007c27d3fff154:   mov    $0xe8,%edi
  0x00007c27d3fff159:   je     0x00007c27d3fff160
  0x00007c27d3fff15b:   mov    $0xd8,%edi
  0x00007c27d3fff160:   mov    (%rsi,%rdi,1),%rbx
  0x00007c27d3fff164:   lea    0x1(%rbx),%rbx
  0x00007c27d3fff168:   mov    %rbx,(%rsi,%rdi,1)
  0x00007c27d3fff16c:   je     0x00007c27d3fff6a9           ;*if_icmpne {reexecute=0 rethrow=0 return_oop=0}
                                                            ; - java.lang.String::encodeUTF8@2 (line 1441)
  0x00007c27d3fff172:   mov    0xc(%rdx),%edi               ; implicit exception: dispatches to 0x00007c27d3fff705
                                                            ;*arraylength {reexecute=0 rethrow=0 return_oop=0}
                                                            ; - java.lang.String::encodeUTF8@14 (line 1445)
  0x00007c27d3fff175:   movabs $0x7c278c32f708,%rsi         ;   {metadata(method data for {method} {0x000000007c4a1050} &apos;encodeUTF8&apos; &apos;(B[BLjava/lang/Class;)[B&apos; in &apos;java/lang/String&apos;)}
  0x00007c27d3fff17f:   addq   $0x1,0x108(%rsi)
  0x00007c27d3fff187:   movabs $0x7c278c32fe70,%rsi         ;   {metadata(method data for {method} {0x000000007c1d8c70} &apos;countPositives&apos; &apos;([BII)I&apos; in &apos;java/lang/StringCoding&apos;)}
  0x00007c27d3fff191:   mov    0x90(%rsi),%ebx
  0x00007c27d3fff197:   add    $0x2,%ebx
  0x00007c27d3fff19a:   mov    %ebx,0x90(%rsi)
  0x00007c27d3fff1a0:   and    $0x1ffffe,%ebx
  0x00007c27d3fff1a6:   test   %ebx,%ebx
  0x00007c27d3fff1a8:   je     0x00007c27d3fff70a
  0x00007c27d3fff1ae:   mov    $0x0,%esi
  0x00007c27d3fff1b3:   jmp    0x00007c27d3fff229           ;*iload {reexecute=0 rethrow=0 return_oop=0}
                                                            ; - java.lang.StringCoding::countPositives@7 (line 92)
                                                            ; - java.lang.String::encodeUTF8@15 (line 1445)
  0x00007c27d3fff1b8:   movslq %esi,%rbx
  0x00007c27d3fff1bb:   movsbl 0x10(%rdx,%rbx,1),%ebx       ;*baload {reexecute=0 rethrow=0 return_oop=0}
                                                            ; - java.lang.StringCoding::countPositives@16 (line 93)
                                                            ; - java.lang.String::encodeUTF8@15 (line 1445)
  0x00007c27d3fff1c0:   test   %ebx,%ebx
  0x00007c27d3fff1c2:   movabs $0x7c278c32fe70,%rbx         ;   {metadata(method data for {method} {0x000000007c1d8c70} &apos;countPositives&apos; &apos;([BII)I&apos; in &apos;java/lang/StringCoding&apos;)}
  0x00007c27d3fff1cc:   mov    $0x108,%eax
  0x00007c27d3fff1d1:   jl     0x00007c27d3fff1d8
  0x00007c27d3fff1d3:   mov    $0xf8,%eax
  0x00007c27d3fff1d8:   mov    (%rbx,%rax,1),%rcx
  0x00007c27d3fff1dc:   lea    0x1(%rcx),%rcx
  0x00007c27d3fff1e0:   mov    %rcx,(%rbx,%rax,1)
  0x00007c27d3fff1e4:   jl     0x00007c27d3fff256           ;*ifge {reexecute=0 rethrow=0 return_oop=0}
                                                            ; - java.lang.StringCoding::countPositives@17 (line 93)
                                                            ; - java.lang.String::encodeUTF8@15 (line 1445)
  0x00007c27d3fff1ea:   inc    %esi
  0x00007c27d3fff1ec:   movabs $0x7c278c32fe70,%rbx         ;   {metadata(method data for {method} {0x000000007c1d8c70} &apos;countPositives&apos; &apos;([BII)I&apos; in &apos;java/lang/StringCoding&apos;)}
  0x00007c27d3fff1f6:   mov    0x94(%rbx),%eax
  0x00007c27d3fff1fc:   add    $0x2,%eax
  0x00007c27d3fff1ff:   mov    %eax,0x94(%rbx)
  0x00007c27d3fff205:   and    $0x3ffe,%eax
  0x00007c27d3fff20a:   test   %eax,%eax
  0x00007c27d3fff20c:   je     0x00007c27d3fff72b           ;*goto {reexecute=0 rethrow=0 return_oop=0}
                                                            ; - java.lang.StringCoding::countPositives@28 (line 92)
                                                            ; - java.lang.String::encodeUTF8@15 (line 1445)
  0x00007c27d3fff212:   mov    0x30(%r15),%r10              ; ImmutableOopMap {rdx=Oop [80]=Oop }
                                                            ;*goto {reexecute=1 rethrow=0 return_oop=0}
                                                            ; - (reexecute) java.lang.StringCoding::countPositives@28 (line 92)
                                                            ; - java.lang.String::encodeUTF8@15 (line 1445)
  0x00007c27d3fff216:   test   %eax,(%r10)                  ;   {poll}
  0x00007c27d3fff219:   movabs $0x7c278c32fe70,%rbx         ;   {metadata(method data for {method} {0x000000007c1d8c70} &apos;countPositives&apos; &apos;([BII)I&apos; in &apos;java/lang/StringCoding&apos;)}
  0x00007c27d3fff223:   incl   0x118(%rbx)                  ;*goto {reexecute=0 rethrow=0 return_oop=0}
                                                            ; - java.lang.StringCoding::countPositives@28 (line 92)
                                                            ; - java.lang.String::encodeUTF8@15 (line 1445)
  0x00007c27d3fff229:   cmp    %edi,%esi
  0x00007c27d3fff22b:   movabs $0x7c278c32fe70,%rbx         ;   {metadata(method data for {method} {0x000000007c1d8c70} &apos;countPositives&apos; &apos;([BII)I&apos; in &apos;java/lang/StringCoding&apos;)}
  0x00007c27d3fff235:   mov    $0xe8,%eax
  0x00007c27d3fff23a:   jl     0x00007c27d3fff241
  0x00007c27d3fff23c:   mov    $0xd8,%eax
  0x00007c27d3fff241:   mov    (%rbx,%rax,1),%rcx
  0x00007c27d3fff245:   lea    0x1(%rcx),%rcx
  0x00007c27d3fff249:   mov    %rcx,(%rbx,%rax,1)
  0x00007c27d3fff24d:   jl     0x00007c27d3fff1b8           ;*if_icmpge {reexecute=0 rethrow=0 return_oop=0}
                                                            ; - java.lang.StringCoding::countPositives@10 (line 92)
                                                            ; - java.lang.String::encodeUTF8@15 (line 1445)
  0x00007c27d3fff253:   mov    %rdi,%rsi                    ;*istore_3 {reexecute=0 rethrow=0 return_oop=0}
                                                            ; - java.lang.String::encodeUTF8@18 (line 1445)
  0x00007c27d3fff256:   cmp    %edi,%esi
  0x00007c27d3fff258:   movabs $0x7c278c32f708,%rbx         ;   {metadata(method data for {method} {0x000000007c4a1050} &apos;encodeUTF8&apos; &apos;(B[BLjava/lang/Class;)[B&apos; in &apos;java/lang/String&apos;)}
  0x00007c27d3fff262:   mov    $0x128,%eax
  0x00007c27d3fff267:   je     0x00007c27d3fff26e
  0x00007c27d3fff269:   mov    $0x118,%eax
  0x00007c27d3fff26e:   mov    (%rbx,%rax,1),%rcx
  0x00007c27d3fff272:   lea    0x1(%rcx),%rcx
  0x00007c27d3fff276:   mov    %rcx,(%rbx,%rax,1)
  0x00007c27d3fff27a:   je     0x00007c27d3fff5dc           ;*if_icmpne {reexecute=0 rethrow=0 return_oop=0}
                                                            ; - java.lang.String::encodeUTF8@22 (line 1446)
  0x00007c27d3fff280:   mov    %esi,0x48(%rsp)
  0x00007c27d3fff284:   movabs $0x7c278c32f708,%rbx         ;   {metadata(method data for {method} {0x000000007c4a1050} &apos;encodeUTF8&apos; &apos;(B[BLjava/lang/Class;)[B&apos; in &apos;java/lang/String&apos;)}
  0x00007c27d3fff28e:   addq   $0x1,0x198(%rbx)
  0x00007c27d3fff296:   movabs $0x7c278c32f368,%rbx         ;   {metadata(method data for {method} {0x000000007c191dc0} &apos;newBytesFor&apos; &apos;(I)[B&apos; in &apos;java/lang/StringUTF16&apos;)}
  0x00007c27d3fff2a0:   mov    0x90(%rbx),%eax
  0x00007c27d3fff2a6:   add    $0x2,%eax
  0x00007c27d3fff2a9:   mov    %eax,0x90(%rbx)
  0x00007c27d3fff2af:   and    $0x1ffffe,%eax
  0x00007c27d3fff2b4:   test   %eax,%eax
  0x00007c27d3fff2b6:   je     0x00007c27d3fff74c
  0x00007c27d3fff2bc:   movabs $0x7c278c32f368,%rbx         ;   {metadata(method data for {method} {0x000000007c191dc0} &apos;newBytesFor&apos; &apos;(I)[B&apos; in &apos;java/lang/StringUTF16&apos;)}
  0x00007c27d3fff2c6:   addq   $0x1,0xd8(%rbx)
  0x00007c27d3fff2ce:   mov    %rdi,%rsi                    ;*invokestatic newBytesLength {reexecute=0 rethrow=0 return_oop=0}
                                                            ; - java.lang.StringUTF16::newBytesFor@1 (line 59)
                                                            ; - java.lang.String::encodeUTF8@35 (line 1450)
  0x00007c27d3fff2d1:   mov    %edi,0x4c(%rsp)
  0x00007c27d3fff2d5:   xchg   %ax,%ax
  0x00007c27d3fff2d7:   call   0x00007c27db4adfe0           ; ImmutableOopMap {[80]=Oop }
                                                            ;*invokestatic newBytesLength {reexecute=0 rethrow=0 return_oop=0}
                                                            ; - java.lang.StringUTF16::newBytesFor@1 (line 59)
                                                            ; - java.lang.String::encodeUTF8@35 (line 1450)
                                                            ;   {static_call}
  0x00007c27d3fff2dc:   nopl   0x10002d4(%rax,%rax,1)       ;*invokestatic newBytesLength {reexecute=0 rethrow=0 return_oop=0}
                                                            ; - java.lang.StringUTF16::newBytesFor@1 (line 59)
                                                            ; - java.lang.String::encodeUTF8@35 (line 1450)
                                                            ;   {post_call_nop}
  0x00007c27d3fff2e4:   mov    %rax,%rbx
  0x00007c27d3fff2e7:   movabs $0x7c175de8,%rdx             ;   {metadata({type array byte})}
  0x00007c27d3fff2f1:   movslq %ebx,%rbx
  0x00007c27d3fff2f4:   mov    %rbx,%rdi
  0x00007c27d3fff2f7:   cmp    $0xffffff,%rbx
  0x00007c27d3fff2fe:   ja     0x00007c27d3fff76d
  0x00007c27d3fff304:   mov    $0x17,%esi
  0x00007c27d3fff309:   lea    (%rsi,%rbx,1),%rsi
  0x00007c27d3fff30d:   and    $0xfffffffffffffff8,%rsi
  0x00007c27d3fff311:   mov    0x1b0(%r15),%rax
  0x00007c27d3fff318:   lea    (%rax,%rsi,1),%rsi
  0x00007c27d3fff31c:   cmp    0x1c0(%r15),%rsi
  0x00007c27d3fff323:   ja     0x00007c27d3fff76d
  0x00007c27d3fff329:   mov    %rsi,0x1b0(%r15)
  0x00007c27d3fff330:   sub    %rax,%rsi
  0x00007c27d3fff333:   movq   $0x1,(%rax)
  0x00007c27d3fff33a:   mov    %rdx,%rcx
  0x00007c27d3fff33d:   mov    $0x7c000000,%r10d
  0x00007c27d3fff343:   sub    %r10,%rcx
  0x00007c27d3fff346:   mov    %ecx,0x8(%rax)
  0x00007c27d3fff349:   mov    %ebx,0xc(%rax)
  0x00007c27d3fff34c:   sub    $0x10,%rsi
  0x00007c27d3fff350:   test   %rsi,%rsi
  0x00007c27d3fff353:   je     0x00007c27d3fff36a
  0x00007c27d3fff359:   xor    %rbx,%rbx
  0x00007c27d3fff35c:   shr    $0x3,%rsi
  0x00007c27d3fff360:   mov    %rbx,0x8(%rax,%rsi,8)
  0x00007c27d3fff365:   dec    %rsi
  0x00007c27d3fff368:   jne    0x00007c27d3fff360           ;*newarray {reexecute=0 rethrow=0 return_oop=0}
                                                            ; - java.lang.StringUTF16::newBytesFor@4 (line 59)
                                                            ; - java.lang.String::encodeUTF8@35 (line 1450)
  0x00007c27d3fff36a:   mov    0x48(%rsp),%esi
  0x00007c27d3fff36e:   test   %esi,%esi
  0x00007c27d3fff370:   movabs $0x7c278c32f708,%rdx         ;   {metadata(method data for {method} {0x000000007c4a1050} &apos;encodeUTF8&apos; &apos;(B[BLjava/lang/Class;)[B&apos; in &apos;java/lang/String&apos;)}
  0x00007c27d3fff37a:   mov    $0x1b8,%ecx
  0x00007c27d3fff37f:   jg     0x00007c27d3fff386
  0x00007c27d3fff381:   mov    $0x1a8,%ecx
  0x00007c27d3fff386:   mov    (%rdx,%rcx,1),%r8
  0x00007c27d3fff38a:   lea    0x1(%r8),%r8
  0x00007c27d3fff38e:   mov    %r8,(%rdx,%rcx,1)
  0x00007c27d3fff392:   jg     0x00007c27d3fff3a2           ;*ifle {reexecute=0 rethrow=0 return_oop=0}
                                                            ; - java.lang.String::encodeUTF8@41 (line 1451)
  0x00007c27d3fff398:   mov    %rax,0x58(%rsp)
  0x00007c27d3fff39d:   jmp    0x00007c27d3fff431           ;*iload_3 {reexecute=0 rethrow=0 return_oop=0}
                                                            ; - java.lang.String::encodeUTF8@53 (line 1454)
  0x00007c27d3fff3a2:   movabs $0x7c278c32f708,%rdx         ;   {metadata(method data for {method} {0x000000007c4a1050} &apos;encodeUTF8&apos; &apos;(B[BLjava/lang/Class;)[B&apos; in &apos;java/lang/String&apos;)}
  0x00007c27d3fff3ac:   addq   $0x1,0x1c8(%rdx)
  0x00007c27d3fff3b4:   mov    %rsi,%rdi
  0x00007c27d3fff3b7:   mov    0x50(%rsp),%rsi
  0x00007c27d3fff3bc:   mov    $0x0,%edx
  0x00007c27d3fff3c1:   mov    %rax,%rcx
  0x00007c27d3fff3c4:   mov    $0x0,%r8d
  0x00007c27d3fff3ca:   mov    %rdi,%r9
  0x00007c27d3fff3cd:   mov    %rax,0x58(%rsp)
  0x00007c27d3fff3d2:   mov    %edi,0x48(%rsp)
  0x00007c27d3fff3d6:   lea    (%rdx,%r9,1),%rdi
  0x00007c27d3fff3da:   cmp    0xc(%rsi),%edi
  0x00007c27d3fff3dd:   ja     0x00007c27d3fff777
  0x00007c27d3fff3e3:   lea    (%r8,%r9,1),%rdi
  0x00007c27d3fff3e7:   cmp    0xc(%rcx),%edi
  0x00007c27d3fff3ea:   ja     0x00007c27d3fff777
  0x00007c27d3fff3f0:   test   %r9d,%r9d
  0x00007c27d3fff3f3:   jl     0x00007c27d3fff777
  0x00007c27d3fff3f9:   movslq %edx,%rdx
  0x00007c27d3fff3fc:   movslq %r8d,%r8
  0x00007c27d3fff3ff:   lea    0x10(%rsi,%rdx,1),%rdi
  0x00007c27d3fff404:   lea    0x10(%rcx,%r8,1),%rsi
  0x00007c27d3fff409:   mov    %r9,%rdx
  0x00007c27d3fff40c:   test   $0xf,%spl
  0x00007c27d3fff410:   je     0x00007c27d3fff428
  0x00007c27d3fff416:   sub    $0x8,%rsp
  0x00007c27d3fff41a:   call   Stub::jbyte_disjoint_arraycopy_stub (stub gen)
                                                            ;   {runtime_call Stub::jbyte_disjoint_arraycopy_stub (stub gen)}
  0x00007c27d3fff41f:   add    $0x8,%rsp
  0x00007c27d3fff423:   jmp    0x00007c27d3fff42d
  0x00007c27d3fff428:   call   Stub::jbyte_disjoint_arraycopy_stub (stub gen)
                                                            ;*invokestatic arraycopy {reexecute=0 rethrow=0 return_oop=0}
                                                            ; - java.lang.String::encodeUTF8@50 (line 1452)
                                                            ;   {runtime_call Stub::jbyte_disjoint_arraycopy_stub (stub gen)}
  0x00007c27d3fff42d:   mov    0x48(%rsp),%esi
  0x00007c27d3fff431:   mov    %rsi,%rax
  0x00007c27d3fff434:   mov    %rsi,%rdx
  0x00007c27d3fff437:   mov    0x58(%rsp),%rsi
  0x00007c27d3fff43c:   mov    0x4c(%rsp),%r9d
  0x00007c27d3fff441:   mov    0x50(%rsp),%r11
  0x00007c27d3fff446:   jmp    0x00007c27d3fff53e           ;*iload {reexecute=0 rethrow=0 return_oop=0}
                                                            ; - java.lang.String::encodeUTF8@60 (line 1455)
  0x00007c27d3fff44b:   nopl   0x0(%rax,%rax,1)
  0x00007c27d3fff450:   cmp    0xc(%r11),%eax
  0x00007c27d3fff454:   jae    0x00007c27d3fff781
  0x00007c27d3fff45a:   movslq %eax,%rdi
  0x00007c27d3fff45d:   movsbl 0x10(%r11,%rdi,1),%edi       ;*baload {reexecute=0 rethrow=0 return_oop=0}
                                                            ; - java.lang.String::encodeUTF8@70 (line 1456)
  0x00007c27d3fff463:   test   %edi,%edi
  0x00007c27d3fff465:   movabs $0x7c278c32f708,%rbx         ;   {metadata(method data for {method} {0x000000007c4a1050} &apos;encodeUTF8&apos; &apos;(B[BLjava/lang/Class;)[B&apos; in &apos;java/lang/String&apos;)}
  0x00007c27d3fff46f:   mov    $0x1f8,%ecx
  0x00007c27d3fff474:   jge    0x00007c27d3fff47b
  0x00007c27d3fff476:   mov    $0x208,%ecx
  0x00007c27d3fff47b:   mov    (%rbx,%rcx,1),%r8
  0x00007c27d3fff47f:   lea    0x1(%r8),%r8
  0x00007c27d3fff483:   mov    %r8,(%rbx,%rcx,1)
  0x00007c27d3fff487:   jge    0x00007c27d3fff4e5           ;*ifge {reexecute=0 rethrow=0 return_oop=0}
                                                            ; - java.lang.String::encodeUTF8@75 (line 1457)
  0x00007c27d3fff48d:   mov    %rdi,%rbx
  0x00007c27d3fff490:   and    $0xff,%ebx
  0x00007c27d3fff496:   sar    $0x6,%ebx
  0x00007c27d3fff499:   or     $0xc0,%ebx
  0x00007c27d3fff49f:   cmp    0xc(%rsi),%edx
  0x00007c27d3fff4a2:   jae    0x00007c27d3fff78f
  0x00007c27d3fff4a8:   movslq %edx,%rcx
  0x00007c27d3fff4ab:   mov    %bl,0x10(%rsi,%rcx,1)        ;*bastore {reexecute=0 rethrow=0 return_oop=0}
                                                            ; - java.lang.String::encodeUTF8@99 (line 1458)
  0x00007c27d3fff4af:   inc    %edx
  0x00007c27d3fff4b1:   mov    %rdx,%rbx
  0x00007c27d3fff4b4:   inc    %ebx
  0x00007c27d3fff4b6:   and    $0x3f,%edi
  0x00007c27d3fff4b9:   or     $0x80,%edi
  0x00007c27d3fff4bf:   cmp    0xc(%rsi),%edx
  0x00007c27d3fff4c2:   jae    0x00007c27d3fff79d
  0x00007c27d3fff4c8:   movslq %edx,%rdx
  0x00007c27d3fff4cb:   mov    %dil,0x10(%rsi,%rdx,1)       ;*bastore {reexecute=0 rethrow=0 return_oop=0}
                                                            ; - java.lang.String::encodeUTF8@117 (line 1459)
  0x00007c27d3fff4d0:   movabs $0x7c278c32f708,%rdx         ;   {metadata(method data for {method} {0x000000007c4a1050} &apos;encodeUTF8&apos; &apos;(B[BLjava/lang/Class;)[B&apos; in &apos;java/lang/String&apos;)}
  0x00007c27d3fff4da:   incl   0x218(%rdx)
  0x00007c27d3fff4e0:   jmp    0x00007c27d3fff4fb           ;*goto {reexecute=0 rethrow=0 return_oop=0}
                                                            ; - java.lang.String::encodeUTF8@118 (line 1459)
  0x00007c27d3fff4e5:   mov    %rdx,%rbx
  0x00007c27d3fff4e8:   inc    %ebx
  0x00007c27d3fff4ea:   cmp    0xc(%rsi),%edx
  0x00007c27d3fff4ed:   jae    0x00007c27d3fff7ab
  0x00007c27d3fff4f3:   movslq %edx,%rdx
  0x00007c27d3fff4f6:   mov    %dil,0x10(%rsi,%rdx,1)       ;*bastore {reexecute=0 rethrow=0 return_oop=0}
                                                            ; - java.lang.String::encodeUTF8@130 (line 1461)
  0x00007c27d3fff4fb:   inc    %eax
  0x00007c27d3fff4fd:   movabs $0x7c278c32f708,%rdx         ;   {metadata(method data for {method} {0x000000007c4a1050} &apos;encodeUTF8&apos; &apos;(B[BLjava/lang/Class;)[B&apos; in &apos;java/lang/String&apos;)}
  0x00007c27d3fff507:   mov    0x94(%rdx),%edi
  0x00007c27d3fff50d:   add    $0x2,%edi
  0x00007c27d3fff510:   mov    %edi,0x94(%rdx)
  0x00007c27d3fff516:   and    $0x3ffe,%edi
  0x00007c27d3fff51c:   test   %edi,%edi
  0x00007c27d3fff51e:   je     0x00007c27d3fff7b9           ;*goto {reexecute=0 rethrow=0 return_oop=0}
                                                            ; - java.lang.String::encodeUTF8@134 (line 1455)
  0x00007c27d3fff524:   mov    0x30(%r15),%r10              ; ImmutableOopMap {rsi=Oop r11=Oop [80]=Oop }
                                                            ;*goto {reexecute=1 rethrow=0 return_oop=0}
                                                            ; - (reexecute) java.lang.String::encodeUTF8@134 (line 1455)
  0x00007c27d3fff528:   test   %eax,(%r10)                  ;   {poll}
  0x00007c27d3fff52b:   movabs $0x7c278c32f708,%rdx         ;   {metadata(method data for {method} {0x000000007c4a1050} &apos;encodeUTF8&apos; &apos;(B[BLjava/lang/Class;)[B&apos; in &apos;java/lang/String&apos;)}
  0x00007c27d3fff535:   incl   0x230(%rdx)
  0x00007c27d3fff53b:   mov    %rbx,%rdx                    ;*goto {reexecute=0 rethrow=0 return_oop=0}
                                                            ; - java.lang.String::encodeUTF8@134 (line 1455)
  0x00007c27d3fff53e:   cmp    %r9d,%eax
  0x00007c27d3fff541:   movabs $0x7c278c32f708,%rdi         ;   {metadata(method data for {method} {0x000000007c4a1050} &apos;encodeUTF8&apos; &apos;(B[BLjava/lang/Class;)[B&apos; in &apos;java/lang/String&apos;)}
  0x00007c27d3fff54b:   mov    $0x1e8,%ebx
  0x00007c27d3fff550:   jl     0x00007c27d3fff557
  0x00007c27d3fff552:   mov    $0x1d8,%ebx
  0x00007c27d3fff557:   mov    (%rdi,%rbx,1),%rcx
  0x00007c27d3fff55b:   lea    0x1(%rcx),%rcx
  0x00007c27d3fff55f:   mov    %rcx,(%rdi,%rbx,1)
  0x00007c27d3fff563:   jl     0x00007c27d3fff450           ;*if_icmpge {reexecute=0 rethrow=0 return_oop=0}
                                                            ; - java.lang.String::encodeUTF8@64 (line 1455)
  0x00007c27d3fff569:   mov    0xc(%rsi),%eax               ;*arraylength {reexecute=0 rethrow=0 return_oop=0}
                                                            ; - java.lang.String::encodeUTF8@141 (line 1464)
  0x00007c27d3fff56c:   cmp    %eax,%edx
  0x00007c27d3fff56e:   movabs $0x7c278c32f708,%rax         ;   {metadata(method data for {method} {0x000000007c4a1050} &apos;encodeUTF8&apos; &apos;(B[BLjava/lang/Class;)[B&apos; in &apos;java/lang/String&apos;)}
  0x00007c27d3fff578:   mov    $0x248,%edi
  0x00007c27d3fff57d:   jne    0x00007c27d3fff584
  0x00007c27d3fff57f:   mov    $0x258,%edi
  0x00007c27d3fff584:   mov    (%rax,%rdi,1),%rbx
  0x00007c27d3fff588:   lea    0x1(%rbx),%rbx
  0x00007c27d3fff58c:   mov    %rbx,(%rax,%rdi,1)
  0x00007c27d3fff590:   jne    0x00007c27d3fff5a9           ;*if_icmpne {reexecute=0 rethrow=0 return_oop=0}
                                                            ; - java.lang.String::encodeUTF8@142 (line 1464)
  0x00007c27d3fff596:   mov    %rsi,%rax
  0x00007c27d3fff599:   add    $0x70,%rsp
  0x00007c27d3fff59d:   pop    %rbp
  0x00007c27d3fff59e:   cmp    0x28(%r15),%rsp              ;   {poll_return}
  0x00007c27d3fff5a2:   ja     0x00007c27d3fff7da
  0x00007c27d3fff5a8:   ret                                 ;*areturn {reexecute=0 rethrow=0 return_oop=0}
                                                            ; - java.lang.String::encodeUTF8@147 (line 1465)
  0x00007c27d3fff5a9:   movabs $0x7c278c32f708,%rdi         ;   {metadata(method data for {method} {0x000000007c4a1050} &apos;encodeUTF8&apos; &apos;(B[BLjava/lang/Class;)[B&apos; in &apos;java/lang/String&apos;)}
  0x00007c27d3fff5b3:   addq   $0x1,0x268(%rdi)
  0x00007c27d3fff5bb:   nopl   0x0(%rax)
  0x00007c27d3fff5bf:   call   0x00007c27db4adfe0           ; ImmutableOopMap {}
                                                            ;*invokestatic copyOf {reexecute=0 rethrow=0 return_oop=0}
                                                            ; - java.lang.String::encodeUTF8@152 (line 1467)
                                                            ;   {static_call}
  0x00007c27d3fff5c4:   nopl   0x30005bc(%rax,%rax,1)       ;*invokestatic copyOf {reexecute=0 rethrow=0 return_oop=0}
                                                            ; - java.lang.String::encodeUTF8@152 (line 1467)
                                                            ;   {post_call_nop}
  0x00007c27d3fff5cc:   add    $0x70,%rsp
  0x00007c27d3fff5d0:   pop    %rbp
  0x00007c27d3fff5d1:   cmp    0x28(%r15),%rsp              ;   {poll_return}
  0x00007c27d3fff5d5:   ja     0x00007c27d3fff7f0
  0x00007c27d3fff5db:   ret                                 ;*areturn {reexecute=0 rethrow=0 return_oop=0}
                                                            ; - java.lang.String::encodeUTF8@155 (line 1467)
  0x00007c27d3fff5dc:   mov    %rdi,%r9
  0x00007c27d3fff5df:   mov    %rdx,%r11
  0x00007c27d3fff5e2:   mov    %r9,%rbx
  0x00007c27d3fff5e5:   movabs $0x7c175de8,%rdx             ;   {metadata({type array byte})}
  0x00007c27d3fff5ef:   movslq %ebx,%rbx
  0x00007c27d3fff5f2:   mov    %rbx,%rdi
  0x00007c27d3fff5f5:   cmp    $0xffffff,%rbx
  0x00007c27d3fff5fc:   ja     0x00007c27d3fff806
  0x00007c27d3fff602:   mov    $0x17,%esi
  0x00007c27d3fff607:   lea    (%rsi,%rbx,1),%rsi
  0x00007c27d3fff60b:   and    $0xfffffffffffffff8,%rsi
  0x00007c27d3fff60f:   mov    0x1b0(%r15),%rax
  0x00007c27d3fff616:   lea    (%rax,%rsi,1),%rsi
  0x00007c27d3fff61a:   cmp    0x1c0(%r15),%rsi
  0x00007c27d3fff621:   ja     0x00007c27d3fff806
  0x00007c27d3fff627:   mov    %rsi,0x1b0(%r15)
  0x00007c27d3fff62e:   sub    %rax,%rsi
  0x00007c27d3fff631:   movq   $0x1,(%rax)
  0x00007c27d3fff638:   mov    %rdx,%rcx
  0x00007c27d3fff63b:   mov    $0x7c000000,%r10d
  0x00007c27d3fff641:   sub    %r10,%rcx
  0x00007c27d3fff644:   mov    %ecx,0x8(%rax)
  0x00007c27d3fff647:   mov    %ebx,0xc(%rax)
  0x00007c27d3fff64a:   mov    %r11,%rsi
  0x00007c27d3fff64d:   mov    $0x0,%edx
  0x00007c27d3fff652:   mov    %rax,%rcx
  0x00007c27d3fff655:   mov    $0x0,%r8d
  0x00007c27d3fff65b:   mov    %rax,0x60(%rsp)
  0x00007c27d3fff660:   movslq %edx,%rdx
  0x00007c27d3fff663:   movslq %r8d,%r8
  0x00007c27d3fff666:   lea    0x10(%rsi,%rdx,1),%rdi
  0x00007c27d3fff66b:   lea    0x10(%rcx,%r8,1),%rsi
  0x00007c27d3fff670:   mov    %r9,%rdx
  0x00007c27d3fff673:   test   $0xf,%spl
  0x00007c27d3fff677:   je     0x00007c27d3fff68f
  0x00007c27d3fff67d:   sub    $0x8,%rsp
  0x00007c27d3fff681:   call   Stub::jbyte_disjoint_arraycopy_stub (stub gen)
                                                            ;   {runtime_call Stub::jbyte_disjoint_arraycopy_stub (stub gen)}
  0x00007c27d3fff686:   add    $0x8,%rsp
  0x00007c27d3fff68a:   jmp    0x00007c27d3fff694
  0x00007c27d3fff68f:   call   Stub::jbyte_disjoint_arraycopy_stub (stub gen)
                                                            ;*invokevirtual clone {reexecute=0 rethrow=0 return_oop=0}
                                                            ; - java.lang.String::encodeUTF8@26 (line 1447)
                                                            ;   {runtime_call Stub::jbyte_disjoint_arraycopy_stub (stub gen)}
  0x00007c27d3fff694:   mov    0x60(%rsp),%rax
  0x00007c27d3fff699:   add    $0x70,%rsp
  0x00007c27d3fff69d:   pop    %rbp
  0x00007c27d3fff69e:   cmp    0x28(%r15),%rsp              ;   {poll_return}
  0x00007c27d3fff6a2:   ja     0x00007c27d3fff810
  0x00007c27d3fff6a8:   ret                                 ;*areturn {reexecute=0 rethrow=0 return_oop=0}
                                                            ; - java.lang.String::encodeUTF8@32 (line 1447)
  0x00007c27d3fff6a9:   movabs $0x7c278c32f708,%rsi         ;   {metadata(method data for {method} {0x000000007c4a1050} &apos;encodeUTF8&apos; &apos;(B[BLjava/lang/Class;)[B&apos; in &apos;java/lang/String&apos;)}
  0x00007c27d3fff6b3:   addq   $0x1,0xf8(%rsi)
  0x00007c27d3fff6bb:   mov    %rdx,%rsi
  0x00007c27d3fff6be:   mov    %rcx,%rdx                    ;*invokestatic encodeUTF8_UTF16 {reexecute=0 rethrow=0 return_oop=0}
                                                            ; - java.lang.String::encodeUTF8@7 (line 1442)
  0x00007c27d3fff6c1:   nopw   0x0(%rax,%rax,1)
  0x00007c27d3fff6c7:   call   0x00007c27db4adfe0           ; ImmutableOopMap {}
                                                            ;*invokestatic encodeUTF8_UTF16 {reexecute=0 rethrow=0 return_oop=0}
                                                            ; - java.lang.String::encodeUTF8@7 (line 1442)
                                                            ;   {static_call}
  0x00007c27d3fff6cc:   nopl   0x40006c4(%rax,%rax,1)       ;*invokestatic encodeUTF8_UTF16 {reexecute=0 rethrow=0 return_oop=0}
                                                            ; - java.lang.String::encodeUTF8@7 (line 1442)
                                                            ;   {post_call_nop}
  0x00007c27d3fff6d4:   add    $0x70,%rsp
  0x00007c27d3fff6d8:   pop    %rbp
  0x00007c27d3fff6d9:   cmp    0x28(%r15),%rsp              ;   {poll_return}
  0x00007c27d3fff6dd:   ja     0x00007c27d3fff826
  0x00007c27d3fff6e3:   ret    
  0x00007c27d3fff6e4:   movabs $0x7c4a1050,%r10             ;   {metadata({method} {0x000000007c4a1050} &apos;encodeUTF8&apos; &apos;(B[BLjava/lang/Class;)[B&apos; in &apos;java/lang/String&apos;)}
  0x00007c27d3fff6ee:   mov    %r10,0x8(%rsp)
  0x00007c27d3fff6f3:   movq   $0xffffffffffffffff,(%rsp)
  0x00007c27d3fff6fb:   call   0x00007c27db583460           ; ImmutableOopMap {rdx=Oop rcx=Oop [80]=Oop }
                                                            ;*synchronization entry
                                                            ; - java.lang.String::encodeUTF8@-1 (line 1441)
                                                            ;   {runtime_call counter_overflow_blob (C1 runtime)}
  0x00007c27d3fff700:   jmp    0x00007c27d3fff147
  0x00007c27d3fff705:   call   0x00007c27db57cae0           ; ImmutableOopMap {rdx=Oop [80]=Oop }
                                                            ;*arraylength {reexecute=0 rethrow=0 return_oop=0}
                                                            ; - java.lang.String::encodeUTF8@14 (line 1445)
                                                            ;   {runtime_call throw_null_pointer_exception_blob (C1 runtime)}
  0x00007c27d3fff70a:   movabs $0x7c1d8c70,%r10             ;   {metadata({method} {0x000000007c1d8c70} &apos;countPositives&apos; &apos;([BII)I&apos; in &apos;java/lang/StringCoding&apos;)}
  0x00007c27d3fff714:   mov    %r10,0x8(%rsp)
  0x00007c27d3fff719:   movq   $0xffffffffffffffff,(%rsp)
  0x00007c27d3fff721:   call   0x00007c27db583460           ; ImmutableOopMap {rdx=Oop [80]=Oop }
                                                            ;*synchronization entry
                                                            ; - java.lang.StringCoding::countPositives@-1 (line 91)
                                                            ; - java.lang.String::encodeUTF8@15 (line 1445)
                                                            ;   {runtime_call counter_overflow_blob (C1 runtime)}
  0x00007c27d3fff726:   jmp    0x00007c27d3fff1ae
  0x00007c27d3fff72b:   movabs $0x7c1d8c70,%r10             ;   {metadata({method} {0x000000007c1d8c70} &apos;countPositives&apos; &apos;([BII)I&apos; in &apos;java/lang/StringCoding&apos;)}
  0x00007c27d3fff735:   mov    %r10,0x8(%rsp)
  0x00007c27d3fff73a:   movq   $0x1c,(%rsp)
  0x00007c27d3fff742:   call   0x00007c27db583460           ; ImmutableOopMap {rdx=Oop [80]=Oop }
                                                            ;*goto {reexecute=1 rethrow=0 return_oop=0}
                                                            ; - (reexecute) java.lang.StringCoding::countPositives@28 (line 92)
                                                            ; - java.lang.String::encodeUTF8@15 (line 1445)
                                                            ;   {runtime_call counter_overflow_blob (C1 runtime)}
  0x00007c27d3fff747:   jmp    0x00007c27d3fff212
  0x00007c27d3fff74c:   movabs $0x7c191dc0,%r10             ;   {metadata({method} {0x000000007c191dc0} &apos;newBytesFor&apos; &apos;(I)[B&apos; in &apos;java/lang/StringUTF16&apos;)}
  0x00007c27d3fff756:   mov    %r10,0x8(%rsp)
  0x00007c27d3fff75b:   movq   $0xffffffffffffffff,(%rsp)
  0x00007c27d3fff763:   call   0x00007c27db583460           ; ImmutableOopMap {[80]=Oop }
                                                            ;*synchronization entry
                                                            ; - java.lang.StringUTF16::newBytesFor@-1 (line 59)
                                                            ; - java.lang.String::encodeUTF8@35 (line 1450)
                                                            ;   {runtime_call counter_overflow_blob (C1 runtime)}
  0x00007c27d3fff768:   jmp    0x00007c27d3fff2bc
  0x00007c27d3fff76d:   call   0x00007c27db57e3e0           ; ImmutableOopMap {[80]=Oop }
                                                            ;*newarray {reexecute=0 rethrow=0 return_oop=0}
                                                            ; - java.lang.StringUTF16::newBytesFor@4 (line 59)
                                                            ; - java.lang.String::encodeUTF8@35 (line 1450)
                                                            ;   {runtime_call new_type_array_blob (C1 runtime)}
  0x00007c27d3fff772:   jmp    0x00007c27d3fff36a
  0x00007c27d3fff777:   call   0x00007c27db4adfe0           ; ImmutableOopMap {[80]=Oop [88]=Oop }
                                                            ;*invokestatic arraycopy {reexecute=0 rethrow=0 return_oop=0}
                                                            ; - java.lang.String::encodeUTF8@50 (line 1452)
                                                            ;   {static_call}
  0x00007c27d3fff77c:   jmp    0x00007c27d3fff42d
  0x00007c27d3fff781:   mov    %rax,(%rsp)
  0x00007c27d3fff785:   mov    %r11,0x8(%rsp)
  0x00007c27d3fff78a:   call   0x00007c27db57c1e0           ; ImmutableOopMap {rsi=Oop r11=Oop [80]=Oop }
                                                            ;*baload {reexecute=0 rethrow=0 return_oop=0}
                                                            ; - java.lang.String::encodeUTF8@70 (line 1456)
                                                            ;   {runtime_call throw_range_check_failed_blob (C1 runtime)}
  0x00007c27d3fff78f:   mov    %rdx,(%rsp)
  0x00007c27d3fff793:   mov    %rsi,0x8(%rsp)
  0x00007c27d3fff798:   call   0x00007c27db57c1e0           ; ImmutableOopMap {rsi=Oop r11=Oop [80]=Oop }
                                                            ;*bastore {reexecute=0 rethrow=0 return_oop=0}
                                                            ; - java.lang.String::encodeUTF8@99 (line 1458)
                                                            ;   {runtime_call throw_range_check_failed_blob (C1 runtime)}
  0x00007c27d3fff79d:   mov    %rdx,(%rsp)
  0x00007c27d3fff7a1:   mov    %rsi,0x8(%rsp)
  0x00007c27d3fff7a6:   call   0x00007c27db57c1e0           ; ImmutableOopMap {rsi=Oop r11=Oop [80]=Oop }
                                                            ;*bastore {reexecute=0 rethrow=0 return_oop=0}
                                                            ; - java.lang.String::encodeUTF8@117 (line 1459)
                                                            ;   {runtime_call throw_range_check_failed_blob (C1 runtime)}
  0x00007c27d3fff7ab:   mov    %rdx,(%rsp)
  0x00007c27d3fff7af:   mov    %rsi,0x8(%rsp)
  0x00007c27d3fff7b4:   call   0x00007c27db57c1e0           ; ImmutableOopMap {rsi=Oop r11=Oop [80]=Oop }
                                                            ;*bastore {reexecute=0 rethrow=0 return_oop=0}
                                                            ; - java.lang.String::encodeUTF8@130 (line 1461)
                                                            ;   {runtime_call throw_range_check_failed_blob (C1 runtime)}
  0x00007c27d3fff7b9:   movabs $0x7c4a1050,%r10             ;   {metadata({method} {0x000000007c4a1050} &apos;encodeUTF8&apos; &apos;(B[BLjava/lang/Class;)[B&apos; in &apos;java/lang/String&apos;)}
  0x00007c27d3fff7c3:   mov    %r10,0x8(%rsp)
  0x00007c27d3fff7c8:   movq   $0x86,(%rsp)
  0x00007c27d3fff7d0:   call   0x00007c27db583460           ; ImmutableOopMap {rsi=Oop r11=Oop [80]=Oop }
                                                            ;*goto {reexecute=1 rethrow=0 return_oop=0}
                                                            ; - (reexecute) java.lang.String::encodeUTF8@134 (line 1455)
                                                            ;   {runtime_call counter_overflow_blob (C1 runtime)}
  0x00007c27d3fff7d5:   jmp    0x00007c27d3fff524
  0x00007c27d3fff7da:   movabs $0x7c27d3fff59e,%r10         ;   {internal_word}
  0x00007c27d3fff7e4:   mov    %r10,0x510(%r15)
  0x00007c27d3fff7eb:   jmp    0x00007c27db4afb60           ;   {runtime_call SafepointBlob}
  0x00007c27d3fff7f0:   movabs $0x7c27d3fff5d1,%r10         ;   {internal_word}
  0x00007c27d3fff7fa:   mov    %r10,0x510(%r15)
  0x00007c27d3fff801:   jmp    0x00007c27db4afb60           ;   {runtime_call SafepointBlob}
  0x00007c27d3fff806:   call   0x00007c27db57e3e0           ; ImmutableOopMap {r11=Oop [80]=Oop }
                                                            ;*invokevirtual clone {reexecute=1 rethrow=0 return_oop=0}
                                                            ; - (reexecute) java.lang.String::encodeUTF8@26 (line 1447)
                                                            ;   {runtime_call new_type_array_blob (C1 runtime)}
  0x00007c27d3fff80b:   jmp    0x00007c27d3fff64a
  0x00007c27d3fff810:   movabs $0x7c27d3fff69e,%r10         ;   {internal_word}
  0x00007c27d3fff81a:   mov    %r10,0x510(%r15)
  0x00007c27d3fff821:   jmp    0x00007c27db4afb60           ;   {runtime_call SafepointBlob}
  0x00007c27d3fff826:   movabs $0x7c27d3fff6d9,%r10         ;   {internal_word}
  0x00007c27d3fff830:   mov    %r10,0x510(%r15)
  0x00007c27d3fff837:   jmp    0x00007c27db4afb60           ;   {runtime_call SafepointBlob}
  0x00007c27d3fff83c:   mov    0x5c0(%r15),%rax
  0x00007c27d3fff843:   movq   $0x0,0x5c0(%r15)
  0x00007c27d3fff84e:   movq   $0x0,0x5c8(%r15)
  0x00007c27d3fff859:   add    $0x70,%rsp
  0x00007c27d3fff85d:   pop    %rbp
  0x00007c27d3fff85e:   jmp    0x00007c27db57bbe0           ;   {runtime_call unwind_exception_blob (C1 runtime)}
  0x00007c27d3fff863:   hlt    
  0x00007c27d3fff864:   hlt    
  0x00007c27d3fff865:   hlt    
  0x00007c27d3fff866:   hlt    
  0x00007c27d3fff867:   hlt    
[Stub Code]
  0x00007c27d3fff868:   movabs $0x0,%rbx                    ;   {static_stub}
  0x00007c27d3fff872:   jmp    0x00007c27d3fff872           ;   {runtime_call nmethod}
  0x00007c27d3fff877:   movabs $0x0,%rbx                    ;   {static_stub}
  0x00007c27d3fff881:   jmp    0x00007c27d3fff881           ;   {runtime_call nmethod}
  0x00007c27d3fff886:   movabs $0x0,%rbx                    ;   {static_stub}
  0x00007c27d3fff890:   jmp    0x00007c27d3fff890           ;   {runtime_call nmethod}
  0x00007c27d3fff895:   movabs $0x0,%rbx                    ;   {static_stub}
  0x00007c27d3fff89f:   jmp    0x00007c27d3fff89f           ;   {runtime_call nmethod}
[Exception Handler]
  0x00007c27d3fff8a4:   call   0x00007c27db57f2e0           ;   {runtime_call handle_exception_from_callee_blob (C1 runtime)}
  0x00007c27d3fff8a9:   movabs $0x7c27f1f3aec4,%rdi         ;   {external_word}
  0x00007c27d3fff8b3:   and    $0xfffffffffffffff0,%rsp
  0x00007c27d3fff8b7:   call   0x00007c27f1991cc0           ;   {runtime_call MacroAssembler::debug64(char*, long, long*)}
  0x00007c27d3fff8bc:   hlt    
  0x00007c27d3fff8bd:   call   0x00007c27db4afe60           ;   {runtime_call DeoptimizationBlob}
[Deopt Handler Entry Point]
  0x00007c27d3fff8c2:   jmp    0x00007c27d3fff8bd
  0x00007c27d3fff8c4:   hlt    
  0x00007c27d3fff8c5:   hlt    
  0x00007c27d3fff8c6:   hlt    
  0x00007c27d3fff8c7:   hlt    
--------------------------------------------------------------------------------
[/Disassembly]
