
============================= C1-compiled nmethod ==============================
----------------------------------- Assembly -----------------------------------

Compiled method (c1) 276   13       3       java.util.WeakHashMap::hash (28 bytes)
 total in heap  [0x000074e327fff008,0x000074e327fff2b0] = 680
 main code      [0x000074e327fff100,0x000074e327fff278] = 376
 stub code      [0x000074e327fff278,0x000074e327fff2b0] = 56
 mutable data [0x000074e2d0014d60,0x000074e2d0014da0] = 64
 relocation     [0x000074e2d0014d60,0x000074e2d0014d98] = 56
 metadata       [0x000074e2d0014d98,0x000074e2d0014da0] = 8
 immutable data [0x000074e2d0014c90,0x000074e2d0014d54] = 196
 dependencies   [0x000074e2d0014c90,0x000074e2d0014c98] = 8
 nul chk table  [0x000074e2d0014c98,0x000074e2d0014ca8] = 16
 scopes pcs     [0x000074e2d0014ca8,0x000074e2d0014d28] = 128
 scopes data    [0x000074e2d0014d28,0x000074e2d0014d50] = 40

[Disassembly]
--------------------------------------------------------------------------------
[Constant Pool (empty)]

--------------------------------------------------------------------------------

[Instructions begin]
  0x000074e327fff100:   data16 data16 nopw 0x0(%rax,%rax,1)
  0x000074e327fff10b:   data16 data16 xchg %ax,%ax
  0x000074e327fff10f:   data16 xchg %ax,%ax
[Entry Point]
  # {method} {0x000000002446b448} &apos;hash&apos; &apos;(Ljava/lang/Object;)I&apos; in &apos;java/util/WeakHashMap&apos;
  # this:     rsi:rsi   = &apos;java/util/WeakHashMap&apos;
  # parm0:    rdx:rdx   = &apos;java/lang/Object&apos;
  #           [sp+0x40]  (sp of caller)
  0x000074e327fff112:   mov    0x8(%rsi),%r10d
  0x000074e327fff116:   cmp    0x8(%rax),%r10d
  0x000074e327fff11a:   jne    0x000074e32f4ad6e0           ;   {runtime_call ic_miss_blob (shared runtime)}
[Verified Entry Point]
  0x000074e327fff120:   mov    %eax,-0x14000(%rsp)
  0x000074e327fff127:   push   %rbp
  0x000074e327fff128:   sub    $0x30,%rsp
  0x000074e327fff12c:   cmpl   $0x1,0x20(%r15)
  0x000074e327fff134:   je     0x000074e327fff13b
  0x000074e327fff136:   call   Stub::method_entry_barrier_stub (stub gen)
                                                            ;   {runtime_call Stub::method_entry_barrier_stub (stub gen)}
  0x000074e327fff13b:   movabs $0x74e2dc054cf8,%rdi         ;   {metadata(method data for {method} {0x000000002446b448} &apos;hash&apos; &apos;(Ljava/lang/Object;)I&apos; in &apos;java/util/WeakHashMap&apos;)}
  0x000074e327fff145:   mov    0x90(%rdi),%ebx
  0x000074e327fff14b:   add    $0x2,%ebx
  0x000074e327fff14e:   mov    %ebx,0x90(%rdi)
  0x000074e327fff154:   and    $0x7fe,%ebx
  0x000074e327fff15a:   test   %ebx,%ebx
  0x000074e327fff15c:   je     0x000074e327fff215           ;*aload_1 {reexecute=0 rethrow=0 return_oop=0}
                                                            ; - java.util.WeakHashMap::hash@0 (line 310)
  0x000074e327fff162:   cmp    (%rdx),%rax                  ; implicit exception: dispatches to 0x000074e327fff236
  0x000074e327fff165:   mov    %rdx,%rsi
  0x000074e327fff168:   movabs $0x74e2dc054cf8,%rdi         ;   {metadata(method data for {method} {0x000000002446b448} &apos;hash&apos; &apos;(Ljava/lang/Object;)I&apos; in &apos;java/util/WeakHashMap&apos;)}
  0x000074e327fff172:   mov    0x8(%rsi),%esi
  0x000074e327fff175:   mov    $0x24000000,%r10d
  0x000074e327fff17b:   add    %r10,%rsi
  0x000074e327fff17e:   mov    $0x1c,%r10d
  0x000074e327fff184:   cmp    (%rdi,%r10,8),%rsi
  0x000074e327fff188:   je     0x000074e327fff1c1
  0x000074e327fff18a:   add    $0x2,%r10
  0x000074e327fff18e:   cmp    $0x20,%r10
  0x000074e327fff192:   jne    0x000074e327fff184
  0x000074e327fff194:   mov    $0x1c,%r10d
  0x000074e327fff19a:   cmpq   $0x0,(%rdi,%r10,8)
  0x000074e327fff19f:   je     0x000074e327fff1ad
  0x000074e327fff1a1:   add    $0x2,%r10
  0x000074e327fff1a5:   cmp    $0x20,%r10
  0x000074e327fff1a9:   jne    0x000074e327fff19a
  0x000074e327fff1ab:   jmp    0x000074e327fff1b9
  0x000074e327fff1ad:   push   %rax
  0x000074e327fff1ae:   xor    %rax,%rax
  0x000074e327fff1b1:   cmpxchg %rsi,(%rdi,%r10,8)
  0x000074e327fff1b6:   pop    %rax
  0x000074e327fff1b7:   jmp    0x000074e327fff17e
  0x000074e327fff1b9:   mov    $0x1b,%r10d
  0x000074e327fff1bf:   jmp    0x000074e327fff1c5
  0x000074e327fff1c1:   add    $0x1,%r10
  0x000074e327fff1c5:   addq   $0x1,(%rdi,%r10,8)
  0x000074e327fff1ca:   mov    %rdx,%rsi                    ;*invokevirtual hashCode {reexecute=0 rethrow=0 return_oop=0}
                                                            ; - java.util.WeakHashMap::hash@1 (line 310)
  0x000074e327fff1cd:   movabs $0x74e2d0014e40,%rax
  0x000074e327fff1d7:   call   0x000074e32f4adce0           ; ImmutableOopMap {}
                                                            ;*invokevirtual hashCode {reexecute=0 rethrow=0 return_oop=0}
                                                            ; - java.util.WeakHashMap::hash@1 (line 310)
                                                            ;   {virtual_call}
  0x000074e327fff1dc:   nopl   0x1d4(%rax,%rax,1)           ;*invokevirtual hashCode {reexecute=0 rethrow=0 return_oop=0}
                                                            ; - java.util.WeakHashMap::hash@1 (line 310)
                                                            ;   {post_call_nop}
  0x000074e327fff1e4:   mov    %rax,%rsi
  0x000074e327fff1e7:   shr    $0x14,%esi
  0x000074e327fff1ea:   mov    %rax,%rdi
  0x000074e327fff1ed:   shr    $0xc,%edi
  0x000074e327fff1f0:   xor    %rdi,%rsi
  0x000074e327fff1f3:   xor    %rax,%rsi
  0x000074e327fff1f6:   mov    %rsi,%rax
  0x000074e327fff1f9:   shr    $0x7,%eax
  0x000074e327fff1fc:   xor    %rsi,%rax
  0x000074e327fff1ff:   shr    $0x4,%esi
  0x000074e327fff202:   xor    %rsi,%rax
  0x000074e327fff205:   add    $0x30,%rsp
  0x000074e327fff209:   pop    %rbp
  0x000074e327fff20a:   cmp    0x28(%r15),%rsp              ;   {poll_return}
  0x000074e327fff20e:   ja     0x000074e327fff23b
  0x000074e327fff214:   ret    
  0x000074e327fff215:   movabs $0x2446b448,%r10             ;   {metadata({method} {0x000000002446b448} &apos;hash&apos; &apos;(Ljava/lang/Object;)I&apos; in &apos;java/util/WeakHashMap&apos;)}
  0x000074e327fff21f:   mov    %r10,0x8(%rsp)
  0x000074e327fff224:   movq   $0xffffffffffffffff,(%rsp)
  0x000074e327fff22c:   call   0x000074e32f583460           ; ImmutableOopMap {rsi=Oop rdx=Oop }
                                                            ;*synchronization entry
                                                            ; - java.util.WeakHashMap::hash@-1 (line 310)
                                                            ;   {runtime_call counter_overflow_blob (C1 runtime)}
  0x000074e327fff231:   jmp    0x000074e327fff162
  0x000074e327fff236:   call   0x000074e32f57cae0           ; ImmutableOopMap {rdx=Oop }
                                                            ;*invokevirtual hashCode {reexecute=0 rethrow=0 return_oop=0}
                                                            ; - java.util.WeakHashMap::hash@1 (line 310)
                                                            ;   {runtime_call throw_null_pointer_exception_blob (C1 runtime)}
  0x000074e327fff23b:   movabs $0x74e327fff20a,%r10         ;   {internal_word}
  0x000074e327fff245:   mov    %r10,0x510(%r15)
  0x000074e327fff24c:   jmp    0x000074e32f4afb60           ;   {runtime_call SafepointBlob}
  0x000074e327fff251:   mov    0x5c0(%r15),%rax
  0x000074e327fff258:   movq   $0x0,0x5c0(%r15)
  0x000074e327fff263:   movq   $0x0,0x5c8(%r15)
  0x000074e327fff26e:   add    $0x30,%rsp
  0x000074e327fff272:   pop    %rbp
  0x000074e327fff273:   jmp    0x000074e32f57b760           ;   {runtime_call unwind_exception_blob (C1 runtime)}
[Stub Code]
  0x000074e327fff278:   nopl   0x0(%rax,%rax,1)             ;   {other}
  0x000074e327fff27d:   movabs $0x0,%rbx                    ;   {static_stub}
  0x000074e327fff287:   jmp    0x000074e327fff287           ;   {runtime_call nmethod}
[Exception Handler]
  0x000074e327fff28c:   call   0x000074e32f57f2e0           ;   {runtime_call handle_exception_from_callee_blob (C1 runtime)}
  0x000074e327fff291:   movabs $0x74e34753aec4,%rdi         ;   {external_word}
  0x000074e327fff29b:   and    $0xfffffffffffffff0,%rsp
  0x000074e327fff29f:   call   0x000074e346f91cc0           ;   {runtime_call MacroAssembler::debug64(char*, long, long*)}
  0x000074e327fff2a4:   hlt    
  0x000074e327fff2a5:   call   0x000074e32f4afe60           ;   {runtime_call DeoptimizationBlob}
[Deopt Handler Entry Point]
  0x000074e327fff2aa:   jmp    0x000074e327fff2a5
  0x000074e327fff2ac:   hlt    
  0x000074e327fff2ad:   hlt    
  0x000074e327fff2ae:   hlt    
  0x000074e327fff2af:   hlt    
--------------------------------------------------------------------------------
[/Disassembly]
