
============================= C1-compiled nmethod ==============================
----------------------------------- Assembly -----------------------------------

Compiled method (c1) 264   15       3       jdk.internal.misc.Unsafe::allocateUninitializedArray (55 bytes)
 total in heap  [0x0000760fcffff008,0x0000760fcffff568] = 1376
 main code      [0x0000760fcffff100,0x0000760fcffff528] = 1064
 stub code      [0x0000760fcffff528,0x0000760fcffff568] = 64
 mutable data [0x0000760f74000ba0,0x0000760f74000c38] = 152
 relocation     [0x0000760f74000ba0,0x0000760f74000c28] = 136
 metadata       [0x0000760f74000c28,0x0000760f74000c38] = 16
 immutable data [0x0000760f74014dc0,0x0000760f740150a4] = 740
 dependencies   [0x0000760f74014dc0,0x0000760f74014dc8] = 8
 nul chk table  [0x0000760f74014dc8,0x0000760f74014dd8] = 16
 scopes pcs     [0x0000760f74014dd8,0x0000760f74014fe8] = 528
 scopes data    [0x0000760f74014fe8,0x0000760f740150a0] = 184

[Disassembly]
--------------------------------------------------------------------------------
[Constant Pool (empty)]

--------------------------------------------------------------------------------

[Instructions begin]
  0x0000760fcffff100:   data16 data16 nopw 0x0(%rax,%rax,1)
  0x0000760fcffff10b:   data16 data16 xchg %ax,%ax
  0x0000760fcffff10f:   data16 xchg %ax,%ax
[Entry Point]
  # {method} {0x00000000981e5b88} &apos;allocateUninitializedArray&apos; &apos;(Ljava/lang/Class;I)Ljava/lang/Object;&apos; in &apos;jdk/internal/misc/Unsafe&apos;
  # this:     rsi:rsi   = &apos;jdk/internal/misc/Unsafe&apos;
  # parm0:    rdx:rdx   = &apos;java/lang/Class&apos;
  # parm1:    rcx       = int
  #           [sp+0x60]  (sp of caller)
  0x0000760fcffff112:   mov    0x8(%rsi),%r10d
  0x0000760fcffff116:   cmp    0x8(%rax),%r10d
  0x0000760fcffff11a:   jne    0x0000760fd74ad6e0           ;   {runtime_call ic_miss_blob (shared runtime)}
[Verified Entry Point]
  0x0000760fcffff120:   mov    %eax,-0x14000(%rsp)
  0x0000760fcffff127:   push   %rbp
  0x0000760fcffff128:   sub    $0x50,%rsp
  0x0000760fcffff12c:   cmpl   $0x1,0x20(%r15)
  0x0000760fcffff134:   je     0x0000760fcffff13b
  0x0000760fcffff136:   call   Stub::method_entry_barrier_stub (stub gen)
                                                            ;   {runtime_call Stub::method_entry_barrier_stub (stub gen)}
  0x0000760fcffff13b:   movabs $0x760f8007f118,%rdi         ;   {metadata(method data for {method} {0x00000000981e5b88} &apos;allocateUninitializedArray&apos; &apos;(Ljava/lang/Class;I)Ljava/lang/Object;&apos; in &apos;jdk/internal/misc/Unsafe&apos;)}
  0x0000760fcffff145:   mov    0x90(%rdi),%ebx
  0x0000760fcffff14b:   add    $0x2,%ebx
  0x0000760fcffff14e:   mov    %ebx,0x90(%rdi)
  0x0000760fcffff154:   and    $0x7fe,%ebx
  0x0000760fcffff15a:   test   %ebx,%ebx
  0x0000760fcffff15c:   je     0x0000760fcffff44e           ;*aload_1 {reexecute=0 rethrow=0 return_oop=0}
                                                            ; - jdk.internal.misc.Unsafe::allocateUninitializedArray@0 (line 1413)
  0x0000760fcffff162:   test   %rdx,%rdx
  0x0000760fcffff165:   movabs $0x760f8007f118,%rdi         ;   {metadata(method data for {method} {0x00000000981e5b88} &apos;allocateUninitializedArray&apos; &apos;(Ljava/lang/Class;I)Ljava/lang/Object;&apos; in &apos;jdk/internal/misc/Unsafe&apos;)}
  0x0000760fcffff16f:   mov    $0xe8,%ebx
  0x0000760fcffff174:   je     0x0000760fcffff17b
  0x0000760fcffff176:   mov    $0xd8,%ebx
  0x0000760fcffff17b:   mov    (%rdi,%rbx,1),%rax
  0x0000760fcffff17f:   lea    0x1(%rax),%rax
  0x0000760fcffff183:   mov    %rax,(%rdi,%rbx,1)
  0x0000760fcffff187:   je     0x0000760fcffff3b6           ;*ifnonnull {reexecute=0 rethrow=0 return_oop=0}
                                                            ; - jdk.internal.misc.Unsafe::allocateUninitializedArray@1 (line 1413)
  0x0000760fcffff18d:   cmp    (%rdx),%rax                  ; implicit exception: dispatches to 0x0000760fcffff46f
                                                            ;*invokevirtual isPrimitive {reexecute=0 rethrow=0 return_oop=0}
                                                            ; - jdk.internal.misc.Unsafe::allocateUninitializedArray@16 (line 1416)
  0x0000760fcffff190:   mov    %rdx,%rdi
  0x0000760fcffff193:   movabs $0x760f8007f118,%rbx         ;   {metadata(method data for {method} {0x00000000981e5b88} &apos;allocateUninitializedArray&apos; &apos;(Ljava/lang/Class;I)Ljava/lang/Object;&apos; in &apos;jdk/internal/misc/Unsafe&apos;)}
  0x0000760fcffff19d:   mov    0x8(%rdi),%edi
  0x0000760fcffff1a0:   mov    $0x98000000,%r10d
  0x0000760fcffff1a6:   add    %r10,%rdi
  0x0000760fcffff1a9:   mov    $0x22,%r10d
  0x0000760fcffff1af:   cmp    (%rbx,%r10,8),%rdi
  0x0000760fcffff1b3:   je     0x0000760fcffff1ec
  0x0000760fcffff1b5:   add    $0x2,%r10
  0x0000760fcffff1b9:   cmp    $0x26,%r10
  0x0000760fcffff1bd:   jne    0x0000760fcffff1af
  0x0000760fcffff1bf:   mov    $0x22,%r10d
  0x0000760fcffff1c5:   cmpq   $0x0,(%rbx,%r10,8)
  0x0000760fcffff1ca:   je     0x0000760fcffff1d8
  0x0000760fcffff1cc:   add    $0x2,%r10
  0x0000760fcffff1d0:   cmp    $0x26,%r10
  0x0000760fcffff1d4:   jne    0x0000760fcffff1c5
  0x0000760fcffff1d6:   jmp    0x0000760fcffff1e4
  0x0000760fcffff1d8:   push   %rax
  0x0000760fcffff1d9:   xor    %rax,%rax
  0x0000760fcffff1dc:   cmpxchg %rdi,(%rbx,%r10,8)
  0x0000760fcffff1e1:   pop    %rax
  0x0000760fcffff1e2:   jmp    0x0000760fcffff1a9
  0x0000760fcffff1e4:   mov    $0x21,%r10d
  0x0000760fcffff1ea:   jmp    0x0000760fcffff1f0
  0x0000760fcffff1ec:   add    $0x1,%r10
  0x0000760fcffff1f0:   addq   $0x1,(%rbx,%r10,8)
  0x0000760fcffff1f5:   movsbl 0x2c(%rdx),%edi              ;*getfield primitive {reexecute=0 rethrow=0 return_oop=0}
                                                            ; - java.lang.Class::isPrimitive@1 (line 860)
                                                            ; - jdk.internal.misc.Unsafe::allocateUninitializedArray@16 (line 1416)
  0x0000760fcffff1f9:   and    $0x1,%edi
  0x0000760fcffff1fc:   test   %edi,%edi
  0x0000760fcffff1fe:   movabs $0x760f8007f118,%rdi         ;   {metadata(method data for {method} {0x00000000981e5b88} &apos;allocateUninitializedArray&apos; &apos;(Ljava/lang/Class;I)Ljava/lang/Object;&apos; in &apos;jdk/internal/misc/Unsafe&apos;)}
  0x0000760fcffff208:   mov    $0x148,%ebx
  0x0000760fcffff20d:   je     0x0000760fcffff214
  0x0000760fcffff20f:   mov    $0x138,%ebx
  0x0000760fcffff214:   mov    (%rdi,%rbx,1),%rax
  0x0000760fcffff218:   lea    0x1(%rax),%rax
  0x0000760fcffff21c:   mov    %rax,(%rdi,%rbx,1)
  0x0000760fcffff220:   je     0x0000760fcffff31e           ;*ifne {reexecute=0 rethrow=0 return_oop=0}
                                                            ; - jdk.internal.misc.Unsafe::allocateUninitializedArray@19 (line 1416)
  0x0000760fcffff226:   test   %ecx,%ecx
  0x0000760fcffff228:   movabs $0x760f8007f118,%rdi         ;   {metadata(method data for {method} {0x00000000981e5b88} &apos;allocateUninitializedArray&apos; &apos;(Ljava/lang/Class;I)Ljava/lang/Object;&apos; in &apos;jdk/internal/misc/Unsafe&apos;)}
  0x0000760fcffff232:   mov    $0x178,%ebx
  0x0000760fcffff237:   jl     0x0000760fcffff23e
  0x0000760fcffff239:   mov    $0x168,%ebx
  0x0000760fcffff23e:   mov    (%rdi,%rbx,1),%rax
  0x0000760fcffff242:   lea    0x1(%rax),%rax
  0x0000760fcffff246:   mov    %rax,(%rdi,%rbx,1)
  0x0000760fcffff24a:   jl     0x0000760fcffff284           ;*ifge {reexecute=0 rethrow=0 return_oop=0}
                                                            ; - jdk.internal.misc.Unsafe::allocateUninitializedArray@34 (line 1419)
  0x0000760fcffff250:   mov    %rsi,%rdi
  0x0000760fcffff253:   movabs $0x760f8007f118,%rbx         ;   {metadata(method data for {method} {0x00000000981e5b88} &apos;allocateUninitializedArray&apos; &apos;(Ljava/lang/Class;I)Ljava/lang/Object;&apos; in &apos;jdk/internal/misc/Unsafe&apos;)}
  0x0000760fcffff25d:   addq   $0x1,0x198(%rbx)
  0x0000760fcffff265:   xchg   %ax,%ax
  0x0000760fcffff267:   call   0x0000760fd74ad9e0           ; ImmutableOopMap {}
                                                            ;*invokevirtual allocateUninitializedArray0 {reexecute=0 rethrow=0 return_oop=0}
                                                            ; - jdk.internal.misc.Unsafe::allocateUninitializedArray@51 (line 1422)
                                                            ;   {optimized virtual_call}
  0x0000760fcffff26c:   nopl   0x264(%rax,%rax,1)           ;*invokevirtual allocateUninitializedArray0 {reexecute=0 rethrow=0 return_oop=0}
                                                            ; - jdk.internal.misc.Unsafe::allocateUninitializedArray@51 (line 1422)
                                                            ;   {post_call_nop}
  0x0000760fcffff274:   add    $0x50,%rsp
  0x0000760fcffff278:   pop    %rbp
  0x0000760fcffff279:   cmp    0x28(%r15),%rsp              ;   {poll_return}
  0x0000760fcffff27d:   ja     0x0000760fcffff474
  0x0000760fcffff283:   ret                                 ;*areturn {reexecute=0 rethrow=0 return_oop=0}
                                                            ; - jdk.internal.misc.Unsafe::allocateUninitializedArray@54 (line 1422)
  0x0000760fcffff284:   nopl   0x0(%rax)
  0x0000760fcffff288:   jmp    0x0000760fcffff499           ;   {other}
  0x0000760fcffff28d:   add    %al,(%rax)
  0x0000760fcffff28f:   add    %al,(%rax)
  0x0000760fcffff291:   add    %cl,-0x75(%rcx)
  0x0000760fcffff294:   xchg   %esi,0x48000001(%rax)
  0x0000760fcffff29a:   lea    0x28(%rax),%edi
  0x0000760fcffff29d:   cmp    0x1c0(%r15),%rdi
  0x0000760fcffff2a4:   ja     0x0000760fcffff4a3
  0x0000760fcffff2aa:   mov    %rdi,0x1b0(%r15)
  0x0000760fcffff2b1:   movq   $0x1,(%rax)
  0x0000760fcffff2b8:   mov    %rdx,%rcx
  0x0000760fcffff2bb:   mov    $0x98000000,%r10d
  0x0000760fcffff2c1:   sub    %r10,%rcx
  0x0000760fcffff2c4:   mov    %ecx,0x8(%rax)
  0x0000760fcffff2c7:   xor    %rcx,%rcx
  0x0000760fcffff2ca:   mov    %ecx,0xc(%rax)
  0x0000760fcffff2cd:   xor    %rcx,%rcx
  0x0000760fcffff2d0:   mov    %rcx,0x10(%rax)
  0x0000760fcffff2d4:   mov    %rcx,0x18(%rax)
  0x0000760fcffff2d8:   mov    %rcx,0x20(%rax)              ;*new {reexecute=0 rethrow=0 return_oop=0}
                                                            ; - jdk.internal.misc.Unsafe::allocateUninitializedArray@37 (line 1420)
  0x0000760fcffff2dc:   mov    %rax,%rdx
  0x0000760fcffff2df:   movabs $0x760f8007f118,%rsi         ;   {metadata(method data for {method} {0x00000000981e5b88} &apos;allocateUninitializedArray&apos; &apos;(Ljava/lang/Class;I)Ljava/lang/Object;&apos; in &apos;jdk/internal/misc/Unsafe&apos;)}
  0x0000760fcffff2e9:   addq   $0x1,0x188(%rsi)
  0x0000760fcffff2f1:   movabs $0x7ff84fc98,%rdx            ;   {oop(&quot;Negative length&quot;{0x00000007ff84fc98})}
  0x0000760fcffff2fb:   mov    %rax,%rsi                    ;*invokespecial &lt;init&gt; {reexecute=0 rethrow=0 return_oop=0}
                                                            ; - jdk.internal.misc.Unsafe::allocateUninitializedArray@44 (line 1420)
  0x0000760fcffff2fe:   mov    %rax,0x30(%rsp)
  0x0000760fcffff303:   nopl   0x0(%rax)
  0x0000760fcffff307:   call   0x0000760fd74ad9e0           ; ImmutableOopMap {[48]=Oop }
                                                            ;*invokespecial &lt;init&gt; {reexecute=0 rethrow=0 return_oop=0}
                                                            ; - jdk.internal.misc.Unsafe::allocateUninitializedArray@44 (line 1420)
                                                            ;   {optimized virtual_call}
  0x0000760fcffff30c:   nopl   0x1000304(%rax,%rax,1)       ;*invokespecial &lt;init&gt; {reexecute=0 rethrow=0 return_oop=0}
                                                            ; - jdk.internal.misc.Unsafe::allocateUninitializedArray@44 (line 1420)
                                                            ;   {post_call_nop}
  0x0000760fcffff314:   mov    0x30(%rsp),%rax
  0x0000760fcffff319:   jmp    0x0000760fcffff519           ;*athrow {reexecute=0 rethrow=0 return_oop=0}
                                                            ; - jdk.internal.misc.Unsafe::allocateUninitializedArray@47 (line 1420)
  0x0000760fcffff31e:   xchg   %ax,%ax
  0x0000760fcffff320:   jmp    0x0000760fcffff4bf           ;   {other}
  0x0000760fcffff325:   add    %al,(%rax)
  0x0000760fcffff327:   add    %al,(%rax)
  0x0000760fcffff329:   add    %cl,-0x75(%rcx)
  0x0000760fcffff32c:   xchg   %esi,0x48000001(%rax)
  0x0000760fcffff332:   lea    0x28(%rax),%edi
  0x0000760fcffff335:   cmp    0x1c0(%r15),%rdi
  0x0000760fcffff33c:   ja     0x0000760fcffff4c9
  0x0000760fcffff342:   mov    %rdi,0x1b0(%r15)
  0x0000760fcffff349:   movq   $0x1,(%rax)
  0x0000760fcffff350:   mov    %rdx,%rcx
  0x0000760fcffff353:   mov    $0x98000000,%r10d
  0x0000760fcffff359:   sub    %r10,%rcx
  0x0000760fcffff35c:   mov    %ecx,0x8(%rax)
  0x0000760fcffff35f:   xor    %rcx,%rcx
  0x0000760fcffff362:   mov    %ecx,0xc(%rax)
  0x0000760fcffff365:   xor    %rcx,%rcx
  0x0000760fcffff368:   mov    %rcx,0x10(%rax)
  0x0000760fcffff36c:   mov    %rcx,0x18(%rax)
  0x0000760fcffff370:   mov    %rcx,0x20(%rax)              ;*new {reexecute=0 rethrow=0 return_oop=0}
                                                            ; - jdk.internal.misc.Unsafe::allocateUninitializedArray@22 (line 1417)
  0x0000760fcffff374:   mov    %rax,%rdx
  0x0000760fcffff377:   movabs $0x760f8007f118,%rsi         ;   {metadata(method data for {method} {0x00000000981e5b88} &apos;allocateUninitializedArray&apos; &apos;(Ljava/lang/Class;I)Ljava/lang/Object;&apos; in &apos;jdk/internal/misc/Unsafe&apos;)}
  0x0000760fcffff381:   addq   $0x1,0x158(%rsi)
  0x0000760fcffff389:   movabs $0x7ff84fc80,%rdx            ;   {oop(&quot;Component type is not primitive&quot;{0x00000007ff84fc80})}
  0x0000760fcffff393:   mov    %rax,%rsi                    ;*invokespecial &lt;init&gt; {reexecute=0 rethrow=0 return_oop=0}
                                                            ; - jdk.internal.misc.Unsafe::allocateUninitializedArray@29 (line 1417)
  0x0000760fcffff396:   mov    %rax,0x38(%rsp)
  0x0000760fcffff39b:   nopl   0x0(%rax)
  0x0000760fcffff39f:   call   0x0000760fd74ad9e0           ; ImmutableOopMap {[56]=Oop }
                                                            ;*invokespecial &lt;init&gt; {reexecute=0 rethrow=0 return_oop=0}
                                                            ; - jdk.internal.misc.Unsafe::allocateUninitializedArray@29 (line 1417)
                                                            ;   {optimized virtual_call}
  0x0000760fcffff3a4:   nopl   0x200039c(%rax,%rax,1)       ;*invokespecial &lt;init&gt; {reexecute=0 rethrow=0 return_oop=0}
                                                            ; - jdk.internal.misc.Unsafe::allocateUninitializedArray@29 (line 1417)
                                                            ;   {post_call_nop}
  0x0000760fcffff3ac:   mov    0x38(%rsp),%rax
  0x0000760fcffff3b1:   jmp    0x0000760fcffff519           ;*athrow {reexecute=0 rethrow=0 return_oop=0}
                                                            ; - jdk.internal.misc.Unsafe::allocateUninitializedArray@32 (line 1417)
  0x0000760fcffff3b6:   xchg   %ax,%ax
  0x0000760fcffff3b8:   jmp    0x0000760fcffff4e5           ;   {other}
  0x0000760fcffff3bd:   add    %al,(%rax)
  0x0000760fcffff3bf:   add    %al,(%rax)
  0x0000760fcffff3c1:   add    %cl,-0x75(%rcx)
  0x0000760fcffff3c4:   xchg   %esi,0x48000001(%rax)
  0x0000760fcffff3ca:   lea    0x28(%rax),%edi
  0x0000760fcffff3cd:   cmp    0x1c0(%r15),%rdi
  0x0000760fcffff3d4:   ja     0x0000760fcffff4ef
  0x0000760fcffff3da:   mov    %rdi,0x1b0(%r15)
  0x0000760fcffff3e1:   movq   $0x1,(%rax)
  0x0000760fcffff3e8:   mov    %rdx,%rcx
  0x0000760fcffff3eb:   mov    $0x98000000,%r10d
  0x0000760fcffff3f1:   sub    %r10,%rcx
  0x0000760fcffff3f4:   mov    %ecx,0x8(%rax)
  0x0000760fcffff3f7:   xor    %rcx,%rcx
  0x0000760fcffff3fa:   mov    %ecx,0xc(%rax)
  0x0000760fcffff3fd:   xor    %rcx,%rcx
  0x0000760fcffff400:   mov    %rcx,0x10(%rax)
  0x0000760fcffff404:   mov    %rcx,0x18(%rax)
  0x0000760fcffff408:   mov    %rcx,0x20(%rax)              ;*new {reexecute=0 rethrow=0 return_oop=0}
                                                            ; - jdk.internal.misc.Unsafe::allocateUninitializedArray@4 (line 1414)
  0x0000760fcffff40c:   mov    %rax,%rdx
  0x0000760fcffff40f:   movabs $0x760f8007f118,%rsi         ;   {metadata(method data for {method} {0x00000000981e5b88} &apos;allocateUninitializedArray&apos; &apos;(Ljava/lang/Class;I)Ljava/lang/Object;&apos; in &apos;jdk/internal/misc/Unsafe&apos;)}
  0x0000760fcffff419:   addq   $0x1,0xf8(%rsi)
  0x0000760fcffff421:   movabs $0x7ff84fc68,%rdx            ;   {oop(&quot;Component type is null&quot;{0x00000007ff84fc68})}
  0x0000760fcffff42b:   mov    %rax,%rsi                    ;*invokespecial &lt;init&gt; {reexecute=0 rethrow=0 return_oop=0}
                                                            ; - jdk.internal.misc.Unsafe::allocateUninitializedArray@11 (line 1414)
  0x0000760fcffff42e:   mov    %rax,0x40(%rsp)
  0x0000760fcffff433:   nopl   0x0(%rax)
  0x0000760fcffff437:   call   0x0000760fd74ad9e0           ; ImmutableOopMap {[64]=Oop }
                                                            ;*invokespecial &lt;init&gt; {reexecute=0 rethrow=0 return_oop=0}
                                                            ; - jdk.internal.misc.Unsafe::allocateUninitializedArray@11 (line 1414)
                                                            ;   {optimized virtual_call}
  0x0000760fcffff43c:   nopl   0x3000434(%rax,%rax,1)       ;*invokespecial &lt;init&gt; {reexecute=0 rethrow=0 return_oop=0}
                                                            ; - jdk.internal.misc.Unsafe::allocateUninitializedArray@11 (line 1414)
                                                            ;   {post_call_nop}
  0x0000760fcffff444:   mov    0x40(%rsp),%rax
  0x0000760fcffff449:   jmp    0x0000760fcffff519
  0x0000760fcffff44e:   movabs $0x981e5b88,%r10             ;   {metadata({method} {0x00000000981e5b88} &apos;allocateUninitializedArray&apos; &apos;(Ljava/lang/Class;I)Ljava/lang/Object;&apos; in &apos;jdk/internal/misc/Unsafe&apos;)}
  0x0000760fcffff458:   mov    %r10,0x8(%rsp)
  0x0000760fcffff45d:   movq   $0xffffffffffffffff,(%rsp)
  0x0000760fcffff465:   call   0x0000760fd7583460           ; ImmutableOopMap {rsi=Oop rdx=Oop }
                                                            ;*synchronization entry
                                                            ; - jdk.internal.misc.Unsafe::allocateUninitializedArray@-1 (line 1413)
                                                            ;   {runtime_call counter_overflow_blob (C1 runtime)}
  0x0000760fcffff46a:   jmp    0x0000760fcffff162
  0x0000760fcffff46f:   call   0x0000760fd757cae0           ; ImmutableOopMap {rsi=Oop rdx=Oop }
                                                            ;*invokevirtual isPrimitive {reexecute=0 rethrow=0 return_oop=0}
                                                            ; - jdk.internal.misc.Unsafe::allocateUninitializedArray@16 (line 1416)
                                                            ;   {runtime_call throw_null_pointer_exception_blob (C1 runtime)}
  0x0000760fcffff474:   movabs $0x760fcffff279,%r10         ;   {internal_word}
  0x0000760fcffff47e:   mov    %r10,0x510(%r15)
  0x0000760fcffff485:   jmp    0x0000760fd74afb60           ;   {runtime_call SafepointBlob}
  0x0000760fcffff48a:   movabs $0x0,%rdx                    ;   {metadata(nullptr)}
  0x0000760fcffff494:   mov    $0xa050f00,%eax
  0x0000760fcffff499:   call   0x0000760fd7582560           ; ImmutableOopMap {}
                                                            ;*new {reexecute=1 rethrow=0 return_oop=0}
                                                            ; - (reexecute) jdk.internal.misc.Unsafe::allocateUninitializedArray@37 (line 1420)
                                                            ;   {runtime_call load_klass_patching_blob (C1 runtime)}
  0x0000760fcffff49e:   jmp    0x0000760fcffff288
  0x0000760fcffff4a3:   mov    %rdx,%rdx
  0x0000760fcffff4a6:   call   0x0000760fd757d8e0           ; ImmutableOopMap {}
                                                            ;*new {reexecute=0 rethrow=0 return_oop=0}
                                                            ; - jdk.internal.misc.Unsafe::allocateUninitializedArray@37 (line 1420)
                                                            ;   {runtime_call fast_new_instance_blob (C1 runtime)}
  0x0000760fcffff4ab:   jmp    0x0000760fcffff2dc
  0x0000760fcffff4b0:   movabs $0x0,%rdx                    ;   {metadata(nullptr)}
  0x0000760fcffff4ba:   mov    $0xa050f00,%eax
  0x0000760fcffff4bf:   call   0x0000760fd7582560           ; ImmutableOopMap {}
                                                            ;*new {reexecute=1 rethrow=0 return_oop=0}
                                                            ; - (reexecute) jdk.internal.misc.Unsafe::allocateUninitializedArray@22 (line 1417)
                                                            ;   {runtime_call load_klass_patching_blob (C1 runtime)}
  0x0000760fcffff4c4:   jmp    0x0000760fcffff320
  0x0000760fcffff4c9:   mov    %rdx,%rdx
  0x0000760fcffff4cc:   call   0x0000760fd757d8e0           ; ImmutableOopMap {}
                                                            ;*new {reexecute=0 rethrow=0 return_oop=0}
                                                            ; - jdk.internal.misc.Unsafe::allocateUninitializedArray@22 (line 1417)
                                                            ;   {runtime_call fast_new_instance_blob (C1 runtime)}
  0x0000760fcffff4d1:   jmp    0x0000760fcffff374
  0x0000760fcffff4d6:   movabs $0x0,%rdx                    ;   {metadata(nullptr)}
  0x0000760fcffff4e0:   mov    $0xa050f00,%eax
  0x0000760fcffff4e5:   call   0x0000760fd7582560           ; ImmutableOopMap {}
                                                            ;*new {reexecute=1 rethrow=0 return_oop=0}
                                                            ; - (reexecute) jdk.internal.misc.Unsafe::allocateUninitializedArray@4 (line 1414)
                                                            ;   {runtime_call load_klass_patching_blob (C1 runtime)}
  0x0000760fcffff4ea:   jmp    0x0000760fcffff3b8
  0x0000760fcffff4ef:   mov    %rdx,%rdx
  0x0000760fcffff4f2:   call   0x0000760fd757d8e0           ; ImmutableOopMap {}
                                                            ;*new {reexecute=0 rethrow=0 return_oop=0}
                                                            ; - jdk.internal.misc.Unsafe::allocateUninitializedArray@4 (line 1414)
                                                            ;   {runtime_call fast_new_instance_blob (C1 runtime)}
  0x0000760fcffff4f7:   jmp    0x0000760fcffff40c
  0x0000760fcffff4fc:   mov    0x5c0(%r15),%rax
  0x0000760fcffff503:   movq   $0x0,0x5c0(%r15)
  0x0000760fcffff50e:   movq   $0x0,0x5c8(%r15)
  0x0000760fcffff519:   add    $0x50,%rsp
  0x0000760fcffff51d:   pop    %rbp
  0x0000760fcffff51e:   jmp    0x0000760fd757b760           ;   {runtime_call unwind_exception_blob (C1 runtime)}
  0x0000760fcffff523:   hlt    
  0x0000760fcffff524:   hlt    
  0x0000760fcffff525:   hlt    
  0x0000760fcffff526:   hlt    
  0x0000760fcffff527:   hlt    
[Stub Code]
  0x0000760fcffff528:   movabs $0x0,%rbx                    ;   {static_stub}
  0x0000760fcffff532:   jmp    0x0000760fcffff532           ;   {runtime_call nmethod}
  0x0000760fcffff537:   movabs $0x0,%rbx                    ;   {static_stub}
  0x0000760fcffff541:   jmp    0x0000760fcffff541           ;   {runtime_call nmethod}
[Exception Handler]
  0x0000760fcffff546:   call   0x0000760fd757f2e0           ;   {runtime_call handle_exception_from_callee_blob (C1 runtime)}
  0x0000760fcffff54b:   movabs $0x760fed73aec4,%rdi         ;   {external_word}
  0x0000760fcffff555:   and    $0xfffffffffffffff0,%rsp
  0x0000760fcffff559:   call   0x0000760fed191cc0           ;   {runtime_call MacroAssembler::debug64(char*, long, long*)}
  0x0000760fcffff55e:   hlt    
  0x0000760fcffff55f:   call   0x0000760fd74afe60           ;   {runtime_call DeoptimizationBlob}
[Deopt Handler Entry Point]
  0x0000760fcffff564:   jmp    0x0000760fcffff55f
  0x0000760fcffff566:   hlt    
  0x0000760fcffff567:   hlt    
--------------------------------------------------------------------------------
[/Disassembly]
