
============================= C1-compiled nmethod ==============================
----------------------------------- Assembly -----------------------------------

Compiled method (c1) 312   23       3       java.util.regex.Pattern::has (15 bytes)
 total in heap  [0x000075be17fff008,0x000075be17fff240] = 568
 main code      [0x000075be17fff100,0x000075be17fff220] = 288
 stub code      [0x000075be17fff220,0x000075be17fff240] = 32
 mutable data [0x000075bdc0014d40,0x000075bdc0014d70] = 48
 relocation     [0x000075bdc0014d40,0x000075bdc0014d68] = 40
 metadata       [0x000075bdc0014d68,0x000075bdc0014d70] = 8
 immutable data [0x000075bdc0014c70,0x000075bdc0014d2c] = 188
 dependencies   [0x000075bdc0014c70,0x000075bdc0014c78] = 8
 scopes pcs     [0x000075bdc0014c78,0x000075bdc0014cf8] = 128
 scopes data    [0x000075bdc0014cf8,0x000075bdc0014d28] = 48

[Disassembly]
--------------------------------------------------------------------------------
[Constant Pool (empty)]

--------------------------------------------------------------------------------

[Instructions begin]
  0x000075be17fff100:   data16 data16 nopw 0x0(%rax,%rax,1)
  0x000075be17fff10b:   data16 data16 xchg %ax,%ax
  0x000075be17fff10f:   data16 xchg %ax,%ax
[Entry Point]
  # {method} {0x0000000017227e98} &apos;has&apos; &apos;(I)Z&apos; in &apos;java/util/regex/Pattern&apos;
  # this:     rsi:rsi   = &apos;java/util/regex/Pattern&apos;
  # parm0:    rdx       = int
  #           [sp+0x30]  (sp of caller)
  0x000075be17fff112:   mov    0x8(%rsi),%r10d
  0x000075be17fff116:   cmp    0x8(%rax),%r10d
  0x000075be17fff11a:   jne    0x000075be1f4ad6e0           ;   {runtime_call ic_miss_blob (shared runtime)}
[Verified Entry Point]
  0x000075be17fff120:   mov    %eax,-0x14000(%rsp)
  0x000075be17fff127:   push   %rbp
  0x000075be17fff128:   sub    $0x20,%rsp
  0x000075be17fff12c:   cmpl   $0x1,0x20(%r15)
  0x000075be17fff134:   je     0x000075be17fff13b
  0x000075be17fff136:   call   Stub::method_entry_barrier_stub (stub gen)
                                                            ;   {runtime_call Stub::method_entry_barrier_stub (stub gen)}
  0x000075be17fff13b:   movabs $0x75bdcc084c20,%rax         ;   {metadata(method data for {method} {0x0000000017227e98} &apos;has&apos; &apos;(I)Z&apos; in &apos;java/util/regex/Pattern&apos;)}
  0x000075be17fff145:   mov    0x90(%rax),%edi
  0x000075be17fff14b:   add    $0x2,%edi
  0x000075be17fff14e:   mov    %edi,0x90(%rax)
  0x000075be17fff154:   and    $0x7fe,%edi
  0x000075be17fff15a:   test   %edi,%edi
  0x000075be17fff15c:   je     0x000075be17fff1c4           ;*aload_0 {reexecute=0 rethrow=0 return_oop=0}
                                                            ; - java.util.regex.Pattern::has@0 (line 2045)
  0x000075be17fff162:   mov    0x10(%rsi),%eax              ;*getfield flags0 {reexecute=0 rethrow=0 return_oop=0}
                                                            ; - java.util.regex.Pattern::has@1 (line 2045)
  0x000075be17fff165:   and    %rdx,%rax
  0x000075be17fff168:   test   %eax,%eax
  0x000075be17fff16a:   movabs $0x75bdcc084c20,%rax         ;   {metadata(method data for {method} {0x0000000017227e98} &apos;has&apos; &apos;(I)Z&apos; in &apos;java/util/regex/Pattern&apos;)}
  0x000075be17fff174:   mov    $0xd8,%esi
  0x000075be17fff179:   je     0x000075be17fff180
  0x000075be17fff17b:   mov    $0xe8,%esi
  0x000075be17fff180:   mov    (%rax,%rsi,1),%rdi
  0x000075be17fff184:   lea    0x1(%rdi),%rdi
  0x000075be17fff188:   mov    %rdi,(%rax,%rsi,1)
  0x000075be17fff18c:   je     0x000075be17fff1ac           ;*ifeq {reexecute=0 rethrow=0 return_oop=0}
                                                            ; - java.util.regex.Pattern::has@6 (line 2045)
  0x000075be17fff192:   movabs $0x75bdcc084c20,%rax         ;   {metadata(method data for {method} {0x0000000017227e98} &apos;has&apos; &apos;(I)Z&apos; in &apos;java/util/regex/Pattern&apos;)}
  0x000075be17fff19c:   incl   0xf8(%rax)
  0x000075be17fff1a2:   mov    $0x1,%eax
  0x000075be17fff1a7:   jmp    0x000075be17fff1b1           ;*goto {reexecute=0 rethrow=0 return_oop=0}
                                                            ; - java.util.regex.Pattern::has@10 (line 2045)
  0x000075be17fff1ac:   mov    $0x0,%eax                    ;*ireturn {reexecute=0 rethrow=0 return_oop=0}
                                                            ; - java.util.regex.Pattern::has@14 (line 2045)
  0x000075be17fff1b1:   and    $0x1,%eax
  0x000075be17fff1b4:   add    $0x20,%rsp
  0x000075be17fff1b8:   pop    %rbp
  0x000075be17fff1b9:   cmp    0x28(%r15),%rsp              ;   {poll_return}
  0x000075be17fff1bd:   ja     0x000075be17fff1e2
  0x000075be17fff1c3:   ret    
  0x000075be17fff1c4:   movabs $0x17227e98,%r10             ;   {metadata({method} {0x0000000017227e98} &apos;has&apos; &apos;(I)Z&apos; in &apos;java/util/regex/Pattern&apos;)}
  0x000075be17fff1ce:   mov    %r10,0x8(%rsp)
  0x000075be17fff1d3:   movq   $0xffffffffffffffff,(%rsp)
  0x000075be17fff1db:   call   0x000075be1f580f60           ; ImmutableOopMap {rsi=Oop }
                                                            ;*synchronization entry
                                                            ; - java.util.regex.Pattern::has@-1 (line 2045)
                                                            ;   {runtime_call counter_overflow_blob (C1 runtime)}
  0x000075be17fff1e0:   jmp    0x000075be17fff162
  0x000075be17fff1e2:   movabs $0x75be17fff1b9,%r10         ;   {internal_word}
  0x000075be17fff1ec:   mov    %r10,0x510(%r15)
  0x000075be17fff1f3:   jmp    0x000075be1f4afb60           ;   {runtime_call SafepointBlob}
  0x000075be17fff1f8:   mov    0x5c0(%r15),%rax
  0x000075be17fff1ff:   movq   $0x0,0x5c0(%r15)
  0x000075be17fff20a:   movq   $0x0,0x5c8(%r15)
  0x000075be17fff215:   add    $0x20,%rsp
  0x000075be17fff219:   pop    %rbp
  0x000075be17fff21a:   jmp    0x000075be1f57a560           ;   {runtime_call unwind_exception_blob (C1 runtime)}
  0x000075be17fff21f:   hlt    
[Exception Handler]
  0x000075be17fff220:   call   0x000075be1f57db60           ;   {runtime_call handle_exception_from_callee_blob (C1 runtime)}
  0x000075be17fff225:   movabs $0x75be3713aec4,%rdi         ;   {external_word}
  0x000075be17fff22f:   and    $0xfffffffffffffff0,%rsp
  0x000075be17fff233:   call   0x000075be36b91cc0           ;   {runtime_call MacroAssembler::debug64(char*, long, long*)}
  0x000075be17fff238:   hlt    
  0x000075be17fff239:   call   0x000075be1f4afe60           ;   {runtime_call DeoptimizationBlob}
[Deopt Handler Entry Point]
  0x000075be17fff23e:   jmp    0x000075be17fff239
--------------------------------------------------------------------------------
[/Disassembly]
