
============================= C1-compiled nmethod ==============================
----------------------------------- Assembly -----------------------------------

Compiled method (c1) 365   23       3       java.lang.AbstractStringBuilder::newCapacity (49 bytes)
 total in heap  [0x0000784afffff008,0x0000784afffff498] = 1168
 main code      [0x0000784afffff100,0x0000784afffff458] = 856
 stub code      [0x0000784afffff458,0x0000784afffff498] = 64
 mutable data [0x0000784aa8015160,0x0000784aa80151e0] = 128
 relocation     [0x0000784aa8015160,0x0000784aa80151c8] = 104
 metadata       [0x0000784aa80151c8,0x0000784aa80151e0] = 24
 immutable data [0x0000784aa8014eb0,0x0000784aa8015154] = 676
 dependencies   [0x0000784aa8014eb0,0x0000784aa8014eb8] = 8
 nul chk table  [0x0000784aa8014eb8,0x0000784aa8014ec8] = 16
 scopes pcs     [0x0000784aa8014ec8,0x0000784aa8015048] = 384
 scopes data    [0x0000784aa8015048,0x0000784aa8015150] = 264

[Disassembly]
--------------------------------------------------------------------------------
[Constant Pool (empty)]

--------------------------------------------------------------------------------

[Verified Entry Point]
  # {method} {0x000000009f1b6740} &apos;newCapacity&apos; &apos;([BBI)I&apos; in &apos;java/lang/AbstractStringBuilder&apos;
  # parm0:    rsi:rsi   = &apos;[B&apos;
  # parm1:    rdx       = byte
  # parm2:    rcx       = int
  #           [sp+0x90]  (sp of caller)
  0x0000784afffff100:   mov    %eax,-0x14000(%rsp)
  0x0000784afffff107:   push   %rbp
  0x0000784afffff108:   sub    $0x80,%rsp
  0x0000784afffff10f:   nop
  0x0000784afffff110:   cmpl   $0x1,0x20(%r15)
  0x0000784afffff118:   je     0x0000784afffff11f
  0x0000784afffff11a:   call   Stub::method_entry_barrier_stub (stub gen)
                                                            ;   {runtime_call Stub::method_entry_barrier_stub (stub gen)}
  0x0000784afffff11f:   mov    %rcx,%rdi
  0x0000784afffff122:   movabs $0x784ab8089ec8,%rcx         ;   {metadata(method data for {method} {0x000000009f1b6740} &apos;newCapacity&apos; &apos;([BBI)I&apos; in &apos;java/lang/AbstractStringBuilder&apos;)}
  0x0000784afffff12c:   mov    0x90(%rcx),%ebx
  0x0000784afffff132:   add    $0x2,%ebx
  0x0000784afffff135:   mov    %ebx,0x90(%rcx)
  0x0000784afffff13b:   and    $0x7fe,%ebx
  0x0000784afffff141:   test   %ebx,%ebx
  0x0000784afffff143:   je     0x0000784afffff386           ;*aload_0 {reexecute=0 rethrow=0 return_oop=0}
                                                            ; - java.lang.AbstractStringBuilder::newCapacity@0 (line 341)
  0x0000784afffff149:   mov    0xc(%rsi),%esi               ; implicit exception: dispatches to 0x0000784afffff3a7
                                                            ;*arraylength {reexecute=0 rethrow=0 return_oop=0}
                                                            ; - java.lang.AbstractStringBuilder::newCapacity@1 (line 341)
  0x0000784afffff14c:   mov    %rdx,%rcx
  0x0000784afffff14f:   shl    %cl,%edi
  0x0000784afffff151:   sub    %esi,%edi
  0x0000784afffff153:   mov    %rdx,%rcx
  0x0000784afffff156:   mov    $0x2,%ebx
  0x0000784afffff15b:   shl    %cl,%ebx
  0x0000784afffff15d:   add    %esi,%ebx
  0x0000784afffff15f:   movabs $0x784ab8089ec8,%rax         ;   {metadata(method data for {method} {0x000000009f1b6740} &apos;newCapacity&apos; &apos;([BBI)I&apos; in &apos;java/lang/AbstractStringBuilder&apos;)}
  0x0000784afffff169:   addq   $0x1,0xd8(%rax)
  0x0000784afffff171:   movabs $0x784ab8089aa0,%rax         ;   {metadata(method data for {method} {0x000000009f48de30} &apos;newLength&apos; &apos;(III)I&apos; in &apos;jdk/internal/util/ArraysSupport&apos;)}
  0x0000784afffff17b:   mov    0x90(%rax),%ecx
  0x0000784afffff181:   add    $0x2,%ecx
  0x0000784afffff184:   mov    %ecx,0x90(%rax)
  0x0000784afffff18a:   and    $0x1ffffe,%ecx
  0x0000784afffff190:   test   %ecx,%ecx
  0x0000784afffff192:   je     0x0000784afffff3ac
  0x0000784afffff198:   movabs $0x784ab8089aa0,%rax         ;   {metadata(method data for {method} {0x000000009f48de30} &apos;newLength&apos; &apos;(III)I&apos; in &apos;jdk/internal/util/ArraysSupport&apos;)}
  0x0000784afffff1a2:   addq   $0x1,0xd8(%rax)
  0x0000784afffff1aa:   movabs $0x784ab8089970,%rax         ;   {metadata(method data for {method} {0x000000009f4908d0} &apos;max&apos; &apos;(II)I&apos; in &apos;java/lang/Math&apos;)}
  0x0000784afffff1b4:   mov    0x90(%rax),%ecx
  0x0000784afffff1ba:   add    $0x2,%ecx
  0x0000784afffff1bd:   mov    %ecx,0x90(%rax)
  0x0000784afffff1c3:   and    $0x1ffffe,%ecx
  0x0000784afffff1c9:   test   %ecx,%ecx
  0x0000784afffff1cb:   je     0x0000784afffff3cd
  0x0000784afffff1d1:   cmp    %ebx,%edi
  0x0000784afffff1d3:   movabs $0x784ab8089970,%rax         ;   {metadata(method data for {method} {0x000000009f4908d0} &apos;max&apos; &apos;(II)I&apos; in &apos;java/lang/Math&apos;)}
  0x0000784afffff1dd:   mov    $0xd8,%ecx
  0x0000784afffff1e2:   jl     0x0000784afffff1e9
  0x0000784afffff1e4:   mov    $0xe8,%ecx
  0x0000784afffff1e9:   mov    (%rax,%rcx,1),%r8
  0x0000784afffff1ed:   lea    0x1(%r8),%r8
  0x0000784afffff1f1:   mov    %r8,(%rax,%rcx,1)
  0x0000784afffff1f5:   jl     0x0000784afffff20e           ;*if_icmplt {reexecute=0 rethrow=0 return_oop=0}
                                                            ; - java.lang.Math::max@2 (line 2024)
                                                            ; - jdk.internal.util.ArraysSupport::newLength@3 (line 902)
                                                            ; - java.lang.AbstractStringBuilder::newCapacity@22 (line 344)
  0x0000784afffff1fb:   movabs $0x784ab8089970,%rbx         ;   {metadata(method data for {method} {0x000000009f4908d0} &apos;max&apos; &apos;(II)I&apos; in &apos;java/lang/Math&apos;)}
  0x0000784afffff205:   incl   0xf8(%rbx)
  0x0000784afffff20b:   mov    %rdi,%rbx                    ;*goto {reexecute=0 rethrow=0 return_oop=0}
                                                            ; - java.lang.Math::max@6 (line 2024)
                                                            ; - jdk.internal.util.ArraysSupport::newLength@3 (line 902)
                                                            ; - java.lang.AbstractStringBuilder::newCapacity@22 (line 344)
  0x0000784afffff20e:   add    %esi,%ebx
  0x0000784afffff210:   test   %ebx,%ebx
  0x0000784afffff212:   movabs $0x784ab8089aa0,%rax         ;   {metadata(method data for {method} {0x000000009f48de30} &apos;newLength&apos; &apos;(III)I&apos; in &apos;jdk/internal/util/ArraysSupport&apos;)}
  0x0000784afffff21c:   mov    $0xe8,%ecx
  0x0000784afffff221:   jle    0x0000784afffff228
  0x0000784afffff223:   mov    $0xf8,%ecx
  0x0000784afffff228:   mov    (%rax,%rcx,1),%r8
  0x0000784afffff22c:   lea    0x1(%r8),%r8
  0x0000784afffff230:   mov    %r8,(%rax,%rcx,1)
  0x0000784afffff234:   jle    0x0000784afffff268           ;*if_icmpge {reexecute=0 rethrow=0 return_oop=0}
                                                            ; - jdk.internal.util.ArraysSupport::newLength@10 (line 903)
                                                            ; - java.lang.AbstractStringBuilder::newCapacity@22 (line 344)
  0x0000784afffff23a:   cmp    $0x7ffffff7,%ebx
  0x0000784afffff240:   movabs $0x784ab8089aa0,%rax         ;   {metadata(method data for {method} {0x000000009f48de30} &apos;newLength&apos; &apos;(III)I&apos; in &apos;jdk/internal/util/ArraysSupport&apos;)}
  0x0000784afffff24a:   mov    $0x118,%ecx
  0x0000784afffff24f:   jle    0x0000784afffff256
  0x0000784afffff251:   mov    $0x108,%ecx
  0x0000784afffff256:   mov    (%rax,%rcx,1),%r8
  0x0000784afffff25a:   lea    0x1(%r8),%r8
  0x0000784afffff25e:   mov    %r8,(%rax,%rcx,1)
  0x0000784afffff262:   jle    0x0000784afffff299           ;*if_icmpgt {reexecute=0 rethrow=0 return_oop=0}
                                                            ; - jdk.internal.util.ArraysSupport::newLength@16 (line 903)
                                                            ; - java.lang.AbstractStringBuilder::newCapacity@22 (line 344)
  0x0000784afffff268:   mov    %edx,0x68(%rsp)
  0x0000784afffff26c:   movabs $0x784ab8089aa0,%rbx         ;   {metadata(method data for {method} {0x000000009f48de30} &apos;newLength&apos; &apos;(III)I&apos; in &apos;jdk/internal/util/ArraysSupport&apos;)}
  0x0000784afffff276:   addq   $0x1,0x128(%rbx)
  0x0000784afffff27e:   mov    %rdi,%rdx                    ;*invokestatic hugeLength {reexecute=0 rethrow=0 return_oop=0}
                                                            ; - jdk.internal.util.ArraysSupport::newLength@23 (line 907)
                                                            ; - java.lang.AbstractStringBuilder::newCapacity@22 (line 344)
  0x0000784afffff281:   nopw   0x0(%rax,%rax,1)
  0x0000784afffff287:   call   0x0000784b074adfe0           ; ImmutableOopMap {}
                                                            ;*invokestatic hugeLength {reexecute=0 rethrow=0 return_oop=0}
                                                            ; - jdk.internal.util.ArraysSupport::newLength@23 (line 907)
                                                            ; - java.lang.AbstractStringBuilder::newCapacity@22 (line 344)
                                                            ;   {static_call}
  0x0000784afffff28c:   nopl   0x284(%rax,%rax,1)           ;*invokestatic hugeLength {reexecute=0 rethrow=0 return_oop=0}
                                                            ; - jdk.internal.util.ArraysSupport::newLength@23 (line 907)
                                                            ; - java.lang.AbstractStringBuilder::newCapacity@22 (line 344)
                                                            ;   {post_call_nop}
  0x0000784afffff294:   jmp    0x0000784afffff2a0
  0x0000784afffff299:   mov    %edx,0x68(%rsp)
  0x0000784afffff29d:   mov    %rbx,%rax                    ;*istore {reexecute=0 rethrow=0 return_oop=0}
                                                            ; - java.lang.AbstractStringBuilder::newCapacity@25 (line 344)
  0x0000784afffff2a0:   cmp    $0x7fffffff,%eax
  0x0000784afffff2a5:   movabs $0x784ab8089ec8,%rcx         ;   {metadata(method data for {method} {0x000000009f1b6740} &apos;newCapacity&apos; &apos;([BBI)I&apos; in &apos;java/lang/AbstractStringBuilder&apos;)}
  0x0000784afffff2af:   mov    $0xf8,%edx
  0x0000784afffff2b4:   je     0x0000784afffff2bb
  0x0000784afffff2b6:   mov    $0xe8,%edx
  0x0000784afffff2bb:   mov    (%rcx,%rdx,1),%rsi
  0x0000784afffff2bf:   lea    0x1(%rsi),%rsi
  0x0000784afffff2c3:   mov    %rsi,(%rcx,%rdx,1)
  0x0000784afffff2c7:   je     0x0000784afffff2e9           ;*if_icmpne {reexecute=0 rethrow=0 return_oop=0}
                                                            ; - java.lang.AbstractStringBuilder::newCapacity@31 (line 345)
  0x0000784afffff2cd:   mov    0x68(%rsp),%edx
  0x0000784afffff2d1:   mov    %rdx,%rcx
  0x0000784afffff2d4:   sar    %cl,%eax
  0x0000784afffff2d6:   add    $0x80,%rsp
  0x0000784afffff2dd:   pop    %rbp
  0x0000784afffff2de:   cmp    0x28(%r15),%rsp              ;   {poll_return}
  0x0000784afffff2e2:   ja     0x0000784afffff3ee
  0x0000784afffff2e8:   ret                                 ;*ireturn {reexecute=0 rethrow=0 return_oop=0}
                                                            ; - java.lang.AbstractStringBuilder::newCapacity@48 (line 348)
  0x0000784afffff2e9:   nopl   0x0(%rax)
  0x0000784afffff2f0:   jmp    0x0000784afffff413           ;   {other}
  0x0000784afffff2f5:   add    %al,(%rax)
  0x0000784afffff2f7:   add    %al,(%rax)
  0x0000784afffff2f9:   add    %cl,-0x75(%rcx)
  0x0000784afffff2fc:   xchg   %esi,0x48000001(%rax)
  0x0000784afffff302:   lea    0x28(%rax),%edi
  0x0000784afffff305:   cmp    0x1c0(%r15),%rdi
  0x0000784afffff30c:   ja     0x0000784afffff41d
  0x0000784afffff312:   mov    %rdi,0x1b0(%r15)
  0x0000784afffff319:   movq   $0x1,(%rax)
  0x0000784afffff320:   mov    %rdx,%rcx
  0x0000784afffff323:   mov    $0x9f000000,%r10d
  0x0000784afffff329:   sub    %r10,%rcx
  0x0000784afffff32c:   mov    %ecx,0x8(%rax)
  0x0000784afffff32f:   xor    %rcx,%rcx
  0x0000784afffff332:   mov    %ecx,0xc(%rax)
  0x0000784afffff335:   xor    %rcx,%rcx
  0x0000784afffff338:   mov    %rcx,0x10(%rax)
  0x0000784afffff33c:   mov    %rcx,0x18(%rax)
  0x0000784afffff340:   mov    %rcx,0x20(%rax)              ;*new {reexecute=0 rethrow=0 return_oop=0}
                                                            ; - java.lang.AbstractStringBuilder::newCapacity@34 (line 346)
  0x0000784afffff344:   mov    %rax,%rdx
  0x0000784afffff347:   movabs $0x784ab8089ec8,%rsi         ;   {metadata(method data for {method} {0x000000009f1b6740} &apos;newCapacity&apos; &apos;([BBI)I&apos; in &apos;java/lang/AbstractStringBuilder&apos;)}
  0x0000784afffff351:   addq   $0x1,0x108(%rsi)
  0x0000784afffff359:   movabs $0x7ff83cd10,%rdx            ;   {oop(&quot;Required length exceeds implementation limit&quot;{0x00000007ff83cd10})}
  0x0000784afffff363:   mov    %rax,%rsi                    ;*invokespecial &lt;init&gt; {reexecute=0 rethrow=0 return_oop=0}
                                                            ; - java.lang.AbstractStringBuilder::newCapacity@40 (line 346)
  0x0000784afffff366:   mov    %rax,0x70(%rsp)
  0x0000784afffff36b:   nopl   0x0(%rax)
  0x0000784afffff36f:   call   0x0000784b074ad9e0           ; ImmutableOopMap {[112]=Oop }
                                                            ;*invokespecial &lt;init&gt; {reexecute=0 rethrow=0 return_oop=0}
                                                            ; - java.lang.AbstractStringBuilder::newCapacity@40 (line 346)
                                                            ;   {optimized virtual_call}
  0x0000784afffff374:   nopl   0x100036c(%rax,%rax,1)       ;*invokespecial &lt;init&gt; {reexecute=0 rethrow=0 return_oop=0}
                                                            ; - java.lang.AbstractStringBuilder::newCapacity@40 (line 346)
                                                            ;   {post_call_nop}
  0x0000784afffff37c:   mov    0x70(%rsp),%rax
  0x0000784afffff381:   jmp    0x0000784afffff447
  0x0000784afffff386:   movabs $0x9f1b6740,%r10             ;   {metadata({method} {0x000000009f1b6740} &apos;newCapacity&apos; &apos;([BBI)I&apos; in &apos;java/lang/AbstractStringBuilder&apos;)}
  0x0000784afffff390:   mov    %r10,0x8(%rsp)
  0x0000784afffff395:   movq   $0xffffffffffffffff,(%rsp)
  0x0000784afffff39d:   call   0x0000784b07582fe0           ; ImmutableOopMap {rsi=Oop }
                                                            ;*synchronization entry
                                                            ; - java.lang.AbstractStringBuilder::newCapacity@-1 (line 341)
                                                            ;   {runtime_call counter_overflow_blob (C1 runtime)}
  0x0000784afffff3a2:   jmp    0x0000784afffff149
  0x0000784afffff3a7:   call   0x0000784b0757c660           ; ImmutableOopMap {}
                                                            ;*arraylength {reexecute=0 rethrow=0 return_oop=0}
                                                            ; - java.lang.AbstractStringBuilder::newCapacity@1 (line 341)
                                                            ;   {runtime_call throw_null_pointer_exception_blob (C1 runtime)}
  0x0000784afffff3ac:   movabs $0x9f48de30,%r10             ;   {metadata({method} {0x000000009f48de30} &apos;newLength&apos; &apos;(III)I&apos; in &apos;jdk/internal/util/ArraysSupport&apos;)}
  0x0000784afffff3b6:   mov    %r10,0x8(%rsp)
  0x0000784afffff3bb:   movq   $0xffffffffffffffff,(%rsp)
  0x0000784afffff3c3:   call   0x0000784b07582fe0           ; ImmutableOopMap {}
                                                            ;*synchronization entry
                                                            ; - jdk.internal.util.ArraysSupport::newLength@-1 (line 902)
                                                            ; - java.lang.AbstractStringBuilder::newCapacity@22 (line 344)
                                                            ;   {runtime_call counter_overflow_blob (C1 runtime)}
  0x0000784afffff3c8:   jmp    0x0000784afffff198
  0x0000784afffff3cd:   movabs $0x9f4908d0,%r10             ;   {metadata({method} {0x000000009f4908d0} &apos;max&apos; &apos;(II)I&apos; in &apos;java/lang/Math&apos;)}
  0x0000784afffff3d7:   mov    %r10,0x8(%rsp)
  0x0000784afffff3dc:   movq   $0xffffffffffffffff,(%rsp)
  0x0000784afffff3e4:   call   0x0000784b07582fe0           ; ImmutableOopMap {}
                                                            ;*synchronization entry
                                                            ; - java.lang.Math::max@-1 (line 2024)
                                                            ; - jdk.internal.util.ArraysSupport::newLength@3 (line 902)
                                                            ; - java.lang.AbstractStringBuilder::newCapacity@22 (line 344)
                                                            ;   {runtime_call counter_overflow_blob (C1 runtime)}
  0x0000784afffff3e9:   jmp    0x0000784afffff1d1
  0x0000784afffff3ee:   movabs $0x784afffff2de,%r10         ;   {internal_word}
  0x0000784afffff3f8:   mov    %r10,0x510(%r15)
  0x0000784afffff3ff:   jmp    0x0000784b074afb60           ;   {runtime_call SafepointBlob}
  0x0000784afffff404:   movabs $0x0,%rdx                    ;   {metadata(nullptr)}
  0x0000784afffff40e:   mov    $0xa050f00,%eax
  0x0000784afffff413:   call   0x0000784b075820e0           ; ImmutableOopMap {}
                                                            ;*new {reexecute=1 rethrow=0 return_oop=0}
                                                            ; - (reexecute) java.lang.AbstractStringBuilder::newCapacity@34 (line 346)
                                                            ;   {runtime_call load_klass_patching_blob (C1 runtime)}
  0x0000784afffff418:   jmp    0x0000784afffff2f0
  0x0000784afffff41d:   mov    %rdx,%rdx
  0x0000784afffff420:   call   0x0000784b0757d3e0           ; ImmutableOopMap {}
                                                            ;*new {reexecute=0 rethrow=0 return_oop=0}
                                                            ; - java.lang.AbstractStringBuilder::newCapacity@34 (line 346)
                                                            ;   {runtime_call fast_new_instance_blob (C1 runtime)}
  0x0000784afffff425:   jmp    0x0000784afffff344
  0x0000784afffff42a:   mov    0x5c0(%r15),%rax
  0x0000784afffff431:   movq   $0x0,0x5c0(%r15)
  0x0000784afffff43c:   movq   $0x0,0x5c8(%r15)
  0x0000784afffff447:   add    $0x80,%rsp
  0x0000784afffff44e:   pop    %rbp
  0x0000784afffff44f:   jmp    0x0000784b0757b760           ;   {runtime_call unwind_exception_blob (C1 runtime)}
  0x0000784afffff454:   hlt    
  0x0000784afffff455:   hlt    
  0x0000784afffff456:   hlt    
  0x0000784afffff457:   hlt    
[Stub Code]
  0x0000784afffff458:   movabs $0x0,%rbx                    ;   {static_stub}
  0x0000784afffff462:   jmp    0x0000784afffff462           ;   {runtime_call nmethod}
  0x0000784afffff467:   movabs $0x0,%rbx                    ;   {static_stub}
  0x0000784afffff471:   jmp    0x0000784afffff471           ;   {runtime_call nmethod}
[Exception Handler]
  0x0000784afffff476:   call   0x0000784b0757ede0           ;   {runtime_call handle_exception_from_callee_blob (C1 runtime)}
  0x0000784afffff47b:   movabs $0x784b1fb3aec4,%rdi         ;   {external_word}
  0x0000784afffff485:   and    $0xfffffffffffffff0,%rsp
  0x0000784afffff489:   call   0x0000784b1f591cc0           ;   {runtime_call MacroAssembler::debug64(char*, long, long*)}
  0x0000784afffff48e:   hlt    
  0x0000784afffff48f:   call   0x0000784b074afe60           ;   {runtime_call DeoptimizationBlob}
[Deopt Handler Entry Point]
  0x0000784afffff494:   jmp    0x0000784afffff48f
  0x0000784afffff496:   hlt    
  0x0000784afffff497:   hlt    
--------------------------------------------------------------------------------
[/Disassembly]
