
============================= C1-compiled nmethod ==============================
----------------------------------- Assembly -----------------------------------

Compiled method (c1) 328   23       1       java.net.URL::getRef (5 bytes)
 total in heap  [0x000074c887ba4208,0x000074c887ba43b0] = 424
 main code      [0x000074c887ba4300,0x000074c887ba4390] = 144
 stub code      [0x000074c887ba4390,0x000074c887ba43b0] = 32
 mutable data [0x000074c828014c70,0x000074c828014c98] = 40
 relocation     [0x000074c828014c70,0x000074c828014c90] = 32
 metadata       [0x000074c828014c90,0x000074c828014c98] = 8
 immutable data [0x000074c828014c00,0x000074c828014c5c] = 92
 dependencies   [0x000074c828014c00,0x000074c828014c08] = 8
 scopes pcs     [0x000074c828014c08,0x000074c828014c48] = 64
 scopes data    [0x000074c828014c48,0x000074c828014c58] = 16

[Disassembly]
--------------------------------------------------------------------------------
[Constant Pool (empty)]

--------------------------------------------------------------------------------

[Instructions begin]
  0x000074c887ba4300:   data16 data16 nopw 0x0(%rax,%rax,1)
  0x000074c887ba430b:   data16 data16 xchg %ax,%ax
  0x000074c887ba430f:   data16 xchg %ax,%ax
[Entry Point]
  # {method} {0x00000000191beb28} &apos;getRef&apos; &apos;()Ljava/lang/String;&apos; in &apos;java/net/URL&apos;
  #           [sp+0x30]  (sp of caller)
  0x000074c887ba4312:   mov    0x8(%rsi),%r10d
  0x000074c887ba4316:   cmp    0x8(%rax),%r10d
  0x000074c887ba431a:   jne    0x000074c8874ad6e0           ;   {runtime_call ic_miss_blob (shared runtime)}
[Verified Entry Point]
  0x000074c887ba4320:   mov    %eax,-0x14000(%rsp)
  0x000074c887ba4327:   push   %rbp
  0x000074c887ba4328:   sub    $0x20,%rsp
  0x000074c887ba432c:   cmpl   $0x1,0x20(%r15)
  0x000074c887ba4334:   je     0x000074c887ba433b
  0x000074c887ba4336:   call   Stub::method_entry_barrier_stub (stub gen)
                                                            ;*aload_0 {reexecute=0 rethrow=0 return_oop=0}
                                                            ; - java.net.URL::getRef@0 (line 1063)
                                                            ;   {runtime_call Stub::method_entry_barrier_stub (stub gen)}
  0x000074c887ba433b:   mov    0x30(%rsi),%eax
  0x000074c887ba433e:   shl    $0x3,%rax                    ;*getfield ref {reexecute=0 rethrow=0 return_oop=0}
                                                            ; - java.net.URL::getRef@1 (line 1063)
  0x000074c887ba4342:   add    $0x20,%rsp
  0x000074c887ba4346:   pop    %rbp
  0x000074c887ba4347:   cmp    0x28(%r15),%rsp              ;   {poll_return}
  0x000074c887ba434b:   ja     0x000074c887ba4352
  0x000074c887ba4351:   ret    
  0x000074c887ba4352:   movabs $0x74c887ba4347,%r10         ;   {internal_word}
  0x000074c887ba435c:   mov    %r10,0x510(%r15)
  0x000074c887ba4363:   jmp    0x000074c8874afb60           ;   {runtime_call SafepointBlob}
  0x000074c887ba4368:   mov    0x5c0(%r15),%rax
  0x000074c887ba436f:   movq   $0x0,0x5c0(%r15)
  0x000074c887ba437a:   movq   $0x0,0x5c8(%r15)
  0x000074c887ba4385:   add    $0x20,%rsp
  0x000074c887ba4389:   pop    %rbp
  0x000074c887ba438a:   jmp    0x000074c88757bbe0           ;   {runtime_call unwind_exception_blob (C1 runtime)}
  0x000074c887ba438f:   hlt    
[Exception Handler]
  0x000074c887ba4390:   call   0x000074c88757fbe0           ;   {runtime_call handle_exception_from_callee_blob (C1 runtime)}
  0x000074c887ba4395:   movabs $0x74c8a073aec4,%rdi         ;   {external_word}
  0x000074c887ba439f:   and    $0xfffffffffffffff0,%rsp
  0x000074c887ba43a3:   call   0x000074c8a0191cc0           ;   {runtime_call MacroAssembler::debug64(char*, long, long*)}
  0x000074c887ba43a8:   hlt    
  0x000074c887ba43a9:   call   0x000074c8874afe60           ;   {runtime_call DeoptimizationBlob}
[Deopt Handler Entry Point]
  0x000074c887ba43ae:   jmp    0x000074c887ba43a9
--------------------------------------------------------------------------------
[/Disassembly]
