
============================= C1-compiled nmethod ==============================
----------------------------------- Assembly -----------------------------------

Compiled method (c1) 68    3       2       jdk.internal.misc.Unsafe::toUnsignedInt (6 bytes)
 total in heap  [0x00007e696bfff008,0x00007e696bfff1d0] = 456
 main code      [0x00007e696bfff100,0x00007e696bfff1b0] = 176
 stub code      [0x00007e696bfff1b0,0x00007e696bfff1d0] = 32
 mutable data [0x00007e6910014ce0,0x00007e6910014d08] = 40
 relocation     [0x00007e6910014ce0,0x00007e6910014d00] = 32
 metadata       [0x00007e6910014d00,0x00007e6910014d08] = 8
 immutable data [0x00007e6910014c70,0x00007e6910014cd4] = 100
 dependencies   [0x00007e6910014c70,0x00007e6910014c78] = 8
 scopes pcs     [0x00007e6910014c78,0x00007e6910014cb8] = 64
 scopes data    [0x00007e6910014cb8,0x00007e6910014cd0] = 24

[Disassembly]
--------------------------------------------------------------------------------
[Constant Pool (empty)]

--------------------------------------------------------------------------------

[Verified Entry Point]
  # {method} {0x000000004c1e5758} &apos;toUnsignedInt&apos; &apos;(S)I&apos; in &apos;jdk/internal/misc/Unsafe&apos;
  # parm0:    rsi       = short
  #           [sp+0x30]  (sp of caller)
  0x00007e696bfff100:   mov    %eax,-0x14000(%rsp)
  0x00007e696bfff107:   push   %rbp
  0x00007e696bfff108:   sub    $0x20,%rsp
  0x00007e696bfff10c:   cmpl   $0x1,0x20(%r15)
  0x00007e696bfff114:   je     0x00007e696bfff11b
  0x00007e696bfff116:   call   Stub::method_entry_barrier_stub (stub gen)
                                                            ;   {runtime_call Stub::method_entry_barrier_stub (stub gen)}
  0x00007e696bfff11b:   movabs $0x7e692800d438,%rax
  0x00007e696bfff125:   mov    0x8(%rax),%edi
  0x00007e696bfff128:   add    $0x2,%edi
  0x00007e696bfff12b:   mov    %edi,0x8(%rax)
  0x00007e696bfff12e:   and    $0xffe,%edi
  0x00007e696bfff134:   test   %edi,%edi
  0x00007e696bfff136:   je     0x00007e696bfff155           ;*iload_0 {reexecute=0 rethrow=0 return_oop=0}
                                                            ; - jdk.internal.misc.Unsafe::toUnsignedInt@0 (line 3852)
  0x00007e696bfff13c:   and    $0xffff,%esi
  0x00007e696bfff142:   mov    %rsi,%rax
  0x00007e696bfff145:   add    $0x20,%rsp
  0x00007e696bfff149:   pop    %rbp
  0x00007e696bfff14a:   cmp    0x28(%r15),%rsp              ;   {poll_return}
  0x00007e696bfff14e:   ja     0x00007e696bfff173
  0x00007e696bfff154:   ret    
  0x00007e696bfff155:   movabs $0x4c1e5758,%r10             ;   {metadata({method} {0x000000004c1e5758} &apos;toUnsignedInt&apos; &apos;(S)I&apos; in &apos;jdk/internal/misc/Unsafe&apos;)}
  0x00007e696bfff15f:   mov    %r10,0x8(%rsp)
  0x00007e696bfff164:   movq   $0xffffffffffffffff,(%rsp)
  0x00007e696bfff16c:   call   0x00007e6973583460           ; ImmutableOopMap {}
                                                            ;*synchronization entry
                                                            ; - jdk.internal.misc.Unsafe::toUnsignedInt@-1 (line 3852)
                                                            ;   {runtime_call counter_overflow_blob (C1 runtime)}
  0x00007e696bfff171:   jmp    0x00007e696bfff13c
  0x00007e696bfff173:   movabs $0x7e696bfff14a,%r10         ;   {internal_word}
  0x00007e696bfff17d:   mov    %r10,0x510(%r15)
  0x00007e696bfff184:   jmp    0x00007e69734afb60           ;   {runtime_call SafepointBlob}
  0x00007e696bfff189:   mov    0x5c0(%r15),%rax
  0x00007e696bfff190:   movq   $0x0,0x5c0(%r15)
  0x00007e696bfff19b:   movq   $0x0,0x5c8(%r15)
  0x00007e696bfff1a6:   add    $0x20,%rsp
  0x00007e696bfff1aa:   pop    %rbp
  0x00007e696bfff1ab:   jmp    0x00007e697357bbe0           ;   {runtime_call unwind_exception_blob (C1 runtime)}
[Exception Handler]
  0x00007e696bfff1b0:   call   0x00007e697357fbe0           ;   {runtime_call handle_exception_from_callee_blob (C1 runtime)}
  0x00007e696bfff1b5:   movabs $0x7e698c73aec4,%rdi         ;   {external_word}
  0x00007e696bfff1bf:   and    $0xfffffffffffffff0,%rsp
  0x00007e696bfff1c3:   call   0x00007e698c191cc0           ;   {runtime_call MacroAssembler::debug64(char*, long, long*)}
  0x00007e696bfff1c8:   hlt    
  0x00007e696bfff1c9:   call   0x00007e69734afe60           ;   {runtime_call DeoptimizationBlob}
[Deopt Handler Entry Point]
  0x00007e696bfff1ce:   jmp    0x00007e696bfff1c9
--------------------------------------------------------------------------------
[/Disassembly]
