
============================= C1-compiled nmethod ==============================
----------------------------------- Assembly -----------------------------------

Compiled method (c1) 335   23       3       java.lang.ref.Cleaner$1::apply (9 bytes)
 total in heap  [0x0000777fe7fff008,0x0000777fe7fff350] = 840
 main code      [0x0000777fe7fff100,0x0000777fe7fff330] = 560
 stub code      [0x0000777fe7fff330,0x0000777fe7fff350] = 32
 mutable data [0x0000777f88014e30,0x0000777f88014e80] = 80
 relocation     [0x0000777f88014e30,0x0000777f88014e68] = 56
 metadata       [0x0000777f88014e68,0x0000777f88014e80] = 24
 immutable data [0x0000777f88014d30,0x0000777f88014e24] = 244
 dependencies   [0x0000777f88014d30,0x0000777f88014d38] = 8
 nul chk table  [0x0000777f88014d38,0x0000777f88014d48] = 16
 scopes pcs     [0x0000777f88014d48,0x0000777f88014dd8] = 144
 scopes data    [0x0000777f88014dd8,0x0000777f88014e20] = 72

[Disassembly]
--------------------------------------------------------------------------------
[Constant Pool (empty)]

--------------------------------------------------------------------------------

[Instructions begin]
  0x0000777fe7fff100:   data16 data16 nopw 0x0(%rax,%rax,1)
  0x0000777fe7fff10b:   data16 data16 xchg %ax,%ax
  0x0000777fe7fff10f:   data16 xchg %ax,%ax
[Entry Point]
  # {method} {0x000000007f299650} &apos;apply&apos; &apos;(Ljava/lang/Object;)Ljava/lang/Object;&apos; in &apos;java/lang/ref/Cleaner$1&apos;
  # this:     rsi:rsi   = &apos;java/lang/ref/Cleaner$1&apos;
  # parm0:    rdx:rdx   = &apos;java/lang/Object&apos;
  #           [sp+0x40]  (sp of caller)
  0x0000777fe7fff112:   mov    0x8(%rsi),%r10d
  0x0000777fe7fff116:   cmp    0x8(%rax),%r10d
  0x0000777fe7fff11a:   jne    0x0000777fef4ad6e0           ;   {runtime_call ic_miss_blob (shared runtime)}
[Verified Entry Point]
  0x0000777fe7fff120:   mov    %eax,-0x14000(%rsp)
  0x0000777fe7fff127:   push   %rbp
  0x0000777fe7fff128:   sub    $0x30,%rsp
  0x0000777fe7fff12c:   cmpl   $0x1,0x20(%r15)
  0x0000777fe7fff134:   je     0x0000777fe7fff13b
  0x0000777fe7fff136:   call   Stub::method_entry_barrier_stub (stub gen)
                                                            ;   {runtime_call Stub::method_entry_barrier_stub (stub gen)}
  0x0000777fe7fff13b:   movabs $0x777fa008aa28,%rax         ;   {metadata(method data for {method} {0x000000007f299650} &apos;apply&apos; &apos;(Ljava/lang/Object;)Ljava/lang/Object;&apos; in &apos;java/lang/ref/Cleaner$1&apos;)}
  0x0000777fe7fff145:   mov    0x90(%rax),%edi
  0x0000777fe7fff14b:   add    $0x2,%edi
  0x0000777fe7fff14e:   mov    %edi,0x90(%rax)
  0x0000777fe7fff154:   and    $0x7fe,%edi
  0x0000777fe7fff15a:   test   %edi,%edi
  0x0000777fe7fff15c:   je     0x0000777fe7fff2a0           ;*aload_0 {reexecute=0 rethrow=0 return_oop=0}
                                                            ; - java.lang.ref.Cleaner$1::apply@0 (line 143)
  0x0000777fe7fff162:   test   %rdx,%rdx
  0x0000777fe7fff165:   movabs $0x777fa008aa28,%rbx         ;   {metadata(method data for {method} {0x000000007f299650} &apos;apply&apos; &apos;(Ljava/lang/Object;)Ljava/lang/Object;&apos; in &apos;java/lang/ref/Cleaner$1&apos;)}
  0x0000777fe7fff16f:   jne    0x0000777fe7fff17d
  0x0000777fe7fff171:   orb    $0x1,0xd1(%rbx)
  0x0000777fe7fff178:   jmp    0x0000777fe7fff1ff
  0x0000777fe7fff17d:   mov    0x8(%rdx),%eax
  0x0000777fe7fff180:   mov    $0x7f000000,%r10d
  0x0000777fe7fff186:   add    %r10,%rax
  0x0000777fe7fff189:   mov    $0x1c,%r10d
  0x0000777fe7fff18f:   cmp    (%rbx,%r10,8),%rax
  0x0000777fe7fff193:   je     0x0000777fe7fff1d2
  0x0000777fe7fff195:   add    $0x2,%r10
  0x0000777fe7fff199:   cmp    $0x20,%r10
  0x0000777fe7fff19d:   jne    0x0000777fe7fff18f
  0x0000777fe7fff19f:   mov    $0x1c,%r10d
  0x0000777fe7fff1a5:   cmpq   $0x0,(%rbx,%r10,8)
  0x0000777fe7fff1aa:   je     0x0000777fe7fff1b8
  0x0000777fe7fff1ac:   add    $0x2,%r10
  0x0000777fe7fff1b0:   cmp    $0x20,%r10
  0x0000777fe7fff1b4:   jne    0x0000777fe7fff1a5
  0x0000777fe7fff1b6:   jmp    0x0000777fe7fff1ca
  0x0000777fe7fff1b8:   push   %rcx
  0x0000777fe7fff1b9:   mov    %rax,%rcx
  0x0000777fe7fff1bc:   xor    %rax,%rax
  0x0000777fe7fff1bf:   cmpxchg %rcx,(%rbx,%r10,8)
  0x0000777fe7fff1c4:   mov    %rcx,%rax
  0x0000777fe7fff1c7:   pop    %rcx
  0x0000777fe7fff1c8:   jmp    0x0000777fe7fff189
  0x0000777fe7fff1ca:   mov    $0x1b,%r10d
  0x0000777fe7fff1d0:   jmp    0x0000777fe7fff1d6
  0x0000777fe7fff1d2:   add    $0x1,%r10
  0x0000777fe7fff1d6:   addq   $0x1,(%rbx,%r10,8)
  0x0000777fe7fff1db:   movabs $0x7f298518,%rax             ;   {metadata(&apos;java/lang/ref/Cleaner&apos;)}
  0x0000777fe7fff1e5:   mov    0x8(%rdx),%edi
  0x0000777fe7fff1e8:   mov    $0x7f000000,%r10d
  0x0000777fe7fff1ee:   add    %r10,%rdi
  0x0000777fe7fff1f1:   cmp    %rdi,%rax
  0x0000777fe7fff1f4:   jne    0x0000777fe7fff2c1
  0x0000777fe7fff1fa:   jmp    0x0000777fe7fff1ff
  0x0000777fe7fff1ff:   mov    %rdx,%rax                    ;*checkcast {reexecute=0 rethrow=0 return_oop=0}
                                                            ; - java.lang.ref.Cleaner$1::apply@2 (line 143)
  0x0000777fe7fff202:   movabs $0x777fa008aa28,%rdi         ;   {metadata(method data for {method} {0x000000007f299650} &apos;apply&apos; &apos;(Ljava/lang/Object;)Ljava/lang/Object;&apos; in &apos;java/lang/ref/Cleaner$1&apos;)}
  0x0000777fe7fff20c:   movabs $0x7f2993a0,%rsi             ;   {metadata(&apos;java/lang/ref/Cleaner$1&apos;)}
  0x0000777fe7fff216:   mov    $0x22,%r10d
  0x0000777fe7fff21c:   cmp    (%rdi,%r10,8),%rsi
  0x0000777fe7fff220:   je     0x0000777fe7fff259
  0x0000777fe7fff222:   add    $0x2,%r10
  0x0000777fe7fff226:   cmp    $0x26,%r10
  0x0000777fe7fff22a:   jne    0x0000777fe7fff21c
  0x0000777fe7fff22c:   mov    $0x22,%r10d
  0x0000777fe7fff232:   cmpq   $0x0,(%rdi,%r10,8)
  0x0000777fe7fff237:   je     0x0000777fe7fff245
  0x0000777fe7fff239:   add    $0x2,%r10
  0x0000777fe7fff23d:   cmp    $0x26,%r10
  0x0000777fe7fff241:   jne    0x0000777fe7fff232
  0x0000777fe7fff243:   jmp    0x0000777fe7fff251
  0x0000777fe7fff245:   push   %rax
  0x0000777fe7fff246:   xor    %rax,%rax
  0x0000777fe7fff249:   cmpxchg %rsi,(%rdi,%r10,8)
  0x0000777fe7fff24e:   pop    %rax
  0x0000777fe7fff24f:   jmp    0x0000777fe7fff216
  0x0000777fe7fff251:   mov    $0x21,%r10d
  0x0000777fe7fff257:   jmp    0x0000777fe7fff25d
  0x0000777fe7fff259:   add    $0x1,%r10
  0x0000777fe7fff25d:   addq   $0x1,(%rdi,%r10,8)
  0x0000777fe7fff262:   movabs $0x777fa008aba8,%rsi         ;   {metadata(method data for {method} {0x000000007f2995f8} &apos;apply&apos; &apos;(Ljava/lang/ref/Cleaner;)Ljdk/internal/ref/CleanerImpl;&apos; in &apos;java/lang/ref/Cleaner$1&apos;)}
  0x0000777fe7fff26c:   mov    0x90(%rsi),%edi
  0x0000777fe7fff272:   add    $0x2,%edi
  0x0000777fe7fff275:   mov    %edi,0x90(%rsi)
  0x0000777fe7fff27b:   and    $0x1ffffe,%edi
  0x0000777fe7fff281:   test   %edi,%edi
  0x0000777fe7fff283:   je     0x0000777fe7fff2ca
  0x0000777fe7fff289:   mov    0xc(%rax),%eax               ; implicit exception: dispatches to 0x0000777fe7fff2e8
  0x0000777fe7fff28c:   shl    $0x3,%rax                    ;*getfield impl {reexecute=0 rethrow=0 return_oop=0}
                                                            ; - java.lang.ref.Cleaner$1::apply@1 (line 146)
                                                            ; - java.lang.ref.Cleaner$1::apply@5 (line 143)
  0x0000777fe7fff290:   add    $0x30,%rsp
  0x0000777fe7fff294:   pop    %rbp
  0x0000777fe7fff295:   cmp    0x28(%r15),%rsp              ;   {poll_return}
  0x0000777fe7fff299:   ja     0x0000777fe7fff2ed
  0x0000777fe7fff29f:   ret    
  0x0000777fe7fff2a0:   movabs $0x7f299650,%r10             ;   {metadata({method} {0x000000007f299650} &apos;apply&apos; &apos;(Ljava/lang/Object;)Ljava/lang/Object;&apos; in &apos;java/lang/ref/Cleaner$1&apos;)}
  0x0000777fe7fff2aa:   mov    %r10,0x8(%rsp)
  0x0000777fe7fff2af:   movq   $0xffffffffffffffff,(%rsp)
  0x0000777fe7fff2b7:   call   0x0000777fef583460           ; ImmutableOopMap {rsi=Oop rdx=Oop }
                                                            ;*synchronization entry
                                                            ; - java.lang.ref.Cleaner$1::apply@-1 (line 143)
                                                            ;   {runtime_call counter_overflow_blob (C1 runtime)}
  0x0000777fe7fff2bc:   jmp    0x0000777fe7fff162
  0x0000777fe7fff2c1:   mov    %rdx,(%rsp)
  0x0000777fe7fff2c5:   call   0x0000777fef57f8e0           ; ImmutableOopMap {rsi=Oop }
                                                            ;*checkcast {reexecute=0 rethrow=0 return_oop=0}
                                                            ; - java.lang.ref.Cleaner$1::apply@2 (line 143)
                                                            ;   {runtime_call throw_class_cast_exception_blob (C1 runtime)}
  0x0000777fe7fff2ca:   movabs $0x7f2995f8,%r10             ;   {metadata({method} {0x000000007f2995f8} &apos;apply&apos; &apos;(Ljava/lang/ref/Cleaner;)Ljdk/internal/ref/CleanerImpl;&apos; in &apos;java/lang/ref/Cleaner$1&apos;)}
  0x0000777fe7fff2d4:   mov    %r10,0x8(%rsp)
  0x0000777fe7fff2d9:   movq   $0xffffffffffffffff,(%rsp)
  0x0000777fe7fff2e1:   call   0x0000777fef583460           ; ImmutableOopMap {rax=Oop }
                                                            ;*synchronization entry
                                                            ; - java.lang.ref.Cleaner$1::apply@-1 (line 146)
                                                            ; - java.lang.ref.Cleaner$1::apply@5 (line 143)
                                                            ;   {runtime_call counter_overflow_blob (C1 runtime)}
  0x0000777fe7fff2e6:   jmp    0x0000777fe7fff289
  0x0000777fe7fff2e8:   call   0x0000777fef57cae0           ; ImmutableOopMap {}
                                                            ;*getfield impl {reexecute=1 rethrow=0 return_oop=0}
                                                            ; - (reexecute) java.lang.ref.Cleaner$1::apply@1 (line 146)
                                                            ; - java.lang.ref.Cleaner$1::apply@5 (line 143)
                                                            ;   {runtime_call throw_null_pointer_exception_blob (C1 runtime)}
  0x0000777fe7fff2ed:   movabs $0x777fe7fff295,%r10         ;   {internal_word}
  0x0000777fe7fff2f7:   mov    %r10,0x510(%r15)
  0x0000777fe7fff2fe:   jmp    0x0000777fef4afb60           ;   {runtime_call SafepointBlob}
  0x0000777fe7fff303:   mov    0x5c0(%r15),%rax
  0x0000777fe7fff30a:   movq   $0x0,0x5c0(%r15)
  0x0000777fe7fff315:   movq   $0x0,0x5c8(%r15)
  0x0000777fe7fff320:   add    $0x30,%rsp
  0x0000777fe7fff324:   pop    %rbp
  0x0000777fe7fff325:   jmp    0x0000777fef57b760           ;   {runtime_call unwind_exception_blob (C1 runtime)}
  0x0000777fe7fff32a:   hlt    
  0x0000777fe7fff32b:   hlt    
  0x0000777fe7fff32c:   hlt    
  0x0000777fe7fff32d:   hlt    
  0x0000777fe7fff32e:   hlt    
  0x0000777fe7fff32f:   hlt    
[Exception Handler]
  0x0000777fe7fff330:   call   0x0000777fef57f2e0           ;   {runtime_call handle_exception_from_callee_blob (C1 runtime)}
  0x0000777fe7fff335:   movabs $0x77800573aec4,%rdi         ;   {external_word}
  0x0000777fe7fff33f:   and    $0xfffffffffffffff0,%rsp
  0x0000777fe7fff343:   call   0x0000778005191cc0           ;   {runtime_call MacroAssembler::debug64(char*, long, long*)}
  0x0000777fe7fff348:   hlt    
  0x0000777fe7fff349:   call   0x0000777fef4afe60           ;   {runtime_call DeoptimizationBlob}
[Deopt Handler Entry Point]
  0x0000777fe7fff34e:   jmp    0x0000777fe7fff349
--------------------------------------------------------------------------------
[/Disassembly]
