
============================= C1-compiled nmethod ==============================
----------------------------------- Assembly -----------------------------------

Compiled method (c1) 316   23       3       java.util.zip.ZipFile::ensureOpen (40 bytes)
 total in heap  [0x000070957bfff008,0x000070957bfff430] = 1064
 main code      [0x000070957bfff100,0x000070957bfff3e8] = 744
 stub code      [0x000070957bfff3e8,0x000070957bfff430] = 72
 mutable data [0x0000709520014ef0,0x0000709520014f60] = 112
 relocation     [0x0000709520014ef0,0x0000709520014f58] = 104
 metadata       [0x0000709520014f58,0x0000709520014f60] = 8
 immutable data [0x0000709520014c90,0x0000709520014edc] = 588
 dependencies   [0x0000709520014c90,0x0000709520014c98] = 8
 nul chk table  [0x0000709520014c98,0x0000709520014cb8] = 32
 scopes pcs     [0x0000709520014cb8,0x0000709520014e58] = 416
 scopes data    [0x0000709520014e58,0x0000709520014ed8] = 128

[Disassembly]
--------------------------------------------------------------------------------
[Constant Pool (empty)]

--------------------------------------------------------------------------------

[Instructions begin]
  0x000070957bfff100:   data16 data16 nopw 0x0(%rax,%rax,1)
  0x000070957bfff10b:   data16 data16 xchg %ax,%ax
  0x000070957bfff10f:   data16 xchg %ax,%ax
[Entry Point]
  # {method} {0x000000003f2be6b8} &apos;ensureOpen&apos; &apos;()V&apos; in &apos;java/util/zip/ZipFile&apos;
  #           [sp+0x50]  (sp of caller)
  0x000070957bfff112:   mov    0x8(%rsi),%r10d
  0x000070957bfff116:   cmp    0x8(%rax),%r10d
  0x000070957bfff11a:   jne    0x00007095834ad6e0           ;   {runtime_call ic_miss_blob (shared runtime)}
[Verified Entry Point]
  0x000070957bfff120:   mov    %eax,-0x14000(%rsp)
  0x000070957bfff127:   push   %rbp
  0x000070957bfff128:   sub    $0x40,%rsp
  0x000070957bfff12c:   cmpl   $0x1,0x20(%r15)
  0x000070957bfff134:   je     0x000070957bfff13b
  0x000070957bfff136:   call   Stub::method_entry_barrier_stub (stub gen)
                                                            ;   {runtime_call Stub::method_entry_barrier_stub (stub gen)}
  0x000070957bfff13b:   movabs $0x70953808aa28,%rdx         ;   {metadata(method data for {method} {0x000000003f2be6b8} &apos;ensureOpen&apos; &apos;()V&apos; in &apos;java/util/zip/ZipFile&apos;)}
  0x000070957bfff145:   mov    0x90(%rdx),%edi
  0x000070957bfff14b:   add    $0x2,%edi
  0x000070957bfff14e:   mov    %edi,0x90(%rdx)
  0x000070957bfff154:   and    $0x7fe,%edi
  0x000070957bfff15a:   test   %edi,%edi
  0x000070957bfff15c:   je     0x000070957bfff32e           ;*aload_0 {reexecute=0 rethrow=0 return_oop=0}
                                                            ; - java.util.zip.ZipFile::ensureOpen@0 (line 826)
  0x000070957bfff162:   movsbl 0x10(%rsi),%edx              ;*getfield closeRequested {reexecute=0 rethrow=0 return_oop=0}
                                                            ; - java.util.zip.ZipFile::ensureOpen@1 (line 826)
  0x000070957bfff166:   test   %edx,%edx
  0x000070957bfff168:   movabs $0x70953808aa28,%rdx         ;   {metadata(method data for {method} {0x000000003f2be6b8} &apos;ensureOpen&apos; &apos;()V&apos; in &apos;java/util/zip/ZipFile&apos;)}
  0x000070957bfff172:   mov    $0xe8,%edi
  0x000070957bfff177:   jne    0x000070957bfff17e
  0x000070957bfff179:   mov    $0xd8,%edi
  0x000070957bfff17e:   mov    (%rdx,%rdi,1),%rax
  0x000070957bfff182:   lea    0x1(%rax),%rax
  0x000070957bfff186:   mov    %rax,(%rdx,%rdi,1)
  0x000070957bfff18a:   jne    0x000070957bfff286           ;*ifeq {reexecute=0 rethrow=0 return_oop=0}
                                                            ; - java.util.zip.ZipFile::ensureOpen@4 (line 826)
  0x000070957bfff190:   mov    0x20(%rsi),%edx
  0x000070957bfff193:   shl    $0x3,%rdx                    ;*getfield res {reexecute=0 rethrow=0 return_oop=0}
                                                            ; - java.util.zip.ZipFile::ensureOpen@19 (line 829)
  0x000070957bfff197:   mov    0x18(%rdx),%edx              ; implicit exception: dispatches to 0x000070957bfff34f
  0x000070957bfff19a:   shl    $0x3,%rdx                    ;*getfield zsrc {reexecute=0 rethrow=0 return_oop=0}
                                                            ; - java.util.zip.ZipFile::ensureOpen@22 (line 829)
  0x000070957bfff19e:   test   %rdx,%rdx
  0x000070957bfff1a1:   movabs $0x70953808aa28,%rdx         ;   {metadata(method data for {method} {0x000000003f2be6b8} &apos;ensureOpen&apos; &apos;()V&apos; in &apos;java/util/zip/ZipFile&apos;)}
  0x000070957bfff1ab:   mov    $0x118,%esi
  0x000070957bfff1b0:   je     0x000070957bfff1b7
  0x000070957bfff1b2:   mov    $0x108,%esi
  0x000070957bfff1b7:   mov    (%rdx,%rsi,1),%rdi
  0x000070957bfff1bb:   lea    0x1(%rdi),%rdi
  0x000070957bfff1bf:   mov    %rdi,(%rdx,%rsi,1)
  0x000070957bfff1c3:   je     0x000070957bfff1d9           ;*ifnonnull {reexecute=0 rethrow=0 return_oop=0}
                                                            ; - java.util.zip.ZipFile::ensureOpen@25 (line 829)
  0x000070957bfff1c9:   add    $0x40,%rsp
  0x000070957bfff1cd:   pop    %rbp
  0x000070957bfff1ce:   cmp    0x28(%r15),%rsp              ;   {poll_return}
  0x000070957bfff1d2:   ja     0x000070957bfff354
  0x000070957bfff1d8:   ret                                 ;*return {reexecute=0 rethrow=0 return_oop=0}
                                                            ; - java.util.zip.ZipFile::ensureOpen@39 (line 832)
  0x000070957bfff1d9:   nopl   0x0(%rax)
  0x000070957bfff1e0:   jmp    0x000070957bfff379           ;   {other}
  0x000070957bfff1e5:   add    %al,(%rax)
  0x000070957bfff1e7:   add    %al,(%rax)
  0x000070957bfff1e9:   add    %al,0x130ba(%rax)
  0x000070957bfff1ef:   add    %al,(%rdi,%rcx,1)
  0x000070957bfff1f2:   test   %edx,0x49000001(%rcx)
  0x000070957bfff1f8:   mov    0x1b0(%rdi),%eax
  0x000070957bfff1fe:   lea    0x28(%rax),%rdi
  0x000070957bfff202:   cmp    0x1c0(%r15),%rdi
  0x000070957bfff209:   ja     0x000070957bfff388
  0x000070957bfff20f:   mov    %rdi,0x1b0(%r15)
  0x000070957bfff216:   movq   $0x1,(%rax)
  0x000070957bfff21d:   mov    %rdx,%rcx
  0x000070957bfff220:   mov    $0x3f000000,%r10d
  0x000070957bfff226:   sub    %r10,%rcx
  0x000070957bfff229:   mov    %ecx,0x8(%rax)
  0x000070957bfff22c:   xor    %rcx,%rcx
  0x000070957bfff22f:   mov    %ecx,0xc(%rax)
  0x000070957bfff232:   xor    %rcx,%rcx
  0x000070957bfff235:   mov    %rcx,0x10(%rax)
  0x000070957bfff239:   mov    %rcx,0x18(%rax)
  0x000070957bfff23d:   mov    %rcx,0x20(%rax)              ;*new {reexecute=0 rethrow=0 return_oop=0}
                                                            ; - java.util.zip.ZipFile::ensureOpen@28 (line 830)
  0x000070957bfff241:   mov    %rax,%rdx
  0x000070957bfff244:   movabs $0x70953808aa28,%rsi         ;   {metadata(method data for {method} {0x000000003f2be6b8} &apos;ensureOpen&apos; &apos;()V&apos; in &apos;java/util/zip/ZipFile&apos;)}
  0x000070957bfff24e:   addq   $0x1,0x128(%rsi)
  0x000070957bfff256:   movabs $0x7ff86e708,%rdx            ;   {oop(&quot;The object is not initialized.&quot;{0x00000007ff86e708})}
  0x000070957bfff260:   mov    %rax,%rsi                    ;*invokespecial &lt;init&gt; {reexecute=0 rethrow=0 return_oop=0}
                                                            ; - java.util.zip.ZipFile::ensureOpen@35 (line 830)
  0x000070957bfff263:   mov    %rax,0x20(%rsp)
  0x000070957bfff268:   nopl   0x0(%rax)
  0x000070957bfff26f:   call   0x00007095834ad9e0           ; ImmutableOopMap {[32]=Oop }
                                                            ;*invokespecial &lt;init&gt; {reexecute=0 rethrow=0 return_oop=0}
                                                            ; - java.util.zip.ZipFile::ensureOpen@35 (line 830)
                                                            ;   {optimized virtual_call}
  0x000070957bfff274:   nopl   0x26c(%rax,%rax,1)           ;*invokespecial &lt;init&gt; {reexecute=0 rethrow=0 return_oop=0}
                                                            ; - java.util.zip.ZipFile::ensureOpen@35 (line 830)
                                                            ;   {post_call_nop}
  0x000070957bfff27c:   mov    0x20(%rsp),%rax
  0x000070957bfff281:   jmp    0x000070957bfff3dd           ;*athrow {reexecute=0 rethrow=0 return_oop=0}
                                                            ; - java.util.zip.ZipFile::ensureOpen@38 (line 830)
  0x000070957bfff286:   xchg   %ax,%ax
  0x000070957bfff288:   jmp    0x000070957bfff3a4           ;   {other}
  0x000070957bfff28d:   add    %al,(%rax)
  0x000070957bfff28f:   add    %al,(%rax)
  0x000070957bfff291:   add    %al,0x130ba(%rax)
  0x000070957bfff297:   add    %al,(%rdi,%rcx,1)
  0x000070957bfff29a:   test   %edx,(%rcx,%rax,1)
  0x000070957bfff29d:   add    %al,(%rax)
  0x000070957bfff29f:   mov    0x1b0(%r15),%rax
  0x000070957bfff2a6:   lea    0x28(%rax),%rdi
  0x000070957bfff2aa:   cmp    0x1c0(%r15),%rdi
  0x000070957bfff2b1:   ja     0x000070957bfff3b3
  0x000070957bfff2b7:   mov    %rdi,0x1b0(%r15)
  0x000070957bfff2be:   movq   $0x1,(%rax)
  0x000070957bfff2c5:   mov    %rdx,%rcx
  0x000070957bfff2c8:   mov    $0x3f000000,%r10d
  0x000070957bfff2ce:   sub    %r10,%rcx
  0x000070957bfff2d1:   mov    %ecx,0x8(%rax)
  0x000070957bfff2d4:   xor    %rcx,%rcx
  0x000070957bfff2d7:   mov    %ecx,0xc(%rax)
  0x000070957bfff2da:   xor    %rcx,%rcx
  0x000070957bfff2dd:   mov    %rcx,0x10(%rax)
  0x000070957bfff2e1:   mov    %rcx,0x18(%rax)
  0x000070957bfff2e5:   mov    %rcx,0x20(%rax)              ;*new {reexecute=0 rethrow=0 return_oop=0}
                                                            ; - java.util.zip.ZipFile::ensureOpen@7 (line 827)
  0x000070957bfff2e9:   mov    %rax,%rdx
  0x000070957bfff2ec:   movabs $0x70953808aa28,%rsi         ;   {metadata(method data for {method} {0x000000003f2be6b8} &apos;ensureOpen&apos; &apos;()V&apos; in &apos;java/util/zip/ZipFile&apos;)}
  0x000070957bfff2f6:   addq   $0x1,0xf8(%rsi)
  0x000070957bfff2fe:   movabs $0x7ff86e6f0,%rdx            ;   {oop(&quot;zip file closed&quot;{0x00000007ff86e6f0})}
  0x000070957bfff308:   mov    %rax,%rsi                    ;*invokespecial &lt;init&gt; {reexecute=0 rethrow=0 return_oop=0}
                                                            ; - java.util.zip.ZipFile::ensureOpen@14 (line 827)
  0x000070957bfff30b:   mov    %rax,0x28(%rsp)
  0x000070957bfff310:   nopl   0x0(%rax)
  0x000070957bfff317:   call   0x00007095834ad9e0           ; ImmutableOopMap {[40]=Oop }
                                                            ;*invokespecial &lt;init&gt; {reexecute=0 rethrow=0 return_oop=0}
                                                            ; - java.util.zip.ZipFile::ensureOpen@14 (line 827)
                                                            ;   {optimized virtual_call}
  0x000070957bfff31c:   nopl   0x1000314(%rax,%rax,1)       ;*invokespecial &lt;init&gt; {reexecute=0 rethrow=0 return_oop=0}
                                                            ; - java.util.zip.ZipFile::ensureOpen@14 (line 827)
                                                            ;   {post_call_nop}
  0x000070957bfff324:   mov    0x28(%rsp),%rax
  0x000070957bfff329:   jmp    0x000070957bfff3dd
  0x000070957bfff32e:   movabs $0x3f2be6b8,%r10             ;   {metadata({method} {0x000000003f2be6b8} &apos;ensureOpen&apos; &apos;()V&apos; in &apos;java/util/zip/ZipFile&apos;)}
  0x000070957bfff338:   mov    %r10,0x8(%rsp)
  0x000070957bfff33d:   movq   $0xffffffffffffffff,(%rsp)
  0x000070957bfff345:   call   0x0000709583583460           ; ImmutableOopMap {rsi=Oop }
                                                            ;*synchronization entry
                                                            ; - java.util.zip.ZipFile::ensureOpen@-1 (line 826)
                                                            ;   {runtime_call counter_overflow_blob (C1 runtime)}
  0x000070957bfff34a:   jmp    0x000070957bfff162
  0x000070957bfff34f:   call   0x000070958357cae0           ; ImmutableOopMap {}
                                                            ;*getfield zsrc {reexecute=1 rethrow=0 return_oop=0}
                                                            ; - (reexecute) java.util.zip.ZipFile::ensureOpen@22 (line 829)
                                                            ;   {runtime_call throw_null_pointer_exception_blob (C1 runtime)}
  0x000070957bfff354:   movabs $0x70957bfff1ce,%r10         ;   {internal_word}
  0x000070957bfff35e:   mov    %r10,0x510(%r15)
  0x000070957bfff365:   jmp    0x00007095834afb60           ;   {runtime_call SafepointBlob}
  0x000070957bfff36a:   movabs $0x0,%rdx                    ;   {metadata(nullptr)}
  0x000070957bfff374:   mov    $0xa050f00,%eax
  0x000070957bfff379:   call   0x0000709583582560           ; ImmutableOopMap {}
                                                            ;*new {reexecute=1 rethrow=0 return_oop=0}
                                                            ; - (reexecute) java.util.zip.ZipFile::ensureOpen@28 (line 830)
                                                            ;   {runtime_call load_klass_patching_blob (C1 runtime)}
  0x000070957bfff37e:   jmp    0x000070957bfff1e0
  0x000070957bfff383:   call   0x000070958357cae0           ; ImmutableOopMap {}
                                                            ;*new {reexecute=0 rethrow=0 return_oop=0}
                                                            ; - java.util.zip.ZipFile::ensureOpen@28 (line 830)
                                                            ;   {runtime_call throw_null_pointer_exception_blob (C1 runtime)}
  0x000070957bfff388:   mov    %rdx,%rdx
  0x000070957bfff38b:   call   0x000070958357d6e0           ; ImmutableOopMap {}
                                                            ;*new {reexecute=0 rethrow=0 return_oop=0}
                                                            ; - java.util.zip.ZipFile::ensureOpen@28 (line 830)
                                                            ;   {runtime_call fast_new_instance_init_check_blob (C1 runtime)}
  0x000070957bfff390:   jmp    0x000070957bfff241
  0x000070957bfff395:   movabs $0x0,%rdx                    ;   {metadata(nullptr)}
  0x000070957bfff39f:   mov    $0xa050f00,%eax
  0x000070957bfff3a4:   call   0x0000709583582560           ; ImmutableOopMap {}
                                                            ;*new {reexecute=1 rethrow=0 return_oop=0}
                                                            ; - (reexecute) java.util.zip.ZipFile::ensureOpen@7 (line 827)
                                                            ;   {runtime_call load_klass_patching_blob (C1 runtime)}
  0x000070957bfff3a9:   jmp    0x000070957bfff288
  0x000070957bfff3ae:   call   0x000070958357cae0           ; ImmutableOopMap {}
                                                            ;*new {reexecute=0 rethrow=0 return_oop=0}
                                                            ; - java.util.zip.ZipFile::ensureOpen@7 (line 827)
                                                            ;   {runtime_call throw_null_pointer_exception_blob (C1 runtime)}
  0x000070957bfff3b3:   mov    %rdx,%rdx
  0x000070957bfff3b6:   call   0x000070958357d6e0           ; ImmutableOopMap {}
                                                            ;*new {reexecute=0 rethrow=0 return_oop=0}
                                                            ; - java.util.zip.ZipFile::ensureOpen@7 (line 827)
                                                            ;   {runtime_call fast_new_instance_init_check_blob (C1 runtime)}
  0x000070957bfff3bb:   jmp    0x000070957bfff2e9
  0x000070957bfff3c0:   mov    0x5c0(%r15),%rax
  0x000070957bfff3c7:   movq   $0x0,0x5c0(%r15)
  0x000070957bfff3d2:   movq   $0x0,0x5c8(%r15)
  0x000070957bfff3dd:   add    $0x40,%rsp
  0x000070957bfff3e1:   pop    %rbp
  0x000070957bfff3e2:   jmp    0x000070958357b760           ;   {runtime_call unwind_exception_blob (C1 runtime)}
  0x000070957bfff3e7:   hlt    
[Stub Code]
  0x000070957bfff3e8:   nopl   0x0(%rax,%rax,1)             ;   {other}
  0x000070957bfff3ed:   movabs $0x0,%rbx                    ;   {static_stub}
  0x000070957bfff3f7:   jmp    0x000070957bfff3f7           ;   {runtime_call nmethod}
  0x000070957bfff3fc:   nop
  0x000070957bfff3fd:   movabs $0x0,%rbx                    ;   {static_stub}
  0x000070957bfff407:   jmp    0x000070957bfff407           ;   {runtime_call nmethod}
[Exception Handler]
  0x000070957bfff40c:   call   0x000070958357f2e0           ;   {runtime_call handle_exception_from_callee_blob (C1 runtime)}
  0x000070957bfff411:   movabs $0x70959c73aec4,%rdi         ;   {external_word}
  0x000070957bfff41b:   and    $0xfffffffffffffff0,%rsp
  0x000070957bfff41f:   call   0x000070959c191cc0           ;   {runtime_call MacroAssembler::debug64(char*, long, long*)}
  0x000070957bfff424:   hlt    
  0x000070957bfff425:   call   0x00007095834afe60           ;   {runtime_call DeoptimizationBlob}
[Deopt Handler Entry Point]
  0x000070957bfff42a:   jmp    0x000070957bfff425
  0x000070957bfff42c:   hlt    
  0x000070957bfff42d:   hlt    
  0x000070957bfff42e:   hlt    
  0x000070957bfff42f:   hlt    
--------------------------------------------------------------------------------
[/Disassembly]
