
============================= C1-compiled nmethod ==============================
----------------------------------- Assembly -----------------------------------

Compiled method (c1) 339   24       3       java.lang.ref.Reference::get (5 bytes)
 total in heap  [0x00007a66dffff008,0x00007a66dffff228] = 544
 main code      [0x00007a66dffff100,0x00007a66dffff208] = 264
 stub code      [0x00007a66dffff208,0x00007a66dffff228] = 32
 mutable data [0x00007a6684014d10,0x00007a6684014d48] = 56
 relocation     [0x00007a6684014d10,0x00007a6684014d38] = 40
 metadata       [0x00007a6684014d38,0x00007a6684014d48] = 16
 immutable data [0x00007a6684014c90,0x00007a6684014d04] = 116
 dependencies   [0x00007a6684014c90,0x00007a6684014c98] = 8
 scopes pcs     [0x00007a6684014c98,0x00007a6684014ce8] = 80
 scopes data    [0x00007a6684014ce8,0x00007a6684014d00] = 24

[Disassembly]
--------------------------------------------------------------------------------
[Constant Pool (empty)]

--------------------------------------------------------------------------------

[Instructions begin]
  0x00007a66dffff100:   data16 data16 nopw 0x0(%rax,%rax,1)
  0x00007a66dffff10b:   data16 data16 xchg %ax,%ax
  0x00007a66dffff10f:   data16 xchg %ax,%ax
[Entry Point]
  # {method} {0x00000000281a7c50} &apos;get&apos; &apos;()Ljava/lang/Object;&apos; in &apos;java/lang/ref/Reference&apos;
  #           [sp+0x30]  (sp of caller)
  0x00007a66dffff112:   mov    0x8(%rsi),%r10d
  0x00007a66dffff116:   cmp    0x8(%rax),%r10d
  0x00007a66dffff11a:   jne    0x00007a66e74ad6e0           ;   {runtime_call ic_miss_blob (shared runtime)}
[Verified Entry Point]
  0x00007a66dffff120:   mov    %eax,-0x14000(%rsp)
  0x00007a66dffff127:   push   %rbp
  0x00007a66dffff128:   sub    $0x20,%rsp
  0x00007a66dffff12c:   cmpl   $0x1,0x20(%r15)
  0x00007a66dffff134:   je     0x00007a66dffff13b
  0x00007a66dffff136:   call   Stub::method_entry_barrier_stub (stub gen)
                                                            ;   {runtime_call Stub::method_entry_barrier_stub (stub gen)}
  0x00007a66dffff13b:   movabs $0x7a669c094c10,%rax         ;   {metadata(method data for {method} {0x00000000281a7c50} &apos;get&apos; &apos;()Ljava/lang/Object;&apos; in &apos;java/lang/ref/Reference&apos;)}
  0x00007a66dffff145:   mov    0x90(%rax),%edi
  0x00007a66dffff14b:   add    $0x2,%edi
  0x00007a66dffff14e:   mov    %edi,0x90(%rax)
  0x00007a66dffff154:   and    $0x7fe,%edi
  0x00007a66dffff15a:   test   %edi,%edi
  0x00007a66dffff15c:   je     0x00007a66dffff19b           ;*aload_0 {reexecute=0 rethrow=0 return_oop=0}
                                                            ; - java.lang.ref.Reference::get@0 (line 339)
  0x00007a66dffff162:   mov    %rsi,%rax
  0x00007a66dffff165:   movabs $0x7a669c094c10,%rdi         ;   {metadata(method data for {method} {0x00000000281a7c50} &apos;get&apos; &apos;()Ljava/lang/Object;&apos; in &apos;java/lang/ref/Reference&apos;)}
  0x00007a66dffff16f:   addq   $0x1,0xd8(%rdi)
  0x00007a66dffff177:   mov    0xc(%rsi),%eax
  0x00007a66dffff17a:   shl    $0x3,%rax
  0x00007a66dffff17e:   movsbl 0x48(%r15),%esi
  0x00007a66dffff183:   test   %esi,%esi
  0x00007a66dffff185:   jne    0x00007a66dffff1b9           ;*invokevirtual get0 {reexecute=0 rethrow=0 return_oop=0}
                                                            ; - java.lang.ref.Reference::get@1 (line 339)
  0x00007a66dffff18b:   add    $0x20,%rsp
  0x00007a66dffff18f:   pop    %rbp
  0x00007a66dffff190:   cmp    0x28(%r15),%rsp              ;   {poll_return}
  0x00007a66dffff194:   ja     0x00007a66dffff1c9
  0x00007a66dffff19a:   ret    
  0x00007a66dffff19b:   movabs $0x281a7c50,%r10             ;   {metadata({method} {0x00000000281a7c50} &apos;get&apos; &apos;()Ljava/lang/Object;&apos; in &apos;java/lang/ref/Reference&apos;)}
  0x00007a66dffff1a5:   mov    %r10,0x8(%rsp)
  0x00007a66dffff1aa:   movq   $0xffffffffffffffff,(%rsp)
  0x00007a66dffff1b2:   call   0x00007a66e7583460           ; ImmutableOopMap {rsi=Oop }
                                                            ;*synchronization entry
                                                            ; - java.lang.ref.Reference::get@-1 (line 339)
                                                            ;   {runtime_call counter_overflow_blob (C1 runtime)}
  0x00007a66dffff1b7:   jmp    0x00007a66dffff162
  0x00007a66dffff1b9:   test   %rax,%rax
  0x00007a66dffff1bc:   je     0x00007a66dffff18b
  0x00007a66dffff1be:   mov    %rax,(%rsp)
  0x00007a66dffff1c2:   call   0x00007a66e7583a60           ;   {runtime_call g1_pre_barrier_slow}
  0x00007a66dffff1c7:   jmp    0x00007a66dffff18b
  0x00007a66dffff1c9:   movabs $0x7a66dffff190,%r10         ;   {internal_word}
  0x00007a66dffff1d3:   mov    %r10,0x510(%r15)
  0x00007a66dffff1da:   jmp    0x00007a66e74afb60           ;   {runtime_call SafepointBlob}
  0x00007a66dffff1df:   mov    0x5c0(%r15),%rax
  0x00007a66dffff1e6:   movq   $0x0,0x5c0(%r15)
  0x00007a66dffff1f1:   movq   $0x0,0x5c8(%r15)
  0x00007a66dffff1fc:   add    $0x20,%rsp
  0x00007a66dffff200:   pop    %rbp
  0x00007a66dffff201:   jmp    0x00007a66e757bbe0           ;   {runtime_call unwind_exception_blob (C1 runtime)}
  0x00007a66dffff206:   hlt    
  0x00007a66dffff207:   hlt    
[Exception Handler]
  0x00007a66dffff208:   call   0x00007a66e757f760           ;   {runtime_call handle_exception_from_callee_blob (C1 runtime)}
  0x00007a66dffff20d:   movabs $0x7a670053aec4,%rdi         ;   {external_word}
  0x00007a66dffff217:   and    $0xfffffffffffffff0,%rsp
  0x00007a66dffff21b:   call   0x00007a66fff91cc0           ;   {runtime_call MacroAssembler::debug64(char*, long, long*)}
  0x00007a66dffff220:   hlt    
  0x00007a66dffff221:   call   0x00007a66e74afe60           ;   {runtime_call DeoptimizationBlob}
[Deopt Handler Entry Point]
  0x00007a66dffff226:   jmp    0x00007a66dffff221
--------------------------------------------------------------------------------
[/Disassembly]
