
============================= C1-compiled nmethod ==============================
----------------------------------- Assembly -----------------------------------

Compiled method (c1) 354   24       3       jdk.internal.classfile.impl.SplitConstantPool::entryByIndex (59 bytes)
 total in heap  [0x0000763a7bfff008,0x0000763a7c0001c8] = 4544
 main code      [0x0000763a7bfff100,0x0000763a7c000100] = 4096
 stub code      [0x0000763a7c000100,0x0000763a7c0001b8] = 184
 oops           [0x0000763a7c0001b8,0x0000763a7c0001c8] = 16
 mutable data [0x0000763a20035d70,0x0000763a20035f50] = 480
 relocation     [0x0000763a20035d70,0x0000763a20035ef8] = 392
 metadata       [0x0000763a20035ef8,0x0000763a20035f50] = 88
 immutable data [0x0000763a20035400,0x0000763a20035d64] = 2404
 dependencies   [0x0000763a20035400,0x0000763a20035418] = 24
 nul chk table  [0x0000763a20035418,0x0000763a20035438] = 32
 scopes pcs     [0x0000763a20035438,0x0000763a200359f8] = 1472
 scopes data    [0x0000763a200359f8,0x0000763a20035d60] = 872

[Disassembly]
--------------------------------------------------------------------------------
[Constant Pool (empty)]

--------------------------------------------------------------------------------

[Instructions begin]
  0x0000763a7bfff100:   data16 data16 nopw 0x0(%rax,%rax,1)
  0x0000763a7bfff10b:   data16 data16 xchg %ax,%ax
  0x0000763a7bfff10f:   data16 xchg %ax,%ax
[Entry Point]
  # {method} {0x0000000034348600} &apos;entryByIndex&apos; &apos;(I)Ljava/lang/classfile/constantpool/PoolEntry;&apos; in &apos;jdk/internal/classfile/impl/SplitConstantPool&apos;
  # this:     rsi:rsi   = &apos;jdk/internal/classfile/impl/SplitConstantPool&apos;
  # parm0:    rdx       = int
  #           [sp+0xe0]  (sp of caller)
  0x0000763a7bfff112:   mov    0x8(%rsi),%r10d
  0x0000763a7bfff116:   cmp    0x8(%rax),%r10d
  0x0000763a7bfff11a:   jne    0x0000763a834ad6e0           ;   {runtime_call ic_miss_blob (shared runtime)}
[Verified Entry Point]
  0x0000763a7bfff120:   mov    %eax,-0x14000(%rsp)
  0x0000763a7bfff127:   push   %rbp
  0x0000763a7bfff128:   sub    $0xd0,%rsp
  0x0000763a7bfff12f:   nop
  0x0000763a7bfff130:   cmpl   $0x1,0x20(%r15)
  0x0000763a7bfff138:   je     0x0000763a7bfff13f
  0x0000763a7bfff13a:   call   Stub::method_entry_barrier_stub (stub gen)
                                                            ;   {runtime_call Stub::method_entry_barrier_stub (stub gen)}
  0x0000763a7bfff13f:   mov    %edx,0x98(%rsp)
  0x0000763a7bfff146:   movabs $0x763a380a6110,%rax         ;   {metadata(method data for {method} {0x0000000034348600} &apos;entryByIndex&apos; &apos;(I)Ljava/lang/classfile/constantpool/PoolEntry;&apos; in &apos;jdk/internal/classfile/impl/SplitConstantPool&apos;)}
  0x0000763a7bfff150:   mov    0x90(%rax),%edi
  0x0000763a7bfff156:   add    $0x2,%edi
  0x0000763a7bfff159:   mov    %edi,0x90(%rax)
  0x0000763a7bfff15f:   and    $0x7fe,%edi
  0x0000763a7bfff165:   test   %edi,%edi
  0x0000763a7bfff167:   je     0x0000763a7bfffe21           ;*iload_1 {reexecute=0 rethrow=0 return_oop=0}
                                                            ; - jdk.internal.classfile.impl.SplitConstantPool::entryByIndex@0 (line 87)
  0x0000763a7bfff16d:   test   %edx,%edx
  0x0000763a7bfff16f:   movabs $0x763a380a6110,%rax         ;   {metadata(method data for {method} {0x0000000034348600} &apos;entryByIndex&apos; &apos;(I)Ljava/lang/classfile/constantpool/PoolEntry;&apos; in &apos;jdk/internal/classfile/impl/SplitConstantPool&apos;)}
  0x0000763a7bfff179:   mov    $0xd8,%edi
  0x0000763a7bfff17e:   jle    0x0000763a7bfff185
  0x0000763a7bfff180:   mov    $0xe8,%edi
  0x0000763a7bfff185:   mov    (%rax,%rdi,1),%rcx
  0x0000763a7bfff189:   lea    0x1(%rcx),%rcx
  0x0000763a7bfff18d:   mov    %rcx,(%rax,%rdi,1)
  0x0000763a7bfff191:   jle    0x0000763a7bfff22f           ;*ifle {reexecute=0 rethrow=0 return_oop=0}
                                                            ; - jdk.internal.classfile.impl.SplitConstantPool::entryByIndex@1 (line 87)
  0x0000763a7bfff197:   mov    %rsi,%rax
  0x0000763a7bfff19a:   movabs $0x763a380a6110,%rdi         ;   {metadata(method data for {method} {0x0000000034348600} &apos;entryByIndex&apos; &apos;(I)Ljava/lang/classfile/constantpool/PoolEntry;&apos; in &apos;jdk/internal/classfile/impl/SplitConstantPool&apos;)}
  0x0000763a7bfff1a4:   mov    0x8(%rax),%eax
  0x0000763a7bfff1a7:   mov    $0x34000000,%r10d
  0x0000763a7bfff1ad:   add    %r10,%rax
  0x0000763a7bfff1b0:   mov    $0x20,%r10d
  0x0000763a7bfff1b6:   cmp    (%rdi,%r10,8),%rax
  0x0000763a7bfff1ba:   je     0x0000763a7bfff1f9
  0x0000763a7bfff1bc:   add    $0x2,%r10
  0x0000763a7bfff1c0:   cmp    $0x24,%r10
  0x0000763a7bfff1c4:   jne    0x0000763a7bfff1b6
  0x0000763a7bfff1c6:   mov    $0x20,%r10d
  0x0000763a7bfff1cc:   cmpq   $0x0,(%rdi,%r10,8)
  0x0000763a7bfff1d1:   je     0x0000763a7bfff1df
  0x0000763a7bfff1d3:   add    $0x2,%r10
  0x0000763a7bfff1d7:   cmp    $0x24,%r10
  0x0000763a7bfff1db:   jne    0x0000763a7bfff1cc
  0x0000763a7bfff1dd:   jmp    0x0000763a7bfff1f1
  0x0000763a7bfff1df:   push   %rbx
  0x0000763a7bfff1e0:   mov    %rax,%rbx
  0x0000763a7bfff1e3:   xor    %rax,%rax
  0x0000763a7bfff1e6:   cmpxchg %rbx,(%rdi,%r10,8)
  0x0000763a7bfff1eb:   mov    %rbx,%rax
  0x0000763a7bfff1ee:   pop    %rbx
  0x0000763a7bfff1ef:   jmp    0x0000763a7bfff1b0
  0x0000763a7bfff1f1:   mov    $0x1f,%r10d
  0x0000763a7bfff1f7:   jmp    0x0000763a7bfff1fd
  0x0000763a7bfff1f9:   add    $0x1,%r10
  0x0000763a7bfff1fd:   addq   $0x1,(%rdi,%r10,8)
  0x0000763a7bfff202:   mov    0x14(%rsi),%eax              ;*getfield size {reexecute=0 rethrow=0 return_oop=0}
                                                            ; - jdk.internal.classfile.impl.SplitConstantPool::size@1 (line 77)
                                                            ; - jdk.internal.classfile.impl.SplitConstantPool::entryByIndex@6 (line 87)
  0x0000763a7bfff205:   cmp    %eax,%edx
  0x0000763a7bfff207:   movabs $0x763a380a6110,%rax         ;   {metadata(method data for {method} {0x0000000034348600} &apos;entryByIndex&apos; &apos;(I)Ljava/lang/classfile/constantpool/PoolEntry;&apos; in &apos;jdk/internal/classfile/impl/SplitConstantPool&apos;)}
  0x0000763a7bfff211:   mov    $0x128,%edi
  0x0000763a7bfff216:   jl     0x0000763a7bfff21d
  0x0000763a7bfff218:   mov    $0x138,%edi
  0x0000763a7bfff21d:   mov    (%rax,%rdi,1),%rcx
  0x0000763a7bfff221:   lea    0x1(%rcx),%rcx
  0x0000763a7bfff225:   mov    %rcx,(%rax,%rdi,1)
  0x0000763a7bfff229:   jl     0x0000763a7bfff701           ;*if_icmplt {reexecute=0 rethrow=0 return_oop=0}
                                                            ; - jdk.internal.classfile.impl.SplitConstantPool::entryByIndex@9 (line 87)
  0x0000763a7bfff22f:   movabs $0x763a380a6110,%rax         ;   {metadata(method data for {method} {0x0000000034348600} &apos;entryByIndex&apos; &apos;(I)Ljava/lang/classfile/constantpool/PoolEntry;&apos; in &apos;jdk/internal/classfile/impl/SplitConstantPool&apos;)}
  0x0000763a7bfff239:   addq   $0x1,0x148(%rax)
  0x0000763a7bfff241:   movabs $0x763a380a7a18,%rax         ;   {metadata(method data for {method} {0x00000000343487b8} &apos;badCP&apos; &apos;(I)Ljava/lang/classfile/constantpool/ConstantPoolException;&apos; in &apos;jdk/internal/classfile/impl/SplitConstantPool&apos;)}
  0x0000763a7bfff24b:   mov    0x90(%rax),%esi
  0x0000763a7bfff251:   add    $0x2,%esi
  0x0000763a7bfff254:   mov    %esi,0x90(%rax)
  0x0000763a7bfff25a:   and    $0x1ffffe,%esi
  0x0000763a7bfff260:   test   %esi,%esi
  0x0000763a7bfff262:   je     0x0000763a7bfffe42
  0x0000763a7bfff268:   jmp    0x0000763a7bfffe72           ;   {other}
  0x0000763a7bfff26d:   add    %al,(%rax)
  0x0000763a7bfff26f:   add    %al,(%rax)
  0x0000763a7bfff271:   add    %ch,%cl
  0x0000763a7bfff273:   add    $0x9000000c,%eax             ;*new {reexecute=0 rethrow=0 return_oop=0}
                                                            ; - jdk.internal.classfile.impl.SplitConstantPool::badCP@0 (line 100)
                                                            ; - jdk.internal.classfile.impl.SplitConstantPool::entryByIndex@13 (line 88)
  0x0000763a7bfff278:   jmp    0x0000763a7bfffe98           ;   {other}
  0x0000763a7bfff27d:   add    %al,(%rax)
  0x0000763a7bfff27f:   add    %al,(%rax)
  0x0000763a7bfff281:   add    %cl,-0x77(%rax)
  0x0000763a7bfff284:   test   %ah,(%rax,%riz,4)
  0x0000763a7bfff287:   add    %al,(%rax)
  0x0000763a7bfff289:   add    %cl,-0x75(%rcx)
  0x0000763a7bfff28c:   xchg   %esi,0x48000001(%rax)
  0x0000763a7bfff292:   lea    0x18(%rax),%edi
  0x0000763a7bfff295:   cmp    0x1c0(%r15),%rdi
  0x0000763a7bfff29c:   ja     0x0000763a7bfffea2
  0x0000763a7bfff2a2:   mov    %rdi,0x1b0(%r15)
  0x0000763a7bfff2a9:   movq   $0x1,(%rax)
  0x0000763a7bfff2b0:   mov    %rdx,%rcx
  0x0000763a7bfff2b3:   mov    $0x34000000,%r10d
  0x0000763a7bfff2b9:   sub    %r10,%rcx
  0x0000763a7bfff2bc:   mov    %ecx,0x8(%rax)
  0x0000763a7bfff2bf:   xor    %rcx,%rcx
  0x0000763a7bfff2c2:   mov    %ecx,0xc(%rax)
  0x0000763a7bfff2c5:   xor    %rcx,%rcx
  0x0000763a7bfff2c8:   mov    %rcx,0x10(%rax)              ;*new {reexecute=0 rethrow=0 return_oop=0}
                                                            ; - jdk.internal.classfile.impl.SplitConstantPool::badCP@4 (line 100)
                                                            ; - jdk.internal.classfile.impl.SplitConstantPool::entryByIndex@13 (line 88)
  0x0000763a7bfff2cc:   mov    %rax,%rdx
  0x0000763a7bfff2cf:   movabs $0x763a380a7a18,%rsi         ;   {metadata(method data for {method} {0x00000000343487b8} &apos;badCP&apos; &apos;(I)Ljava/lang/classfile/constantpool/ConstantPoolException;&apos; in &apos;jdk/internal/classfile/impl/SplitConstantPool&apos;)}
  0x0000763a7bfff2d9:   addq   $0x1,0xd8(%rsi)
  0x0000763a7bfff2e1:   movabs $0x763a380a5378,%rdx         ;   {metadata(method data for {method} {0x00000000341ba900} &apos;&lt;init&gt;&apos; &apos;()V&apos; in &apos;java/lang/StringBuilder&apos;)}
  0x0000763a7bfff2eb:   mov    0x90(%rdx),%esi
  0x0000763a7bfff2f1:   add    $0x2,%esi
  0x0000763a7bfff2f4:   mov    %esi,0x90(%rdx)
  0x0000763a7bfff2fa:   and    $0x1ffffe,%esi
  0x0000763a7bfff300:   test   %esi,%esi
  0x0000763a7bfff302:   je     0x0000763a7bfffeaf
  0x0000763a7bfff308:   mov    %rax,%rdx
  0x0000763a7bfff30b:   movabs $0x763a380a5378,%rsi         ;   {metadata(method data for {method} {0x00000000341ba900} &apos;&lt;init&gt;&apos; &apos;()V&apos; in &apos;java/lang/StringBuilder&apos;)}
  0x0000763a7bfff315:   addq   $0x1,0xd8(%rsi)
  0x0000763a7bfff31d:   mov    $0x10,%edx
  0x0000763a7bfff322:   mov    %rax,%rsi                    ;*invokespecial &lt;init&gt; {reexecute=0 rethrow=0 return_oop=0}
                                                            ; - java.lang.StringBuilder::&lt;init&gt;@3 (line 106)
                                                            ; - jdk.internal.classfile.impl.SplitConstantPool::badCP@8 (line 100)
                                                            ; - jdk.internal.classfile.impl.SplitConstantPool::entryByIndex@13 (line 88)
  0x0000763a7bfff325:   mov    %rax,0x90(%rsp)
  0x0000763a7bfff32d:   xchg   %ax,%ax
  0x0000763a7bfff32f:   call   0x0000763a834ad9e0           ; ImmutableOopMap {[144]=Oop [160]=Oop }
                                                            ;*invokespecial &lt;init&gt; {reexecute=0 rethrow=0 return_oop=0}
                                                            ; - java.lang.StringBuilder::&lt;init&gt;@3 (line 106)
                                                            ; - jdk.internal.classfile.impl.SplitConstantPool::badCP@8 (line 100)
                                                            ; - jdk.internal.classfile.impl.SplitConstantPool::entryByIndex@13 (line 88)
                                                            ;   {optimized virtual_call}
  0x0000763a7bfff334:   nopl   0x32c(%rax,%rax,1)           ;*invokespecial &lt;init&gt; {reexecute=0 rethrow=0 return_oop=0}
                                                            ; - java.lang.StringBuilder::&lt;init&gt;@3 (line 106)
                                                            ; - jdk.internal.classfile.impl.SplitConstantPool::badCP@8 (line 100)
                                                            ; - jdk.internal.classfile.impl.SplitConstantPool::entryByIndex@13 (line 88)
                                                            ;   {post_call_nop}
  0x0000763a7bfff33c:   mov    0x90(%rsp),%rax
  0x0000763a7bfff344:   movabs $0x763a380a7a18,%rdx         ;   {metadata(method data for {method} {0x00000000343487b8} &apos;badCP&apos; &apos;(I)Ljava/lang/classfile/constantpool/ConstantPoolException;&apos; in &apos;jdk/internal/classfile/impl/SplitConstantPool&apos;)}
  0x0000763a7bfff34e:   mov    0x8(%rax),%eax
  0x0000763a7bfff351:   mov    $0x34000000,%r10d
  0x0000763a7bfff357:   add    %r10,%rax
  0x0000763a7bfff35a:   mov    $0x1e,%r10d
  0x0000763a7bfff360:   cmp    (%rdx,%r10,8),%rax
  0x0000763a7bfff364:   je     0x0000763a7bfff3a3
  0x0000763a7bfff366:   add    $0x2,%r10
  0x0000763a7bfff36a:   cmp    $0x22,%r10
  0x0000763a7bfff36e:   jne    0x0000763a7bfff360
  0x0000763a7bfff370:   mov    $0x1e,%r10d
  0x0000763a7bfff376:   cmpq   $0x0,(%rdx,%r10,8)
  0x0000763a7bfff37b:   je     0x0000763a7bfff389
  0x0000763a7bfff37d:   add    $0x2,%r10
  0x0000763a7bfff381:   cmp    $0x22,%r10
  0x0000763a7bfff385:   jne    0x0000763a7bfff376
  0x0000763a7bfff387:   jmp    0x0000763a7bfff39b
  0x0000763a7bfff389:   push   %rbx
  0x0000763a7bfff38a:   mov    %rax,%rbx
  0x0000763a7bfff38d:   xor    %rax,%rax
  0x0000763a7bfff390:   cmpxchg %rbx,(%rdx,%r10,8)
  0x0000763a7bfff395:   mov    %rbx,%rax
  0x0000763a7bfff398:   pop    %rbx
  0x0000763a7bfff399:   jmp    0x0000763a7bfff35a
  0x0000763a7bfff39b:   mov    $0x1d,%r10d
  0x0000763a7bfff3a1:   jmp    0x0000763a7bfff3a7
  0x0000763a7bfff3a3:   add    $0x1,%r10
  0x0000763a7bfff3a7:   addq   $0x1,(%rdx,%r10,8)
  0x0000763a7bfff3ac:   movabs $0x763a380a55f8,%rdx         ;   {metadata(method data for {method} {0x00000000341bab10} &apos;append&apos; &apos;(Ljava/lang/String;)Ljava/lang/StringBuilder;&apos; in &apos;java/lang/StringBuilder&apos;)}
  0x0000763a7bfff3b6:   mov    0x90(%rdx),%esi
  0x0000763a7bfff3bc:   add    $0x2,%esi
  0x0000763a7bfff3bf:   mov    %esi,0x90(%rdx)
  0x0000763a7bfff3c5:   and    $0x1ffffe,%esi
  0x0000763a7bfff3cb:   test   %esi,%esi
  0x0000763a7bfff3cd:   je     0x0000763a7bfffed0
  0x0000763a7bfff3d3:   mov    0x90(%rsp),%rax
  0x0000763a7bfff3db:   movabs $0x763a380a55f8,%rdx         ;   {metadata(method data for {method} {0x00000000341bab10} &apos;append&apos; &apos;(Ljava/lang/String;)Ljava/lang/StringBuilder;&apos; in &apos;java/lang/StringBuilder&apos;)}
  0x0000763a7bfff3e5:   addq   $0x1,0xd8(%rdx)
  0x0000763a7bfff3ed:   movabs $0x7ff872b40,%rdx            ;   {oop(&quot;Bad CP index: &quot;{0x00000007ff872b40})}
  0x0000763a7bfff3f7:   mov    0x90(%rsp),%rsi              ;*invokespecial append {reexecute=0 rethrow=0 return_oop=0}
                                                            ; - java.lang.StringBuilder::append@2 (line 179)
                                                            ; - jdk.internal.classfile.impl.SplitConstantPool::badCP@13 (line 100)
                                                            ; - jdk.internal.classfile.impl.SplitConstantPool::entryByIndex@13 (line 88)
  0x0000763a7bfff3ff:   call   0x0000763a834ad9e0           ; ImmutableOopMap {[144]=Oop [160]=Oop }
                                                            ;*invokespecial append {reexecute=0 rethrow=0 return_oop=0}
                                                            ; - java.lang.StringBuilder::append@2 (line 179)
                                                            ; - jdk.internal.classfile.impl.SplitConstantPool::badCP@13 (line 100)
                                                            ; - jdk.internal.classfile.impl.SplitConstantPool::entryByIndex@13 (line 88)
                                                            ;   {optimized virtual_call}
  0x0000763a7bfff404:   nopl   0x10003fc(%rax,%rax,1)       ;*invokespecial append {reexecute=0 rethrow=0 return_oop=0}
                                                            ; - java.lang.StringBuilder::append@2 (line 179)
                                                            ; - jdk.internal.classfile.impl.SplitConstantPool::badCP@13 (line 100)
                                                            ; - jdk.internal.classfile.impl.SplitConstantPool::entryByIndex@13 (line 88)
                                                            ;   {post_call_nop}
  0x0000763a7bfff40c:   mov    0x90(%rsp),%rax
  0x0000763a7bfff414:   movabs $0x763a380a7a18,%rdx         ;   {metadata(method data for {method} {0x00000000343487b8} &apos;badCP&apos; &apos;(I)Ljava/lang/classfile/constantpool/ConstantPoolException;&apos; in &apos;jdk/internal/classfile/impl/SplitConstantPool&apos;)}
  0x0000763a7bfff41e:   mov    0x8(%rax),%eax
  0x0000763a7bfff421:   mov    $0x34000000,%r10d
  0x0000763a7bfff427:   add    %r10,%rax
  0x0000763a7bfff42a:   mov    $0x24,%r10d
  0x0000763a7bfff430:   cmp    (%rdx,%r10,8),%rax
  0x0000763a7bfff434:   je     0x0000763a7bfff473
  0x0000763a7bfff436:   add    $0x2,%r10
  0x0000763a7bfff43a:   cmp    $0x28,%r10
  0x0000763a7bfff43e:   jne    0x0000763a7bfff430
  0x0000763a7bfff440:   mov    $0x24,%r10d
  0x0000763a7bfff446:   cmpq   $0x0,(%rdx,%r10,8)
  0x0000763a7bfff44b:   je     0x0000763a7bfff459
  0x0000763a7bfff44d:   add    $0x2,%r10
  0x0000763a7bfff451:   cmp    $0x28,%r10
  0x0000763a7bfff455:   jne    0x0000763a7bfff446
  0x0000763a7bfff457:   jmp    0x0000763a7bfff46b
  0x0000763a7bfff459:   push   %rbx
  0x0000763a7bfff45a:   mov    %rax,%rbx
  0x0000763a7bfff45d:   xor    %rax,%rax
  0x0000763a7bfff460:   cmpxchg %rbx,(%rdx,%r10,8)
  0x0000763a7bfff465:   mov    %rbx,%rax
  0x0000763a7bfff468:   pop    %rbx
  0x0000763a7bfff469:   jmp    0x0000763a7bfff42a
  0x0000763a7bfff46b:   mov    $0x23,%r10d
  0x0000763a7bfff471:   jmp    0x0000763a7bfff477
  0x0000763a7bfff473:   add    $0x1,%r10
  0x0000763a7bfff477:   addq   $0x1,(%rdx,%r10,8)
  0x0000763a7bfff47c:   movabs $0x763a380a5950,%rdx         ;   {metadata(method data for {method} {0x00000000341bad78} &apos;append&apos; &apos;(I)Ljava/lang/StringBuilder;&apos; in &apos;java/lang/StringBuilder&apos;)}
  0x0000763a7bfff486:   mov    0x90(%rdx),%esi
  0x0000763a7bfff48c:   add    $0x2,%esi
  0x0000763a7bfff48f:   mov    %esi,0x90(%rdx)
  0x0000763a7bfff495:   and    $0x1ffffe,%esi
  0x0000763a7bfff49b:   test   %esi,%esi
  0x0000763a7bfff49d:   je     0x0000763a7bfffef1
  0x0000763a7bfff4a3:   mov    0x90(%rsp),%rax
  0x0000763a7bfff4ab:   movabs $0x763a380a5950,%rdx         ;   {metadata(method data for {method} {0x00000000341bad78} &apos;append&apos; &apos;(I)Ljava/lang/StringBuilder;&apos; in &apos;java/lang/StringBuilder&apos;)}
  0x0000763a7bfff4b5:   addq   $0x1,0xd8(%rdx)
  0x0000763a7bfff4bd:   mov    0x98(%rsp),%edx
  0x0000763a7bfff4c4:   mov    0x90(%rsp),%rsi              ;*invokespecial append {reexecute=0 rethrow=0 return_oop=0}
                                                            ; - java.lang.StringBuilder::append@2 (line 253)
                                                            ; - jdk.internal.classfile.impl.SplitConstantPool::badCP@17 (line 100)
                                                            ; - jdk.internal.classfile.impl.SplitConstantPool::entryByIndex@13 (line 88)
  0x0000763a7bfff4cc:   data16 xchg %ax,%ax
  0x0000763a7bfff4cf:   call   0x0000763a834ad9e0           ; ImmutableOopMap {[144]=Oop [160]=Oop }
                                                            ;*invokespecial append {reexecute=0 rethrow=0 return_oop=0}
                                                            ; - java.lang.StringBuilder::append@2 (line 253)
                                                            ; - jdk.internal.classfile.impl.SplitConstantPool::badCP@17 (line 100)
                                                            ; - jdk.internal.classfile.impl.SplitConstantPool::entryByIndex@13 (line 88)
                                                            ;   {optimized virtual_call}
  0x0000763a7bfff4d4:   nopl   0x20004cc(%rax,%rax,1)       ;*invokespecial append {reexecute=0 rethrow=0 return_oop=0}
                                                            ; - java.lang.StringBuilder::append@2 (line 253)
                                                            ; - jdk.internal.classfile.impl.SplitConstantPool::badCP@17 (line 100)
                                                            ; - jdk.internal.classfile.impl.SplitConstantPool::entryByIndex@13 (line 88)
                                                            ;   {post_call_nop}
  0x0000763a7bfff4dc:   mov    0x90(%rsp),%rax
  0x0000763a7bfff4e4:   movabs $0x763a380a7a18,%rdx         ;   {metadata(method data for {method} {0x00000000343487b8} &apos;badCP&apos; &apos;(I)Ljava/lang/classfile/constantpool/ConstantPoolException;&apos; in &apos;jdk/internal/classfile/impl/SplitConstantPool&apos;)}
  0x0000763a7bfff4ee:   mov    0x8(%rax),%eax
  0x0000763a7bfff4f1:   mov    $0x34000000,%r10d
  0x0000763a7bfff4f7:   add    %r10,%rax
  0x0000763a7bfff4fa:   mov    $0x2a,%r10d
  0x0000763a7bfff500:   cmp    (%rdx,%r10,8),%rax
  0x0000763a7bfff504:   je     0x0000763a7bfff543
  0x0000763a7bfff506:   add    $0x2,%r10
  0x0000763a7bfff50a:   cmp    $0x2e,%r10
  0x0000763a7bfff50e:   jne    0x0000763a7bfff500
  0x0000763a7bfff510:   mov    $0x2a,%r10d
  0x0000763a7bfff516:   cmpq   $0x0,(%rdx,%r10,8)
  0x0000763a7bfff51b:   je     0x0000763a7bfff529
  0x0000763a7bfff51d:   add    $0x2,%r10
  0x0000763a7bfff521:   cmp    $0x2e,%r10
  0x0000763a7bfff525:   jne    0x0000763a7bfff516
  0x0000763a7bfff527:   jmp    0x0000763a7bfff53b
  0x0000763a7bfff529:   push   %rbx
  0x0000763a7bfff52a:   mov    %rax,%rbx
  0x0000763a7bfff52d:   xor    %rax,%rax
  0x0000763a7bfff530:   cmpxchg %rbx,(%rdx,%r10,8)
  0x0000763a7bfff535:   mov    %rbx,%rax
  0x0000763a7bfff538:   pop    %rbx
  0x0000763a7bfff539:   jmp    0x0000763a7bfff4fa
  0x0000763a7bfff53b:   mov    $0x29,%r10d
  0x0000763a7bfff541:   jmp    0x0000763a7bfff547
  0x0000763a7bfff543:   add    $0x1,%r10
  0x0000763a7bfff547:   addq   $0x1,(%rdx,%r10,8)
  0x0000763a7bfff54c:   movabs $0x763a380a5c10,%rdx         ;   {metadata(method data for {method} {0x00000000341b93a0} &apos;toString&apos; &apos;()Ljava/lang/String;&apos; in &apos;java/lang/StringBuilder&apos;)}
  0x0000763a7bfff556:   mov    0x90(%rdx),%esi
  0x0000763a7bfff55c:   add    $0x2,%esi
  0x0000763a7bfff55f:   mov    %esi,0x90(%rdx)
  0x0000763a7bfff565:   and    $0x1ffffe,%esi
  0x0000763a7bfff56b:   test   %esi,%esi
  0x0000763a7bfff56d:   je     0x0000763a7bffff12
  0x0000763a7bfff573:   mov    0x90(%rsp),%rax
  0x0000763a7bfff57b:   movabs $0x763a380a5c10,%rdx         ;   {metadata(method data for {method} {0x00000000341b93a0} &apos;toString&apos; &apos;()Ljava/lang/String;&apos; in &apos;java/lang/StringBuilder&apos;)}
  0x0000763a7bfff585:   mov    0x8(%rax),%eax
  0x0000763a7bfff588:   mov    $0x34000000,%r10d
  0x0000763a7bfff58e:   add    %r10,%rax
  0x0000763a7bfff591:   mov    $0x1c,%r10d
  0x0000763a7bfff597:   cmp    (%rdx,%r10,8),%rax
  0x0000763a7bfff59b:   je     0x0000763a7bfff5da
  0x0000763a7bfff59d:   add    $0x2,%r10
  0x0000763a7bfff5a1:   cmp    $0x20,%r10
  0x0000763a7bfff5a5:   jne    0x0000763a7bfff597
  0x0000763a7bfff5a7:   mov    $0x1c,%r10d
  0x0000763a7bfff5ad:   cmpq   $0x0,(%rdx,%r10,8)
  0x0000763a7bfff5b2:   je     0x0000763a7bfff5c0
  0x0000763a7bfff5b4:   add    $0x2,%r10
  0x0000763a7bfff5b8:   cmp    $0x20,%r10
  0x0000763a7bfff5bc:   jne    0x0000763a7bfff5ad
  0x0000763a7bfff5be:   jmp    0x0000763a7bfff5d2
  0x0000763a7bfff5c0:   push   %rbx
  0x0000763a7bfff5c1:   mov    %rax,%rbx
  0x0000763a7bfff5c4:   xor    %rax,%rax
  0x0000763a7bfff5c7:   cmpxchg %rbx,(%rdx,%r10,8)
  0x0000763a7bfff5cc:   mov    %rbx,%rax
  0x0000763a7bfff5cf:   pop    %rbx
  0x0000763a7bfff5d0:   jmp    0x0000763a7bfff591
  0x0000763a7bfff5d2:   mov    $0x1b,%r10d
  0x0000763a7bfff5d8:   jmp    0x0000763a7bfff5de
  0x0000763a7bfff5da:   add    $0x1,%r10
  0x0000763a7bfff5de:   addq   $0x1,(%rdx,%r10,8)
  0x0000763a7bfff5e3:   movabs $0x763a380a5d88,%rdx         ;   {metadata(method data for {method} {0x00000000341b94b8} &apos;length&apos; &apos;()I&apos; in &apos;java/lang/StringBuilder&apos;)}
  0x0000763a7bfff5ed:   mov    0x90(%rdx),%esi
  0x0000763a7bfff5f3:   add    $0x2,%esi
  0x0000763a7bfff5f6:   mov    %esi,0x90(%rdx)
  0x0000763a7bfff5fc:   and    $0x1ffffe,%esi
  0x0000763a7bfff602:   test   %esi,%esi
  0x0000763a7bfff604:   je     0x0000763a7bffff33
  0x0000763a7bfff60a:   mov    0x90(%rsp),%rax
  0x0000763a7bfff612:   movabs $0x763a380a5d88,%rdx         ;   {metadata(method data for {method} {0x00000000341b94b8} &apos;length&apos; &apos;()I&apos; in &apos;java/lang/StringBuilder&apos;)}
  0x0000763a7bfff61c:   addq   $0x1,0xd8(%rdx)
  0x0000763a7bfff624:   mov    0x90(%rsp),%rbx
  0x0000763a7bfff62c:   mov    0xc(%rbx),%edx               ;*getfield count {reexecute=0 rethrow=0 return_oop=0}
                                                            ; - java.lang.AbstractStringBuilder::length@1 (line 199)
                                                            ; - java.lang.StringBuilder::length@1 (line 91)
                                                            ; - java.lang.StringBuilder::toString@1 (line 474)
                                                            ; - jdk.internal.classfile.impl.SplitConstantPool::badCP@20 (line 100)
                                                            ; - jdk.internal.classfile.impl.SplitConstantPool::entryByIndex@13 (line 88)
  0x0000763a7bfff62f:   test   %edx,%edx
  0x0000763a7bfff631:   movabs $0x763a380a5c10,%rdx         ;   {metadata(method data for {method} {0x00000000341b93a0} &apos;toString&apos; &apos;()Ljava/lang/String;&apos; in &apos;java/lang/StringBuilder&apos;)}
  0x0000763a7bfff63b:   mov    $0x108,%esi
  0x0000763a7bfff640:   jne    0x0000763a7bfff647
  0x0000763a7bfff642:   mov    $0x118,%esi
  0x0000763a7bfff647:   mov    (%rdx,%rsi,1),%rdi
  0x0000763a7bfff64b:   lea    0x1(%rdi),%rdi
  0x0000763a7bfff64f:   mov    %rdi,(%rdx,%rsi,1)
  0x0000763a7bfff653:   jne    0x0000763a7bfff668           ;*ifne {reexecute=0 rethrow=0 return_oop=0}
                                                            ; - java.lang.StringBuilder::toString@4 (line 474)
                                                            ; - jdk.internal.classfile.impl.SplitConstantPool::badCP@20 (line 100)
                                                            ; - jdk.internal.classfile.impl.SplitConstantPool::entryByIndex@13 (line 88)
  0x0000763a7bfff659:   movabs $0x7ff8044c8,%rsi            ;   {oop(&quot;&quot;{0x00000007ff8044c8})}
  0x0000763a7bfff663:   jmp    0x0000763a7bfffde1           ;*invokespecial &lt;init&gt; {reexecute=0 rethrow=0 return_oop=0}
                                                            ; - jdk.internal.classfile.impl.SplitConstantPool::badCP@23 (line 100)
                                                            ; - jdk.internal.classfile.impl.SplitConstantPool::entryByIndex@13 (line 88)
  0x0000763a7bfff668:   movabs $0x34178db8,%rdx             ;   {metadata(&apos;java/lang/String&apos;)}
  0x0000763a7bfff672:   mov    0x1b0(%r15),%rax
  0x0000763a7bfff679:   lea    0x18(%rax),%rdi
  0x0000763a7bfff67d:   cmp    0x1c0(%r15),%rdi
  0x0000763a7bfff684:   ja     0x0000763a7bffff54
  0x0000763a7bfff68a:   mov    %rdi,0x1b0(%r15)
  0x0000763a7bfff691:   movq   $0x1,(%rax)
  0x0000763a7bfff698:   mov    %rdx,%rcx
  0x0000763a7bfff69b:   mov    $0x34000000,%r10d
  0x0000763a7bfff6a1:   sub    %r10,%rcx
  0x0000763a7bfff6a4:   mov    %ecx,0x8(%rax)
  0x0000763a7bfff6a7:   xor    %rcx,%rcx
  0x0000763a7bfff6aa:   mov    %ecx,0xc(%rax)
  0x0000763a7bfff6ad:   xor    %rcx,%rcx
  0x0000763a7bfff6b0:   mov    %rcx,0x10(%rax)              ;*new {reexecute=0 rethrow=0 return_oop=0}
                                                            ; - java.lang.StringBuilder::toString@10 (line 478)
                                                            ; - jdk.internal.classfile.impl.SplitConstantPool::badCP@20 (line 100)
                                                            ; - jdk.internal.classfile.impl.SplitConstantPool::entryByIndex@13 (line 88)
  0x0000763a7bfff6b4:   mov    %rax,%rdx
  0x0000763a7bfff6b7:   movabs $0x763a380a5c10,%rcx         ;   {metadata(method data for {method} {0x00000000341b93a0} &apos;toString&apos; &apos;()Ljava/lang/String;&apos; in &apos;java/lang/StringBuilder&apos;)}
  0x0000763a7bfff6c1:   addq   $0x1,0x128(%rcx)
  0x0000763a7bfff6c9:   mov    %rbx,%rdx
  0x0000763a7bfff6cc:   movabs $0x0,%rcx                    ;   {oop(nullptr)}
  0x0000763a7bfff6d6:   mov    %rax,%rsi                    ;*invokespecial &lt;init&gt; {reexecute=0 rethrow=0 return_oop=0}
                                                            ; - java.lang.StringBuilder::toString@16 (line 478)
                                                            ; - jdk.internal.classfile.impl.SplitConstantPool::badCP@20 (line 100)
                                                            ; - jdk.internal.classfile.impl.SplitConstantPool::entryByIndex@13 (line 88)
  0x0000763a7bfff6d9:   mov    %rax,0xa8(%rsp)
  0x0000763a7bfff6e1:   nopw   0x0(%rax,%rax,1)
  0x0000763a7bfff6e7:   call   0x0000763a834ad9e0           ; ImmutableOopMap {[160]=Oop [168]=Oop }
                                                            ;*invokespecial &lt;init&gt; {reexecute=0 rethrow=0 return_oop=0}
                                                            ; - java.lang.StringBuilder::toString@16 (line 478)
                                                            ; - jdk.internal.classfile.impl.SplitConstantPool::badCP@20 (line 100)
                                                            ; - jdk.internal.classfile.impl.SplitConstantPool::entryByIndex@13 (line 88)
                                                            ;   {optimized virtual_call}
  0x0000763a7bfff6ec:   nopl   0x30006e4(%rax,%rax,1)       ;*invokespecial &lt;init&gt; {reexecute=0 rethrow=0 return_oop=0}
                                                            ; - java.lang.StringBuilder::toString@16 (line 478)
                                                            ; - jdk.internal.classfile.impl.SplitConstantPool::badCP@20 (line 100)
                                                            ; - jdk.internal.classfile.impl.SplitConstantPool::entryByIndex@13 (line 88)
                                                            ;   {post_call_nop}
  0x0000763a7bfff6f4:   mov    0xa8(%rsp),%rsi
  0x0000763a7bfff6fc:   jmp    0x0000763a7bfffde1           ;*invokespecial &lt;init&gt; {reexecute=0 rethrow=0 return_oop=0}
                                                            ; - jdk.internal.classfile.impl.SplitConstantPool::badCP@23 (line 100)
                                                            ; - jdk.internal.classfile.impl.SplitConstantPool::entryByIndex@13 (line 88)
  0x0000763a7bfff701:   mov    0xc(%rsi),%edi               ;*getfield parentSize {reexecute=0 rethrow=0 return_oop=0}
                                                            ; - jdk.internal.classfile.impl.SplitConstantPool::entryByIndex@19 (line 90)
  0x0000763a7bfff704:   cmp    %edi,%edx
  0x0000763a7bfff706:   movabs $0x763a380a6110,%rcx         ;   {metadata(method data for {method} {0x0000000034348600} &apos;entryByIndex&apos; &apos;(I)Ljava/lang/classfile/constantpool/PoolEntry;&apos; in &apos;jdk/internal/classfile/impl/SplitConstantPool&apos;)}
  0x0000763a7bfff710:   mov    $0x158,%ebx
  0x0000763a7bfff715:   jge    0x0000763a7bfff71c
  0x0000763a7bfff717:   mov    $0x168,%ebx
  0x0000763a7bfff71c:   mov    (%rcx,%rbx,1),%rax
  0x0000763a7bfff720:   lea    0x1(%rax),%rax
  0x0000763a7bfff724:   mov    %rax,(%rcx,%rbx,1)
  0x0000763a7bfff728:   jge    0x0000763a7bfff861           ;*if_icmpge {reexecute=0 rethrow=0 return_oop=0}
                                                            ; - jdk.internal.classfile.impl.SplitConstantPool::entryByIndex@22 (line 90)
  0x0000763a7bfff72e:   mov    0x20(%rsi),%esi
  0x0000763a7bfff731:   shl    $0x3,%rsi                    ;*getfield parent {reexecute=0 rethrow=0 return_oop=0}
                                                            ; - jdk.internal.classfile.impl.SplitConstantPool::entryByIndex@26 (line 91)
  0x0000763a7bfff735:   cmp    (%rsi),%rax                  ; implicit exception: dispatches to 0x0000763a7bffff61
                                                            ;*invokevirtual entryByIndex {reexecute=0 rethrow=0 return_oop=0}
                                                            ; - jdk.internal.classfile.impl.SplitConstantPool::entryByIndex@30 (line 91)
  0x0000763a7bfff738:   mov    %rsi,%rcx
  0x0000763a7bfff73b:   movabs $0x763a380a6110,%rdi         ;   {metadata(method data for {method} {0x0000000034348600} &apos;entryByIndex&apos; &apos;(I)Ljava/lang/classfile/constantpool/PoolEntry;&apos; in &apos;jdk/internal/classfile/impl/SplitConstantPool&apos;)}
  0x0000763a7bfff745:   mov    0x8(%rcx),%ecx
  0x0000763a7bfff748:   mov    $0x34000000,%r10d
  0x0000763a7bfff74e:   add    %r10,%rcx
  0x0000763a7bfff751:   mov    $0x30,%r10d
  0x0000763a7bfff757:   cmp    (%rdi,%r10,8),%rcx
  0x0000763a7bfff75b:   je     0x0000763a7bfff794
  0x0000763a7bfff75d:   add    $0x2,%r10
  0x0000763a7bfff761:   cmp    $0x34,%r10
  0x0000763a7bfff765:   jne    0x0000763a7bfff757
  0x0000763a7bfff767:   mov    $0x30,%r10d
  0x0000763a7bfff76d:   cmpq   $0x0,(%rdi,%r10,8)
  0x0000763a7bfff772:   je     0x0000763a7bfff780
  0x0000763a7bfff774:   add    $0x2,%r10
  0x0000763a7bfff778:   cmp    $0x34,%r10
  0x0000763a7bfff77c:   jne    0x0000763a7bfff76d
  0x0000763a7bfff77e:   jmp    0x0000763a7bfff78c
  0x0000763a7bfff780:   push   %rax
  0x0000763a7bfff781:   xor    %rax,%rax
  0x0000763a7bfff784:   cmpxchg %rcx,(%rdi,%r10,8)
  0x0000763a7bfff789:   pop    %rax
  0x0000763a7bfff78a:   jmp    0x0000763a7bfff751
  0x0000763a7bfff78c:   mov    $0x2f,%r10d
  0x0000763a7bfff792:   jmp    0x0000763a7bfff798
  0x0000763a7bfff794:   add    $0x1,%r10
  0x0000763a7bfff798:   addq   $0x1,(%rdi,%r10,8)
  0x0000763a7bfff79d:   movabs $0x763a380a6348,%rcx         ;   {metadata(method data for {method} {0x0000000034346450} &apos;entryByIndex&apos; &apos;(I)Ljava/lang/classfile/constantpool/PoolEntry;&apos; in &apos;jdk/internal/classfile/impl/ClassReaderImpl&apos;)}
  0x0000763a7bfff7a7:   mov    0x90(%rcx),%edi
  0x0000763a7bfff7ad:   add    $0x2,%edi
  0x0000763a7bfff7b0:   mov    %edi,0x90(%rcx)
  0x0000763a7bfff7b6:   and    $0x1ffffe,%edi
  0x0000763a7bfff7bc:   test   %edi,%edi
  0x0000763a7bfff7be:   je     0x0000763a7bffff66
  0x0000763a7bfff7c4:   mov    %rsi,%rcx
  0x0000763a7bfff7c7:   movabs $0x763a380a6348,%rdi         ;   {metadata(method data for {method} {0x0000000034346450} &apos;entryByIndex&apos; &apos;(I)Ljava/lang/classfile/constantpool/PoolEntry;&apos; in &apos;jdk/internal/classfile/impl/ClassReaderImpl&apos;)}
  0x0000763a7bfff7d1:   mov    0x8(%rcx),%ecx
  0x0000763a7bfff7d4:   mov    $0x34000000,%r10d
  0x0000763a7bfff7da:   add    %r10,%rcx
  0x0000763a7bfff7dd:   mov    $0x1c,%r10d
  0x0000763a7bfff7e3:   cmp    (%rdi,%r10,8),%rcx
  0x0000763a7bfff7e7:   je     0x0000763a7bfff820
  0x0000763a7bfff7e9:   add    $0x2,%r10
  0x0000763a7bfff7ed:   cmp    $0x20,%r10
  0x0000763a7bfff7f1:   jne    0x0000763a7bfff7e3
  0x0000763a7bfff7f3:   mov    $0x1c,%r10d
  0x0000763a7bfff7f9:   cmpq   $0x0,(%rdi,%r10,8)
  0x0000763a7bfff7fe:   je     0x0000763a7bfff80c
  0x0000763a7bfff800:   add    $0x2,%r10
  0x0000763a7bfff804:   cmp    $0x20,%r10
  0x0000763a7bfff808:   jne    0x0000763a7bfff7f9
  0x0000763a7bfff80a:   jmp    0x0000763a7bfff818
  0x0000763a7bfff80c:   push   %rax
  0x0000763a7bfff80d:   xor    %rax,%rax
  0x0000763a7bfff810:   cmpxchg %rcx,(%rdi,%r10,8)
  0x0000763a7bfff815:   pop    %rax
  0x0000763a7bfff816:   jmp    0x0000763a7bfff7dd
  0x0000763a7bfff818:   mov    $0x1b,%r10d
  0x0000763a7bfff81e:   jmp    0x0000763a7bfff824
  0x0000763a7bfff820:   add    $0x1,%r10
  0x0000763a7bfff824:   addq   $0x1,(%rdi,%r10,8)
  0x0000763a7bfff829:   mov    %rdx,%rdi
  0x0000763a7bfff82c:   mov    %rdi,%rdx
  0x0000763a7bfff82f:   movabs $0x7ff8564c0,%rcx            ;*invokevirtual entryByIndex {reexecute=0 rethrow=0 return_oop=0}
                                                            ; - jdk.internal.classfile.impl.ClassReaderImpl::entryByIndex@4 (line 329)
                                                            ; - jdk.internal.classfile.impl.SplitConstantPool::entryByIndex@30 (line 91)
                                                            ;   {oop(a &apos;java/lang/Class&apos;{0x00000007ff8564c0} = &apos;java/lang/classfile/constantpool/PoolEntry&apos;)}
  0x0000763a7bfff839:   nopw   0x0(%rax,%rax,1)
  0x0000763a7bfff83f:   call   0x0000763a834ad9e0           ; ImmutableOopMap {}
                                                            ;*invokevirtual entryByIndex {reexecute=0 rethrow=0 return_oop=0}
                                                            ; - jdk.internal.classfile.impl.ClassReaderImpl::entryByIndex@4 (line 329)
                                                            ; - jdk.internal.classfile.impl.SplitConstantPool::entryByIndex@30 (line 91)
                                                            ;   {optimized virtual_call}
  0x0000763a7bfff844:   nopl   0x400083c(%rax,%rax,1)       ;*invokevirtual entryByIndex {reexecute=0 rethrow=0 return_oop=0}
                                                            ; - jdk.internal.classfile.impl.ClassReaderImpl::entryByIndex@4 (line 329)
                                                            ; - jdk.internal.classfile.impl.SplitConstantPool::entryByIndex@30 (line 91)
                                                            ;   {post_call_nop}
  0x0000763a7bfff84c:   movabs $0x763a380a6110,%rdx         ;   {metadata(method data for {method} {0x0000000034348600} &apos;entryByIndex&apos; &apos;(I)Ljava/lang/classfile/constantpool/PoolEntry;&apos; in &apos;jdk/internal/classfile/impl/SplitConstantPool&apos;)}
  0x0000763a7bfff856:   incl   0x1a8(%rdx)
  0x0000763a7bfff85c:   jmp    0x0000763a7bfff888           ;*goto {reexecute=0 rethrow=0 return_oop=0}
                                                            ; - jdk.internal.classfile.impl.SplitConstantPool::entryByIndex@33 (line 91)
  0x0000763a7bfff861:   mov    0x24(%rsi),%edx
  0x0000763a7bfff864:   shl    $0x3,%rdx                    ;*getfield myEntries {reexecute=0 rethrow=0 return_oop=0}
                                                            ; - jdk.internal.classfile.impl.SplitConstantPool::entryByIndex@37 (line 92)
  0x0000763a7bfff868:   mov    0x98(%rsp),%eax
  0x0000763a7bfff86f:   sub    %edi,%eax
  0x0000763a7bfff871:   cmp    0xc(%rdx),%eax               ; implicit exception: dispatches to 0x0000763a7bffff87
  0x0000763a7bfff874:   jae    0x0000763a7bffff91
  0x0000763a7bfff87a:   movslq %eax,%rax
  0x0000763a7bfff87d:   mov    0x10(%rdx,%rax,4),%edx
  0x0000763a7bfff881:   shl    $0x3,%rdx                    ;*aaload {reexecute=0 rethrow=0 return_oop=0}
                                                            ; - jdk.internal.classfile.impl.SplitConstantPool::entryByIndex@46 (line 92)
  0x0000763a7bfff885:   mov    %rdx,%rax                    ;*astore_2 {reexecute=0 rethrow=0 return_oop=0}
                                                            ; - jdk.internal.classfile.impl.SplitConstantPool::entryByIndex@47 (line 92)
  0x0000763a7bfff888:   test   %rax,%rax
  0x0000763a7bfff88b:   movabs $0x763a380a6110,%rdx         ;   {metadata(method data for {method} {0x0000000034348600} &apos;entryByIndex&apos; &apos;(I)Ljava/lang/classfile/constantpool/PoolEntry;&apos; in &apos;jdk/internal/classfile/impl/SplitConstantPool&apos;)}
  0x0000763a7bfff895:   mov    $0x1c0,%esi
  0x0000763a7bfff89a:   jne    0x0000763a7bfff8a1
  0x0000763a7bfff89c:   mov    $0x1d0,%esi
  0x0000763a7bfff8a1:   mov    (%rdx,%rsi,1),%rdi
  0x0000763a7bfff8a5:   lea    0x1(%rdi),%rdi
  0x0000763a7bfff8a9:   mov    %rdi,(%rdx,%rsi,1)
  0x0000763a7bfff8ad:   jne    0x0000763a7bfffd89           ;*ifnonnull {reexecute=0 rethrow=0 return_oop=0}
                                                            ; - jdk.internal.classfile.impl.SplitConstantPool::entryByIndex@49 (line 93)
  0x0000763a7bfff8b3:   movabs $0x763a380a6110,%rax         ;   {metadata(method data for {method} {0x0000000034348600} &apos;entryByIndex&apos; &apos;(I)Ljava/lang/classfile/constantpool/PoolEntry;&apos; in &apos;jdk/internal/classfile/impl/SplitConstantPool&apos;)}
  0x0000763a7bfff8bd:   addq   $0x1,0x1e0(%rax)
  0x0000763a7bfff8c5:   movabs $0x763a380a7850,%rax         ;   {metadata(method data for {method} {0x0000000034348810} &apos;unusableCP&apos; &apos;(I)Ljava/lang/classfile/constantpool/ConstantPoolException;&apos; in &apos;jdk/internal/classfile/impl/SplitConstantPool&apos;)}
  0x0000763a7bfff8cf:   mov    0x90(%rax),%esi
  0x0000763a7bfff8d5:   add    $0x2,%esi
  0x0000763a7bfff8d8:   mov    %esi,0x90(%rax)
  0x0000763a7bfff8de:   and    $0x1ffffe,%esi
  0x0000763a7bfff8e4:   test   %esi,%esi
  0x0000763a7bfff8e6:   je     0x0000763a7bffff9f
  0x0000763a7bfff8ec:   nopl   0x0(%rax)
  0x0000763a7bfff8f0:   jmp    0x0000763a7bffffcf           ;   {other}
  0x0000763a7bfff8f5:   add    %al,(%rax)
  0x0000763a7bfff8f7:   add    %al,(%rax)
  0x0000763a7bfff8f9:   add    %ch,%cl
  0x0000763a7bfff8fb:   fiaddl (%rsi)
  0x0000763a7bfff8fd:   add    %al,(%rax)                   ;*new {reexecute=0 rethrow=0 return_oop=0}
                                                            ; - jdk.internal.classfile.impl.SplitConstantPool::unusableCP@0 (line 104)
                                                            ; - jdk.internal.classfile.impl.SplitConstantPool::entryByIndex@53 (line 94)
  0x0000763a7bfff8ff:   nop
  0x0000763a7bfff900:   jmp    0x0000763a7bfffff5           ;   {other}
  0x0000763a7bfff905:   add    %al,(%rax)
  0x0000763a7bfff907:   add    %al,(%rax)
  0x0000763a7bfff909:   add    %cl,-0x77(%rax)
  0x0000763a7bfff90c:   test   %ah,(%rax,%rdi,4)
  0x0000763a7bfff90f:   add    %al,(%rax)
  0x0000763a7bfff911:   add    %cl,-0x75(%rcx)
  0x0000763a7bfff914:   xchg   %esi,0x48000001(%rax)
  0x0000763a7bfff91a:   lea    0x18(%rax),%edi
  0x0000763a7bfff91d:   cmp    0x1c0(%r15),%rdi
  0x0000763a7bfff924:   ja     0x0000763a7bffffff
  0x0000763a7bfff92a:   mov    %rdi,0x1b0(%r15)
  0x0000763a7bfff931:   movq   $0x1,(%rax)
  0x0000763a7bfff938:   mov    %rdx,%rcx
  0x0000763a7bfff93b:   mov    $0x34000000,%r10d
  0x0000763a7bfff941:   sub    %r10,%rcx
  0x0000763a7bfff944:   mov    %ecx,0x8(%rax)
  0x0000763a7bfff947:   xor    %rcx,%rcx
  0x0000763a7bfff94a:   mov    %ecx,0xc(%rax)
  0x0000763a7bfff94d:   xor    %rcx,%rcx
  0x0000763a7bfff950:   mov    %rcx,0x10(%rax)              ;*new {reexecute=0 rethrow=0 return_oop=0}
                                                            ; - jdk.internal.classfile.impl.SplitConstantPool::unusableCP@4 (line 104)
                                                            ; - jdk.internal.classfile.impl.SplitConstantPool::entryByIndex@53 (line 94)
  0x0000763a7bfff954:   mov    %rax,%rdx
  0x0000763a7bfff957:   movabs $0x763a380a7850,%rsi         ;   {metadata(method data for {method} {0x0000000034348810} &apos;unusableCP&apos; &apos;(I)Ljava/lang/classfile/constantpool/ConstantPoolException;&apos; in &apos;jdk/internal/classfile/impl/SplitConstantPool&apos;)}
  0x0000763a7bfff961:   addq   $0x1,0xd8(%rsi)
  0x0000763a7bfff969:   movabs $0x763a380a5378,%rdx         ;   {metadata(method data for {method} {0x00000000341ba900} &apos;&lt;init&gt;&apos; &apos;()V&apos; in &apos;java/lang/StringBuilder&apos;)}
  0x0000763a7bfff973:   mov    0x90(%rdx),%esi
  0x0000763a7bfff979:   add    $0x2,%esi
  0x0000763a7bfff97c:   mov    %esi,0x90(%rdx)
  0x0000763a7bfff982:   and    $0x1ffffe,%esi
  0x0000763a7bfff988:   test   %esi,%esi
  0x0000763a7bfff98a:   je     0x0000763a7c00000c
  0x0000763a7bfff990:   mov    %rax,%rdx
  0x0000763a7bfff993:   movabs $0x763a380a5378,%rsi         ;   {metadata(method data for {method} {0x00000000341ba900} &apos;&lt;init&gt;&apos; &apos;()V&apos; in &apos;java/lang/StringBuilder&apos;)}
  0x0000763a7bfff99d:   addq   $0x1,0xd8(%rsi)
  0x0000763a7bfff9a5:   mov    $0x10,%edx
  0x0000763a7bfff9aa:   mov    %rax,%rsi                    ;*invokespecial &lt;init&gt; {reexecute=0 rethrow=0 return_oop=0}
                                                            ; - java.lang.StringBuilder::&lt;init&gt;@3 (line 106)
                                                            ; - jdk.internal.classfile.impl.SplitConstantPool::unusableCP@8 (line 104)
                                                            ; - jdk.internal.classfile.impl.SplitConstantPool::entryByIndex@53 (line 94)
  0x0000763a7bfff9ad:   mov    %rax,0xb0(%rsp)
  0x0000763a7bfff9b5:   xchg   %ax,%ax
  0x0000763a7bfff9b7:   call   0x0000763a834ad9e0           ; ImmutableOopMap {[176]=Oop [184]=Oop }
                                                            ;*invokespecial &lt;init&gt; {reexecute=0 rethrow=0 return_oop=0}
                                                            ; - java.lang.StringBuilder::&lt;init&gt;@3 (line 106)
                                                            ; - jdk.internal.classfile.impl.SplitConstantPool::unusableCP@8 (line 104)
                                                            ; - jdk.internal.classfile.impl.SplitConstantPool::entryByIndex@53 (line 94)
                                                            ;   {optimized virtual_call}
  0x0000763a7bfff9bc:   nopl   0x50009b4(%rax,%rax,1)       ;*invokespecial &lt;init&gt; {reexecute=0 rethrow=0 return_oop=0}
                                                            ; - java.lang.StringBuilder::&lt;init&gt;@3 (line 106)
                                                            ; - jdk.internal.classfile.impl.SplitConstantPool::unusableCP@8 (line 104)
                                                            ; - jdk.internal.classfile.impl.SplitConstantPool::entryByIndex@53 (line 94)
                                                            ;   {post_call_nop}
  0x0000763a7bfff9c4:   mov    0xb0(%rsp),%rax
  0x0000763a7bfff9cc:   movabs $0x763a380a7850,%rdx         ;   {metadata(method data for {method} {0x0000000034348810} &apos;unusableCP&apos; &apos;(I)Ljava/lang/classfile/constantpool/ConstantPoolException;&apos; in &apos;jdk/internal/classfile/impl/SplitConstantPool&apos;)}
  0x0000763a7bfff9d6:   mov    0x8(%rax),%eax
  0x0000763a7bfff9d9:   mov    $0x34000000,%r10d
  0x0000763a7bfff9df:   add    %r10,%rax
  0x0000763a7bfff9e2:   mov    $0x1e,%r10d
  0x0000763a7bfff9e8:   cmp    (%rdx,%r10,8),%rax
  0x0000763a7bfff9ec:   je     0x0000763a7bfffa2b
  0x0000763a7bfff9ee:   add    $0x2,%r10
  0x0000763a7bfff9f2:   cmp    $0x22,%r10
  0x0000763a7bfff9f6:   jne    0x0000763a7bfff9e8
  0x0000763a7bfff9f8:   mov    $0x1e,%r10d
  0x0000763a7bfff9fe:   cmpq   $0x0,(%rdx,%r10,8)
  0x0000763a7bfffa03:   je     0x0000763a7bfffa11
  0x0000763a7bfffa05:   add    $0x2,%r10
  0x0000763a7bfffa09:   cmp    $0x22,%r10
  0x0000763a7bfffa0d:   jne    0x0000763a7bfff9fe
  0x0000763a7bfffa0f:   jmp    0x0000763a7bfffa23
  0x0000763a7bfffa11:   push   %rbx
  0x0000763a7bfffa12:   mov    %rax,%rbx
  0x0000763a7bfffa15:   xor    %rax,%rax
  0x0000763a7bfffa18:   cmpxchg %rbx,(%rdx,%r10,8)
  0x0000763a7bfffa1d:   mov    %rbx,%rax
  0x0000763a7bfffa20:   pop    %rbx
  0x0000763a7bfffa21:   jmp    0x0000763a7bfff9e2
  0x0000763a7bfffa23:   mov    $0x1d,%r10d
  0x0000763a7bfffa29:   jmp    0x0000763a7bfffa2f
  0x0000763a7bfffa2b:   add    $0x1,%r10
  0x0000763a7bfffa2f:   addq   $0x1,(%rdx,%r10,8)
  0x0000763a7bfffa34:   movabs $0x763a380a55f8,%rdx         ;   {metadata(method data for {method} {0x00000000341bab10} &apos;append&apos; &apos;(Ljava/lang/String;)Ljava/lang/StringBuilder;&apos; in &apos;java/lang/StringBuilder&apos;)}
  0x0000763a7bfffa3e:   mov    0x90(%rdx),%esi
  0x0000763a7bfffa44:   add    $0x2,%esi
  0x0000763a7bfffa47:   mov    %esi,0x90(%rdx)
  0x0000763a7bfffa4d:   and    $0x1ffffe,%esi
  0x0000763a7bfffa53:   test   %esi,%esi
  0x0000763a7bfffa55:   je     0x0000763a7c00002d
  0x0000763a7bfffa5b:   mov    0xb0(%rsp),%rax
  0x0000763a7bfffa63:   movabs $0x763a380a55f8,%rdx         ;   {metadata(method data for {method} {0x00000000341bab10} &apos;append&apos; &apos;(Ljava/lang/String;)Ljava/lang/StringBuilder;&apos; in &apos;java/lang/StringBuilder&apos;)}
  0x0000763a7bfffa6d:   addq   $0x1,0xd8(%rdx)
  0x0000763a7bfffa75:   movabs $0x7ff872b58,%rdx            ;   {oop(&quot;Unusable CP index: &quot;{0x00000007ff872b58})}
  0x0000763a7bfffa7f:   mov    0xb0(%rsp),%rsi              ;*invokespecial append {reexecute=0 rethrow=0 return_oop=0}
                                                            ; - java.lang.StringBuilder::append@2 (line 179)
                                                            ; - jdk.internal.classfile.impl.SplitConstantPool::unusableCP@13 (line 104)
                                                            ; - jdk.internal.classfile.impl.SplitConstantPool::entryByIndex@53 (line 94)
  0x0000763a7bfffa87:   call   0x0000763a834ad9e0           ; ImmutableOopMap {[176]=Oop [184]=Oop }
                                                            ;*invokespecial append {reexecute=0 rethrow=0 return_oop=0}
                                                            ; - java.lang.StringBuilder::append@2 (line 179)
                                                            ; - jdk.internal.classfile.impl.SplitConstantPool::unusableCP@13 (line 104)
                                                            ; - jdk.internal.classfile.impl.SplitConstantPool::entryByIndex@53 (line 94)
                                                            ;   {optimized virtual_call}
  0x0000763a7bfffa8c:   nopl   0x6000a84(%rax,%rax,1)       ;*invokespecial append {reexecute=0 rethrow=0 return_oop=0}
                                                            ; - java.lang.StringBuilder::append@2 (line 179)
                                                            ; - jdk.internal.classfile.impl.SplitConstantPool::unusableCP@13 (line 104)
                                                            ; - jdk.internal.classfile.impl.SplitConstantPool::entryByIndex@53 (line 94)
                                                            ;   {post_call_nop}
  0x0000763a7bfffa94:   mov    0xb0(%rsp),%rax
  0x0000763a7bfffa9c:   movabs $0x763a380a7850,%rdx         ;   {metadata(method data for {method} {0x0000000034348810} &apos;unusableCP&apos; &apos;(I)Ljava/lang/classfile/constantpool/ConstantPoolException;&apos; in &apos;jdk/internal/classfile/impl/SplitConstantPool&apos;)}
  0x0000763a7bfffaa6:   mov    0x8(%rax),%eax
  0x0000763a7bfffaa9:   mov    $0x34000000,%r10d
  0x0000763a7bfffaaf:   add    %r10,%rax
  0x0000763a7bfffab2:   mov    $0x24,%r10d
  0x0000763a7bfffab8:   cmp    (%rdx,%r10,8),%rax
  0x0000763a7bfffabc:   je     0x0000763a7bfffafb
  0x0000763a7bfffabe:   add    $0x2,%r10
  0x0000763a7bfffac2:   cmp    $0x28,%r10
  0x0000763a7bfffac6:   jne    0x0000763a7bfffab8
  0x0000763a7bfffac8:   mov    $0x24,%r10d
  0x0000763a7bffface:   cmpq   $0x0,(%rdx,%r10,8)
  0x0000763a7bfffad3:   je     0x0000763a7bfffae1
  0x0000763a7bfffad5:   add    $0x2,%r10
  0x0000763a7bfffad9:   cmp    $0x28,%r10
  0x0000763a7bfffadd:   jne    0x0000763a7bffface
  0x0000763a7bfffadf:   jmp    0x0000763a7bfffaf3
  0x0000763a7bfffae1:   push   %rbx
  0x0000763a7bfffae2:   mov    %rax,%rbx
  0x0000763a7bfffae5:   xor    %rax,%rax
  0x0000763a7bfffae8:   cmpxchg %rbx,(%rdx,%r10,8)
  0x0000763a7bfffaed:   mov    %rbx,%rax
  0x0000763a7bfffaf0:   pop    %rbx
  0x0000763a7bfffaf1:   jmp    0x0000763a7bfffab2
  0x0000763a7bfffaf3:   mov    $0x23,%r10d
  0x0000763a7bfffaf9:   jmp    0x0000763a7bfffaff
  0x0000763a7bfffafb:   add    $0x1,%r10
  0x0000763a7bfffaff:   addq   $0x1,(%rdx,%r10,8)
  0x0000763a7bfffb04:   movabs $0x763a380a5950,%rdx         ;   {metadata(method data for {method} {0x00000000341bad78} &apos;append&apos; &apos;(I)Ljava/lang/StringBuilder;&apos; in &apos;java/lang/StringBuilder&apos;)}
  0x0000763a7bfffb0e:   mov    0x90(%rdx),%esi
  0x0000763a7bfffb14:   add    $0x2,%esi
  0x0000763a7bfffb17:   mov    %esi,0x90(%rdx)
  0x0000763a7bfffb1d:   and    $0x1ffffe,%esi
  0x0000763a7bfffb23:   test   %esi,%esi
  0x0000763a7bfffb25:   je     0x0000763a7c00004e
  0x0000763a7bfffb2b:   mov    0xb0(%rsp),%rax
  0x0000763a7bfffb33:   movabs $0x763a380a5950,%rdx         ;   {metadata(method data for {method} {0x00000000341bad78} &apos;append&apos; &apos;(I)Ljava/lang/StringBuilder;&apos; in &apos;java/lang/StringBuilder&apos;)}
  0x0000763a7bfffb3d:   addq   $0x1,0xd8(%rdx)
  0x0000763a7bfffb45:   mov    0x98(%rsp),%edx
  0x0000763a7bfffb4c:   mov    0xb0(%rsp),%rsi              ;*invokespecial append {reexecute=0 rethrow=0 return_oop=0}
                                                            ; - java.lang.StringBuilder::append@2 (line 253)
                                                            ; - jdk.internal.classfile.impl.SplitConstantPool::unusableCP@17 (line 104)
                                                            ; - jdk.internal.classfile.impl.SplitConstantPool::entryByIndex@53 (line 94)
  0x0000763a7bfffb54:   data16 xchg %ax,%ax
  0x0000763a7bfffb57:   call   0x0000763a834ad9e0           ; ImmutableOopMap {[176]=Oop [184]=Oop }
                                                            ;*invokespecial append {reexecute=0 rethrow=0 return_oop=0}
                                                            ; - java.lang.StringBuilder::append@2 (line 253)
                                                            ; - jdk.internal.classfile.impl.SplitConstantPool::unusableCP@17 (line 104)
                                                            ; - jdk.internal.classfile.impl.SplitConstantPool::entryByIndex@53 (line 94)
                                                            ;   {optimized virtual_call}
  0x0000763a7bfffb5c:   nopl   0x7000b54(%rax,%rax,1)       ;*invokespecial append {reexecute=0 rethrow=0 return_oop=0}
                                                            ; - java.lang.StringBuilder::append@2 (line 253)
                                                            ; - jdk.internal.classfile.impl.SplitConstantPool::unusableCP@17 (line 104)
                                                            ; - jdk.internal.classfile.impl.SplitConstantPool::entryByIndex@53 (line 94)
                                                            ;   {post_call_nop}
  0x0000763a7bfffb64:   mov    0xb0(%rsp),%rax
  0x0000763a7bfffb6c:   movabs $0x763a380a7850,%rdx         ;   {metadata(method data for {method} {0x0000000034348810} &apos;unusableCP&apos; &apos;(I)Ljava/lang/classfile/constantpool/ConstantPoolException;&apos; in &apos;jdk/internal/classfile/impl/SplitConstantPool&apos;)}
  0x0000763a7bfffb76:   mov    0x8(%rax),%eax
  0x0000763a7bfffb79:   mov    $0x34000000,%r10d
  0x0000763a7bfffb7f:   add    %r10,%rax
  0x0000763a7bfffb82:   mov    $0x2a,%r10d
  0x0000763a7bfffb88:   cmp    (%rdx,%r10,8),%rax
  0x0000763a7bfffb8c:   je     0x0000763a7bfffbcb
  0x0000763a7bfffb8e:   add    $0x2,%r10
  0x0000763a7bfffb92:   cmp    $0x2e,%r10
  0x0000763a7bfffb96:   jne    0x0000763a7bfffb88
  0x0000763a7bfffb98:   mov    $0x2a,%r10d
  0x0000763a7bfffb9e:   cmpq   $0x0,(%rdx,%r10,8)
  0x0000763a7bfffba3:   je     0x0000763a7bfffbb1
  0x0000763a7bfffba5:   add    $0x2,%r10
  0x0000763a7bfffba9:   cmp    $0x2e,%r10
  0x0000763a7bfffbad:   jne    0x0000763a7bfffb9e
  0x0000763a7bfffbaf:   jmp    0x0000763a7bfffbc3
  0x0000763a7bfffbb1:   push   %rbx
  0x0000763a7bfffbb2:   mov    %rax,%rbx
  0x0000763a7bfffbb5:   xor    %rax,%rax
  0x0000763a7bfffbb8:   cmpxchg %rbx,(%rdx,%r10,8)
  0x0000763a7bfffbbd:   mov    %rbx,%rax
  0x0000763a7bfffbc0:   pop    %rbx
  0x0000763a7bfffbc1:   jmp    0x0000763a7bfffb82
  0x0000763a7bfffbc3:   mov    $0x29,%r10d
  0x0000763a7bfffbc9:   jmp    0x0000763a7bfffbcf
  0x0000763a7bfffbcb:   add    $0x1,%r10
  0x0000763a7bfffbcf:   addq   $0x1,(%rdx,%r10,8)
  0x0000763a7bfffbd4:   movabs $0x763a380a5c10,%rdx         ;   {metadata(method data for {method} {0x00000000341b93a0} &apos;toString&apos; &apos;()Ljava/lang/String;&apos; in &apos;java/lang/StringBuilder&apos;)}
  0x0000763a7bfffbde:   mov    0x90(%rdx),%esi
  0x0000763a7bfffbe4:   add    $0x2,%esi
  0x0000763a7bfffbe7:   mov    %esi,0x90(%rdx)
  0x0000763a7bfffbed:   and    $0x1ffffe,%esi
  0x0000763a7bfffbf3:   test   %esi,%esi
  0x0000763a7bfffbf5:   je     0x0000763a7c00006f
  0x0000763a7bfffbfb:   mov    0xb0(%rsp),%rax
  0x0000763a7bfffc03:   movabs $0x763a380a5c10,%rdx         ;   {metadata(method data for {method} {0x00000000341b93a0} &apos;toString&apos; &apos;()Ljava/lang/String;&apos; in &apos;java/lang/StringBuilder&apos;)}
  0x0000763a7bfffc0d:   mov    0x8(%rax),%eax
  0x0000763a7bfffc10:   mov    $0x34000000,%r10d
  0x0000763a7bfffc16:   add    %r10,%rax
  0x0000763a7bfffc19:   mov    $0x1c,%r10d
  0x0000763a7bfffc1f:   cmp    (%rdx,%r10,8),%rax
  0x0000763a7bfffc23:   je     0x0000763a7bfffc62
  0x0000763a7bfffc25:   add    $0x2,%r10
  0x0000763a7bfffc29:   cmp    $0x20,%r10
  0x0000763a7bfffc2d:   jne    0x0000763a7bfffc1f
  0x0000763a7bfffc2f:   mov    $0x1c,%r10d
  0x0000763a7bfffc35:   cmpq   $0x0,(%rdx,%r10,8)
  0x0000763a7bfffc3a:   je     0x0000763a7bfffc48
  0x0000763a7bfffc3c:   add    $0x2,%r10
  0x0000763a7bfffc40:   cmp    $0x20,%r10
  0x0000763a7bfffc44:   jne    0x0000763a7bfffc35
  0x0000763a7bfffc46:   jmp    0x0000763a7bfffc5a
  0x0000763a7bfffc48:   push   %rbx
  0x0000763a7bfffc49:   mov    %rax,%rbx
  0x0000763a7bfffc4c:   xor    %rax,%rax
  0x0000763a7bfffc4f:   cmpxchg %rbx,(%rdx,%r10,8)
  0x0000763a7bfffc54:   mov    %rbx,%rax
  0x0000763a7bfffc57:   pop    %rbx
  0x0000763a7bfffc58:   jmp    0x0000763a7bfffc19
  0x0000763a7bfffc5a:   mov    $0x1b,%r10d
  0x0000763a7bfffc60:   jmp    0x0000763a7bfffc66
  0x0000763a7bfffc62:   add    $0x1,%r10
  0x0000763a7bfffc66:   addq   $0x1,(%rdx,%r10,8)
  0x0000763a7bfffc6b:   movabs $0x763a380a5d88,%rdx         ;   {metadata(method data for {method} {0x00000000341b94b8} &apos;length&apos; &apos;()I&apos; in &apos;java/lang/StringBuilder&apos;)}
  0x0000763a7bfffc75:   mov    0x90(%rdx),%esi
  0x0000763a7bfffc7b:   add    $0x2,%esi
  0x0000763a7bfffc7e:   mov    %esi,0x90(%rdx)
  0x0000763a7bfffc84:   and    $0x1ffffe,%esi
  0x0000763a7bfffc8a:   test   %esi,%esi
  0x0000763a7bfffc8c:   je     0x0000763a7c000090
  0x0000763a7bfffc92:   mov    0xb0(%rsp),%rax
  0x0000763a7bfffc9a:   movabs $0x763a380a5d88,%rdx         ;   {metadata(method data for {method} {0x00000000341b94b8} &apos;length&apos; &apos;()I&apos; in &apos;java/lang/StringBuilder&apos;)}
  0x0000763a7bfffca4:   addq   $0x1,0xd8(%rdx)
  0x0000763a7bfffcac:   mov    0xb0(%rsp),%rbx
  0x0000763a7bfffcb4:   mov    0xc(%rbx),%edx               ;*getfield count {reexecute=0 rethrow=0 return_oop=0}
                                                            ; - java.lang.AbstractStringBuilder::length@1 (line 199)
                                                            ; - java.lang.StringBuilder::length@1 (line 91)
                                                            ; - java.lang.StringBuilder::toString@1 (line 474)
                                                            ; - jdk.internal.classfile.impl.SplitConstantPool::unusableCP@20 (line 104)
                                                            ; - jdk.internal.classfile.impl.SplitConstantPool::entryByIndex@53 (line 94)
  0x0000763a7bfffcb7:   test   %edx,%edx
  0x0000763a7bfffcb9:   movabs $0x763a380a5c10,%rdx         ;   {metadata(method data for {method} {0x00000000341b93a0} &apos;toString&apos; &apos;()Ljava/lang/String;&apos; in &apos;java/lang/StringBuilder&apos;)}
  0x0000763a7bfffcc3:   mov    $0x108,%esi
  0x0000763a7bfffcc8:   jne    0x0000763a7bfffccf
  0x0000763a7bfffcca:   mov    $0x118,%esi
  0x0000763a7bfffccf:   mov    (%rdx,%rsi,1),%rdi
  0x0000763a7bfffcd3:   lea    0x1(%rdi),%rdi
  0x0000763a7bfffcd7:   mov    %rdi,(%rdx,%rsi,1)
  0x0000763a7bfffcdb:   jne    0x0000763a7bfffcf0           ;*ifne {reexecute=0 rethrow=0 return_oop=0}
                                                            ; - java.lang.StringBuilder::toString@4 (line 474)
                                                            ; - jdk.internal.classfile.impl.SplitConstantPool::unusableCP@20 (line 104)
                                                            ; - jdk.internal.classfile.impl.SplitConstantPool::entryByIndex@53 (line 94)
  0x0000763a7bfffce1:   movabs $0x7ff8044c8,%rsi            ;   {oop(&quot;&quot;{0x00000007ff8044c8})}
  0x0000763a7bfffceb:   jmp    0x0000763a7bfffd9c           ;*invokespecial &lt;init&gt; {reexecute=0 rethrow=0 return_oop=0}
                                                            ; - jdk.internal.classfile.impl.SplitConstantPool::unusableCP@23 (line 104)
                                                            ; - jdk.internal.classfile.impl.SplitConstantPool::entryByIndex@53 (line 94)
  0x0000763a7bfffcf0:   movabs $0x34178db8,%rdx             ;   {metadata(&apos;java/lang/String&apos;)}
  0x0000763a7bfffcfa:   mov    0x1b0(%r15),%rax
  0x0000763a7bfffd01:   lea    0x18(%rax),%rdi
  0x0000763a7bfffd05:   cmp    0x1c0(%r15),%rdi
  0x0000763a7bfffd0c:   ja     0x0000763a7c0000b1
  0x0000763a7bfffd12:   mov    %rdi,0x1b0(%r15)
  0x0000763a7bfffd19:   movq   $0x1,(%rax)
  0x0000763a7bfffd20:   mov    %rdx,%rcx
  0x0000763a7bfffd23:   mov    $0x34000000,%r10d
  0x0000763a7bfffd29:   sub    %r10,%rcx
  0x0000763a7bfffd2c:   mov    %ecx,0x8(%rax)
  0x0000763a7bfffd2f:   xor    %rcx,%rcx
  0x0000763a7bfffd32:   mov    %ecx,0xc(%rax)
  0x0000763a7bfffd35:   xor    %rcx,%rcx
  0x0000763a7bfffd38:   mov    %rcx,0x10(%rax)              ;*new {reexecute=0 rethrow=0 return_oop=0}
                                                            ; - java.lang.StringBuilder::toString@10 (line 478)
                                                            ; - jdk.internal.classfile.impl.SplitConstantPool::unusableCP@20 (line 104)
                                                            ; - jdk.internal.classfile.impl.SplitConstantPool::entryByIndex@53 (line 94)
  0x0000763a7bfffd3c:   mov    %rax,%rdx
  0x0000763a7bfffd3f:   movabs $0x763a380a5c10,%rcx         ;   {metadata(method data for {method} {0x00000000341b93a0} &apos;toString&apos; &apos;()Ljava/lang/String;&apos; in &apos;java/lang/StringBuilder&apos;)}
  0x0000763a7bfffd49:   addq   $0x1,0x128(%rcx)
  0x0000763a7bfffd51:   mov    %rbx,%rdx
  0x0000763a7bfffd54:   movabs $0x0,%rcx                    ;   {oop(nullptr)}
  0x0000763a7bfffd5e:   mov    %rax,%rsi                    ;*invokespecial &lt;init&gt; {reexecute=0 rethrow=0 return_oop=0}
                                                            ; - java.lang.StringBuilder::toString@16 (line 478)
                                                            ; - jdk.internal.classfile.impl.SplitConstantPool::unusableCP@20 (line 104)
                                                            ; - jdk.internal.classfile.impl.SplitConstantPool::entryByIndex@53 (line 94)
  0x0000763a7bfffd61:   mov    %rax,0xc0(%rsp)
  0x0000763a7bfffd69:   nopw   0x0(%rax,%rax,1)
  0x0000763a7bfffd6f:   call   0x0000763a834ad9e0           ; ImmutableOopMap {[184]=Oop [192]=Oop }
                                                            ;*invokespecial &lt;init&gt; {reexecute=0 rethrow=0 return_oop=0}
                                                            ; - java.lang.StringBuilder::toString@16 (line 478)
                                                            ; - jdk.internal.classfile.impl.SplitConstantPool::unusableCP@20 (line 104)
                                                            ; - jdk.internal.classfile.impl.SplitConstantPool::entryByIndex@53 (line 94)
                                                            ;   {optimized virtual_call}
  0x0000763a7bfffd74:   nopl   0x8000d6c(%rax,%rax,1)       ;*invokespecial &lt;init&gt; {reexecute=0 rethrow=0 return_oop=0}
                                                            ; - java.lang.StringBuilder::toString@16 (line 478)
                                                            ; - jdk.internal.classfile.impl.SplitConstantPool::unusableCP@20 (line 104)
                                                            ; - jdk.internal.classfile.impl.SplitConstantPool::entryByIndex@53 (line 94)
                                                            ;   {post_call_nop}
  0x0000763a7bfffd7c:   mov    0xc0(%rsp),%rsi
  0x0000763a7bfffd84:   jmp    0x0000763a7bfffd9c           ;*invokespecial &lt;init&gt; {reexecute=0 rethrow=0 return_oop=0}
                                                            ; - jdk.internal.classfile.impl.SplitConstantPool::unusableCP@23 (line 104)
                                                            ; - jdk.internal.classfile.impl.SplitConstantPool::entryByIndex@53 (line 94)
  0x0000763a7bfffd89:   add    $0xd0,%rsp
  0x0000763a7bfffd90:   pop    %rbp
  0x0000763a7bfffd91:   cmp    0x28(%r15),%rsp              ;   {poll_return}
  0x0000763a7bfffd95:   ja     0x0000763a7c0000be
  0x0000763a7bfffd9b:   ret                                 ;*areturn {reexecute=0 rethrow=0 return_oop=0}
                                                            ; - jdk.internal.classfile.impl.SplitConstantPool::entryByIndex@58 (line 96)
  0x0000763a7bfffd9c:   mov    0xb8(%rsp),%rax
  0x0000763a7bfffda4:   movabs $0x763a380a7850,%rdx         ;   {metadata(method data for {method} {0x0000000034348810} &apos;unusableCP&apos; &apos;(I)Ljava/lang/classfile/constantpool/ConstantPoolException;&apos; in &apos;jdk/internal/classfile/impl/SplitConstantPool&apos;)}
  0x0000763a7bfffdae:   addq   $0x1,0x178(%rdx)
  0x0000763a7bfffdb6:   mov    %rsi,%rdx
  0x0000763a7bfffdb9:   mov    0xb8(%rsp),%rsi              ;*invokespecial &lt;init&gt; {reexecute=0 rethrow=0 return_oop=0}
                                                            ; - jdk.internal.classfile.impl.SplitConstantPool::unusableCP@23 (line 104)
                                                            ; - jdk.internal.classfile.impl.SplitConstantPool::entryByIndex@53 (line 94)
  0x0000763a7bfffdc1:   nopw   0x0(%rax,%rax,1)
  0x0000763a7bfffdc7:   call   0x0000763a834ad9e0           ; ImmutableOopMap {[184]=Oop }
                                                            ;*invokespecial &lt;init&gt; {reexecute=0 rethrow=0 return_oop=0}
                                                            ; - jdk.internal.classfile.impl.SplitConstantPool::unusableCP@23 (line 104)
                                                            ; - jdk.internal.classfile.impl.SplitConstantPool::entryByIndex@53 (line 94)
                                                            ;   {optimized virtual_call}
  0x0000763a7bfffdcc:   nopl   0x9000dc4(%rax,%rax,1)       ;*invokespecial &lt;init&gt; {reexecute=0 rethrow=0 return_oop=0}
                                                            ; - jdk.internal.classfile.impl.SplitConstantPool::unusableCP@23 (line 104)
                                                            ; - jdk.internal.classfile.impl.SplitConstantPool::entryByIndex@53 (line 94)
                                                            ;   {post_call_nop}
  0x0000763a7bfffdd4:   mov    0xb8(%rsp),%rax
  0x0000763a7bfffddc:   jmp    0x0000763a7c0000f1           ;*athrow {reexecute=0 rethrow=0 return_oop=0}
                                                            ; - jdk.internal.classfile.impl.SplitConstantPool::entryByIndex@56 (line 94)
  0x0000763a7bfffde1:   mov    0xa0(%rsp),%rax
  0x0000763a7bfffde9:   movabs $0x763a380a7a18,%rdx         ;   {metadata(method data for {method} {0x00000000343487b8} &apos;badCP&apos; &apos;(I)Ljava/lang/classfile/constantpool/ConstantPoolException;&apos; in &apos;jdk/internal/classfile/impl/SplitConstantPool&apos;)}
  0x0000763a7bfffdf3:   addq   $0x1,0x178(%rdx)
  0x0000763a7bfffdfb:   mov    %rsi,%rdx
  0x0000763a7bfffdfe:   mov    0xa0(%rsp),%rsi              ;*invokespecial &lt;init&gt; {reexecute=0 rethrow=0 return_oop=0}
                                                            ; - jdk.internal.classfile.impl.SplitConstantPool::badCP@23 (line 100)
                                                            ; - jdk.internal.classfile.impl.SplitConstantPool::entryByIndex@13 (line 88)
  0x0000763a7bfffe06:   nop
  0x0000763a7bfffe07:   call   0x0000763a834ad9e0           ; ImmutableOopMap {[160]=Oop }
                                                            ;*invokespecial &lt;init&gt; {reexecute=0 rethrow=0 return_oop=0}
                                                            ; - jdk.internal.classfile.impl.SplitConstantPool::badCP@23 (line 100)
                                                            ; - jdk.internal.classfile.impl.SplitConstantPool::entryByIndex@13 (line 88)
                                                            ;   {optimized virtual_call}
  0x0000763a7bfffe0c:   nopl   0xa000e04(%rax,%rax,1)       ;*invokespecial &lt;init&gt; {reexecute=0 rethrow=0 return_oop=0}
                                                            ; - jdk.internal.classfile.impl.SplitConstantPool::badCP@23 (line 100)
                                                            ; - jdk.internal.classfile.impl.SplitConstantPool::entryByIndex@13 (line 88)
                                                            ;   {post_call_nop}
  0x0000763a7bfffe14:   mov    0xa0(%rsp),%rax
  0x0000763a7bfffe1c:   jmp    0x0000763a7c0000f1
  0x0000763a7bfffe21:   movabs $0x34348600,%r10             ;   {metadata({method} {0x0000000034348600} &apos;entryByIndex&apos; &apos;(I)Ljava/lang/classfile/constantpool/PoolEntry;&apos; in &apos;jdk/internal/classfile/impl/SplitConstantPool&apos;)}
  0x0000763a7bfffe2b:   mov    %r10,0x8(%rsp)
  0x0000763a7bfffe30:   movq   $0xffffffffffffffff,(%rsp)
  0x0000763a7bfffe38:   call   0x0000763a83582fe0           ; ImmutableOopMap {rsi=Oop }
                                                            ;*synchronization entry
                                                            ; - jdk.internal.classfile.impl.SplitConstantPool::entryByIndex@-1 (line 87)
                                                            ;   {runtime_call counter_overflow_blob (C1 runtime)}
  0x0000763a7bfffe3d:   jmp    0x0000763a7bfff16d
  0x0000763a7bfffe42:   movabs $0x343487b8,%r10             ;   {metadata({method} {0x00000000343487b8} &apos;badCP&apos; &apos;(I)Ljava/lang/classfile/constantpool/ConstantPoolException;&apos; in &apos;jdk/internal/classfile/impl/SplitConstantPool&apos;)}
  0x0000763a7bfffe4c:   mov    %r10,0x8(%rsp)
  0x0000763a7bfffe51:   movq   $0xffffffffffffffff,(%rsp)
  0x0000763a7bfffe59:   call   0x0000763a83582fe0           ; ImmutableOopMap {}
                                                            ;*synchronization entry
                                                            ; - jdk.internal.classfile.impl.SplitConstantPool::badCP@-1 (line 100)
                                                            ; - jdk.internal.classfile.impl.SplitConstantPool::entryByIndex@13 (line 88)
                                                            ;   {runtime_call counter_overflow_blob (C1 runtime)}
  0x0000763a7bfffe5e:   jmp    0x0000763a7bfff268
  0x0000763a7bfffe63:   movabs $0x0,%rdx                    ;   {metadata(nullptr)}
  0x0000763a7bfffe6d:   mov    $0xa050f00,%eax
  0x0000763a7bfffe72:   call   0x0000763a835820e0           ; ImmutableOopMap {}
                                                            ;*new {reexecute=1 rethrow=0 return_oop=0}
                                                            ; - (reexecute) jdk.internal.classfile.impl.SplitConstantPool::badCP@0 (line 100)
                                                            ; - jdk.internal.classfile.impl.SplitConstantPool::entryByIndex@13 (line 88)
                                                            ;   {runtime_call load_klass_patching_blob (C1 runtime)}
  0x0000763a7bfffe77:   jmp    0x0000763a7bfff268
  0x0000763a7bfffe7c:   mov    %rdx,%rdx
  0x0000763a7bfffe7f:   call   0x0000763a8357d0e0           ; ImmutableOopMap {}
                                                            ;*new {reexecute=0 rethrow=0 return_oop=0}
                                                            ; - jdk.internal.classfile.impl.SplitConstantPool::badCP@0 (line 100)
                                                            ; - jdk.internal.classfile.impl.SplitConstantPool::entryByIndex@13 (line 88)
                                                            ;   {runtime_call new_instance_blob (C1 runtime)}
  0x0000763a7bfffe84:   jmp    0x0000763a7bfff277
  0x0000763a7bfffe89:   movabs $0x0,%rdx                    ;   {metadata(nullptr)}
  0x0000763a7bfffe93:   mov    $0xa050f00,%eax
  0x0000763a7bfffe98:   call   0x0000763a835820e0           ; ImmutableOopMap {rax=Oop }
                                                            ;*new {reexecute=1 rethrow=0 return_oop=0}
                                                            ; - (reexecute) jdk.internal.classfile.impl.SplitConstantPool::badCP@4 (line 100)
                                                            ; - jdk.internal.classfile.impl.SplitConstantPool::entryByIndex@13 (line 88)
                                                            ;   {runtime_call load_klass_patching_blob (C1 runtime)}
  0x0000763a7bfffe9d:   jmp    0x0000763a7bfff278
  0x0000763a7bfffea2:   mov    %rdx,%rdx
  0x0000763a7bfffea5:   call   0x0000763a8357d3e0           ; ImmutableOopMap {[160]=Oop }
                                                            ;*new {reexecute=0 rethrow=0 return_oop=0}
                                                            ; - jdk.internal.classfile.impl.SplitConstantPool::badCP@4 (line 100)
                                                            ; - jdk.internal.classfile.impl.SplitConstantPool::entryByIndex@13 (line 88)
                                                            ;   {runtime_call fast_new_instance_blob (C1 runtime)}
  0x0000763a7bfffeaa:   jmp    0x0000763a7bfff2cc
  0x0000763a7bfffeaf:   movabs $0x341ba900,%r10             ;   {metadata({method} {0x00000000341ba900} &apos;&lt;init&gt;&apos; &apos;()V&apos; in &apos;java/lang/StringBuilder&apos;)}
  0x0000763a7bfffeb9:   mov    %r10,0x8(%rsp)
  0x0000763a7bfffebe:   movq   $0xffffffffffffffff,(%rsp)
  0x0000763a7bfffec6:   call   0x0000763a83582fe0           ; ImmutableOopMap {rax=Oop [160]=Oop }
                                                            ;*synchronization entry
                                                            ; - java.lang.StringBuilder::&lt;init&gt;@-1 (line 106)
                                                            ; - jdk.internal.classfile.impl.SplitConstantPool::badCP@8 (line 100)
                                                            ; - jdk.internal.classfile.impl.SplitConstantPool::entryByIndex@13 (line 88)
                                                            ;   {runtime_call counter_overflow_blob (C1 runtime)}
  0x0000763a7bfffecb:   jmp    0x0000763a7bfff308
  0x0000763a7bfffed0:   movabs $0x341bab10,%r10             ;   {metadata({method} {0x00000000341bab10} &apos;append&apos; &apos;(Ljava/lang/String;)Ljava/lang/StringBuilder;&apos; in &apos;java/lang/StringBuilder&apos;)}
  0x0000763a7bfffeda:   mov    %r10,0x8(%rsp)
  0x0000763a7bfffedf:   movq   $0xffffffffffffffff,(%rsp)
  0x0000763a7bfffee7:   call   0x0000763a83582fe0           ; ImmutableOopMap {[144]=Oop [160]=Oop }
                                                            ;*synchronization entry
                                                            ; - java.lang.StringBuilder::append@-1 (line 179)
                                                            ; - jdk.internal.classfile.impl.SplitConstantPool::badCP@13 (line 100)
                                                            ; - jdk.internal.classfile.impl.SplitConstantPool::entryByIndex@13 (line 88)
                                                            ;   {runtime_call counter_overflow_blob (C1 runtime)}
  0x0000763a7bfffeec:   jmp    0x0000763a7bfff3d3
  0x0000763a7bfffef1:   movabs $0x341bad78,%r10             ;   {metadata({method} {0x00000000341bad78} &apos;append&apos; &apos;(I)Ljava/lang/StringBuilder;&apos; in &apos;java/lang/StringBuilder&apos;)}
  0x0000763a7bfffefb:   mov    %r10,0x8(%rsp)
  0x0000763a7bffff00:   movq   $0xffffffffffffffff,(%rsp)
  0x0000763a7bffff08:   call   0x0000763a83582fe0           ; ImmutableOopMap {[144]=Oop [160]=Oop }
                                                            ;*synchronization entry
                                                            ; - java.lang.StringBuilder::append@-1 (line 253)
                                                            ; - jdk.internal.classfile.impl.SplitConstantPool::badCP@17 (line 100)
                                                            ; - jdk.internal.classfile.impl.SplitConstantPool::entryByIndex@13 (line 88)
                                                            ;   {runtime_call counter_overflow_blob (C1 runtime)}
  0x0000763a7bffff0d:   jmp    0x0000763a7bfff4a3
  0x0000763a7bffff12:   movabs $0x341b93a0,%r10             ;   {metadata({method} {0x00000000341b93a0} &apos;toString&apos; &apos;()Ljava/lang/String;&apos; in &apos;java/lang/StringBuilder&apos;)}
  0x0000763a7bffff1c:   mov    %r10,0x8(%rsp)
  0x0000763a7bffff21:   movq   $0xffffffffffffffff,(%rsp)
  0x0000763a7bffff29:   call   0x0000763a83582fe0           ; ImmutableOopMap {[144]=Oop [160]=Oop }
                                                            ;*synchronization entry
                                                            ; - java.lang.StringBuilder::toString@-1 (line 474)
                                                            ; - jdk.internal.classfile.impl.SplitConstantPool::badCP@20 (line 100)
                                                            ; - jdk.internal.classfile.impl.SplitConstantPool::entryByIndex@13 (line 88)
                                                            ;   {runtime_call counter_overflow_blob (C1 runtime)}
  0x0000763a7bffff2e:   jmp    0x0000763a7bfff573
  0x0000763a7bffff33:   movabs $0x341b94b8,%r10             ;   {metadata({method} {0x00000000341b94b8} &apos;length&apos; &apos;()I&apos; in &apos;java/lang/StringBuilder&apos;)}
  0x0000763a7bffff3d:   mov    %r10,0x8(%rsp)
  0x0000763a7bffff42:   movq   $0xffffffffffffffff,(%rsp)
  0x0000763a7bffff4a:   call   0x0000763a83582fe0           ; ImmutableOopMap {[144]=Oop [160]=Oop }
                                                            ;*synchronization entry
                                                            ; - java.lang.StringBuilder::length@-1 (line 91)
                                                            ; - java.lang.StringBuilder::toString@1 (line 474)
                                                            ; - jdk.internal.classfile.impl.SplitConstantPool::badCP@20 (line 100)
                                                            ; - jdk.internal.classfile.impl.SplitConstantPool::entryByIndex@13 (line 88)
                                                            ;   {runtime_call counter_overflow_blob (C1 runtime)}
  0x0000763a7bffff4f:   jmp    0x0000763a7bfff60a
  0x0000763a7bffff54:   mov    %rdx,%rdx
  0x0000763a7bffff57:   call   0x0000763a8357d3e0           ; ImmutableOopMap {rbx=Oop [160]=Oop }
                                                            ;*new {reexecute=0 rethrow=0 return_oop=0}
                                                            ; - java.lang.StringBuilder::toString@10 (line 478)
                                                            ; - jdk.internal.classfile.impl.SplitConstantPool::badCP@20 (line 100)
                                                            ; - jdk.internal.classfile.impl.SplitConstantPool::entryByIndex@13 (line 88)
                                                            ;   {runtime_call fast_new_instance_blob (C1 runtime)}
  0x0000763a7bffff5c:   jmp    0x0000763a7bfff6b4
  0x0000763a7bffff61:   call   0x0000763a8357cae0           ; ImmutableOopMap {rsi=Oop }
                                                            ;*invokevirtual entryByIndex {reexecute=0 rethrow=0 return_oop=0}
                                                            ; - jdk.internal.classfile.impl.SplitConstantPool::entryByIndex@30 (line 91)
                                                            ;   {runtime_call throw_null_pointer_exception_blob (C1 runtime)}
  0x0000763a7bffff66:   movabs $0x34346450,%r10             ;   {metadata({method} {0x0000000034346450} &apos;entryByIndex&apos; &apos;(I)Ljava/lang/classfile/constantpool/PoolEntry;&apos; in &apos;jdk/internal/classfile/impl/ClassReaderImpl&apos;)}
  0x0000763a7bffff70:   mov    %r10,0x8(%rsp)
  0x0000763a7bffff75:   movq   $0xffffffffffffffff,(%rsp)
  0x0000763a7bffff7d:   call   0x0000763a83582fe0           ; ImmutableOopMap {rsi=Oop }
                                                            ;*synchronization entry
                                                            ; - jdk.internal.classfile.impl.ClassReaderImpl::entryByIndex@-1 (line 329)
                                                            ; - jdk.internal.classfile.impl.SplitConstantPool::entryByIndex@30 (line 91)
                                                            ;   {runtime_call counter_overflow_blob (C1 runtime)}
  0x0000763a7bffff82:   jmp    0x0000763a7bfff7c4
  0x0000763a7bffff87:   call   0x0000763a8357cae0           ; ImmutableOopMap {rdx=Oop }
                                                            ;*aaload {reexecute=0 rethrow=0 return_oop=0}
                                                            ; - jdk.internal.classfile.impl.SplitConstantPool::entryByIndex@46 (line 92)
                                                            ;   {runtime_call throw_null_pointer_exception_blob (C1 runtime)}
  0x0000763a7bffff8c:   call   0x0000763a8357cae0           ; ImmutableOopMap {rdx=Oop }
                                                            ;*aaload {reexecute=0 rethrow=0 return_oop=0}
                                                            ; - jdk.internal.classfile.impl.SplitConstantPool::entryByIndex@46 (line 92)
                                                            ;   {runtime_call throw_null_pointer_exception_blob (C1 runtime)}
  0x0000763a7bffff91:   mov    %rax,(%rsp)
  0x0000763a7bffff95:   mov    %rdx,0x8(%rsp)
  0x0000763a7bffff9a:   call   0x0000763a8357bd60           ; ImmutableOopMap {rdx=Oop }
                                                            ;*aaload {reexecute=0 rethrow=0 return_oop=0}
                                                            ; - jdk.internal.classfile.impl.SplitConstantPool::entryByIndex@46 (line 92)
                                                            ;   {runtime_call throw_range_check_failed_blob (C1 runtime)}
  0x0000763a7bffff9f:   movabs $0x34348810,%r10             ;   {metadata({method} {0x0000000034348810} &apos;unusableCP&apos; &apos;(I)Ljava/lang/classfile/constantpool/ConstantPoolException;&apos; in &apos;jdk/internal/classfile/impl/SplitConstantPool&apos;)}
  0x0000763a7bffffa9:   mov    %r10,0x8(%rsp)
  0x0000763a7bffffae:   movq   $0xffffffffffffffff,(%rsp)
  0x0000763a7bffffb6:   call   0x0000763a83582fe0           ; ImmutableOopMap {}
                                                            ;*synchronization entry
                                                            ; - jdk.internal.classfile.impl.SplitConstantPool::unusableCP@-1 (line 104)
                                                            ; - jdk.internal.classfile.impl.SplitConstantPool::entryByIndex@53 (line 94)
                                                            ;   {runtime_call counter_overflow_blob (C1 runtime)}
  0x0000763a7bffffbb:   jmp    0x0000763a7bfff8ec
  0x0000763a7bffffc0:   movabs $0x0,%rdx                    ;   {metadata(nullptr)}
  0x0000763a7bffffca:   mov    $0xa050f00,%eax
  0x0000763a7bffffcf:   call   0x0000763a835820e0           ; ImmutableOopMap {}
                                                            ;*new {reexecute=1 rethrow=0 return_oop=0}
                                                            ; - (reexecute) jdk.internal.classfile.impl.SplitConstantPool::unusableCP@0 (line 104)
                                                            ; - jdk.internal.classfile.impl.SplitConstantPool::entryByIndex@53 (line 94)
                                                            ;   {runtime_call load_klass_patching_blob (C1 runtime)}
  0x0000763a7bffffd4:   jmp    0x0000763a7bfff8f0
  0x0000763a7bffffd9:   mov    %rdx,%rdx
  0x0000763a7bffffdc:   call   0x0000763a8357d0e0           ; ImmutableOopMap {}
                                                            ;*new {reexecute=0 rethrow=0 return_oop=0}
                                                            ; - jdk.internal.classfile.impl.SplitConstantPool::unusableCP@0 (line 104)
                                                            ; - jdk.internal.classfile.impl.SplitConstantPool::entryByIndex@53 (line 94)
                                                            ;   {runtime_call new_instance_blob (C1 runtime)}
  0x0000763a7bffffe1:   jmp    0x0000763a7bfff8ff
  0x0000763a7bffffe6:   movabs $0x0,%rdx                    ;   {metadata(nullptr)}
  0x0000763a7bfffff0:   mov    $0xa050f00,%eax
  0x0000763a7bfffff5:   call   0x0000763a835820e0           ; ImmutableOopMap {rax=Oop }
                                                            ;*new {reexecute=1 rethrow=0 return_oop=0}
                                                            ; - (reexecute) jdk.internal.classfile.impl.SplitConstantPool::unusableCP@4 (line 104)
                                                            ; - jdk.internal.classfile.impl.SplitConstantPool::entryByIndex@53 (line 94)
                                                            ;   {runtime_call load_klass_patching_blob (C1 runtime)}
  0x0000763a7bfffffa:   jmp    0x0000763a7bfff900
  0x0000763a7bffffff:   mov    %rdx,%rdx
  0x0000763a7c000002:   call   0x0000763a8357d3e0           ; ImmutableOopMap {[184]=Oop }
                                                            ;*new {reexecute=0 rethrow=0 return_oop=0}
                                                            ; - jdk.internal.classfile.impl.SplitConstantPool::unusableCP@4 (line 104)
                                                            ; - jdk.internal.classfile.impl.SplitConstantPool::entryByIndex@53 (line 94)
                                                            ;   {runtime_call fast_new_instance_blob (C1 runtime)}
  0x0000763a7c000007:   jmp    0x0000763a7bfff954
  0x0000763a7c00000c:   movabs $0x341ba900,%r10             ;   {metadata({method} {0x00000000341ba900} &apos;&lt;init&gt;&apos; &apos;()V&apos; in &apos;java/lang/StringBuilder&apos;)}
  0x0000763a7c000016:   mov    %r10,0x8(%rsp)
  0x0000763a7c00001b:   movq   $0xffffffffffffffff,(%rsp)
  0x0000763a7c000023:   call   0x0000763a83582fe0           ; ImmutableOopMap {rax=Oop [184]=Oop }
                                                            ;*synchronization entry
                                                            ; - java.lang.StringBuilder::&lt;init&gt;@-1 (line 106)
                                                            ; - jdk.internal.classfile.impl.SplitConstantPool::unusableCP@8 (line 104)
                                                            ; - jdk.internal.classfile.impl.SplitConstantPool::entryByIndex@53 (line 94)
                                                            ;   {runtime_call counter_overflow_blob (C1 runtime)}
  0x0000763a7c000028:   jmp    0x0000763a7bfff990
  0x0000763a7c00002d:   movabs $0x341bab10,%r10             ;   {metadata({method} {0x00000000341bab10} &apos;append&apos; &apos;(Ljava/lang/String;)Ljava/lang/StringBuilder;&apos; in &apos;java/lang/StringBuilder&apos;)}
  0x0000763a7c000037:   mov    %r10,0x8(%rsp)
  0x0000763a7c00003c:   movq   $0xffffffffffffffff,(%rsp)
  0x0000763a7c000044:   call   0x0000763a83582fe0           ; ImmutableOopMap {[176]=Oop [184]=Oop }
                                                            ;*synchronization entry
                                                            ; - java.lang.StringBuilder::append@-1 (line 179)
                                                            ; - jdk.internal.classfile.impl.SplitConstantPool::unusableCP@13 (line 104)
                                                            ; - jdk.internal.classfile.impl.SplitConstantPool::entryByIndex@53 (line 94)
                                                            ;   {runtime_call counter_overflow_blob (C1 runtime)}
  0x0000763a7c000049:   jmp    0x0000763a7bfffa5b
  0x0000763a7c00004e:   movabs $0x341bad78,%r10             ;   {metadata({method} {0x00000000341bad78} &apos;append&apos; &apos;(I)Ljava/lang/StringBuilder;&apos; in &apos;java/lang/StringBuilder&apos;)}
  0x0000763a7c000058:   mov    %r10,0x8(%rsp)
  0x0000763a7c00005d:   movq   $0xffffffffffffffff,(%rsp)
  0x0000763a7c000065:   call   0x0000763a83582fe0           ; ImmutableOopMap {[176]=Oop [184]=Oop }
                                                            ;*synchronization entry
                                                            ; - java.lang.StringBuilder::append@-1 (line 253)
                                                            ; - jdk.internal.classfile.impl.SplitConstantPool::unusableCP@17 (line 104)
                                                            ; - jdk.internal.classfile.impl.SplitConstantPool::entryByIndex@53 (line 94)
                                                            ;   {runtime_call counter_overflow_blob (C1 runtime)}
  0x0000763a7c00006a:   jmp    0x0000763a7bfffb2b
  0x0000763a7c00006f:   movabs $0x341b93a0,%r10             ;   {metadata({method} {0x00000000341b93a0} &apos;toString&apos; &apos;()Ljava/lang/String;&apos; in &apos;java/lang/StringBuilder&apos;)}
  0x0000763a7c000079:   mov    %r10,0x8(%rsp)
  0x0000763a7c00007e:   movq   $0xffffffffffffffff,(%rsp)
  0x0000763a7c000086:   call   0x0000763a83582fe0           ; ImmutableOopMap {[176]=Oop [184]=Oop }
                                                            ;*synchronization entry
                                                            ; - java.lang.StringBuilder::toString@-1 (line 474)
                                                            ; - jdk.internal.classfile.impl.SplitConstantPool::unusableCP@20 (line 104)
                                                            ; - jdk.internal.classfile.impl.SplitConstantPool::entryByIndex@53 (line 94)
                                                            ;   {runtime_call counter_overflow_blob (C1 runtime)}
  0x0000763a7c00008b:   jmp    0x0000763a7bfffbfb
  0x0000763a7c000090:   movabs $0x341b94b8,%r10             ;   {metadata({method} {0x00000000341b94b8} &apos;length&apos; &apos;()I&apos; in &apos;java/lang/StringBuilder&apos;)}
  0x0000763a7c00009a:   mov    %r10,0x8(%rsp)
  0x0000763a7c00009f:   movq   $0xffffffffffffffff,(%rsp)
  0x0000763a7c0000a7:   call   0x0000763a83582fe0           ; ImmutableOopMap {[176]=Oop [184]=Oop }
                                                            ;*synchronization entry
                                                            ; - java.lang.StringBuilder::length@-1 (line 91)
                                                            ; - java.lang.StringBuilder::toString@1 (line 474)
                                                            ; - jdk.internal.classfile.impl.SplitConstantPool::unusableCP@20 (line 104)
                                                            ; - jdk.internal.classfile.impl.SplitConstantPool::entryByIndex@53 (line 94)
                                                            ;   {runtime_call counter_overflow_blob (C1 runtime)}
  0x0000763a7c0000ac:   jmp    0x0000763a7bfffc92
  0x0000763a7c0000b1:   mov    %rdx,%rdx
  0x0000763a7c0000b4:   call   0x0000763a8357d3e0           ; ImmutableOopMap {rbx=Oop [184]=Oop }
                                                            ;*new {reexecute=0 rethrow=0 return_oop=0}
                                                            ; - java.lang.StringBuilder::toString@10 (line 478)
                                                            ; - jdk.internal.classfile.impl.SplitConstantPool::unusableCP@20 (line 104)
                                                            ; - jdk.internal.classfile.impl.SplitConstantPool::entryByIndex@53 (line 94)
                                                            ;   {runtime_call fast_new_instance_blob (C1 runtime)}
  0x0000763a7c0000b9:   jmp    0x0000763a7bfffd3c
  0x0000763a7c0000be:   movabs $0x763a7bfffd91,%r10         ;   {internal_word}
  0x0000763a7c0000c8:   mov    %r10,0x510(%r15)
  0x0000763a7c0000cf:   jmp    0x0000763a834afb60           ;   {runtime_call SafepointBlob}
  0x0000763a7c0000d4:   mov    0x5c0(%r15),%rax
  0x0000763a7c0000db:   movq   $0x0,0x5c0(%r15)
  0x0000763a7c0000e6:   movq   $0x0,0x5c8(%r15)
  0x0000763a7c0000f1:   add    $0xd0,%rsp
  0x0000763a7c0000f8:   pop    %rbp
  0x0000763a7c0000f9:   jmp    0x0000763a8357b760           ;   {runtime_call unwind_exception_blob (C1 runtime)}
  0x0000763a7c0000fe:   hlt    
  0x0000763a7c0000ff:   hlt    
[Stub Code]
  0x0000763a7c000100:   nopl   0x0(%rax,%rax,1)             ;   {other}
  0x0000763a7c000105:   movabs $0x0,%rbx                    ;   {static_stub}
  0x0000763a7c00010f:   jmp    0x0000763a7c00010f           ;   {runtime_call nmethod}
  0x0000763a7c000114:   nop
  0x0000763a7c000115:   movabs $0x0,%rbx                    ;   {static_stub}
  0x0000763a7c00011f:   jmp    0x0000763a7c00011f           ;   {runtime_call nmethod}
  0x0000763a7c000124:   nop
  0x0000763a7c000125:   movabs $0x0,%rbx                    ;   {static_stub}
  0x0000763a7c00012f:   jmp    0x0000763a7c00012f           ;   {runtime_call nmethod}
  0x0000763a7c000134:   nop
  0x0000763a7c000135:   movabs $0x0,%rbx                    ;   {static_stub}
  0x0000763a7c00013f:   jmp    0x0000763a7c00013f           ;   {runtime_call nmethod}
  0x0000763a7c000144:   nop
  0x0000763a7c000145:   movabs $0x0,%rbx                    ;   {static_stub}
  0x0000763a7c00014f:   jmp    0x0000763a7c00014f           ;   {runtime_call nmethod}
  0x0000763a7c000154:   nop
  0x0000763a7c000155:   movabs $0x0,%rbx                    ;   {static_stub}
  0x0000763a7c00015f:   jmp    0x0000763a7c00015f           ;   {runtime_call nmethod}
  0x0000763a7c000164:   movabs $0x0,%rbx                    ;   {static_stub}
  0x0000763a7c00016e:   jmp    0x0000763a7c00016e           ;   {runtime_call nmethod}
  0x0000763a7c000173:   movabs $0x0,%rbx                    ;   {static_stub}
  0x0000763a7c00017d:   jmp    0x0000763a7c00017d           ;   {runtime_call nmethod}
  0x0000763a7c000182:   movabs $0x0,%rbx                    ;   {static_stub}
  0x0000763a7c00018c:   jmp    0x0000763a7c00018c           ;   {runtime_call nmethod}
[Exception Handler]
  0x0000763a7c000191:   call   0x0000763a8357f2e0           ;   {runtime_call handle_exception_from_callee_blob (C1 runtime)}
  0x0000763a7c000196:   movabs $0x763a9d13aec4,%rdi         ;   {external_word}
  0x0000763a7c0001a0:   and    $0xfffffffffffffff0,%rsp
  0x0000763a7c0001a4:   call   0x0000763a9cb91cc0           ;   {runtime_call MacroAssembler::debug64(char*, long, long*)}
  0x0000763a7c0001a9:   hlt    
  0x0000763a7c0001aa:   call   0x0000763a834afe60           ;   {runtime_call DeoptimizationBlob}
[Deopt Handler Entry Point]
  0x0000763a7c0001af:   jmp    0x0000763a7c0001aa
  0x0000763a7c0001b1:   hlt    
  0x0000763a7c0001b2:   hlt    
  0x0000763a7c0001b3:   hlt    
  0x0000763a7c0001b4:   hlt    
  0x0000763a7c0001b5:   hlt    
  0x0000763a7c0001b6:   hlt    
  0x0000763a7c0001b7:   hlt    
--------------------------------------------------------------------------------
[/Disassembly]
