
============================= C1-compiled nmethod ==============================
----------------------------------- Assembly -----------------------------------

Compiled method (c1) 348   24       3       java.lang.StringCoding::countNonZeroAsciiLatin1 (33 bytes)
 total in heap  [0x000070729ffff008,0x000070729ffff2f8] = 752
 main code      [0x000070729ffff100,0x000070729ffff2d8] = 472
 stub code      [0x000070729ffff2d8,0x000070729ffff2f8] = 32
 mutable data [0x0000707248014c70,0x0000707248014cb8] = 72
 relocation     [0x0000707248014c70,0x0000707248014cb0] = 64
 metadata       [0x0000707248014cb0,0x0000707248014cb8] = 8
 immutable data [0x00007072480011f0,0x000070724800137c] = 396
 dependencies   [0x00007072480011f0,0x00007072480011f8] = 8
 nul chk table  [0x00007072480011f8,0x0000707248001210] = 24
 scopes pcs     [0x0000707248001210,0x0000707248001310] = 256
 scopes data    [0x0000707248001310,0x0000707248001378] = 104

[Disassembly]
--------------------------------------------------------------------------------
[Constant Pool (empty)]

--------------------------------------------------------------------------------

[Verified Entry Point]
  # {method} {0x00000000771d8e28} &apos;countNonZeroAsciiLatin1&apos; &apos;([BII)I&apos; in &apos;java/lang/StringCoding&apos;
  # parm0:    rsi:rsi   = &apos;[B&apos;
  # parm1:    rdx       = int
  # parm2:    rcx       = int
  #           [sp+0x30]  (sp of caller)
  0x000070729ffff100:   mov    %eax,-0x14000(%rsp)
  0x000070729ffff107:   push   %rbp
  0x000070729ffff108:   sub    $0x20,%rsp
  0x000070729ffff10c:   cmpl   $0x1,0x20(%r15)
  0x000070729ffff114:   je     0x000070729ffff11b
  0x000070729ffff116:   call   Stub::method_entry_barrier_stub (stub gen)
                                                            ;   {runtime_call Stub::method_entry_barrier_stub (stub gen)}
  0x000070729ffff11b:   movabs $0x7072580a42d0,%rax         ;   {metadata(method data for {method} {0x00000000771d8e28} &apos;countNonZeroAsciiLatin1&apos; &apos;([BII)I&apos; in &apos;java/lang/StringCoding&apos;)}
  0x000070729ffff125:   mov    0x90(%rax),%edi
  0x000070729ffff12b:   add    $0x2,%edi
  0x000070729ffff12e:   mov    %edi,0x90(%rax)
  0x000070729ffff134:   and    $0x7fe,%edi
  0x000070729ffff13a:   test   %edi,%edi
  0x000070729ffff13c:   je     0x000070729ffff22b           ;*iload_1 {reexecute=0 rethrow=0 return_oop=0}
                                                            ; - java.lang.StringCoding::countNonZeroAsciiLatin1@0 (line 54)
  0x000070729ffff142:   mov    %rcx,%rax
  0x000070729ffff145:   add    %edx,%eax
  0x000070729ffff147:   mov    %rdx,%rdi
  0x000070729ffff14a:   jmp    0x000070729ffff1d2           ;*iload {reexecute=0 rethrow=0 return_oop=0}
                                                            ; - java.lang.StringCoding::countNonZeroAsciiLatin1@7 (line 55)
  0x000070729ffff14f:   nop
  0x000070729ffff150:   cmp    0xc(%rsi),%edi               ; implicit exception: dispatches to 0x000070729ffff24c
  0x000070729ffff153:   jae    0x000070729ffff256
  0x000070729ffff159:   movslq %edi,%rbx
  0x000070729ffff15c:   movsbl 0x10(%rsi,%rbx,1),%ebx       ;*baload {reexecute=0 rethrow=0 return_oop=0}
                                                            ; - java.lang.StringCoding::countNonZeroAsciiLatin1@16 (line 56)
  0x000070729ffff161:   test   %ebx,%ebx
  0x000070729ffff163:   movabs $0x7072580a42d0,%rbx         ;   {metadata(method data for {method} {0x00000000771d8e28} &apos;countNonZeroAsciiLatin1&apos; &apos;([BII)I&apos; in &apos;java/lang/StringCoding&apos;)}
  0x000070729ffff16d:   mov    $0x108,%r8d
  0x000070729ffff173:   jle    0x000070729ffff17b
  0x000070729ffff175:   mov    $0xf8,%r8d
  0x000070729ffff17b:   mov    (%rbx,%r8,1),%r9
  0x000070729ffff17f:   lea    0x1(%r9),%r9
  0x000070729ffff183:   mov    %r9,(%rbx,%r8,1)
  0x000070729ffff187:   jle    0x000070729ffff203           ;*ifgt {reexecute=0 rethrow=0 return_oop=0}
                                                            ; - java.lang.StringCoding::countNonZeroAsciiLatin1@17 (line 56)
  0x000070729ffff18d:   inc    %edi
  0x000070729ffff18f:   movabs $0x7072580a42d0,%rbx         ;   {metadata(method data for {method} {0x00000000771d8e28} &apos;countNonZeroAsciiLatin1&apos; &apos;([BII)I&apos; in &apos;java/lang/StringCoding&apos;)}
  0x000070729ffff199:   mov    0x94(%rbx),%r8d
  0x000070729ffff1a0:   add    $0x2,%r8d
  0x000070729ffff1a4:   mov    %r8d,0x94(%rbx)
  0x000070729ffff1ab:   and    $0x3ffe,%r8d
  0x000070729ffff1b2:   test   %r8d,%r8d
  0x000070729ffff1b5:   je     0x000070729ffff264           ;*goto {reexecute=0 rethrow=0 return_oop=0}
                                                            ; - java.lang.StringCoding::countNonZeroAsciiLatin1@28 (line 55)
  0x000070729ffff1bb:   mov    0x30(%r15),%r10              ; ImmutableOopMap {rsi=Oop }
                                                            ;*goto {reexecute=1 rethrow=0 return_oop=0}
                                                            ; - (reexecute) java.lang.StringCoding::countNonZeroAsciiLatin1@28 (line 55)
  0x000070729ffff1bf:   test   %eax,(%r10)                  ;   {poll}
  0x000070729ffff1c2:   movabs $0x7072580a42d0,%rbx         ;   {metadata(method data for {method} {0x00000000771d8e28} &apos;countNonZeroAsciiLatin1&apos; &apos;([BII)I&apos; in &apos;java/lang/StringCoding&apos;)}
  0x000070729ffff1cc:   incl   0x118(%rbx)                  ;*goto {reexecute=0 rethrow=0 return_oop=0}
                                                            ; - java.lang.StringCoding::countNonZeroAsciiLatin1@28 (line 55)
  0x000070729ffff1d2:   cmp    %eax,%edi
  0x000070729ffff1d4:   movabs $0x7072580a42d0,%rbx         ;   {metadata(method data for {method} {0x00000000771d8e28} &apos;countNonZeroAsciiLatin1&apos; &apos;([BII)I&apos; in &apos;java/lang/StringCoding&apos;)}
  0x000070729ffff1de:   mov    $0xd8,%r8d
  0x000070729ffff1e4:   jge    0x000070729ffff1ec
  0x000070729ffff1e6:   mov    $0xe8,%r8d
  0x000070729ffff1ec:   mov    (%rbx,%r8,1),%r9
  0x000070729ffff1f0:   lea    0x1(%r9),%r9
  0x000070729ffff1f4:   mov    %r9,(%rbx,%r8,1)
  0x000070729ffff1f8:   jge    0x000070729ffff218
  0x000070729ffff1fe:   jmp    0x000070729ffff150           ;*if_icmpge {reexecute=0 rethrow=0 return_oop=0}
                                                            ; - java.lang.StringCoding::countNonZeroAsciiLatin1@10 (line 55)
  0x000070729ffff203:   sub    %edx,%edi
  0x000070729ffff205:   mov    %rdi,%rax
  0x000070729ffff208:   add    $0x20,%rsp
  0x000070729ffff20c:   pop    %rbp
  0x000070729ffff20d:   cmp    0x28(%r15),%rsp              ;   {poll_return}
  0x000070729ffff211:   ja     0x000070729ffff285
  0x000070729ffff217:   ret                                 ;*ireturn {reexecute=0 rethrow=0 return_oop=0}
                                                            ; - java.lang.StringCoding::countNonZeroAsciiLatin1@24 (line 57)
  0x000070729ffff218:   mov    %rcx,%rax
  0x000070729ffff21b:   add    $0x20,%rsp
  0x000070729ffff21f:   pop    %rbp
  0x000070729ffff220:   cmp    0x28(%r15),%rsp              ;   {poll_return}
  0x000070729ffff224:   ja     0x000070729ffff29b
  0x000070729ffff22a:   ret    
  0x000070729ffff22b:   movabs $0x771d8e28,%r10             ;   {metadata({method} {0x00000000771d8e28} &apos;countNonZeroAsciiLatin1&apos; &apos;([BII)I&apos; in &apos;java/lang/StringCoding&apos;)}
  0x000070729ffff235:   mov    %r10,0x8(%rsp)
  0x000070729ffff23a:   movq   $0xffffffffffffffff,(%rsp)
  0x000070729ffff242:   call   0x00007072a7582fe0           ; ImmutableOopMap {rsi=Oop }
                                                            ;*synchronization entry
                                                            ; - java.lang.StringCoding::countNonZeroAsciiLatin1@-1 (line 54)
                                                            ;   {runtime_call counter_overflow_blob (C1 runtime)}
  0x000070729ffff247:   jmp    0x000070729ffff142
  0x000070729ffff24c:   call   0x00007072a757c660           ; ImmutableOopMap {rsi=Oop }
                                                            ;*baload {reexecute=0 rethrow=0 return_oop=0}
                                                            ; - java.lang.StringCoding::countNonZeroAsciiLatin1@16 (line 56)
                                                            ;   {runtime_call throw_null_pointer_exception_blob (C1 runtime)}
  0x000070729ffff251:   call   0x00007072a757c660           ; ImmutableOopMap {rsi=Oop }
                                                            ;*baload {reexecute=0 rethrow=0 return_oop=0}
                                                            ; - java.lang.StringCoding::countNonZeroAsciiLatin1@16 (line 56)
                                                            ;   {runtime_call throw_null_pointer_exception_blob (C1 runtime)}
  0x000070729ffff256:   mov    %rdi,(%rsp)
  0x000070729ffff25a:   mov    %rsi,0x8(%rsp)
  0x000070729ffff25f:   call   0x00007072a757bd60           ; ImmutableOopMap {rsi=Oop }
                                                            ;*baload {reexecute=0 rethrow=0 return_oop=0}
                                                            ; - java.lang.StringCoding::countNonZeroAsciiLatin1@16 (line 56)
                                                            ;   {runtime_call throw_range_check_failed_blob (C1 runtime)}
  0x000070729ffff264:   movabs $0x771d8e28,%r10             ;   {metadata({method} {0x00000000771d8e28} &apos;countNonZeroAsciiLatin1&apos; &apos;([BII)I&apos; in &apos;java/lang/StringCoding&apos;)}
  0x000070729ffff26e:   mov    %r10,0x8(%rsp)
  0x000070729ffff273:   movq   $0x1c,(%rsp)
  0x000070729ffff27b:   call   0x00007072a7582fe0           ; ImmutableOopMap {rsi=Oop }
                                                            ;*goto {reexecute=1 rethrow=0 return_oop=0}
                                                            ; - (reexecute) java.lang.StringCoding::countNonZeroAsciiLatin1@28 (line 55)
                                                            ;   {runtime_call counter_overflow_blob (C1 runtime)}
  0x000070729ffff280:   jmp    0x000070729ffff1bb
  0x000070729ffff285:   movabs $0x70729ffff20d,%r10         ;   {internal_word}
  0x000070729ffff28f:   mov    %r10,0x510(%r15)
  0x000070729ffff296:   jmp    0x00007072a74afb60           ;   {runtime_call SafepointBlob}
  0x000070729ffff29b:   movabs $0x70729ffff220,%r10         ;   {internal_word}
  0x000070729ffff2a5:   mov    %r10,0x510(%r15)
  0x000070729ffff2ac:   jmp    0x00007072a74afb60           ;   {runtime_call SafepointBlob}
  0x000070729ffff2b1:   mov    0x5c0(%r15),%rax
  0x000070729ffff2b8:   movq   $0x0,0x5c0(%r15)
  0x000070729ffff2c3:   movq   $0x0,0x5c8(%r15)
  0x000070729ffff2ce:   add    $0x20,%rsp
  0x000070729ffff2d2:   pop    %rbp
  0x000070729ffff2d3:   jmp    0x00007072a757b2e0           ;   {runtime_call unwind_exception_blob (C1 runtime)}
[Exception Handler]
  0x000070729ffff2d8:   call   0x00007072a757e8e0           ;   {runtime_call handle_exception_from_callee_blob (C1 runtime)}
  0x000070729ffff2dd:   movabs $0x7072c033aec4,%rdi         ;   {external_word}
  0x000070729ffff2e7:   and    $0xfffffffffffffff0,%rsp
  0x000070729ffff2eb:   call   0x00007072bfd91cc0           ;   {runtime_call MacroAssembler::debug64(char*, long, long*)}
  0x000070729ffff2f0:   hlt    
  0x000070729ffff2f1:   call   0x00007072a74afe60           ;   {runtime_call DeoptimizationBlob}
[Deopt Handler Entry Point]
  0x000070729ffff2f6:   jmp    0x000070729ffff2f1
--------------------------------------------------------------------------------
[/Disassembly]
