
============================= C1-compiled nmethod ==============================
----------------------------------- Assembly -----------------------------------

Compiled method (c1) 377   24       3       jdk.internal.classfile.impl.SplitConstantPool::internalAdd (78 bytes)
 total in heap  [0x00007daafbfff008,0x00007daafbfff758] = 1872
 main code      [0x00007daafbfff100,0x00007daafbfff6e0] = 1504
 stub code      [0x00007daafbfff6e0,0x00007daafbfff758] = 120
 mutable data [0x00007daa9c0151f0,0x00007daa9c015298] = 168
 relocation     [0x00007daa9c0151f0,0x00007daa9c015290] = 160
 metadata       [0x00007daa9c015290,0x00007daa9c015298] = 8
 immutable data [0x00007daa9c014e20,0x00007daa9c0151dc] = 956
 dependencies   [0x00007daa9c014e20,0x00007daa9c014e28] = 8
 nul chk table  [0x00007daa9c014e28,0x00007daa9c014e60] = 56
 scopes pcs     [0x00007daa9c014e60,0x00007daa9c0150d0] = 624
 scopes data    [0x00007daa9c0150d0,0x00007daa9c0151d8] = 264

[Disassembly]
--------------------------------------------------------------------------------
[Constant Pool (empty)]

--------------------------------------------------------------------------------

[Instructions begin]
  0x00007daafbfff100:   data16 data16 nopw 0x0(%rax,%rax,1)
  0x00007daafbfff10b:   data16 data16 xchg %ax,%ax
  0x00007daafbfff10f:   data16 xchg %ax,%ax
[Entry Point]
  # {method} {0x000000008b348970} &apos;internalAdd&apos; &apos;(Ljava/lang/classfile/constantpool/PoolEntry;I)Ljava/lang/classfile/constantpool/PoolEntry;&apos; in &apos;jdk/internal/classfile/impl/SplitConstantPool&apos;
  # this:     rsi:rsi   = &apos;jdk/internal/classfile/impl/SplitConstantPool&apos;
  # parm0:    rdx:rdx   = &apos;java/lang/classfile/constantpool/PoolEntry&apos;
  # parm1:    rcx       = int
  #           [sp+0x70]  (sp of caller)
  0x00007daafbfff112:   mov    0x8(%rsi),%r10d
  0x00007daafbfff116:   cmp    0x8(%rax),%r10d
  0x00007daafbfff11a:   jne    0x00007dab034ad6e0           ;   {runtime_call ic_miss_blob (shared runtime)}
[Verified Entry Point]
  0x00007daafbfff120:   mov    %eax,-0x14000(%rsp)
  0x00007daafbfff127:   push   %rbp
  0x00007daafbfff128:   sub    $0x60,%rsp
  0x00007daafbfff12c:   cmpl   $0x1,0x20(%r15)
  0x00007daafbfff134:   je     0x00007daafbfff13b
  0x00007daafbfff136:   call   Stub::method_entry_barrier_stub (stub gen)
                                                            ;   {runtime_call Stub::method_entry_barrier_stub (stub gen)}
  0x00007daafbfff13b:   mov    %rsi,0x28(%rsp)
  0x00007daafbfff140:   mov    %rdx,0x38(%rsp)
  0x00007daafbfff145:   mov    %ecx,0x34(%rsp)
  0x00007daafbfff149:   movabs $0x7daab40ab860,%rdi         ;   {metadata(method data for {method} {0x000000008b348970} &apos;internalAdd&apos; &apos;(Ljava/lang/classfile/constantpool/PoolEntry;I)Ljava/lang/classfile/constantpool/PoolEntry;&apos; in &apos;jdk/internal/classfile/impl/SplitConstantPool&apos;)}
  0x00007daafbfff153:   mov    0x90(%rdi),%ebx
  0x00007daafbfff159:   add    $0x2,%ebx
  0x00007daafbfff15c:   mov    %ebx,0x90(%rdi)
  0x00007daafbfff162:   and    $0x7fe,%ebx
  0x00007daafbfff168:   test   %ebx,%ebx
  0x00007daafbfff16a:   je     0x00007daafbfff609           ;*aload_0 {reexecute=0 rethrow=0 return_oop=0}
                                                            ; - jdk.internal.classfile.impl.SplitConstantPool::internalAdd@0 (line 240)
  0x00007daafbfff170:   mov    0x14(%rsi),%edi              ;*getfield size {reexecute=0 rethrow=0 return_oop=0}
                                                            ; - jdk.internal.classfile.impl.SplitConstantPool::internalAdd@1 (line 240)
  0x00007daafbfff173:   mov    0xc(%rsi),%ebx               ;*getfield parentSize {reexecute=0 rethrow=0 return_oop=0}
                                                            ; - jdk.internal.classfile.impl.SplitConstantPool::internalAdd@5 (line 240)
  0x00007daafbfff176:   sub    %ebx,%edi
  0x00007daafbfff178:   mov    0x24(%rsi),%ebx
  0x00007daafbfff17b:   shl    $0x3,%rbx                    ;*getfield myEntries {reexecute=0 rethrow=0 return_oop=0}
                                                            ; - jdk.internal.classfile.impl.SplitConstantPool::internalAdd@14 (line 241)
  0x00007daafbfff17f:   mov    0xc(%rbx),%eax               ; implicit exception: dispatches to 0x00007daafbfff62a
                                                            ;*arraylength {reexecute=0 rethrow=0 return_oop=0}
                                                            ; - jdk.internal.classfile.impl.SplitConstantPool::internalAdd@17 (line 241)
  0x00007daafbfff182:   mov    %rdi,%r8
  0x00007daafbfff185:   add    $0x2,%r8d
  0x00007daafbfff189:   cmp    %eax,%r8d
  0x00007daafbfff18c:   movabs $0x7daab40ab860,%rax         ;   {metadata(method data for {method} {0x000000008b348970} &apos;internalAdd&apos; &apos;(Ljava/lang/classfile/constantpool/PoolEntry;I)Ljava/lang/classfile/constantpool/PoolEntry;&apos; in &apos;jdk/internal/classfile/impl/SplitConstantPool&apos;)}
  0x00007daafbfff196:   mov    $0xe8,%r8d
  0x00007daafbfff19c:   jg     0x00007daafbfff1a4
  0x00007daafbfff19e:   mov    $0xd8,%r8d
  0x00007daafbfff1a4:   mov    (%rax,%r8,1),%r9
  0x00007daafbfff1a8:   lea    0x1(%r9),%r9
  0x00007daafbfff1ac:   mov    %r9,(%rax,%r8,1)
  0x00007daafbfff1b0:   jg     0x00007daafbfff1c8           ;*if_icmple {reexecute=0 rethrow=0 return_oop=0}
                                                            ; - jdk.internal.classfile.impl.SplitConstantPool::internalAdd@18 (line 241)
  0x00007daafbfff1b6:   mov    %rsi,0x28(%rsp)
  0x00007daafbfff1bb:   mov    %rdi,%rsi
  0x00007daafbfff1be:   mov    0x28(%rsp),%rdi
  0x00007daafbfff1c3:   jmp    0x00007daafbfff303           ;*aload_0 {reexecute=0 rethrow=0 return_oop=0}
                                                            ; - jdk.internal.classfile.impl.SplitConstantPool::internalAdd@40 (line 244)
  0x00007daafbfff1c8:   movabs $0x7daab40ab860,%rax         ;   {metadata(method data for {method} {0x000000008b348970} &apos;internalAdd&apos; &apos;(Ljava/lang/classfile/constantpool/PoolEntry;I)Ljava/lang/classfile/constantpool/PoolEntry;&apos; in &apos;jdk/internal/classfile/impl/SplitConstantPool&apos;)}
  0x00007daafbfff1d2:   addq   $0x1,0xf8(%rax)
  0x00007daafbfff1da:   mov    %rdi,%rax
  0x00007daafbfff1dd:   shl    %eax
  0x00007daafbfff1df:   mov    %rbx,%rsi
  0x00007daafbfff1e2:   mov    %rax,%rdx
  0x00007daafbfff1e5:   movabs $0x7ff856580,%rcx            ;*invokestatic copyOf {reexecute=0 rethrow=0 return_oop=0}
                                                            ; - jdk.internal.classfile.impl.SplitConstantPool::internalAdd@31 (line 242)
                                                            ;   {oop(a &apos;java/lang/Class&apos;{0x00000007ff856580} = &apos;java/lang/classfile/constantpool/PoolEntry&apos;[])}
  0x00007daafbfff1ef:   mov    %edi,0x30(%rsp)
  0x00007daafbfff1f3:   nopl   0x0(%rax)
  0x00007daafbfff1f7:   call   0x00007dab034adfe0           ; ImmutableOopMap {[40]=Oop [56]=Oop }
                                                            ;*invokestatic copyOf {reexecute=0 rethrow=0 return_oop=0}
                                                            ; - jdk.internal.classfile.impl.SplitConstantPool::internalAdd@31 (line 242)
                                                            ;   {static_call}
  0x00007daafbfff1fc:   nopl   0x1f4(%rax,%rax,1)           ;*invokestatic copyOf {reexecute=0 rethrow=0 return_oop=0}
                                                            ; - jdk.internal.classfile.impl.SplitConstantPool::internalAdd@31 (line 242)
                                                            ;   {post_call_nop}
  0x00007daafbfff204:   test   %rax,%rax
  0x00007daafbfff207:   movabs $0x7daab40ab860,%rbx         ;   {metadata(method data for {method} {0x000000008b348970} &apos;internalAdd&apos; &apos;(Ljava/lang/classfile/constantpool/PoolEntry;I)Ljava/lang/classfile/constantpool/PoolEntry;&apos; in &apos;jdk/internal/classfile/impl/SplitConstantPool&apos;)}
  0x00007daafbfff211:   jne    0x00007daafbfff21f
  0x00007daafbfff213:   orb    $0x1,0x101(%rbx)
  0x00007daafbfff21a:   jmp    0x00007daafbfff2b6
  0x00007daafbfff21f:   mov    0x8(%rax),%esi
  0x00007daafbfff222:   mov    $0x8b000000,%r10d
  0x00007daafbfff228:   add    %r10,%rsi
  0x00007daafbfff22b:   mov    $0x22,%r10d
  0x00007daafbfff231:   cmp    (%rbx,%r10,8),%rsi
  0x00007daafbfff235:   je     0x00007daafbfff26e
  0x00007daafbfff237:   add    $0x2,%r10
  0x00007daafbfff23b:   cmp    $0x26,%r10
  0x00007daafbfff23f:   jne    0x00007daafbfff231
  0x00007daafbfff241:   mov    $0x22,%r10d
  0x00007daafbfff247:   cmpq   $0x0,(%rbx,%r10,8)
  0x00007daafbfff24c:   je     0x00007daafbfff25a
  0x00007daafbfff24e:   add    $0x2,%r10
  0x00007daafbfff252:   cmp    $0x26,%r10
  0x00007daafbfff256:   jne    0x00007daafbfff247
  0x00007daafbfff258:   jmp    0x00007daafbfff266
  0x00007daafbfff25a:   push   %rax
  0x00007daafbfff25b:   xor    %rax,%rax
  0x00007daafbfff25e:   cmpxchg %rsi,(%rbx,%r10,8)
  0x00007daafbfff263:   pop    %rax
  0x00007daafbfff264:   jmp    0x00007daafbfff22b
  0x00007daafbfff266:   mov    $0x21,%r10d
  0x00007daafbfff26c:   jmp    0x00007daafbfff272
  0x00007daafbfff26e:   add    $0x1,%r10
  0x00007daafbfff272:   addq   $0x1,(%rbx,%r10,8)
  0x00007daafbfff277:   movabs $0x8b306190,%rsi             ;   {metadata(&apos;java/lang/classfile/constantpool/PoolEntry&apos;[])}
  0x00007daafbfff281:   mov    0x8(%rax),%ebx
  0x00007daafbfff284:   mov    $0x8b000000,%r10d
  0x00007daafbfff28a:   add    %r10,%rbx
  0x00007daafbfff28d:   cmp    0x20(%rbx),%rsi
  0x00007daafbfff291:   je     0x00007daafbfff2b6
  0x00007daafbfff297:   cmp    %rsi,%rbx
  0x00007daafbfff29a:   je     0x00007daafbfff2b6
  0x00007daafbfff2a0:   push   %rbx
  0x00007daafbfff2a1:   push   %rsi
  0x00007daafbfff2a2:   call   0x00007dab0357fee0           ;   {runtime_call slow_subtype_check_blob (C1 runtime)}
  0x00007daafbfff2a7:   pop    %rbx
  0x00007daafbfff2a8:   pop    %rbx
  0x00007daafbfff2a9:   test   %ebx,%ebx
  0x00007daafbfff2ab:   je     0x00007daafbfff62f
  0x00007daafbfff2b1:   jmp    0x00007daafbfff2b6
  0x00007daafbfff2b6:   mov    %rax,%rsi                    ;*checkcast {reexecute=0 rethrow=0 return_oop=0}
                                                            ; - jdk.internal.classfile.impl.SplitConstantPool::internalAdd@34 (line 242)
  0x00007daafbfff2b9:   movsbl 0x48(%r15),%edi
  0x00007daafbfff2be:   test   %edi,%edi
  0x00007daafbfff2c0:   mov    0x28(%rsp),%rdi
  0x00007daafbfff2c5:   jne    0x00007daafbfff638
  0x00007daafbfff2cb:   mov    %rsi,%r10
  0x00007daafbfff2ce:   shr    $0x3,%r10
  0x00007daafbfff2d2:   mov    %r10d,0x24(%rdi)
  0x00007daafbfff2d6:   mov    %rdi,%rax
  0x00007daafbfff2d9:   xor    %rsi,%rax
  0x00007daafbfff2dc:   shr    $0x17,%rax
  0x00007daafbfff2e0:   je     0x00007daafbfff2fa
  0x00007daafbfff2e2:   test   %rsi,%rsi
  0x00007daafbfff2e5:   je     0x00007daafbfff2fa
  0x00007daafbfff2e7:   mov    %rdi,%rax
  0x00007daafbfff2ea:   shr    $0x9,%rax
  0x00007daafbfff2ee:   add    0x50(%r15),%rax
  0x00007daafbfff2f2:   cmpb   $0xff,(%rax)
  0x00007daafbfff2f5:   jne    0x00007daafbfff2fa
  0x00007daafbfff2f7:   movb   $0x0,(%rax)                  ;*putfield myEntries {reexecute=0 rethrow=0 return_oop=0}
                                                            ; - jdk.internal.classfile.impl.SplitConstantPool::internalAdd@37 (line 242)
  0x00007daafbfff2fa:   mov    0x30(%rsp),%esi
  0x00007daafbfff2fe:   mov    0x38(%rsp),%rdx
  0x00007daafbfff303:   mov    0x24(%rdi),%ebx
  0x00007daafbfff306:   shl    $0x3,%rbx                    ;*getfield myEntries {reexecute=0 rethrow=0 return_oop=0}
                                                            ; - jdk.internal.classfile.impl.SplitConstantPool::internalAdd@41 (line 244)
  0x00007daafbfff30a:   cmp    0xc(%rbx),%esi               ; implicit exception: dispatches to 0x00007daafbfff656
  0x00007daafbfff30d:   jae    0x00007daafbfff660
  0x00007daafbfff313:   test   %rdx,%rdx
  0x00007daafbfff316:   movabs $0x7daab40ab860,%r8          ;   {metadata(method data for {method} {0x000000008b348970} &apos;internalAdd&apos; &apos;(Ljava/lang/classfile/constantpool/PoolEntry;I)Ljava/lang/classfile/constantpool/PoolEntry;&apos; in &apos;jdk/internal/classfile/impl/SplitConstantPool&apos;)}
  0x00007daafbfff320:   jne    0x00007daafbfff32f
  0x00007daafbfff322:   orb    $0x1,0x131(%r8)
  0x00007daafbfff32a:   jmp    0x00007daafbfff3e1
  0x00007daafbfff32f:   mov    0x8(%rdx),%eax
  0x00007daafbfff332:   mov    $0x8b000000,%r10d
  0x00007daafbfff338:   add    %r10,%rax
  0x00007daafbfff33b:   mov    $0x28,%r10d
  0x00007daafbfff341:   cmp    (%r8,%r10,8),%rax
  0x00007daafbfff345:   je     0x00007daafbfff384
  0x00007daafbfff347:   add    $0x2,%r10
  0x00007daafbfff34b:   cmp    $0x2c,%r10
  0x00007daafbfff34f:   jne    0x00007daafbfff341
  0x00007daafbfff351:   mov    $0x28,%r10d
  0x00007daafbfff357:   cmpq   $0x0,(%r8,%r10,8)
  0x00007daafbfff35c:   je     0x00007daafbfff36a
  0x00007daafbfff35e:   add    $0x2,%r10
  0x00007daafbfff362:   cmp    $0x2c,%r10
  0x00007daafbfff366:   jne    0x00007daafbfff357
  0x00007daafbfff368:   jmp    0x00007daafbfff37c
  0x00007daafbfff36a:   push   %rbx
  0x00007daafbfff36b:   mov    %rax,%rbx
  0x00007daafbfff36e:   xor    %rax,%rax
  0x00007daafbfff371:   cmpxchg %rbx,(%r8,%r10,8)
  0x00007daafbfff376:   mov    %rbx,%rax
  0x00007daafbfff379:   pop    %rbx
  0x00007daafbfff37a:   jmp    0x00007daafbfff33b
  0x00007daafbfff37c:   mov    $0x27,%r10d
  0x00007daafbfff382:   jmp    0x00007daafbfff388
  0x00007daafbfff384:   add    $0x1,%r10
  0x00007daafbfff388:   addq   $0x1,(%r8,%r10,8)
  0x00007daafbfff38d:   mov    0x8(%rbx),%eax               ; implicit exception: dispatches to 0x00007daafbfff66e
  0x00007daafbfff390:   mov    $0x8b000000,%r10d
  0x00007daafbfff396:   add    %r10,%rax
  0x00007daafbfff399:   mov    0x8(%rdx),%r8d
  0x00007daafbfff39d:   mov    $0x8b000000,%r10d
  0x00007daafbfff3a3:   add    %r10,%r8
  0x00007daafbfff3a6:   mov    0xe0(%rax),%rax
  0x00007daafbfff3ad:   cmp    %rax,%r8
  0x00007daafbfff3b0:   je     0x00007daafbfff3e1
  0x00007daafbfff3b6:   mov    0x10(%rax),%r9d
  0x00007daafbfff3ba:   cmp    (%r8,%r9,1),%rax
  0x00007daafbfff3be:   je     0x00007daafbfff3e1
  0x00007daafbfff3c4:   cmp    $0x20,%r9d
  0x00007daafbfff3c8:   jne    0x00007daafbfff673
  0x00007daafbfff3ce:   push   %r8
  0x00007daafbfff3d0:   push   %rax
  0x00007daafbfff3d1:   call   0x00007dab0357fee0           ;   {runtime_call slow_subtype_check_blob (C1 runtime)}
  0x00007daafbfff3d6:   pop    %r8
  0x00007daafbfff3d8:   pop    %rax
  0x00007daafbfff3d9:   test   %eax,%eax
  0x00007daafbfff3db:   je     0x00007daafbfff673
  0x00007daafbfff3e1:   movslq %esi,%rsi
  0x00007daafbfff3e4:   lea    0x10(%rbx,%rsi,4),%rsi
  0x00007daafbfff3e9:   movsbl 0x48(%r15),%ebx
  0x00007daafbfff3ee:   test   %ebx,%ebx
  0x00007daafbfff3f0:   jne    0x00007daafbfff67c
  0x00007daafbfff3f6:   mov    %rdx,%r10
  0x00007daafbfff3f9:   shr    $0x3,%r10
  0x00007daafbfff3fd:   mov    %r10d,(%rsi)
  0x00007daafbfff400:   mov    %rsi,%rax
  0x00007daafbfff403:   xor    %rdx,%rax
  0x00007daafbfff406:   shr    $0x17,%rax
  0x00007daafbfff40a:   je     0x00007daafbfff424
  0x00007daafbfff40c:   test   %rdx,%rdx
  0x00007daafbfff40f:   je     0x00007daafbfff424
  0x00007daafbfff411:   mov    %rsi,%rax
  0x00007daafbfff414:   shr    $0x9,%rax
  0x00007daafbfff418:   add    0x50(%r15),%rax
  0x00007daafbfff41c:   cmpb   $0xff,(%rax)
  0x00007daafbfff41f:   jne    0x00007daafbfff424
  0x00007daafbfff421:   movb   $0x0,(%rax)                  ;*aastore {reexecute=0 rethrow=0 return_oop=0}
                                                            ; - jdk.internal.classfile.impl.SplitConstantPool::internalAdd@46 (line 244)
  0x00007daafbfff424:   mov    0x14(%rdi),%ebx              ;*getfield size {reexecute=0 rethrow=0 return_oop=0}
                                                            ; - jdk.internal.classfile.impl.SplitConstantPool::internalAdd@49 (line 245)
  0x00007daafbfff427:   cmp    (%rdx),%rax                  ; implicit exception: dispatches to 0x00007daafbfff699
  0x00007daafbfff42a:   mov    %rdx,%rsi
  0x00007daafbfff42d:   movabs $0x7daab40ab860,%rax         ;   {metadata(method data for {method} {0x000000008b348970} &apos;internalAdd&apos; &apos;(Ljava/lang/classfile/constantpool/PoolEntry;I)Ljava/lang/classfile/constantpool/PoolEntry;&apos; in &apos;jdk/internal/classfile/impl/SplitConstantPool&apos;)}
  0x00007daafbfff437:   mov    0x8(%rsi),%esi
  0x00007daafbfff43a:   mov    $0x8b000000,%r10d
  0x00007daafbfff440:   add    %r10,%rsi
  0x00007daafbfff443:   mov    $0x2e,%r10d
  0x00007daafbfff449:   cmp    (%rax,%r10,8),%rsi
  0x00007daafbfff44d:   je     0x00007daafbfff48c
  0x00007daafbfff44f:   add    $0x2,%r10
  0x00007daafbfff453:   cmp    $0x32,%r10
  0x00007daafbfff457:   jne    0x00007daafbfff449
  0x00007daafbfff459:   mov    $0x2e,%r10d
  0x00007daafbfff45f:   cmpq   $0x0,(%rax,%r10,8)
  0x00007daafbfff464:   je     0x00007daafbfff472
  0x00007daafbfff466:   add    $0x2,%r10
  0x00007daafbfff46a:   cmp    $0x32,%r10
  0x00007daafbfff46e:   jne    0x00007daafbfff45f
  0x00007daafbfff470:   jmp    0x00007daafbfff484
  0x00007daafbfff472:   push   %rbx
  0x00007daafbfff473:   mov    %rax,%rbx
  0x00007daafbfff476:   xor    %rax,%rax
  0x00007daafbfff479:   cmpxchg %rsi,(%rbx,%r10,8)
  0x00007daafbfff47e:   mov    %rbx,%rax
  0x00007daafbfff481:   pop    %rbx
  0x00007daafbfff482:   jmp    0x00007daafbfff443
  0x00007daafbfff484:   mov    $0x2d,%r10d
  0x00007daafbfff48a:   jmp    0x00007daafbfff490
  0x00007daafbfff48c:   add    $0x1,%r10
  0x00007daafbfff490:   addq   $0x1,(%rax,%r10,8)
  0x00007daafbfff495:   mov    %rdx,%rsi                    ;*invokeinterface width {reexecute=0 rethrow=0 return_oop=0}
                                                            ; - jdk.internal.classfile.impl.SplitConstantPool::internalAdd@53 (line 245)
  0x00007daafbfff498:   mov    %ebx,0x40(%rsp)
  0x00007daafbfff49c:   nop
  0x00007daafbfff49d:   movabs $0x7daa9c015420,%rax
  0x00007daafbfff4a7:   call   0x00007dab034adce0           ; ImmutableOopMap {[40]=Oop [56]=Oop }
                                                            ;*invokeinterface width {reexecute=0 rethrow=0 return_oop=0}
                                                            ; - jdk.internal.classfile.impl.SplitConstantPool::internalAdd@53 (line 245)
                                                            ;   {virtual_call}
  0x00007daafbfff4ac:   nopl   0x10004a4(%rax,%rax,1)       ;*invokeinterface width {reexecute=0 rethrow=0 return_oop=0}
                                                            ; - jdk.internal.classfile.impl.SplitConstantPool::internalAdd@53 (line 245)
                                                            ;   {post_call_nop}
  0x00007daafbfff4b4:   mov    0x40(%rsp),%ebx
  0x00007daafbfff4b8:   add    %eax,%ebx
  0x00007daafbfff4ba:   mov    0x28(%rsp),%rsi
  0x00007daafbfff4bf:   mov    %ebx,0x14(%rsi)              ;*putfield size {reexecute=0 rethrow=0 return_oop=0}
                                                            ; - jdk.internal.classfile.impl.SplitConstantPool::internalAdd@59 (line 245)
  0x00007daafbfff4c2:   mov    %rsi,%rdi
  0x00007daafbfff4c5:   movabs $0x7daab40ab860,%rbx         ;   {metadata(method data for {method} {0x000000008b348970} &apos;internalAdd&apos; &apos;(Ljava/lang/classfile/constantpool/PoolEntry;I)Ljava/lang/classfile/constantpool/PoolEntry;&apos; in &apos;jdk/internal/classfile/impl/SplitConstantPool&apos;)}
  0x00007daafbfff4cf:   addq   $0x1,0x198(%rbx)
  0x00007daafbfff4d7:   call   0x00007dab034ad9e0           ; ImmutableOopMap {[56]=Oop }
                                                            ;*invokevirtual map {reexecute=0 rethrow=0 return_oop=0}
                                                            ; - jdk.internal.classfile.impl.SplitConstantPool::internalAdd@63 (line 246)
                                                            ;   {optimized virtual_call}
  0x00007daafbfff4dc:   nopl   0x20004d4(%rax,%rax,1)       ;*invokevirtual map {reexecute=0 rethrow=0 return_oop=0}
                                                            ; - jdk.internal.classfile.impl.SplitConstantPool::internalAdd@63 (line 246)
                                                            ;   {post_call_nop}
  0x00007daafbfff4e4:   mov    0x38(%rsp),%rdx
  0x00007daafbfff4e9:   movabs $0x7daab40ab860,%rsi         ;   {metadata(method data for {method} {0x000000008b348970} &apos;internalAdd&apos; &apos;(Ljava/lang/classfile/constantpool/PoolEntry;I)Ljava/lang/classfile/constantpool/PoolEntry;&apos; in &apos;jdk/internal/classfile/impl/SplitConstantPool&apos;)}
  0x00007daafbfff4f3:   mov    0x8(%rdx),%edx
  0x00007daafbfff4f6:   mov    $0x8b000000,%r10d
  0x00007daafbfff4fc:   add    %r10,%rdx
  0x00007daafbfff4ff:   mov    $0x3a,%r10d
  0x00007daafbfff505:   cmp    (%rsi,%r10,8),%rdx
  0x00007daafbfff509:   je     0x00007daafbfff542
  0x00007daafbfff50b:   add    $0x2,%r10
  0x00007daafbfff50f:   cmp    $0x3e,%r10
  0x00007daafbfff513:   jne    0x00007daafbfff505
  0x00007daafbfff515:   mov    $0x3a,%r10d
  0x00007daafbfff51b:   cmpq   $0x0,(%rsi,%r10,8)
  0x00007daafbfff520:   je     0x00007daafbfff52e
  0x00007daafbfff522:   add    $0x2,%r10
  0x00007daafbfff526:   cmp    $0x3e,%r10
  0x00007daafbfff52a:   jne    0x00007daafbfff51b
  0x00007daafbfff52c:   jmp    0x00007daafbfff53a
  0x00007daafbfff52e:   push   %rax
  0x00007daafbfff52f:   xor    %rax,%rax
  0x00007daafbfff532:   cmpxchg %rdx,(%rsi,%r10,8)
  0x00007daafbfff537:   pop    %rax
  0x00007daafbfff538:   jmp    0x00007daafbfff4ff
  0x00007daafbfff53a:   mov    $0x39,%r10d
  0x00007daafbfff540:   jmp    0x00007daafbfff546
  0x00007daafbfff542:   add    $0x1,%r10
  0x00007daafbfff546:   addq   $0x1,(%rsi,%r10,8)
  0x00007daafbfff54b:   mov    0x38(%rsp),%rsi              ;*invokeinterface index {reexecute=0 rethrow=0 return_oop=0}
                                                            ; - jdk.internal.classfile.impl.SplitConstantPool::internalAdd@68 (line 246)
  0x00007daafbfff550:   mov    %rax,0x48(%rsp)
  0x00007daafbfff555:   movabs $0x7daa9c015448,%rax
  0x00007daafbfff55f:   call   0x00007dab034adce0           ; ImmutableOopMap {[56]=Oop [72]=Oop }
                                                            ;*invokeinterface index {reexecute=0 rethrow=0 return_oop=0}
                                                            ; - jdk.internal.classfile.impl.SplitConstantPool::internalAdd@68 (line 246)
                                                            ;   {virtual_call}
  0x00007daafbfff564:   nopl   0x300055c(%rax,%rax,1)       ;*invokeinterface index {reexecute=0 rethrow=0 return_oop=0}
                                                            ; - jdk.internal.classfile.impl.SplitConstantPool::internalAdd@68 (line 246)
                                                            ;   {post_call_nop}
  0x00007daafbfff56c:   mov    0x48(%rsp),%rsi
  0x00007daafbfff571:   cmp    (%rsi),%rax                  ; implicit exception: dispatches to 0x00007daafbfff69e
  0x00007daafbfff574:   mov    %rsi,%rdx
  0x00007daafbfff577:   movabs $0x7daab40ab860,%rcx         ;   {metadata(method data for {method} {0x000000008b348970} &apos;internalAdd&apos; &apos;(Ljava/lang/classfile/constantpool/PoolEntry;I)Ljava/lang/classfile/constantpool/PoolEntry;&apos; in &apos;jdk/internal/classfile/impl/SplitConstantPool&apos;)}
  0x00007daafbfff581:   mov    0x8(%rdx),%edx
  0x00007daafbfff584:   mov    $0x8b000000,%r10d
  0x00007daafbfff58a:   add    %r10,%rdx
  0x00007daafbfff58d:   mov    $0x40,%r10d
  0x00007daafbfff593:   cmp    (%rcx,%r10,8),%rdx
  0x00007daafbfff597:   je     0x00007daafbfff5d0
  0x00007daafbfff599:   add    $0x2,%r10
  0x00007daafbfff59d:   cmp    $0x44,%r10
  0x00007daafbfff5a1:   jne    0x00007daafbfff593
  0x00007daafbfff5a3:   mov    $0x40,%r10d
  0x00007daafbfff5a9:   cmpq   $0x0,(%rcx,%r10,8)
  0x00007daafbfff5ae:   je     0x00007daafbfff5bc
  0x00007daafbfff5b0:   add    $0x2,%r10
  0x00007daafbfff5b4:   cmp    $0x44,%r10
  0x00007daafbfff5b8:   jne    0x00007daafbfff5a9
  0x00007daafbfff5ba:   jmp    0x00007daafbfff5c8
  0x00007daafbfff5bc:   push   %rax
  0x00007daafbfff5bd:   xor    %rax,%rax
  0x00007daafbfff5c0:   cmpxchg %rdx,(%rcx,%r10,8)
  0x00007daafbfff5c5:   pop    %rax
  0x00007daafbfff5c6:   jmp    0x00007daafbfff58d
  0x00007daafbfff5c8:   mov    $0x3f,%r10d
  0x00007daafbfff5ce:   jmp    0x00007daafbfff5d4
  0x00007daafbfff5d0:   add    $0x1,%r10
  0x00007daafbfff5d4:   addq   $0x1,(%rcx,%r10,8)
  0x00007daafbfff5d9:   mov    0x34(%rsp),%edx
  0x00007daafbfff5dd:   mov    %rax,%rcx                    ;*invokevirtual put {reexecute=0 rethrow=0 return_oop=0}
                                                            ; - jdk.internal.classfile.impl.SplitConstantPool::internalAdd@73 (line 246)
  0x00007daafbfff5e0:   nopl   0x0(%rax)
  0x00007daafbfff5e7:   call   0x00007dab034ad9e0           ; ImmutableOopMap {[56]=Oop }
                                                            ;*invokevirtual put {reexecute=0 rethrow=0 return_oop=0}
                                                            ; - jdk.internal.classfile.impl.SplitConstantPool::internalAdd@73 (line 246)
                                                            ;   {optimized virtual_call}
  0x00007daafbfff5ec:   nopl   0x40005e4(%rax,%rax,1)       ;*invokevirtual put {reexecute=0 rethrow=0 return_oop=0}
                                                            ; - jdk.internal.classfile.impl.SplitConstantPool::internalAdd@73 (line 246)
                                                            ;   {post_call_nop}
  0x00007daafbfff5f4:   mov    0x38(%rsp),%rax
  0x00007daafbfff5f9:   add    $0x60,%rsp
  0x00007daafbfff5fd:   pop    %rbp
  0x00007daafbfff5fe:   cmp    0x28(%r15),%rsp              ;   {poll_return}
  0x00007daafbfff602:   ja     0x00007daafbfff6a3
  0x00007daafbfff608:   ret    
  0x00007daafbfff609:   movabs $0x8b348970,%r10             ;   {metadata({method} {0x000000008b348970} &apos;internalAdd&apos; &apos;(Ljava/lang/classfile/constantpool/PoolEntry;I)Ljava/lang/classfile/constantpool/PoolEntry;&apos; in &apos;jdk/internal/classfile/impl/SplitConstantPool&apos;)}
  0x00007daafbfff613:   mov    %r10,0x8(%rsp)
  0x00007daafbfff618:   movq   $0xffffffffffffffff,(%rsp)
  0x00007daafbfff620:   call   0x00007dab03582fe0           ; ImmutableOopMap {rsi=Oop rdx=Oop [40]=Oop [56]=Oop }
                                                            ;*synchronization entry
                                                            ; - jdk.internal.classfile.impl.SplitConstantPool::internalAdd@-1 (line 240)
                                                            ;   {runtime_call counter_overflow_blob (C1 runtime)}
  0x00007daafbfff625:   jmp    0x00007daafbfff170
  0x00007daafbfff62a:   call   0x00007dab0357c660           ; ImmutableOopMap {rsi=Oop rdx=Oop rbx=Oop [40]=Oop [56]=Oop }
                                                            ;*arraylength {reexecute=0 rethrow=0 return_oop=0}
                                                            ; - jdk.internal.classfile.impl.SplitConstantPool::internalAdd@17 (line 241)
                                                            ;   {runtime_call throw_null_pointer_exception_blob (C1 runtime)}
  0x00007daafbfff62f:   mov    %rax,(%rsp)
  0x00007daafbfff633:   call   0x00007dab0357f3e0           ; ImmutableOopMap {[40]=Oop [56]=Oop }
                                                            ;*checkcast {reexecute=0 rethrow=0 return_oop=0}
                                                            ; - jdk.internal.classfile.impl.SplitConstantPool::internalAdd@34 (line 242)
                                                            ;   {runtime_call throw_class_cast_exception_blob (C1 runtime)}
  0x00007daafbfff638:   mov    0x24(%rdi),%ebx
  0x00007daafbfff63b:   shl    $0x3,%rbx
  0x00007daafbfff63f:   test   %rbx,%rbx
  0x00007daafbfff642:   je     0x00007daafbfff2cb
  0x00007daafbfff648:   mov    %rbx,(%rsp)
  0x00007daafbfff64c:   call   0x00007dab035835e0           ;   {runtime_call g1_pre_barrier_slow}
  0x00007daafbfff651:   jmp    0x00007daafbfff2cb
  0x00007daafbfff656:   call   0x00007dab0357c660           ; ImmutableOopMap {rdi=Oop rdx=Oop rbx=Oop [40]=Oop [56]=Oop }
                                                            ;*aastore {reexecute=1 rethrow=0 return_oop=0}
                                                            ; - (reexecute) jdk.internal.classfile.impl.SplitConstantPool::internalAdd@46 (line 244)
                                                            ;   {runtime_call throw_null_pointer_exception_blob (C1 runtime)}
  0x00007daafbfff65b:   call   0x00007dab0357c660           ; ImmutableOopMap {rdi=Oop rdx=Oop rbx=Oop [40]=Oop [56]=Oop }
                                                            ;*aastore {reexecute=1 rethrow=0 return_oop=0}
                                                            ; - (reexecute) jdk.internal.classfile.impl.SplitConstantPool::internalAdd@46 (line 244)
                                                            ;   {runtime_call throw_null_pointer_exception_blob (C1 runtime)}
  0x00007daafbfff660:   mov    %rsi,(%rsp)
  0x00007daafbfff664:   mov    %rbx,0x8(%rsp)
  0x00007daafbfff669:   call   0x00007dab0357bd60           ; ImmutableOopMap {rdi=Oop rdx=Oop rbx=Oop [40]=Oop [56]=Oop }
                                                            ;*aastore {reexecute=1 rethrow=0 return_oop=0}
                                                            ; - (reexecute) jdk.internal.classfile.impl.SplitConstantPool::internalAdd@46 (line 244)
                                                            ;   {runtime_call throw_range_check_failed_blob (C1 runtime)}
  0x00007daafbfff66e:   call   0x00007dab0357c660           ; ImmutableOopMap {rdi=Oop rdx=Oop rbx=Oop [40]=Oop [56]=Oop }
                                                            ;*aastore {reexecute=1 rethrow=0 return_oop=0}
                                                            ; - (reexecute) jdk.internal.classfile.impl.SplitConstantPool::internalAdd@46 (line 244)
                                                            ;   {runtime_call throw_null_pointer_exception_blob (C1 runtime)}
  0x00007daafbfff673:   mov    %rdx,(%rsp)
  0x00007daafbfff677:   call   0x00007dab0357ebe0           ; ImmutableOopMap {rdi=Oop rdx=Oop rbx=Oop [40]=Oop [56]=Oop }
                                                            ;*aastore {reexecute=1 rethrow=0 return_oop=0}
                                                            ; - (reexecute) jdk.internal.classfile.impl.SplitConstantPool::internalAdd@46 (line 244)
                                                            ;   {runtime_call throw_array_store_exception_blob (C1 runtime)}
  0x00007daafbfff67c:   mov    (%rsi),%ebx
  0x00007daafbfff67e:   shl    $0x3,%rbx
  0x00007daafbfff682:   test   %rbx,%rbx
  0x00007daafbfff685:   je     0x00007daafbfff3f6
  0x00007daafbfff68b:   mov    %rbx,(%rsp)
  0x00007daafbfff68f:   call   0x00007dab035835e0           ;   {runtime_call g1_pre_barrier_slow}
  0x00007daafbfff694:   jmp    0x00007daafbfff3f6
  0x00007daafbfff699:   call   0x00007dab0357c660           ; ImmutableOopMap {rdi=Oop rdx=Oop [40]=Oop [56]=Oop }
                                                            ;*invokeinterface width {reexecute=0 rethrow=0 return_oop=0}
                                                            ; - jdk.internal.classfile.impl.SplitConstantPool::internalAdd@53 (line 245)
                                                            ;   {runtime_call throw_null_pointer_exception_blob (C1 runtime)}
  0x00007daafbfff69e:   call   0x00007dab0357c660           ; ImmutableOopMap {rsi=Oop [56]=Oop }
                                                            ;*invokevirtual put {reexecute=0 rethrow=0 return_oop=0}
                                                            ; - jdk.internal.classfile.impl.SplitConstantPool::internalAdd@73 (line 246)
                                                            ;   {runtime_call throw_null_pointer_exception_blob (C1 runtime)}
  0x00007daafbfff6a3:   movabs $0x7daafbfff5fe,%r10         ;   {internal_word}
  0x00007daafbfff6ad:   mov    %r10,0x510(%r15)
  0x00007daafbfff6b4:   jmp    0x00007dab034afb60           ;   {runtime_call SafepointBlob}
  0x00007daafbfff6b9:   mov    0x5c0(%r15),%rax
  0x00007daafbfff6c0:   movq   $0x0,0x5c0(%r15)
  0x00007daafbfff6cb:   movq   $0x0,0x5c8(%r15)
  0x00007daafbfff6d6:   add    $0x60,%rsp
  0x00007daafbfff6da:   pop    %rbp
  0x00007daafbfff6db:   jmp    0x00007dab0357b760           ;   {runtime_call unwind_exception_blob (C1 runtime)}
[Stub Code]
  0x00007daafbfff6e0:   nopl   0x0(%rax,%rax,1)             ;   {other}
  0x00007daafbfff6e5:   movabs $0x0,%rbx                    ;   {static_stub}
  0x00007daafbfff6ef:   jmp    0x00007daafbfff6ef           ;   {runtime_call nmethod}
  0x00007daafbfff6f4:   nop
  0x00007daafbfff6f5:   movabs $0x0,%rbx                    ;   {static_stub}
  0x00007daafbfff6ff:   jmp    0x00007daafbfff6ff           ;   {runtime_call nmethod}
  0x00007daafbfff704:   movabs $0x0,%rbx                    ;   {static_stub}
  0x00007daafbfff70e:   jmp    0x00007daafbfff70e           ;   {runtime_call nmethod}
  0x00007daafbfff713:   movabs $0x0,%rbx                    ;   {static_stub}
  0x00007daafbfff71d:   jmp    0x00007daafbfff71d           ;   {runtime_call nmethod}
  0x00007daafbfff722:   movabs $0x0,%rbx                    ;   {static_stub}
  0x00007daafbfff72c:   jmp    0x00007daafbfff72c           ;   {runtime_call nmethod}
[Exception Handler]
  0x00007daafbfff731:   call   0x00007dab0357e8e0           ;   {runtime_call handle_exception_from_callee_blob (C1 runtime)}
  0x00007daafbfff736:   movabs $0x7dab19f3aec4,%rdi         ;   {external_word}
  0x00007daafbfff740:   and    $0xfffffffffffffff0,%rsp
  0x00007daafbfff744:   call   0x00007dab19991cc0           ;   {runtime_call MacroAssembler::debug64(char*, long, long*)}
  0x00007daafbfff749:   hlt    
  0x00007daafbfff74a:   call   0x00007dab034afe60           ;   {runtime_call DeoptimizationBlob}
[Deopt Handler Entry Point]
  0x00007daafbfff74f:   jmp    0x00007daafbfff74a
  0x00007daafbfff751:   hlt    
  0x00007daafbfff752:   hlt    
  0x00007daafbfff753:   hlt    
  0x00007daafbfff754:   hlt    
  0x00007daafbfff755:   hlt    
  0x00007daafbfff756:   hlt    
  0x00007daafbfff757:   hlt    
--------------------------------------------------------------------------------
[/Disassembly]
