
============================= C1-compiled nmethod ==============================
----------------------------------- Assembly -----------------------------------

Compiled method (c1) 372   24       3       jdk.internal.classfile.impl.SplitConstantPool::canWriteDirect (24 bytes)
 total in heap  [0x0000729c2bfff008,0x0000729c2bfff3c8] = 960
 main code      [0x0000729c2bfff100,0x0000729c2bfff398] = 664
 stub code      [0x0000729c2bfff398,0x0000729c2bfff3c8] = 48
 mutable data [0x0000729bd4014dd0,0x0000729bd4014e30] = 96
 relocation     [0x0000729bd4014dd0,0x0000729bd4014e20] = 80
 metadata       [0x0000729bd4014e20,0x0000729bd4014e30] = 16
 immutable data [0x0000729bd40011f0,0x0000729bd4001384] = 404
 dependencies   [0x0000729bd40011f0,0x0000729bd40011f8] = 8
 scopes pcs     [0x0000729bd40011f8,0x0000729bd4001308] = 272
 scopes data    [0x0000729bd4001308,0x0000729bd4001380] = 120

[Disassembly]
--------------------------------------------------------------------------------
[Constant Pool (empty)]

--------------------------------------------------------------------------------

[Instructions begin]
  0x0000729c2bfff100:   data16 data16 nopw 0x0(%rax,%rax,1)
  0x0000729c2bfff10b:   data16 data16 xchg %ax,%ax
  0x0000729c2bfff10f:   data16 xchg %ax,%ax
[Entry Point]
  # {method} {0x00000000363486b0} &apos;canWriteDirect&apos; &apos;(Ljava/lang/classfile/constantpool/ConstantPool;)Z&apos; in &apos;jdk/internal/classfile/impl/SplitConstantPool&apos;
  # this:     rsi:rsi   = &apos;jdk/internal/classfile/impl/SplitConstantPool&apos;
  # parm0:    rdx:rdx   = &apos;java/lang/classfile/constantpool/ConstantPool&apos;
  #           [sp+0x60]  (sp of caller)
  0x0000729c2bfff112:   mov    0x8(%rsi),%r10d
  0x0000729c2bfff116:   cmp    0x8(%rax),%r10d
  0x0000729c2bfff11a:   jne    0x0000729c334ad6e0           ;   {runtime_call ic_miss_blob (shared runtime)}
[Verified Entry Point]
  0x0000729c2bfff120:   mov    %eax,-0x14000(%rsp)
  0x0000729c2bfff127:   push   %rbp
  0x0000729c2bfff128:   sub    $0x50,%rsp
  0x0000729c2bfff12c:   cmpl   $0x1,0x20(%r15)
  0x0000729c2bfff134:   je     0x0000729c2bfff13b
  0x0000729c2bfff136:   call   Stub::method_entry_barrier_stub (stub gen)
                                                            ;   {runtime_call Stub::method_entry_barrier_stub (stub gen)}
  0x0000729c2bfff13b:   movabs $0x729be40ad488,%rax         ;   {metadata(method data for {method} {0x00000000363486b0} &apos;canWriteDirect&apos; &apos;(Ljava/lang/classfile/constantpool/ConstantPool;)Z&apos; in &apos;jdk/internal/classfile/impl/SplitConstantPool&apos;)}
  0x0000729c2bfff145:   mov    0x90(%rax),%edi
  0x0000729c2bfff14b:   add    $0x2,%edi
  0x0000729c2bfff14e:   mov    %edi,0x90(%rax)
  0x0000729c2bfff154:   and    $0x7fe,%edi
  0x0000729c2bfff15a:   test   %edi,%edi
  0x0000729c2bfff15c:   je     0x0000729c2bfff2ee           ;*aload_1 {reexecute=0 rethrow=0 return_oop=0}
                                                            ; - jdk.internal.classfile.impl.SplitConstantPool::canWriteDirect@0 (line 124)
  0x0000729c2bfff162:   movabs $0x729be40ad488,%rax         ;   {metadata(method data for {method} {0x00000000363486b0} &apos;canWriteDirect&apos; &apos;(Ljava/lang/classfile/constantpool/ConstantPool;)Z&apos; in &apos;jdk/internal/classfile/impl/SplitConstantPool&apos;)}
  0x0000729c2bfff16c:   addq   $0x1,0xd8(%rax)
  0x0000729c2bfff174:   movabs $0x729be40ad238,%rax         ;   {metadata(method data for {method} {0x000000003621efa0} &apos;requireNonNull&apos; &apos;(Ljava/lang/Object;)Ljava/lang/Object;&apos; in &apos;java/util/Objects&apos;)}
  0x0000729c2bfff17e:   mov    0x90(%rax),%edi
  0x0000729c2bfff184:   add    $0x2,%edi
  0x0000729c2bfff187:   mov    %edi,0x90(%rax)
  0x0000729c2bfff18d:   and    $0x1ffffe,%edi
  0x0000729c2bfff193:   test   %edi,%edi
  0x0000729c2bfff195:   je     0x0000729c2bfff30f
  0x0000729c2bfff19b:   test   %rdx,%rdx
  0x0000729c2bfff19e:   movabs $0x729be40ad238,%rax         ;   {metadata(method data for {method} {0x000000003621efa0} &apos;requireNonNull&apos; &apos;(Ljava/lang/Object;)Ljava/lang/Object;&apos; in &apos;java/util/Objects&apos;)}
  0x0000729c2bfff1a8:   mov    $0xe8,%edi
  0x0000729c2bfff1ad:   je     0x0000729c2bfff1b4
  0x0000729c2bfff1af:   mov    $0xd8,%edi
  0x0000729c2bfff1b4:   mov    (%rax,%rdi,1),%rcx
  0x0000729c2bfff1b8:   lea    0x1(%rcx),%rcx
  0x0000729c2bfff1bc:   mov    %rcx,(%rax,%rdi,1)
  0x0000729c2bfff1c0:   je     0x0000729c2bfff255           ;*ifnonnull {reexecute=0 rethrow=0 return_oop=0}
                                                            ; - java.util.Objects::requireNonNull@1 (line 219)
                                                            ; - jdk.internal.classfile.impl.SplitConstantPool::canWriteDirect@1 (line 124)
  0x0000729c2bfff1c6:   cmp    %rdx,%rsi
  0x0000729c2bfff1c9:   movabs $0x729be40ad488,%rax         ;   {metadata(method data for {method} {0x00000000363486b0} &apos;canWriteDirect&apos; &apos;(Ljava/lang/classfile/constantpool/ConstantPool;)Z&apos; in &apos;jdk/internal/classfile/impl/SplitConstantPool&apos;)}
  0x0000729c2bfff1d3:   mov    $0xe8,%edi
  0x0000729c2bfff1d8:   je     0x0000729c2bfff1df
  0x0000729c2bfff1da:   mov    $0xf8,%edi
  0x0000729c2bfff1df:   mov    (%rax,%rdi,1),%rcx
  0x0000729c2bfff1e3:   lea    0x1(%rcx),%rcx
  0x0000729c2bfff1e7:   mov    %rcx,(%rax,%rdi,1)
  0x0000729c2bfff1eb:   je     0x0000729c2bfff223           ;*if_acmpeq {reexecute=0 rethrow=0 return_oop=0}
                                                            ; - jdk.internal.classfile.impl.SplitConstantPool::canWriteDirect@7 (line 125)
  0x0000729c2bfff1f1:   mov    0x20(%rsi),%eax
  0x0000729c2bfff1f4:   shl    $0x3,%rax                    ;*getfield parent {reexecute=0 rethrow=0 return_oop=0}
                                                            ; - jdk.internal.classfile.impl.SplitConstantPool::canWriteDirect@11 (line 125)
  0x0000729c2bfff1f8:   cmp    %rdx,%rax
  0x0000729c2bfff1fb:   movabs $0x729be40ad488,%rax         ;   {metadata(method data for {method} {0x00000000363486b0} &apos;canWriteDirect&apos; &apos;(Ljava/lang/classfile/constantpool/ConstantPool;)Z&apos; in &apos;jdk/internal/classfile/impl/SplitConstantPool&apos;)}
  0x0000729c2bfff205:   mov    $0x108,%edx
  0x0000729c2bfff20a:   jne    0x0000729c2bfff211
  0x0000729c2bfff20c:   mov    $0x118,%edx
  0x0000729c2bfff211:   mov    (%rax,%rdx,1),%rsi
  0x0000729c2bfff215:   lea    0x1(%rsi),%rsi
  0x0000729c2bfff219:   mov    %rsi,(%rax,%rdx,1)
  0x0000729c2bfff21d:   jne    0x0000729c2bfff23d           ;*if_acmpne {reexecute=0 rethrow=0 return_oop=0}
                                                            ; - jdk.internal.classfile.impl.SplitConstantPool::canWriteDirect@15 (line 125)
  0x0000729c2bfff223:   movabs $0x729be40ad488,%rax         ;   {metadata(method data for {method} {0x00000000363486b0} &apos;canWriteDirect&apos; &apos;(Ljava/lang/classfile/constantpool/ConstantPool;)Z&apos; in &apos;jdk/internal/classfile/impl/SplitConstantPool&apos;)}
  0x0000729c2bfff22d:   incl   0x128(%rax)
  0x0000729c2bfff233:   mov    $0x1,%eax
  0x0000729c2bfff238:   jmp    0x0000729c2bfff242           ;*goto {reexecute=0 rethrow=0 return_oop=0}
                                                            ; - jdk.internal.classfile.impl.SplitConstantPool::canWriteDirect@19 (line 125)
  0x0000729c2bfff23d:   mov    $0x0,%eax
  0x0000729c2bfff242:   and    $0x1,%eax
  0x0000729c2bfff245:   add    $0x50,%rsp
  0x0000729c2bfff249:   pop    %rbp
  0x0000729c2bfff24a:   cmp    0x28(%r15),%rsp              ;   {poll_return}
  0x0000729c2bfff24e:   ja     0x0000729c2bfff330
  0x0000729c2bfff254:   ret                                 ;*ireturn {reexecute=0 rethrow=0 return_oop=0}
                                                            ; - jdk.internal.classfile.impl.SplitConstantPool::canWriteDirect@23 (line 125)
  0x0000729c2bfff255:   mov    %rdx,0x40(%rsp)
  0x0000729c2bfff25a:   mov    %rsi,0x38(%rsp)
  0x0000729c2bfff25f:   nop
  0x0000729c2bfff260:   jmp    0x0000729c2bfff355           ;   {other}
  0x0000729c2bfff265:   add    %al,(%rax)
  0x0000729c2bfff267:   add    %al,(%rax)
  0x0000729c2bfff269:   add    %cl,-0x75(%rcx)
  0x0000729c2bfff26c:   xchg   %esi,0x48000001(%rax)
  0x0000729c2bfff272:   lea    0x30(%rax),%edi
  0x0000729c2bfff275:   cmp    0x1c0(%r15),%rdi
  0x0000729c2bfff27c:   ja     0x0000729c2bfff35f
  0x0000729c2bfff282:   mov    %rdi,0x1b0(%r15)
  0x0000729c2bfff289:   movq   $0x1,(%rax)
  0x0000729c2bfff290:   mov    %rdx,%rcx
  0x0000729c2bfff293:   mov    $0x36000000,%r10d
  0x0000729c2bfff299:   sub    %r10,%rcx
  0x0000729c2bfff29c:   mov    %ecx,0x8(%rax)
  0x0000729c2bfff29f:   xor    %rcx,%rcx
  0x0000729c2bfff2a2:   mov    %ecx,0xc(%rax)
  0x0000729c2bfff2a5:   xor    %rcx,%rcx
  0x0000729c2bfff2a8:   mov    %rcx,0x10(%rax)
  0x0000729c2bfff2ac:   mov    %rcx,0x18(%rax)
  0x0000729c2bfff2b0:   mov    %rcx,0x20(%rax)
  0x0000729c2bfff2b4:   mov    %rcx,0x28(%rax)              ;*new {reexecute=0 rethrow=0 return_oop=0}
                                                            ; - java.util.Objects::requireNonNull@4 (line 220)
                                                            ; - jdk.internal.classfile.impl.SplitConstantPool::canWriteDirect@1 (line 124)
  0x0000729c2bfff2b8:   mov    %rax,%rsi
  0x0000729c2bfff2bb:   movabs $0x729be40ad238,%rdi         ;   {metadata(method data for {method} {0x000000003621efa0} &apos;requireNonNull&apos; &apos;(Ljava/lang/Object;)Ljava/lang/Object;&apos; in &apos;java/util/Objects&apos;)}
  0x0000729c2bfff2c5:   addq   $0x1,0xf8(%rdi)
  0x0000729c2bfff2cd:   mov    %rax,%rsi                    ;*invokespecial &lt;init&gt; {reexecute=0 rethrow=0 return_oop=0}
                                                            ; - java.util.Objects::requireNonNull@8 (line 220)
                                                            ; - jdk.internal.classfile.impl.SplitConstantPool::canWriteDirect@1 (line 124)
  0x0000729c2bfff2d0:   mov    %rax,0x30(%rsp)
  0x0000729c2bfff2d5:   xchg   %ax,%ax
  0x0000729c2bfff2d7:   call   0x0000729c334ad9e0           ; ImmutableOopMap {[48]=Oop [56]=Oop [64]=Oop }
                                                            ;*invokespecial &lt;init&gt; {reexecute=0 rethrow=0 return_oop=0}
                                                            ; - java.util.Objects::requireNonNull@8 (line 220)
                                                            ; - jdk.internal.classfile.impl.SplitConstantPool::canWriteDirect@1 (line 124)
                                                            ;   {optimized virtual_call}
  0x0000729c2bfff2dc:   nopl   0x2d4(%rax,%rax,1)           ;*invokespecial &lt;init&gt; {reexecute=0 rethrow=0 return_oop=0}
                                                            ; - java.util.Objects::requireNonNull@8 (line 220)
                                                            ; - jdk.internal.classfile.impl.SplitConstantPool::canWriteDirect@1 (line 124)
                                                            ;   {post_call_nop}
  0x0000729c2bfff2e4:   mov    0x30(%rsp),%rax
  0x0000729c2bfff2e9:   jmp    0x0000729c2bfff389
  0x0000729c2bfff2ee:   movabs $0x363486b0,%r10             ;   {metadata({method} {0x00000000363486b0} &apos;canWriteDirect&apos; &apos;(Ljava/lang/classfile/constantpool/ConstantPool;)Z&apos; in &apos;jdk/internal/classfile/impl/SplitConstantPool&apos;)}
  0x0000729c2bfff2f8:   mov    %r10,0x8(%rsp)
  0x0000729c2bfff2fd:   movq   $0xffffffffffffffff,(%rsp)
  0x0000729c2bfff305:   call   0x0000729c335826e0           ; ImmutableOopMap {rsi=Oop rdx=Oop }
                                                            ;*synchronization entry
                                                            ; - jdk.internal.classfile.impl.SplitConstantPool::canWriteDirect@-1 (line 124)
                                                            ;   {runtime_call counter_overflow_blob (C1 runtime)}
  0x0000729c2bfff30a:   jmp    0x0000729c2bfff162
  0x0000729c2bfff30f:   movabs $0x3621efa0,%r10             ;   {metadata({method} {0x000000003621efa0} &apos;requireNonNull&apos; &apos;(Ljava/lang/Object;)Ljava/lang/Object;&apos; in &apos;java/util/Objects&apos;)}
  0x0000729c2bfff319:   mov    %r10,0x8(%rsp)
  0x0000729c2bfff31e:   movq   $0xffffffffffffffff,(%rsp)
  0x0000729c2bfff326:   call   0x0000729c335826e0           ; ImmutableOopMap {rsi=Oop rdx=Oop }
                                                            ;*synchronization entry
                                                            ; - java.util.Objects::requireNonNull@-1 (line 219)
                                                            ; - jdk.internal.classfile.impl.SplitConstantPool::canWriteDirect@1 (line 124)
                                                            ;   {runtime_call counter_overflow_blob (C1 runtime)}
  0x0000729c2bfff32b:   jmp    0x0000729c2bfff19b
  0x0000729c2bfff330:   movabs $0x729c2bfff24a,%r10         ;   {internal_word}
  0x0000729c2bfff33a:   mov    %r10,0x510(%r15)
  0x0000729c2bfff341:   jmp    0x0000729c334afb60           ;   {runtime_call SafepointBlob}
  0x0000729c2bfff346:   movabs $0x0,%rdx                    ;   {metadata(nullptr)}
  0x0000729c2bfff350:   mov    $0xa050f00,%eax
  0x0000729c2bfff355:   call   0x0000729c335812e0           ; ImmutableOopMap {[56]=Oop [64]=Oop }
                                                            ;*new {reexecute=1 rethrow=0 return_oop=0}
                                                            ; - (reexecute) java.util.Objects::requireNonNull@4 (line 220)
                                                            ; - jdk.internal.classfile.impl.SplitConstantPool::canWriteDirect@1 (line 124)
                                                            ;   {runtime_call load_klass_patching_blob (C1 runtime)}
  0x0000729c2bfff35a:   jmp    0x0000729c2bfff260
  0x0000729c2bfff35f:   mov    %rdx,%rdx
  0x0000729c2bfff362:   call   0x0000729c3357cf60           ; ImmutableOopMap {[56]=Oop [64]=Oop }
                                                            ;*new {reexecute=0 rethrow=0 return_oop=0}
                                                            ; - java.util.Objects::requireNonNull@4 (line 220)
                                                            ; - jdk.internal.classfile.impl.SplitConstantPool::canWriteDirect@1 (line 124)
                                                            ;   {runtime_call fast_new_instance_blob (C1 runtime)}
  0x0000729c2bfff367:   jmp    0x0000729c2bfff2b8
  0x0000729c2bfff36c:   mov    0x5c0(%r15),%rax
  0x0000729c2bfff373:   movq   $0x0,0x5c0(%r15)
  0x0000729c2bfff37e:   movq   $0x0,0x5c8(%r15)
  0x0000729c2bfff389:   add    $0x50,%rsp
  0x0000729c2bfff38d:   pop    %rbp
  0x0000729c2bfff38e:   jmp    0x0000729c3357ae60           ;   {runtime_call unwind_exception_blob (C1 runtime)}
  0x0000729c2bfff393:   hlt    
  0x0000729c2bfff394:   hlt    
  0x0000729c2bfff395:   hlt    
  0x0000729c2bfff396:   hlt    
  0x0000729c2bfff397:   hlt    
[Stub Code]
  0x0000729c2bfff398:   movabs $0x0,%rbx                    ;   {static_stub}
  0x0000729c2bfff3a2:   jmp    0x0000729c2bfff3a2           ;   {runtime_call nmethod}
[Exception Handler]
  0x0000729c2bfff3a7:   call   0x0000729c3357e460           ;   {runtime_call handle_exception_from_callee_blob (C1 runtime)}
  0x0000729c2bfff3ac:   movabs $0x729c4c33aec4,%rdi         ;   {external_word}
  0x0000729c2bfff3b6:   and    $0xfffffffffffffff0,%rsp
  0x0000729c2bfff3ba:   call   0x0000729c4bd91cc0           ;   {runtime_call MacroAssembler::debug64(char*, long, long*)}
  0x0000729c2bfff3bf:   hlt    
  0x0000729c2bfff3c0:   call   0x0000729c334afe60           ;   {runtime_call DeoptimizationBlob}
[Deopt Handler Entry Point]
  0x0000729c2bfff3c5:   jmp    0x0000729c2bfff3c0
  0x0000729c2bfff3c7:   hlt    
--------------------------------------------------------------------------------
[/Disassembly]
