
============================= C1-compiled nmethod ==============================
----------------------------------- Assembly -----------------------------------

Compiled method (c1) 69    3       2       java.util.zip.ZipFile::zipCoderFor (27 bytes)
 total in heap  [0x0000782debfff008,0x0000782debfff2b8] = 688
 main code      [0x0000782debfff100,0x0000782debfff270] = 368
 stub code      [0x0000782debfff270,0x0000782debfff2b8] = 72
 mutable data [0x0000782d94014f20,0x0000782d94014f80] = 96
 relocation     [0x0000782d94014f20,0x0000782d94014f70] = 80
 metadata       [0x0000782d94014f70,0x0000782d94014f80] = 16
 immutable data [0x0000782d94014dd0,0x0000782d94014f14] = 324
 dependencies   [0x0000782d94014dd0,0x0000782d94014dd8] = 8
 scopes pcs     [0x0000782d94014dd8,0x0000782d94014ea8] = 208
 scopes data    [0x0000782d94014ea8,0x0000782d94014f10] = 104

[Disassembly]
--------------------------------------------------------------------------------
[Constant Pool (empty)]

--------------------------------------------------------------------------------

[Verified Entry Point]
  # {method} {0x000000007c2be920} &apos;zipCoderFor&apos; &apos;([BILjava/util/zip/ZipCoder;)Ljava/util/zip/ZipCoder;&apos; in &apos;java/util/zip/ZipFile&apos;
  # parm0:    rsi:rsi   = &apos;[B&apos;
  # parm1:    rdx       = int
  # parm2:    rcx:rcx   = &apos;java/util/zip/ZipCoder&apos;
  #           [sp+0x70]  (sp of caller)
  0x0000782debfff100:   mov    %eax,-0x14000(%rsp)
  0x0000782debfff107:   push   %rbp
  0x0000782debfff108:   sub    $0x60,%rsp
  0x0000782debfff10c:   cmpl   $0x1,0x20(%r15)
  0x0000782debfff114:   je     0x0000782debfff11b
  0x0000782debfff116:   call   Stub::method_entry_barrier_stub (stub gen)
                                                            ;   {runtime_call Stub::method_entry_barrier_stub (stub gen)}
  0x0000782debfff11b:   movabs $0x782da400daf0,%rdi
  0x0000782debfff125:   mov    0x8(%rdi),%ebx
  0x0000782debfff128:   add    $0x2,%ebx
  0x0000782debfff12b:   mov    %ebx,0x8(%rdi)
  0x0000782debfff12e:   and    $0xffe,%ebx
  0x0000782debfff134:   test   %ebx,%ebx
  0x0000782debfff136:   je     0x0000782debfff1e0           ;*aload_2 {reexecute=0 rethrow=0 return_oop=0}
                                                            ; - java.util.zip.ZipFile::zipCoderFor@0 (line 384)
  0x0000782debfff13c:   mov    %edx,0x38(%rsp)
  0x0000782debfff140:   mov    %rsi,0x40(%rsp)
  0x0000782debfff145:   mov    %rcx,%rsi                    ;*invokevirtual isUTF8 {reexecute=0 rethrow=0 return_oop=0}
                                                            ; - java.util.zip.ZipFile::zipCoderFor@1 (line 384)
  0x0000782debfff148:   mov    %rcx,0x48(%rsp)
  0x0000782debfff14d:   movabs $0x782d94015020,%rax
  0x0000782debfff157:   call   0x0000782df34adce0           ; ImmutableOopMap {[64]=Oop [72]=Oop }
                                                            ;*invokevirtual isUTF8 {reexecute=0 rethrow=0 return_oop=0}
                                                            ; - java.util.zip.ZipFile::zipCoderFor@1 (line 384)
                                                            ;   {virtual_call}
  0x0000782debfff15c:   nopl   0x154(%rax,%rax,1)           ;*invokevirtual isUTF8 {reexecute=0 rethrow=0 return_oop=0}
                                                            ; - java.util.zip.ZipFile::zipCoderFor@1 (line 384)
                                                            ;   {post_call_nop}
  0x0000782debfff164:   test   %eax,%eax
  0x0000782debfff166:   jne    0x0000782debfff1c8           ;*ifeq {reexecute=0 rethrow=0 return_oop=0}
                                                            ; - java.util.zip.ZipFile::zipCoderFor@4 (line 384)
  0x0000782debfff16c:   mov    0x38(%rsp),%edx
  0x0000782debfff170:   mov    0x40(%rsp),%rsi
  0x0000782debfff175:   add    $0x8,%edx
  0x0000782debfff178:   nopl   0x0(%rax)
  0x0000782debfff17f:   call   0x0000782df34adfe0           ; ImmutableOopMap {[72]=Oop }
                                                            ;*invokestatic get16 {reexecute=0 rethrow=0 return_oop=0}
                                                            ; - java.util.zip.ZipUtils::CENFLG@5 (line 260)
                                                            ; - java.util.zip.ZipFile::zipCoderFor@11 (line 390)
                                                            ;   {static_call}
  0x0000782debfff184:   nopl   0x100017c(%rax,%rax,1)       ;*invokestatic get16 {reexecute=0 rethrow=0 return_oop=0}
                                                            ; - java.util.zip.ZipUtils::CENFLG@5 (line 260)
                                                            ; - java.util.zip.ZipFile::zipCoderFor@11 (line 390)
                                                            ;   {post_call_nop}
  0x0000782debfff18c:   and    $0x800,%eax
  0x0000782debfff191:   test   %eax,%eax
  0x0000782debfff193:   je     0x0000782debfff1b3           ;*ifeq {reexecute=0 rethrow=0 return_oop=0}
                                                            ; - java.util.zip.ZipFile::zipCoderFor@18 (line 390)
  0x0000782debfff199:   movabs $0x41f8265a8,%rax            ;   {oop(a &apos;java/util/zip/ZipCoder$UTF8ZipCoder&apos;{0x000000041f8265a8})}
  0x0000782debfff1a3:   add    $0x60,%rsp
  0x0000782debfff1a7:   pop    %rbp
  0x0000782debfff1a8:   cmp    0x28(%r15),%rsp              ;   {poll_return}
  0x0000782debfff1ac:   ja     0x0000782debfff201
  0x0000782debfff1b2:   ret                                 ;*areturn {reexecute=0 rethrow=0 return_oop=0}
                                                            ; - java.util.zip.ZipFile::zipCoderFor@24 (line 392)
  0x0000782debfff1b3:   mov    0x48(%rsp),%rax
  0x0000782debfff1b8:   add    $0x60,%rsp
  0x0000782debfff1bc:   pop    %rbp
  0x0000782debfff1bd:   cmp    0x28(%r15),%rsp              ;   {poll_return}
  0x0000782debfff1c1:   ja     0x0000782debfff217
  0x0000782debfff1c7:   ret                                 ;*areturn {reexecute=0 rethrow=0 return_oop=0}
                                                            ; - java.util.zip.ZipFile::zipCoderFor@26 (line 395)
  0x0000782debfff1c8:   mov    0x48(%rsp),%rcx
  0x0000782debfff1cd:   mov    %rcx,%rax
  0x0000782debfff1d0:   add    $0x60,%rsp
  0x0000782debfff1d4:   pop    %rbp
  0x0000782debfff1d5:   cmp    0x28(%r15),%rsp              ;   {poll_return}
  0x0000782debfff1d9:   ja     0x0000782debfff22d
  0x0000782debfff1df:   ret    
  0x0000782debfff1e0:   movabs $0x7c2be920,%r10             ;   {metadata({method} {0x000000007c2be920} &apos;zipCoderFor&apos; &apos;([BILjava/util/zip/ZipCoder;)Ljava/util/zip/ZipCoder;&apos; in &apos;java/util/zip/ZipFile&apos;)}
  0x0000782debfff1ea:   mov    %r10,0x8(%rsp)
  0x0000782debfff1ef:   movq   $0xffffffffffffffff,(%rsp)
  0x0000782debfff1f7:   call   0x0000782df3583460           ; ImmutableOopMap {rsi=Oop rcx=Oop }
                                                            ;*synchronization entry
                                                            ; - java.util.zip.ZipFile::zipCoderFor@-1 (line 384)
                                                            ;   {runtime_call counter_overflow_blob (C1 runtime)}
  0x0000782debfff1fc:   jmp    0x0000782debfff13c
  0x0000782debfff201:   movabs $0x782debfff1a8,%r10         ;   {internal_word}
  0x0000782debfff20b:   mov    %r10,0x510(%r15)
  0x0000782debfff212:   jmp    0x0000782df34afb60           ;   {runtime_call SafepointBlob}
  0x0000782debfff217:   movabs $0x782debfff1bd,%r10         ;   {internal_word}
  0x0000782debfff221:   mov    %r10,0x510(%r15)
  0x0000782debfff228:   jmp    0x0000782df34afb60           ;   {runtime_call SafepointBlob}
  0x0000782debfff22d:   movabs $0x782debfff1d5,%r10         ;   {internal_word}
  0x0000782debfff237:   mov    %r10,0x510(%r15)
  0x0000782debfff23e:   jmp    0x0000782df34afb60           ;   {runtime_call SafepointBlob}
  0x0000782debfff243:   mov    0x5c0(%r15),%rax
  0x0000782debfff24a:   movq   $0x0,0x5c0(%r15)
  0x0000782debfff255:   movq   $0x0,0x5c8(%r15)
  0x0000782debfff260:   add    $0x60,%rsp
  0x0000782debfff264:   pop    %rbp
  0x0000782debfff265:   jmp    0x0000782df357b760           ;   {runtime_call unwind_exception_blob (C1 runtime)}
  0x0000782debfff26a:   hlt    
  0x0000782debfff26b:   hlt    
  0x0000782debfff26c:   hlt    
  0x0000782debfff26d:   hlt    
  0x0000782debfff26e:   hlt    
  0x0000782debfff26f:   hlt    
[Stub Code]
  0x0000782debfff270:   nopl   0x0(%rax,%rax,1)             ;   {other}
  0x0000782debfff275:   movabs $0x0,%rbx                    ;   {static_stub}
  0x0000782debfff27f:   jmp    0x0000782debfff27f           ;   {runtime_call nmethod}
  0x0000782debfff284:   movabs $0x0,%rbx                    ;   {static_stub}
  0x0000782debfff28e:   jmp    0x0000782debfff28e           ;   {runtime_call nmethod}
[Exception Handler]
  0x0000782debfff293:   call   0x0000782df357f2e0           ;   {runtime_call handle_exception_from_callee_blob (C1 runtime)}
  0x0000782debfff298:   movabs $0x782e0c13aec4,%rdi         ;   {external_word}
  0x0000782debfff2a2:   and    $0xfffffffffffffff0,%rsp
  0x0000782debfff2a6:   call   0x0000782e0bb91cc0           ;   {runtime_call MacroAssembler::debug64(char*, long, long*)}
  0x0000782debfff2ab:   hlt    
  0x0000782debfff2ac:   call   0x0000782df34afe60           ;   {runtime_call DeoptimizationBlob}
[Deopt Handler Entry Point]
  0x0000782debfff2b1:   jmp    0x0000782debfff2ac
  0x0000782debfff2b3:   hlt    
  0x0000782debfff2b4:   hlt    
  0x0000782debfff2b5:   hlt    
  0x0000782debfff2b6:   hlt    
  0x0000782debfff2b7:   hlt    
--------------------------------------------------------------------------------
[/Disassembly]
