
============================= C1-compiled nmethod ==============================
----------------------------------- Assembly -----------------------------------

Compiled method (c1) 358   24       3       java.lang.System$1::countNonZeroAscii (5 bytes)
 total in heap  [0x000076670ffff008,0x000076670ffff628] = 1568
 main code      [0x000076670ffff100,0x000076670ffff5e8] = 1256
 stub code      [0x000076670ffff5e8,0x000076670ffff628] = 64
 mutable data [0x00007666b00152e0,0x00007666b0015390] = 176
 relocation     [0x00007666b00152e0,0x00007666b0015360] = 128
 metadata       [0x00007666b0015360,0x00007666b0015390] = 48
 immutable data [0x00007666b0014fd0,0x00007666b00152cc] = 764
 dependencies   [0x00007666b0014fd0,0x00007666b0014fe0] = 16
 nul chk table  [0x00007666b0014fe0,0x00007666b0015000] = 32
 scopes pcs     [0x00007666b0015000,0x00007666b00151d0] = 464
 scopes data    [0x00007666b00151d0,0x00007666b00152c8] = 248

[Disassembly]
--------------------------------------------------------------------------------
[Constant Pool (empty)]

--------------------------------------------------------------------------------

[Instructions begin]
  0x000076670ffff100:   data16 data16 nopw 0x0(%rax,%rax,1)
  0x000076670ffff10b:   data16 data16 xchg %ax,%ax
  0x000076670ffff10f:   data16 xchg %ax,%ax
[Entry Point]
  # {method} {0x000000002e184528} &apos;countNonZeroAscii&apos; &apos;(Ljava/lang/String;)I&apos; in &apos;java/lang/System$1&apos;
  # this:     rsi:rsi   = &apos;java/lang/System$1&apos;
  # parm0:    rdx:rdx   = &apos;java/lang/String&apos;
  #           [sp+0x70]  (sp of caller)
  0x000076670ffff112:   mov    0x8(%rsi),%r10d
  0x000076670ffff116:   cmp    0x8(%rax),%r10d
  0x000076670ffff11a:   jne    0x00007667174ad6e0           ;   {runtime_call ic_miss_blob (shared runtime)}
[Verified Entry Point]
  0x000076670ffff120:   mov    %eax,-0x14000(%rsp)
  0x000076670ffff127:   push   %rbp
  0x000076670ffff128:   sub    $0x60,%rsp
  0x000076670ffff12c:   cmpl   $0x1,0x20(%r15)
  0x000076670ffff134:   je     0x000076670ffff13b
  0x000076670ffff136:   call   Stub::method_entry_barrier_stub (stub gen)
                                                            ;   {runtime_call Stub::method_entry_barrier_stub (stub gen)}
  0x000076670ffff13b:   movabs $0x7666c80b40f8,%rcx         ;   {metadata(method data for {method} {0x000000002e184528} &apos;countNonZeroAscii&apos; &apos;(Ljava/lang/String;)I&apos; in &apos;java/lang/System$1&apos;)}
  0x000076670ffff145:   mov    0x90(%rcx),%edi
  0x000076670ffff14b:   add    $0x2,%edi
  0x000076670ffff14e:   mov    %edi,0x90(%rcx)
  0x000076670ffff154:   and    $0x7fe,%edi
  0x000076670ffff15a:   test   %edi,%edi
  0x000076670ffff15c:   je     0x000076670ffff4dc           ;*aload_1 {reexecute=0 rethrow=0 return_oop=0}
                                                            ; - java.lang.System$1::countNonZeroAscii@0 (line 2145)
  0x000076670ffff162:   movabs $0x7666c80b40f8,%rcx         ;   {metadata(method data for {method} {0x000000002e184528} &apos;countNonZeroAscii&apos; &apos;(Ljava/lang/String;)I&apos; in &apos;java/lang/System$1&apos;)}
  0x000076670ffff16c:   addq   $0x1,0xd8(%rcx)
  0x000076670ffff174:   movabs $0x7666c80b4228,%rcx         ;   {metadata(method data for {method} {0x000000002e1d8dd0} &apos;countNonZeroAscii&apos; &apos;(Ljava/lang/String;)I&apos; in &apos;java/lang/StringCoding&apos;)}
  0x000076670ffff17e:   mov    0x90(%rcx),%esi
  0x000076670ffff184:   add    $0x2,%esi
  0x000076670ffff187:   mov    %esi,0x90(%rcx)
  0x000076670ffff18d:   and    $0x1ffffe,%esi
  0x000076670ffff193:   test   %esi,%esi
  0x000076670ffff195:   je     0x000076670ffff4fd
  0x000076670ffff19b:   cmp    (%rdx),%rax                  ; implicit exception: dispatches to 0x000076670ffff51e
                                                            ;*invokevirtual value {reexecute=0 rethrow=0 return_oop=0}
                                                            ; - java.lang.StringCoding::countNonZeroAscii@1 (line 42)
                                                            ; - java.lang.System$1::countNonZeroAscii@1 (line 2145)
  0x000076670ffff19e:   mov    %rdx,%rcx
  0x000076670ffff1a1:   movabs $0x7666c80b4228,%rsi         ;   {metadata(method data for {method} {0x000000002e1d8dd0} &apos;countNonZeroAscii&apos; &apos;(Ljava/lang/String;)I&apos; in &apos;java/lang/StringCoding&apos;)}
  0x000076670ffff1ab:   mov    0x8(%rcx),%ecx
  0x000076670ffff1ae:   mov    $0x2e000000,%r10d
  0x000076670ffff1b4:   add    %r10,%rcx
  0x000076670ffff1b7:   mov    $0x1c,%r10d
  0x000076670ffff1bd:   cmp    (%rsi,%r10,8),%rcx
  0x000076670ffff1c1:   je     0x000076670ffff1fa
  0x000076670ffff1c3:   add    $0x2,%r10
  0x000076670ffff1c7:   cmp    $0x20,%r10
  0x000076670ffff1cb:   jne    0x000076670ffff1bd
  0x000076670ffff1cd:   mov    $0x1c,%r10d
  0x000076670ffff1d3:   cmpq   $0x0,(%rsi,%r10,8)
  0x000076670ffff1d8:   je     0x000076670ffff1e6
  0x000076670ffff1da:   add    $0x2,%r10
  0x000076670ffff1de:   cmp    $0x20,%r10
  0x000076670ffff1e2:   jne    0x000076670ffff1d3
  0x000076670ffff1e4:   jmp    0x000076670ffff1f2
  0x000076670ffff1e6:   push   %rax
  0x000076670ffff1e7:   xor    %rax,%rax
  0x000076670ffff1ea:   cmpxchg %rcx,(%rsi,%r10,8)
  0x000076670ffff1ef:   pop    %rax
  0x000076670ffff1f0:   jmp    0x000076670ffff1b7
  0x000076670ffff1f2:   mov    $0x1b,%r10d
  0x000076670ffff1f8:   jmp    0x000076670ffff1fe
  0x000076670ffff1fa:   add    $0x1,%r10
  0x000076670ffff1fe:   addq   $0x1,(%rsi,%r10,8)
  0x000076670ffff203:   mov    0x14(%rdx),%esi
  0x000076670ffff206:   shl    $0x3,%rsi                    ;*getfield value {reexecute=0 rethrow=0 return_oop=0}
                                                            ; - java.lang.String::value@1 (line 5183)
                                                            ; - java.lang.StringCoding::countNonZeroAscii@1 (line 42)
                                                            ; - java.lang.System$1::countNonZeroAscii@1 (line 2145)
  0x000076670ffff20a:   mov    %rdx,%rcx
  0x000076670ffff20d:   movabs $0x7666c80b4228,%rdi         ;   {metadata(method data for {method} {0x000000002e1d8dd0} &apos;countNonZeroAscii&apos; &apos;(Ljava/lang/String;)I&apos; in &apos;java/lang/StringCoding&apos;)}
  0x000076670ffff217:   mov    0x8(%rcx),%ecx
  0x000076670ffff21a:   mov    $0x2e000000,%r10d
  0x000076670ffff220:   add    %r10,%rcx
  0x000076670ffff223:   mov    $0x22,%r10d
  0x000076670ffff229:   cmp    (%rdi,%r10,8),%rcx
  0x000076670ffff22d:   je     0x000076670ffff266
  0x000076670ffff22f:   add    $0x2,%r10
  0x000076670ffff233:   cmp    $0x26,%r10
  0x000076670ffff237:   jne    0x000076670ffff229
  0x000076670ffff239:   mov    $0x22,%r10d
  0x000076670ffff23f:   cmpq   $0x0,(%rdi,%r10,8)
  0x000076670ffff244:   je     0x000076670ffff252
  0x000076670ffff246:   add    $0x2,%r10
  0x000076670ffff24a:   cmp    $0x26,%r10
  0x000076670ffff24e:   jne    0x000076670ffff23f
  0x000076670ffff250:   jmp    0x000076670ffff25e
  0x000076670ffff252:   push   %rax
  0x000076670ffff253:   xor    %rax,%rax
  0x000076670ffff256:   cmpxchg %rcx,(%rdi,%r10,8)
  0x000076670ffff25b:   pop    %rax
  0x000076670ffff25c:   jmp    0x000076670ffff223
  0x000076670ffff25e:   mov    $0x21,%r10d
  0x000076670ffff264:   jmp    0x000076670ffff26a
  0x000076670ffff266:   add    $0x1,%r10
  0x000076670ffff26a:   addq   $0x1,(%rdi,%r10,8)
  0x000076670ffff26f:   movabs $0x7666c80b3ba0,%rcx         ;   {metadata(method data for {method} {0x000000002e4a0708} &apos;isLatin1&apos; &apos;()Z&apos; in &apos;java/lang/String&apos;)}
  0x000076670ffff279:   mov    0x90(%rcx),%edi
  0x000076670ffff27f:   add    $0x2,%edi
  0x000076670ffff282:   mov    %edi,0x90(%rcx)
  0x000076670ffff288:   and    $0x1ffffe,%edi
  0x000076670ffff28e:   test   %edi,%edi
  0x000076670ffff290:   je     0x000076670ffff523
  0x000076670ffff296:   movabs $0x7666c80b3ba0,%rcx         ;   {metadata(method data for {method} {0x000000002e4a0708} &apos;isLatin1&apos; &apos;()Z&apos; in &apos;java/lang/String&apos;)}
  0x000076670ffff2a0:   incl   0xe8(%rcx)                   ;*ifeq {reexecute=0 rethrow=0 return_oop=0}
                                                            ; - java.lang.String::isLatin1@3 (line 5187)
                                                            ; - java.lang.StringCoding::countNonZeroAscii@6 (line 43)
                                                            ; - java.lang.System$1::countNonZeroAscii@1 (line 2145)
  0x000076670ffff2a6:   movsbl 0x10(%rdx),%ecx              ;*getfield coder {reexecute=0 rethrow=0 return_oop=0}
                                                            ; - java.lang.String::isLatin1@7 (line 5187)
                                                            ; - java.lang.StringCoding::countNonZeroAscii@6 (line 43)
                                                            ; - java.lang.System$1::countNonZeroAscii@1 (line 2145)
  0x000076670ffff2aa:   test   %ecx,%ecx
  0x000076670ffff2ac:   movabs $0x7666c80b3ba0,%rdi         ;   {metadata(method data for {method} {0x000000002e4a0708} &apos;isLatin1&apos; &apos;()Z&apos; in &apos;java/lang/String&apos;)}
  0x000076670ffff2b6:   mov    $0xf8,%ebx
  0x000076670ffff2bb:   jne    0x000076670ffff2c2
  0x000076670ffff2bd:   mov    $0x108,%ebx
  0x000076670ffff2c2:   mov    (%rdi,%rbx,1),%rax
  0x000076670ffff2c6:   lea    0x1(%rax),%rax
  0x000076670ffff2ca:   mov    %rax,(%rdi,%rbx,1)
  0x000076670ffff2ce:   jne    0x000076670ffff2ee           ;*ifne {reexecute=0 rethrow=0 return_oop=0}
                                                            ; - java.lang.String::isLatin1@10 (line 5187)
                                                            ; - java.lang.StringCoding::countNonZeroAscii@6 (line 43)
                                                            ; - java.lang.System$1::countNonZeroAscii@1 (line 2145)
  0x000076670ffff2d4:   movabs $0x7666c80b3ba0,%rdi         ;   {metadata(method data for {method} {0x000000002e4a0708} &apos;isLatin1&apos; &apos;()Z&apos; in &apos;java/lang/String&apos;)}
  0x000076670ffff2de:   incl   0x118(%rdi)
  0x000076670ffff2e4:   mov    $0x1,%edi
  0x000076670ffff2e9:   jmp    0x000076670ffff2f3           ;*goto {reexecute=0 rethrow=0 return_oop=0}
                                                            ; - java.lang.String::isLatin1@14 (line 5187)
                                                            ; - java.lang.StringCoding::countNonZeroAscii@6 (line 43)
                                                            ; - java.lang.System$1::countNonZeroAscii@1 (line 2145)
  0x000076670ffff2ee:   mov    $0x0,%edi                    ;*ireturn {reexecute=0 rethrow=0 return_oop=0}
                                                            ; - java.lang.String::isLatin1@18 (line 5187)
                                                            ; - java.lang.StringCoding::countNonZeroAscii@6 (line 43)
                                                            ; - java.lang.System$1::countNonZeroAscii@1 (line 2145)
  0x000076670ffff2f3:   and    $0x1,%edi
  0x000076670ffff2f6:   test   %edi,%edi
  0x000076670ffff2f8:   movabs $0x7666c80b4228,%rdi         ;   {metadata(method data for {method} {0x000000002e1d8dd0} &apos;countNonZeroAscii&apos; &apos;(Ljava/lang/String;)I&apos; in &apos;java/lang/StringCoding&apos;)}
  0x000076670ffff302:   mov    $0x148,%ebx
  0x000076670ffff307:   jne    0x000076670ffff30e
  0x000076670ffff309:   mov    $0x138,%ebx
  0x000076670ffff30e:   mov    (%rdi,%rbx,1),%rax
  0x000076670ffff312:   lea    0x1(%rax),%rax
  0x000076670ffff316:   mov    %rax,(%rdi,%rbx,1)
  0x000076670ffff31a:   jne    0x000076670ffff4a4           ;*ifeq {reexecute=0 rethrow=0 return_oop=0}
                                                            ; - java.lang.StringCoding::countNonZeroAscii@9 (line 43)
                                                            ; - java.lang.System$1::countNonZeroAscii@1 (line 2145)
  0x000076670ffff320:   mov    %rdx,%rdi
  0x000076670ffff323:   movabs $0x7666c80b4228,%rbx         ;   {metadata(method data for {method} {0x000000002e1d8dd0} &apos;countNonZeroAscii&apos; &apos;(Ljava/lang/String;)I&apos; in &apos;java/lang/StringCoding&apos;)}
  0x000076670ffff32d:   mov    0x8(%rdi),%edi
  0x000076670ffff330:   mov    $0x2e000000,%r10d
  0x000076670ffff336:   add    %r10,%rdi
  0x000076670ffff339:   mov    $0x2e,%r10d
  0x000076670ffff33f:   cmp    (%rbx,%r10,8),%rdi
  0x000076670ffff343:   je     0x000076670ffff37c
  0x000076670ffff345:   add    $0x2,%r10
  0x000076670ffff349:   cmp    $0x32,%r10
  0x000076670ffff34d:   jne    0x000076670ffff33f
  0x000076670ffff34f:   mov    $0x2e,%r10d
  0x000076670ffff355:   cmpq   $0x0,(%rbx,%r10,8)
  0x000076670ffff35a:   je     0x000076670ffff368
  0x000076670ffff35c:   add    $0x2,%r10
  0x000076670ffff360:   cmp    $0x32,%r10
  0x000076670ffff364:   jne    0x000076670ffff355
  0x000076670ffff366:   jmp    0x000076670ffff374
  0x000076670ffff368:   push   %rax
  0x000076670ffff369:   xor    %rax,%rax
  0x000076670ffff36c:   cmpxchg %rdi,(%rbx,%r10,8)
  0x000076670ffff371:   pop    %rax
  0x000076670ffff372:   jmp    0x000076670ffff339
  0x000076670ffff374:   mov    $0x2d,%r10d
  0x000076670ffff37a:   jmp    0x000076670ffff380
  0x000076670ffff37c:   add    $0x1,%r10
  0x000076670ffff380:   addq   $0x1,(%rbx,%r10,8)
  0x000076670ffff385:   movabs $0x7666c80b3e40,%rdi         ;   {metadata(method data for {method} {0x000000002e1797e8} &apos;length&apos; &apos;()I&apos; in &apos;java/lang/String&apos;)}
  0x000076670ffff38f:   mov    0x90(%rdi),%ebx
  0x000076670ffff395:   add    $0x2,%ebx
  0x000076670ffff398:   mov    %ebx,0x90(%rdi)
  0x000076670ffff39e:   and    $0x1ffffe,%ebx
  0x000076670ffff3a4:   test   %ebx,%ebx
  0x000076670ffff3a6:   je     0x000076670ffff544
  0x000076670ffff3ac:   mov    0xc(%rsi),%edi               ; implicit exception: dispatches to 0x000076670ffff565
                                                            ;*arraylength {reexecute=0 rethrow=0 return_oop=0}
                                                            ; - java.lang.String::length@4 (line 1744)
                                                            ; - java.lang.StringCoding::countNonZeroAscii@23 (line 46)
                                                            ; - java.lang.System$1::countNonZeroAscii@1 (line 2145)
  0x000076670ffff3af:   mov    %rdx,%rbx
  0x000076670ffff3b2:   movabs $0x7666c80b3e40,%rax         ;   {metadata(method data for {method} {0x000000002e1797e8} &apos;length&apos; &apos;()I&apos; in &apos;java/lang/String&apos;)}
  0x000076670ffff3bc:   mov    0x8(%rbx),%ebx
  0x000076670ffff3bf:   mov    $0x2e000000,%r10d
  0x000076670ffff3c5:   add    %r10,%rbx
  0x000076670ffff3c8:   mov    $0x1c,%r10d
  0x000076670ffff3ce:   cmp    (%rax,%r10,8),%rbx
  0x000076670ffff3d2:   je     0x000076670ffff411
  0x000076670ffff3d4:   add    $0x2,%r10
  0x000076670ffff3d8:   cmp    $0x20,%r10
  0x000076670ffff3dc:   jne    0x000076670ffff3ce
  0x000076670ffff3de:   mov    $0x1c,%r10d
  0x000076670ffff3e4:   cmpq   $0x0,(%rax,%r10,8)
  0x000076670ffff3e9:   je     0x000076670ffff3f7
  0x000076670ffff3eb:   add    $0x2,%r10
  0x000076670ffff3ef:   cmp    $0x20,%r10
  0x000076670ffff3f3:   jne    0x000076670ffff3e4
  0x000076670ffff3f5:   jmp    0x000076670ffff409
  0x000076670ffff3f7:   push   %rcx
  0x000076670ffff3f8:   mov    %rax,%rcx
  0x000076670ffff3fb:   xor    %rax,%rax
  0x000076670ffff3fe:   cmpxchg %rbx,(%rcx,%r10,8)
  0x000076670ffff403:   mov    %rcx,%rax
  0x000076670ffff406:   pop    %rcx
  0x000076670ffff407:   jmp    0x000076670ffff3c8
  0x000076670ffff409:   mov    $0x1b,%r10d
  0x000076670ffff40f:   jmp    0x000076670ffff415
  0x000076670ffff411:   add    $0x1,%r10
  0x000076670ffff415:   addq   $0x1,(%rax,%r10,8)
  0x000076670ffff41a:   movabs $0x7666c80b3d00,%rbx         ;   {metadata(method data for {method} {0x000000002e4a15d0} &apos;coder&apos; &apos;()B&apos; in &apos;java/lang/String&apos;)}
  0x000076670ffff424:   mov    0x90(%rbx),%eax
  0x000076670ffff42a:   add    $0x2,%eax
  0x000076670ffff42d:   mov    %eax,0x90(%rbx)
  0x000076670ffff433:   and    $0x1ffffe,%eax
  0x000076670ffff438:   test   %eax,%eax
  0x000076670ffff43a:   je     0x000076670ffff56a
  0x000076670ffff440:   movabs $0x7666c80b3d00,%rdx         ;   {metadata(method data for {method} {0x000000002e4a15d0} &apos;coder&apos; &apos;()B&apos; in &apos;java/lang/String&apos;)}
  0x000076670ffff44a:   incl   0xe8(%rdx)                   ;*ifeq {reexecute=0 rethrow=0 return_oop=0}
                                                            ; - java.lang.String::coder@3 (line 5179)
                                                            ; - java.lang.String::length@6 (line 1744)
                                                            ; - java.lang.StringCoding::countNonZeroAscii@23 (line 46)
                                                            ; - java.lang.System$1::countNonZeroAscii@1 (line 2145)
  0x000076670ffff450:   movabs $0x7666c80b3d00,%rdx         ;   {metadata(method data for {method} {0x000000002e4a15d0} &apos;coder&apos; &apos;()B&apos; in &apos;java/lang/String&apos;)}
  0x000076670ffff45a:   incl   0xf8(%rdx)                   ;*goto {reexecute=0 rethrow=0 return_oop=0}
                                                            ; - java.lang.String::coder@10 (line 5179)
                                                            ; - java.lang.String::length@6 (line 1744)
                                                            ; - java.lang.StringCoding::countNonZeroAscii@23 (line 46)
                                                            ; - java.lang.System$1::countNonZeroAscii@1 (line 2145)
  0x000076670ffff460:   shl    $0x18,%ecx
  0x000076670ffff463:   sar    $0x18,%ecx
  0x000076670ffff466:   sar    %cl,%edi
  0x000076670ffff468:   movabs $0x7666c80b4228,%rdx         ;   {metadata(method data for {method} {0x000000002e1d8dd0} &apos;countNonZeroAscii&apos; &apos;(Ljava/lang/String;)I&apos; in &apos;java/lang/StringCoding&apos;)}
  0x000076670ffff472:   addq   $0x1,0x198(%rdx)
  0x000076670ffff47a:   mov    $0x0,%edx
  0x000076670ffff47f:   mov    %rdi,%rcx                    ;*invokestatic countNonZeroAsciiUTF16 {reexecute=0 rethrow=0 return_oop=0}
                                                            ; - java.lang.StringCoding::countNonZeroAscii@26 (line 46)
                                                            ; - java.lang.System$1::countNonZeroAscii@1 (line 2145)
  0x000076670ffff482:   nopl   0x0(%rax,%rax,1)
  0x000076670ffff487:   call   0x00007667174adfe0           ; ImmutableOopMap {}
                                                            ;*invokestatic countNonZeroAsciiUTF16 {reexecute=0 rethrow=0 return_oop=0}
                                                            ; - java.lang.StringCoding::countNonZeroAscii@26 (line 46)
                                                            ; - java.lang.System$1::countNonZeroAscii@1 (line 2145)
                                                            ;   {static_call}
  0x000076670ffff48c:   nopl   0x484(%rax,%rax,1)           ;*invokestatic countNonZeroAsciiUTF16 {reexecute=0 rethrow=0 return_oop=0}
                                                            ; - java.lang.StringCoding::countNonZeroAscii@26 (line 46)
                                                            ; - java.lang.System$1::countNonZeroAscii@1 (line 2145)
                                                            ;   {post_call_nop}
  0x000076670ffff494:   add    $0x60,%rsp
  0x000076670ffff498:   pop    %rbp
  0x000076670ffff499:   cmp    0x28(%r15),%rsp              ;   {poll_return}
  0x000076670ffff49d:   ja     0x000076670ffff58b
  0x000076670ffff4a3:   ret    
  0x000076670ffff4a4:   mov    0xc(%rsi),%ecx               ; implicit exception: dispatches to 0x000076670ffff5a1
                                                            ;*arraylength {reexecute=0 rethrow=0 return_oop=0}
                                                            ; - java.lang.StringCoding::countNonZeroAscii@15 (line 44)
                                                            ; - java.lang.System$1::countNonZeroAscii@1 (line 2145)
  0x000076670ffff4a7:   movabs $0x7666c80b4228,%rdx         ;   {metadata(method data for {method} {0x000000002e1d8dd0} &apos;countNonZeroAscii&apos; &apos;(Ljava/lang/String;)I&apos; in &apos;java/lang/StringCoding&apos;)}
  0x000076670ffff4b1:   addq   $0x1,0x158(%rdx)
  0x000076670ffff4b9:   mov    $0x0,%edx                    ;*invokestatic countNonZeroAsciiLatin1 {reexecute=0 rethrow=0 return_oop=0}
                                                            ; - java.lang.StringCoding::countNonZeroAscii@16 (line 44)
                                                            ; - java.lang.System$1::countNonZeroAscii@1 (line 2145)
  0x000076670ffff4be:   nop
  0x000076670ffff4bf:   call   0x00007667174adfe0           ; ImmutableOopMap {}
                                                            ;*invokestatic countNonZeroAsciiLatin1 {reexecute=0 rethrow=0 return_oop=0}
                                                            ; - java.lang.StringCoding::countNonZeroAscii@16 (line 44)
                                                            ; - java.lang.System$1::countNonZeroAscii@1 (line 2145)
                                                            ;   {static_call}
  0x000076670ffff4c4:   nopl   0x10004bc(%rax,%rax,1)       ;*invokestatic countNonZeroAsciiLatin1 {reexecute=0 rethrow=0 return_oop=0}
                                                            ; - java.lang.StringCoding::countNonZeroAscii@16 (line 44)
                                                            ; - java.lang.System$1::countNonZeroAscii@1 (line 2145)
                                                            ;   {post_call_nop}
  0x000076670ffff4cc:   add    $0x60,%rsp
  0x000076670ffff4d0:   pop    %rbp
  0x000076670ffff4d1:   cmp    0x28(%r15),%rsp              ;   {poll_return}
  0x000076670ffff4d5:   ja     0x000076670ffff5a6
  0x000076670ffff4db:   ret    
  0x000076670ffff4dc:   movabs $0x2e184528,%r10             ;   {metadata({method} {0x000000002e184528} &apos;countNonZeroAscii&apos; &apos;(Ljava/lang/String;)I&apos; in &apos;java/lang/System$1&apos;)}
  0x000076670ffff4e6:   mov    %r10,0x8(%rsp)
  0x000076670ffff4eb:   movq   $0xffffffffffffffff,(%rsp)
  0x000076670ffff4f3:   call   0x0000766717581860           ; ImmutableOopMap {rsi=Oop rdx=Oop }
                                                            ;*synchronization entry
                                                            ; - java.lang.System$1::countNonZeroAscii@-1 (line 2145)
                                                            ;   {runtime_call counter_overflow_blob (C1 runtime)}
  0x000076670ffff4f8:   jmp    0x000076670ffff162
  0x000076670ffff4fd:   movabs $0x2e1d8dd0,%r10             ;   {metadata({method} {0x000000002e1d8dd0} &apos;countNonZeroAscii&apos; &apos;(Ljava/lang/String;)I&apos; in &apos;java/lang/StringCoding&apos;)}
  0x000076670ffff507:   mov    %r10,0x8(%rsp)
  0x000076670ffff50c:   movq   $0xffffffffffffffff,(%rsp)
  0x000076670ffff514:   call   0x0000766717581860           ; ImmutableOopMap {rdx=Oop }
                                                            ;*synchronization entry
                                                            ; - java.lang.StringCoding::countNonZeroAscii@-1 (line 42)
                                                            ; - java.lang.System$1::countNonZeroAscii@1 (line 2145)
                                                            ;   {runtime_call counter_overflow_blob (C1 runtime)}
  0x000076670ffff519:   jmp    0x000076670ffff19b
  0x000076670ffff51e:   call   0x000076671757bd60           ; ImmutableOopMap {rdx=Oop }
                                                            ;*invokevirtual value {reexecute=0 rethrow=0 return_oop=0}
                                                            ; - java.lang.StringCoding::countNonZeroAscii@1 (line 42)
                                                            ; - java.lang.System$1::countNonZeroAscii@1 (line 2145)
                                                            ;   {runtime_call throw_null_pointer_exception_blob (C1 runtime)}
  0x000076670ffff523:   movabs $0x2e4a0708,%r10             ;   {metadata({method} {0x000000002e4a0708} &apos;isLatin1&apos; &apos;()Z&apos; in &apos;java/lang/String&apos;)}
  0x000076670ffff52d:   mov    %r10,0x8(%rsp)
  0x000076670ffff532:   movq   $0xffffffffffffffff,(%rsp)
  0x000076670ffff53a:   call   0x0000766717581860           ; ImmutableOopMap {rdx=Oop rsi=Oop }
                                                            ;*synchronization entry
                                                            ; - java.lang.String::isLatin1@-1 (line 5187)
                                                            ; - java.lang.StringCoding::countNonZeroAscii@6 (line 43)
                                                            ; - java.lang.System$1::countNonZeroAscii@1 (line 2145)
                                                            ;   {runtime_call counter_overflow_blob (C1 runtime)}
  0x000076670ffff53f:   jmp    0x000076670ffff296
  0x000076670ffff544:   movabs $0x2e1797e8,%r10             ;   {metadata({method} {0x000000002e1797e8} &apos;length&apos; &apos;()I&apos; in &apos;java/lang/String&apos;)}
  0x000076670ffff54e:   mov    %r10,0x8(%rsp)
  0x000076670ffff553:   movq   $0xffffffffffffffff,(%rsp)
  0x000076670ffff55b:   call   0x0000766717581860           ; ImmutableOopMap {rdx=Oop rsi=Oop }
                                                            ;*synchronization entry
                                                            ; - java.lang.String::length@-1 (line 1744)
                                                            ; - java.lang.StringCoding::countNonZeroAscii@23 (line 46)
                                                            ; - java.lang.System$1::countNonZeroAscii@1 (line 2145)
                                                            ;   {runtime_call counter_overflow_blob (C1 runtime)}
  0x000076670ffff560:   jmp    0x000076670ffff3ac
  0x000076670ffff565:   call   0x000076671757bd60           ; ImmutableOopMap {rdx=Oop rsi=Oop }
                                                            ;*arraylength {reexecute=0 rethrow=0 return_oop=0}
                                                            ; - java.lang.String::length@4 (line 1744)
                                                            ; - java.lang.StringCoding::countNonZeroAscii@23 (line 46)
                                                            ; - java.lang.System$1::countNonZeroAscii@1 (line 2145)
                                                            ;   {runtime_call throw_null_pointer_exception_blob (C1 runtime)}
  0x000076670ffff56a:   movabs $0x2e4a15d0,%r10             ;   {metadata({method} {0x000000002e4a15d0} &apos;coder&apos; &apos;()B&apos; in &apos;java/lang/String&apos;)}
  0x000076670ffff574:   mov    %r10,0x8(%rsp)
  0x000076670ffff579:   movq   $0xffffffffffffffff,(%rsp)
  0x000076670ffff581:   call   0x0000766717581860           ; ImmutableOopMap {rdx=Oop rsi=Oop }
                                                            ;*synchronization entry
                                                            ; - java.lang.String::coder@-1 (line 5179)
                                                            ; - java.lang.String::length@6 (line 1744)
                                                            ; - java.lang.StringCoding::countNonZeroAscii@23 (line 46)
                                                            ; - java.lang.System$1::countNonZeroAscii@1 (line 2145)
                                                            ;   {runtime_call counter_overflow_blob (C1 runtime)}
  0x000076670ffff586:   jmp    0x000076670ffff440
  0x000076670ffff58b:   movabs $0x76670ffff499,%r10         ;   {internal_word}
  0x000076670ffff595:   mov    %r10,0x510(%r15)
  0x000076670ffff59c:   jmp    0x00007667174afb60           ;   {runtime_call SafepointBlob}
  0x000076670ffff5a1:   call   0x000076671757bd60           ; ImmutableOopMap {rsi=Oop }
                                                            ;*arraylength {reexecute=0 rethrow=0 return_oop=0}
                                                            ; - java.lang.StringCoding::countNonZeroAscii@15 (line 44)
                                                            ; - java.lang.System$1::countNonZeroAscii@1 (line 2145)
                                                            ;   {runtime_call throw_null_pointer_exception_blob (C1 runtime)}
  0x000076670ffff5a6:   movabs $0x76670ffff4d1,%r10         ;   {internal_word}
  0x000076670ffff5b0:   mov    %r10,0x510(%r15)
  0x000076670ffff5b7:   jmp    0x00007667174afb60           ;   {runtime_call SafepointBlob}
  0x000076670ffff5bc:   mov    0x5c0(%r15),%rax
  0x000076670ffff5c3:   movq   $0x0,0x5c0(%r15)
  0x000076670ffff5ce:   movq   $0x0,0x5c8(%r15)
  0x000076670ffff5d9:   add    $0x60,%rsp
  0x000076670ffff5dd:   pop    %rbp
  0x000076670ffff5de:   jmp    0x000076671757a560           ;   {runtime_call unwind_exception_blob (C1 runtime)}
  0x000076670ffff5e3:   hlt    
  0x000076670ffff5e4:   hlt    
  0x000076670ffff5e5:   hlt    
  0x000076670ffff5e6:   hlt    
  0x000076670ffff5e7:   hlt    
[Stub Code]
  0x000076670ffff5e8:   movabs $0x0,%rbx                    ;   {static_stub}
  0x000076670ffff5f2:   jmp    0x000076670ffff5f2           ;   {runtime_call nmethod}
  0x000076670ffff5f7:   movabs $0x0,%rbx                    ;   {static_stub}
  0x000076670ffff601:   jmp    0x000076670ffff601           ;   {runtime_call nmethod}
[Exception Handler]
  0x000076670ffff606:   call   0x000076671757db60           ;   {runtime_call handle_exception_from_callee_blob (C1 runtime)}
  0x000076670ffff60b:   movabs $0x76672e73aec4,%rdi         ;   {external_word}
  0x000076670ffff615:   and    $0xfffffffffffffff0,%rsp
  0x000076670ffff619:   call   0x000076672e191cc0           ;   {runtime_call MacroAssembler::debug64(char*, long, long*)}
  0x000076670ffff61e:   hlt    
  0x000076670ffff61f:   call   0x00007667174afe60           ;   {runtime_call DeoptimizationBlob}
[Deopt Handler Entry Point]
  0x000076670ffff624:   jmp    0x000076670ffff61f
  0x000076670ffff626:   hlt    
  0x000076670ffff627:   hlt    
--------------------------------------------------------------------------------
[/Disassembly]
