
============================= C1-compiled nmethod ==============================
----------------------------------- Assembly -----------------------------------

Compiled method (c1) 73    3   !   2       java.util.zip.ZipFile$Source::checkAndAddEntry (350 bytes)
 total in heap  [0x0000718d8ffff008,0x0000718d8ffffb20] = 2840
 main code      [0x0000718d8ffff100,0x0000718d8ffff9d8] = 2264
 stub code      [0x0000718d8ffff9d8,0x0000718d8ffffaf8] = 288
 oops           [0x0000718d8ffffaf8,0x0000718d8ffffb20] = 40
 mutable data [0x0000718d3405eae0,0x0000718d3405ed30] = 592
 relocation     [0x0000718d3405eae0,0x0000718d3405ec98] = 440
 metadata       [0x0000718d3405ec98,0x0000718d3405ed30] = 152
 immutable data [0x0000718d3405d9f0,0x0000718d3405ead4] = 4324
 dependencies   [0x0000718d3405d9f0,0x0000718d3405da18] = 40
 nul chk table  [0x0000718d3405da18,0x0000718d3405da50] = 56
 handler table  [0x0000718d3405da50,0x0000718d3405db58] = 264
 scopes pcs     [0x0000718d3405db58,0x0000718d3405e458] = 2304
 scopes data    [0x0000718d3405e458,0x0000718d3405ead0] = 1656

[Disassembly]
--------------------------------------------------------------------------------
[Constant Pool (empty)]

--------------------------------------------------------------------------------

[Instructions begin]
  0x0000718d8ffff100:   data16 data16 nopw 0x0(%rax,%rax,1)
  0x0000718d8ffff10b:   data16 data16 xchg %ax,%ax
  0x0000718d8ffff10f:   data16 xchg %ax,%ax
[Entry Point]
  # {method} {0x00000000643fc328} &apos;checkAndAddEntry&apos; &apos;(IILjava/util/zip/ZipCoder;)I&apos; in &apos;java/util/zip/ZipFile$Source&apos;
  # this:     rsi:rsi   = &apos;java/util/zip/ZipFile$Source&apos;
  # parm0:    rdx       = int
  # parm1:    rcx       = int
  # parm2:    r8:r8     = &apos;java/util/zip/ZipCoder&apos;
  #           [sp+0x100]  (sp of caller)
  0x0000718d8ffff112:   mov    0x8(%rsi),%r10d
  0x0000718d8ffff116:   cmp    0x8(%rax),%r10d
  0x0000718d8ffff11a:   jne    0x0000718d974ad6e0           ;   {runtime_call ic_miss_blob (shared runtime)}
[Verified Entry Point]
  0x0000718d8ffff120:   mov    %eax,-0x14000(%rsp)
  0x0000718d8ffff127:   push   %rbp
  0x0000718d8ffff128:   sub    $0xf0,%rsp
  0x0000718d8ffff12f:   nop
  0x0000718d8ffff130:   cmpl   $0x1,0x20(%r15)
  0x0000718d8ffff138:   je     0x0000718d8ffff13f
  0x0000718d8ffff13a:   call   Stub::method_entry_barrier_stub (stub gen)
                                                            ;   {runtime_call Stub::method_entry_barrier_stub (stub gen)}
  0x0000718d8ffff13f:   mov    %rsi,0x80(%rsp)
  0x0000718d8ffff147:   mov    %edx,0x70(%rsp)
  0x0000718d8ffff14b:   mov    %ecx,0x74(%rsp)
  0x0000718d8ffff14f:   mov    %r8,0x88(%rsp)
  0x0000718d8ffff157:   movabs $0x718d4c012c60,%rdi
  0x0000718d8ffff161:   mov    0x8(%rdi),%ebx
  0x0000718d8ffff164:   add    $0x2,%ebx
  0x0000718d8ffff167:   mov    %ebx,0x8(%rdi)
  0x0000718d8ffff16a:   and    $0xffe,%ebx
  0x0000718d8ffff170:   test   %ebx,%ebx
  0x0000718d8ffff172:   je     0x0000718d8ffff809           ;*aload_0 {reexecute=0 rethrow=0 return_oop=0}
                                                            ; - java.util.zip.ZipFile$Source::checkAndAddEntry@0 (line 1210)
  0x0000718d8ffff178:   mov    0x34(%rsi),%edi
  0x0000718d8ffff17b:   shl    $0x3,%rdi                    ;*getfield cen {reexecute=0 rethrow=0 return_oop=0}
                                                            ; - java.util.zip.ZipFile$Source::checkAndAddEntry@1 (line 1210)
  0x0000718d8ffff17f:   mov    %rdi,0x78(%rsp)
  0x0000718d8ffff184:   mov    %rdi,%rsi
  0x0000718d8ffff187:   mov    %rdx,%rax
  0x0000718d8ffff18a:   mov    %rax,%rdx                    ;*invokestatic get32 {reexecute=0 rethrow=0 return_oop=0}
                                                            ; - java.util.zip.ZipUtils::CENSIG@4 (line 256)
                                                            ; - java.util.zip.ZipFile$Source::checkAndAddEntry@9 (line 1211)
  0x0000718d8ffff18d:   xchg   %ax,%ax
  0x0000718d8ffff18f:   call   0x0000718d974adfe0           ; ImmutableOopMap {[120]=Oop [128]=Oop [136]=Oop }
                                                            ;*invokestatic get32 {reexecute=0 rethrow=0 return_oop=0}
                                                            ; - java.util.zip.ZipUtils::CENSIG@4 (line 256)
                                                            ; - java.util.zip.ZipFile$Source::checkAndAddEntry@9 (line 1211)
                                                            ;   {static_call}
  0x0000718d8ffff194:   nopl   0x18c(%rax,%rax,1)           ;*invokestatic get32 {reexecute=0 rethrow=0 return_oop=0}
                                                            ; - java.util.zip.ZipUtils::CENSIG@4 (line 256)
                                                            ; - java.util.zip.ZipFile$Source::checkAndAddEntry@9 (line 1211)
                                                            ;   {post_call_nop}
  0x0000718d8ffff19c:   mov    $0x2014b50,%esi
  0x0000718d8ffff1a1:   cmp    %rsi,%rax
  0x0000718d8ffff1a4:   jne    0x0000718d8ffff761           ;*lcmp {reexecute=0 rethrow=0 return_oop=0}
                                                            ; - java.util.zip.ZipFile$Source::checkAndAddEntry@15 (line 1211)
  0x0000718d8ffff1aa:   mov    0x70(%rsp),%edx
  0x0000718d8ffff1ae:   add    $0xa,%edx
  0x0000718d8ffff1b1:   mov    0x78(%rsp),%rsi              ;*invokestatic get16 {reexecute=0 rethrow=0 return_oop=0}
                                                            ; - java.util.zip.ZipUtils::CENHOW@5 (line 261)
                                                            ; - java.util.zip.ZipFile$Source::checkAndAddEntry@27 (line 1214)
  0x0000718d8ffff1b6:   nop
  0x0000718d8ffff1b7:   call   0x0000718d974adfe0           ; ImmutableOopMap {[120]=Oop [128]=Oop [136]=Oop }
                                                            ;*invokestatic get16 {reexecute=0 rethrow=0 return_oop=0}
                                                            ; - java.util.zip.ZipUtils::CENHOW@5 (line 261)
                                                            ; - java.util.zip.ZipFile$Source::checkAndAddEntry@27 (line 1214)
                                                            ;   {static_call}
  0x0000718d8ffff1bc:   nopl   0x10001b4(%rax,%rax,1)       ;*invokestatic get16 {reexecute=0 rethrow=0 return_oop=0}
                                                            ; - java.util.zip.ZipUtils::CENHOW@5 (line 261)
                                                            ; - java.util.zip.ZipFile$Source::checkAndAddEntry@27 (line 1214)
                                                            ;   {post_call_nop}
  0x0000718d8ffff1c4:   mov    %eax,0x90(%rsp)
  0x0000718d8ffff1cb:   mov    0x70(%rsp),%edx
  0x0000718d8ffff1cf:   add    $0x8,%edx
  0x0000718d8ffff1d2:   mov    0x78(%rsp),%rsi              ;*invokestatic get16 {reexecute=0 rethrow=0 return_oop=0}
                                                            ; - java.util.zip.ZipUtils::CENFLG@5 (line 260)
                                                            ; - java.util.zip.ZipFile$Source::checkAndAddEntry@35 (line 1215)
  0x0000718d8ffff1d7:   call   0x0000718d974adfe0           ; ImmutableOopMap {[120]=Oop [128]=Oop [136]=Oop }
                                                            ;*invokestatic get16 {reexecute=0 rethrow=0 return_oop=0}
                                                            ; - java.util.zip.ZipUtils::CENFLG@5 (line 260)
                                                            ; - java.util.zip.ZipFile$Source::checkAndAddEntry@35 (line 1215)
                                                            ;   {static_call}
  0x0000718d8ffff1dc:   nopl   0x20001d4(%rax,%rax,1)       ;*invokestatic get16 {reexecute=0 rethrow=0 return_oop=0}
                                                            ; - java.util.zip.ZipUtils::CENFLG@5 (line 260)
                                                            ; - java.util.zip.ZipFile$Source::checkAndAddEntry@35 (line 1215)
                                                            ;   {post_call_nop}
  0x0000718d8ffff1e4:   and    $0x1,%eax
  0x0000718d8ffff1e7:   test   %eax,%eax
  0x0000718d8ffff1e9:   jne    0x0000718d8ffff719           ;*ifeq {reexecute=0 rethrow=0 return_oop=0}
                                                            ; - java.util.zip.ZipFile$Source::checkAndAddEntry@44 (line 1216)
  0x0000718d8ffff1ef:   mov    0x90(%rsp),%eax
  0x0000718d8ffff1f6:   test   %eax,%eax
  0x0000718d8ffff1f8:   je     0x0000718d8ffff207           ;*ifeq {reexecute=0 rethrow=0 return_oop=0}
                                                            ; - java.util.zip.ZipFile$Source::checkAndAddEntry@54 (line 1219)
  0x0000718d8ffff1fe:   cmp    $0x8,%eax
  0x0000718d8ffff201:   jne    0x0000718d8ffff47c           ;*if_icmpeq {reexecute=0 rethrow=0 return_oop=0}
                                                            ; - java.util.zip.ZipFile$Source::checkAndAddEntry@61 (line 1219)
  0x0000718d8ffff207:   mov    0x70(%rsp),%edx
  0x0000718d8ffff20b:   add    $0x2e,%edx
  0x0000718d8ffff20e:   mov    %edx,0x94(%rsp)
  0x0000718d8ffff215:   mov    0x70(%rsp),%edi
  0x0000718d8ffff219:   add    $0x1c,%edi
  0x0000718d8ffff21c:   mov    0x78(%rsp),%rsi
  0x0000718d8ffff221:   mov    %rdi,%rdx                    ;*invokestatic get16 {reexecute=0 rethrow=0 return_oop=0}
                                                            ; - java.util.zip.ZipUtils::CENNAM@5 (line 266)
                                                            ; - java.util.zip.ZipFile$Source::checkAndAddEntry@101 (line 1223)
  0x0000718d8ffff224:   data16 xchg %ax,%ax
  0x0000718d8ffff227:   call   0x0000718d974adfe0           ; ImmutableOopMap {[120]=Oop [128]=Oop [136]=Oop }
                                                            ;*invokestatic get16 {reexecute=0 rethrow=0 return_oop=0}
                                                            ; - java.util.zip.ZipUtils::CENNAM@5 (line 266)
                                                            ; - java.util.zip.ZipFile$Source::checkAndAddEntry@101 (line 1223)
                                                            ;   {static_call}
  0x0000718d8ffff22c:   nopl   0x3000224(%rax,%rax,1)       ;*invokestatic get16 {reexecute=0 rethrow=0 return_oop=0}
                                                            ; - java.util.zip.ZipUtils::CENNAM@5 (line 266)
                                                            ; - java.util.zip.ZipFile$Source::checkAndAddEntry@101 (line 1223)
                                                            ;   {post_call_nop}
  0x0000718d8ffff234:   mov    %eax,0x98(%rsp)
  0x0000718d8ffff23b:   mov    0x70(%rsp),%edx
  0x0000718d8ffff23f:   add    $0x1e,%edx
  0x0000718d8ffff242:   mov    0x78(%rsp),%rsi              ;*invokestatic get16 {reexecute=0 rethrow=0 return_oop=0}
                                                            ; - java.util.zip.ZipUtils::CENEXT@5 (line 267)
                                                            ; - java.util.zip.ZipFile$Source::checkAndAddEntry@109 (line 1224)
  0x0000718d8ffff247:   call   0x0000718d974adfe0           ; ImmutableOopMap {[120]=Oop [128]=Oop [136]=Oop }
                                                            ;*invokestatic get16 {reexecute=0 rethrow=0 return_oop=0}
                                                            ; - java.util.zip.ZipUtils::CENEXT@5 (line 267)
                                                            ; - java.util.zip.ZipFile$Source::checkAndAddEntry@109 (line 1224)
                                                            ;   {static_call}
  0x0000718d8ffff24c:   nopl   0x4000244(%rax,%rax,1)       ;*invokestatic get16 {reexecute=0 rethrow=0 return_oop=0}
                                                            ; - java.util.zip.ZipUtils::CENEXT@5 (line 267)
                                                            ; - java.util.zip.ZipFile$Source::checkAndAddEntry@109 (line 1224)
                                                            ;   {post_call_nop}
  0x0000718d8ffff254:   mov    %eax,0x9c(%rsp)
  0x0000718d8ffff25b:   mov    0x70(%rsp),%edx
  0x0000718d8ffff25f:   add    $0x20,%edx
  0x0000718d8ffff262:   mov    0x78(%rsp),%rsi              ;*invokestatic get16 {reexecute=0 rethrow=0 return_oop=0}
                                                            ; - java.util.zip.ZipUtils::CENCOM@5 (line 268)
                                                            ; - java.util.zip.ZipFile$Source::checkAndAddEntry@117 (line 1225)
  0x0000718d8ffff267:   call   0x0000718d974adfe0           ; ImmutableOopMap {[120]=Oop [128]=Oop [136]=Oop }
                                                            ;*invokestatic get16 {reexecute=0 rethrow=0 return_oop=0}
                                                            ; - java.util.zip.ZipUtils::CENCOM@5 (line 268)
                                                            ; - java.util.zip.ZipFile$Source::checkAndAddEntry@117 (line 1225)
                                                            ;   {static_call}
  0x0000718d8ffff26c:   nopl   0x5000264(%rax,%rax,1)       ;*invokestatic get16 {reexecute=0 rethrow=0 return_oop=0}
                                                            ; - java.util.zip.ZipUtils::CENCOM@5 (line 268)
                                                            ; - java.util.zip.ZipFile$Source::checkAndAddEntry@117 (line 1225)
                                                            ;   {post_call_nop}
  0x0000718d8ffff274:   mov    %eax,0xa0(%rsp)
  0x0000718d8ffff27b:   mov    0x98(%rsp),%edx
  0x0000718d8ffff282:   add    $0x2e,%edx
  0x0000718d8ffff285:   add    %eax,%edx
  0x0000718d8ffff287:   add    0x9c(%rsp),%edx
  0x0000718d8ffff28e:   cmp    $0xffff,%edx
  0x0000718d8ffff294:   jg     0x0000718d8ffff6d1           ;*if_icmpgt {reexecute=0 rethrow=0 return_oop=0}
                                                            ; - java.util.zip.ZipFile$Source::checkAndAddEntry@139 (line 1231)
  0x0000718d8ffff29a:   mov    0x78(%rsp),%rdi
  0x0000718d8ffff29f:   mov    0x70(%rsp),%ebx
  0x0000718d8ffff2a3:   mov    0xc(%rdi),%ecx               ; implicit exception: dispatches to 0x0000718d8ffff82a
                                                            ;*arraylength {reexecute=0 rethrow=0 return_oop=0}
                                                            ; - java.util.zip.ZipFile$Source::checkAndAddEntry@145 (line 1231)
  0x0000718d8ffff2a6:   sub    %edx,%ecx
  0x0000718d8ffff2a8:   cmp    %ecx,%ebx
  0x0000718d8ffff2aa:   jg     0x0000718d8ffff6d1           ;*if_icmple {reexecute=0 rethrow=0 return_oop=0}
                                                            ; - java.util.zip.ZipFile$Source::checkAndAddEntry@149 (line 1231)
  0x0000718d8ffff2b0:   mov    0x9c(%rsp),%r9d
  0x0000718d8ffff2b8:   test   %r9d,%r9d
  0x0000718d8ffff2bb:   jle    0x0000718d8ffff2f1           ;*ifle {reexecute=0 rethrow=0 return_oop=0}
                                                            ; - java.util.zip.ZipFile$Source::checkAndAddEntry@159 (line 1235)
  0x0000718d8ffff2c1:   mov    0x94(%rsp),%ecx
  0x0000718d8ffff2c8:   add    0x98(%rsp),%ecx
  0x0000718d8ffff2cf:   mov    %rbx,%rdx
  0x0000718d8ffff2d2:   mov    %r9,%r8
  0x0000718d8ffff2d5:   mov    0x80(%rsp),%rsi              ;*invokevirtual checkExtraFields {reexecute=0 rethrow=0 return_oop=0}
                                                            ; - java.util.zip.ZipFile$Source::checkAndAddEntry@177 (line 1236)
  0x0000718d8ffff2dd:   xchg   %ax,%ax
  0x0000718d8ffff2df:   call   0x0000718d974ad9e0           ; ImmutableOopMap {[120]=Oop [128]=Oop [136]=Oop }
                                                            ;*invokevirtual checkExtraFields {reexecute=0 rethrow=0 return_oop=0}
                                                            ; - java.util.zip.ZipFile$Source::checkAndAddEntry@177 (line 1236)
                                                            ;   {optimized virtual_call}
  0x0000718d8ffff2e4:   nopl   0x60002dc(%rax,%rax,1)       ;*invokevirtual checkExtraFields {reexecute=0 rethrow=0 return_oop=0}
                                                            ; - java.util.zip.ZipFile$Source::checkAndAddEntry@177 (line 1236)
                                                            ;   {post_call_nop}
  0x0000718d8ffff2ec:   jmp    0x0000718d8ffff39f           ;*goto {reexecute=0 rethrow=0 return_oop=0}
                                                            ; - java.util.zip.ZipFile$Source::checkAndAddEntry@180 (line 1236)
  0x0000718d8ffff2f1:   mov    %r9,%rax
  0x0000718d8ffff2f4:   test   %eax,%eax
  0x0000718d8ffff2f6:   jne    0x0000718d8ffff39f           ;*ifne {reexecute=0 rethrow=0 return_oop=0}
                                                            ; - java.util.zip.ZipFile$Source::checkAndAddEntry@185 (line 1237)
  0x0000718d8ffff2fc:   mov    0x70(%rsp),%edx
  0x0000718d8ffff300:   add    $0x14,%edx
  0x0000718d8ffff303:   mov    0x78(%rsp),%rsi              ;*invokestatic get32 {reexecute=0 rethrow=0 return_oop=0}
                                                            ; - java.util.zip.ZipUtils::CENSIZ@5 (line 264)
                                                            ; - java.util.zip.ZipFile$Source::checkAndAddEntry@191 (line 1237)
  0x0000718d8ffff308:   nopl   0x0(%rax)
  0x0000718d8ffff30f:   call   0x0000718d974adfe0           ; ImmutableOopMap {[120]=Oop [128]=Oop [136]=Oop }
                                                            ;*invokestatic get32 {reexecute=0 rethrow=0 return_oop=0}
                                                            ; - java.util.zip.ZipUtils::CENSIZ@5 (line 264)
                                                            ; - java.util.zip.ZipFile$Source::checkAndAddEntry@191 (line 1237)
                                                            ;   {static_call}
  0x0000718d8ffff314:   nopl   0x700030c(%rax,%rax,1)       ;*invokestatic get32 {reexecute=0 rethrow=0 return_oop=0}
                                                            ; - java.util.zip.ZipUtils::CENSIZ@5 (line 264)
                                                            ; - java.util.zip.ZipFile$Source::checkAndAddEntry@191 (line 1237)
                                                            ;   {post_call_nop}
  0x0000718d8ffff31c:   mov    $0xffffffff,%esi
  0x0000718d8ffff321:   cmp    %rsi,%rax
  0x0000718d8ffff324:   je     0x0000718d8ffff689           ;*lcmp {reexecute=0 rethrow=0 return_oop=0}
                                                            ; - java.util.zip.ZipFile$Source::checkAndAddEntry@197 (line 1237)
  0x0000718d8ffff32a:   mov    0x70(%rsp),%edx
  0x0000718d8ffff32e:   add    $0x18,%edx
  0x0000718d8ffff331:   mov    0x78(%rsp),%rsi              ;*invokestatic get32 {reexecute=0 rethrow=0 return_oop=0}
                                                            ; - java.util.zip.ZipUtils::CENLEN@5 (line 265)
                                                            ; - java.util.zip.ZipFile$Source::checkAndAddEntry@204 (line 1238)
  0x0000718d8ffff336:   nop
  0x0000718d8ffff337:   call   0x0000718d974adfe0           ; ImmutableOopMap {[120]=Oop [128]=Oop [136]=Oop }
                                                            ;*invokestatic get32 {reexecute=0 rethrow=0 return_oop=0}
                                                            ; - java.util.zip.ZipUtils::CENLEN@5 (line 265)
                                                            ; - java.util.zip.ZipFile$Source::checkAndAddEntry@204 (line 1238)
                                                            ;   {static_call}
  0x0000718d8ffff33c:   nopl   0x8000334(%rax,%rax,1)       ;*invokestatic get32 {reexecute=0 rethrow=0 return_oop=0}
                                                            ; - java.util.zip.ZipUtils::CENLEN@5 (line 265)
                                                            ; - java.util.zip.ZipFile$Source::checkAndAddEntry@204 (line 1238)
                                                            ;   {post_call_nop}
  0x0000718d8ffff344:   mov    $0xffffffff,%esi
  0x0000718d8ffff349:   cmp    %rsi,%rax
  0x0000718d8ffff34c:   je     0x0000718d8ffff689           ;*lcmp {reexecute=0 rethrow=0 return_oop=0}
                                                            ; - java.util.zip.ZipFile$Source::checkAndAddEntry@210 (line 1238)
  0x0000718d8ffff352:   mov    0x70(%rsp),%edx
  0x0000718d8ffff356:   add    $0x2a,%edx
  0x0000718d8ffff359:   mov    0x78(%rsp),%rsi              ;*invokestatic get32 {reexecute=0 rethrow=0 return_oop=0}
                                                            ; - java.util.zip.ZipUtils::CENOFF@5 (line 273)
                                                            ; - java.util.zip.ZipFile$Source::checkAndAddEntry@217 (line 1239)
  0x0000718d8ffff35e:   nop
  0x0000718d8ffff35f:   call   0x0000718d974adfe0           ; ImmutableOopMap {[120]=Oop [128]=Oop [136]=Oop }
                                                            ;*invokestatic get32 {reexecute=0 rethrow=0 return_oop=0}
                                                            ; - java.util.zip.ZipUtils::CENOFF@5 (line 273)
                                                            ; - java.util.zip.ZipFile$Source::checkAndAddEntry@217 (line 1239)
                                                            ;   {static_call}
  0x0000718d8ffff364:   nopl   0x900035c(%rax,%rax,1)       ;*invokestatic get32 {reexecute=0 rethrow=0 return_oop=0}
                                                            ; - java.util.zip.ZipUtils::CENOFF@5 (line 273)
                                                            ; - java.util.zip.ZipFile$Source::checkAndAddEntry@217 (line 1239)
                                                            ;   {post_call_nop}
  0x0000718d8ffff36c:   mov    $0xffffffff,%esi
  0x0000718d8ffff371:   cmp    %rsi,%rax
  0x0000718d8ffff374:   je     0x0000718d8ffff689           ;*lcmp {reexecute=0 rethrow=0 return_oop=0}
                                                            ; - java.util.zip.ZipFile$Source::checkAndAddEntry@223 (line 1239)
  0x0000718d8ffff37a:   mov    0x70(%rsp),%edx
  0x0000718d8ffff37e:   add    $0x22,%edx
  0x0000718d8ffff381:   mov    0x78(%rsp),%rsi              ;*invokestatic get16 {reexecute=0 rethrow=0 return_oop=0}
                                                            ; - java.util.zip.ZipUtils::CENDSK@5 (line 269)
                                                            ; - java.util.zip.ZipFile$Source::checkAndAddEntry@230 (line 1240)
  0x0000718d8ffff386:   nop
  0x0000718d8ffff387:   call   0x0000718d974adfe0           ; ImmutableOopMap {[120]=Oop [128]=Oop [136]=Oop }
                                                            ;*invokestatic get16 {reexecute=0 rethrow=0 return_oop=0}
                                                            ; - java.util.zip.ZipUtils::CENDSK@5 (line 269)
                                                            ; - java.util.zip.ZipFile$Source::checkAndAddEntry@230 (line 1240)
                                                            ;   {static_call}
  0x0000718d8ffff38c:   nopl   0xa000384(%rax,%rax,1)       ;*invokestatic get16 {reexecute=0 rethrow=0 return_oop=0}
                                                            ; - java.util.zip.ZipUtils::CENDSK@5 (line 269)
                                                            ; - java.util.zip.ZipFile$Source::checkAndAddEntry@230 (line 1240)
                                                            ;   {post_call_nop}
  0x0000718d8ffff394:   cmp    $0xffff,%eax
  0x0000718d8ffff399:   je     0x0000718d8ffff689           ;*if_icmpne {reexecute=0 rethrow=0 return_oop=0}
                                                            ; - java.util.zip.ZipFile$Source::checkAndAddEntry@235 (line 1240)
  0x0000718d8ffff39f:   mov    0x78(%rsp),%rdx
  0x0000718d8ffff3a4:   mov    0x94(%rsp),%ecx
  0x0000718d8ffff3ab:   mov    0x98(%rsp),%r8d
  0x0000718d8ffff3b3:   mov    0x88(%rsp),%rsi              ;*invokevirtual checkedHash {reexecute=0 rethrow=0 return_oop=0}
                                                            ; - java.util.zip.ZipFile$Source::checkAndAddEntry@250 (line 1245)
  0x0000718d8ffff3bb:   xchg   %ax,%ax
  0x0000718d8ffff3bd:   movabs $0x718d3405f140,%rax
  0x0000718d8ffff3c7:   call   0x0000718d974adce0           ; ImmutableOopMap {[120]=Oop [128]=Oop [136]=Oop }
                                                            ;*invokevirtual checkedHash {reexecute=0 rethrow=0 return_oop=0}
                                                            ; - java.util.zip.ZipFile$Source::checkAndAddEntry@250 (line 1245)
                                                            ;   {virtual_call}
  0x0000718d8ffff3cc:   nopl   0xb0003c4(%rax,%rax,1)       ;   {post_call_nop}
  0x0000718d8ffff3d4:   mov    %rax,%rsi                    ;*invokevirtual checkedHash {reexecute=0 rethrow=0 return_oop=0}
                                                            ; - java.util.zip.ZipFile$Source::checkAndAddEntry@250 (line 1245)
  0x0000718d8ffff3d7:   mov    0x80(%rsp),%rbx
  0x0000718d8ffff3df:   mov    0x24(%rbx),%edi              ;*getfield tablelen {reexecute=0 rethrow=0 return_oop=0}
                                                            ; - java.util.zip.ZipFile$Source::checkAndAddEntry@261 (line 1246)
  0x0000718d8ffff3e2:   mov    %rsi,%rax
  0x0000718d8ffff3e5:   and    $0x7fffffff,%eax
  0x0000718d8ffff3ea:   cmp    $0x80000000,%eax
  0x0000718d8ffff3ef:   jne    0x0000718d8ffff400
  0x0000718d8ffff3f5:   xor    %edx,%edx
  0x0000718d8ffff3f7:   cmp    $0xffffffff,%edi
  0x0000718d8ffff3fa:   je     0x0000718d8ffff403
  0x0000718d8ffff400:   cltd   
  0x0000718d8ffff401:   idiv   %edi                         ; implicit exception: dispatches to 0x0000718d8ffff82f
                                                            ;*irem {reexecute=0 rethrow=0 return_oop=0}
                                                            ; - java.util.zip.ZipFile$Source::checkAndAddEntry@264 (line 1246)
  0x0000718d8ffff403:   mov    0x48(%rbx),%edi
  0x0000718d8ffff406:   shl    $0x3,%rdi                    ;*getfield table {reexecute=0 rethrow=0 return_oop=0}
                                                            ; - java.util.zip.ZipFile$Source::checkAndAddEntry@268 (line 1247)
  0x0000718d8ffff40a:   cmp    0xc(%rdi),%edx               ; implicit exception: dispatches to 0x0000718d8ffff834
  0x0000718d8ffff40d:   jae    0x0000718d8ffff83e
  0x0000718d8ffff413:   movslq %edx,%rax
  0x0000718d8ffff416:   mov    0x10(%rdi,%rax,4),%eax       ;*iaload {reexecute=0 rethrow=0 return_oop=0}
                                                            ; - java.util.zip.ZipFile$Source::checkAndAddEntry@273 (line 1247)
  0x0000718d8ffff41a:   movslq %edx,%rdx
  0x0000718d8ffff41d:   mov    0x74(%rsp),%ecx
  0x0000718d8ffff421:   mov    %ecx,0x10(%rdi,%rdx,4)       ;*iastore {reexecute=0 rethrow=0 return_oop=0}
                                                            ; - java.util.zip.ZipFile$Source::checkAndAddEntry@283 (line 1248)
  0x0000718d8ffff425:   mov    0x44(%rbx),%edx
  0x0000718d8ffff428:   shl    $0x3,%rdx                    ;*getfield entries {reexecute=0 rethrow=0 return_oop=0}
                                                            ; - java.util.zip.ZipFile$Source::checkAndAddEntry@285 (line 1250)
  0x0000718d8ffff42c:   cmp    0xc(%rdx),%ecx               ; implicit exception: dispatches to 0x0000718d8ffff84c
  0x0000718d8ffff42f:   jae    0x0000718d8ffff856
  0x0000718d8ffff435:   movslq %ecx,%rdi
  0x0000718d8ffff438:   mov    %esi,0x10(%rdx,%rdi,4)       ;*iastore {reexecute=0 rethrow=0 return_oop=0}
                                                            ; - java.util.zip.ZipFile$Source::checkAndAddEntry@291 (line 1250)
  0x0000718d8ffff43c:   mov    %rcx,%rsi
  0x0000718d8ffff43f:   inc    %esi
  0x0000718d8ffff441:   cmp    0xc(%rdx),%esi
  0x0000718d8ffff444:   jae    0x0000718d8ffff864
  0x0000718d8ffff44a:   movslq %esi,%rsi
  0x0000718d8ffff44d:   mov    %eax,0x10(%rdx,%rsi,4)       ;*iastore {reexecute=0 rethrow=0 return_oop=0}
                                                            ; - java.util.zip.ZipFile$Source::checkAndAddEntry@301 (line 1251)
  0x0000718d8ffff451:   add    $0x2,%ecx
  0x0000718d8ffff454:   cmp    0xc(%rdx),%ecx
  0x0000718d8ffff457:   jae    0x0000718d8ffff872
  0x0000718d8ffff45d:   movslq %ecx,%rcx
  0x0000718d8ffff460:   mov    0x70(%rsp),%ebx
  0x0000718d8ffff464:   mov    %ebx,0x10(%rdx,%rcx,4)       ;*iastore {reexecute=0 rethrow=0 return_oop=0}
                                                            ; - java.util.zip.ZipFile$Source::checkAndAddEntry@310 (line 1252)
  0x0000718d8ffff468:   mov    0xa0(%rsp),%eax
  0x0000718d8ffff46f:   test   %eax,%eax
  0x0000718d8ffff471:   jle    0x0000718d8ffff5a4
  0x0000718d8ffff477:   jmp    0x0000718d8ffff564           ;*ifle {reexecute=0 rethrow=0 return_oop=0}
                                                            ; - java.util.zip.ZipFile$Source::checkAndAddEntry@313 (line 1256)
  0x0000718d8ffff47c:   nopl   0x0(%rax)
  0x0000718d8ffff480:   jmp    0x0000718d8ffff88f           ;   {other}
  0x0000718d8ffff485:   add    %al,(%rax)
  0x0000718d8ffff487:   add    %al,(%rax)
  0x0000718d8ffff489:   add    %cl,-0x75(%rcx)
  0x0000718d8ffff48c:   xchg   %esi,0x48000001(%rax)
  0x0000718d8ffff492:   lea    0x18(%rax),%edi
  0x0000718d8ffff495:   cmp    0x1c0(%r15),%rdi
  0x0000718d8ffff49c:   ja     0x0000718d8ffff899
  0x0000718d8ffff4a2:   mov    %rdi,0x1b0(%r15)
  0x0000718d8ffff4a9:   movq   $0x1,(%rax)
  0x0000718d8ffff4b0:   mov    %rdx,%rcx
  0x0000718d8ffff4b3:   mov    $0x64000000,%r10d
  0x0000718d8ffff4b9:   sub    %r10,%rcx
  0x0000718d8ffff4bc:   mov    %ecx,0x8(%rax)
  0x0000718d8ffff4bf:   xor    %rcx,%rcx
  0x0000718d8ffff4c2:   mov    %ecx,0xc(%rax)
  0x0000718d8ffff4c5:   xor    %rcx,%rcx
  0x0000718d8ffff4c8:   mov    %rcx,0x10(%rax)              ;*new {reexecute=0 rethrow=0 return_oop=0}
                                                            ; - java.util.zip.ZipFile$Source::checkAndAddEntry@64 (line 1220)
  0x0000718d8ffff4cc:   mov    $0x10,%edx
  0x0000718d8ffff4d1:   mov    %rax,%rsi                    ;*invokespecial &lt;init&gt; {reexecute=0 rethrow=0 return_oop=0}
                                                            ; - java.lang.StringBuilder::&lt;init&gt;@3 (line 106)
                                                            ; - java.util.zip.ZipFile$Source::checkAndAddEntry@68 (line 1220)
  0x0000718d8ffff4d4:   mov    %rax,0xa8(%rsp)
  0x0000718d8ffff4dc:   data16 xchg %ax,%ax
  0x0000718d8ffff4df:   call   0x0000718d974ad9e0           ; ImmutableOopMap {[120]=Oop [128]=Oop [136]=Oop [168]=Oop }
                                                            ;*invokespecial &lt;init&gt; {reexecute=0 rethrow=0 return_oop=0}
                                                            ; - java.lang.StringBuilder::&lt;init&gt;@3 (line 106)
                                                            ; - java.util.zip.ZipFile$Source::checkAndAddEntry@68 (line 1220)
                                                            ;   {optimized virtual_call}
  0x0000718d8ffff4e4:   nopl   0xc0004dc(%rax,%rax,1)       ;*invokespecial &lt;init&gt; {reexecute=0 rethrow=0 return_oop=0}
                                                            ; - java.lang.StringBuilder::&lt;init&gt;@3 (line 106)
                                                            ; - java.util.zip.ZipFile$Source::checkAndAddEntry@68 (line 1220)
                                                            ;   {post_call_nop}
  0x0000718d8ffff4ec:   movabs $0x7ff8a99a0,%rdx            ;   {oop(&quot;invalid CEN header (bad compression method: &quot;{0x00000007ff8a99a0})}
  0x0000718d8ffff4f6:   mov    0xa8(%rsp),%rsi              ;*invokespecial append {reexecute=0 rethrow=0 return_oop=0}
                                                            ; - java.lang.StringBuilder::append@2 (line 179)
                                                            ; - java.util.zip.ZipFile$Source::checkAndAddEntry@73 (line 1220)
  0x0000718d8ffff4fe:   nop
  0x0000718d8ffff4ff:   call   0x0000718d974ad9e0           ; ImmutableOopMap {[120]=Oop [128]=Oop [136]=Oop [168]=Oop }
                                                            ;*invokespecial append {reexecute=0 rethrow=0 return_oop=0}
                                                            ; - java.lang.StringBuilder::append@2 (line 179)
                                                            ; - java.util.zip.ZipFile$Source::checkAndAddEntry@73 (line 1220)
                                                            ;   {optimized virtual_call}
  0x0000718d8ffff504:   nopl   0xd0004fc(%rax,%rax,1)       ;*invokespecial append {reexecute=0 rethrow=0 return_oop=0}
                                                            ; - java.lang.StringBuilder::append@2 (line 179)
                                                            ; - java.util.zip.ZipFile$Source::checkAndAddEntry@73 (line 1220)
                                                            ;   {post_call_nop}
  0x0000718d8ffff50c:   mov    0x90(%rsp),%edx
  0x0000718d8ffff513:   mov    0xa8(%rsp),%rsi              ;*invokespecial append {reexecute=0 rethrow=0 return_oop=0}
                                                            ; - java.lang.StringBuilder::append@2 (line 253)
                                                            ; - java.util.zip.ZipFile$Source::checkAndAddEntry@78 (line 1220)
  0x0000718d8ffff51b:   nopl   0x0(%rax)
  0x0000718d8ffff51f:   call   0x0000718d974ad9e0           ; ImmutableOopMap {[120]=Oop [128]=Oop [136]=Oop [168]=Oop }
                                                            ;*invokespecial append {reexecute=0 rethrow=0 return_oop=0}
                                                            ; - java.lang.StringBuilder::append@2 (line 253)
                                                            ; - java.util.zip.ZipFile$Source::checkAndAddEntry@78 (line 1220)
                                                            ;   {optimized virtual_call}
  0x0000718d8ffff524:   nopl   0xe00051c(%rax,%rax,1)       ;*invokespecial append {reexecute=0 rethrow=0 return_oop=0}
                                                            ; - java.lang.StringBuilder::append@2 (line 253)
                                                            ; - java.util.zip.ZipFile$Source::checkAndAddEntry@78 (line 1220)
                                                            ;   {post_call_nop}
  0x0000718d8ffff52c:   movabs $0x7ff83b688,%rdx            ;   {oop(&quot;)&quot;{0x00000007ff83b688})}
  0x0000718d8ffff536:   mov    0xa8(%rsp),%rsi              ;*invokespecial append {reexecute=0 rethrow=0 return_oop=0}
                                                            ; - java.lang.StringBuilder::append@2 (line 179)
                                                            ; - java.util.zip.ZipFile$Source::checkAndAddEntry@83 (line 1220)
  0x0000718d8ffff53e:   nop
  0x0000718d8ffff53f:   call   0x0000718d974ad9e0           ; ImmutableOopMap {[120]=Oop [128]=Oop [136]=Oop [168]=Oop }
                                                            ;*invokespecial append {reexecute=0 rethrow=0 return_oop=0}
                                                            ; - java.lang.StringBuilder::append@2 (line 179)
                                                            ; - java.util.zip.ZipFile$Source::checkAndAddEntry@83 (line 1220)
                                                            ;   {optimized virtual_call}
  0x0000718d8ffff544:   nopl   0xf00053c(%rax,%rax,1)       ;*invokespecial append {reexecute=0 rethrow=0 return_oop=0}
                                                            ; - java.lang.StringBuilder::append@2 (line 179)
                                                            ; - java.util.zip.ZipFile$Source::checkAndAddEntry@83 (line 1220)
                                                            ;   {post_call_nop}
  0x0000718d8ffff54c:   mov    0xa8(%rsp),%rbx
  0x0000718d8ffff554:   mov    0xc(%rbx),%edx               ;*getfield count {reexecute=0 rethrow=0 return_oop=0}
                                                            ; - java.lang.AbstractStringBuilder::length@1 (line 199)
                                                            ; - java.lang.StringBuilder::length@1 (line 91)
                                                            ; - java.lang.StringBuilder::toString@1 (line 474)
                                                            ; - java.util.zip.ZipFile$Source::checkAndAddEntry@86 (line 1220)
  0x0000718d8ffff557:   test   %edx,%edx
  0x0000718d8ffff559:   jne    0x0000718d8ffff5cd
  0x0000718d8ffff55f:   jmp    0x0000718d8ffff5be           ;*ifne {reexecute=0 rethrow=0 return_oop=0}
                                                            ; - java.lang.StringBuilder::toString@4 (line 474)
                                                            ; - java.util.zip.ZipFile$Source::checkAndAddEntry@86 (line 1220)
  0x0000718d8ffff564:   mov    0x94(%rsp),%edx
  0x0000718d8ffff56b:   add    0x98(%rsp),%edx
  0x0000718d8ffff572:   mov    %rdx,%rcx
  0x0000718d8ffff575:   add    0x9c(%rsp),%ecx
  0x0000718d8ffff57c:   mov    0x78(%rsp),%rdx
  0x0000718d8ffff581:   mov    %rax,%r8
  0x0000718d8ffff584:   mov    0x88(%rsp),%rsi              ;*invokevirtual toString {reexecute=0 rethrow=0 return_oop=0}
                                                            ; - java.util.zip.ZipFile$Source::checkAndAddEntry@333 (line 1258)
  0x0000718d8ffff58c:   nop
  0x0000718d8ffff58d:   movabs $0x718d3405f168,%rax
  0x0000718d8ffff597:   call   0x0000718d974adce0           ; ImmutableOopMap {}
                                                            ;*invokevirtual toString {reexecute=0 rethrow=0 return_oop=0}
                                                            ; - java.util.zip.ZipFile$Source::checkAndAddEntry@333 (line 1258)
                                                            ;   {virtual_call}
  0x0000718d8ffff59c:   nopl   0x10000594(%rax,%rax,1)      ;*invokevirtual toString {reexecute=0 rethrow=0 return_oop=0}
                                                            ; - java.util.zip.ZipFile$Source::checkAndAddEntry@333 (line 1258)
                                                            ;   {post_call_nop}
  0x0000718d8ffff5a4:   mov    0x98(%rsp),%eax
  0x0000718d8ffff5ab:   add    $0xf0,%rsp
  0x0000718d8ffff5b2:   pop    %rbp
  0x0000718d8ffff5b3:   cmp    0x28(%r15),%rsp              ;   {poll_return}
  0x0000718d8ffff5b7:   ja     0x0000718d8ffff8a6
  0x0000718d8ffff5bd:   ret                                 ;*ireturn {reexecute=0 rethrow=0 return_oop=0}
                                                            ; - java.util.zip.ZipFile$Source::checkAndAddEntry@349 (line 1263)
  0x0000718d8ffff5be:   movabs $0x7ff8044c8,%rsi            ;   {oop(&quot;&quot;{0x00000007ff8044c8})}
  0x0000718d8ffff5c8:   jmp    0x0000718d8ffff64c           ;*invokestatic zerror {reexecute=0 rethrow=0 return_oop=0}
                                                            ; - java.util.zip.ZipFile$Source::checkAndAddEntry@89 (line 1220)
  0x0000718d8ffff5cd:   movabs $0x64178db8,%rdx             ;   {metadata(&apos;java/lang/String&apos;)}
  0x0000718d8ffff5d7:   mov    0x1b0(%r15),%rax
  0x0000718d8ffff5de:   lea    0x18(%rax),%rdi
  0x0000718d8ffff5e2:   cmp    0x1c0(%r15),%rdi
  0x0000718d8ffff5e9:   ja     0x0000718d8ffff8bc
  0x0000718d8ffff5ef:   mov    %rdi,0x1b0(%r15)
  0x0000718d8ffff5f6:   movq   $0x1,(%rax)
  0x0000718d8ffff5fd:   mov    %rdx,%rcx
  0x0000718d8ffff600:   mov    $0x64000000,%r10d
  0x0000718d8ffff606:   sub    %r10,%rcx
  0x0000718d8ffff609:   mov    %ecx,0x8(%rax)
  0x0000718d8ffff60c:   xor    %rcx,%rcx
  0x0000718d8ffff60f:   mov    %ecx,0xc(%rax)
  0x0000718d8ffff612:   xor    %rcx,%rcx
  0x0000718d8ffff615:   mov    %rcx,0x10(%rax)              ;*new {reexecute=0 rethrow=0 return_oop=0}
                                                            ; - java.lang.StringBuilder::toString@10 (line 478)
                                                            ; - java.util.zip.ZipFile$Source::checkAndAddEntry@86 (line 1220)
  0x0000718d8ffff619:   mov    %rbx,%rdx
  0x0000718d8ffff61c:   movabs $0x0,%rcx                    ;   {oop(nullptr)}
  0x0000718d8ffff626:   mov    %rax,%rsi                    ;*invokespecial &lt;init&gt; {reexecute=0 rethrow=0 return_oop=0}
                                                            ; - java.lang.StringBuilder::toString@16 (line 478)
                                                            ; - java.util.zip.ZipFile$Source::checkAndAddEntry@86 (line 1220)
  0x0000718d8ffff629:   mov    %rax,0xb0(%rsp)
  0x0000718d8ffff631:   nopw   0x0(%rax,%rax,1)
  0x0000718d8ffff637:   call   0x0000718d974ad9e0           ; ImmutableOopMap {[120]=Oop [128]=Oop [136]=Oop [176]=Oop }
                                                            ;*invokespecial &lt;init&gt; {reexecute=0 rethrow=0 return_oop=0}
                                                            ; - java.lang.StringBuilder::toString@16 (line 478)
                                                            ; - java.util.zip.ZipFile$Source::checkAndAddEntry@86 (line 1220)
                                                            ;   {optimized virtual_call}
  0x0000718d8ffff63c:   nopl   0x11000634(%rax,%rax,1)      ;*invokespecial &lt;init&gt; {reexecute=0 rethrow=0 return_oop=0}
                                                            ; - java.lang.StringBuilder::toString@16 (line 478)
                                                            ; - java.util.zip.ZipFile$Source::checkAndAddEntry@86 (line 1220)
                                                            ;   {post_call_nop}
  0x0000718d8ffff644:   mov    0xb0(%rsp),%rsi              ;*invokestatic zerror {reexecute=0 rethrow=0 return_oop=0}
                                                            ; - java.util.zip.ZipFile$Source::checkAndAddEntry@89 (line 1220)
  0x0000718d8ffff64c:   nopl   0x0(%rax)
  0x0000718d8ffff650:   jmp    0x0000718d8ffff8d8           ;   {other}
  0x0000718d8ffff655:   add    %al,(%rax)
  0x0000718d8ffff657:   add    %al,(%rax)
  0x0000718d8ffff659:   add    %ch,%cl
  0x0000718d8ffff65b:   addl   $0x0,(%rdx)
  0x0000718d8ffff65e:   add    %cl,-0x75(%rax)              ;*new {reexecute=0 rethrow=0 return_oop=0}
                                                            ; - java.util.zip.ZipFile$Source::zerror@0 (line 1843)
                                                            ; - java.util.zip.ZipFile$Source::checkAndAddEntry@89 (line 1220)
  0x0000718d8ffff661:   (bad)  
  0x0000718d8ffff662:   mov    %rax,%rsi                    ;*invokespecial &lt;init&gt; {reexecute=0 rethrow=0 return_oop=0}
                                                            ; - java.util.zip.ZipFile$Source::zerror@5 (line 1843)
                                                            ; - java.util.zip.ZipFile$Source::checkAndAddEntry@89 (line 1220)
  0x0000718d8ffff665:   mov    %rax,0xb8(%rsp)
  0x0000718d8ffff66d:   xchg   %ax,%ax
  0x0000718d8ffff66f:   call   0x0000718d974ad9e0           ; ImmutableOopMap {[120]=Oop [128]=Oop [136]=Oop [184]=Oop }
                                                            ;*invokespecial &lt;init&gt; {reexecute=0 rethrow=0 return_oop=0}
                                                            ; - java.util.zip.ZipFile$Source::zerror@5 (line 1843)
                                                            ; - java.util.zip.ZipFile$Source::checkAndAddEntry@89 (line 1220)
                                                            ;   {optimized virtual_call}
  0x0000718d8ffff674:   nopl   0x1200066c(%rax,%rax,1)      ;*invokespecial &lt;init&gt; {reexecute=0 rethrow=0 return_oop=0}
                                                            ; - java.util.zip.ZipFile$Source::zerror@5 (line 1843)
                                                            ; - java.util.zip.ZipFile$Source::checkAndAddEntry@89 (line 1220)
                                                            ;   {post_call_nop}
  0x0000718d8ffff67c:   mov    0xb8(%rsp),%rax
  0x0000718d8ffff684:   jmp    0x0000718d8ffff9ca           ;*athrow {reexecute=0 rethrow=0 return_oop=0}
                                                            ; - java.util.zip.ZipFile$Source::zerror@8 (line 1843)
                                                            ; - java.util.zip.ZipFile$Source::checkAndAddEntry@89 (line 1220)
  0x0000718d8ffff689:   nopl   0x0(%rax)
  0x0000718d8ffff690:   jmp    0x0000718d8ffff8fe           ;   {other}
  0x0000718d8ffff695:   add    %al,(%rax)
  0x0000718d8ffff697:   add    %al,(%rax)
  0x0000718d8ffff699:   add    %ch,%cl
  0x0000718d8ffff69b:   imul   $0xba480000,(%rdx),%eax      ;*new {reexecute=0 rethrow=0 return_oop=0}
                                                            ; - java.util.zip.ZipFile$Source::zerror@0 (line 1843)
                                                            ; - java.util.zip.ZipFile$Source::checkAndAddEntry@240 (line 1241)
                                                            ;   {oop(&quot;Invalid CEN header (invalid zip64 extra len size)&quot;{0x00000007ff8a99d0})}
  0x0000718d8ffff6a1:   rcrb   0x7ff8a(%rcx)
  0x0000718d8ffff6a7:   add    %al,(%rax)
  0x0000718d8ffff6a9:   mov    %rax,%rsi                    ;*invokespecial &lt;init&gt; {reexecute=0 rethrow=0 return_oop=0}
                                                            ; - java.util.zip.ZipFile$Source::zerror@5 (line 1843)
                                                            ; - java.util.zip.ZipFile$Source::checkAndAddEntry@240 (line 1241)
  0x0000718d8ffff6ac:   mov    %rax,0xc0(%rsp)
  0x0000718d8ffff6b4:   data16 xchg %ax,%ax
  0x0000718d8ffff6b7:   call   0x0000718d974ad9e0           ; ImmutableOopMap {[120]=Oop [128]=Oop [136]=Oop [192]=Oop }
                                                            ;*invokespecial &lt;init&gt; {reexecute=0 rethrow=0 return_oop=0}
                                                            ; - java.util.zip.ZipFile$Source::zerror@5 (line 1843)
                                                            ; - java.util.zip.ZipFile$Source::checkAndAddEntry@240 (line 1241)
                                                            ;   {optimized virtual_call}
  0x0000718d8ffff6bc:   nopl   0x130006b4(%rax,%rax,1)      ;*invokespecial &lt;init&gt; {reexecute=0 rethrow=0 return_oop=0}
                                                            ; - java.util.zip.ZipFile$Source::zerror@5 (line 1843)
                                                            ; - java.util.zip.ZipFile$Source::checkAndAddEntry@240 (line 1241)
                                                            ;   {post_call_nop}
  0x0000718d8ffff6c4:   mov    0xc0(%rsp),%rax
  0x0000718d8ffff6cc:   jmp    0x0000718d8ffff9ca           ;*athrow {reexecute=0 rethrow=0 return_oop=0}
                                                            ; - java.util.zip.ZipFile$Source::zerror@8 (line 1843)
                                                            ; - java.util.zip.ZipFile$Source::checkAndAddEntry@240 (line 1241)
  0x0000718d8ffff6d1:   nopl   0x0(%rax)
  0x0000718d8ffff6d8:   jmp    0x0000718d8ffff924           ;   {other}
  0x0000718d8ffff6dd:   add    %al,(%rax)
  0x0000718d8ffff6df:   add    %al,(%rax)
  0x0000718d8ffff6e1:   add    %ch,%cl
  0x0000718d8ffff6e3:   rex.RXB add (%r8),%r8b
  0x0000718d8ffff6e6:   add    %cl,-0x46(%rax)              ;*new {reexecute=0 rethrow=0 return_oop=0}
                                                            ; - java.util.zip.ZipFile$Source::zerror@0 (line 1843)
                                                            ; - java.util.zip.ZipFile$Source::checkAndAddEntry@154 (line 1232)
                                                            ;   {oop(&quot;invalid CEN header (bad header size)&quot;{0x00000007ff8a99b8})}
  0x0000718d8ffff6e9:   mov    $0x7ff8a99,%eax
  0x0000718d8ffff6ee:   add    %al,(%rax)
  0x0000718d8ffff6f0:   add    %cl,-0x75(%rax)
  0x0000718d8ffff6f3:   lock mov %rax,0xc8(%rsp)            ;*invokespecial &lt;init&gt; {reexecute=0 rethrow=0 return_oop=0}
                                                            ; - java.util.zip.ZipFile$Source::zerror@5 (line 1843)
                                                            ; - java.util.zip.ZipFile$Source::checkAndAddEntry@154 (line 1232)
  0x0000718d8ffff6fc:   data16 xchg %ax,%ax
  0x0000718d8ffff6ff:   call   0x0000718d974ad9e0           ; ImmutableOopMap {[120]=Oop [128]=Oop [136]=Oop [200]=Oop }
                                                            ;*invokespecial &lt;init&gt; {reexecute=0 rethrow=0 return_oop=0}
                                                            ; - java.util.zip.ZipFile$Source::zerror@5 (line 1843)
                                                            ; - java.util.zip.ZipFile$Source::checkAndAddEntry@154 (line 1232)
                                                            ;   {optimized virtual_call}
  0x0000718d8ffff704:   nopl   0x140006fc(%rax,%rax,1)      ;*invokespecial &lt;init&gt; {reexecute=0 rethrow=0 return_oop=0}
                                                            ; - java.util.zip.ZipFile$Source::zerror@5 (line 1843)
                                                            ; - java.util.zip.ZipFile$Source::checkAndAddEntry@154 (line 1232)
                                                            ;   {post_call_nop}
  0x0000718d8ffff70c:   mov    0xc8(%rsp),%rax
  0x0000718d8ffff714:   jmp    0x0000718d8ffff9ca           ;*athrow {reexecute=0 rethrow=0 return_oop=0}
                                                            ; - java.util.zip.ZipFile$Source::zerror@8 (line 1843)
                                                            ; - java.util.zip.ZipFile$Source::checkAndAddEntry@154 (line 1232)
  0x0000718d8ffff719:   nopl   0x0(%rax)
  0x0000718d8ffff720:   jmp    0x0000718d8ffff94a           ;   {other}
  0x0000718d8ffff725:   add    %al,(%rax)
  0x0000718d8ffff727:   add    %al,(%rax)
  0x0000718d8ffff729:   add    %ch,%cl
  0x0000718d8ffff72b:   and    $0x48000002,%eax             ;*new {reexecute=0 rethrow=0 return_oop=0}
                                                            ; - java.util.zip.ZipFile$Source::zerror@0 (line 1843)
                                                            ; - java.util.zip.ZipFile$Source::checkAndAddEntry@49 (line 1217)
                                                            ;   {oop(&quot;invalid CEN header (encrypted entry)&quot;{0x00000007ff8a9988})}
  0x0000718d8ffff730:   mov    $0xff8a9988,%edx
  0x0000718d8ffff735:   (bad)  
  0x0000718d8ffff736:   add    %al,(%rax)
  0x0000718d8ffff738:   add    %cl,-0x75(%rax)
  0x0000718d8ffff73b:   lock mov %rax,0xd0(%rsp)            ;*invokespecial &lt;init&gt; {reexecute=0 rethrow=0 return_oop=0}
                                                            ; - java.util.zip.ZipFile$Source::zerror@5 (line 1843)
                                                            ; - java.util.zip.ZipFile$Source::checkAndAddEntry@49 (line 1217)
  0x0000718d8ffff744:   data16 xchg %ax,%ax
  0x0000718d8ffff747:   call   0x0000718d974ad9e0           ; ImmutableOopMap {[120]=Oop [128]=Oop [136]=Oop [208]=Oop }
                                                            ;*invokespecial &lt;init&gt; {reexecute=0 rethrow=0 return_oop=0}
                                                            ; - java.util.zip.ZipFile$Source::zerror@5 (line 1843)
                                                            ; - java.util.zip.ZipFile$Source::checkAndAddEntry@49 (line 1217)
                                                            ;   {optimized virtual_call}
  0x0000718d8ffff74c:   nopl   0x15000744(%rax,%rax,1)      ;*invokespecial &lt;init&gt; {reexecute=0 rethrow=0 return_oop=0}
                                                            ; - java.util.zip.ZipFile$Source::zerror@5 (line 1843)
                                                            ; - java.util.zip.ZipFile$Source::checkAndAddEntry@49 (line 1217)
                                                            ;   {post_call_nop}
  0x0000718d8ffff754:   mov    0xd0(%rsp),%rax
  0x0000718d8ffff75c:   jmp    0x0000718d8ffff9ca           ;*athrow {reexecute=0 rethrow=0 return_oop=0}
                                                            ; - java.util.zip.ZipFile$Source::zerror@8 (line 1843)
                                                            ; - java.util.zip.ZipFile$Source::checkAndAddEntry@49 (line 1217)
  0x0000718d8ffff761:   nopl   0x0(%rax)
  0x0000718d8ffff768:   jmp    0x0000718d8ffff970           ;   {other}
  0x0000718d8ffff76d:   add    %al,(%rax)
  0x0000718d8ffff76f:   add    %al,(%rax)
  0x0000718d8ffff771:   add    %ch,%cl
  0x0000718d8ffff773:   add    (%rdx),%eax
  0x0000718d8ffff775:   add    %al,(%rax)                   ;*new {reexecute=0 rethrow=0 return_oop=0}
                                                            ; - java.util.zip.ZipFile$Source::zerror@0 (line 1843)
                                                            ; - java.util.zip.ZipFile$Source::checkAndAddEntry@21 (line 1212)
  0x0000718d8ffff777:   movabs $0x7ff8a9970,%rdx            ;   {oop(&quot;invalid CEN header (bad signature)&quot;{0x00000007ff8a9970})}
  0x0000718d8ffff781:   mov    %rax,%rsi                    ;*invokespecial &lt;init&gt; {reexecute=0 rethrow=0 return_oop=0}
                                                            ; - java.util.zip.ZipFile$Source::zerror@5 (line 1843)
                                                            ; - java.util.zip.ZipFile$Source::checkAndAddEntry@21 (line 1212)
  0x0000718d8ffff784:   mov    %rax,0xd8(%rsp)
  0x0000718d8ffff78c:   data16 xchg %ax,%ax
  0x0000718d8ffff78f:   call   0x0000718d974ad9e0           ; ImmutableOopMap {[120]=Oop [128]=Oop [136]=Oop [216]=Oop }
                                                            ;*invokespecial &lt;init&gt; {reexecute=0 rethrow=0 return_oop=0}
                                                            ; - java.util.zip.ZipFile$Source::zerror@5 (line 1843)
                                                            ; - java.util.zip.ZipFile$Source::checkAndAddEntry@21 (line 1212)
                                                            ;   {optimized virtual_call}
  0x0000718d8ffff794:   nopl   0x1600078c(%rax,%rax,1)      ;*invokespecial &lt;init&gt; {reexecute=0 rethrow=0 return_oop=0}
                                                            ; - java.util.zip.ZipFile$Source::zerror@5 (line 1843)
                                                            ; - java.util.zip.ZipFile$Source::checkAndAddEntry@21 (line 1212)
                                                            ;   {post_call_nop}
  0x0000718d8ffff79c:   mov    0xd8(%rsp),%rax
  0x0000718d8ffff7a4:   jmp    0x0000718d8ffff9ca           ;*athrow {reexecute=0 rethrow=0 return_oop=0}
                                                            ; - java.util.zip.ZipFile$Source::zerror@8 (line 1843)
                                                            ; - java.util.zip.ZipFile$Source::checkAndAddEntry@21 (line 1212)
  0x0000718d8ffff7a9:   mov    0x5c0(%r15),%rax
  0x0000718d8ffff7b0:   xor    %r10,%r10
  0x0000718d8ffff7b3:   mov    %r10,0x5c0(%r15)
  0x0000718d8ffff7ba:   xor    %r10,%r10
  0x0000718d8ffff7bd:   mov    %r10,0x5c8(%r15)
  0x0000718d8ffff7c4:   nopl   0x0(%rax)
  0x0000718d8ffff7c8:   jmp    0x0000718d8ffff996           ;   {other}
  0x0000718d8ffff7cd:   add    %al,(%rax)
  0x0000718d8ffff7cf:   add    %al,(%rax)
  0x0000718d8ffff7d1:   add    %ch,%cl
  0x0000718d8ffff7d3:   leave  
  0x0000718d8ffff7d4:   add    %eax,(%rax)
  0x0000718d8ffff7d6:   add    %cl,-0x46(%rax)              ;*new {reexecute=0 rethrow=0 return_oop=0}
                                                            ; - java.util.zip.ZipFile$Source::zerror@0 (line 1843)
                                                            ; - java.util.zip.ZipFile$Source::checkAndAddEntry@344 (line 1261)
                                                            ;   {oop(&quot;invalid CEN header (bad entry name or comment)&quot;{0x00000007ff8a99e8})}
  0x0000718d8ffff7d9:   call   0x0000718d97ff8277
  0x0000718d8ffff7de:   add    %al,(%rax)
  0x0000718d8ffff7e0:   add    %cl,-0x75(%rax)
  0x0000718d8ffff7e3:   lock mov %rax,0xe0(%rsp)            ;*invokespecial &lt;init&gt; {reexecute=0 rethrow=0 return_oop=0}
                                                            ; - java.util.zip.ZipFile$Source::zerror@5 (line 1843)
                                                            ; - java.util.zip.ZipFile$Source::checkAndAddEntry@344 (line 1261)
  0x0000718d8ffff7ec:   data16 xchg %ax,%ax
  0x0000718d8ffff7ef:   call   0x0000718d974ad9e0           ; ImmutableOopMap {[224]=Oop }
                                                            ;*invokespecial &lt;init&gt; {reexecute=0 rethrow=0 return_oop=0}
                                                            ; - java.util.zip.ZipFile$Source::zerror@5 (line 1843)
                                                            ; - java.util.zip.ZipFile$Source::checkAndAddEntry@344 (line 1261)
                                                            ;   {optimized virtual_call}
  0x0000718d8ffff7f4:   nopl   0x170007ec(%rax,%rax,1)      ;*invokespecial &lt;init&gt; {reexecute=0 rethrow=0 return_oop=0}
                                                            ; - java.util.zip.ZipFile$Source::zerror@5 (line 1843)
                                                            ; - java.util.zip.ZipFile$Source::checkAndAddEntry@344 (line 1261)
                                                            ;   {post_call_nop}
  0x0000718d8ffff7fc:   mov    0xe0(%rsp),%rax
  0x0000718d8ffff804:   jmp    0x0000718d8ffff9ca
  0x0000718d8ffff809:   movabs $0x643fc328,%r10             ;   {metadata({method} {0x00000000643fc328} &apos;checkAndAddEntry&apos; &apos;(IILjava/util/zip/ZipCoder;)I&apos; in &apos;java/util/zip/ZipFile$Source&apos;)}
  0x0000718d8ffff813:   mov    %r10,0x8(%rsp)
  0x0000718d8ffff818:   movq   $0xffffffffffffffff,(%rsp)
  0x0000718d8ffff820:   call   0x0000718d97582fe0           ; ImmutableOopMap {rsi=Oop r8=Oop [128]=Oop [136]=Oop }
                                                            ;*synchronization entry
                                                            ; - java.util.zip.ZipFile$Source::checkAndAddEntry@-1 (line 1210)
                                                            ;   {runtime_call counter_overflow_blob (C1 runtime)}
  0x0000718d8ffff825:   jmp    0x0000718d8ffff178
  0x0000718d8ffff82a:   call   0x0000718d9757c660           ; ImmutableOopMap {rdi=Oop [120]=Oop [128]=Oop [136]=Oop }
                                                            ;*arraylength {reexecute=0 rethrow=0 return_oop=0}
                                                            ; - java.util.zip.ZipFile$Source::checkAndAddEntry@145 (line 1231)
                                                            ;   {runtime_call throw_null_pointer_exception_blob (C1 runtime)}
  0x0000718d8ffff82f:   call   0x0000718d9757c360           ; ImmutableOopMap {rbx=Oop [120]=Oop [128]=Oop [136]=Oop }
                                                            ;*irem {reexecute=0 rethrow=0 return_oop=0}
                                                            ; - java.util.zip.ZipFile$Source::checkAndAddEntry@264 (line 1246)
                                                            ;   {runtime_call throw_div0_exception_blob (C1 runtime)}
  0x0000718d8ffff834:   call   0x0000718d9757c660           ; ImmutableOopMap {rbx=Oop rdi=Oop [120]=Oop [128]=Oop [136]=Oop }
                                                            ;*iaload {reexecute=0 rethrow=0 return_oop=0}
                                                            ; - java.util.zip.ZipFile$Source::checkAndAddEntry@273 (line 1247)
                                                            ;   {runtime_call throw_null_pointer_exception_blob (C1 runtime)}
  0x0000718d8ffff839:   call   0x0000718d9757c660           ; ImmutableOopMap {rbx=Oop rdi=Oop [120]=Oop [128]=Oop [136]=Oop }
                                                            ;*iaload {reexecute=0 rethrow=0 return_oop=0}
                                                            ; - java.util.zip.ZipFile$Source::checkAndAddEntry@273 (line 1247)
                                                            ;   {runtime_call throw_null_pointer_exception_blob (C1 runtime)}
  0x0000718d8ffff83e:   mov    %rdx,(%rsp)
  0x0000718d8ffff842:   mov    %rdi,0x8(%rsp)
  0x0000718d8ffff847:   call   0x0000718d9757bd60           ; ImmutableOopMap {rbx=Oop rdi=Oop [120]=Oop [128]=Oop [136]=Oop }
                                                            ;*iaload {reexecute=0 rethrow=0 return_oop=0}
                                                            ; - java.util.zip.ZipFile$Source::checkAndAddEntry@273 (line 1247)
                                                            ;   {runtime_call throw_range_check_failed_blob (C1 runtime)}
  0x0000718d8ffff84c:   call   0x0000718d9757c660           ; ImmutableOopMap {rbx=Oop rdx=Oop [120]=Oop [128]=Oop [136]=Oop }
                                                            ;*iastore {reexecute=0 rethrow=0 return_oop=0}
                                                            ; - java.util.zip.ZipFile$Source::checkAndAddEntry@291 (line 1250)
                                                            ;   {runtime_call throw_null_pointer_exception_blob (C1 runtime)}
  0x0000718d8ffff851:   call   0x0000718d9757c660           ; ImmutableOopMap {rbx=Oop rdx=Oop [120]=Oop [128]=Oop [136]=Oop }
                                                            ;*iastore {reexecute=0 rethrow=0 return_oop=0}
                                                            ; - java.util.zip.ZipFile$Source::checkAndAddEntry@291 (line 1250)
                                                            ;   {runtime_call throw_null_pointer_exception_blob (C1 runtime)}
  0x0000718d8ffff856:   mov    %rcx,(%rsp)
  0x0000718d8ffff85a:   mov    %rdx,0x8(%rsp)
  0x0000718d8ffff85f:   call   0x0000718d9757bd60           ; ImmutableOopMap {rbx=Oop rdx=Oop [120]=Oop [128]=Oop [136]=Oop }
                                                            ;*iastore {reexecute=0 rethrow=0 return_oop=0}
                                                            ; - java.util.zip.ZipFile$Source::checkAndAddEntry@291 (line 1250)
                                                            ;   {runtime_call throw_range_check_failed_blob (C1 runtime)}
  0x0000718d8ffff864:   mov    %rsi,(%rsp)
  0x0000718d8ffff868:   mov    %rdx,0x8(%rsp)
  0x0000718d8ffff86d:   call   0x0000718d9757bd60           ; ImmutableOopMap {rbx=Oop rdx=Oop [120]=Oop [128]=Oop [136]=Oop }
                                                            ;*iastore {reexecute=0 rethrow=0 return_oop=0}
                                                            ; - java.util.zip.ZipFile$Source::checkAndAddEntry@301 (line 1251)
                                                            ;   {runtime_call throw_range_check_failed_blob (C1 runtime)}
  0x0000718d8ffff872:   mov    %rcx,(%rsp)
  0x0000718d8ffff876:   mov    %rdx,0x8(%rsp)
  0x0000718d8ffff87b:   call   0x0000718d9757bd60           ; ImmutableOopMap {rdx=Oop [120]=Oop [136]=Oop }
                                                            ;*iastore {reexecute=0 rethrow=0 return_oop=0}
                                                            ; - java.util.zip.ZipFile$Source::checkAndAddEntry@310 (line 1252)
                                                            ;   {runtime_call throw_range_check_failed_blob (C1 runtime)}
  0x0000718d8ffff880:   movabs $0x0,%rdx                    ;   {metadata(nullptr)}
  0x0000718d8ffff88a:   mov    $0xa050f00,%eax
  0x0000718d8ffff88f:   call   0x0000718d975817e0           ; ImmutableOopMap {[120]=Oop [128]=Oop [136]=Oop }
                                                            ;*new {reexecute=1 rethrow=0 return_oop=0}
                                                            ; - (reexecute) java.util.zip.ZipFile$Source::checkAndAddEntry@64 (line 1220)
                                                            ;   {runtime_call load_klass_patching_blob (C1 runtime)}
  0x0000718d8ffff894:   jmp    0x0000718d8ffff480
  0x0000718d8ffff899:   mov    %rdx,%rdx
  0x0000718d8ffff89c:   call   0x0000718d9757cf60           ; ImmutableOopMap {[120]=Oop [128]=Oop [136]=Oop }
                                                            ;*new {reexecute=0 rethrow=0 return_oop=0}
                                                            ; - java.util.zip.ZipFile$Source::checkAndAddEntry@64 (line 1220)
                                                            ;   {runtime_call fast_new_instance_blob (C1 runtime)}
  0x0000718d8ffff8a1:   jmp    0x0000718d8ffff4cc
  0x0000718d8ffff8a6:   movabs $0x718d8ffff5b3,%r10         ;   {internal_word}
  0x0000718d8ffff8b0:   mov    %r10,0x510(%r15)
  0x0000718d8ffff8b7:   jmp    0x0000718d974afb60           ;   {runtime_call SafepointBlob}
  0x0000718d8ffff8bc:   mov    %rdx,%rdx
  0x0000718d8ffff8bf:   call   0x0000718d9757cf60           ; ImmutableOopMap {rbx=Oop [120]=Oop [128]=Oop [136]=Oop }
                                                            ;*new {reexecute=0 rethrow=0 return_oop=0}
                                                            ; - java.lang.StringBuilder::toString@10 (line 478)
                                                            ; - java.util.zip.ZipFile$Source::checkAndAddEntry@86 (line 1220)
                                                            ;   {runtime_call fast_new_instance_blob (C1 runtime)}
  0x0000718d8ffff8c4:   jmp    0x0000718d8ffff619
  0x0000718d8ffff8c9:   movabs $0x0,%rdx                    ;   {metadata(nullptr)}
  0x0000718d8ffff8d3:   mov    $0xa050f00,%eax
  0x0000718d8ffff8d8:   call   0x0000718d975817e0           ; ImmutableOopMap {rsi=Oop [120]=Oop [128]=Oop [136]=Oop }
                                                            ;*new {reexecute=1 rethrow=0 return_oop=0}
                                                            ; - (reexecute) java.util.zip.ZipFile$Source::zerror@0 (line 1843)
                                                            ; - java.util.zip.ZipFile$Source::checkAndAddEntry@89 (line 1220)
                                                            ;   {runtime_call load_klass_patching_blob (C1 runtime)}
  0x0000718d8ffff8dd:   jmp    0x0000718d8ffff650
  0x0000718d8ffff8e2:   mov    %rdx,%rdx
  0x0000718d8ffff8e5:   call   0x0000718d9757cc60           ; ImmutableOopMap {rsi=Oop [120]=Oop [128]=Oop [136]=Oop }
                                                            ;*new {reexecute=0 rethrow=0 return_oop=0}
                                                            ; - java.util.zip.ZipFile$Source::zerror@0 (line 1843)
                                                            ; - java.util.zip.ZipFile$Source::checkAndAddEntry@89 (line 1220)
                                                            ;   {runtime_call new_instance_blob (C1 runtime)}
  0x0000718d8ffff8ea:   jmp    0x0000718d8ffff65f
  0x0000718d8ffff8ef:   movabs $0x0,%rdx                    ;   {metadata(nullptr)}
  0x0000718d8ffff8f9:   mov    $0xa050f00,%eax
  0x0000718d8ffff8fe:   call   0x0000718d975817e0           ; ImmutableOopMap {[120]=Oop [128]=Oop [136]=Oop }
                                                            ;*new {reexecute=1 rethrow=0 return_oop=0}
                                                            ; - (reexecute) java.util.zip.ZipFile$Source::zerror@0 (line 1843)
                                                            ; - java.util.zip.ZipFile$Source::checkAndAddEntry@240 (line 1241)
                                                            ;   {runtime_call load_klass_patching_blob (C1 runtime)}
  0x0000718d8ffff903:   jmp    0x0000718d8ffff690
  0x0000718d8ffff908:   mov    %rdx,%rdx
  0x0000718d8ffff90b:   call   0x0000718d9757cc60           ; ImmutableOopMap {[120]=Oop [128]=Oop [136]=Oop }
                                                            ;*new {reexecute=0 rethrow=0 return_oop=0}
                                                            ; - java.util.zip.ZipFile$Source::zerror@0 (line 1843)
                                                            ; - java.util.zip.ZipFile$Source::checkAndAddEntry@240 (line 1241)
                                                            ;   {runtime_call new_instance_blob (C1 runtime)}
  0x0000718d8ffff910:   jmp    0x0000718d8ffff69f
  0x0000718d8ffff915:   movabs $0x0,%rdx                    ;   {metadata(nullptr)}
  0x0000718d8ffff91f:   mov    $0xa050f00,%eax
  0x0000718d8ffff924:   call   0x0000718d975817e0           ; ImmutableOopMap {[120]=Oop [128]=Oop [136]=Oop }
                                                            ;*new {reexecute=1 rethrow=0 return_oop=0}
                                                            ; - (reexecute) java.util.zip.ZipFile$Source::zerror@0 (line 1843)
                                                            ; - java.util.zip.ZipFile$Source::checkAndAddEntry@154 (line 1232)
                                                            ;   {runtime_call load_klass_patching_blob (C1 runtime)}
  0x0000718d8ffff929:   jmp    0x0000718d8ffff6d8
  0x0000718d8ffff92e:   mov    %rdx,%rdx
  0x0000718d8ffff931:   call   0x0000718d9757cc60           ; ImmutableOopMap {[120]=Oop [128]=Oop [136]=Oop }
                                                            ;*new {reexecute=0 rethrow=0 return_oop=0}
                                                            ; - java.util.zip.ZipFile$Source::zerror@0 (line 1843)
                                                            ; - java.util.zip.ZipFile$Source::checkAndAddEntry@154 (line 1232)
                                                            ;   {runtime_call new_instance_blob (C1 runtime)}
  0x0000718d8ffff936:   jmp    0x0000718d8ffff6e7
  0x0000718d8ffff93b:   movabs $0x0,%rdx                    ;   {metadata(nullptr)}
  0x0000718d8ffff945:   mov    $0xa050f00,%eax
  0x0000718d8ffff94a:   call   0x0000718d975817e0           ; ImmutableOopMap {[120]=Oop [128]=Oop [136]=Oop }
                                                            ;*new {reexecute=1 rethrow=0 return_oop=0}
                                                            ; - (reexecute) java.util.zip.ZipFile$Source::zerror@0 (line 1843)
                                                            ; - java.util.zip.ZipFile$Source::checkAndAddEntry@49 (line 1217)
                                                            ;   {runtime_call load_klass_patching_blob (C1 runtime)}
  0x0000718d8ffff94f:   jmp    0x0000718d8ffff720
  0x0000718d8ffff954:   mov    %rdx,%rdx
  0x0000718d8ffff957:   call   0x0000718d9757cc60           ; ImmutableOopMap {[120]=Oop [128]=Oop [136]=Oop }
                                                            ;*new {reexecute=0 rethrow=0 return_oop=0}
                                                            ; - java.util.zip.ZipFile$Source::zerror@0 (line 1843)
                                                            ; - java.util.zip.ZipFile$Source::checkAndAddEntry@49 (line 1217)
                                                            ;   {runtime_call new_instance_blob (C1 runtime)}
  0x0000718d8ffff95c:   jmp    0x0000718d8ffff72f
  0x0000718d8ffff961:   movabs $0x0,%rdx                    ;   {metadata(nullptr)}
  0x0000718d8ffff96b:   mov    $0xa050f00,%eax
  0x0000718d8ffff970:   call   0x0000718d975817e0           ; ImmutableOopMap {[120]=Oop [128]=Oop [136]=Oop }
                                                            ;*new {reexecute=1 rethrow=0 return_oop=0}
                                                            ; - (reexecute) java.util.zip.ZipFile$Source::zerror@0 (line 1843)
                                                            ; - java.util.zip.ZipFile$Source::checkAndAddEntry@21 (line 1212)
                                                            ;   {runtime_call load_klass_patching_blob (C1 runtime)}
  0x0000718d8ffff975:   jmp    0x0000718d8ffff768
  0x0000718d8ffff97a:   mov    %rdx,%rdx
  0x0000718d8ffff97d:   call   0x0000718d9757cc60           ; ImmutableOopMap {[120]=Oop [128]=Oop [136]=Oop }
                                                            ;*new {reexecute=0 rethrow=0 return_oop=0}
                                                            ; - java.util.zip.ZipFile$Source::zerror@0 (line 1843)
                                                            ; - java.util.zip.ZipFile$Source::checkAndAddEntry@21 (line 1212)
                                                            ;   {runtime_call new_instance_blob (C1 runtime)}
  0x0000718d8ffff982:   jmp    0x0000718d8ffff777
  0x0000718d8ffff987:   movabs $0x0,%rdx                    ;   {metadata(nullptr)}
  0x0000718d8ffff991:   mov    $0xa050f00,%eax
  0x0000718d8ffff996:   call   0x0000718d975817e0           ; ImmutableOopMap {}
                                                            ;*new {reexecute=1 rethrow=0 return_oop=0}
                                                            ; - (reexecute) java.util.zip.ZipFile$Source::zerror@0 (line 1843)
                                                            ; - java.util.zip.ZipFile$Source::checkAndAddEntry@344 (line 1261)
                                                            ;   {runtime_call load_klass_patching_blob (C1 runtime)}
  0x0000718d8ffff99b:   jmp    0x0000718d8ffff7c8
  0x0000718d8ffff9a0:   mov    %rdx,%rdx
  0x0000718d8ffff9a3:   call   0x0000718d9757cc60           ; ImmutableOopMap {}
                                                            ;*new {reexecute=0 rethrow=0 return_oop=0}
                                                            ; - java.util.zip.ZipFile$Source::zerror@0 (line 1843)
                                                            ; - java.util.zip.ZipFile$Source::checkAndAddEntry@344 (line 1261)
                                                            ;   {runtime_call new_instance_blob (C1 runtime)}
  0x0000718d8ffff9a8:   jmp    0x0000718d8ffff7d7
  0x0000718d8ffff9ad:   mov    0x5c0(%r15),%rax
  0x0000718d8ffff9b4:   movq   $0x0,0x5c0(%r15)
  0x0000718d8ffff9bf:   movq   $0x0,0x5c8(%r15)
  0x0000718d8ffff9ca:   add    $0xf0,%rsp
  0x0000718d8ffff9d1:   pop    %rbp
  0x0000718d8ffff9d2:   jmp    0x0000718d9757ae60           ;   {runtime_call unwind_exception_blob (C1 runtime)}
  0x0000718d8ffff9d7:   hlt    
[Stub Code]
  0x0000718d8ffff9d8:   nopl   0x0(%rax,%rax,1)             ;   {other}
  0x0000718d8ffff9dd:   movabs $0x0,%rbx                    ;   {static_stub}
  0x0000718d8ffff9e7:   jmp    0x0000718d8ffff9e7           ;   {runtime_call nmethod}
  0x0000718d8ffff9ec:   nop
  0x0000718d8ffff9ed:   movabs $0x0,%rbx                    ;   {static_stub}
  0x0000718d8ffff9f7:   jmp    0x0000718d8ffff9f7           ;   {runtime_call nmethod}
  0x0000718d8ffff9fc:   nop
  0x0000718d8ffff9fd:   movabs $0x0,%rbx                    ;   {static_stub}
  0x0000718d8ffffa07:   jmp    0x0000718d8ffffa07           ;   {runtime_call nmethod}
  0x0000718d8ffffa0c:   nop
  0x0000718d8ffffa0d:   movabs $0x0,%rbx                    ;   {static_stub}
  0x0000718d8ffffa17:   jmp    0x0000718d8ffffa17           ;   {runtime_call nmethod}
  0x0000718d8ffffa1c:   nop
  0x0000718d8ffffa1d:   movabs $0x0,%rbx                    ;   {static_stub}
  0x0000718d8ffffa27:   jmp    0x0000718d8ffffa27           ;   {runtime_call nmethod}
  0x0000718d8ffffa2c:   nop
  0x0000718d8ffffa2d:   movabs $0x0,%rbx                    ;   {static_stub}
  0x0000718d8ffffa37:   jmp    0x0000718d8ffffa37           ;   {runtime_call nmethod}
  0x0000718d8ffffa3c:   nop
  0x0000718d8ffffa3d:   movabs $0x0,%rbx                    ;   {static_stub}
  0x0000718d8ffffa47:   jmp    0x0000718d8ffffa47           ;   {runtime_call nmethod}
  0x0000718d8ffffa4c:   nop
  0x0000718d8ffffa4d:   movabs $0x0,%rbx                    ;   {static_stub}
  0x0000718d8ffffa57:   jmp    0x0000718d8ffffa57           ;   {runtime_call nmethod}
  0x0000718d8ffffa5c:   nop
  0x0000718d8ffffa5d:   movabs $0x0,%rbx                    ;   {static_stub}
  0x0000718d8ffffa67:   jmp    0x0000718d8ffffa67           ;   {runtime_call nmethod}
  0x0000718d8ffffa6c:   nop
  0x0000718d8ffffa6d:   movabs $0x0,%rbx                    ;   {static_stub}
  0x0000718d8ffffa77:   jmp    0x0000718d8ffffa77           ;   {runtime_call nmethod}
  0x0000718d8ffffa7c:   nop
  0x0000718d8ffffa7d:   movabs $0x0,%rbx                    ;   {static_stub}
  0x0000718d8ffffa87:   jmp    0x0000718d8ffffa87           ;   {runtime_call nmethod}
  0x0000718d8ffffa8c:   movabs $0x0,%rbx                    ;   {static_stub}
  0x0000718d8ffffa96:   jmp    0x0000718d8ffffa96           ;   {runtime_call nmethod}
  0x0000718d8ffffa9b:   movabs $0x0,%rbx                    ;   {static_stub}
  0x0000718d8ffffaa5:   jmp    0x0000718d8ffffaa5           ;   {runtime_call nmethod}
  0x0000718d8ffffaaa:   movabs $0x0,%rbx                    ;   {static_stub}
  0x0000718d8ffffab4:   jmp    0x0000718d8ffffab4           ;   {runtime_call nmethod}
  0x0000718d8ffffab9:   movabs $0x0,%rbx                    ;   {static_stub}
  0x0000718d8ffffac3:   jmp    0x0000718d8ffffac3           ;   {runtime_call nmethod}
  0x0000718d8ffffac8:   movabs $0x0,%rbx                    ;   {static_stub}
  0x0000718d8ffffad2:   jmp    0x0000718d8ffffad2           ;   {runtime_call nmethod}
[Exception Handler]
  0x0000718d8ffffad7:   call   0x0000718d9757e8e0           ;   {runtime_call handle_exception_from_callee_blob (C1 runtime)}
  0x0000718d8ffffadc:   movabs $0x718db0f3aec4,%rdi         ;   {external_word}
  0x0000718d8ffffae6:   and    $0xfffffffffffffff0,%rsp
  0x0000718d8ffffaea:   call   0x0000718db0991cc0           ;   {runtime_call MacroAssembler::debug64(char*, long, long*)}
  0x0000718d8ffffaef:   hlt    
  0x0000718d8ffffaf0:   call   0x0000718d974afe60           ;   {runtime_call DeoptimizationBlob}
[Deopt Handler Entry Point]
  0x0000718d8ffffaf5:   jmp    0x0000718d8ffffaf0
  0x0000718d8ffffaf7:   hlt    
--------------------------------------------------------------------------------
[/Disassembly]
