
============================= C1-compiled nmethod ==============================
----------------------------------- Assembly -----------------------------------

Compiled method (c1) 368   24       1       jdk.internal.classfile.impl.AbstractPoolEntry$Utf8EntryImpl::tag (2 bytes)
 total in heap  [0x000070b657ba4508,0x000070b657ba46b0] = 424
 main code      [0x000070b657ba4600,0x000070b657ba4690] = 144
 stub code      [0x000070b657ba4690,0x000070b657ba46b0] = 32
 mutable data [0x000070b5f8014c50,0x000070b5f8014c78] = 40
 relocation     [0x000070b5f8014c50,0x000070b5f8014c70] = 32
 metadata       [0x000070b5f8014c70,0x000070b5f8014c78] = 8
 immutable data [0x000070b5f8014c00,0x000070b5f8014c44] = 68
 dependencies   [0x000070b5f8014c00,0x000070b5f8014c08] = 8
 scopes pcs     [0x000070b5f8014c08,0x000070b5f8014c38] = 48
 scopes data    [0x000070b5f8014c38,0x000070b5f8014c40] = 8

[Disassembly]
--------------------------------------------------------------------------------
[Constant Pool (empty)]

--------------------------------------------------------------------------------

[Instructions begin]
  0x000070b657ba4600:   data16 data16 nopw 0x0(%rax,%rax,1)
  0x000070b657ba460b:   data16 data16 xchg %ax,%ax
  0x000070b657ba460f:   data16 xchg %ax,%ax
[Entry Point]
  # {method} {0x000000002733ffc8} &apos;tag&apos; &apos;()I&apos; in &apos;jdk/internal/classfile/impl/AbstractPoolEntry$Utf8EntryImpl&apos;
  #           [sp+0x30]  (sp of caller)
  0x000070b657ba4612:   mov    0x8(%rsi),%r10d
  0x000070b657ba4616:   cmp    0x8(%rax),%r10d
  0x000070b657ba461a:   jne    0x000070b6574ad6e0           ;   {runtime_call ic_miss_blob (shared runtime)}
[Verified Entry Point]
  0x000070b657ba4620:   mov    %eax,-0x14000(%rsp)
  0x000070b657ba4627:   push   %rbp
  0x000070b657ba4628:   sub    $0x20,%rsp
  0x000070b657ba462c:   cmpl   $0x1,0x20(%r15)
  0x000070b657ba4634:   je     0x000070b657ba463b
  0x000070b657ba4636:   call   Stub::method_entry_barrier_stub (stub gen)
                                                            ;*iconst_1 {reexecute=0 rethrow=0 return_oop=0}
                                                            ; - jdk.internal.classfile.impl.AbstractPoolEntry$Utf8EntryImpl::tag@0 (line 187)
                                                            ;   {runtime_call Stub::method_entry_barrier_stub (stub gen)}
  0x000070b657ba463b:   mov    $0x1,%eax
  0x000070b657ba4640:   add    $0x20,%rsp
  0x000070b657ba4644:   pop    %rbp
  0x000070b657ba4645:   cmp    0x28(%r15),%rsp              ;   {poll_return}
  0x000070b657ba4649:   ja     0x000070b657ba4650
  0x000070b657ba464f:   ret    
  0x000070b657ba4650:   movabs $0x70b657ba4645,%r10         ;   {internal_word}
  0x000070b657ba465a:   mov    %r10,0x510(%r15)
  0x000070b657ba4661:   jmp    0x000070b6574afb60           ;   {runtime_call SafepointBlob}
  0x000070b657ba4666:   mov    0x5c0(%r15),%rax
  0x000070b657ba466d:   movq   $0x0,0x5c0(%r15)
  0x000070b657ba4678:   movq   $0x0,0x5c8(%r15)
  0x000070b657ba4683:   add    $0x20,%rsp
  0x000070b657ba4687:   pop    %rbp
  0x000070b657ba4688:   jmp    0x000070b65757b760           ;   {runtime_call unwind_exception_blob (C1 runtime)}
  0x000070b657ba468d:   hlt    
  0x000070b657ba468e:   hlt    
  0x000070b657ba468f:   hlt    
[Exception Handler]
  0x000070b657ba4690:   call   0x000070b65757f2e0           ;   {runtime_call handle_exception_from_callee_blob (C1 runtime)}
  0x000070b657ba4695:   movabs $0x70b66f33aec4,%rdi         ;   {external_word}
  0x000070b657ba469f:   and    $0xfffffffffffffff0,%rsp
  0x000070b657ba46a3:   call   0x000070b66ed91cc0           ;   {runtime_call MacroAssembler::debug64(char*, long, long*)}
  0x000070b657ba46a8:   hlt    
  0x000070b657ba46a9:   call   0x000070b6574afe60           ;   {runtime_call DeoptimizationBlob}
[Deopt Handler Entry Point]
  0x000070b657ba46ae:   jmp    0x000070b657ba46a9
--------------------------------------------------------------------------------
[/Disassembly]
