
============================= C1-compiled nmethod ==============================
----------------------------------- Assembly -----------------------------------

Compiled method (c1) 352   24       1       jdk.internal.classfile.impl.AbstractPoolEntry$ClassEntryImpl::tag (3 bytes)
 total in heap  [0x0000755c43ba4508,0x0000755c43ba46b0] = 424
 main code      [0x0000755c43ba4600,0x0000755c43ba4690] = 144
 stub code      [0x0000755c43ba4690,0x0000755c43ba46b0] = 32
 mutable data [0x0000755be4014c50,0x0000755be4014c78] = 40
 relocation     [0x0000755be4014c50,0x0000755be4014c70] = 32
 metadata       [0x0000755be4014c70,0x0000755be4014c78] = 8
 immutable data [0x0000755be4014c00,0x0000755be4014c44] = 68
 dependencies   [0x0000755be4014c00,0x0000755be4014c08] = 8
 scopes pcs     [0x0000755be4014c08,0x0000755be4014c38] = 48
 scopes data    [0x0000755be4014c38,0x0000755be4014c40] = 8

[Disassembly]
--------------------------------------------------------------------------------
[Constant Pool (empty)]

--------------------------------------------------------------------------------

[Instructions begin]
  0x0000755c43ba4600:   data16 data16 nopw 0x0(%rax,%rax,1)
  0x0000755c43ba460b:   data16 data16 xchg %ax,%ax
  0x0000755c43ba460f:   data16 xchg %ax,%ax
[Entry Point]
  # {method} {0x000000009e341528} &apos;tag&apos; &apos;()I&apos; in &apos;jdk/internal/classfile/impl/AbstractPoolEntry$ClassEntryImpl&apos;
  #           [sp+0x30]  (sp of caller)
  0x0000755c43ba4612:   mov    0x8(%rsi),%r10d
  0x0000755c43ba4616:   cmp    0x8(%rax),%r10d
  0x0000755c43ba461a:   jne    0x0000755c434ad6e0           ;   {runtime_call ic_miss_blob (shared runtime)}
[Verified Entry Point]
  0x0000755c43ba4620:   mov    %eax,-0x14000(%rsp)
  0x0000755c43ba4627:   push   %rbp
  0x0000755c43ba4628:   sub    $0x20,%rsp
  0x0000755c43ba462c:   cmpl   $0x1,0x20(%r15)
  0x0000755c43ba4634:   je     0x0000755c43ba463b
  0x0000755c43ba4636:   call   Stub::method_entry_barrier_stub (stub gen)
                                                            ;*bipush {reexecute=0 rethrow=0 return_oop=0}
                                                            ; - jdk.internal.classfile.impl.AbstractPoolEntry$ClassEntryImpl::tag@0 (line 605)
                                                            ;   {runtime_call Stub::method_entry_barrier_stub (stub gen)}
  0x0000755c43ba463b:   mov    $0x7,%eax
  0x0000755c43ba4640:   add    $0x20,%rsp
  0x0000755c43ba4644:   pop    %rbp
  0x0000755c43ba4645:   cmp    0x28(%r15),%rsp              ;   {poll_return}
  0x0000755c43ba4649:   ja     0x0000755c43ba4650
  0x0000755c43ba464f:   ret    
  0x0000755c43ba4650:   movabs $0x755c43ba4645,%r10         ;   {internal_word}
  0x0000755c43ba465a:   mov    %r10,0x510(%r15)
  0x0000755c43ba4661:   jmp    0x0000755c434afb60           ;   {runtime_call SafepointBlob}
  0x0000755c43ba4666:   mov    0x5c0(%r15),%rax
  0x0000755c43ba466d:   movq   $0x0,0x5c0(%r15)
  0x0000755c43ba4678:   movq   $0x0,0x5c8(%r15)
  0x0000755c43ba4683:   add    $0x20,%rsp
  0x0000755c43ba4687:   pop    %rbp
  0x0000755c43ba4688:   jmp    0x0000755c4357b760           ;   {runtime_call unwind_exception_blob (C1 runtime)}
  0x0000755c43ba468d:   hlt    
  0x0000755c43ba468e:   hlt    
  0x0000755c43ba468f:   hlt    
[Exception Handler]
  0x0000755c43ba4690:   call   0x0000755c4357f2e0           ;   {runtime_call handle_exception_from_callee_blob (C1 runtime)}
  0x0000755c43ba4695:   movabs $0x755c5bf3aec4,%rdi         ;   {external_word}
  0x0000755c43ba469f:   and    $0xfffffffffffffff0,%rsp
  0x0000755c43ba46a3:   call   0x0000755c5b991cc0           ;   {runtime_call MacroAssembler::debug64(char*, long, long*)}
  0x0000755c43ba46a8:   hlt    
  0x0000755c43ba46a9:   call   0x0000755c434afe60           ;   {runtime_call DeoptimizationBlob}
[Deopt Handler Entry Point]
  0x0000755c43ba46ae:   jmp    0x0000755c43ba46a9
--------------------------------------------------------------------------------
[/Disassembly]
