
============================= C1-compiled nmethod ==============================
----------------------------------- Assembly -----------------------------------

Compiled method (c1) 376   24       1       java.lang.reflect.Method::getReturnType (5 bytes)
 total in heap  [0x000074b4ebba4508,0x000074b4ebba46b0] = 424
 main code      [0x000074b4ebba4600,0x000074b4ebba4690] = 144
 stub code      [0x000074b4ebba4690,0x000074b4ebba46b0] = 32
 mutable data [0x000074b484014c70,0x000074b484014c98] = 40
 relocation     [0x000074b484014c70,0x000074b484014c90] = 32
 metadata       [0x000074b484014c90,0x000074b484014c98] = 8
 immutable data [0x000074b484014c00,0x000074b484014c5c] = 92
 dependencies   [0x000074b484014c00,0x000074b484014c08] = 8
 scopes pcs     [0x000074b484014c08,0x000074b484014c48] = 64
 scopes data    [0x000074b484014c48,0x000074b484014c58] = 16

[Disassembly]
--------------------------------------------------------------------------------
[Constant Pool (empty)]

--------------------------------------------------------------------------------

[Instructions begin]
  0x000074b4ebba4600:   data16 data16 nopw 0x0(%rax,%rax,1)
  0x000074b4ebba460b:   data16 data16 xchg %ax,%ax
  0x000074b4ebba460f:   data16 xchg %ax,%ax
[Entry Point]
  # {method} {0x00000000151aec08} &apos;getReturnType&apos; &apos;()Ljava/lang/Class;&apos; in &apos;java/lang/reflect/Method&apos;
  #           [sp+0x30]  (sp of caller)
  0x000074b4ebba4612:   mov    0x8(%rsi),%r10d
  0x000074b4ebba4616:   cmp    0x8(%rax),%r10d
  0x000074b4ebba461a:   jne    0x000074b4eb4ad6e0           ;   {runtime_call ic_miss_blob (shared runtime)}
[Verified Entry Point]
  0x000074b4ebba4620:   mov    %eax,-0x14000(%rsp)
  0x000074b4ebba4627:   push   %rbp
  0x000074b4ebba4628:   sub    $0x20,%rsp
  0x000074b4ebba462c:   cmpl   $0x1,0x20(%r15)
  0x000074b4ebba4634:   je     0x000074b4ebba463b
  0x000074b4ebba4636:   call   Stub::method_entry_barrier_stub (stub gen)
                                                            ;*aload_0 {reexecute=0 rethrow=0 return_oop=0}
                                                            ; - java.lang.reflect.Method::getReturnType@0 (line 249)
                                                            ;   {runtime_call Stub::method_entry_barrier_stub (stub gen)}
  0x000074b4ebba463b:   mov    0x24(%rsi),%eax
  0x000074b4ebba463e:   shl    $0x3,%rax                    ;*getfield returnType {reexecute=0 rethrow=0 return_oop=0}
                                                            ; - java.lang.reflect.Method::getReturnType@1 (line 249)
  0x000074b4ebba4642:   add    $0x20,%rsp
  0x000074b4ebba4646:   pop    %rbp
  0x000074b4ebba4647:   cmp    0x28(%r15),%rsp              ;   {poll_return}
  0x000074b4ebba464b:   ja     0x000074b4ebba4652
  0x000074b4ebba4651:   ret    
  0x000074b4ebba4652:   movabs $0x74b4ebba4647,%r10         ;   {internal_word}
  0x000074b4ebba465c:   mov    %r10,0x510(%r15)
  0x000074b4ebba4663:   jmp    0x000074b4eb4afb60           ;   {runtime_call SafepointBlob}
  0x000074b4ebba4668:   mov    0x5c0(%r15),%rax
  0x000074b4ebba466f:   movq   $0x0,0x5c0(%r15)
  0x000074b4ebba467a:   movq   $0x0,0x5c8(%r15)
  0x000074b4ebba4685:   add    $0x20,%rsp
  0x000074b4ebba4689:   pop    %rbp
  0x000074b4ebba468a:   jmp    0x000074b4eb57b760           ;   {runtime_call unwind_exception_blob (C1 runtime)}
  0x000074b4ebba468f:   hlt    
[Exception Handler]
  0x000074b4ebba4690:   call   0x000074b4eb57e8e0           ;   {runtime_call handle_exception_from_callee_blob (C1 runtime)}
  0x000074b4ebba4695:   movabs $0x74b501f3aec4,%rdi         ;   {external_word}
  0x000074b4ebba469f:   and    $0xfffffffffffffff0,%rsp
  0x000074b4ebba46a3:   call   0x000074b501991cc0           ;   {runtime_call MacroAssembler::debug64(char*, long, long*)}
  0x000074b4ebba46a8:   hlt    
  0x000074b4ebba46a9:   call   0x000074b4eb4afe60           ;   {runtime_call DeoptimizationBlob}
[Deopt Handler Entry Point]
  0x000074b4ebba46ae:   jmp    0x000074b4ebba46a9
--------------------------------------------------------------------------------
[/Disassembly]
