
============================= C1-compiled nmethod ==============================
----------------------------------- Assembly -----------------------------------

Compiled method (c1) 404   24       3       java.lang.StringConcatHelper::stringOf (20 bytes)
 total in heap  [0x0000755fd7fff008,0x0000755fd7fff2e0] = 728
 main code      [0x0000755fd7fff100,0x0000755fd7fff2a8] = 424
 stub code      [0x0000755fd7fff2a8,0x0000755fd7fff2e0] = 56
 mutable data [0x0000755f80014dd0,0x0000755f80014e18] = 72
 relocation     [0x0000755f80014dd0,0x0000755f80014e10] = 64
 metadata       [0x0000755f80014e10,0x0000755f80014e18] = 8
 immutable data [0x0000755f80014cc0,0x0000755f80014dc4] = 260
 dependencies   [0x0000755f80014cc0,0x0000755f80014cc8] = 8
 nul chk table  [0x0000755f80014cc8,0x0000755f80014cd8] = 16
 scopes pcs     [0x0000755f80014cd8,0x0000755f80014d88] = 176
 scopes data    [0x0000755f80014d88,0x0000755f80014dc0] = 56

[Disassembly]
--------------------------------------------------------------------------------
[Constant Pool (empty)]

--------------------------------------------------------------------------------

[Verified Entry Point]
  # {method} {0x000000005548c750} &apos;stringOf&apos; &apos;(Ljava/lang/Object;)Ljava/lang/String;&apos; in &apos;java/lang/StringConcatHelper&apos;
  # parm0:    rsi:rsi   = &apos;java/lang/Object&apos;
  #           [sp+0x30]  (sp of caller)
  0x0000755fd7fff100:   mov    %eax,-0x14000(%rsp)
  0x0000755fd7fff107:   push   %rbp
  0x0000755fd7fff108:   sub    $0x20,%rsp
  0x0000755fd7fff10c:   cmpl   $0x1,0x20(%r15)
  0x0000755fd7fff114:   je     0x0000755fd7fff11b
  0x0000755fd7fff116:   call   Stub::method_entry_barrier_stub (stub gen)
                                                            ;   {runtime_call Stub::method_entry_barrier_stub (stub gen)}
  0x0000755fd7fff11b:   movabs $0x755f900b8380,%rdi         ;   {metadata(method data for {method} {0x000000005548c750} &apos;stringOf&apos; &apos;(Ljava/lang/Object;)Ljava/lang/String;&apos; in &apos;java/lang/StringConcatHelper&apos;)}
  0x0000755fd7fff125:   mov    0x90(%rdi),%ebx
  0x0000755fd7fff12b:   add    $0x2,%ebx
  0x0000755fd7fff12e:   mov    %ebx,0x90(%rdi)
  0x0000755fd7fff134:   and    $0x7fe,%ebx
  0x0000755fd7fff13a:   test   %ebx,%ebx
  0x0000755fd7fff13c:   je     0x0000755fd7fff241           ;*aload_0 {reexecute=0 rethrow=0 return_oop=0}
                                                            ; - java.lang.StringConcatHelper::stringOf@0 (line 210)
  0x0000755fd7fff142:   test   %rsi,%rsi
  0x0000755fd7fff145:   movabs $0x755f900b8380,%rdi         ;   {metadata(method data for {method} {0x000000005548c750} &apos;stringOf&apos; &apos;(Ljava/lang/Object;)Ljava/lang/String;&apos; in &apos;java/lang/StringConcatHelper&apos;)}
  0x0000755fd7fff14f:   mov    $0xd8,%ebx
  0x0000755fd7fff154:   je     0x0000755fd7fff15b
  0x0000755fd7fff156:   mov    $0xe8,%ebx
  0x0000755fd7fff15b:   mov    (%rdi,%rbx,1),%rax
  0x0000755fd7fff15f:   lea    0x1(%rax),%rax
  0x0000755fd7fff163:   mov    %rax,(%rdi,%rbx,1)
  0x0000755fd7fff167:   je     0x0000755fd7fff217           ;*ifnull {reexecute=0 rethrow=0 return_oop=0}
                                                            ; - java.lang.StringConcatHelper::stringOf@1 (line 210)
  0x0000755fd7fff16d:   cmp    (%rsi),%rax                  ; implicit exception: dispatches to 0x0000755fd7fff262
                                                            ;*invokevirtual toString {reexecute=0 rethrow=0 return_oop=0}
                                                            ; - java.lang.StringConcatHelper::stringOf@5 (line 210)
  0x0000755fd7fff170:   mov    %rsi,%rdi
  0x0000755fd7fff173:   movabs $0x755f900b8380,%rbx         ;   {metadata(method data for {method} {0x000000005548c750} &apos;stringOf&apos; &apos;(Ljava/lang/Object;)Ljava/lang/String;&apos; in &apos;java/lang/StringConcatHelper&apos;)}
  0x0000755fd7fff17d:   mov    0x8(%rdi),%edi
  0x0000755fd7fff180:   mov    $0x55000000,%r10d
  0x0000755fd7fff186:   add    %r10,%rdi
  0x0000755fd7fff189:   mov    $0x20,%r10d
  0x0000755fd7fff18f:   cmp    (%rbx,%r10,8),%rdi
  0x0000755fd7fff193:   je     0x0000755fd7fff1cc
  0x0000755fd7fff195:   add    $0x2,%r10
  0x0000755fd7fff199:   cmp    $0x24,%r10
  0x0000755fd7fff19d:   jne    0x0000755fd7fff18f
  0x0000755fd7fff19f:   mov    $0x20,%r10d
  0x0000755fd7fff1a5:   cmpq   $0x0,(%rbx,%r10,8)
  0x0000755fd7fff1aa:   je     0x0000755fd7fff1b8
  0x0000755fd7fff1ac:   add    $0x2,%r10
  0x0000755fd7fff1b0:   cmp    $0x24,%r10
  0x0000755fd7fff1b4:   jne    0x0000755fd7fff1a5
  0x0000755fd7fff1b6:   jmp    0x0000755fd7fff1c4
  0x0000755fd7fff1b8:   push   %rax
  0x0000755fd7fff1b9:   xor    %rax,%rax
  0x0000755fd7fff1bc:   cmpxchg %rdi,(%rbx,%r10,8)
  0x0000755fd7fff1c1:   pop    %rax
  0x0000755fd7fff1c2:   jmp    0x0000755fd7fff189
  0x0000755fd7fff1c4:   mov    $0x1f,%r10d
  0x0000755fd7fff1ca:   jmp    0x0000755fd7fff1d0
  0x0000755fd7fff1cc:   add    $0x1,%r10
  0x0000755fd7fff1d0:   addq   $0x1,(%rbx,%r10,8)
  0x0000755fd7fff1d5:   movabs $0x755f80014e70,%rax
  0x0000755fd7fff1df:   call   0x0000755fdf4adce0           ; ImmutableOopMap {}
                                                            ;*invokevirtual toString {reexecute=0 rethrow=0 return_oop=0}
                                                            ; - java.lang.StringConcatHelper::stringOf@5 (line 210)
                                                            ;   {virtual_call}
  0x0000755fd7fff1e4:   nopl   0x1dc(%rax,%rax,1)           ;*invokevirtual toString {reexecute=0 rethrow=0 return_oop=0}
                                                            ; - java.lang.StringConcatHelper::stringOf@5 (line 210)
                                                            ;   {post_call_nop}
  0x0000755fd7fff1ec:   test   %rax,%rax
  0x0000755fd7fff1ef:   movabs $0x755f900b8380,%rsi         ;   {metadata(method data for {method} {0x000000005548c750} &apos;stringOf&apos; &apos;(Ljava/lang/Object;)Ljava/lang/String;&apos; in &apos;java/lang/StringConcatHelper&apos;)}
  0x0000755fd7fff1f9:   mov    $0x128,%edi
  0x0000755fd7fff1fe:   jne    0x0000755fd7fff205
  0x0000755fd7fff200:   mov    $0x138,%edi
  0x0000755fd7fff205:   mov    (%rsi,%rdi,1),%rbx
  0x0000755fd7fff209:   lea    0x1(%rbx),%rbx
  0x0000755fd7fff20d:   mov    %rbx,(%rsi,%rdi,1)
  0x0000755fd7fff211:   jne    0x0000755fd7fff231           ;*ifnonnull {reexecute=0 rethrow=0 return_oop=0}
                                                            ; - java.lang.StringConcatHelper::stringOf@10 (line 210)
  0x0000755fd7fff217:   movabs $0x755f900b8380,%rax         ;   {metadata(method data for {method} {0x000000005548c750} &apos;stringOf&apos; &apos;(Ljava/lang/Object;)Ljava/lang/String;&apos; in &apos;java/lang/StringConcatHelper&apos;)}
  0x0000755fd7fff221:   incl   0x148(%rax)
  0x0000755fd7fff227:   movabs $0x7ff83bac8,%rax            ;*goto {reexecute=0 rethrow=0 return_oop=0}
                                                            ; - java.lang.StringConcatHelper::stringOf@15 (line 210)
                                                            ;   {oop(&quot;null&quot;{0x00000007ff83bac8})}
  0x0000755fd7fff231:   add    $0x20,%rsp
  0x0000755fd7fff235:   pop    %rbp
  0x0000755fd7fff236:   cmp    0x28(%r15),%rsp              ;   {poll_return}
  0x0000755fd7fff23a:   ja     0x0000755fd7fff267
  0x0000755fd7fff240:   ret    
  0x0000755fd7fff241:   movabs $0x5548c750,%r10             ;   {metadata({method} {0x000000005548c750} &apos;stringOf&apos; &apos;(Ljava/lang/Object;)Ljava/lang/String;&apos; in &apos;java/lang/StringConcatHelper&apos;)}
  0x0000755fd7fff24b:   mov    %r10,0x8(%rsp)
  0x0000755fd7fff250:   movq   $0xffffffffffffffff,(%rsp)
  0x0000755fd7fff258:   call   0x0000755fdf583460           ; ImmutableOopMap {rsi=Oop }
                                                            ;*synchronization entry
                                                            ; - java.lang.StringConcatHelper::stringOf@-1 (line 210)
                                                            ;   {runtime_call counter_overflow_blob (C1 runtime)}
  0x0000755fd7fff25d:   jmp    0x0000755fd7fff142
  0x0000755fd7fff262:   call   0x0000755fdf57c660           ; ImmutableOopMap {rsi=Oop }
                                                            ;*invokevirtual toString {reexecute=0 rethrow=0 return_oop=0}
                                                            ; - java.lang.StringConcatHelper::stringOf@5 (line 210)
                                                            ;   {runtime_call throw_null_pointer_exception_blob (C1 runtime)}
  0x0000755fd7fff267:   movabs $0x755fd7fff236,%r10         ;   {internal_word}
  0x0000755fd7fff271:   mov    %r10,0x510(%r15)
  0x0000755fd7fff278:   jmp    0x0000755fdf4afb60           ;   {runtime_call SafepointBlob}
  0x0000755fd7fff27d:   mov    0x5c0(%r15),%rax
  0x0000755fd7fff284:   movq   $0x0,0x5c0(%r15)
  0x0000755fd7fff28f:   movq   $0x0,0x5c8(%r15)
  0x0000755fd7fff29a:   add    $0x20,%rsp
  0x0000755fd7fff29e:   pop    %rbp
  0x0000755fd7fff29f:   jmp    0x0000755fdf57b760           ;   {runtime_call unwind_exception_blob (C1 runtime)}
  0x0000755fd7fff2a4:   hlt    
  0x0000755fd7fff2a5:   hlt    
  0x0000755fd7fff2a6:   hlt    
  0x0000755fd7fff2a7:   hlt    
[Stub Code]
  0x0000755fd7fff2a8:   nopl   0x0(%rax,%rax,1)             ;   {other}
  0x0000755fd7fff2ad:   movabs $0x0,%rbx                    ;   {static_stub}
  0x0000755fd7fff2b7:   jmp    0x0000755fd7fff2b7           ;   {runtime_call nmethod}
[Exception Handler]
  0x0000755fd7fff2bc:   call   0x0000755fdf57f2e0           ;   {runtime_call handle_exception_from_callee_blob (C1 runtime)}
  0x0000755fd7fff2c1:   movabs $0x755ff853aec4,%rdi         ;   {external_word}
  0x0000755fd7fff2cb:   and    $0xfffffffffffffff0,%rsp
  0x0000755fd7fff2cf:   call   0x0000755ff7f91cc0           ;   {runtime_call MacroAssembler::debug64(char*, long, long*)}
  0x0000755fd7fff2d4:   hlt    
  0x0000755fd7fff2d5:   call   0x0000755fdf4afe60           ;   {runtime_call DeoptimizationBlob}
[Deopt Handler Entry Point]
  0x0000755fd7fff2da:   jmp    0x0000755fd7fff2d5
  0x0000755fd7fff2dc:   hlt    
  0x0000755fd7fff2dd:   hlt    
  0x0000755fd7fff2de:   hlt    
  0x0000755fd7fff2df:   hlt    
--------------------------------------------------------------------------------
[/Disassembly]
