
============================= C1-compiled nmethod ==============================
----------------------------------- Assembly -----------------------------------

Compiled method (c1) 366   27       3       java.lang.PublicMethods$Key::matches (31 bytes)
 total in heap  [0x0000707a0bfff008,0x0000707a0bfff528] = 1312
 main code      [0x0000707a0bfff100,0x0000707a0bfff4e0] = 992
 stub code      [0x0000707a0bfff4e0,0x0000707a0bfff520] = 64
 oops           [0x0000707a0bfff520,0x0000707a0bfff528] = 8
 mutable data [0x00007079ac000ba0,0x00007079ac000c38] = 152
 relocation     [0x00007079ac000ba0,0x00007079ac000c08] = 104
 metadata       [0x00007079ac000c08,0x00007079ac000c38] = 48
 immutable data [0x00007079ac014f30,0x00007079ac015164] = 564
 dependencies   [0x00007079ac014f30,0x00007079ac014f40] = 16
 nul chk table  [0x00007079ac014f40,0x00007079ac014f58] = 24
 scopes pcs     [0x00007079ac014f58,0x00007079ac0150a8] = 336
 scopes data    [0x00007079ac0150a8,0x00007079ac015160] = 184

[Disassembly]
--------------------------------------------------------------------------------
[Constant Pool (empty)]

--------------------------------------------------------------------------------

[Verified Entry Point]
  # {method} {0x000000003a46df98} &apos;matches&apos; &apos;(Ljava/lang/reflect/Method;Ljava/lang/String;[Ljava/lang/Class;)Z&apos; in &apos;java/lang/PublicMethods$Key&apos;
  # parm0:    rsi:rsi   = &apos;java/lang/reflect/Method&apos;
  # parm1:    rdx:rdx   = &apos;java/lang/String&apos;
  # parm2:    rcx:rcx   = &apos;[Ljava/lang/Class;&apos;
  #           [sp+0x80]  (sp of caller)
  0x0000707a0bfff100:   mov    %eax,-0x14000(%rsp)
  0x0000707a0bfff107:   push   %rbp
  0x0000707a0bfff108:   sub    $0x70,%rsp
  0x0000707a0bfff10c:   cmpl   $0x1,0x20(%r15)
  0x0000707a0bfff114:   je     0x0000707a0bfff11b
  0x0000707a0bfff116:   call   Stub::method_entry_barrier_stub (stub gen)
                                                            ;   {runtime_call Stub::method_entry_barrier_stub (stub gen)}
  0x0000707a0bfff11b:   movabs $0x7079c40b98e8,%rdi         ;   {metadata(method data for {method} {0x000000003a46df98} &apos;matches&apos; &apos;(Ljava/lang/reflect/Method;Ljava/lang/String;[Ljava/lang/Class;)Z&apos; in &apos;java/lang/PublicMethods$Key&apos;)}
  0x0000707a0bfff125:   mov    0x90(%rdi),%ebx
  0x0000707a0bfff12b:   add    $0x2,%ebx
  0x0000707a0bfff12e:   mov    %ebx,0x90(%rdi)
  0x0000707a0bfff134:   and    $0x7fe,%ebx
  0x0000707a0bfff13a:   test   %ebx,%ebx
  0x0000707a0bfff13c:   je     0x0000707a0bfff430           ;*aload_0 {reexecute=0 rethrow=0 return_oop=0}
                                                            ; - java.lang.PublicMethods$Key::matches@0 (line 103)
  0x0000707a0bfff142:   mov    %rcx,0x58(%rsp)
  0x0000707a0bfff147:   cmp    (%rsi),%rax                  ; implicit exception: dispatches to 0x0000707a0bfff451
                                                            ;*invokevirtual getName {reexecute=0 rethrow=0 return_oop=0}
                                                            ; - java.lang.PublicMethods$Key::matches@1 (line 103)
  0x0000707a0bfff14a:   mov    %rsi,%rdi
  0x0000707a0bfff14d:   movabs $0x7079c40b98e8,%rbx         ;   {metadata(method data for {method} {0x000000003a46df98} &apos;matches&apos; &apos;(Ljava/lang/reflect/Method;Ljava/lang/String;[Ljava/lang/Class;)Z&apos; in &apos;java/lang/PublicMethods$Key&apos;)}
  0x0000707a0bfff157:   mov    0x8(%rdi),%edi
  0x0000707a0bfff15a:   mov    $0x3a000000,%r10d
  0x0000707a0bfff160:   add    %r10,%rdi
  0x0000707a0bfff163:   mov    $0x1c,%r10d
  0x0000707a0bfff169:   cmp    (%rbx,%r10,8),%rdi
  0x0000707a0bfff16d:   je     0x0000707a0bfff1a6
  0x0000707a0bfff16f:   add    $0x2,%r10
  0x0000707a0bfff173:   cmp    $0x20,%r10
  0x0000707a0bfff177:   jne    0x0000707a0bfff169
  0x0000707a0bfff179:   mov    $0x1c,%r10d
  0x0000707a0bfff17f:   cmpq   $0x0,(%rbx,%r10,8)
  0x0000707a0bfff184:   je     0x0000707a0bfff192
  0x0000707a0bfff186:   add    $0x2,%r10
  0x0000707a0bfff18a:   cmp    $0x20,%r10
  0x0000707a0bfff18e:   jne    0x0000707a0bfff17f
  0x0000707a0bfff190:   jmp    0x0000707a0bfff19e
  0x0000707a0bfff192:   push   %rax
  0x0000707a0bfff193:   xor    %rax,%rax
  0x0000707a0bfff196:   cmpxchg %rdi,(%rbx,%r10,8)
  0x0000707a0bfff19b:   pop    %rax
  0x0000707a0bfff19c:   jmp    0x0000707a0bfff163
  0x0000707a0bfff19e:   mov    $0x1b,%r10d
  0x0000707a0bfff1a4:   jmp    0x0000707a0bfff1aa
  0x0000707a0bfff1a6:   add    $0x1,%r10
  0x0000707a0bfff1aa:   addq   $0x1,(%rbx,%r10,8)
  0x0000707a0bfff1af:   mov    0x20(%rsi),%edi
  0x0000707a0bfff1b2:   shl    $0x3,%rdi                    ;*getfield name {reexecute=0 rethrow=0 return_oop=0}
                                                            ; - java.lang.reflect.Method::getName@1 (line 215)
                                                            ; - java.lang.PublicMethods$Key::matches@1 (line 103)
  0x0000707a0bfff1b6:   cmp    (%rdi),%rax                  ; implicit exception: dispatches to 0x0000707a0bfff456
  0x0000707a0bfff1b9:   mov    %rdi,%rbx
  0x0000707a0bfff1bc:   movabs $0x7079c40b98e8,%rax         ;   {metadata(method data for {method} {0x000000003a46df98} &apos;matches&apos; &apos;(Ljava/lang/reflect/Method;Ljava/lang/String;[Ljava/lang/Class;)Z&apos; in &apos;java/lang/PublicMethods$Key&apos;)}
  0x0000707a0bfff1c6:   mov    0x8(%rbx),%ebx
  0x0000707a0bfff1c9:   mov    $0x3a000000,%r10d
  0x0000707a0bfff1cf:   add    %r10,%rbx
  0x0000707a0bfff1d2:   mov    $0x22,%r10d
  0x0000707a0bfff1d8:   cmp    (%rax,%r10,8),%rbx
  0x0000707a0bfff1dc:   je     0x0000707a0bfff21b
  0x0000707a0bfff1de:   add    $0x2,%r10
  0x0000707a0bfff1e2:   cmp    $0x26,%r10
  0x0000707a0bfff1e6:   jne    0x0000707a0bfff1d8
  0x0000707a0bfff1e8:   mov    $0x22,%r10d
  0x0000707a0bfff1ee:   cmpq   $0x0,(%rax,%r10,8)
  0x0000707a0bfff1f3:   je     0x0000707a0bfff201
  0x0000707a0bfff1f5:   add    $0x2,%r10
  0x0000707a0bfff1f9:   cmp    $0x26,%r10
  0x0000707a0bfff1fd:   jne    0x0000707a0bfff1ee
  0x0000707a0bfff1ff:   jmp    0x0000707a0bfff213
  0x0000707a0bfff201:   push   %rcx
  0x0000707a0bfff202:   mov    %rax,%rcx
  0x0000707a0bfff205:   xor    %rax,%rax
  0x0000707a0bfff208:   cmpxchg %rbx,(%rcx,%r10,8)
  0x0000707a0bfff20d:   mov    %rcx,%rax
  0x0000707a0bfff210:   pop    %rcx
  0x0000707a0bfff211:   jmp    0x0000707a0bfff1d2
  0x0000707a0bfff213:   mov    $0x21,%r10d
  0x0000707a0bfff219:   jmp    0x0000707a0bfff21f
  0x0000707a0bfff21b:   add    $0x1,%r10
  0x0000707a0bfff21f:   addq   $0x1,(%rax,%r10,8)
  0x0000707a0bfff224:   mov    %rsi,0x50(%rsp)
  0x0000707a0bfff229:   mov    %rdi,%rsi                    ;*invokevirtual equals {reexecute=0 rethrow=0 return_oop=0}
                                                            ; - java.lang.PublicMethods$Key::matches@5 (line 103)
  0x0000707a0bfff22c:   data16 xchg %ax,%ax
  0x0000707a0bfff22f:   call   0x0000707a134ad9e0           ; ImmutableOopMap {[80]=Oop [88]=Oop }
                                                            ;*invokevirtual equals {reexecute=0 rethrow=0 return_oop=0}
                                                            ; - java.lang.PublicMethods$Key::matches@5 (line 103)
                                                            ;   {optimized virtual_call}
  0x0000707a0bfff234:   nopl   0x22c(%rax,%rax,1)           ;*invokevirtual equals {reexecute=0 rethrow=0 return_oop=0}
                                                            ; - java.lang.PublicMethods$Key::matches@5 (line 103)
                                                            ;   {post_call_nop}
  0x0000707a0bfff23c:   test   %eax,%eax
  0x0000707a0bfff23e:   movabs $0x7079c40b98e8,%rsi         ;   {metadata(method data for {method} {0x000000003a46df98} &apos;matches&apos; &apos;(Ljava/lang/reflect/Method;Ljava/lang/String;[Ljava/lang/Class;)Z&apos; in &apos;java/lang/PublicMethods$Key&apos;)}
  0x0000707a0bfff248:   mov    $0x138,%edx
  0x0000707a0bfff24d:   je     0x0000707a0bfff254
  0x0000707a0bfff24f:   mov    $0x148,%edx
  0x0000707a0bfff254:   mov    (%rsi,%rdx,1),%rdi
  0x0000707a0bfff258:   lea    0x1(%rdi),%rdi
  0x0000707a0bfff25c:   mov    %rdi,(%rsi,%rdx,1)
  0x0000707a0bfff260:   je     0x0000707a0bfff3fe           ;*ifeq {reexecute=0 rethrow=0 return_oop=0}
                                                            ; - java.lang.PublicMethods$Key::matches@8 (line 103)
  0x0000707a0bfff266:   mov    0x58(%rsp),%rcx
  0x0000707a0bfff26b:   mov    0x50(%rsp),%rsi
  0x0000707a0bfff270:   movabs $0x41f801408,%rdx            ;   {oop(a &apos;jdk/internal/reflect/ReflectionFactory&apos;{0x000000041f801408})}
  0x0000707a0bfff27a:   movabs $0x7079c40b98e8,%rdi         ;   {metadata(method data for {method} {0x000000003a46df98} &apos;matches&apos; &apos;(Ljava/lang/reflect/Method;Ljava/lang/String;[Ljava/lang/Class;)Z&apos; in &apos;java/lang/PublicMethods$Key&apos;)}
  0x0000707a0bfff284:   addq   $0x1,0x168(%rdi)
  0x0000707a0bfff28c:   movabs $0x7079c40b9b08,%rdx         ;   {metadata(method data for {method} {0x000000003a241a88} &apos;getExecutableSharedParameterTypes&apos; &apos;(Ljava/lang/reflect/Executable;)[Ljava/lang/Class;&apos; in &apos;jdk/internal/reflect/ReflectionFactory&apos;)}
  0x0000707a0bfff296:   mov    0x90(%rdx),%edi
  0x0000707a0bfff29c:   add    $0x2,%edi
  0x0000707a0bfff29f:   mov    %edi,0x90(%rdx)
  0x0000707a0bfff2a5:   and    $0x1ffffe,%edi
  0x0000707a0bfff2ab:   test   %edi,%edi
  0x0000707a0bfff2ad:   je     0x0000707a0bfff45b
  0x0000707a0bfff2b3:   movabs $0x41f8013f8,%rdx            ;   {oop(a &apos;java/lang/reflect/ReflectAccess&apos;{0x000000041f8013f8})}
  0x0000707a0bfff2bd:   movabs $0x7079c40b9b08,%rdi         ;   {metadata(method data for {method} {0x000000003a241a88} &apos;getExecutableSharedParameterTypes&apos; &apos;(Ljava/lang/reflect/Executable;)[Ljava/lang/Class;&apos; in &apos;jdk/internal/reflect/ReflectionFactory&apos;)}
  0x0000707a0bfff2c7:   movabs $0x3a27e4f8,%rdx             ;   {metadata(&apos;java/lang/reflect/ReflectAccess&apos;)}
  0x0000707a0bfff2d1:   mov    $0x1c,%r10d
  0x0000707a0bfff2d7:   cmp    (%rdi,%r10,8),%rdx
  0x0000707a0bfff2db:   je     0x0000707a0bfff314
  0x0000707a0bfff2dd:   add    $0x2,%r10
  0x0000707a0bfff2e1:   cmp    $0x20,%r10
  0x0000707a0bfff2e5:   jne    0x0000707a0bfff2d7
  0x0000707a0bfff2e7:   mov    $0x1c,%r10d
  0x0000707a0bfff2ed:   cmpq   $0x0,(%rdi,%r10,8)
  0x0000707a0bfff2f2:   je     0x0000707a0bfff300
  0x0000707a0bfff2f4:   add    $0x2,%r10
  0x0000707a0bfff2f8:   cmp    $0x20,%r10
  0x0000707a0bfff2fc:   jne    0x0000707a0bfff2ed
  0x0000707a0bfff2fe:   jmp    0x0000707a0bfff30c
  0x0000707a0bfff300:   push   %rax
  0x0000707a0bfff301:   xor    %rax,%rax
  0x0000707a0bfff304:   cmpxchg %rdx,(%rdi,%r10,8)
  0x0000707a0bfff309:   pop    %rax
  0x0000707a0bfff30a:   jmp    0x0000707a0bfff2d1
  0x0000707a0bfff30c:   mov    $0x1b,%r10d
  0x0000707a0bfff312:   jmp    0x0000707a0bfff318
  0x0000707a0bfff314:   add    $0x1,%r10
  0x0000707a0bfff318:   addq   $0x1,(%rdi,%r10,8)
  0x0000707a0bfff31d:   movabs $0x7079c40b9c58,%rdx         ;   {metadata(method data for {method} {0x000000003a27ef30} &apos;getExecutableSharedParameterTypes&apos; &apos;(Ljava/lang/reflect/Executable;)[Ljava/lang/Class;&apos; in &apos;java/lang/reflect/ReflectAccess&apos;)}
  0x0000707a0bfff327:   mov    0x90(%rdx),%edi
  0x0000707a0bfff32d:   add    $0x2,%edi
  0x0000707a0bfff330:   mov    %edi,0x90(%rdx)
  0x0000707a0bfff336:   and    $0x1ffffe,%edi
  0x0000707a0bfff33c:   test   %edi,%edi
  0x0000707a0bfff33e:   je     0x0000707a0bfff47c
  0x0000707a0bfff344:   mov    %rsi,%rdx
  0x0000707a0bfff347:   movabs $0x7079c40b9c58,%rdi         ;   {metadata(method data for {method} {0x000000003a27ef30} &apos;getExecutableSharedParameterTypes&apos; &apos;(Ljava/lang/reflect/Executable;)[Ljava/lang/Class;&apos; in &apos;java/lang/reflect/ReflectAccess&apos;)}
  0x0000707a0bfff351:   movabs $0x3a1aba90,%rdx             ;   {metadata(&apos;java/lang/reflect/Method&apos;)}
  0x0000707a0bfff35b:   mov    $0x1c,%r10d
  0x0000707a0bfff361:   cmp    (%rdi,%r10,8),%rdx
  0x0000707a0bfff365:   je     0x0000707a0bfff39e
  0x0000707a0bfff367:   add    $0x2,%r10
  0x0000707a0bfff36b:   cmp    $0x20,%r10
  0x0000707a0bfff36f:   jne    0x0000707a0bfff361
  0x0000707a0bfff371:   mov    $0x1c,%r10d
  0x0000707a0bfff377:   cmpq   $0x0,(%rdi,%r10,8)
  0x0000707a0bfff37c:   je     0x0000707a0bfff38a
  0x0000707a0bfff37e:   add    $0x2,%r10
  0x0000707a0bfff382:   cmp    $0x20,%r10
  0x0000707a0bfff386:   jne    0x0000707a0bfff377
  0x0000707a0bfff388:   jmp    0x0000707a0bfff396
  0x0000707a0bfff38a:   push   %rax
  0x0000707a0bfff38b:   xor    %rax,%rax
  0x0000707a0bfff38e:   cmpxchg %rdx,(%rdi,%r10,8)
  0x0000707a0bfff393:   pop    %rax
  0x0000707a0bfff394:   jmp    0x0000707a0bfff35b
  0x0000707a0bfff396:   mov    $0x1b,%r10d
  0x0000707a0bfff39c:   jmp    0x0000707a0bfff3a2
  0x0000707a0bfff39e:   add    $0x1,%r10
  0x0000707a0bfff3a2:   addq   $0x1,(%rdi,%r10,8)
  0x0000707a0bfff3a7:   mov    0x28(%rsi),%esi
  0x0000707a0bfff3aa:   shl    $0x3,%rsi                    ;*getfield parameterTypes {reexecute=0 rethrow=0 return_oop=0}
                                                            ; - java.lang.reflect.Method::getSharedParameterTypes@1 (line 284)
                                                            ; - java.lang.reflect.ReflectAccess::getExecutableSharedParameterTypes@1 (line 44)
                                                            ; - jdk.internal.reflect.ReflectionFactory::getExecutableSharedParameterTypes@5 (line 183)
                                                            ; - java.lang.PublicMethods$Key::matches@15 (line 105)
  0x0000707a0bfff3ae:   movabs $0x7079c40b98e8,%rdx         ;   {metadata(method data for {method} {0x000000003a46df98} &apos;matches&apos; &apos;(Ljava/lang/reflect/Method;Ljava/lang/String;[Ljava/lang/Class;)Z&apos; in &apos;java/lang/PublicMethods$Key&apos;)}
  0x0000707a0bfff3b8:   addq   $0x1,0x188(%rdx)
  0x0000707a0bfff3c0:   mov    %rcx,%rdx                    ;*invokestatic equals {reexecute=0 rethrow=0 return_oop=0}
                                                            ; - java.lang.PublicMethods$Key::matches@19 (line 104)
  0x0000707a0bfff3c3:   nopl   0x0(%rax)
  0x0000707a0bfff3c7:   call   0x0000707a134adfe0           ; ImmutableOopMap {}
                                                            ;*invokestatic equals {reexecute=0 rethrow=0 return_oop=0}
                                                            ; - java.lang.PublicMethods$Key::matches@19 (line 104)
                                                            ;   {static_call}
  0x0000707a0bfff3cc:   nopl   0x10003c4(%rax,%rax,1)       ;*invokestatic equals {reexecute=0 rethrow=0 return_oop=0}
                                                            ; - java.lang.PublicMethods$Key::matches@19 (line 104)
                                                            ;   {post_call_nop}
  0x0000707a0bfff3d4:   test   %eax,%eax
  0x0000707a0bfff3d6:   movabs $0x7079c40b98e8,%rax         ;   {metadata(method data for {method} {0x000000003a46df98} &apos;matches&apos; &apos;(Ljava/lang/reflect/Method;Ljava/lang/String;[Ljava/lang/Class;)Z&apos; in &apos;java/lang/PublicMethods$Key&apos;)}
  0x0000707a0bfff3e0:   mov    $0x1a8,%esi
  0x0000707a0bfff3e5:   jne    0x0000707a0bfff3ec
  0x0000707a0bfff3e7:   mov    $0x198,%esi
  0x0000707a0bfff3ec:   mov    (%rax,%rsi,1),%rdi
  0x0000707a0bfff3f0:   lea    0x1(%rdi),%rdi
  0x0000707a0bfff3f4:   mov    %rdi,(%rax,%rsi,1)
  0x0000707a0bfff3f8:   jne    0x0000707a0bfff408           ;*ifeq {reexecute=0 rethrow=0 return_oop=0}
                                                            ; - java.lang.PublicMethods$Key::matches@22 (line 104)
  0x0000707a0bfff3fe:   mov    $0x0,%eax
  0x0000707a0bfff403:   jmp    0x0000707a0bfff41d           ;*ireturn {reexecute=0 rethrow=0 return_oop=0}
                                                            ; - java.lang.PublicMethods$Key::matches@30 (line 103)
  0x0000707a0bfff408:   movabs $0x7079c40b98e8,%rax         ;   {metadata(method data for {method} {0x000000003a46df98} &apos;matches&apos; &apos;(Ljava/lang/reflect/Method;Ljava/lang/String;[Ljava/lang/Class;)Z&apos; in &apos;java/lang/PublicMethods$Key&apos;)}
  0x0000707a0bfff412:   incl   0x1b8(%rax)
  0x0000707a0bfff418:   mov    $0x1,%eax                    ;*goto {reexecute=0 rethrow=0 return_oop=0}
                                                            ; - java.lang.PublicMethods$Key::matches@26 (line 104)
  0x0000707a0bfff41d:   and    $0x1,%eax
  0x0000707a0bfff420:   add    $0x70,%rsp
  0x0000707a0bfff424:   pop    %rbp
  0x0000707a0bfff425:   cmp    0x28(%r15),%rsp              ;   {poll_return}
  0x0000707a0bfff429:   ja     0x0000707a0bfff49d
  0x0000707a0bfff42f:   ret    
  0x0000707a0bfff430:   movabs $0x3a46df98,%r10             ;   {metadata({method} {0x000000003a46df98} &apos;matches&apos; &apos;(Ljava/lang/reflect/Method;Ljava/lang/String;[Ljava/lang/Class;)Z&apos; in &apos;java/lang/PublicMethods$Key&apos;)}
  0x0000707a0bfff43a:   mov    %r10,0x8(%rsp)
  0x0000707a0bfff43f:   movq   $0xffffffffffffffff,(%rsp)
  0x0000707a0bfff447:   call   0x0000707a13583460           ; ImmutableOopMap {rsi=Oop rdx=Oop rcx=Oop }
                                                            ;*synchronization entry
                                                            ; - java.lang.PublicMethods$Key::matches@-1 (line 103)
                                                            ;   {runtime_call counter_overflow_blob (C1 runtime)}
  0x0000707a0bfff44c:   jmp    0x0000707a0bfff142
  0x0000707a0bfff451:   call   0x0000707a1357d4e0           ; ImmutableOopMap {rsi=Oop rdx=Oop [88]=Oop }
                                                            ;*invokevirtual getName {reexecute=0 rethrow=0 return_oop=0}
                                                            ; - java.lang.PublicMethods$Key::matches@1 (line 103)
                                                            ;   {runtime_call throw_null_pointer_exception_blob (C1 runtime)}
  0x0000707a0bfff456:   call   0x0000707a1357d4e0           ; ImmutableOopMap {rsi=Oop rdx=Oop rdi=Oop [88]=Oop }
                                                            ;*invokevirtual equals {reexecute=0 rethrow=0 return_oop=0}
                                                            ; - java.lang.PublicMethods$Key::matches@5 (line 103)
                                                            ;   {runtime_call throw_null_pointer_exception_blob (C1 runtime)}
  0x0000707a0bfff45b:   movabs $0x3a241a88,%r10             ;   {metadata({method} {0x000000003a241a88} &apos;getExecutableSharedParameterTypes&apos; &apos;(Ljava/lang/reflect/Executable;)[Ljava/lang/Class;&apos; in &apos;jdk/internal/reflect/ReflectionFactory&apos;)}
  0x0000707a0bfff465:   mov    %r10,0x8(%rsp)
  0x0000707a0bfff46a:   movq   $0xffffffffffffffff,(%rsp)
  0x0000707a0bfff472:   call   0x0000707a13583460           ; ImmutableOopMap {rcx=Oop rsi=Oop }
                                                            ;*synchronization entry
                                                            ; - jdk.internal.reflect.ReflectionFactory::getExecutableSharedParameterTypes@-1 (line 183)
                                                            ; - java.lang.PublicMethods$Key::matches@15 (line 105)
                                                            ;   {runtime_call counter_overflow_blob (C1 runtime)}
  0x0000707a0bfff477:   jmp    0x0000707a0bfff2b3
  0x0000707a0bfff47c:   movabs $0x3a27ef30,%r10             ;   {metadata({method} {0x000000003a27ef30} &apos;getExecutableSharedParameterTypes&apos; &apos;(Ljava/lang/reflect/Executable;)[Ljava/lang/Class;&apos; in &apos;java/lang/reflect/ReflectAccess&apos;)}
  0x0000707a0bfff486:   mov    %r10,0x8(%rsp)
  0x0000707a0bfff48b:   movq   $0xffffffffffffffff,(%rsp)
  0x0000707a0bfff493:   call   0x0000707a13583460           ; ImmutableOopMap {rcx=Oop rsi=Oop }
                                                            ;*synchronization entry
                                                            ; - java.lang.reflect.ReflectAccess::getExecutableSharedParameterTypes@-1 (line 44)
                                                            ; - jdk.internal.reflect.ReflectionFactory::getExecutableSharedParameterTypes@5 (line 183)
                                                            ; - java.lang.PublicMethods$Key::matches@15 (line 105)
                                                            ;   {runtime_call counter_overflow_blob (C1 runtime)}
  0x0000707a0bfff498:   jmp    0x0000707a0bfff344
  0x0000707a0bfff49d:   movabs $0x707a0bfff425,%r10         ;   {internal_word}
  0x0000707a0bfff4a7:   mov    %r10,0x510(%r15)
  0x0000707a0bfff4ae:   jmp    0x0000707a134afb60           ;   {runtime_call SafepointBlob}
  0x0000707a0bfff4b3:   mov    0x5c0(%r15),%rax
  0x0000707a0bfff4ba:   movq   $0x0,0x5c0(%r15)
  0x0000707a0bfff4c5:   movq   $0x0,0x5c8(%r15)
  0x0000707a0bfff4d0:   add    $0x70,%rsp
  0x0000707a0bfff4d4:   pop    %rbp
  0x0000707a0bfff4d5:   jmp    0x0000707a1357bbe0           ;   {runtime_call unwind_exception_blob (C1 runtime)}
  0x0000707a0bfff4da:   hlt    
  0x0000707a0bfff4db:   hlt    
  0x0000707a0bfff4dc:   hlt    
  0x0000707a0bfff4dd:   hlt    
  0x0000707a0bfff4de:   hlt    
  0x0000707a0bfff4df:   hlt    
[Stub Code]
  0x0000707a0bfff4e0:   movabs $0x0,%rbx                    ;   {static_stub}
  0x0000707a0bfff4ea:   jmp    0x0000707a0bfff4ea           ;   {runtime_call nmethod}
  0x0000707a0bfff4ef:   movabs $0x0,%rbx                    ;   {static_stub}
  0x0000707a0bfff4f9:   jmp    0x0000707a0bfff4f9           ;   {runtime_call nmethod}
[Exception Handler]
  0x0000707a0bfff4fe:   call   0x0000707a1357fbe0           ;   {runtime_call handle_exception_from_callee_blob (C1 runtime)}
  0x0000707a0bfff503:   movabs $0x707a2af3aec4,%rdi         ;   {external_word}
  0x0000707a0bfff50d:   and    $0xfffffffffffffff0,%rsp
  0x0000707a0bfff511:   call   0x0000707a2a991cc0           ;   {runtime_call MacroAssembler::debug64(char*, long, long*)}
  0x0000707a0bfff516:   hlt    
  0x0000707a0bfff517:   call   0x0000707a134afe60           ;   {runtime_call DeoptimizationBlob}
[Deopt Handler Entry Point]
  0x0000707a0bfff51c:   jmp    0x0000707a0bfff517
  0x0000707a0bfff51e:   hlt    
  0x0000707a0bfff51f:   hlt    
--------------------------------------------------------------------------------
[/Disassembly]
