
============================= C1-compiled nmethod ==============================
----------------------------------- Assembly -----------------------------------

Compiled method (c1) 382   27       3       java.lang.invoke.LambdaForm$Name::withIndex (35 bytes)
 total in heap  [0x0000722a17fff008,0x0000722a17fff320] = 792
 main code      [0x0000722a17fff100,0x0000722a17fff2f0] = 496
 stub code      [0x0000722a17fff2f0,0x0000722a17fff320] = 48
 mutable data [0x00007229b8014eb0,0x00007229b8014f00] = 80
 relocation     [0x00007229b8014eb0,0x00007229b8014ef8] = 72
 metadata       [0x00007229b8014ef8,0x00007229b8014f00] = 8
 immutable data [0x00007229b8014d30,0x00007229b8014e9c] = 364
 dependencies   [0x00007229b8014d30,0x00007229b8014d38] = 8
 scopes pcs     [0x00007229b8014d38,0x00007229b8014e38] = 256
 scopes data    [0x00007229b8014e38,0x00007229b8014e98] = 96

[Disassembly]
--------------------------------------------------------------------------------
[Constant Pool (empty)]

--------------------------------------------------------------------------------

[Instructions begin]
  0x0000722a17fff100:   data16 data16 nopw 0x0(%rax,%rax,1)
  0x0000722a17fff10b:   data16 data16 xchg %ax,%ax
  0x0000722a17fff10f:   data16 xchg %ax,%ax
[Entry Point]
  # {method} {0x0000000096284b18} &apos;withIndex&apos; &apos;(I)Ljava/lang/invoke/LambdaForm$Name;&apos; in &apos;java/lang/invoke/LambdaForm$Name&apos;
  # this:     rsi:rsi   = &apos;java/lang/invoke/LambdaForm$Name&apos;
  # parm0:    rdx       = int
  #           [sp+0x60]  (sp of caller)
  0x0000722a17fff112:   mov    0x8(%rsi),%r10d
  0x0000722a17fff116:   cmp    0x8(%rax),%r10d
  0x0000722a17fff11a:   jne    0x0000722a1f4ad6e0           ;   {runtime_call ic_miss_blob (shared runtime)}
[Verified Entry Point]
  0x0000722a17fff120:   mov    %eax,-0x14000(%rsp)
  0x0000722a17fff127:   push   %rbp
  0x0000722a17fff128:   sub    $0x50,%rsp
  0x0000722a17fff12c:   cmpl   $0x1,0x20(%r15)
  0x0000722a17fff134:   je     0x0000722a17fff13b
  0x0000722a17fff136:   call   Stub::method_entry_barrier_stub (stub gen)
                                                            ;   {runtime_call Stub::method_entry_barrier_stub (stub gen)}
  0x0000722a17fff13b:   mov    %rsi,%r8
  0x0000722a17fff13e:   mov    %rdx,%r9
  0x0000722a17fff141:   movabs $0x7229d00b9a28,%rax         ;   {metadata(method data for {method} {0x0000000096284b18} &apos;withIndex&apos; &apos;(I)Ljava/lang/invoke/LambdaForm$Name;&apos; in &apos;java/lang/invoke/LambdaForm$Name&apos;)}
  0x0000722a17fff14b:   mov    0x90(%rax),%edx
  0x0000722a17fff151:   add    $0x2,%edx
  0x0000722a17fff154:   mov    %edx,0x90(%rax)
  0x0000722a17fff15a:   and    $0x7fe,%edx
  0x0000722a17fff160:   test   %edx,%edx
  0x0000722a17fff162:   je     0x0000722a17fff269           ;*iload_1 {reexecute=0 rethrow=0 return_oop=0}
                                                            ; - java.lang.invoke.LambdaForm$Name::withIndex@0 (line 1339)
  0x0000722a17fff168:   movswl 0xc(%r8),%eax                ;*getfield index {reexecute=0 rethrow=0 return_oop=0}
                                                            ; - java.lang.invoke.LambdaForm$Name::withIndex@2 (line 1339)
  0x0000722a17fff16d:   cmp    %eax,%r9d
  0x0000722a17fff170:   movabs $0x7229d00b9a28,%rax         ;   {metadata(method data for {method} {0x0000000096284b18} &apos;withIndex&apos; &apos;(I)Ljava/lang/invoke/LambdaForm$Name;&apos; in &apos;java/lang/invoke/LambdaForm$Name&apos;)}
  0x0000722a17fff17a:   mov    $0xd8,%edx
  0x0000722a17fff17f:   jne    0x0000722a17fff186
  0x0000722a17fff181:   mov    $0xe8,%edx
  0x0000722a17fff186:   mov    (%rax,%rdx,1),%rsi
  0x0000722a17fff18a:   lea    0x1(%rsi),%rsi
  0x0000722a17fff18e:   mov    %rsi,(%rax,%rdx,1)
  0x0000722a17fff192:   jne    0x0000722a17fff1ab           ;*if_icmpne {reexecute=0 rethrow=0 return_oop=0}
                                                            ; - java.lang.invoke.LambdaForm$Name::withIndex@5 (line 1339)
  0x0000722a17fff198:   mov    %r8,%rax
  0x0000722a17fff19b:   add    $0x50,%rsp
  0x0000722a17fff19f:   pop    %rbp
  0x0000722a17fff1a0:   cmp    0x28(%r15),%rsp              ;   {poll_return}
  0x0000722a17fff1a4:   ja     0x0000722a17fff28a
  0x0000722a17fff1aa:   ret                                 ;*areturn {reexecute=0 rethrow=0 return_oop=0}
                                                            ; - java.lang.invoke.LambdaForm$Name::withIndex@9 (line 1339)
  0x0000722a17fff1ab:   movabs $0x96283ad8,%rdx             ;   {metadata(&apos;java/lang/invoke/LambdaForm$Name&apos;)}
  0x0000722a17fff1b5:   mov    0x1b0(%r15),%rax
  0x0000722a17fff1bc:   lea    0x20(%rax),%rdi
  0x0000722a17fff1c0:   cmp    0x1c0(%r15),%rdi
  0x0000722a17fff1c7:   ja     0x0000722a17fff2a0
  0x0000722a17fff1cd:   mov    %rdi,0x1b0(%r15)
  0x0000722a17fff1d4:   movq   $0x1,(%rax)
  0x0000722a17fff1db:   mov    %rdx,%rcx
  0x0000722a17fff1de:   mov    $0x96000000,%r10d
  0x0000722a17fff1e4:   sub    %r10,%rcx
  0x0000722a17fff1e7:   mov    %ecx,0x8(%rax)
  0x0000722a17fff1ea:   xor    %rcx,%rcx
  0x0000722a17fff1ed:   mov    %ecx,0xc(%rax)
  0x0000722a17fff1f0:   xor    %rcx,%rcx
  0x0000722a17fff1f3:   mov    %rcx,0x10(%rax)
  0x0000722a17fff1f7:   mov    %rcx,0x18(%rax)              ;*new {reexecute=0 rethrow=0 return_oop=0}
                                                            ; - java.lang.invoke.LambdaForm$Name::withIndex@10 (line 1340)
  0x0000722a17fff1fb:   mov    0x10(%r8),%ecx
  0x0000722a17fff1ff:   shl    $0x3,%rcx                    ;*getfield type {reexecute=0 rethrow=0 return_oop=0}
                                                            ; - java.lang.invoke.LambdaForm$Name::withIndex@16 (line 1340)
  0x0000722a17fff203:   mov    0x14(%r8),%edi
  0x0000722a17fff207:   shl    $0x3,%rdi                    ;*getfield function {reexecute=0 rethrow=0 return_oop=0}
                                                            ; - java.lang.invoke.LambdaForm$Name::withIndex@20 (line 1340)
  0x0000722a17fff20b:   mov    0x1c(%r8),%esi
  0x0000722a17fff20f:   shl    $0x3,%rsi                    ;*getfield arguments {reexecute=0 rethrow=0 return_oop=0}
                                                            ; - java.lang.invoke.LambdaForm$Name::withIndex@24 (line 1340)
  0x0000722a17fff213:   mov    0x18(%r8),%ebx
  0x0000722a17fff217:   shl    $0x3,%rbx                    ;*getfield constraint {reexecute=0 rethrow=0 return_oop=0}
                                                            ; - java.lang.invoke.LambdaForm$Name::withIndex@28 (line 1340)
  0x0000722a17fff21b:   mov    %rax,%rdx
  0x0000722a17fff21e:   movabs $0x7229d00b9a28,%r8          ;   {metadata(method data for {method} {0x0000000096284b18} &apos;withIndex&apos; &apos;(I)Ljava/lang/invoke/LambdaForm$Name;&apos; in &apos;java/lang/invoke/LambdaForm$Name&apos;)}
  0x0000722a17fff228:   addq   $0x1,0xf8(%r8)
  0x0000722a17fff230:   mov    %r9,%rdx
  0x0000722a17fff233:   mov    %rdi,%r8
  0x0000722a17fff236:   mov    %rsi,%r9
  0x0000722a17fff239:   mov    %rbx,%rdi
  0x0000722a17fff23c:   mov    %rax,%rsi                    ;*invokespecial &lt;init&gt; {reexecute=0 rethrow=0 return_oop=0}
                                                            ; - java.lang.invoke.LambdaForm$Name::withIndex@31 (line 1340)
  0x0000722a17fff23f:   mov    %rax,0x40(%rsp)
  0x0000722a17fff244:   data16 xchg %ax,%ax
  0x0000722a17fff247:   call   0x0000722a1f4ad9e0           ; ImmutableOopMap {[64]=Oop }
                                                            ;*invokespecial &lt;init&gt; {reexecute=0 rethrow=0 return_oop=0}
                                                            ; - java.lang.invoke.LambdaForm$Name::withIndex@31 (line 1340)
                                                            ;   {optimized virtual_call}
  0x0000722a17fff24c:   nopl   0x244(%rax,%rax,1)           ;*invokespecial &lt;init&gt; {reexecute=0 rethrow=0 return_oop=0}
                                                            ; - java.lang.invoke.LambdaForm$Name::withIndex@31 (line 1340)
                                                            ;   {post_call_nop}
  0x0000722a17fff254:   mov    0x40(%rsp),%rax
  0x0000722a17fff259:   add    $0x50,%rsp
  0x0000722a17fff25d:   pop    %rbp
  0x0000722a17fff25e:   cmp    0x28(%r15),%rsp              ;   {poll_return}
  0x0000722a17fff262:   ja     0x0000722a17fff2ad
  0x0000722a17fff268:   ret    
  0x0000722a17fff269:   movabs $0x96284b18,%r10             ;   {metadata({method} {0x0000000096284b18} &apos;withIndex&apos; &apos;(I)Ljava/lang/invoke/LambdaForm$Name;&apos; in &apos;java/lang/invoke/LambdaForm$Name&apos;)}
  0x0000722a17fff273:   mov    %r10,0x8(%rsp)
  0x0000722a17fff278:   movq   $0xffffffffffffffff,(%rsp)
  0x0000722a17fff280:   call   0x0000722a1f582fe0           ; ImmutableOopMap {r8=Oop }
                                                            ;*synchronization entry
                                                            ; - java.lang.invoke.LambdaForm$Name::withIndex@-1 (line 1339)
                                                            ;   {runtime_call counter_overflow_blob (C1 runtime)}
  0x0000722a17fff285:   jmp    0x0000722a17fff168
  0x0000722a17fff28a:   movabs $0x722a17fff1a0,%r10         ;   {internal_word}
  0x0000722a17fff294:   mov    %r10,0x510(%r15)
  0x0000722a17fff29b:   jmp    0x0000722a1f4afb60           ;   {runtime_call SafepointBlob}
  0x0000722a17fff2a0:   mov    %rdx,%rdx
  0x0000722a17fff2a3:   call   0x0000722a1f57cf60           ; ImmutableOopMap {r8=Oop }
                                                            ;*new {reexecute=0 rethrow=0 return_oop=0}
                                                            ; - java.lang.invoke.LambdaForm$Name::withIndex@10 (line 1340)
                                                            ;   {runtime_call fast_new_instance_blob (C1 runtime)}
  0x0000722a17fff2a8:   jmp    0x0000722a17fff1fb
  0x0000722a17fff2ad:   movabs $0x722a17fff25e,%r10         ;   {internal_word}
  0x0000722a17fff2b7:   mov    %r10,0x510(%r15)
  0x0000722a17fff2be:   jmp    0x0000722a1f4afb60           ;   {runtime_call SafepointBlob}
  0x0000722a17fff2c3:   mov    0x5c0(%r15),%rax
  0x0000722a17fff2ca:   movq   $0x0,0x5c0(%r15)
  0x0000722a17fff2d5:   movq   $0x0,0x5c8(%r15)
  0x0000722a17fff2e0:   add    $0x50,%rsp
  0x0000722a17fff2e4:   pop    %rbp
  0x0000722a17fff2e5:   jmp    0x0000722a1f57b760           ;   {runtime_call unwind_exception_blob (C1 runtime)}
  0x0000722a17fff2ea:   hlt    
  0x0000722a17fff2eb:   hlt    
  0x0000722a17fff2ec:   hlt    
  0x0000722a17fff2ed:   hlt    
  0x0000722a17fff2ee:   hlt    
  0x0000722a17fff2ef:   hlt    
[Stub Code]
  0x0000722a17fff2f0:   movabs $0x0,%rbx                    ;   {static_stub}
  0x0000722a17fff2fa:   jmp    0x0000722a17fff2fa           ;   {runtime_call nmethod}
[Exception Handler]
  0x0000722a17fff2ff:   call   0x0000722a1f57e8e0           ;   {runtime_call handle_exception_from_callee_blob (C1 runtime)}
  0x0000722a17fff304:   movabs $0x722a3713aec4,%rdi         ;   {external_word}
  0x0000722a17fff30e:   and    $0xfffffffffffffff0,%rsp
  0x0000722a17fff312:   call   0x0000722a36b91cc0           ;   {runtime_call MacroAssembler::debug64(char*, long, long*)}
  0x0000722a17fff317:   hlt    
  0x0000722a17fff318:   call   0x0000722a1f4afe60           ;   {runtime_call DeoptimizationBlob}
[Deopt Handler Entry Point]
  0x0000722a17fff31d:   jmp    0x0000722a17fff318
  0x0000722a17fff31f:   hlt    
--------------------------------------------------------------------------------
[/Disassembly]
