
============================= C1-compiled nmethod ==============================
----------------------------------- Assembly -----------------------------------

Compiled method (c1) 357   27       3       java.util.HashMap$HashIterator::hasNext (13 bytes)
 total in heap  [0x00007d882ffff008,0x00007d882ffff248] = 576
 main code      [0x00007d882ffff100,0x00007d882ffff228] = 296
 stub code      [0x00007d882ffff228,0x00007d882ffff248] = 32
 mutable data [0x00007d87d0014d40,0x00007d87d0014d70] = 48
 relocation     [0x00007d87d0014d40,0x00007d87d0014d68] = 40
 metadata       [0x00007d87d0014d68,0x00007d87d0014d70] = 8
 immutable data [0x00007d87d0014c70,0x00007d87d0014d2c] = 188
 dependencies   [0x00007d87d0014c70,0x00007d87d0014c78] = 8
 scopes pcs     [0x00007d87d0014c78,0x00007d87d0014cf8] = 128
 scopes data    [0x00007d87d0014cf8,0x00007d87d0014d28] = 48

[Disassembly]
--------------------------------------------------------------------------------
[Constant Pool (empty)]

--------------------------------------------------------------------------------

[Instructions begin]
  0x00007d882ffff100:   data16 data16 nopw 0x0(%rax,%rax,1)
  0x00007d882ffff10b:   data16 data16 xchg %ax,%ax
  0x00007d882ffff10f:   data16 xchg %ax,%ax
[Entry Point]
  # {method} {0x00000000562d6b78} &apos;hasNext&apos; &apos;()Z&apos; in &apos;java/util/HashMap$HashIterator&apos;
  #           [sp+0x30]  (sp of caller)
  0x00007d882ffff112:   mov    0x8(%rsi),%r10d
  0x00007d882ffff116:   cmp    0x8(%rax),%r10d
  0x00007d882ffff11a:   jne    0x00007d88374ad6e0           ;   {runtime_call ic_miss_blob (shared runtime)}
[Verified Entry Point]
  0x00007d882ffff120:   mov    %eax,-0x14000(%rsp)
  0x00007d882ffff127:   push   %rbp
  0x00007d882ffff128:   sub    $0x20,%rsp
  0x00007d882ffff12c:   cmpl   $0x1,0x20(%r15)
  0x00007d882ffff134:   je     0x00007d882ffff13b
  0x00007d882ffff136:   call   Stub::method_entry_barrier_stub (stub gen)
                                                            ;   {runtime_call Stub::method_entry_barrier_stub (stub gen)}
  0x00007d882ffff13b:   movabs $0x7d87e80b96e0,%rax         ;   {metadata(method data for {method} {0x00000000562d6b78} &apos;hasNext&apos; &apos;()Z&apos; in &apos;java/util/HashMap$HashIterator&apos;)}
  0x00007d882ffff145:   mov    0x90(%rax),%edi
  0x00007d882ffff14b:   add    $0x2,%edi
  0x00007d882ffff14e:   mov    %edi,0x90(%rax)
  0x00007d882ffff154:   and    $0x7fe,%edi
  0x00007d882ffff15a:   test   %edi,%edi
  0x00007d882ffff15c:   je     0x00007d882ffff1c6           ;*aload_0 {reexecute=0 rethrow=0 return_oop=0}
                                                            ; - java.util.HashMap$HashIterator::hasNext@0 (line 1599)
  0x00007d882ffff162:   mov    0x14(%rsi),%eax
  0x00007d882ffff165:   shl    $0x3,%rax                    ;*getfield next {reexecute=0 rethrow=0 return_oop=0}
                                                            ; - java.util.HashMap$HashIterator::hasNext@1 (line 1599)
  0x00007d882ffff169:   test   %rax,%rax
  0x00007d882ffff16c:   movabs $0x7d87e80b96e0,%rax         ;   {metadata(method data for {method} {0x00000000562d6b78} &apos;hasNext&apos; &apos;()Z&apos; in &apos;java/util/HashMap$HashIterator&apos;)}
  0x00007d882ffff176:   mov    $0xd8,%esi
  0x00007d882ffff17b:   je     0x00007d882ffff182
  0x00007d882ffff17d:   mov    $0xe8,%esi
  0x00007d882ffff182:   mov    (%rax,%rsi,1),%rdi
  0x00007d882ffff186:   lea    0x1(%rdi),%rdi
  0x00007d882ffff18a:   mov    %rdi,(%rax,%rsi,1)
  0x00007d882ffff18e:   je     0x00007d882ffff1ae           ;*ifnull {reexecute=0 rethrow=0 return_oop=0}
                                                            ; - java.util.HashMap$HashIterator::hasNext@4 (line 1599)
  0x00007d882ffff194:   movabs $0x7d87e80b96e0,%rax         ;   {metadata(method data for {method} {0x00000000562d6b78} &apos;hasNext&apos; &apos;()Z&apos; in &apos;java/util/HashMap$HashIterator&apos;)}
  0x00007d882ffff19e:   incl   0xf8(%rax)
  0x00007d882ffff1a4:   mov    $0x1,%eax
  0x00007d882ffff1a9:   jmp    0x00007d882ffff1b3           ;*goto {reexecute=0 rethrow=0 return_oop=0}
                                                            ; - java.util.HashMap$HashIterator::hasNext@8 (line 1599)
  0x00007d882ffff1ae:   mov    $0x0,%eax                    ;*ireturn {reexecute=0 rethrow=0 return_oop=0}
                                                            ; - java.util.HashMap$HashIterator::hasNext@12 (line 1599)
  0x00007d882ffff1b3:   and    $0x1,%eax
  0x00007d882ffff1b6:   add    $0x20,%rsp
  0x00007d882ffff1ba:   pop    %rbp
  0x00007d882ffff1bb:   cmp    0x28(%r15),%rsp              ;   {poll_return}
  0x00007d882ffff1bf:   ja     0x00007d882ffff1e7
  0x00007d882ffff1c5:   ret    
  0x00007d882ffff1c6:   movabs $0x562d6b78,%r10             ;   {metadata({method} {0x00000000562d6b78} &apos;hasNext&apos; &apos;()Z&apos; in &apos;java/util/HashMap$HashIterator&apos;)}
  0x00007d882ffff1d0:   mov    %r10,0x8(%rsp)
  0x00007d882ffff1d5:   movq   $0xffffffffffffffff,(%rsp)
  0x00007d882ffff1dd:   call   0x00007d8837583460           ; ImmutableOopMap {rsi=Oop }
                                                            ;*synchronization entry
                                                            ; - java.util.HashMap$HashIterator::hasNext@-1 (line 1599)
                                                            ;   {runtime_call counter_overflow_blob (C1 runtime)}
  0x00007d882ffff1e2:   jmp    0x00007d882ffff162
  0x00007d882ffff1e7:   movabs $0x7d882ffff1bb,%r10         ;   {internal_word}
  0x00007d882ffff1f1:   mov    %r10,0x510(%r15)
  0x00007d882ffff1f8:   jmp    0x00007d88374afb60           ;   {runtime_call SafepointBlob}
  0x00007d882ffff1fd:   mov    0x5c0(%r15),%rax
  0x00007d882ffff204:   movq   $0x0,0x5c0(%r15)
  0x00007d882ffff20f:   movq   $0x0,0x5c8(%r15)
  0x00007d882ffff21a:   add    $0x20,%rsp
  0x00007d882ffff21e:   pop    %rbp
  0x00007d882ffff21f:   jmp    0x00007d883757c0e0           ;   {runtime_call unwind_exception_blob (C1 runtime)}
  0x00007d882ffff224:   hlt    
  0x00007d882ffff225:   hlt    
  0x00007d882ffff226:   hlt    
  0x00007d882ffff227:   hlt    
[Exception Handler]
  0x00007d882ffff228:   call   0x00007d883757fbe0           ;   {runtime_call handle_exception_from_callee_blob (C1 runtime)}
  0x00007d882ffff22d:   movabs $0x7d884e13aec4,%rdi         ;   {external_word}
  0x00007d882ffff237:   and    $0xfffffffffffffff0,%rsp
  0x00007d882ffff23b:   call   0x00007d884db91cc0           ;   {runtime_call MacroAssembler::debug64(char*, long, long*)}
  0x00007d882ffff240:   hlt    
  0x00007d882ffff241:   call   0x00007d88374afe60           ;   {runtime_call DeoptimizationBlob}
[Deopt Handler Entry Point]
  0x00007d882ffff246:   jmp    0x00007d882ffff241
--------------------------------------------------------------------------------
[/Disassembly]
