
============================= C1-compiled nmethod ==============================
----------------------------------- Assembly -----------------------------------

Compiled method (c1) 377   27       3       jdk.internal.classfile.impl.AbstractPoolEntry$AbstractNamedEntry::&lt;init&gt; (10 bytes)
 total in heap  [0x000071104bfff008,0x000071104bfff220] = 536
 main code      [0x000071104bfff100,0x000071104bfff1f0] = 240
 stub code      [0x000071104bfff1f0,0x000071104bfff220] = 48
 mutable data [0x0000710ff4014e30,0x0000710ff4014e70] = 64
 relocation     [0x0000710ff4014e30,0x0000710ff4014e68] = 56
 metadata       [0x0000710ff4014e68,0x0000710ff4014e70] = 8
 immutable data [0x0000710ff4014d80,0x0000710ff4014e24] = 164
 dependencies   [0x0000710ff4014d80,0x0000710ff4014d88] = 8
 scopes pcs     [0x0000710ff4014d88,0x0000710ff4014de8] = 96
 scopes data    [0x0000710ff4014de8,0x0000710ff4014e20] = 56

[Disassembly]
--------------------------------------------------------------------------------
[Constant Pool (empty)]

--------------------------------------------------------------------------------

[Instructions begin]
  0x000071104bfff100:   data16 data16 nopw 0x0(%rax,%rax,1)
  0x000071104bfff10b:   data16 data16 xchg %ax,%ax
  0x000071104bfff10f:   data16 xchg %ax,%ax
[Entry Point]
  # {method} {0x00000000573412e0} &apos;&lt;init&gt;&apos; &apos;(Ljava/lang/classfile/constantpool/ConstantPool;IILjdk/internal/classfile/impl/AbstractPoolEntry$Utf8EntryImpl;)V&apos; in &apos;jdk/internal/classfile/impl/AbstractPoolEntry$AbstractNamedEntry&apos;
  # this:     rsi:rsi   = &apos;jdk/internal/classfile/impl/AbstractPoolEntry$AbstractNamedEntry&apos;
  # parm0:    rdx:rdx   = &apos;java/lang/classfile/constantpool/ConstantPool&apos;
  # parm1:    rcx       = int
  # parm2:    r8        = int
  # parm3:    r9:r9     = &apos;jdk/internal/classfile/impl/AbstractPoolEntry$Utf8EntryImpl&apos;
  #           [sp+0x50]  (sp of caller)
  0x000071104bfff112:   mov    0x8(%rsi),%r10d
  0x000071104bfff116:   cmp    0x8(%rax),%r10d
  0x000071104bfff11a:   jne    0x00007110534ad6e0           ;   {runtime_call ic_miss_blob (shared runtime)}
[Verified Entry Point]
  0x000071104bfff120:   mov    %eax,-0x14000(%rsp)
  0x000071104bfff127:   push   %rbp
  0x000071104bfff128:   sub    $0x40,%rsp
  0x000071104bfff12c:   cmpl   $0x1,0x20(%r15)
  0x000071104bfff134:   je     0x000071104bfff13b
  0x000071104bfff136:   call   Stub::method_entry_barrier_stub (stub gen)
                                                            ;   {runtime_call Stub::method_entry_barrier_stub (stub gen)}
  0x000071104bfff13b:   movabs $0x7110040ba540,%rdi         ;   {metadata(method data for {method} {0x00000000573412e0} &apos;&lt;init&gt;&apos; &apos;(Ljava/lang/classfile/constantpool/ConstantPool;IILjdk/internal/classfile/impl/AbstractPoolEntry$Utf8EntryImpl;)V&apos; in &apos;jdk/internal/classfile/impl/AbstractPoolEntry$AbstractNamedEntry&apos;)}
  0x000071104bfff145:   mov    0x90(%rdi),%ebx
  0x000071104bfff14b:   add    $0x2,%ebx
  0x000071104bfff14e:   mov    %ebx,0x90(%rdi)
  0x000071104bfff154:   and    $0x7fe,%ebx
  0x000071104bfff15a:   test   %ebx,%ebx
  0x000071104bfff15c:   je     0x000071104bfff194           ;*aload_0 {reexecute=0 rethrow=0 return_oop=0}
                                                            ; - jdk.internal.classfile.impl.AbstractPoolEntry$AbstractNamedEntry::&lt;init&gt;@0 (line 576)
  0x000071104bfff162:   mov    %rsi,%rdi
  0x000071104bfff165:   movabs $0x7110040ba540,%rbx         ;   {metadata(method data for {method} {0x00000000573412e0} &apos;&lt;init&gt;&apos; &apos;(Ljava/lang/classfile/constantpool/ConstantPool;IILjdk/internal/classfile/impl/AbstractPoolEntry$Utf8EntryImpl;)V&apos; in &apos;jdk/internal/classfile/impl/AbstractPoolEntry$AbstractNamedEntry&apos;)}
  0x000071104bfff16f:   addq   $0x1,0xd8(%rbx)
  0x000071104bfff177:   call   0x00007110534ad9e0           ; ImmutableOopMap {}
                                                            ;*invokespecial &lt;init&gt; {reexecute=0 rethrow=0 return_oop=0}
                                                            ; - jdk.internal.classfile.impl.AbstractPoolEntry$AbstractNamedEntry::&lt;init&gt;@6 (line 576)
                                                            ;   {optimized virtual_call}
  0x000071104bfff17c:   nopl   0x174(%rax,%rax,1)           ;*invokespecial &lt;init&gt; {reexecute=0 rethrow=0 return_oop=0}
                                                            ; - jdk.internal.classfile.impl.AbstractPoolEntry$AbstractNamedEntry::&lt;init&gt;@6 (line 576)
                                                            ;   {post_call_nop}
  0x000071104bfff184:   add    $0x40,%rsp
  0x000071104bfff188:   pop    %rbp
  0x000071104bfff189:   cmp    0x28(%r15),%rsp              ;   {poll_return}
  0x000071104bfff18d:   ja     0x000071104bfff1b2
  0x000071104bfff193:   ret    
  0x000071104bfff194:   movabs $0x573412e0,%r10             ;   {metadata({method} {0x00000000573412e0} &apos;&lt;init&gt;&apos; &apos;(Ljava/lang/classfile/constantpool/ConstantPool;IILjdk/internal/classfile/impl/AbstractPoolEntry$Utf8EntryImpl;)V&apos; in &apos;jdk/internal/classfile/impl/AbstractPoolEntry$AbstractNamedEntry&apos;)}
  0x000071104bfff19e:   mov    %r10,0x8(%rsp)
  0x000071104bfff1a3:   movq   $0xffffffffffffffff,(%rsp)
  0x000071104bfff1ab:   call   0x0000711053582fe0           ; ImmutableOopMap {rsi=Oop rdx=Oop r9=Oop }
                                                            ;*synchronization entry
                                                            ; - jdk.internal.classfile.impl.AbstractPoolEntry$AbstractNamedEntry::&lt;init&gt;@-1 (line 576)
                                                            ;   {runtime_call counter_overflow_blob (C1 runtime)}
  0x000071104bfff1b0:   jmp    0x000071104bfff162
  0x000071104bfff1b2:   movabs $0x71104bfff189,%r10         ;   {internal_word}
  0x000071104bfff1bc:   mov    %r10,0x510(%r15)
  0x000071104bfff1c3:   jmp    0x00007110534afb60           ;   {runtime_call SafepointBlob}
  0x000071104bfff1c8:   mov    0x5c0(%r15),%rax
  0x000071104bfff1cf:   movq   $0x0,0x5c0(%r15)
  0x000071104bfff1da:   movq   $0x0,0x5c8(%r15)
  0x000071104bfff1e5:   add    $0x40,%rsp
  0x000071104bfff1e9:   pop    %rbp
  0x000071104bfff1ea:   jmp    0x000071105357b760           ;   {runtime_call unwind_exception_blob (C1 runtime)}
  0x000071104bfff1ef:   hlt    
[Stub Code]
  0x000071104bfff1f0:   movabs $0x0,%rbx                    ;   {static_stub}
  0x000071104bfff1fa:   jmp    0x000071104bfff1fa           ;   {runtime_call nmethod}
[Exception Handler]
  0x000071104bfff1ff:   call   0x000071105357ede0           ;   {runtime_call handle_exception_from_callee_blob (C1 runtime)}
  0x000071104bfff204:   movabs $0x71106b73aec4,%rdi         ;   {external_word}
  0x000071104bfff20e:   and    $0xfffffffffffffff0,%rsp
  0x000071104bfff212:   call   0x000071106b191cc0           ;   {runtime_call MacroAssembler::debug64(char*, long, long*)}
  0x000071104bfff217:   hlt    
  0x000071104bfff218:   call   0x00007110534afe60           ;   {runtime_call DeoptimizationBlob}
[Deopt Handler Entry Point]
  0x000071104bfff21d:   jmp    0x000071104bfff218
  0x000071104bfff21f:   hlt    
--------------------------------------------------------------------------------
[/Disassembly]
