
============================= C1-compiled nmethod ==============================
----------------------------------- Assembly -----------------------------------

Compiled method (c1) 71    3       3       java.lang.String::isLatin1 (19 bytes)
 total in heap  [0x000075ed3bfff008,0x000075ed3bfff250] = 584
 main code      [0x000075ed3bfff100,0x000075ed3bfff230] = 304
 stub code      [0x000075ed3bfff230,0x000075ed3bfff250] = 32
 mutable data [0x000075ecdc014d50,0x000075ecdc014d88] = 56
 relocation     [0x000075ecdc014d50,0x000075ecdc014d80] = 48
 metadata       [0x000075ecdc014d80,0x000075ecdc014d88] = 8
 immutable data [0x000075ecdc014c70,0x000075ecdc014d3c] = 204
 dependencies   [0x000075ecdc014c70,0x000075ecdc014c78] = 8
 scopes pcs     [0x000075ecdc014c78,0x000075ecdc014d08] = 144
 scopes data    [0x000075ecdc014d08,0x000075ecdc014d38] = 48

[Disassembly]
--------------------------------------------------------------------------------
[Constant Pool (empty)]

--------------------------------------------------------------------------------

[Instructions begin]
  0x000075ed3bfff100:   data16 data16 nopw 0x0(%rax,%rax,1)
  0x000075ed3bfff10b:   data16 data16 xchg %ax,%ax
  0x000075ed3bfff10f:   data16 xchg %ax,%ax
[Entry Point]
  # {method} {0x00000000574a0708} &apos;isLatin1&apos; &apos;()Z&apos; in &apos;java/lang/String&apos;
  #           [sp+0x30]  (sp of caller)
  0x000075ed3bfff112:   mov    0x8(%rsi),%r10d
  0x000075ed3bfff116:   cmp    0x8(%rax),%r10d
  0x000075ed3bfff11a:   jne    0x000075ed434ad6e0           ;   {runtime_call ic_miss_blob (shared runtime)}
[Verified Entry Point]
  0x000075ed3bfff120:   mov    %eax,-0x14000(%rsp)
  0x000075ed3bfff127:   push   %rbp
  0x000075ed3bfff128:   sub    $0x20,%rsp
  0x000075ed3bfff12c:   cmpl   $0x1,0x20(%r15)
  0x000075ed3bfff134:   je     0x000075ed3bfff13b
  0x000075ed3bfff136:   call   Stub::method_entry_barrier_stub (stub gen)
                                                            ;   {runtime_call Stub::method_entry_barrier_stub (stub gen)}
  0x000075ed3bfff13b:   movabs $0x75ecf400d380,%rax         ;   {metadata(method data for {method} {0x00000000574a0708} &apos;isLatin1&apos; &apos;()Z&apos; in &apos;java/lang/String&apos;)}
  0x000075ed3bfff145:   mov    0x90(%rax),%edi
  0x000075ed3bfff14b:   add    $0x2,%edi
  0x000075ed3bfff14e:   mov    %edi,0x90(%rax)
  0x000075ed3bfff154:   and    $0x7fe,%edi
  0x000075ed3bfff15a:   test   %edi,%edi
  0x000075ed3bfff15c:   je     0x000075ed3bfff1d2           ;*getstatic COMPACT_STRINGS {reexecute=0 rethrow=0 return_oop=0}
                                                            ; - java.lang.String::isLatin1@0 (line 5187)
  0x000075ed3bfff162:   movabs $0x75ecf400d380,%rax         ;   {metadata(method data for {method} {0x00000000574a0708} &apos;isLatin1&apos; &apos;()Z&apos; in &apos;java/lang/String&apos;)}
  0x000075ed3bfff16c:   incl   0xe8(%rax)                   ;*ifeq {reexecute=0 rethrow=0 return_oop=0}
                                                            ; - java.lang.String::isLatin1@3 (line 5187)
  0x000075ed3bfff172:   movsbl 0x10(%rsi),%eax              ;*getfield coder {reexecute=0 rethrow=0 return_oop=0}
                                                            ; - java.lang.String::isLatin1@7 (line 5187)
  0x000075ed3bfff176:   test   %eax,%eax
  0x000075ed3bfff178:   movabs $0x75ecf400d380,%rax         ;   {metadata(method data for {method} {0x00000000574a0708} &apos;isLatin1&apos; &apos;()Z&apos; in &apos;java/lang/String&apos;)}
  0x000075ed3bfff182:   mov    $0xf8,%esi
  0x000075ed3bfff187:   jne    0x000075ed3bfff18e
  0x000075ed3bfff189:   mov    $0x108,%esi
  0x000075ed3bfff18e:   mov    (%rax,%rsi,1),%rdi
  0x000075ed3bfff192:   lea    0x1(%rdi),%rdi
  0x000075ed3bfff196:   mov    %rdi,(%rax,%rsi,1)
  0x000075ed3bfff19a:   jne    0x000075ed3bfff1ba           ;*ifne {reexecute=0 rethrow=0 return_oop=0}
                                                            ; - java.lang.String::isLatin1@10 (line 5187)
  0x000075ed3bfff1a0:   movabs $0x75ecf400d380,%rax         ;   {metadata(method data for {method} {0x00000000574a0708} &apos;isLatin1&apos; &apos;()Z&apos; in &apos;java/lang/String&apos;)}
  0x000075ed3bfff1aa:   incl   0x118(%rax)
  0x000075ed3bfff1b0:   mov    $0x1,%eax
  0x000075ed3bfff1b5:   jmp    0x000075ed3bfff1bf           ;*goto {reexecute=0 rethrow=0 return_oop=0}
                                                            ; - java.lang.String::isLatin1@14 (line 5187)
  0x000075ed3bfff1ba:   mov    $0x0,%eax                    ;*ireturn {reexecute=0 rethrow=0 return_oop=0}
                                                            ; - java.lang.String::isLatin1@18 (line 5187)
  0x000075ed3bfff1bf:   and    $0x1,%eax
  0x000075ed3bfff1c2:   add    $0x20,%rsp
  0x000075ed3bfff1c6:   pop    %rbp
  0x000075ed3bfff1c7:   cmp    0x28(%r15),%rsp              ;   {poll_return}
  0x000075ed3bfff1cb:   ja     0x000075ed3bfff1f3
  0x000075ed3bfff1d1:   ret    
  0x000075ed3bfff1d2:   movabs $0x574a0708,%r10             ;   {metadata({method} {0x00000000574a0708} &apos;isLatin1&apos; &apos;()Z&apos; in &apos;java/lang/String&apos;)}
  0x000075ed3bfff1dc:   mov    %r10,0x8(%rsp)
  0x000075ed3bfff1e1:   movq   $0xffffffffffffffff,(%rsp)
  0x000075ed3bfff1e9:   call   0x000075ed43582fe0           ; ImmutableOopMap {rsi=Oop }
                                                            ;*synchronization entry
                                                            ; - java.lang.String::isLatin1@-1 (line 5187)
                                                            ;   {runtime_call counter_overflow_blob (C1 runtime)}
  0x000075ed3bfff1ee:   jmp    0x000075ed3bfff162
  0x000075ed3bfff1f3:   movabs $0x75ed3bfff1c7,%r10         ;   {internal_word}
  0x000075ed3bfff1fd:   mov    %r10,0x510(%r15)
  0x000075ed3bfff204:   jmp    0x000075ed434afb60           ;   {runtime_call SafepointBlob}
  0x000075ed3bfff209:   mov    0x5c0(%r15),%rax
  0x000075ed3bfff210:   movq   $0x0,0x5c0(%r15)
  0x000075ed3bfff21b:   movq   $0x0,0x5c8(%r15)
  0x000075ed3bfff226:   add    $0x20,%rsp
  0x000075ed3bfff22a:   pop    %rbp
  0x000075ed3bfff22b:   jmp    0x000075ed4357b2e0           ;   {runtime_call unwind_exception_blob (C1 runtime)}
[Exception Handler]
  0x000075ed3bfff230:   call   0x000075ed4357e8e0           ;   {runtime_call handle_exception_from_callee_blob (C1 runtime)}
  0x000075ed3bfff235:   movabs $0x75ed5993aec4,%rdi         ;   {external_word}
  0x000075ed3bfff23f:   and    $0xfffffffffffffff0,%rsp
  0x000075ed3bfff243:   call   0x000075ed59391cc0           ;   {runtime_call MacroAssembler::debug64(char*, long, long*)}
  0x000075ed3bfff248:   hlt    
  0x000075ed3bfff249:   call   0x000075ed434afe60           ;   {runtime_call DeoptimizationBlob}
[Deopt Handler Entry Point]
  0x000075ed3bfff24e:   jmp    0x000075ed3bfff249
--------------------------------------------------------------------------------
[/Disassembly]
