----------------------------------- Assembly -----------------------------------

Compiled method (c2) 422   29       4       java.lang.StringCoding::countNonZeroAsciiLatin1 (33 bytes)
 total in heap  [0x00007bdec7ba5408,0x00007bdec7ba5698] = 656
 main code      [0x00007bdec7ba5500,0x00007bdec7ba5690] = 400
 stub code      [0x00007bdec7ba5690,0x00007bdec7ba5698] = 8
 mutable data [0x00007bde700c1e90,0x00007bde700c1eb0] = 32
 relocation     [0x00007bde700c1e90,0x00007bde700c1ea8] = 24
 metadata       [0x00007bde700c1ea8,0x00007bde700c1eb0] = 8
 immutable data [0x00007bde700c1bd0,0x00007bde700c1e84] = 692
 dependencies   [0x00007bde700c1bd0,0x00007bde700c1bd8] = 8
 nul chk table  [0x00007bde700c1bd8,0x00007bde700c1be8] = 16
 scopes pcs     [0x00007bde700c1be8,0x00007bde700c1e08] = 544
 scopes data    [0x00007bde700c1e08,0x00007bde700c1e80] = 120

[Disassembly]
--------------------------------------------------------------------------------
[Constant Pool (empty)]

--------------------------------------------------------------------------------

[Verified Entry Point]
  # {method} {0x000000004c1d8e28} &apos;countNonZeroAsciiLatin1&apos; &apos;([BII)I&apos; in &apos;java/lang/StringCoding&apos;
  # parm0:    rsi:rsi   = &apos;[B&apos;
  # parm1:    rdx       = int
  # parm2:    rcx       = int
  #           [sp+0x40]  (sp of caller)
  0x00007bdec7ba5500:   mov    %eax,-0x14000(%rsp)
  0x00007bdec7ba5507:   push   %rbp
  0x00007bdec7ba5508:   sub    $0x30,%rsp
  0x00007bdec7ba550c:   cmpl   $0x1,0x20(%r15)
  0x00007bdec7ba5514:   jne    0x00007bdec7ba5686           ;*synchronization entry
                                                            ; - java.lang.StringCoding::countNonZeroAsciiLatin1@-1 (line 54)
  0x00007bdec7ba551a:   lea    (%rdx,%rcx,1),%r10d
  0x00007bdec7ba551e:   cmp    %r10d,%edx
  0x00007bdec7ba5521:   jge    0x00007bdec7ba560a           ;*if_icmpge {reexecute=0 rethrow=0 return_oop=0}
                                                            ; - java.lang.StringCoding::countNonZeroAsciiLatin1@10 (line 55)
  0x00007bdec7ba5527:   mov    0xc(%rsi),%r11d              ; implicit exception: dispatches to 0x00007bdec7ba5648
                                                            ;*baload {reexecute=0 rethrow=0 return_oop=0}
                                                            ; - java.lang.StringCoding::countNonZeroAsciiLatin1@16 (line 56)
  0x00007bdec7ba552b:   cmp    %r11d,%edx
  0x00007bdec7ba552e:   jae    0x00007bdec7ba5648
  0x00007bdec7ba5534:   movslq %r11d,%r11
  0x00007bdec7ba5537:   movslq %r10d,%r8
  0x00007bdec7ba553a:   lea    -0x1(%r8),%r9
  0x00007bdec7ba553e:   cmp    %r11,%r9
  0x00007bdec7ba5541:   jae    0x00007bdec7ba5648
  0x00007bdec7ba5547:   lea    0x1(%rdx),%r11d
  0x00007bdec7ba554b:   mov    %edx,%r9d                    ;*aload_0 {reexecute=0 rethrow=0 return_oop=0}
                                                            ; - java.lang.StringCoding::countNonZeroAsciiLatin1@13 (line 56)
  0x00007bdec7ba554e:   movsbl 0x10(%rsi,%r9,1),%edi        ;*baload {reexecute=0 rethrow=0 return_oop=0}
                                                            ; - java.lang.StringCoding::countNonZeroAsciiLatin1@16 (line 56)
  0x00007bdec7ba5554:   test   %edi,%edi
  0x00007bdec7ba5556:   jle    0x00007bdec7ba562b           ;*ifgt {reexecute=0 rethrow=0 return_oop=0}
                                                            ; - java.lang.StringCoding::countNonZeroAsciiLatin1@17 (line 56)
  0x00007bdec7ba555c:   inc    %r9d                         ;*iinc {reexecute=0 rethrow=0 return_oop=0}
                                                            ; - java.lang.StringCoding::countNonZeroAsciiLatin1@25 (line 55)
  0x00007bdec7ba555f:   cmp    %r11d,%r9d
  0x00007bdec7ba5562:   jl     0x00007bdec7ba554e           ;*if_icmpge {reexecute=0 rethrow=0 return_oop=0}
                                                            ; - java.lang.StringCoding::countNonZeroAsciiLatin1@10 (line 55)
  0x00007bdec7ba5564:   add    $0xfffffffffffffffd,%r8
  0x00007bdec7ba5568:   mov    $0xffffffff80000000,%r11
  0x00007bdec7ba556f:   cmp    $0xffffffff80000000,%r8
  0x00007bdec7ba5576:   cmovl  %r11,%r8
  0x00007bdec7ba557a:   mov    %r8d,%eax
  0x00007bdec7ba557d:   cmp    %eax,%r9d
  0x00007bdec7ba5580:   jge    0x00007bdec7ba55f0
  0x00007bdec7ba5582:   mov    $0xfa0,%ebx                  ;*goto {reexecute=0 rethrow=0 return_oop=0}
                                                            ; - java.lang.StringCoding::countNonZeroAsciiLatin1@28 (line 55)
  0x00007bdec7ba5587:   xor    %r13d,%r13d
  0x00007bdec7ba558a:   mov    %eax,%r11d
  0x00007bdec7ba558d:   sub    %r9d,%r11d
  0x00007bdec7ba5590:   cmp    %r9d,%eax
  0x00007bdec7ba5593:   cmovl  %r13d,%r11d
  0x00007bdec7ba5597:   cmp    $0xfa0,%r11d
  0x00007bdec7ba559e:   cmova  %ebx,%r11d
  0x00007bdec7ba55a2:   add    %r9d,%r11d
  0x00007bdec7ba55a5:   data16 data16 nopw 0x0(%rax,%rax,1) ;*aload_0 {reexecute=0 rethrow=0 return_oop=0}
                                                            ; - java.lang.StringCoding::countNonZeroAsciiLatin1@13 (line 56)
  0x00007bdec7ba55b0:   movsbl 0x10(%rsi,%r9,1),%edi        ;*baload {reexecute=0 rethrow=0 return_oop=0}
                                                            ; - java.lang.StringCoding::countNonZeroAsciiLatin1@16 (line 56)
  0x00007bdec7ba55b6:   test   %edi,%edi
  0x00007bdec7ba55b8:   jle    0x00007bdec7ba562b           ;*ifgt {reexecute=0 rethrow=0 return_oop=0}
                                                            ; - java.lang.StringCoding::countNonZeroAsciiLatin1@17 (line 56)
  0x00007bdec7ba55ba:   movslq %r9d,%r8
  0x00007bdec7ba55bd:   movsbl 0x11(%rsi,%r8,1),%edi        ;*baload {reexecute=0 rethrow=0 return_oop=0}
                                                            ; - java.lang.StringCoding::countNonZeroAsciiLatin1@16 (line 56)
  0x00007bdec7ba55c3:   test   %edi,%edi
  0x00007bdec7ba55c5:   jle    0x00007bdec7ba561c           ;*ifgt {reexecute=0 rethrow=0 return_oop=0}
                                                            ; - java.lang.StringCoding::countNonZeroAsciiLatin1@17 (line 56)
  0x00007bdec7ba55c7:   movsbl 0x12(%rsi,%r8,1),%edi        ;*baload {reexecute=0 rethrow=0 return_oop=0}
                                                            ; - java.lang.StringCoding::countNonZeroAsciiLatin1@16 (line 56)
  0x00007bdec7ba55cd:   test   %edi,%edi
  0x00007bdec7ba55cf:   jle    0x00007bdec7ba5621           ;*ifgt {reexecute=0 rethrow=0 return_oop=0}
                                                            ; - java.lang.StringCoding::countNonZeroAsciiLatin1@17 (line 56)
  0x00007bdec7ba55d1:   movsbl 0x13(%rsi,%r8,1),%edi        ;*baload {reexecute=0 rethrow=0 return_oop=0}
                                                            ; - java.lang.StringCoding::countNonZeroAsciiLatin1@16 (line 56)
  0x00007bdec7ba55d7:   test   %edi,%edi
  0x00007bdec7ba55d9:   jle    0x00007bdec7ba5627           ;*ifgt {reexecute=0 rethrow=0 return_oop=0}
                                                            ; - java.lang.StringCoding::countNonZeroAsciiLatin1@17 (line 56)
  0x00007bdec7ba55db:   add    $0x4,%r9d                    ;*iinc {reexecute=0 rethrow=0 return_oop=0}
                                                            ; - java.lang.StringCoding::countNonZeroAsciiLatin1@25 (line 55)
  0x00007bdec7ba55df:   cmp    %r11d,%r9d
  0x00007bdec7ba55e2:   jl     0x00007bdec7ba55b0           ;*if_icmpge {reexecute=0 rethrow=0 return_oop=0}
                                                            ; - java.lang.StringCoding::countNonZeroAsciiLatin1@10 (line 55)
  0x00007bdec7ba55e4:   mov    0x30(%r15),%r11              ; ImmutableOopMap {rsi=Oop }
                                                            ;*goto {reexecute=1 rethrow=0 return_oop=0}
                                                            ; - (reexecute) java.lang.StringCoding::countNonZeroAsciiLatin1@28 (line 55)
  0x00007bdec7ba55e8:   test   %eax,(%r11)                  ;*goto {reexecute=0 rethrow=0 return_oop=0}
                                                            ; - java.lang.StringCoding::countNonZeroAsciiLatin1@28 (line 55)
                                                            ;   {poll}
  0x00007bdec7ba55eb:   cmp    %eax,%r9d
  0x00007bdec7ba55ee:   jl     0x00007bdec7ba558a
  0x00007bdec7ba55f0:   cmp    %r10d,%r9d
  0x00007bdec7ba55f3:   jge    0x00007bdec7ba560a
  0x00007bdec7ba55f5:   data16 xchg %ax,%ax                 ;*aload_0 {reexecute=0 rethrow=0 return_oop=0}
                                                            ; - java.lang.StringCoding::countNonZeroAsciiLatin1@13 (line 56)
  0x00007bdec7ba55f8:   movsbl 0x10(%rsi,%r9,1),%edi        ;*baload {reexecute=0 rethrow=0 return_oop=0}
                                                            ; - java.lang.StringCoding::countNonZeroAsciiLatin1@16 (line 56)
  0x00007bdec7ba55fe:   test   %edi,%edi
  0x00007bdec7ba5600:   jle    0x00007bdec7ba562b           ;*ifgt {reexecute=0 rethrow=0 return_oop=0}
                                                            ; - java.lang.StringCoding::countNonZeroAsciiLatin1@17 (line 56)
  0x00007bdec7ba5602:   inc    %r9d                         ;*iinc {reexecute=0 rethrow=0 return_oop=0}
                                                            ; - java.lang.StringCoding::countNonZeroAsciiLatin1@25 (line 55)
  0x00007bdec7ba5605:   cmp    %r10d,%r9d
  0x00007bdec7ba5608:   jl     0x00007bdec7ba55f8           ;*iload_2 {reexecute=0 rethrow=0 return_oop=0}
                                                            ; - java.lang.StringCoding::countNonZeroAsciiLatin1@31 (line 60)
  0x00007bdec7ba560a:   mov    %ecx,%eax
  0x00007bdec7ba560c:   add    $0x30,%rsp
  0x00007bdec7ba5610:   pop    %rbp
  0x00007bdec7ba5611:   cmp    0x28(%r15),%rsp              ;   {poll_return}
  0x00007bdec7ba5615:   ja     0x00007bdec7ba5670
  0x00007bdec7ba561b:   ret    
  0x00007bdec7ba561c:   inc    %r9d
  0x00007bdec7ba561f:   jmp    0x00007bdec7ba562b
  0x00007bdec7ba5621:   add    $0x2,%r9d
  0x00007bdec7ba5625:   jmp    0x00007bdec7ba562b
  0x00007bdec7ba5627:   add    $0x3,%r9d                    ;*ifgt {reexecute=0 rethrow=0 return_oop=0}
                                                            ; - java.lang.StringCoding::countNonZeroAsciiLatin1@17 (line 56)
  0x00007bdec7ba562b:   mov    $0xffffff45,%esi
  0x00007bdec7ba5630:   mov    %edx,%ebp
  0x00007bdec7ba5632:   mov    %r9d,(%rsp)
  0x00007bdec7ba5636:   mov    %edi,0x4(%rsp)
  0x00007bdec7ba563a:   nop
  0x00007bdec7ba563b:   call   0x00007bdec7585ce0           ; ImmutableOopMap {}
                                                            ;*ifgt {reexecute=1 rethrow=0 return_oop=0}
                                                            ; - (reexecute) java.lang.StringCoding::countNonZeroAsciiLatin1@17 (line 56)
                                                            ;   {runtime_call UncommonTrapBlob}
  0x00007bdec7ba5640:   nopl   0x1000238(%rax,%rax,1)       ;*if_icmpge {reexecute=0 rethrow=0 return_oop=0}
                                                            ; - java.lang.StringCoding::countNonZeroAsciiLatin1@10 (line 55)
                                                            ;   {post_call_nop}
  0x00007bdec7ba5648:   mov    %rsi,%rbp
  0x00007bdec7ba564b:   mov    %ecx,0x4(%rsp)
  0x00007bdec7ba564f:   mov    %edx,0xc(%rsp)
  0x00007bdec7ba5653:   mov    %edx,0x10(%rsp)
  0x00007bdec7ba5657:   mov    %r10d,0x14(%rsp)
  0x00007bdec7ba565c:   mov    $0xffffff6e,%esi
  0x00007bdec7ba5661:   xchg   %ax,%ax
  0x00007bdec7ba5663:   call   0x00007bdec7585ce0           ; ImmutableOopMap {rbp=Oop }
                                                            ;*if_icmpge {reexecute=1 rethrow=0 return_oop=0}
                                                            ; - (reexecute) java.lang.StringCoding::countNonZeroAsciiLatin1@10 (line 55)
                                                            ;   {runtime_call UncommonTrapBlob}
  0x00007bdec7ba5668:   nopl   0x2000260(%rax,%rax,1)       ;*ifgt {reexecute=0 rethrow=0 return_oop=0}
                                                            ; - java.lang.StringCoding::countNonZeroAsciiLatin1@17 (line 56)
                                                            ;   {post_call_nop}
  0x00007bdec7ba5670:   movabs $0x7bdec7ba5611,%r10         ;   {internal_word}
  0x00007bdec7ba567a:   mov    %r10,0x510(%r15)
  0x00007bdec7ba5681:   jmp    0x00007bdec74afb60           ;   {runtime_call SafepointBlob}
  0x00007bdec7ba5686:   call   Stub::method_entry_barrier_stub (stub gen)
                                                            ;   {runtime_call Stub::method_entry_barrier_stub (stub gen)}
  0x00007bdec7ba568b:   jmp    0x00007bdec7ba551a
[Stub Code]
  0x00007bdec7ba5690:   call   0x00007bdec74afe60           ;   {runtime_call DeoptimizationBlob}
[Deopt Handler Entry Point]
  0x00007bdec7ba5695:   jmp    0x00007bdec7ba5690
  0x00007bdec7ba5697:   hlt    
--------------------------------------------------------------------------------
[/Disassembly]
