
============================= C1-compiled nmethod ==============================
----------------------------------- Assembly -----------------------------------

Compiled method (c1) 404   29       3       jdk.internal.classfile.impl.RawBytecodeHelper::getU1Unchecked (13 bytes)
 total in heap  [0x000079e5c3fff008,0x000079e5c3fff288] = 640
 main code      [0x000079e5c3fff100,0x000079e5c3fff268] = 360
 stub code      [0x000079e5c3fff268,0x000079e5c3fff288] = 32
 mutable data [0x000079e568014e30,0x000079e568014e78] = 72
 relocation     [0x000079e568014e30,0x000079e568014e68] = 56
 metadata       [0x000079e568014e68,0x000079e568014e78] = 16
 immutable data [0x000079e568014d00,0x000079e568014e1c] = 284
 dependencies   [0x000079e568014d00,0x000079e568014d08] = 8
 nul chk table  [0x000079e568014d08,0x000079e568014d20] = 24
 scopes pcs     [0x000079e568014d20,0x000079e568014dd0] = 176
 scopes data    [0x000079e568014dd0,0x000079e568014e18] = 72

[Disassembly]
--------------------------------------------------------------------------------
[Constant Pool (empty)]

--------------------------------------------------------------------------------

[Instructions begin]
  0x000079e5c3fff100:   data16 data16 nopw 0x0(%rax,%rax,1)
  0x000079e5c3fff10b:   data16 data16 xchg %ax,%ax
  0x000079e5c3fff10f:   data16 xchg %ax,%ax
[Entry Point]
  # {method} {0x000000002534ca48} &apos;getU1Unchecked&apos; &apos;(I)I&apos; in &apos;jdk/internal/classfile/impl/RawBytecodeHelper&apos;
  # this:     rsi:rsi   = &apos;jdk/internal/classfile/impl/RawBytecodeHelper&apos;
  # parm0:    rdx       = int
  #           [sp+0x50]  (sp of caller)
  0x000079e5c3fff112:   mov    0x8(%rsi),%r10d
  0x000079e5c3fff116:   cmp    0x8(%rax),%r10d
  0x000079e5c3fff11a:   jne    0x000079e5cb4ad6e0           ;   {runtime_call ic_miss_blob (shared runtime)}
[Verified Entry Point]
  0x000079e5c3fff120:   mov    %eax,-0x14000(%rsp)
  0x000079e5c3fff127:   push   %rbp
  0x000079e5c3fff128:   sub    $0x40,%rsp
  0x000079e5c3fff12c:   cmpl   $0x1,0x20(%r15)
  0x000079e5c3fff134:   je     0x000079e5c3fff13b
  0x000079e5c3fff136:   call   Stub::method_entry_barrier_stub (stub gen)
                                                            ;   {runtime_call Stub::method_entry_barrier_stub (stub gen)}
  0x000079e5c3fff13b:   movabs $0x79e5800b9f18,%rax         ;   {metadata(method data for {method} {0x000000002534ca48} &apos;getU1Unchecked&apos; &apos;(I)I&apos; in &apos;jdk/internal/classfile/impl/RawBytecodeHelper&apos;)}
  0x000079e5c3fff145:   mov    0x90(%rax),%edi
  0x000079e5c3fff14b:   add    $0x2,%edi
  0x000079e5c3fff14e:   mov    %edi,0x90(%rax)
  0x000079e5c3fff154:   and    $0x7fe,%edi
  0x000079e5c3fff15a:   test   %edi,%edi
  0x000079e5c3fff15c:   je     0x000079e5c3fff1d1           ;*aload_0 {reexecute=0 rethrow=0 return_oop=0}
                                                            ; - jdk.internal.classfile.impl.RawBytecodeHelper::getU1Unchecked@0 (line 385)
  0x000079e5c3fff162:   mov    0x18(%rsi),%eax
  0x000079e5c3fff165:   shl    $0x3,%rax                    ;*getfield code {reexecute=0 rethrow=0 return_oop=0}
                                                            ; - jdk.internal.classfile.impl.RawBytecodeHelper::getU1Unchecked@1 (line 385)
  0x000079e5c3fff169:   mov    0x10(%rax),%eax              ; implicit exception: dispatches to 0x000079e5c3fff1f2
  0x000079e5c3fff16c:   shl    $0x3,%rax                    ;*getfield array {reexecute=0 rethrow=0 return_oop=0}
                                                            ; - jdk.internal.classfile.impl.RawBytecodeHelper::getU1Unchecked@4 (line 385)
  0x000079e5c3fff170:   mov    0xc(%rax),%esi               ; implicit exception: dispatches to 0x000079e5c3fff1f7
  0x000079e5c3fff173:   cmp    %edx,%esi
  0x000079e5c3fff175:   jbe    0x000079e5c3fff1fc
  0x000079e5c3fff17b:   movslq %edx,%rdx
  0x000079e5c3fff17e:   movsbl 0x10(%rax,%rdx,1),%eax       ;*baload {reexecute=0 rethrow=0 return_oop=0}
                                                            ; - jdk.internal.classfile.impl.RawBytecodeHelper::getU1Unchecked@8 (line 385)
  0x000079e5c3fff183:   movabs $0x79e5800b9f18,%rsi         ;   {metadata(method data for {method} {0x000000002534ca48} &apos;getU1Unchecked&apos; &apos;(I)I&apos; in &apos;jdk/internal/classfile/impl/RawBytecodeHelper&apos;)}
  0x000079e5c3fff18d:   addq   $0x1,0xd8(%rsi)
  0x000079e5c3fff195:   movabs $0x79e5800b9e28,%rsi         ;   {metadata(method data for {method} {0x000000002519fd88} &apos;toUnsignedInt&apos; &apos;(B)I&apos; in &apos;java/lang/Byte&apos;)}
  0x000079e5c3fff19f:   mov    0x90(%rsi),%edi
  0x000079e5c3fff1a5:   add    $0x2,%edi
  0x000079e5c3fff1a8:   mov    %edi,0x90(%rsi)
  0x000079e5c3fff1ae:   and    $0x1ffffe,%edi
  0x000079e5c3fff1b4:   test   %edi,%edi
  0x000079e5c3fff1b6:   je     0x000079e5c3fff20a
  0x000079e5c3fff1bc:   and    $0xff,%eax
  0x000079e5c3fff1c1:   add    $0x40,%rsp
  0x000079e5c3fff1c5:   pop    %rbp
  0x000079e5c3fff1c6:   cmp    0x28(%r15),%rsp              ;   {poll_return}
  0x000079e5c3fff1ca:   ja     0x000079e5c3fff228
  0x000079e5c3fff1d0:   ret    
  0x000079e5c3fff1d1:   movabs $0x2534ca48,%r10             ;   {metadata({method} {0x000000002534ca48} &apos;getU1Unchecked&apos; &apos;(I)I&apos; in &apos;jdk/internal/classfile/impl/RawBytecodeHelper&apos;)}
  0x000079e5c3fff1db:   mov    %r10,0x8(%rsp)
  0x000079e5c3fff1e0:   movq   $0xffffffffffffffff,(%rsp)
  0x000079e5c3fff1e8:   call   0x000079e5cb581860           ; ImmutableOopMap {rsi=Oop }
                                                            ;*synchronization entry
                                                            ; - jdk.internal.classfile.impl.RawBytecodeHelper::getU1Unchecked@-1 (line 385)
                                                            ;   {runtime_call counter_overflow_blob (C1 runtime)}
  0x000079e5c3fff1ed:   jmp    0x000079e5c3fff162
  0x000079e5c3fff1f2:   call   0x000079e5cb57b460           ; ImmutableOopMap {}
                                                            ;*getfield array {reexecute=1 rethrow=0 return_oop=0}
                                                            ; - (reexecute) jdk.internal.classfile.impl.RawBytecodeHelper::getU1Unchecked@4 (line 385)
                                                            ;   {runtime_call throw_null_pointer_exception_blob (C1 runtime)}
  0x000079e5c3fff1f7:   call   0x000079e5cb57b460           ; ImmutableOopMap {rax=Oop }
                                                            ;*baload {reexecute=0 rethrow=0 return_oop=0}
                                                            ; - jdk.internal.classfile.impl.RawBytecodeHelper::getU1Unchecked@8 (line 385)
                                                            ;   {runtime_call throw_null_pointer_exception_blob (C1 runtime)}
  0x000079e5c3fff1fc:   mov    %rdx,(%rsp)
  0x000079e5c3fff200:   mov    %rax,0x8(%rsp)
  0x000079e5c3fff205:   call   0x000079e5cb57ab60           ; ImmutableOopMap {rax=Oop }
                                                            ;*baload {reexecute=0 rethrow=0 return_oop=0}
                                                            ; - jdk.internal.classfile.impl.RawBytecodeHelper::getU1Unchecked@8 (line 385)
                                                            ;   {runtime_call throw_range_check_failed_blob (C1 runtime)}
  0x000079e5c3fff20a:   movabs $0x2519fd88,%r10             ;   {metadata({method} {0x000000002519fd88} &apos;toUnsignedInt&apos; &apos;(B)I&apos; in &apos;java/lang/Byte&apos;)}
  0x000079e5c3fff214:   mov    %r10,0x8(%rsp)
  0x000079e5c3fff219:   movq   $0xffffffffffffffff,(%rsp)
  0x000079e5c3fff221:   call   0x000079e5cb581860           ; ImmutableOopMap {}
                                                            ;*synchronization entry
                                                            ; - java.lang.Byte::toUnsignedInt@-1 (line 554)
                                                            ; - jdk.internal.classfile.impl.RawBytecodeHelper::getU1Unchecked@9 (line 385)
                                                            ;   {runtime_call counter_overflow_blob (C1 runtime)}
  0x000079e5c3fff226:   jmp    0x000079e5c3fff1bc
  0x000079e5c3fff228:   movabs $0x79e5c3fff1c6,%r10         ;   {internal_word}
  0x000079e5c3fff232:   mov    %r10,0x510(%r15)
  0x000079e5c3fff239:   jmp    0x000079e5cb4afb60           ;   {runtime_call SafepointBlob}
  0x000079e5c3fff23e:   mov    0x5c0(%r15),%rax
  0x000079e5c3fff245:   movq   $0x0,0x5c0(%r15)
  0x000079e5c3fff250:   movq   $0x0,0x5c8(%r15)
  0x000079e5c3fff25b:   add    $0x40,%rsp
  0x000079e5c3fff25f:   pop    %rbp
  0x000079e5c3fff260:   jmp    0x000079e5cb57a560           ;   {runtime_call unwind_exception_blob (C1 runtime)}
  0x000079e5c3fff265:   hlt    
  0x000079e5c3fff266:   hlt    
  0x000079e5c3fff267:   hlt    
[Exception Handler]
  0x000079e5c3fff268:   call   0x000079e5cb57db60           ;   {runtime_call handle_exception_from_callee_blob (C1 runtime)}
  0x000079e5c3fff26d:   movabs $0x79e5e493aec4,%rdi         ;   {external_word}
  0x000079e5c3fff277:   and    $0xfffffffffffffff0,%rsp
  0x000079e5c3fff27b:   call   0x000079e5e4391cc0           ;   {runtime_call MacroAssembler::debug64(char*, long, long*)}
  0x000079e5c3fff280:   hlt    
  0x000079e5c3fff281:   call   0x000079e5cb4afe60           ;   {runtime_call DeoptimizationBlob}
[Deopt Handler Entry Point]
  0x000079e5c3fff286:   jmp    0x000079e5c3fff281
--------------------------------------------------------------------------------
[/Disassembly]
