
============================= C1-compiled nmethod ==============================
----------------------------------- Assembly -----------------------------------

Compiled method (c1) 390   29       3       java.lang.String::&lt;init&gt; (37 bytes)
 total in heap  [0x00007be9e3fff008,0x00007be9e3fff2d0] = 712
 main code      [0x00007be9e3fff100,0x00007be9e3fff2b0] = 432
 stub code      [0x00007be9e3fff2b0,0x00007be9e3fff2d0] = 32
 mutable data [0x00007be98c014e70,0x00007be98c014eb0] = 64
 relocation     [0x00007be98c014e70,0x00007be98c014ea0] = 48
 metadata       [0x00007be98c014ea0,0x00007be98c014eb0] = 16
 immutable data [0x00007be98c014d00,0x00007be98c014e5c] = 348
 dependencies   [0x00007be98c014d00,0x00007be98c014d08] = 8
 nul chk table  [0x00007be98c014d08,0x00007be98c014d18] = 16
 scopes pcs     [0x00007be98c014d18,0x00007be98c014df8] = 224
 scopes data    [0x00007be98c014df8,0x00007be98c014e58] = 96

[Disassembly]
--------------------------------------------------------------------------------
[Constant Pool (empty)]

--------------------------------------------------------------------------------

[Instructions begin]
  0x00007be9e3fff100:   data16 data16 nopw 0x0(%rax,%rax,1)
  0x00007be9e3fff10b:   data16 data16 xchg %ax,%ax
  0x00007be9e3fff10f:   data16 xchg %ax,%ax
[Entry Point]
  # {method} {0x000000005b4a1ec0} &apos;&lt;init&gt;&apos; &apos;(Ljava/lang/String;)V&apos; in &apos;java/lang/String&apos;
  # this:     rsi:rsi   = &apos;java/lang/String&apos;
  # parm0:    rdx:rdx   = &apos;java/lang/String&apos;
  #           [sp+0x40]  (sp of caller)
  0x00007be9e3fff112:   mov    0x8(%rsi),%r10d
  0x00007be9e3fff116:   cmp    0x8(%rax),%r10d
  0x00007be9e3fff11a:   jne    0x00007be9eb4ad6e0           ;   {runtime_call ic_miss_blob (shared runtime)}
[Verified Entry Point]
  0x00007be9e3fff120:   mov    %eax,-0x14000(%rsp)
  0x00007be9e3fff127:   push   %rbp
  0x00007be9e3fff128:   sub    $0x30,%rsp
  0x00007be9e3fff12c:   cmpl   $0x1,0x20(%r15)
  0x00007be9e3fff134:   je     0x00007be9e3fff13b
  0x00007be9e3fff136:   call   Stub::method_entry_barrier_stub (stub gen)
                                                            ;   {runtime_call Stub::method_entry_barrier_stub (stub gen)}
  0x00007be9e3fff13b:   movabs $0x7be9980c1810,%rdi         ;   {metadata(method data for {method} {0x000000005b4a1ec0} &apos;&lt;init&gt;&apos; &apos;(Ljava/lang/String;)V&apos; in &apos;java/lang/String&apos;)}
  0x00007be9e3fff145:   mov    0x90(%rdi),%ebx
  0x00007be9e3fff14b:   add    $0x2,%ebx
  0x00007be9e3fff14e:   mov    %ebx,0x90(%rdi)
  0x00007be9e3fff154:   and    $0x7fe,%ebx
  0x00007be9e3fff15a:   test   %ebx,%ebx
  0x00007be9e3fff15c:   je     0x00007be9e3fff20a           ;*aload_0 {reexecute=0 rethrow=0 return_oop=0}
                                                            ; - java.lang.String::&lt;init&gt;@0 (line 295)
  0x00007be9e3fff162:   mov    %rsi,%rdi
  0x00007be9e3fff165:   movabs $0x7be9980c1810,%rbx         ;   {metadata(method data for {method} {0x000000005b4a1ec0} &apos;&lt;init&gt;&apos; &apos;(Ljava/lang/String;)V&apos; in &apos;java/lang/String&apos;)}
  0x00007be9e3fff16f:   addq   $0x1,0xd8(%rbx)
  0x00007be9e3fff177:   movabs $0x7be9980c1720,%rdi         ;   {metadata(method data for {method} {0x000000005b4a6d78} &apos;&lt;init&gt;&apos; &apos;()V&apos; in &apos;java/lang/Object&apos;)}
  0x00007be9e3fff181:   mov    0x90(%rdi),%ebx
  0x00007be9e3fff187:   add    $0x2,%ebx
  0x00007be9e3fff18a:   mov    %ebx,0x90(%rdi)
  0x00007be9e3fff190:   and    $0x1ffffe,%ebx
  0x00007be9e3fff196:   test   %ebx,%ebx
  0x00007be9e3fff198:   je     0x00007be9e3fff22b
  0x00007be9e3fff19e:   mov    0x14(%rdx),%edi              ; implicit exception: dispatches to 0x00007be9e3fff24c
  0x00007be9e3fff1a1:   shl    $0x3,%rdi                    ;*getfield value {reexecute=0 rethrow=0 return_oop=0}
                                                            ; - java.lang.String::&lt;init&gt;@6 (line 296)
  0x00007be9e3fff1a5:   movsbl 0x48(%r15),%ebx
  0x00007be9e3fff1aa:   test   %ebx,%ebx
  0x00007be9e3fff1ac:   jne    0x00007be9e3fff251
  0x00007be9e3fff1b2:   mov    %rdi,%r10
  0x00007be9e3fff1b5:   shr    $0x3,%r10
  0x00007be9e3fff1b9:   mov    %r10d,0x14(%rsi)
  0x00007be9e3fff1bd:   mov    %rsi,%rax
  0x00007be9e3fff1c0:   xor    %rdi,%rax
  0x00007be9e3fff1c3:   shr    $0x17,%rax
  0x00007be9e3fff1c7:   je     0x00007be9e3fff1e1
  0x00007be9e3fff1c9:   test   %rdi,%rdi
  0x00007be9e3fff1cc:   je     0x00007be9e3fff1e1
  0x00007be9e3fff1ce:   mov    %rsi,%rax
  0x00007be9e3fff1d1:   shr    $0x9,%rax
  0x00007be9e3fff1d5:   add    0x50(%r15),%rax
  0x00007be9e3fff1d9:   cmpb   $0xff,(%rax)
  0x00007be9e3fff1dc:   jne    0x00007be9e3fff1e1
  0x00007be9e3fff1de:   movb   $0x0,(%rax)                  ;*putfield value {reexecute=0 rethrow=0 return_oop=0}
                                                            ; - java.lang.String::&lt;init&gt;@9 (line 296)
  0x00007be9e3fff1e1:   movsbl 0x10(%rdx),%edi              ;*getfield coder {reexecute=0 rethrow=0 return_oop=0}
                                                            ; - java.lang.String::&lt;init&gt;@14 (line 297)
  0x00007be9e3fff1e5:   mov    %dil,0x10(%rsi)              ;*putfield coder {reexecute=0 rethrow=0 return_oop=0}
                                                            ; - java.lang.String::&lt;init&gt;@17 (line 297)
  0x00007be9e3fff1e9:   mov    0xc(%rdx),%edi               ;*getfield hash {reexecute=0 rethrow=0 return_oop=0}
                                                            ; - java.lang.String::&lt;init&gt;@22 (line 298)
  0x00007be9e3fff1ec:   mov    %edi,0xc(%rsi)               ;*putfield hash {reexecute=0 rethrow=0 return_oop=0}
                                                            ; - java.lang.String::&lt;init&gt;@25 (line 298)
  0x00007be9e3fff1ef:   movsbl 0x11(%rdx),%edi              ;*getfield hashIsZero {reexecute=0 rethrow=0 return_oop=0}
                                                            ; - java.lang.String::&lt;init&gt;@30 (line 299)
  0x00007be9e3fff1f3:   and    $0x1,%edi
  0x00007be9e3fff1f6:   mov    %dil,0x11(%rsi)              ;*putfield hashIsZero {reexecute=0 rethrow=0 return_oop=0}
                                                            ; - java.lang.String::&lt;init&gt;@33 (line 299)
  0x00007be9e3fff1fa:   add    $0x30,%rsp
  0x00007be9e3fff1fe:   pop    %rbp
  0x00007be9e3fff1ff:   cmp    0x28(%r15),%rsp              ;   {poll_return}
  0x00007be9e3fff203:   ja     0x00007be9e3fff26f
  0x00007be9e3fff209:   ret    
  0x00007be9e3fff20a:   movabs $0x5b4a1ec0,%r10             ;   {metadata({method} {0x000000005b4a1ec0} &apos;&lt;init&gt;&apos; &apos;(Ljava/lang/String;)V&apos; in &apos;java/lang/String&apos;)}
  0x00007be9e3fff214:   mov    %r10,0x8(%rsp)
  0x00007be9e3fff219:   movq   $0xffffffffffffffff,(%rsp)
  0x00007be9e3fff221:   call   0x00007be9eb581860           ; ImmutableOopMap {rsi=Oop rdx=Oop }
                                                            ;*synchronization entry
                                                            ; - java.lang.String::&lt;init&gt;@-1 (line 295)
                                                            ;   {runtime_call counter_overflow_blob (C1 runtime)}
  0x00007be9e3fff226:   jmp    0x00007be9e3fff162
  0x00007be9e3fff22b:   movabs $0x5b4a6d78,%r10             ;   {metadata({method} {0x000000005b4a6d78} &apos;&lt;init&gt;&apos; &apos;()V&apos; in &apos;java/lang/Object&apos;)}
  0x00007be9e3fff235:   mov    %r10,0x8(%rsp)
  0x00007be9e3fff23a:   movq   $0xffffffffffffffff,(%rsp)
  0x00007be9e3fff242:   call   0x00007be9eb581860           ; ImmutableOopMap {rsi=Oop rdx=Oop }
                                                            ;*synchronization entry
                                                            ; - java.lang.Object::&lt;init&gt;@-1 (line 46)
                                                            ; - java.lang.String::&lt;init&gt;@1 (line 295)
                                                            ;   {runtime_call counter_overflow_blob (C1 runtime)}
  0x00007be9e3fff247:   jmp    0x00007be9e3fff19e
  0x00007be9e3fff24c:   call   0x00007be9eb57b460           ; ImmutableOopMap {rsi=Oop rdx=Oop }
                                                            ;*getfield value {reexecute=1 rethrow=0 return_oop=0}
                                                            ; - (reexecute) java.lang.String::&lt;init&gt;@6 (line 296)
                                                            ;   {runtime_call throw_null_pointer_exception_blob (C1 runtime)}
  0x00007be9e3fff251:   mov    0x14(%rsi),%ebx
  0x00007be9e3fff254:   shl    $0x3,%rbx
  0x00007be9e3fff258:   test   %rbx,%rbx
  0x00007be9e3fff25b:   je     0x00007be9e3fff1b2
  0x00007be9e3fff261:   mov    %rbx,(%rsp)
  0x00007be9e3fff265:   call   0x00007be9eb581e60           ;   {runtime_call g1_pre_barrier_slow}
  0x00007be9e3fff26a:   jmp    0x00007be9e3fff1b2
  0x00007be9e3fff26f:   movabs $0x7be9e3fff1ff,%r10         ;   {internal_word}
  0x00007be9e3fff279:   mov    %r10,0x510(%r15)
  0x00007be9e3fff280:   jmp    0x00007be9eb4afb60           ;   {runtime_call SafepointBlob}
  0x00007be9e3fff285:   mov    0x5c0(%r15),%rax
  0x00007be9e3fff28c:   movq   $0x0,0x5c0(%r15)
  0x00007be9e3fff297:   movq   $0x0,0x5c8(%r15)
  0x00007be9e3fff2a2:   add    $0x30,%rsp
  0x00007be9e3fff2a6:   pop    %rbp
  0x00007be9e3fff2a7:   jmp    0x00007be9eb57a560           ;   {runtime_call unwind_exception_blob (C1 runtime)}
  0x00007be9e3fff2ac:   hlt    
  0x00007be9e3fff2ad:   hlt    
  0x00007be9e3fff2ae:   hlt    
  0x00007be9e3fff2af:   hlt    
[Exception Handler]
  0x00007be9e3fff2b0:   call   0x00007be9eb57db60           ;   {runtime_call handle_exception_from_callee_blob (C1 runtime)}
  0x00007be9e3fff2b5:   movabs $0x7bea0353aec4,%rdi         ;   {external_word}
  0x00007be9e3fff2bf:   and    $0xfffffffffffffff0,%rsp
  0x00007be9e3fff2c3:   call   0x00007bea02f91cc0           ;   {runtime_call MacroAssembler::debug64(char*, long, long*)}
  0x00007be9e3fff2c8:   hlt    
  0x00007be9e3fff2c9:   call   0x00007be9eb4afe60           ;   {runtime_call DeoptimizationBlob}
[Deopt Handler Entry Point]
  0x00007be9e3fff2ce:   jmp    0x00007be9e3fff2c9
--------------------------------------------------------------------------------
[/Disassembly]
