
============================= C1-compiled nmethod ==============================
----------------------------------- Assembly -----------------------------------

Compiled method (c1) 399   29       3       java.util.ArrayList$Itr::&lt;init&gt; (31 bytes)
 total in heap  [0x00007b0be3fff008,0x00007b0be3fff410] = 1032
 main code      [0x00007b0be3fff100,0x00007b0be3fff3e0] = 736
 stub code      [0x00007b0be3fff3e0,0x00007b0be3fff410] = 48
 mutable data [0x00007b0b8c015050,0x00007b0b8c0150c8] = 120
 relocation     [0x00007b0b8c015050,0x00007b0b8c0150a8] = 88
 metadata       [0x00007b0b8c0150a8,0x00007b0b8c0150c8] = 32
 immutable data [0x00007b0b8c014e50,0x00007b0b8c015044] = 500
 dependencies   [0x00007b0b8c014e50,0x00007b0b8c014e60] = 16
 nul chk table  [0x00007b0b8c014e60,0x00007b0b8c014e70] = 16
 scopes pcs     [0x00007b0b8c014e70,0x00007b0b8c014fa0] = 304
 scopes data    [0x00007b0b8c014fa0,0x00007b0b8c015040] = 160

[Disassembly]
--------------------------------------------------------------------------------
[Constant Pool (empty)]

--------------------------------------------------------------------------------

[Instructions begin]
  0x00007b0be3fff100:   data16 data16 nopw 0x0(%rax,%rax,1)
  0x00007b0be3fff10b:   data16 data16 xchg %ax,%ax
  0x00007b0be3fff10f:   data16 xchg %ax,%ax
[Entry Point]
  # {method} {0x00000000972b1b08} &apos;&lt;init&gt;&apos; &apos;(Ljava/util/ArrayList;)V&apos; in &apos;java/util/ArrayList$Itr&apos;
  # this:     rsi:rsi   = &apos;java/util/ArrayList$Itr&apos;
  # parm0:    rdx:rdx   = &apos;java/util/ArrayList&apos;
  #           [sp+0x70]  (sp of caller)
  0x00007b0be3fff112:   mov    0x8(%rsi),%r10d
  0x00007b0be3fff116:   cmp    0x8(%rax),%r10d
  0x00007b0be3fff11a:   jne    0x00007b0beb4ad6e0           ;   {runtime_call ic_miss_blob (shared runtime)}
[Verified Entry Point]
  0x00007b0be3fff120:   mov    %eax,-0x14000(%rsp)
  0x00007b0be3fff127:   push   %rbp
  0x00007b0be3fff128:   sub    $0x60,%rsp
  0x00007b0be3fff12c:   cmpl   $0x1,0x20(%r15)
  0x00007b0be3fff134:   je     0x00007b0be3fff13b
  0x00007b0be3fff136:   call   Stub::method_entry_barrier_stub (stub gen)
                                                            ;   {runtime_call Stub::method_entry_barrier_stub (stub gen)}
  0x00007b0be3fff13b:   movabs $0x7b0b9c0e07a8,%rdi         ;   {metadata(method data for {method} {0x00000000972b1b08} &apos;&lt;init&gt;&apos; &apos;(Ljava/util/ArrayList;)V&apos; in &apos;java/util/ArrayList$Itr&apos;)}
  0x00007b0be3fff145:   mov    0x90(%rdi),%eax
  0x00007b0be3fff14b:   add    $0x2,%eax
  0x00007b0be3fff14e:   mov    %eax,0x90(%rdi)
  0x00007b0be3fff154:   and    $0x7fe,%eax
  0x00007b0be3fff159:   test   %eax,%eax
  0x00007b0be3fff15b:   je     0x00007b0be3fff2f6           ;*aload_0 {reexecute=0 rethrow=0 return_oop=0}
                                                            ; - java.util.ArrayList$Itr::&lt;init&gt;@0 (line 1050)
  0x00007b0be3fff161:   movabs $0x7b0b9c0e07a8,%rdi         ;   {metadata(method data for {method} {0x00000000972b1b08} &apos;&lt;init&gt;&apos; &apos;(Ljava/util/ArrayList;)V&apos; in &apos;java/util/ArrayList$Itr&apos;)}
  0x00007b0be3fff16b:   addq   $0x1,0xd8(%rdi)
  0x00007b0be3fff173:   movabs $0x7b0b9c0e0558,%rdi         ;   {metadata(method data for {method} {0x000000009721efa0} &apos;requireNonNull&apos; &apos;(Ljava/lang/Object;)Ljava/lang/Object;&apos; in &apos;java/util/Objects&apos;)}
  0x00007b0be3fff17d:   mov    0x90(%rdi),%eax
  0x00007b0be3fff183:   add    $0x2,%eax
  0x00007b0be3fff186:   mov    %eax,0x90(%rdi)
  0x00007b0be3fff18c:   and    $0x1ffffe,%eax
  0x00007b0be3fff191:   test   %eax,%eax
  0x00007b0be3fff193:   je     0x00007b0be3fff317
  0x00007b0be3fff199:   test   %rdx,%rdx
  0x00007b0be3fff19c:   movabs $0x7b0b9c0e0558,%rdi         ;   {metadata(method data for {method} {0x000000009721efa0} &apos;requireNonNull&apos; &apos;(Ljava/lang/Object;)Ljava/lang/Object;&apos; in &apos;java/util/Objects&apos;)}
  0x00007b0be3fff1a6:   mov    $0xe8,%eax
  0x00007b0be3fff1ab:   je     0x00007b0be3fff1b2
  0x00007b0be3fff1ad:   mov    $0xd8,%eax
  0x00007b0be3fff1b2:   mov    (%rdi,%rax,1),%rcx
  0x00007b0be3fff1b6:   lea    0x1(%rcx),%rcx
  0x00007b0be3fff1ba:   mov    %rcx,(%rdi,%rax,1)
  0x00007b0be3fff1be:   je     0x00007b0be3fff258           ;*ifnonnull {reexecute=0 rethrow=0 return_oop=0}
                                                            ; - java.util.Objects::requireNonNull@1 (line 219)
                                                            ; - java.util.ArrayList$Itr::&lt;init&gt;@3 (line 1050)
  0x00007b0be3fff1c4:   movsbl 0x48(%r15),%edi
  0x00007b0be3fff1c9:   test   %edi,%edi
  0x00007b0be3fff1cb:   jne    0x00007b0be3fff338
  0x00007b0be3fff1d1:   mov    %rdx,%r10
  0x00007b0be3fff1d4:   shr    $0x3,%r10
  0x00007b0be3fff1d8:   mov    %r10d,0x18(%rsi)
  0x00007b0be3fff1dc:   mov    %rsi,%rax
  0x00007b0be3fff1df:   xor    %rdx,%rax
  0x00007b0be3fff1e2:   shr    $0x17,%rax
  0x00007b0be3fff1e6:   je     0x00007b0be3fff200
  0x00007b0be3fff1e8:   test   %rdx,%rdx
  0x00007b0be3fff1eb:   je     0x00007b0be3fff200
  0x00007b0be3fff1ed:   mov    %rsi,%rax
  0x00007b0be3fff1f0:   shr    $0x9,%rax
  0x00007b0be3fff1f4:   add    0x50(%r15),%rax
  0x00007b0be3fff1f8:   cmpb   $0xff,(%rax)
  0x00007b0be3fff1fb:   jne    0x00007b0be3fff200
  0x00007b0be3fff1fd:   movb   $0x0,(%rax)                  ;*putfield this$0 {reexecute=0 rethrow=0 return_oop=0}
                                                            ; - java.util.ArrayList$Itr::&lt;init&gt;@7 (line 1050)
  0x00007b0be3fff200:   mov    %rsi,%rdi
  0x00007b0be3fff203:   movabs $0x7b0b9c0e07a8,%rax         ;   {metadata(method data for {method} {0x00000000972b1b08} &apos;&lt;init&gt;&apos; &apos;(Ljava/util/ArrayList;)V&apos; in &apos;java/util/ArrayList$Itr&apos;)}
  0x00007b0be3fff20d:   addq   $0x1,0xe8(%rax)
  0x00007b0be3fff215:   movabs $0x7b0b9c0e0468,%rdi         ;   {metadata(method data for {method} {0x00000000974a6d78} &apos;&lt;init&gt;&apos; &apos;()V&apos; in &apos;java/lang/Object&apos;)}
  0x00007b0be3fff21f:   mov    0x90(%rdi),%eax
  0x00007b0be3fff225:   add    $0x2,%eax
  0x00007b0be3fff228:   mov    %eax,0x90(%rdi)
  0x00007b0be3fff22e:   and    $0x1ffffe,%eax
  0x00007b0be3fff233:   test   %eax,%eax
  0x00007b0be3fff235:   je     0x00007b0be3fff356
  0x00007b0be3fff23b:   movl   $0xffffffff,0x10(%rsi)       ;*putfield lastRet {reexecute=0 rethrow=0 return_oop=0}
                                                            ; - java.util.ArrayList$Itr::&lt;init&gt;@16 (line 1046)
  0x00007b0be3fff242:   mov    0xc(%rdx),%edx               ; implicit exception: dispatches to 0x00007b0be3fff377
                                                            ;*getfield modCount {reexecute=0 rethrow=0 return_oop=0}
                                                            ; - java.util.ArrayList$Itr::&lt;init&gt;@24 (line 1047)
  0x00007b0be3fff245:   mov    %edx,0x14(%rsi)              ;*putfield expectedModCount {reexecute=0 rethrow=0 return_oop=0}
                                                            ; - java.util.ArrayList$Itr::&lt;init&gt;@27 (line 1047)
  0x00007b0be3fff248:   add    $0x60,%rsp
  0x00007b0be3fff24c:   pop    %rbp
  0x00007b0be3fff24d:   cmp    0x28(%r15),%rsp              ;   {poll_return}
  0x00007b0be3fff251:   ja     0x00007b0be3fff37c
  0x00007b0be3fff257:   ret                                 ;*return {reexecute=0 rethrow=0 return_oop=0}
                                                            ; - java.util.ArrayList$Itr::&lt;init&gt;@30 (line 1050)
  0x00007b0be3fff258:   mov    %rdx,0x48(%rsp)
  0x00007b0be3fff25d:   mov    %rsi,0x40(%rsp)
  0x00007b0be3fff262:   nopw   0x0(%rax,%rax,1)
  0x00007b0be3fff268:   jmp    0x00007b0be3fff3a1           ;   {other}
  0x00007b0be3fff26d:   add    %al,(%rax)
  0x00007b0be3fff26f:   add    %al,(%rax)
  0x00007b0be3fff271:   add    %cl,-0x75(%rcx)
  0x00007b0be3fff274:   xchg   %esi,0x48000001(%rax)
  0x00007b0be3fff27a:   lea    0x30(%rax),%edi
  0x00007b0be3fff27d:   cmp    0x1c0(%r15),%rdi
  0x00007b0be3fff284:   ja     0x00007b0be3fff3ab
  0x00007b0be3fff28a:   mov    %rdi,0x1b0(%r15)
  0x00007b0be3fff291:   movq   $0x1,(%rax)
  0x00007b0be3fff298:   mov    %rdx,%rcx
  0x00007b0be3fff29b:   mov    $0x97000000,%r10d
  0x00007b0be3fff2a1:   sub    %r10,%rcx
  0x00007b0be3fff2a4:   mov    %ecx,0x8(%rax)
  0x00007b0be3fff2a7:   xor    %rcx,%rcx
  0x00007b0be3fff2aa:   mov    %ecx,0xc(%rax)
  0x00007b0be3fff2ad:   xor    %rcx,%rcx
  0x00007b0be3fff2b0:   mov    %rcx,0x10(%rax)
  0x00007b0be3fff2b4:   mov    %rcx,0x18(%rax)
  0x00007b0be3fff2b8:   mov    %rcx,0x20(%rax)
  0x00007b0be3fff2bc:   mov    %rcx,0x28(%rax)              ;*new {reexecute=0 rethrow=0 return_oop=0}
                                                            ; - java.util.Objects::requireNonNull@4 (line 220)
                                                            ; - java.util.ArrayList$Itr::&lt;init&gt;@3 (line 1050)
  0x00007b0be3fff2c0:   mov    %rax,%rsi
  0x00007b0be3fff2c3:   movabs $0x7b0b9c0e0558,%rdi         ;   {metadata(method data for {method} {0x000000009721efa0} &apos;requireNonNull&apos; &apos;(Ljava/lang/Object;)Ljava/lang/Object;&apos; in &apos;java/util/Objects&apos;)}
  0x00007b0be3fff2cd:   addq   $0x1,0xf8(%rdi)
  0x00007b0be3fff2d5:   mov    %rax,%rsi                    ;*invokespecial &lt;init&gt; {reexecute=0 rethrow=0 return_oop=0}
                                                            ; - java.util.Objects::requireNonNull@8 (line 220)
                                                            ; - java.util.ArrayList$Itr::&lt;init&gt;@3 (line 1050)
  0x00007b0be3fff2d8:   mov    %rax,0x38(%rsp)
  0x00007b0be3fff2dd:   xchg   %ax,%ax
  0x00007b0be3fff2df:   call   0x00007b0beb4ad9e0           ; ImmutableOopMap {[56]=Oop [64]=Oop [72]=Oop }
                                                            ;*invokespecial &lt;init&gt; {reexecute=0 rethrow=0 return_oop=0}
                                                            ; - java.util.Objects::requireNonNull@8 (line 220)
                                                            ; - java.util.ArrayList$Itr::&lt;init&gt;@3 (line 1050)
                                                            ;   {optimized virtual_call}
  0x00007b0be3fff2e4:   nopl   0x2dc(%rax,%rax,1)           ;*invokespecial &lt;init&gt; {reexecute=0 rethrow=0 return_oop=0}
                                                            ; - java.util.Objects::requireNonNull@8 (line 220)
                                                            ; - java.util.ArrayList$Itr::&lt;init&gt;@3 (line 1050)
                                                            ;   {post_call_nop}
  0x00007b0be3fff2ec:   mov    0x38(%rsp),%rax
  0x00007b0be3fff2f1:   jmp    0x00007b0be3fff3d5
  0x00007b0be3fff2f6:   movabs $0x972b1b08,%r10             ;   {metadata({method} {0x00000000972b1b08} &apos;&lt;init&gt;&apos; &apos;(Ljava/util/ArrayList;)V&apos; in &apos;java/util/ArrayList$Itr&apos;)}
  0x00007b0be3fff300:   mov    %r10,0x8(%rsp)
  0x00007b0be3fff305:   movq   $0xffffffffffffffff,(%rsp)
  0x00007b0be3fff30d:   call   0x00007b0beb581860           ; ImmutableOopMap {rsi=Oop rdx=Oop }
                                                            ;*synchronization entry
                                                            ; - java.util.ArrayList$Itr::&lt;init&gt;@-1 (line 1050)
                                                            ;   {runtime_call counter_overflow_blob (C1 runtime)}
  0x00007b0be3fff312:   jmp    0x00007b0be3fff161
  0x00007b0be3fff317:   movabs $0x9721efa0,%r10             ;   {metadata({method} {0x000000009721efa0} &apos;requireNonNull&apos; &apos;(Ljava/lang/Object;)Ljava/lang/Object;&apos; in &apos;java/util/Objects&apos;)}
  0x00007b0be3fff321:   mov    %r10,0x8(%rsp)
  0x00007b0be3fff326:   movq   $0xffffffffffffffff,(%rsp)
  0x00007b0be3fff32e:   call   0x00007b0beb581860           ; ImmutableOopMap {rsi=Oop rdx=Oop }
                                                            ;*synchronization entry
                                                            ; - java.util.Objects::requireNonNull@-1 (line 219)
                                                            ; - java.util.ArrayList$Itr::&lt;init&gt;@3 (line 1050)
                                                            ;   {runtime_call counter_overflow_blob (C1 runtime)}
  0x00007b0be3fff333:   jmp    0x00007b0be3fff199
  0x00007b0be3fff338:   mov    0x18(%rsi),%edi
  0x00007b0be3fff33b:   shl    $0x3,%rdi
  0x00007b0be3fff33f:   test   %rdi,%rdi
  0x00007b0be3fff342:   je     0x00007b0be3fff1d1
  0x00007b0be3fff348:   mov    %rdi,(%rsp)
  0x00007b0be3fff34c:   call   0x00007b0beb581e60           ;   {runtime_call g1_pre_barrier_slow}
  0x00007b0be3fff351:   jmp    0x00007b0be3fff1d1
  0x00007b0be3fff356:   movabs $0x974a6d78,%r10             ;   {metadata({method} {0x00000000974a6d78} &apos;&lt;init&gt;&apos; &apos;()V&apos; in &apos;java/lang/Object&apos;)}
  0x00007b0be3fff360:   mov    %r10,0x8(%rsp)
  0x00007b0be3fff365:   movq   $0xffffffffffffffff,(%rsp)
  0x00007b0be3fff36d:   call   0x00007b0beb581860           ; ImmutableOopMap {rsi=Oop rdx=Oop }
                                                            ;*synchronization entry
                                                            ; - java.lang.Object::&lt;init&gt;@-1 (line 46)
                                                            ; - java.util.ArrayList$Itr::&lt;init&gt;@11 (line 1050)
                                                            ;   {runtime_call counter_overflow_blob (C1 runtime)}
  0x00007b0be3fff372:   jmp    0x00007b0be3fff23b
  0x00007b0be3fff377:   call   0x00007b0beb57b460           ; ImmutableOopMap {rsi=Oop }
                                                            ;*getfield modCount {reexecute=1 rethrow=0 return_oop=0}
                                                            ; - (reexecute) java.util.ArrayList$Itr::&lt;init&gt;@24 (line 1047)
                                                            ;   {runtime_call throw_null_pointer_exception_blob (C1 runtime)}
  0x00007b0be3fff37c:   movabs $0x7b0be3fff24d,%r10         ;   {internal_word}
  0x00007b0be3fff386:   mov    %r10,0x510(%r15)
  0x00007b0be3fff38d:   jmp    0x00007b0beb4afb60           ;   {runtime_call SafepointBlob}
  0x00007b0be3fff392:   movabs $0x0,%rdx                    ;   {metadata(nullptr)}
  0x00007b0be3fff39c:   mov    $0xa050f00,%eax
  0x00007b0be3fff3a1:   call   0x00007b0beb580960           ; ImmutableOopMap {[64]=Oop [72]=Oop }
                                                            ;*new {reexecute=1 rethrow=0 return_oop=0}
                                                            ; - (reexecute) java.util.Objects::requireNonNull@4 (line 220)
                                                            ; - java.util.ArrayList$Itr::&lt;init&gt;@3 (line 1050)
                                                            ;   {runtime_call load_klass_patching_blob (C1 runtime)}
  0x00007b0be3fff3a6:   jmp    0x00007b0be3fff268
  0x00007b0be3fff3ab:   mov    %rdx,%rdx
  0x00007b0be3fff3ae:   call   0x00007b0beb57c1e0           ; ImmutableOopMap {[64]=Oop [72]=Oop }
                                                            ;*new {reexecute=0 rethrow=0 return_oop=0}
                                                            ; - java.util.Objects::requireNonNull@4 (line 220)
                                                            ; - java.util.ArrayList$Itr::&lt;init&gt;@3 (line 1050)
                                                            ;   {runtime_call fast_new_instance_blob (C1 runtime)}
  0x00007b0be3fff3b3:   jmp    0x00007b0be3fff2c0
  0x00007b0be3fff3b8:   mov    0x5c0(%r15),%rax
  0x00007b0be3fff3bf:   movq   $0x0,0x5c0(%r15)
  0x00007b0be3fff3ca:   movq   $0x0,0x5c8(%r15)
  0x00007b0be3fff3d5:   add    $0x60,%rsp
  0x00007b0be3fff3d9:   pop    %rbp
  0x00007b0be3fff3da:   jmp    0x00007b0beb57a560           ;   {runtime_call unwind_exception_blob (C1 runtime)}
  0x00007b0be3fff3df:   hlt    
[Stub Code]
  0x00007b0be3fff3e0:   movabs $0x0,%rbx                    ;   {static_stub}
  0x00007b0be3fff3ea:   jmp    0x00007b0be3fff3ea           ;   {runtime_call nmethod}
[Exception Handler]
  0x00007b0be3fff3ef:   call   0x00007b0beb57db60           ;   {runtime_call handle_exception_from_callee_blob (C1 runtime)}
  0x00007b0be3fff3f4:   movabs $0x7b0c0393aec4,%rdi         ;   {external_word}
  0x00007b0be3fff3fe:   and    $0xfffffffffffffff0,%rsp
  0x00007b0be3fff402:   call   0x00007b0c03391cc0           ;   {runtime_call MacroAssembler::debug64(char*, long, long*)}
  0x00007b0be3fff407:   hlt    
  0x00007b0be3fff408:   call   0x00007b0beb4afe60           ;   {runtime_call DeoptimizationBlob}
[Deopt Handler Entry Point]
  0x00007b0be3fff40d:   jmp    0x00007b0be3fff408
  0x00007b0be3fff40f:   hlt    
--------------------------------------------------------------------------------
[/Disassembly]
