
============================= C1-compiled nmethod ==============================
----------------------------------- Assembly -----------------------------------

Compiled method (c1) 407   29       3       jdk.internal.access.SharedSecrets::getJavaLangAccess (4 bytes)
 total in heap  [0x000073e6a3fff008,0x000073e6a3fff1d8] = 464
 main code      [0x000073e6a3fff100,0x000073e6a3fff1b8] = 184
 stub code      [0x000073e6a3fff1b8,0x000073e6a3fff1d8] = 32
 mutable data [0x000073e64c014d10,0x000073e64c014d40] = 48
 relocation     [0x000073e64c014d10,0x000073e64c014d38] = 40
 metadata       [0x000073e64c014d38,0x000073e64c014d40] = 8
 immutable data [0x000073e64c014ca0,0x000073e64c014cfc] = 92
 dependencies   [0x000073e64c014ca0,0x000073e64c014ca8] = 8
 scopes pcs     [0x000073e64c014ca8,0x000073e64c014ce8] = 64
 scopes data    [0x000073e64c014ce8,0x000073e64c014cf8] = 16

[Disassembly]
--------------------------------------------------------------------------------
[Constant Pool (empty)]

--------------------------------------------------------------------------------

[Verified Entry Point]
  # {method} {0x00000000a04a65b8} &apos;getJavaLangAccess&apos; &apos;()Ljdk/internal/access/JavaLangAccess;&apos; in &apos;jdk/internal/access/SharedSecrets&apos;
  #           [sp+0x30]  (sp of caller)
  0x000073e6a3fff100:   mov    %eax,-0x14000(%rsp)
  0x000073e6a3fff107:   push   %rbp
  0x000073e6a3fff108:   sub    $0x20,%rsp
  0x000073e6a3fff10c:   cmpl   $0x1,0x20(%r15)
  0x000073e6a3fff114:   je     0x000073e6a3fff11b
  0x000073e6a3fff116:   call   Stub::method_entry_barrier_stub (stub gen)
                                                            ;   {runtime_call Stub::method_entry_barrier_stub (stub gen)}
  0x000073e6a3fff11b:   movabs $0x73e65812cd70,%rax         ;   {metadata(method data for {method} {0x00000000a04a65b8} &apos;getJavaLangAccess&apos; &apos;()Ljdk/internal/access/JavaLangAccess;&apos; in &apos;jdk/internal/access/SharedSecrets&apos;)}
  0x000073e6a3fff125:   mov    0x90(%rax),%esi
  0x000073e6a3fff12b:   add    $0x2,%esi
  0x000073e6a3fff12e:   mov    %esi,0x90(%rax)
  0x000073e6a3fff134:   and    $0x7fe,%esi
  0x000073e6a3fff13a:   test   %esi,%esi
  0x000073e6a3fff13c:   je     0x000073e6a3fff15c           ;*getstatic javaLangAccess {reexecute=0 rethrow=0 return_oop=0}
                                                            ; - jdk.internal.access.SharedSecrets::getJavaLangAccess@0 (line 173)
  0x000073e6a3fff142:   movabs $0x41f801548,%rax            ;   {oop(a &apos;java/lang/System$1&apos;{0x000000041f801548})}
  0x000073e6a3fff14c:   add    $0x20,%rsp
  0x000073e6a3fff150:   pop    %rbp
  0x000073e6a3fff151:   cmp    0x28(%r15),%rsp              ;   {poll_return}
  0x000073e6a3fff155:   ja     0x000073e6a3fff17a
  0x000073e6a3fff15b:   ret    
  0x000073e6a3fff15c:   movabs $0xa04a65b8,%r10             ;   {metadata({method} {0x00000000a04a65b8} &apos;getJavaLangAccess&apos; &apos;()Ljdk/internal/access/JavaLangAccess;&apos; in &apos;jdk/internal/access/SharedSecrets&apos;)}
  0x000073e6a3fff166:   mov    %r10,0x8(%rsp)
  0x000073e6a3fff16b:   movq   $0xffffffffffffffff,(%rsp)
  0x000073e6a3fff173:   call   0x000073e6ab5826e0           ; ImmutableOopMap {}
                                                            ;*synchronization entry
                                                            ; - jdk.internal.access.SharedSecrets::getJavaLangAccess@-1 (line 173)
                                                            ;   {runtime_call counter_overflow_blob (C1 runtime)}
  0x000073e6a3fff178:   jmp    0x000073e6a3fff142
  0x000073e6a3fff17a:   movabs $0x73e6a3fff151,%r10         ;   {internal_word}
  0x000073e6a3fff184:   mov    %r10,0x510(%r15)
  0x000073e6a3fff18b:   jmp    0x000073e6ab4afb60           ;   {runtime_call SafepointBlob}
  0x000073e6a3fff190:   mov    0x5c0(%r15),%rax
  0x000073e6a3fff197:   movq   $0x0,0x5c0(%r15)
  0x000073e6a3fff1a2:   movq   $0x0,0x5c8(%r15)
  0x000073e6a3fff1ad:   add    $0x20,%rsp
  0x000073e6a3fff1b1:   pop    %rbp
  0x000073e6a3fff1b2:   jmp    0x000073e6ab57b760           ;   {runtime_call unwind_exception_blob (C1 runtime)}
  0x000073e6a3fff1b7:   hlt    
[Exception Handler]
  0x000073e6a3fff1b8:   call   0x000073e6ab57e8e0           ;   {runtime_call handle_exception_from_callee_blob (C1 runtime)}
  0x000073e6a3fff1bd:   movabs $0x73e6c553aec4,%rdi         ;   {external_word}
  0x000073e6a3fff1c7:   and    $0xfffffffffffffff0,%rsp
  0x000073e6a3fff1cb:   call   0x000073e6c4f91cc0           ;   {runtime_call MacroAssembler::debug64(char*, long, long*)}
  0x000073e6a3fff1d0:   hlt    
  0x000073e6a3fff1d1:   call   0x000073e6ab4afe60           ;   {runtime_call DeoptimizationBlob}
[Deopt Handler Entry Point]
  0x000073e6a3fff1d6:   jmp    0x000073e6a3fff1d1
--------------------------------------------------------------------------------
[/Disassembly]
