
============================= C1-compiled nmethod ==============================
----------------------------------- Assembly -----------------------------------

Compiled method (c1) 389   29       1       java.lang.Class::getAnnotationType (5 bytes)
 total in heap  [0x000078ece7ba5408,0x000078ece7ba55b0] = 424
 main code      [0x000078ece7ba5500,0x000078ece7ba5590] = 144
 stub code      [0x000078ece7ba5590,0x000078ece7ba55b0] = 32
 mutable data [0x000078ec88014cb0,0x000078ec88014cd8] = 40
 relocation     [0x000078ec88014cb0,0x000078ec88014cd0] = 32
 metadata       [0x000078ec88014cd0,0x000078ec88014cd8] = 8
 immutable data [0x000078ec88014c40,0x000078ec88014c9c] = 92
 dependencies   [0x000078ec88014c40,0x000078ec88014c48] = 8
 scopes pcs     [0x000078ec88014c48,0x000078ec88014c88] = 64
 scopes data    [0x000078ec88014c88,0x000078ec88014c98] = 16

[Disassembly]
--------------------------------------------------------------------------------
[Constant Pool (empty)]

--------------------------------------------------------------------------------

[Instructions begin]
  0x000078ece7ba5500:   data16 data16 nopw 0x0(%rax,%rax,1)
  0x000078ece7ba550b:   data16 data16 xchg %ax,%ax
  0x000078ece7ba550f:   data16 xchg %ax,%ax
[Entry Point]
  # {method} {0x000000005918bee8} &apos;getAnnotationType&apos; &apos;()Lsun/reflect/annotation/AnnotationType;&apos; in &apos;java/lang/Class&apos;
  #           [sp+0x30]  (sp of caller)
  0x000078ece7ba5512:   mov    0x8(%rsi),%r10d
  0x000078ece7ba5516:   cmp    0x8(%rax),%r10d
  0x000078ece7ba551a:   jne    0x000078ece74ad6e0           ;   {runtime_call ic_miss_blob (shared runtime)}
[Verified Entry Point]
  0x000078ece7ba5520:   mov    %eax,-0x14000(%rsp)
  0x000078ece7ba5527:   push   %rbp
  0x000078ece7ba5528:   sub    $0x20,%rsp
  0x000078ece7ba552c:   cmpl   $0x1,0x20(%r15)
  0x000078ece7ba5534:   je     0x000078ece7ba553b
  0x000078ece7ba5536:   call   Stub::method_entry_barrier_stub (stub gen)
                                                            ;*aload_0 {reexecute=0 rethrow=0 return_oop=0}
                                                            ; - java.lang.Class::getAnnotationType@0 (line 3707)
                                                            ;   {runtime_call Stub::method_entry_barrier_stub (stub gen)}
  0x000078ece7ba553b:   mov    0x68(%rsi),%eax
  0x000078ece7ba553e:   shl    $0x3,%rax                    ;*getfield annotationType {reexecute=0 rethrow=0 return_oop=0}
                                                            ; - java.lang.Class::getAnnotationType@1 (line 3707)
  0x000078ece7ba5542:   add    $0x20,%rsp
  0x000078ece7ba5546:   pop    %rbp
  0x000078ece7ba5547:   cmp    0x28(%r15),%rsp              ;   {poll_return}
  0x000078ece7ba554b:   ja     0x000078ece7ba5552
  0x000078ece7ba5551:   ret    
  0x000078ece7ba5552:   movabs $0x78ece7ba5547,%r10         ;   {internal_word}
  0x000078ece7ba555c:   mov    %r10,0x510(%r15)
  0x000078ece7ba5563:   jmp    0x000078ece74afb60           ;   {runtime_call SafepointBlob}
  0x000078ece7ba5568:   mov    0x5c0(%r15),%rax
  0x000078ece7ba556f:   movq   $0x0,0x5c0(%r15)
  0x000078ece7ba557a:   movq   $0x0,0x5c8(%r15)
  0x000078ece7ba5585:   add    $0x20,%rsp
  0x000078ece7ba5589:   pop    %rbp
  0x000078ece7ba558a:   jmp    0x000078ece757bbe0           ;   {runtime_call unwind_exception_blob (C1 runtime)}
  0x000078ece7ba558f:   hlt    
[Exception Handler]
  0x000078ece7ba5590:   call   0x000078ece757f2e0           ;   {runtime_call handle_exception_from_callee_blob (C1 runtime)}
  0x000078ece7ba5595:   movabs $0x78ecff33aec4,%rdi         ;   {external_word}
  0x000078ece7ba559f:   and    $0xfffffffffffffff0,%rsp
  0x000078ece7ba55a3:   call   0x000078ecfed91cc0           ;   {runtime_call MacroAssembler::debug64(char*, long, long*)}
  0x000078ece7ba55a8:   hlt    
  0x000078ece7ba55a9:   call   0x000078ece74afe60           ;   {runtime_call DeoptimizationBlob}
[Deopt Handler Entry Point]
  0x000078ece7ba55ae:   jmp    0x000078ece7ba55a9
--------------------------------------------------------------------------------
[/Disassembly]
