
============================= C1-compiled nmethod ==============================
----------------------------------- Assembly -----------------------------------

Compiled method (c1) 373   29       3       java.util.HashMap::resize (356 bytes)
 total in heap  [0x00007e008ffff008,0x00007e0090000278] = 4720
 constants      [0x00007e008ffff100,0x00007e008ffff120] = 32
 main code      [0x00007e008ffff120,0x00007e0090000248] = 4392
 stub code      [0x00007e0090000248,0x00007e0090000278] = 48
 mutable data [0x00007e003003d7b0,0x00007e003003d8b8] = 264
 relocation     [0x00007e003003d7b0,0x00007e003003d8b0] = 256
 metadata       [0x00007e003003d8b0,0x00007e003003d8b8] = 8
 immutable data [0x00007e003003cd30,0x00007e003003d79c] = 2668
 dependencies   [0x00007e003003cd30,0x00007e003003cd38] = 8
 nul chk table  [0x00007e003003cd38,0x00007e003003cdd0] = 152
 scopes pcs     [0x00007e003003cdd0,0x00007e003003d490] = 1728
 scopes data    [0x00007e003003d490,0x00007e003003d798] = 776

[Disassembly]
--------------------------------------------------------------------------------

[Constant Pool]
             Address          hex4                    hex8      
  0x00007e008ffff100:   0x4e800000      0xf4f4f4f44e800000      
  0x00007e008ffff104:   0xf4f4f4f4                              
  0x00007e008ffff108:   0xf4f4f4f4      0xf4f4f4f4f4f4f4f4      
  0x00007e008ffff10c:   0xf4f4f4f4                              
  0x00007e008ffff110:   0xf4f4f4f4      0xf4f4f4f4f4f4f4f4      
  0x00007e008ffff114:   0xf4f4f4f4                              
  0x00007e008ffff118:   0xf4f4f4f4      0xf4f4f4f4f4f4f4f4      
  0x00007e008ffff11c:   0xf4f4f4f4                              

--------------------------------------------------------------------------------

[Instructions begin]
  0x00007e008ffff120:   data16 data16 nopw 0x0(%rax,%rax,1) ;   {other}
  0x00007e008ffff12b:   data16 data16 xchg %ax,%ax
  0x00007e008ffff12f:   data16 xchg %ax,%ax
[Entry Point]
  # {method} {0x0000000092479430} &apos;resize&apos; &apos;()[Ljava/util/HashMap$Node;&apos; in &apos;java/util/HashMap&apos;
  #           [sp+0x70]  (sp of caller)
  0x00007e008ffff132:   mov    0x8(%rsi),%r10d
  0x00007e008ffff136:   cmp    0x8(%rax),%r10d
  0x00007e008ffff13a:   jne    0x00007e00974ad6e0           ;   {runtime_call ic_miss_blob (shared runtime)}
[Verified Entry Point]
  0x00007e008ffff140:   mov    %eax,-0x14000(%rsp)
  0x00007e008ffff147:   push   %rbp
  0x00007e008ffff148:   sub    $0x60,%rsp
  0x00007e008ffff14c:   cmpl   $0x1,0x20(%r15)
  0x00007e008ffff154:   je     0x00007e008ffff15b
  0x00007e008ffff156:   call   Stub::method_entry_barrier_stub (stub gen)
                                                            ;   {runtime_call Stub::method_entry_barrier_stub (stub gen)}
  0x00007e008ffff15b:   mov    %rsi,0x40(%rsp)
  0x00007e008ffff160:   movabs $0x7e0048132078,%rbx         ;   {metadata(method data for {method} {0x0000000092479430} &apos;resize&apos; &apos;()[Ljava/util/HashMap$Node;&apos; in &apos;java/util/HashMap&apos;)}
  0x00007e008ffff16a:   mov    0x90(%rbx),%edx
  0x00007e008ffff170:   add    $0x2,%edx
  0x00007e008ffff173:   mov    %edx,0x90(%rbx)
  0x00007e008ffff179:   and    $0x7fe,%edx
  0x00007e008ffff17f:   test   %edx,%edx
  0x00007e008ffff181:   je     0x00007e008fffffa8           ;*aload_0 {reexecute=0 rethrow=0 return_oop=0}
                                                            ; - java.util.HashMap::resize@0 (line 685)
  0x00007e008ffff187:   mov    0x14(%rsi),%r11d
  0x00007e008ffff18b:   shl    $0x3,%r11                    ;*getfield table {reexecute=0 rethrow=0 return_oop=0}
                                                            ; - java.util.HashMap::resize@1 (line 685)
  0x00007e008ffff18f:   mov    %r11,0x50(%rsp)
  0x00007e008ffff194:   test   %r11,%r11
  0x00007e008ffff197:   movabs $0x7e0048132078,%rbx         ;   {metadata(method data for {method} {0x0000000092479430} &apos;resize&apos; &apos;()[Ljava/util/HashMap$Node;&apos; in &apos;java/util/HashMap&apos;)}
  0x00007e008ffff1a1:   mov    $0xd8,%edx
  0x00007e008ffff1a6:   jne    0x00007e008ffff1ad
  0x00007e008ffff1a8:   mov    $0xe8,%edx
  0x00007e008ffff1ad:   mov    (%rbx,%rdx,1),%rdi
  0x00007e008ffff1b1:   lea    0x1(%rdi),%rdi
  0x00007e008ffff1b5:   mov    %rdi,(%rbx,%rdx,1)
  0x00007e008ffff1b9:   jne    0x00007e008ffff1da           ;*ifnonnull {reexecute=0 rethrow=0 return_oop=0}
                                                            ; - java.util.HashMap::resize@6 (line 686)
  0x00007e008ffff1bf:   movabs $0x7e0048132078,%rbx         ;   {metadata(method data for {method} {0x0000000092479430} &apos;resize&apos; &apos;()[Ljava/util/HashMap$Node;&apos; in &apos;java/util/HashMap&apos;)}
  0x00007e008ffff1c9:   incl   0xf8(%rbx)
  0x00007e008ffff1cf:   mov    $0x0,%r13d
  0x00007e008ffff1d5:   jmp    0x00007e008ffff1e1           ;*goto {reexecute=0 rethrow=0 return_oop=0}
                                                            ; - java.util.HashMap::resize@10 (line 686)
  0x00007e008ffff1da:   mov    0xc(%r11),%ebx               ; implicit exception: dispatches to 0x00007e008fffffc9
                                                            ;*arraylength {reexecute=0 rethrow=0 return_oop=0}
                                                            ; - java.util.HashMap::resize@14 (line 686)
  0x00007e008ffff1de:   mov    %rbx,%r13                    ;*istore_2 {reexecute=0 rethrow=0 return_oop=0}
                                                            ; - java.util.HashMap::resize@15 (line 686)
  0x00007e008ffff1e1:   mov    0x24(%rsi),%ebx              ;*getfield threshold {reexecute=0 rethrow=0 return_oop=0}
                                                            ; - java.util.HashMap::resize@17 (line 687)
  0x00007e008ffff1e4:   test   %r13d,%r13d
  0x00007e008ffff1e7:   movabs $0x7e0048132078,%rdx         ;   {metadata(method data for {method} {0x0000000092479430} &apos;resize&apos; &apos;()[Ljava/util/HashMap$Node;&apos; in &apos;java/util/HashMap&apos;)}
  0x00007e008ffff1f1:   mov    $0x110,%edi
  0x00007e008ffff1f6:   jle    0x00007e008ffff1fd
  0x00007e008ffff1f8:   mov    $0x120,%edi
  0x00007e008ffff1fd:   mov    (%rdx,%rdi,1),%rax
  0x00007e008ffff201:   lea    0x1(%rax),%rax
  0x00007e008ffff205:   mov    %rax,(%rdx,%rdi,1)
  0x00007e008ffff209:   jle    0x00007e008ffff2c8           ;*ifle {reexecute=0 rethrow=0 return_oop=0}
                                                            ; - java.util.HashMap::resize@25 (line 689)
  0x00007e008ffff20f:   cmp    $0x40000000,%r13d
  0x00007e008ffff216:   movabs $0x7e0048132078,%rdx         ;   {metadata(method data for {method} {0x0000000092479430} &apos;resize&apos; &apos;()[Ljava/util/HashMap$Node;&apos; in &apos;java/util/HashMap&apos;)}
  0x00007e008ffff220:   mov    $0x140,%edi
  0x00007e008ffff225:   jge    0x00007e008ffff22c
  0x00007e008ffff227:   mov    $0x130,%edi
  0x00007e008ffff22c:   mov    (%rdx,%rdi,1),%rax
  0x00007e008ffff230:   lea    0x1(%rax),%rax
  0x00007e008ffff234:   mov    %rax,(%rdx,%rdi,1)
  0x00007e008ffff238:   jge    0x00007e008fffff8e           ;*if_icmplt {reexecute=0 rethrow=0 return_oop=0}
                                                            ; - java.util.HashMap::resize@31 (line 690)
  0x00007e008ffff23e:   mov    %r13,%rdx
  0x00007e008ffff241:   shl    %edx
  0x00007e008ffff243:   cmp    $0x40000000,%edx
  0x00007e008ffff249:   movabs $0x7e0048132078,%rdi         ;   {metadata(method data for {method} {0x0000000092479430} &apos;resize&apos; &apos;()[Ljava/util/HashMap$Node;&apos; in &apos;java/util/HashMap&apos;)}
  0x00007e008ffff253:   mov    $0x160,%eax
  0x00007e008ffff258:   jl     0x00007e008ffff25f
  0x00007e008ffff25a:   mov    $0x150,%eax
  0x00007e008ffff25f:   mov    (%rdi,%rax,1),%rcx
  0x00007e008ffff263:   lea    0x1(%rcx),%rcx
  0x00007e008ffff267:   mov    %rcx,(%rdi,%rax,1)
  0x00007e008ffff26b:   jl     0x00007e008ffff27b           ;*if_icmpge {reexecute=0 rethrow=0 return_oop=0}
                                                            ; - java.util.HashMap::resize@50 (line 694)
  0x00007e008ffff271:   mov    $0x0,%ebx
  0x00007e008ffff276:   jmp    0x00007e008ffff319           ;*iload {reexecute=0 rethrow=0 return_oop=0}
                                                            ; - java.util.HashMap::resize@85 (line 704)
  0x00007e008ffff27b:   cmp    $0x10,%r13d
  0x00007e008ffff27f:   movabs $0x7e0048132078,%rdi         ;   {metadata(method data for {method} {0x0000000092479430} &apos;resize&apos; &apos;()[Ljava/util/HashMap$Node;&apos; in &apos;java/util/HashMap&apos;)}
  0x00007e008ffff289:   mov    $0x180,%eax
  0x00007e008ffff28e:   jge    0x00007e008ffff295
  0x00007e008ffff290:   mov    $0x170,%eax
  0x00007e008ffff295:   mov    (%rdi,%rax,1),%rcx
  0x00007e008ffff299:   lea    0x1(%rcx),%rcx
  0x00007e008ffff29d:   mov    %rcx,(%rdi,%rax,1)
  0x00007e008ffff2a1:   jge    0x00007e008ffff2b1           ;*if_icmplt {reexecute=0 rethrow=0 return_oop=0}
                                                            ; - java.util.HashMap::resize@56 (line 694)
  0x00007e008ffff2a7:   mov    $0x0,%ebx
  0x00007e008ffff2ac:   jmp    0x00007e008ffff319           ;*iload {reexecute=0 rethrow=0 return_oop=0}
                                                            ; - java.util.HashMap::resize@85 (line 704)
  0x00007e008ffff2b1:   shl    %ebx
  0x00007e008ffff2b3:   movabs $0x7e0048132078,%rdi         ;   {metadata(method data for {method} {0x0000000092479430} &apos;resize&apos; &apos;()[Ljava/util/HashMap$Node;&apos; in &apos;java/util/HashMap&apos;)}
  0x00007e008ffff2bd:   incl   0x190(%rdi)
  0x00007e008ffff2c3:   jmp    0x00007e008ffff319           ;*goto {reexecute=0 rethrow=0 return_oop=0}
                                                            ; - java.util.HashMap::resize@64 (line 696)
  0x00007e008ffff2c8:   test   %ebx,%ebx
  0x00007e008ffff2ca:   movabs $0x7e0048132078,%rdx         ;   {metadata(method data for {method} {0x0000000092479430} &apos;resize&apos; &apos;()[Ljava/util/HashMap$Node;&apos; in &apos;java/util/HashMap&apos;)}
  0x00007e008ffff2d4:   mov    $0x1a8,%edi
  0x00007e008ffff2d9:   jle    0x00007e008ffff2e0
  0x00007e008ffff2db:   mov    $0x1b8,%edi
  0x00007e008ffff2e0:   mov    (%rdx,%rdi,1),%rax
  0x00007e008ffff2e4:   lea    0x1(%rax),%rax
  0x00007e008ffff2e8:   mov    %rax,(%rdx,%rdi,1)
  0x00007e008ffff2ec:   jle    0x00007e008ffff30f           ;*ifle {reexecute=0 rethrow=0 return_oop=0}
                                                            ; - java.util.HashMap::resize@68 (line 698)
  0x00007e008ffff2f2:   movabs $0x7e0048132078,%rdx         ;   {metadata(method data for {method} {0x0000000092479430} &apos;resize&apos; &apos;()[Ljava/util/HashMap$Node;&apos; in &apos;java/util/HashMap&apos;)}
  0x00007e008ffff2fc:   incl   0x1c8(%rdx)
  0x00007e008ffff302:   mov    %rbx,%rdx
  0x00007e008ffff305:   mov    $0x0,%ebx
  0x00007e008ffff30a:   jmp    0x00007e008ffff319           ;*goto {reexecute=0 rethrow=0 return_oop=0}
                                                            ; - java.util.HashMap::resize@74 (line 699)
  0x00007e008ffff30f:   mov    $0xc,%ebx
  0x00007e008ffff314:   mov    $0x10,%edx                   ;*iload {reexecute=0 rethrow=0 return_oop=0}
                                                            ; - java.util.HashMap::resize@85 (line 704)
  0x00007e008ffff319:   test   %ebx,%ebx
  0x00007e008ffff31b:   movabs $0x7e0048132078,%rdi         ;   {metadata(method data for {method} {0x0000000092479430} &apos;resize&apos; &apos;()[Ljava/util/HashMap$Node;&apos; in &apos;java/util/HashMap&apos;)}
  0x00007e008ffff325:   mov    $0x1e0,%eax
  0x00007e008ffff32a:   jne    0x00007e008ffff331
  0x00007e008ffff32c:   mov    $0x1f0,%eax
  0x00007e008ffff331:   mov    (%rdi,%rax,1),%rcx
  0x00007e008ffff335:   lea    0x1(%rcx),%rcx
  0x00007e008ffff339:   mov    %rcx,(%rdi,%rax,1)
  0x00007e008ffff33d:   jne    0x00007e008ffff407           ;*ifne {reexecute=0 rethrow=0 return_oop=0}
                                                            ; - java.util.HashMap::resize@87 (line 704)
  0x00007e008ffff343:   vmovss 0x28(%rsi),%xmm0             ;*getfield loadFactor {reexecute=0 rethrow=0 return_oop=0}
                                                            ; - java.util.HashMap::resize@94 (line 705)
  0x00007e008ffff348:   vcvtsi2ss %edx,%xmm1,%xmm1
  0x00007e008ffff34c:   vmulss %xmm0,%xmm1,%xmm1
  0x00007e008ffff350:   cmp    $0x40000000,%edx
  0x00007e008ffff356:   movabs $0x7e0048132078,%rbx         ;   {metadata(method data for {method} {0x0000000092479430} &apos;resize&apos; &apos;()[Ljava/util/HashMap$Node;&apos; in &apos;java/util/HashMap&apos;)}
  0x00007e008ffff360:   mov    $0x200,%edi
  0x00007e008ffff365:   jge    0x00007e008ffff36c
  0x00007e008ffff367:   mov    $0x210,%edi
  0x00007e008ffff36c:   mov    (%rbx,%rdi,1),%rax
  0x00007e008ffff370:   lea    0x1(%rax),%rax
  0x00007e008ffff374:   mov    %rax,(%rbx,%rdi,1)
  0x00007e008ffff378:   jge    0x00007e008ffff3d2           ;*if_icmpge {reexecute=0 rethrow=0 return_oop=0}
                                                            ; - java.util.HashMap::resize@104 (line 706)
  0x00007e008ffff37e:   vmovss -0x286(%rip),%xmm0        # 0x00007e008ffff100
                                                            ;   {section_word}
  0x00007e008ffff386:   vucomiss %xmm0,%xmm1
  0x00007e008ffff38a:   mov    $0x1,%ebx
  0x00007e008ffff38f:   jp     0x00007e008ffff3a8
  0x00007e008ffff395:   ja     0x00007e008ffff3a8
  0x00007e008ffff39b:   mov    $0x0,%ebx
  0x00007e008ffff3a0:   je     0x00007e008ffff3a8
  0x00007e008ffff3a6:   dec    %ebx                         ;*fcmpg {reexecute=0 rethrow=0 return_oop=0}
                                                            ; - java.util.HashMap::resize@111 (line 706)
  0x00007e008ffff3a8:   test   %ebx,%ebx
  0x00007e008ffff3aa:   movabs $0x7e0048132078,%rbx         ;   {metadata(method data for {method} {0x0000000092479430} &apos;resize&apos; &apos;()[Ljava/util/HashMap$Node;&apos; in &apos;java/util/HashMap&apos;)}
  0x00007e008ffff3b4:   mov    $0x230,%edi
  0x00007e008ffff3b9:   jl     0x00007e008ffff3c0
  0x00007e008ffff3bb:   mov    $0x220,%edi
  0x00007e008ffff3c0:   mov    (%rbx,%rdi,1),%rax
  0x00007e008ffff3c4:   lea    0x1(%rax),%rax
  0x00007e008ffff3c8:   mov    %rax,(%rbx,%rdi,1)
  0x00007e008ffff3cc:   jl     0x00007e008ffff3dc           ;*ifge {reexecute=0 rethrow=0 return_oop=0}
                                                            ; - java.util.HashMap::resize@112 (line 706)
  0x00007e008ffff3d2:   mov    $0x7fffffff,%ebx
  0x00007e008ffff3d7:   jmp    0x00007e008ffff407           ;*istore {reexecute=0 rethrow=0 return_oop=0}
                                                            ; - java.util.HashMap::resize@123 (line 707)
  0x00007e008ffff3dc:   vcvttss2si %xmm1,%ebx
  0x00007e008ffff3e0:   cmp    $0x80000000,%ebx
  0x00007e008ffff3e6:   jne    0x00007e008ffff3f7
  0x00007e008ffff3e8:   sub    $0x8,%rsp
  0x00007e008ffff3ec:   vmovss %xmm1,(%rsp)
  0x00007e008ffff3f1:   call   Stub::f2i_fixup_stub (stub gen);   {runtime_call Stub::f2i_fixup_stub (stub gen)}
  0x00007e008ffff3f6:   pop    %rbx
  0x00007e008ffff3f7:   movabs $0x7e0048132078,%rdi         ;   {metadata(method data for {method} {0x0000000092479430} &apos;resize&apos; &apos;()[Ljava/util/HashMap$Node;&apos; in &apos;java/util/HashMap&apos;)}
  0x00007e008ffff401:   incl   0x240(%rdi)                  ;*goto {reexecute=0 rethrow=0 return_oop=0}
                                                            ; - java.util.HashMap::resize@118 (line 707)
  0x00007e008ffff407:   mov    %ebx,0x24(%rsi)              ;*putfield threshold {reexecute=0 rethrow=0 return_oop=0}
                                                            ; - java.util.HashMap::resize@128 (line 709)
  0x00007e008ffff40a:   mov    %rdx,%rbx
  0x00007e008ffff40d:   mov    %rdx,%r14
  0x00007e008ffff410:   movabs $0x922d2fa8,%rdx             ;   {metadata(&apos;java/util/HashMap$Node&apos;[])}
  0x00007e008ffff41a:   mov    %rsi,%r9
  0x00007e008ffff41d:   movslq %ebx,%rbx
  0x00007e008ffff420:   mov    %rbx,%rdi
  0x00007e008ffff423:   cmp    $0xffffff,%rbx
  0x00007e008ffff42a:   ja     0x00007e008fffffce
  0x00007e008ffff430:   mov    $0x17,%esi
  0x00007e008ffff435:   lea    (%rsi,%rbx,4),%rsi
  0x00007e008ffff439:   and    $0xfffffffffffffff8,%rsi
  0x00007e008ffff43d:   mov    0x1b0(%r15),%rax
  0x00007e008ffff444:   lea    (%rax,%rsi,1),%rsi
  0x00007e008ffff448:   cmp    0x1c0(%r15),%rsi
  0x00007e008ffff44f:   ja     0x00007e008fffffce
  0x00007e008ffff455:   mov    %rsi,0x1b0(%r15)
  0x00007e008ffff45c:   sub    %rax,%rsi
  0x00007e008ffff45f:   movq   $0x1,(%rax)
  0x00007e008ffff466:   mov    %rdx,%rcx
  0x00007e008ffff469:   mov    $0x92000000,%r10d
  0x00007e008ffff46f:   sub    %r10,%rcx
  0x00007e008ffff472:   mov    %ecx,0x8(%rax)
  0x00007e008ffff475:   mov    %ebx,0xc(%rax)
  0x00007e008ffff478:   sub    $0x10,%rsi
  0x00007e008ffff47c:   test   %rsi,%rsi
  0x00007e008ffff47f:   je     0x00007e008ffff496
  0x00007e008ffff485:   xor    %rbx,%rbx
  0x00007e008ffff488:   shr    $0x3,%rsi
  0x00007e008ffff48c:   mov    %rbx,0x8(%rax,%rsi,8)
  0x00007e008ffff491:   dec    %rsi
  0x00007e008ffff494:   jne    0x00007e008ffff48c           ;*anewarray {reexecute=0 rethrow=0 return_oop=0}
                                                            ; - java.util.HashMap::resize@133 (line 711)
  0x00007e008ffff496:   mov    %rax,0x38(%rsp)
  0x00007e008ffff49b:   movsbl 0x48(%r15),%edx
  0x00007e008ffff4a0:   test   %edx,%edx
  0x00007e008ffff4a2:   jne    0x00007e008fffffd8
  0x00007e008ffff4a8:   mov    %rax,%r10
  0x00007e008ffff4ab:   shr    $0x3,%r10
  0x00007e008ffff4af:   mov    %r10d,0x14(%r9)
  0x00007e008ffff4b3:   mov    %r9,%rcx
  0x00007e008ffff4b6:   xor    %rax,%rcx
  0x00007e008ffff4b9:   shr    $0x17,%rcx
  0x00007e008ffff4bd:   je     0x00007e008ffff4d7
  0x00007e008ffff4bf:   test   %rax,%rax
  0x00007e008ffff4c2:   je     0x00007e008ffff4d7
  0x00007e008ffff4c4:   mov    %r9,%rcx
  0x00007e008ffff4c7:   shr    $0x9,%rcx
  0x00007e008ffff4cb:   add    0x50(%r15),%rcx
  0x00007e008ffff4cf:   cmpb   $0xff,(%rcx)
  0x00007e008ffff4d2:   jne    0x00007e008ffff4d7
  0x00007e008ffff4d4:   movb   $0x0,(%rcx)                  ;*putfield table {reexecute=0 rethrow=0 return_oop=0}
                                                            ; - java.util.HashMap::resize@141 (line 712)
  0x00007e008ffff4d7:   test   %r11,%r11
  0x00007e008ffff4da:   movabs $0x7e0048132078,%rdx         ;   {metadata(method data for {method} {0x0000000092479430} &apos;resize&apos; &apos;()[Ljava/util/HashMap$Node;&apos; in &apos;java/util/HashMap&apos;)}
  0x00007e008ffff4e4:   mov    $0x258,%ecx
  0x00007e008ffff4e9:   je     0x00007e008ffff4f0
  0x00007e008ffff4eb:   mov    $0x268,%ecx
  0x00007e008ffff4f0:   mov    (%rdx,%rcx,1),%r8
  0x00007e008ffff4f4:   lea    0x1(%r8),%r8
  0x00007e008ffff4f8:   mov    %r8,(%rdx,%rcx,1)
  0x00007e008ffff4fc:   je     0x00007e008fffff78           ;*ifnull {reexecute=0 rethrow=0 return_oop=0}
                                                            ; - java.util.HashMap::resize@145 (line 713)
  0x00007e008ffff502:   mov    $0x0,%edi                    ;*iload {reexecute=0 rethrow=0 return_oop=0}
                                                            ; - java.util.HashMap::resize@151 (line 714)
  0x00007e008ffff507:   nop
  0x00007e008ffff508:   cmp    %r13d,%edi
  0x00007e008ffff50b:   movabs $0x7e0048132078,%rdx         ;   {metadata(method data for {method} {0x0000000092479430} &apos;resize&apos; &apos;()[Ljava/util/HashMap$Node;&apos; in &apos;java/util/HashMap&apos;)}
  0x00007e008ffff515:   mov    $0x278,%ecx
  0x00007e008ffff51a:   jge    0x00007e008ffff521
  0x00007e008ffff51c:   mov    $0x288,%ecx
  0x00007e008ffff521:   mov    (%rdx,%rcx,1),%r8
  0x00007e008ffff525:   lea    0x1(%r8),%r8
  0x00007e008ffff529:   mov    %r8,(%rdx,%rcx,1)
  0x00007e008ffff52d:   jge    0x00007e008fffff78           ;*if_icmpge {reexecute=0 rethrow=0 return_oop=0}
                                                            ; - java.util.HashMap::resize@154 (line 714)
  0x00007e008ffff533:   cmp    0xc(%r11),%edi               ; implicit exception: dispatches to 0x00007e008ffffff7
  0x00007e008ffff537:   jae    0x00007e0090000001
  0x00007e008ffff53d:   movslq %edi,%rdx
  0x00007e008ffff540:   mov    0x10(%r11,%rdx,4),%esi
  0x00007e008ffff545:   shl    $0x3,%rsi                    ;*aaload {reexecute=0 rethrow=0 return_oop=0}
                                                            ; - java.util.HashMap::resize@160 (line 716)
  0x00007e008ffff549:   test   %rsi,%rsi
  0x00007e008ffff54c:   movabs $0x7e0048132078,%rdx         ;   {metadata(method data for {method} {0x0000000092479430} &apos;resize&apos; &apos;()[Ljava/util/HashMap$Node;&apos; in &apos;java/util/HashMap&apos;)}
  0x00007e008ffff556:   mov    $0x2a8,%ecx
  0x00007e008ffff55b:   jne    0x00007e008ffff562
  0x00007e008ffff55d:   mov    $0x298,%ecx
  0x00007e008ffff562:   mov    (%rdx,%rcx,1),%r8
  0x00007e008ffff566:   lea    0x1(%r8),%r8
  0x00007e008ffff56a:   mov    %r8,(%rdx,%rcx,1)
  0x00007e008ffff56e:   jne    0x00007e008ffff584           ;*ifnull {reexecute=0 rethrow=0 return_oop=0}
                                                            ; - java.util.HashMap::resize@164 (line 716)
  0x00007e008ffff574:   mov    %rdi,%rcx
  0x00007e008ffff577:   mov    %rax,%rbx
  0x00007e008ffff57a:   mov    %r14d,0x48(%rsp)
  0x00007e008ffff57f:   jmp    0x00007e008fffff18           ;*iinc {reexecute=0 rethrow=0 return_oop=0}
                                                            ; - java.util.HashMap::resize@347 (line 714)
  0x00007e008ffff584:   movabs $0x0,%rdx                    ;   {oop(nullptr)}
  0x00007e008ffff58e:   cmp    0xc(%r11),%edi
  0x00007e008ffff592:   jae    0x00007e009000000f
  0x00007e008ffff598:   test   %rdx,%rdx
  0x00007e008ffff59b:   movabs $0x7e0048132078,%r8          ;   {metadata(method data for {method} {0x0000000092479430} &apos;resize&apos; &apos;()[Ljava/util/HashMap$Node;&apos; in &apos;java/util/HashMap&apos;)}
  0x00007e008ffff5a5:   jne    0x00007e008ffff5b4
  0x00007e008ffff5a7:   orb    $0x1,0x2b1(%r8)
  0x00007e008ffff5af:   jmp    0x00007e008ffff65f
  0x00007e008ffff5b4:   mov    0x8(%rdx),%ecx
  0x00007e008ffff5b7:   mov    $0x92000000,%r10d
  0x00007e008ffff5bd:   add    %r10,%rcx
  0x00007e008ffff5c0:   mov    $0x58,%r10d
  0x00007e008ffff5c6:   cmp    (%r8,%r10,8),%rcx
  0x00007e008ffff5ca:   je     0x00007e008ffff603
  0x00007e008ffff5cc:   add    $0x2,%r10
  0x00007e008ffff5d0:   cmp    $0x5c,%r10
  0x00007e008ffff5d4:   jne    0x00007e008ffff5c6
  0x00007e008ffff5d6:   mov    $0x58,%r10d
  0x00007e008ffff5dc:   cmpq   $0x0,(%r8,%r10,8)
  0x00007e008ffff5e1:   je     0x00007e008ffff5ef
  0x00007e008ffff5e3:   add    $0x2,%r10
  0x00007e008ffff5e7:   cmp    $0x5c,%r10
  0x00007e008ffff5eb:   jne    0x00007e008ffff5dc
  0x00007e008ffff5ed:   jmp    0x00007e008ffff5fb
  0x00007e008ffff5ef:   push   %rax
  0x00007e008ffff5f0:   xor    %rax,%rax
  0x00007e008ffff5f3:   cmpxchg %rcx,(%r8,%r10,8)
  0x00007e008ffff5f8:   pop    %rax
  0x00007e008ffff5f9:   jmp    0x00007e008ffff5c0
  0x00007e008ffff5fb:   mov    $0x57,%r10d
  0x00007e008ffff601:   jmp    0x00007e008ffff607
  0x00007e008ffff603:   add    $0x1,%r10
  0x00007e008ffff607:   addq   $0x1,(%r8,%r10,8)
  0x00007e008ffff60c:   mov    0x8(%r11),%ecx               ; implicit exception: dispatches to 0x00007e009000001d
  0x00007e008ffff610:   mov    $0x92000000,%r10d
  0x00007e008ffff616:   add    %r10,%rcx
  0x00007e008ffff619:   mov    0x8(%rdx),%r8d
  0x00007e008ffff61d:   mov    $0x92000000,%r10d
  0x00007e008ffff623:   add    %r10,%r8
  0x00007e008ffff626:   mov    0xe0(%rcx),%rcx
  0x00007e008ffff62d:   cmp    %rcx,%r8
  0x00007e008ffff630:   je     0x00007e008ffff65f
  0x00007e008ffff636:   mov    0x10(%rcx),%ebx
  0x00007e008ffff639:   cmp    (%r8,%rbx,1),%rcx
  0x00007e008ffff63d:   je     0x00007e008ffff65f
  0x00007e008ffff643:   cmp    $0x20,%ebx
  0x00007e008ffff646:   jne    0x00007e0090000022
  0x00007e008ffff64c:   push   %r8
  0x00007e008ffff64e:   push   %rcx
  0x00007e008ffff64f:   call   0x00007e009757fee0           ;   {runtime_call slow_subtype_check_blob (C1 runtime)}
  0x00007e008ffff654:   pop    %r8
  0x00007e008ffff656:   pop    %rcx
  0x00007e008ffff657:   test   %ecx,%ecx
  0x00007e008ffff659:   je     0x00007e0090000022
  0x00007e008ffff65f:   movslq %edi,%rcx
  0x00007e008ffff662:   lea    0x10(%r11,%rcx,4),%rcx
  0x00007e008ffff667:   movsbl 0x48(%r15),%r8d
  0x00007e008ffff66c:   test   %r8d,%r8d
  0x00007e008ffff66f:   jne    0x00007e009000002b
  0x00007e008ffff675:   mov    %rdx,%r10
  0x00007e008ffff678:   shr    $0x3,%r10
  0x00007e008ffff67c:   mov    %r10d,(%rcx)
  0x00007e008ffff67f:   mov    %rcx,%rbx
  0x00007e008ffff682:   xor    %rdx,%rbx
  0x00007e008ffff685:   shr    $0x17,%rbx
  0x00007e008ffff689:   je     0x00007e008ffff6a3
  0x00007e008ffff68b:   test   %rdx,%rdx
  0x00007e008ffff68e:   je     0x00007e008ffff6a3
  0x00007e008ffff690:   mov    %rcx,%rbx
  0x00007e008ffff693:   shr    $0x9,%rbx
  0x00007e008ffff697:   add    0x50(%r15),%rbx
  0x00007e008ffff69b:   cmpb   $0xff,(%rbx)
  0x00007e008ffff69e:   jne    0x00007e008ffff6a3
  0x00007e008ffff6a0:   movb   $0x0,(%rbx)                  ;*aastore {reexecute=0 rethrow=0 return_oop=0}
                                                            ; - java.util.HashMap::resize@171 (line 717)
  0x00007e008ffff6a3:   mov    0x18(%rsi),%edx              ; implicit exception: dispatches to 0x00007e0090000049
  0x00007e008ffff6a6:   shl    $0x3,%rdx                    ;*getfield next {reexecute=0 rethrow=0 return_oop=0}
                                                            ; - java.util.HashMap::resize@174 (line 718)
  0x00007e008ffff6aa:   test   %rdx,%rdx
  0x00007e008ffff6ad:   movabs $0x7e0048132078,%rdx         ;   {metadata(method data for {method} {0x0000000092479430} &apos;resize&apos; &apos;()[Ljava/util/HashMap$Node;&apos; in &apos;java/util/HashMap&apos;)}
  0x00007e008ffff6b7:   mov    $0x2e8,%ecx
  0x00007e008ffff6bc:   jne    0x00007e008ffff6c3
  0x00007e008ffff6be:   mov    $0x2f8,%ecx
  0x00007e008ffff6c3:   mov    (%rdx,%rcx,1),%r8
  0x00007e008ffff6c7:   lea    0x1(%r8),%r8
  0x00007e008ffff6cb:   mov    %r8,(%rdx,%rcx,1)
  0x00007e008ffff6cf:   jne    0x00007e008ffff814           ;*ifnonnull {reexecute=0 rethrow=0 return_oop=0}
                                                            ; - java.util.HashMap::resize@177 (line 718)
  0x00007e008ffff6d5:   mov    0xc(%rsi),%edx               ;*getfield hash {reexecute=0 rethrow=0 return_oop=0}
                                                            ; - java.util.HashMap::resize@184 (line 719)
  0x00007e008ffff6d8:   mov    %r14,%rcx
  0x00007e008ffff6db:   dec    %ecx
  0x00007e008ffff6dd:   and    %rcx,%rdx
  0x00007e008ffff6e0:   cmp    0xc(%rax),%edx
  0x00007e008ffff6e3:   jae    0x00007e009000004e
  0x00007e008ffff6e9:   test   %rsi,%rsi
  0x00007e008ffff6ec:   movabs $0x7e0048132078,%r8          ;   {metadata(method data for {method} {0x0000000092479430} &apos;resize&apos; &apos;()[Ljava/util/HashMap$Node;&apos; in &apos;java/util/HashMap&apos;)}
  0x00007e008ffff6f6:   jne    0x00007e008ffff705
  0x00007e008ffff6f8:   orb    $0x1,0x301(%r8)
  0x00007e008ffff700:   jmp    0x00007e008ffff7af
  0x00007e008ffff705:   mov    0x8(%rsi),%ecx
  0x00007e008ffff708:   mov    $0x92000000,%r10d
  0x00007e008ffff70e:   add    %r10,%rcx
  0x00007e008ffff711:   mov    $0x62,%r10d
  0x00007e008ffff717:   cmp    (%r8,%r10,8),%rcx
  0x00007e008ffff71b:   je     0x00007e008ffff754
  0x00007e008ffff71d:   add    $0x2,%r10
  0x00007e008ffff721:   cmp    $0x66,%r10
  0x00007e008ffff725:   jne    0x00007e008ffff717
  0x00007e008ffff727:   mov    $0x62,%r10d
  0x00007e008ffff72d:   cmpq   $0x0,(%r8,%r10,8)
  0x00007e008ffff732:   je     0x00007e008ffff740
  0x00007e008ffff734:   add    $0x2,%r10
  0x00007e008ffff738:   cmp    $0x66,%r10
  0x00007e008ffff73c:   jne    0x00007e008ffff72d
  0x00007e008ffff73e:   jmp    0x00007e008ffff74c
  0x00007e008ffff740:   push   %rax
  0x00007e008ffff741:   xor    %rax,%rax
  0x00007e008ffff744:   cmpxchg %rcx,(%r8,%r10,8)
  0x00007e008ffff749:   pop    %rax
  0x00007e008ffff74a:   jmp    0x00007e008ffff711
  0x00007e008ffff74c:   mov    $0x61,%r10d
  0x00007e008ffff752:   jmp    0x00007e008ffff758
  0x00007e008ffff754:   add    $0x1,%r10
  0x00007e008ffff758:   addq   $0x1,(%r8,%r10,8)
  0x00007e008ffff75d:   mov    0x8(%rax),%ecx               ; implicit exception: dispatches to 0x00007e009000005c
  0x00007e008ffff760:   mov    $0x92000000,%r10d
  0x00007e008ffff766:   add    %r10,%rcx
  0x00007e008ffff769:   mov    0x8(%rsi),%r8d
  0x00007e008ffff76d:   mov    $0x92000000,%r10d
  0x00007e008ffff773:   add    %r10,%r8
  0x00007e008ffff776:   mov    0xe0(%rcx),%rcx
  0x00007e008ffff77d:   cmp    %rcx,%r8
  0x00007e008ffff780:   je     0x00007e008ffff7af
  0x00007e008ffff786:   mov    0x10(%rcx),%ebx
  0x00007e008ffff789:   cmp    (%r8,%rbx,1),%rcx
  0x00007e008ffff78d:   je     0x00007e008ffff7af
  0x00007e008ffff793:   cmp    $0x20,%ebx
  0x00007e008ffff796:   jne    0x00007e0090000061
  0x00007e008ffff79c:   push   %r8
  0x00007e008ffff79e:   push   %rcx
  0x00007e008ffff79f:   call   0x00007e009757fee0           ;   {runtime_call slow_subtype_check_blob (C1 runtime)}
  0x00007e008ffff7a4:   pop    %r8
  0x00007e008ffff7a6:   pop    %rcx
  0x00007e008ffff7a7:   test   %ecx,%ecx
  0x00007e008ffff7a9:   je     0x00007e0090000061
  0x00007e008ffff7af:   movslq %edx,%rdx
  0x00007e008ffff7b2:   lea    0x10(%rax,%rdx,4),%rdx
  0x00007e008ffff7b7:   movsbl 0x48(%r15),%ecx
  0x00007e008ffff7bc:   test   %ecx,%ecx
  0x00007e008ffff7be:   jne    0x00007e009000006a
  0x00007e008ffff7c4:   mov    %rsi,%r10
  0x00007e008ffff7c7:   shr    $0x3,%r10
  0x00007e008ffff7cb:   mov    %r10d,(%rdx)
  0x00007e008ffff7ce:   mov    %rdx,%r8
  0x00007e008ffff7d1:   xor    %rsi,%r8
  0x00007e008ffff7d4:   shr    $0x17,%r8
  0x00007e008ffff7d8:   je     0x00007e008ffff7f4
  0x00007e008ffff7da:   test   %rsi,%rsi
  0x00007e008ffff7dd:   je     0x00007e008ffff7f4
  0x00007e008ffff7df:   mov    %rdx,%r8
  0x00007e008ffff7e2:   shr    $0x9,%r8
  0x00007e008ffff7e6:   add    0x50(%r15),%r8
  0x00007e008ffff7ea:   cmpb   $0xff,(%r8)
  0x00007e008ffff7ee:   jne    0x00007e008ffff7f4
  0x00007e008ffff7f0:   movb   $0x0,(%r8)                   ;*aastore {reexecute=0 rethrow=0 return_oop=0}
                                                            ; - java.util.HashMap::resize@194 (line 719)
  0x00007e008ffff7f4:   movabs $0x7e0048132078,%rdx         ;   {metadata(method data for {method} {0x0000000092479430} &apos;resize&apos; &apos;()[Ljava/util/HashMap$Node;&apos; in &apos;java/util/HashMap&apos;)}
  0x00007e008ffff7fe:   incl   0x338(%rdx)
  0x00007e008ffff804:   mov    %rdi,%rcx
  0x00007e008ffff807:   mov    %rax,%rbx
  0x00007e008ffff80a:   mov    %r14d,0x48(%rsp)
  0x00007e008ffff80f:   jmp    0x00007e008fffff18           ;*goto {reexecute=0 rethrow=0 return_oop=0}
                                                            ; - java.util.HashMap::resize@195 (line 719)
  0x00007e008ffff814:   test   %rsi,%rsi
  0x00007e008ffff817:   movabs $0x7e0048132078,%r8          ;   {metadata(method data for {method} {0x0000000092479430} &apos;resize&apos; &apos;()[Ljava/util/HashMap$Node;&apos; in &apos;java/util/HashMap&apos;)}
  0x00007e008ffff821:   jne    0x00007e008ffff830
  0x00007e008ffff823:   orb    $0x1,0x349(%r8)
  0x00007e008ffff82b:   jmp    0x00007e008ffff8ac
  0x00007e008ffff830:   mov    0x8(%rsi),%ebx
  0x00007e008ffff833:   mov    $0x92000000,%r10d
  0x00007e008ffff839:   add    %r10,%rbx
  0x00007e008ffff83c:   mov    $0x6b,%r10d
  0x00007e008ffff842:   cmp    (%r8,%r10,8),%rbx
  0x00007e008ffff846:   je     0x00007e008ffff87f
  0x00007e008ffff848:   add    $0x2,%r10
  0x00007e008ffff84c:   cmp    $0x6f,%r10
  0x00007e008ffff850:   jne    0x00007e008ffff842
  0x00007e008ffff852:   mov    $0x6b,%r10d
  0x00007e008ffff858:   cmpq   $0x0,(%r8,%r10,8)
  0x00007e008ffff85d:   je     0x00007e008ffff86b
  0x00007e008ffff85f:   add    $0x2,%r10
  0x00007e008ffff863:   cmp    $0x6f,%r10
  0x00007e008ffff867:   jne    0x00007e008ffff858
  0x00007e008ffff869:   jmp    0x00007e008ffff877
  0x00007e008ffff86b:   push   %rax
  0x00007e008ffff86c:   xor    %rax,%rax
  0x00007e008ffff86f:   cmpxchg %rbx,(%r8,%r10,8)
  0x00007e008ffff874:   pop    %rax
  0x00007e008ffff875:   jmp    0x00007e008ffff83c
  0x00007e008ffff877:   mov    $0x6a,%r10d
  0x00007e008ffff87d:   jmp    0x00007e008ffff883
  0x00007e008ffff87f:   add    $0x1,%r10
  0x00007e008ffff883:   addq   $0x1,(%r8,%r10,8)
  0x00007e008ffff888:   movabs $0x922d3670,%rbx             ;   {metadata(&apos;java/util/HashMap$TreeNode&apos;)}
  0x00007e008ffff892:   mov    0x8(%rsi),%ecx
  0x00007e008ffff895:   mov    $0x92000000,%r10d
  0x00007e008ffff89b:   add    %r10,%rcx
  0x00007e008ffff89e:   cmp    %rcx,%rbx
  0x00007e008ffff8a1:   jne    0x00007e008ffff8ac
  0x00007e008ffff8a7:   jmp    0x00007e008ffff8b1
  0x00007e008ffff8ac:   xor    %rdx,%rdx
  0x00007e008ffff8af:   jmp    0x00007e008ffff8b6
  0x00007e008ffff8b1:   mov    $0x1,%edx                    ;*instanceof {reexecute=0 rethrow=0 return_oop=0}
                                                            ; - java.util.HashMap::resize@200 (line 720)
  0x00007e008ffff8b6:   test   %edx,%edx
  0x00007e008ffff8b8:   movabs $0x7e0048132078,%rdx         ;   {metadata(method data for {method} {0x0000000092479430} &apos;resize&apos; &apos;()[Ljava/util/HashMap$Node;&apos; in &apos;java/util/HashMap&apos;)}
  0x00007e008ffff8c2:   mov    $0x380,%ecx
  0x00007e008ffff8c7:   je     0x00007e008ffff8ce
  0x00007e008ffff8c9:   mov    $0x390,%ecx
  0x00007e008ffff8ce:   mov    (%rdx,%rcx,1),%r8
  0x00007e008ffff8d2:   lea    0x1(%r8),%r8
  0x00007e008ffff8d6:   mov    %r8,(%rdx,%rcx,1)
  0x00007e008ffff8da:   je     0x00007e008ffffa2f           ;*ifeq {reexecute=0 rethrow=0 return_oop=0}
                                                            ; - java.util.HashMap::resize@203 (line 720)
  0x00007e008ffff8e0:   mov    %r14d,0x48(%rsp)
  0x00007e008ffff8e5:   test   %rsi,%rsi
  0x00007e008ffff8e8:   movabs $0x7e0048132078,%r8          ;   {metadata(method data for {method} {0x0000000092479430} &apos;resize&apos; &apos;()[Ljava/util/HashMap$Node;&apos; in &apos;java/util/HashMap&apos;)}
  0x00007e008ffff8f2:   jne    0x00007e008ffff901
  0x00007e008ffff8f4:   orb    $0x1,0x399(%r8)
  0x00007e008ffff8fc:   jmp    0x00007e008ffff97d
  0x00007e008ffff901:   mov    0x8(%rsi),%ebx
  0x00007e008ffff904:   mov    $0x92000000,%r10d
  0x00007e008ffff90a:   add    %r10,%rbx
  0x00007e008ffff90d:   mov    $0x75,%r10d
  0x00007e008ffff913:   cmp    (%r8,%r10,8),%rbx
  0x00007e008ffff917:   je     0x00007e008ffff950
  0x00007e008ffff919:   add    $0x2,%r10
  0x00007e008ffff91d:   cmp    $0x79,%r10
  0x00007e008ffff921:   jne    0x00007e008ffff913
  0x00007e008ffff923:   mov    $0x75,%r10d
  0x00007e008ffff929:   cmpq   $0x0,(%r8,%r10,8)
  0x00007e008ffff92e:   je     0x00007e008ffff93c
  0x00007e008ffff930:   add    $0x2,%r10
  0x00007e008ffff934:   cmp    $0x79,%r10
  0x00007e008ffff938:   jne    0x00007e008ffff929
  0x00007e008ffff93a:   jmp    0x00007e008ffff948
  0x00007e008ffff93c:   push   %rax
  0x00007e008ffff93d:   xor    %rax,%rax
  0x00007e008ffff940:   cmpxchg %rbx,(%r8,%r10,8)
  0x00007e008ffff945:   pop    %rax
  0x00007e008ffff946:   jmp    0x00007e008ffff90d
  0x00007e008ffff948:   mov    $0x74,%r10d
  0x00007e008ffff94e:   jmp    0x00007e008ffff954
  0x00007e008ffff950:   add    $0x1,%r10
  0x00007e008ffff954:   addq   $0x1,(%r8,%r10,8)
  0x00007e008ffff959:   movabs $0x922d3670,%rbx             ;   {metadata(&apos;java/util/HashMap$TreeNode&apos;)}
  0x00007e008ffff963:   mov    0x8(%rsi),%ecx
  0x00007e008ffff966:   mov    $0x92000000,%r10d
  0x00007e008ffff96c:   add    %r10,%rcx
  0x00007e008ffff96f:   cmp    %rcx,%rbx
  0x00007e008ffff972:   jne    0x00007e0090000087
  0x00007e008ffff978:   jmp    0x00007e008ffff97d           ;*checkcast {reexecute=0 rethrow=0 return_oop=0}
                                                            ; - java.util.HashMap::resize@208 (line 721)
  0x00007e008ffff97d:   cmp    (%rsi),%rax                  ; implicit exception: dispatches to 0x00007e0090000090
  0x00007e008ffff980:   mov    %rsi,%rcx
  0x00007e008ffff983:   movabs $0x7e0048132078,%r8          ;   {metadata(method data for {method} {0x0000000092479430} &apos;resize&apos; &apos;()[Ljava/util/HashMap$Node;&apos; in &apos;java/util/HashMap&apos;)}
  0x00007e008ffff98d:   mov    0x8(%rcx),%ecx
  0x00007e008ffff990:   mov    $0x92000000,%r10d
  0x00007e008ffff996:   add    %r10,%rcx
  0x00007e008ffff999:   mov    $0x7b,%r10d
  0x00007e008ffff99f:   cmp    (%r8,%r10,8),%rcx
  0x00007e008ffff9a3:   je     0x00007e008ffff9dc
  0x00007e008ffff9a5:   add    $0x2,%r10
  0x00007e008ffff9a9:   cmp    $0x7f,%r10
  0x00007e008ffff9ad:   jne    0x00007e008ffff99f
  0x00007e008ffff9af:   mov    $0x7b,%r10d
  0x00007e008ffff9b5:   cmpq   $0x0,(%r8,%r10,8)
  0x00007e008ffff9ba:   je     0x00007e008ffff9c8
  0x00007e008ffff9bc:   add    $0x2,%r10
  0x00007e008ffff9c0:   cmp    $0x7f,%r10
  0x00007e008ffff9c4:   jne    0x00007e008ffff9b5
  0x00007e008ffff9c6:   jmp    0x00007e008ffff9d4
  0x00007e008ffff9c8:   push   %rax
  0x00007e008ffff9c9:   xor    %rax,%rax
  0x00007e008ffff9cc:   cmpxchg %rcx,(%r8,%r10,8)
  0x00007e008ffff9d1:   pop    %rax
  0x00007e008ffff9d2:   jmp    0x00007e008ffff999
  0x00007e008ffff9d4:   mov    $0x7a,%r10d
  0x00007e008ffff9da:   jmp    0x00007e008ffff9e0
  0x00007e008ffff9dc:   add    $0x1,%r10
  0x00007e008ffff9e0:   addq   $0x1,(%r8,%r10,8)
  0x00007e008ffff9e5:   mov    %r9,%rdx
  0x00007e008ffff9e8:   mov    %rax,%rcx
  0x00007e008ffff9eb:   mov    %rdi,%r8
  0x00007e008ffff9ee:   mov    %r13,%r9                     ;*invokevirtual split {reexecute=0 rethrow=0 return_oop=0}
                                                            ; - java.util.HashMap::resize@217 (line 721)
  0x00007e008ffff9f1:   mov    %edi,0x34(%rsp)
  0x00007e008ffff9f5:   mov    %r13d,0x30(%rsp)
  0x00007e008ffff9fa:   nopl   0x0(%rax,%rax,1)
  0x00007e008ffff9ff:   call   0x00007e00974ad9e0           ; ImmutableOopMap {[56]=Oop [64]=Oop [80]=Oop }
                                                            ;*invokevirtual split {reexecute=0 rethrow=0 return_oop=0}
                                                            ; - java.util.HashMap::resize@217 (line 721)
                                                            ;   {optimized virtual_call}
  0x00007e008ffffa04:   nopl   0x9fc(%rax,%rax,1)           ;*invokevirtual split {reexecute=0 rethrow=0 return_oop=0}
                                                            ; - java.util.HashMap::resize@217 (line 721)
                                                            ;   {post_call_nop}
  0x00007e008ffffa0c:   movabs $0x7e0048132078,%rax         ;   {metadata(method data for {method} {0x0000000092479430} &apos;resize&apos; &apos;()[Ljava/util/HashMap$Node;&apos; in &apos;java/util/HashMap&apos;)}
  0x00007e008ffffa16:   incl   0x400(%rax)
  0x00007e008ffffa1c:   mov    0x34(%rsp),%ecx
  0x00007e008ffffa20:   mov    0x38(%rsp),%rbx
  0x00007e008ffffa25:   mov    0x30(%rsp),%r13d
  0x00007e008ffffa2a:   jmp    0x00007e008fffff18           ;*goto {reexecute=0 rethrow=0 return_oop=0}
                                                            ; - java.util.HashMap::resize@220 (line 721)
  0x00007e008ffffa2f:   mov    %edi,0x34(%rsp)
  0x00007e008ffffa33:   mov    %r14d,0x48(%rsp)
  0x00007e008ffffa38:   mov    %r13d,0x30(%rsp)
  0x00007e008ffffa3d:   movabs $0x0,%rax                    ;   {oop(nullptr)}
  0x00007e008ffffa47:   movabs $0x0,%rdi                    ;   {oop(nullptr)}
  0x00007e008ffffa51:   movabs $0x0,%rbx                    ;   {oop(nullptr)}
  0x00007e008ffffa5b:   movabs $0x0,%rdx                    ;*aload {reexecute=0 rethrow=0 return_oop=0}
                                                            ; - java.util.HashMap::resize@235 (line 727)
                                                            ;   {oop(nullptr)}
  0x00007e008ffffa65:   mov    0x30(%rsp),%r13d
  0x00007e008ffffa6a:   nopw   0x0(%rax,%rax,1)
  0x00007e008ffffa70:   mov    0x18(%rsi),%ecx              ; implicit exception: dispatches to 0x00007e0090000095
  0x00007e008ffffa73:   shl    $0x3,%rcx                    ;*getfield next {reexecute=0 rethrow=0 return_oop=0}
                                                            ; - java.util.HashMap::resize@237 (line 727)
  0x00007e008ffffa77:   mov    0xc(%rsi),%r8d               ;*getfield hash {reexecute=0 rethrow=0 return_oop=0}
                                                            ; - java.util.HashMap::resize@244 (line 728)
  0x00007e008ffffa7b:   and    %r13,%r8
  0x00007e008ffffa7e:   test   %r8d,%r8d
  0x00007e008ffffa81:   movabs $0x7e0048132078,%r8          ;   {metadata(method data for {method} {0x0000000092479430} &apos;resize&apos; &apos;()[Ljava/util/HashMap$Node;&apos; in &apos;java/util/HashMap&apos;)}
  0x00007e008ffffa8b:   mov    $0x418,%r9d
  0x00007e008ffffa91:   jne    0x00007e008ffffa99
  0x00007e008ffffa93:   mov    $0x428,%r9d
  0x00007e008ffffa99:   mov    (%r8,%r9,1),%r11
  0x00007e008ffffa9d:   lea    0x1(%r11),%r11
  0x00007e008ffffaa1:   mov    %r11,(%r8,%r9,1)
  0x00007e008ffffaa5:   jne    0x00007e008ffffb4a           ;*ifne {reexecute=0 rethrow=0 return_oop=0}
                                                            ; - java.util.HashMap::resize@249 (line 728)
  0x00007e008ffffaab:   test   %rbx,%rbx
  0x00007e008ffffaae:   movabs $0x7e0048132078,%r8          ;   {metadata(method data for {method} {0x0000000092479430} &apos;resize&apos; &apos;()[Ljava/util/HashMap$Node;&apos; in &apos;java/util/HashMap&apos;)}
  0x00007e008ffffab8:   mov    $0x438,%r9d
  0x00007e008ffffabe:   jne    0x00007e008ffffac6
  0x00007e008ffffac0:   mov    $0x448,%r9d
  0x00007e008ffffac6:   mov    (%r8,%r9,1),%r11
  0x00007e008ffffaca:   lea    0x1(%r11),%r11
  0x00007e008fffface:   mov    %r11,(%r8,%r9,1)
  0x00007e008ffffad2:   jne    0x00007e008ffffaf0           ;*ifnonnull {reexecute=0 rethrow=0 return_oop=0}
                                                            ; - java.util.HashMap::resize@254 (line 729)
  0x00007e008ffffad8:   movabs $0x7e0048132078,%rbx         ;   {metadata(method data for {method} {0x0000000092479430} &apos;resize&apos; &apos;()[Ljava/util/HashMap$Node;&apos; in &apos;java/util/HashMap&apos;)}
  0x00007e008ffffae2:   incl   0x458(%rbx)
  0x00007e008ffffae8:   mov    %rsi,%rbx
  0x00007e008ffffaeb:   jmp    0x00007e008ffffb32           ;*goto {reexecute=0 rethrow=0 return_oop=0}
                                                            ; - java.util.HashMap::resize@261 (line 730)
  0x00007e008ffffaf0:   movsbl 0x48(%r15),%r8d
  0x00007e008ffffaf5:   test   %r8d,%r8d
  0x00007e008ffffaf8:   jne    0x00007e009000009a
  0x00007e008ffffafe:   mov    %rsi,%r10
  0x00007e008ffffb01:   shr    $0x3,%r10
  0x00007e008ffffb05:   mov    %r10d,0x18(%rbx)             ; implicit exception: dispatches to 0x00007e00900000b9
  0x00007e008ffffb09:   mov    %rbx,%r9
  0x00007e008ffffb0c:   xor    %rsi,%r9
  0x00007e008ffffb0f:   shr    $0x17,%r9
  0x00007e008ffffb13:   je     0x00007e008ffffb2f
  0x00007e008ffffb15:   test   %rsi,%rsi
  0x00007e008ffffb18:   je     0x00007e008ffffb2f
  0x00007e008ffffb1a:   mov    %rbx,%r9
  0x00007e008ffffb1d:   shr    $0x9,%r9
  0x00007e008ffffb21:   add    0x50(%r15),%r9
  0x00007e008ffffb25:   cmpb   $0xff,(%r9)
  0x00007e008ffffb29:   jne    0x00007e008ffffb2f
  0x00007e008ffffb2b:   movb   $0x0,(%r9)                   ;*putfield next {reexecute=0 rethrow=0 return_oop=0}
                                                            ; - java.util.HashMap::resize@268 (line 732)
  0x00007e008ffffb2f:   mov    %rdx,%rbx                    ;*aload {reexecute=0 rethrow=0 return_oop=0}
                                                            ; - java.util.HashMap::resize@271 (line 733)
  0x00007e008ffffb32:   movabs $0x7e0048132078,%rdx         ;   {metadata(method data for {method} {0x0000000092479430} &apos;resize&apos; &apos;()[Ljava/util/HashMap$Node;&apos; in &apos;java/util/HashMap&apos;)}
  0x00007e008ffffb3c:   incl   0x470(%rdx)
  0x00007e008ffffb42:   mov    %rbx,%rdx
  0x00007e008ffffb45:   jmp    0x00007e008ffffbd4           ;*goto {reexecute=0 rethrow=0 return_oop=0}
                                                            ; - java.util.HashMap::resize@275 (line 733)
  0x00007e008ffffb4a:   test   %rax,%rax
  0x00007e008ffffb4d:   movabs $0x7e0048132078,%r8          ;   {metadata(method data for {method} {0x0000000092479430} &apos;resize&apos; &apos;()[Ljava/util/HashMap$Node;&apos; in &apos;java/util/HashMap&apos;)}
  0x00007e008ffffb57:   mov    $0x488,%r9d
  0x00007e008ffffb5d:   jne    0x00007e008ffffb65
  0x00007e008ffffb5f:   mov    $0x498,%r9d
  0x00007e008ffffb65:   mov    (%r8,%r9,1),%r11
  0x00007e008ffffb69:   lea    0x1(%r11),%r11
  0x00007e008ffffb6d:   mov    %r11,(%r8,%r9,1)
  0x00007e008ffffb71:   jne    0x00007e008ffffb8f           ;*ifnonnull {reexecute=0 rethrow=0 return_oop=0}
                                                            ; - java.util.HashMap::resize@280 (line 736)
  0x00007e008ffffb77:   movabs $0x7e0048132078,%rax         ;   {metadata(method data for {method} {0x0000000092479430} &apos;resize&apos; &apos;()[Ljava/util/HashMap$Node;&apos; in &apos;java/util/HashMap&apos;)}
  0x00007e008ffffb81:   incl   0x4a8(%rax)
  0x00007e008ffffb87:   mov    %rsi,%rdi
  0x00007e008ffffb8a:   jmp    0x00007e008ffffbce           ;*goto {reexecute=0 rethrow=0 return_oop=0}
                                                            ; - java.util.HashMap::resize@287 (line 737)
  0x00007e008ffffb8f:   movsbl 0x48(%r15),%r8d
  0x00007e008ffffb94:   test   %r8d,%r8d
  0x00007e008ffffb97:   jne    0x00007e00900000be
  0x00007e008ffffb9d:   mov    %rsi,%r10
  0x00007e008ffffba0:   shr    $0x3,%r10
  0x00007e008ffffba4:   mov    %r10d,0x18(%rax)             ; implicit exception: dispatches to 0x00007e00900000dd
  0x00007e008ffffba8:   mov    %rax,%r9
  0x00007e008ffffbab:   xor    %rsi,%r9
  0x00007e008ffffbae:   shr    $0x17,%r9
  0x00007e008ffffbb2:   je     0x00007e008ffffbce
  0x00007e008ffffbb4:   test   %rsi,%rsi
  0x00007e008ffffbb7:   je     0x00007e008ffffbce
  0x00007e008ffffbb9:   mov    %rax,%r9
  0x00007e008ffffbbc:   shr    $0x9,%r9
  0x00007e008ffffbc0:   add    0x50(%r15),%r9
  0x00007e008ffffbc4:   cmpb   $0xff,(%r9)
  0x00007e008ffffbc8:   jne    0x00007e008ffffbce
  0x00007e008ffffbca:   movb   $0x0,(%r9)                   ;*putfield next {reexecute=0 rethrow=0 return_oop=0}
                                                            ; - java.util.HashMap::resize@294 (line 739)
  0x00007e008ffffbce:   mov    %rsi,%rax
  0x00007e008ffffbd1:   mov    %rbx,%rsi                    ;*aload {reexecute=0 rethrow=0 return_oop=0}
                                                            ; - java.util.HashMap::resize@301 (line 742)
  0x00007e008ffffbd4:   test   %rcx,%rcx
  0x00007e008ffffbd7:   mov    $0x2,%ebx
  0x00007e008ffffbdc:   jne    0x00007e008ffffbe3
  0x00007e008ffffbde:   mov    $0x0,%ebx
  0x00007e008ffffbe3:   movabs $0x7e0048132078,%r8          ;   {metadata(method data for {method} {0x0000000092479430} &apos;resize&apos; &apos;()[Ljava/util/HashMap$Node;&apos; in &apos;java/util/HashMap&apos;)}
  0x00007e008ffffbed:   mov    0x94(%r8),%r9d
  0x00007e008ffffbf4:   add    %ebx,%r9d
  0x00007e008ffffbf7:   mov    %r9d,0x94(%r8)
  0x00007e008ffffbfe:   test   %ebx,%ebx
  0x00007e008ffffc00:   jne    0x00007e008ffffc08
  0x00007e008ffffc02:   mov    $0x2,%r9d
  0x00007e008ffffc08:   and    $0x3ffe,%r9d
  0x00007e008ffffc0f:   test   %r9d,%r9d
  0x00007e008ffffc12:   je     0x00007e00900000e2           ;*ifnonnull {reexecute=0 rethrow=0 return_oop=0}
                                                            ; - java.util.HashMap::resize@306 (line 742)
  0x00007e008ffffc18:   mov    0x30(%r15),%r10              ; ImmutableOopMap {rcx=Oop rax=Oop rdi=Oop rsi=Oop rdx=Oop [56]=Oop [64]=Oop [80]=Oop }
                                                            ;*ifnonnull {reexecute=1 rethrow=0 return_oop=0}
                                                            ; - (reexecute) java.util.HashMap::resize@306 (line 742)
  0x00007e008ffffc1c:   test   %eax,(%r10)                  ;   {poll}
  0x00007e008ffffc1f:   test   %rcx,%rcx
  0x00007e008ffffc22:   movabs $0x7e0048132078,%rbx         ;   {metadata(method data for {method} {0x0000000092479430} &apos;resize&apos; &apos;()[Ljava/util/HashMap$Node;&apos; in &apos;java/util/HashMap&apos;)}
  0x00007e008ffffc2c:   mov    $0x4d0,%r8d
  0x00007e008ffffc32:   je     0x00007e008ffffc3a
  0x00007e008ffffc34:   mov    $0x4c0,%r8d
  0x00007e008ffffc3a:   mov    (%rbx,%r8,1),%r9
  0x00007e008ffffc3e:   lea    0x1(%r9),%r9
  0x00007e008ffffc42:   mov    %r9,(%rbx,%r8,1)
  0x00007e008ffffc46:   je     0x00007e008ffffc57           ;*ifnonnull {reexecute=0 rethrow=0 return_oop=0}
                                                            ; - java.util.HashMap::resize@306 (line 742)
  0x00007e008ffffc4c:   mov    %rsi,%rbx
  0x00007e008ffffc4f:   mov    %rcx,%rsi
  0x00007e008ffffc52:   jmp    0x00007e008ffffa70           ;*aload {reexecute=0 rethrow=0 return_oop=0}
                                                            ; - java.util.HashMap::resize@235 (line 727)
  0x00007e008ffffc57:   test   %rsi,%rsi
  0x00007e008ffffc5a:   movabs $0x7e0048132078,%rbx         ;   {metadata(method data for {method} {0x0000000092479430} &apos;resize&apos; &apos;()[Ljava/util/HashMap$Node;&apos; in &apos;java/util/HashMap&apos;)}
  0x00007e008ffffc64:   mov    $0x4e0,%ecx
  0x00007e008ffffc69:   je     0x00007e008ffffc70
  0x00007e008ffffc6b:   mov    $0x4f0,%ecx
  0x00007e008ffffc70:   mov    (%rbx,%rcx,1),%r8
  0x00007e008ffffc74:   lea    0x1(%r8),%r8
  0x00007e008ffffc78:   mov    %r8,(%rbx,%rcx,1)
  0x00007e008ffffc7c:   mov    0x34(%rsp),%ecx
  0x00007e008ffffc80:   mov    0x38(%rsp),%rbx
  0x00007e008ffffc85:   je     0x00007e008ffffdbd           ;*ifnull {reexecute=0 rethrow=0 return_oop=0}
                                                            ; - java.util.HashMap::resize@311 (line 743)
  0x00007e008ffffc8b:   movsbl 0x48(%r15),%r8d
  0x00007e008ffffc90:   test   %r8d,%r8d
  0x00007e008ffffc93:   jne    0x00007e0090000103
  0x00007e008ffffc99:   movl   $0x0,0x18(%rsi)              ; implicit exception: dispatches to 0x00007e0090000122
                                                            ;*putfield next {reexecute=0 rethrow=0 return_oop=0}
                                                            ; - java.util.HashMap::resize@317 (line 744)
  0x00007e008ffffca0:   cmp    0xc(%rbx),%ecx
  0x00007e008ffffca3:   jae    0x00007e0090000127
  0x00007e008ffffca9:   test   %rdx,%rdx
  0x00007e008ffffcac:   movabs $0x7e0048132078,%r8          ;   {metadata(method data for {method} {0x0000000092479430} &apos;resize&apos; &apos;()[Ljava/util/HashMap$Node;&apos; in &apos;java/util/HashMap&apos;)}
  0x00007e008ffffcb6:   jne    0x00007e008ffffcc5
  0x00007e008ffffcb8:   orb    $0x1,0x4f9(%r8)
  0x00007e008ffffcc0:   jmp    0x00007e008ffffd77
  0x00007e008ffffcc5:   mov    0x8(%rdx),%esi
  0x00007e008ffffcc8:   mov    $0x92000000,%r10d
  0x00007e008ffffcce:   add    %r10,%rsi
  0x00007e008ffffcd1:   mov    $0xa1,%r10d
  0x00007e008ffffcd7:   cmp    (%r8,%r10,8),%rsi
  0x00007e008ffffcdb:   je     0x00007e008ffffd1a
  0x00007e008ffffcdd:   add    $0x2,%r10
  0x00007e008ffffce1:   cmp    $0xa5,%r10
  0x00007e008ffffce8:   jne    0x00007e008ffffcd7
  0x00007e008ffffcea:   mov    $0xa1,%r10d
  0x00007e008ffffcf0:   cmpq   $0x0,(%r8,%r10,8)
  0x00007e008ffffcf5:   je     0x00007e008ffffd06
  0x00007e008ffffcf7:   add    $0x2,%r10
  0x00007e008ffffcfb:   cmp    $0xa5,%r10
  0x00007e008ffffd02:   jne    0x00007e008ffffcf0
  0x00007e008ffffd04:   jmp    0x00007e008ffffd12
  0x00007e008ffffd06:   push   %rax
  0x00007e008ffffd07:   xor    %rax,%rax
  0x00007e008ffffd0a:   cmpxchg %rsi,(%r8,%r10,8)
  0x00007e008ffffd0f:   pop    %rax
  0x00007e008ffffd10:   jmp    0x00007e008ffffcd1
  0x00007e008ffffd12:   mov    $0xa0,%r10d
  0x00007e008ffffd18:   jmp    0x00007e008ffffd1e
  0x00007e008ffffd1a:   add    $0x1,%r10
  0x00007e008ffffd1e:   addq   $0x1,(%r8,%r10,8)
  0x00007e008ffffd23:   mov    0x8(%rbx),%esi               ; implicit exception: dispatches to 0x00007e0090000135
  0x00007e008ffffd26:   mov    $0x92000000,%r10d
  0x00007e008ffffd2c:   add    %r10,%rsi
  0x00007e008ffffd2f:   mov    0x8(%rdx),%r8d
  0x00007e008ffffd33:   mov    $0x92000000,%r10d
  0x00007e008ffffd39:   add    %r10,%r8
  0x00007e008ffffd3c:   mov    0xe0(%rsi),%rsi
  0x00007e008ffffd43:   cmp    %rsi,%r8
  0x00007e008ffffd46:   je     0x00007e008ffffd77
  0x00007e008ffffd4c:   mov    0x10(%rsi),%r9d
  0x00007e008ffffd50:   cmp    (%r8,%r9,1),%rsi
  0x00007e008ffffd54:   je     0x00007e008ffffd77
  0x00007e008ffffd5a:   cmp    $0x20,%r9d
  0x00007e008ffffd5e:   jne    0x00007e009000013a
  0x00007e008ffffd64:   push   %r8
  0x00007e008ffffd66:   push   %rsi
  0x00007e008ffffd67:   call   0x00007e009757fee0           ;   {runtime_call slow_subtype_check_blob (C1 runtime)}
  0x00007e008ffffd6c:   pop    %r8
  0x00007e008ffffd6e:   pop    %rsi
  0x00007e008ffffd6f:   test   %esi,%esi
  0x00007e008ffffd71:   je     0x00007e009000013a
  0x00007e008ffffd77:   movslq %ecx,%rsi
  0x00007e008ffffd7a:   lea    0x10(%rbx,%rsi,4),%rsi
  0x00007e008ffffd7f:   movsbl 0x48(%r15),%r8d
  0x00007e008ffffd84:   test   %r8d,%r8d
  0x00007e008ffffd87:   jne    0x00007e0090000143
  0x00007e008ffffd8d:   mov    %rdx,%r10
  0x00007e008ffffd90:   shr    $0x3,%r10
  0x00007e008ffffd94:   mov    %r10d,(%rsi)
  0x00007e008ffffd97:   mov    %rsi,%r9
  0x00007e008ffffd9a:   xor    %rdx,%r9
  0x00007e008ffffd9d:   shr    $0x17,%r9
  0x00007e008ffffda1:   je     0x00007e008ffffdbd
  0x00007e008ffffda3:   test   %rdx,%rdx
  0x00007e008ffffda6:   je     0x00007e008ffffdbd
  0x00007e008ffffda8:   mov    %rsi,%r9
  0x00007e008ffffdab:   shr    $0x9,%r9
  0x00007e008ffffdaf:   add    0x50(%r15),%r9
  0x00007e008ffffdb3:   cmpb   $0xff,(%r9)
  0x00007e008ffffdb7:   jne    0x00007e008ffffdbd
  0x00007e008ffffdb9:   movb   $0x0,(%r9)                   ;*aastore {reexecute=0 rethrow=0 return_oop=0}
                                                            ; - java.util.HashMap::resize@326 (line 745)
  0x00007e008ffffdbd:   test   %rax,%rax
  0x00007e008ffffdc0:   movabs $0x7e0048132078,%rsi         ;   {metadata(method data for {method} {0x0000000092479430} &apos;resize&apos; &apos;()[Ljava/util/HashMap$Node;&apos; in &apos;java/util/HashMap&apos;)}
  0x00007e008ffffdca:   mov    $0x530,%edx
  0x00007e008ffffdcf:   je     0x00007e008ffffdd6
  0x00007e008ffffdd1:   mov    $0x540,%edx
  0x00007e008ffffdd6:   mov    (%rsi,%rdx,1),%r8
  0x00007e008ffffdda:   lea    0x1(%r8),%r8
  0x00007e008ffffdde:   mov    %r8,(%rsi,%rdx,1)
  0x00007e008ffffde2:   je     0x00007e008fffff18           ;*ifnull {reexecute=0 rethrow=0 return_oop=0}
                                                            ; - java.util.HashMap::resize@329 (line 747)
  0x00007e008ffffde8:   movsbl 0x48(%r15),%esi
  0x00007e008ffffded:   test   %esi,%esi
  0x00007e008ffffdef:   jne    0x00007e0090000161
  0x00007e008ffffdf5:   movl   $0x0,0x18(%rax)              ; implicit exception: dispatches to 0x00007e009000017f
                                                            ;*putfield next {reexecute=0 rethrow=0 return_oop=0}
                                                            ; - java.util.HashMap::resize@335 (line 748)
  0x00007e008ffffdfc:   mov    %rcx,%rax
  0x00007e008ffffdff:   add    %r13d,%eax
  0x00007e008ffffe02:   cmp    0xc(%rbx),%eax
  0x00007e008ffffe05:   jae    0x00007e0090000184
  0x00007e008ffffe0b:   test   %rdi,%rdi
  0x00007e008ffffe0e:   movabs $0x7e0048132078,%rdx         ;   {metadata(method data for {method} {0x0000000092479430} &apos;resize&apos; &apos;()[Ljava/util/HashMap$Node;&apos; in &apos;java/util/HashMap&apos;)}
  0x00007e008ffffe18:   jne    0x00007e008ffffe26
  0x00007e008ffffe1a:   orb    $0x1,0x549(%rdx)
  0x00007e008ffffe21:   jmp    0x00007e008ffffed5
  0x00007e008ffffe26:   mov    0x8(%rdi),%esi
  0x00007e008ffffe29:   mov    $0x92000000,%r10d
  0x00007e008ffffe2f:   add    %r10,%rsi
  0x00007e008ffffe32:   mov    $0xab,%r10d
  0x00007e008ffffe38:   cmp    (%rdx,%r10,8),%rsi
  0x00007e008ffffe3c:   je     0x00007e008ffffe7b
  0x00007e008ffffe3e:   add    $0x2,%r10
  0x00007e008ffffe42:   cmp    $0xaf,%r10
  0x00007e008ffffe49:   jne    0x00007e008ffffe38
  0x00007e008ffffe4b:   mov    $0xab,%r10d
  0x00007e008ffffe51:   cmpq   $0x0,(%rdx,%r10,8)
  0x00007e008ffffe56:   je     0x00007e008ffffe67
  0x00007e008ffffe58:   add    $0x2,%r10
  0x00007e008ffffe5c:   cmp    $0xaf,%r10
  0x00007e008ffffe63:   jne    0x00007e008ffffe51
  0x00007e008ffffe65:   jmp    0x00007e008ffffe73
  0x00007e008ffffe67:   push   %rax
  0x00007e008ffffe68:   xor    %rax,%rax
  0x00007e008ffffe6b:   cmpxchg %rsi,(%rdx,%r10,8)
  0x00007e008ffffe70:   pop    %rax
  0x00007e008ffffe71:   jmp    0x00007e008ffffe32
  0x00007e008ffffe73:   mov    $0xaa,%r10d
  0x00007e008ffffe79:   jmp    0x00007e008ffffe7f
  0x00007e008ffffe7b:   add    $0x1,%r10
  0x00007e008ffffe7f:   addq   $0x1,(%rdx,%r10,8)
  0x00007e008ffffe84:   mov    0x8(%rbx),%esi               ; implicit exception: dispatches to 0x00007e0090000192
  0x00007e008ffffe87:   mov    $0x92000000,%r10d
  0x00007e008ffffe8d:   add    %r10,%rsi
  0x00007e008ffffe90:   mov    0x8(%rdi),%edx
  0x00007e008ffffe93:   mov    $0x92000000,%r10d
  0x00007e008ffffe99:   add    %r10,%rdx
  0x00007e008ffffe9c:   mov    0xe0(%rsi),%rsi
  0x00007e008ffffea3:   cmp    %rsi,%rdx
  0x00007e008ffffea6:   je     0x00007e008ffffed5
  0x00007e008ffffeac:   mov    0x10(%rsi),%r8d
  0x00007e008ffffeb0:   cmp    (%rdx,%r8,1),%rsi
  0x00007e008ffffeb4:   je     0x00007e008ffffed5
  0x00007e008ffffeba:   cmp    $0x20,%r8d
  0x00007e008ffffebe:   jne    0x00007e0090000197
  0x00007e008ffffec4:   push   %rdx
  0x00007e008ffffec5:   push   %rsi
  0x00007e008ffffec6:   call   0x00007e009757fee0           ;   {runtime_call slow_subtype_check_blob (C1 runtime)}
  0x00007e008ffffecb:   pop    %rdx
  0x00007e008ffffecc:   pop    %rsi
  0x00007e008ffffecd:   test   %esi,%esi
  0x00007e008ffffecf:   je     0x00007e0090000197
  0x00007e008ffffed5:   movslq %eax,%rax
  0x00007e008ffffed8:   lea    0x10(%rbx,%rax,4),%rax
  0x00007e008ffffedd:   movsbl 0x48(%r15),%esi
  0x00007e008ffffee2:   test   %esi,%esi
  0x00007e008ffffee4:   jne    0x00007e00900001a0
  0x00007e008ffffeea:   mov    %rdi,%r10
  0x00007e008ffffeed:   shr    $0x3,%r10
  0x00007e008ffffef1:   mov    %r10d,(%rax)
  0x00007e008ffffef4:   mov    %rax,%rdx
  0x00007e008ffffef7:   xor    %rdi,%rdx
  0x00007e008ffffefa:   shr    $0x17,%rdx
  0x00007e008ffffefe:   je     0x00007e008fffff18
  0x00007e008fffff00:   test   %rdi,%rdi
  0x00007e008fffff03:   je     0x00007e008fffff18
  0x00007e008fffff05:   mov    %rax,%rdx
  0x00007e008fffff08:   shr    $0x9,%rdx
  0x00007e008fffff0c:   add    0x50(%r15),%rdx
  0x00007e008fffff10:   cmpb   $0xff,(%rdx)
  0x00007e008fffff13:   jne    0x00007e008fffff18
  0x00007e008fffff15:   movb   $0x0,(%rdx)                  ;*aastore {reexecute=0 rethrow=0 return_oop=0}
                                                            ; - java.util.HashMap::resize@346 (line 749)
  0x00007e008fffff18:   mov    %rcx,%rdi
  0x00007e008fffff1b:   inc    %edi
  0x00007e008fffff1d:   movabs $0x7e0048132078,%rax         ;   {metadata(method data for {method} {0x0000000092479430} &apos;resize&apos; &apos;()[Ljava/util/HashMap$Node;&apos; in &apos;java/util/HashMap&apos;)}
  0x00007e008fffff27:   mov    0x94(%rax),%esi
  0x00007e008fffff2d:   add    $0x2,%esi
  0x00007e008fffff30:   mov    %esi,0x94(%rax)
  0x00007e008fffff36:   and    $0x3ffe,%esi
  0x00007e008fffff3c:   test   %esi,%esi
  0x00007e008fffff3e:   je     0x00007e00900001bd           ;*goto {reexecute=0 rethrow=0 return_oop=0}
                                                            ; - java.util.HashMap::resize@350 (line 714)
  0x00007e008fffff44:   mov    0x30(%r15),%r10              ; ImmutableOopMap {rbx=Oop [56]=Oop [64]=Oop [80]=Oop }
                                                            ;*goto {reexecute=1 rethrow=0 return_oop=0}
                                                            ; - (reexecute) java.util.HashMap::resize@350 (line 714)
  0x00007e008fffff48:   test   %eax,(%r10)                  ;   {poll}
  0x00007e008fffff4b:   movabs $0x7e0048132078,%rax         ;   {metadata(method data for {method} {0x0000000092479430} &apos;resize&apos; &apos;()[Ljava/util/HashMap$Node;&apos; in &apos;java/util/HashMap&apos;)}
  0x00007e008fffff55:   incl   0x580(%rax)
  0x00007e008fffff5b:   mov    %rdi,%rcx
  0x00007e008fffff5e:   mov    %rcx,%rdi
  0x00007e008fffff61:   mov    %rbx,%rax
  0x00007e008fffff64:   mov    0x48(%rsp),%r14d
  0x00007e008fffff69:   mov    0x50(%rsp),%r11
  0x00007e008fffff6e:   mov    0x40(%rsp),%r9
  0x00007e008fffff73:   jmp    0x00007e008ffff508           ;*goto {reexecute=0 rethrow=0 return_oop=0}
                                                            ; - java.util.HashMap::resize@350 (line 714)
  0x00007e008fffff78:   mov    %rax,%rbx
  0x00007e008fffff7b:   mov    %rbx,%rax
  0x00007e008fffff7e:   add    $0x60,%rsp
  0x00007e008fffff82:   pop    %rbp
  0x00007e008fffff83:   cmp    0x28(%r15),%rsp              ;   {poll_return}
  0x00007e008fffff87:   ja     0x00007e00900001de
  0x00007e008fffff8d:   ret                                 ;*areturn {reexecute=0 rethrow=0 return_oop=0}
                                                            ; - java.util.HashMap::resize@355 (line 755)
  0x00007e008fffff8e:   movl   $0x7fffffff,0x24(%rsi)       ;*putfield threshold {reexecute=0 rethrow=0 return_oop=0}
                                                            ; - java.util.HashMap::resize@37 (line 691)
  0x00007e008fffff95:   mov    %r11,%rax
  0x00007e008fffff98:   add    $0x60,%rsp
  0x00007e008fffff9c:   pop    %rbp
  0x00007e008fffff9d:   cmp    0x28(%r15),%rsp              ;   {poll_return}
  0x00007e008fffffa1:   ja     0x00007e00900001f4
  0x00007e008fffffa7:   ret    
  0x00007e008fffffa8:   movabs $0x92479430,%r10             ;   {metadata({method} {0x0000000092479430} &apos;resize&apos; &apos;()[Ljava/util/HashMap$Node;&apos; in &apos;java/util/HashMap&apos;)}
  0x00007e008fffffb2:   mov    %r10,0x8(%rsp)
  0x00007e008fffffb7:   movq   $0xffffffffffffffff,(%rsp)
  0x00007e008fffffbf:   call   0x00007e0097582fe0           ; ImmutableOopMap {rsi=Oop [64]=Oop }
                                                            ;*synchronization entry
                                                            ; - java.util.HashMap::resize@-1 (line 685)
                                                            ;   {runtime_call counter_overflow_blob (C1 runtime)}
  0x00007e008fffffc4:   jmp    0x00007e008ffff187
  0x00007e008fffffc9:   call   0x00007e009757c660           ; ImmutableOopMap {rsi=Oop r11=Oop [64]=Oop [80]=Oop }
                                                            ;*arraylength {reexecute=0 rethrow=0 return_oop=0}
                                                            ; - java.util.HashMap::resize@14 (line 686)
                                                            ;   {runtime_call throw_null_pointer_exception_blob (C1 runtime)}
  0x00007e008fffffce:   call   0x00007e009757dce0           ; ImmutableOopMap {r11=Oop r9=Oop [64]=Oop [80]=Oop }
                                                            ;*anewarray {reexecute=0 rethrow=0 return_oop=0}
                                                            ; - java.util.HashMap::resize@133 (line 711)
                                                            ;   {runtime_call new_object_array_blob (C1 runtime)}
  0x00007e008fffffd3:   jmp    0x00007e008ffff496
  0x00007e008fffffd8:   mov    0x14(%r9),%edx
  0x00007e008fffffdc:   shl    $0x3,%rdx
  0x00007e008fffffe0:   test   %rdx,%rdx
  0x00007e008fffffe3:   je     0x00007e008ffff4a8
  0x00007e008fffffe9:   mov    %rdx,(%rsp)
  0x00007e008fffffed:   call   0x00007e0097583a60           ;   {runtime_call g1_pre_barrier_slow}
  0x00007e008ffffff2:   jmp    0x00007e008ffff4a8
  0x00007e008ffffff7:   call   0x00007e009757c660           ; ImmutableOopMap {rax=Oop r9=Oop r11=Oop [56]=Oop [64]=Oop [80]=Oop }
                                                            ;*aaload {reexecute=0 rethrow=0 return_oop=0}
                                                            ; - java.util.HashMap::resize@160 (line 716)
                                                            ;   {runtime_call throw_null_pointer_exception_blob (C1 runtime)}
  0x00007e008ffffffc:   call   0x00007e009757c660           ; ImmutableOopMap {rax=Oop r9=Oop r11=Oop [56]=Oop [64]=Oop [80]=Oop }
                                                            ;*aaload {reexecute=0 rethrow=0 return_oop=0}
                                                            ; - java.util.HashMap::resize@160 (line 716)
                                                            ;   {runtime_call throw_null_pointer_exception_blob (C1 runtime)}
  0x00007e0090000001:   mov    %rdi,(%rsp)
  0x00007e0090000005:   mov    %r11,0x8(%rsp)
  0x00007e009000000a:   call   0x00007e009757bd60           ; ImmutableOopMap {rax=Oop r9=Oop r11=Oop [56]=Oop [64]=Oop [80]=Oop }
                                                            ;*aaload {reexecute=0 rethrow=0 return_oop=0}
                                                            ; - java.util.HashMap::resize@160 (line 716)
                                                            ;   {runtime_call throw_range_check_failed_blob (C1 runtime)}
  0x00007e009000000f:   mov    %rdi,(%rsp)
  0x00007e0090000013:   mov    %r11,0x8(%rsp)
  0x00007e0090000018:   call   0x00007e009757bd60           ; ImmutableOopMap {rax=Oop r9=Oop r11=Oop rsi=Oop rdx=Oop [56]=Oop [64]=Oop [80]=Oop }
                                                            ;*aastore {reexecute=1 rethrow=0 return_oop=0}
                                                            ; - (reexecute) java.util.HashMap::resize@171 (line 717)
                                                            ;   {runtime_call throw_range_check_failed_blob (C1 runtime)}
  0x00007e009000001d:   call   0x00007e009757c660           ; ImmutableOopMap {rax=Oop r9=Oop r11=Oop rsi=Oop rdx=Oop [56]=Oop [64]=Oop [80]=Oop }
                                                            ;*aastore {reexecute=1 rethrow=0 return_oop=0}
                                                            ; - (reexecute) java.util.HashMap::resize@171 (line 717)
                                                            ;   {runtime_call throw_null_pointer_exception_blob (C1 runtime)}
  0x00007e0090000022:   mov    %rdx,(%rsp)
  0x00007e0090000026:   call   0x00007e009757f0e0           ; ImmutableOopMap {rax=Oop r9=Oop r11=Oop rsi=Oop rdx=Oop [56]=Oop [64]=Oop [80]=Oop }
                                                            ;*aastore {reexecute=1 rethrow=0 return_oop=0}
                                                            ; - (reexecute) java.util.HashMap::resize@171 (line 717)
                                                            ;   {runtime_call throw_array_store_exception_blob (C1 runtime)}
  0x00007e009000002b:   mov    (%rcx),%r8d
  0x00007e009000002e:   shl    $0x3,%r8
  0x00007e0090000032:   test   %r8,%r8
  0x00007e0090000035:   je     0x00007e008ffff675
  0x00007e009000003b:   mov    %r8,(%rsp)
  0x00007e009000003f:   call   0x00007e0097583a60           ;   {runtime_call g1_pre_barrier_slow}
  0x00007e0090000044:   jmp    0x00007e008ffff675
  0x00007e0090000049:   call   0x00007e009757c660           ; ImmutableOopMap {rax=Oop r9=Oop r11=Oop rsi=Oop [56]=Oop [64]=Oop [80]=Oop }
                                                            ;*getfield next {reexecute=1 rethrow=0 return_oop=0}
                                                            ; - (reexecute) java.util.HashMap::resize@174 (line 718)
                                                            ;   {runtime_call throw_null_pointer_exception_blob (C1 runtime)}
  0x00007e009000004e:   mov    %rdx,(%rsp)
  0x00007e0090000052:   mov    %rax,0x8(%rsp)
  0x00007e0090000057:   call   0x00007e009757bd60           ; ImmutableOopMap {rax=Oop r9=Oop r11=Oop rsi=Oop [56]=Oop [64]=Oop [80]=Oop }
                                                            ;*aastore {reexecute=1 rethrow=0 return_oop=0}
                                                            ; - (reexecute) java.util.HashMap::resize@194 (line 719)
                                                            ;   {runtime_call throw_range_check_failed_blob (C1 runtime)}
  0x00007e009000005c:   call   0x00007e009757c660           ; ImmutableOopMap {rax=Oop r9=Oop r11=Oop rsi=Oop [56]=Oop [64]=Oop [80]=Oop }
                                                            ;*aastore {reexecute=1 rethrow=0 return_oop=0}
                                                            ; - (reexecute) java.util.HashMap::resize@194 (line 719)
                                                            ;   {runtime_call throw_null_pointer_exception_blob (C1 runtime)}
  0x00007e0090000061:   mov    %rsi,(%rsp)
  0x00007e0090000065:   call   0x00007e009757f0e0           ; ImmutableOopMap {rax=Oop r9=Oop r11=Oop rsi=Oop [56]=Oop [64]=Oop [80]=Oop }
                                                            ;*aastore {reexecute=1 rethrow=0 return_oop=0}
                                                            ; - (reexecute) java.util.HashMap::resize@194 (line 719)
                                                            ;   {runtime_call throw_array_store_exception_blob (C1 runtime)}
  0x00007e009000006a:   mov    (%rdx),%ecx
  0x00007e009000006c:   shl    $0x3,%rcx
  0x00007e0090000070:   test   %rcx,%rcx
  0x00007e0090000073:   je     0x00007e008ffff7c4
  0x00007e0090000079:   mov    %rcx,(%rsp)
  0x00007e009000007d:   call   0x00007e0097583a60           ;   {runtime_call g1_pre_barrier_slow}
  0x00007e0090000082:   jmp    0x00007e008ffff7c4
  0x00007e0090000087:   mov    %rsi,(%rsp)
  0x00007e009000008b:   call   0x00007e009757f8e0           ; ImmutableOopMap {rax=Oop r9=Oop [56]=Oop [64]=Oop [80]=Oop }
                                                            ;*checkcast {reexecute=0 rethrow=0 return_oop=0}
                                                            ; - java.util.HashMap::resize@208 (line 721)
                                                            ;   {runtime_call throw_class_cast_exception_blob (C1 runtime)}
  0x00007e0090000090:   call   0x00007e009757c660           ; ImmutableOopMap {rax=Oop r9=Oop rsi=Oop [56]=Oop [64]=Oop [80]=Oop }
                                                            ;*invokevirtual split {reexecute=0 rethrow=0 return_oop=0}
                                                            ; - java.util.HashMap::resize@217 (line 721)
                                                            ;   {runtime_call throw_null_pointer_exception_blob (C1 runtime)}
  0x00007e0090000095:   call   0x00007e009757c660           ; ImmutableOopMap {rsi=Oop rax=Oop rdi=Oop rbx=Oop rdx=Oop [56]=Oop [64]=Oop [80]=Oop }
                                                            ;*getfield next {reexecute=1 rethrow=0 return_oop=0}
                                                            ; - (reexecute) java.util.HashMap::resize@237 (line 727)
                                                            ;   {runtime_call throw_null_pointer_exception_blob (C1 runtime)}
  0x00007e009000009a:   mov    0x18(%rbx),%r8d              ; implicit exception: dispatches to 0x00007e009000020a
  0x00007e009000009e:   shl    $0x3,%r8
  0x00007e00900000a2:   test   %r8,%r8
  0x00007e00900000a5:   je     0x00007e008ffffafe
  0x00007e00900000ab:   mov    %r8,(%rsp)
  0x00007e00900000af:   call   0x00007e0097583a60           ;   {runtime_call g1_pre_barrier_slow}
  0x00007e00900000b4:   jmp    0x00007e008ffffafe
  0x00007e00900000b9:   call   0x00007e009757c660           ; ImmutableOopMap {rsi=Oop rax=Oop rdi=Oop rcx=Oop rbx=Oop rdx=Oop [56]=Oop [64]=Oop [80]=Oop }
                                                            ;*putfield next {reexecute=1 rethrow=0 return_oop=0}
                                                            ; - (reexecute) java.util.HashMap::resize@268 (line 732)
                                                            ;   {runtime_call throw_null_pointer_exception_blob (C1 runtime)}
  0x00007e00900000be:   mov    0x18(%rax),%r8d              ; implicit exception: dispatches to 0x00007e009000020f
  0x00007e00900000c2:   shl    $0x3,%r8
  0x00007e00900000c6:   test   %r8,%r8
  0x00007e00900000c9:   je     0x00007e008ffffb9d
  0x00007e00900000cf:   mov    %r8,(%rsp)
  0x00007e00900000d3:   call   0x00007e0097583a60           ;   {runtime_call g1_pre_barrier_slow}
  0x00007e00900000d8:   jmp    0x00007e008ffffb9d
  0x00007e00900000dd:   call   0x00007e009757c660           ; ImmutableOopMap {rcx=Oop rbx=Oop rdx=Oop rsi=Oop rdi=Oop rax=Oop [56]=Oop [64]=Oop [80]=Oop }
                                                            ;*putfield next {reexecute=1 rethrow=0 return_oop=0}
                                                            ; - (reexecute) java.util.HashMap::resize@294 (line 739)
                                                            ;   {runtime_call throw_null_pointer_exception_blob (C1 runtime)}
  0x00007e00900000e2:   movabs $0x92479430,%r10             ;   {metadata({method} {0x0000000092479430} &apos;resize&apos; &apos;()[Ljava/util/HashMap$Node;&apos; in &apos;java/util/HashMap&apos;)}
  0x00007e00900000ec:   mov    %r10,0x8(%rsp)
  0x00007e00900000f1:   movq   $0x132,(%rsp)
  0x00007e00900000f9:   call   0x00007e0097582fe0           ; ImmutableOopMap {rcx=Oop rax=Oop rdi=Oop rsi=Oop rdx=Oop [56]=Oop [64]=Oop [80]=Oop }
                                                            ;*ifnonnull {reexecute=1 rethrow=0 return_oop=0}
                                                            ; - (reexecute) java.util.HashMap::resize@306 (line 742)
                                                            ;   {runtime_call counter_overflow_blob (C1 runtime)}
  0x00007e00900000fe:   jmp    0x00007e008ffffc18
  0x00007e0090000103:   mov    0x18(%rsi),%r8d              ; implicit exception: dispatches to 0x00007e0090000214
  0x00007e0090000107:   shl    $0x3,%r8
  0x00007e009000010b:   test   %r8,%r8
  0x00007e009000010e:   je     0x00007e008ffffc99
  0x00007e0090000114:   mov    %r8,(%rsp)
  0x00007e0090000118:   call   0x00007e0097583a60           ;   {runtime_call g1_pre_barrier_slow}
  0x00007e009000011d:   jmp    0x00007e008ffffc99
  0x00007e0090000122:   call   0x00007e009757c660           ; ImmutableOopMap {rdi=Oop rax=Oop rbx=Oop rdx=Oop [56]=Oop [64]=Oop [80]=Oop }
                                                            ;*putfield next {reexecute=1 rethrow=0 return_oop=0}
                                                            ; - (reexecute) java.util.HashMap::resize@317 (line 744)
                                                            ;   {runtime_call throw_null_pointer_exception_blob (C1 runtime)}
  0x00007e0090000127:   mov    %rcx,(%rsp)
  0x00007e009000012b:   mov    %rbx,0x8(%rsp)
  0x00007e0090000130:   call   0x00007e009757bd60           ; ImmutableOopMap {rdi=Oop rax=Oop rbx=Oop rdx=Oop [56]=Oop [64]=Oop [80]=Oop }
                                                            ;*aastore {reexecute=1 rethrow=0 return_oop=0}
                                                            ; - (reexecute) java.util.HashMap::resize@326 (line 745)
                                                            ;   {runtime_call throw_range_check_failed_blob (C1 runtime)}
  0x00007e0090000135:   call   0x00007e009757c660           ; ImmutableOopMap {rdi=Oop rax=Oop rbx=Oop rdx=Oop [56]=Oop [64]=Oop [80]=Oop }
                                                            ;*aastore {reexecute=1 rethrow=0 return_oop=0}
                                                            ; - (reexecute) java.util.HashMap::resize@326 (line 745)
                                                            ;   {runtime_call throw_null_pointer_exception_blob (C1 runtime)}
  0x00007e009000013a:   mov    %rdx,(%rsp)
  0x00007e009000013e:   call   0x00007e009757f0e0           ; ImmutableOopMap {rdi=Oop rax=Oop rbx=Oop rdx=Oop [56]=Oop [64]=Oop [80]=Oop }
                                                            ;*aastore {reexecute=1 rethrow=0 return_oop=0}
                                                            ; - (reexecute) java.util.HashMap::resize@326 (line 745)
                                                            ;   {runtime_call throw_array_store_exception_blob (C1 runtime)}
  0x00007e0090000143:   mov    (%rsi),%r8d
  0x00007e0090000146:   shl    $0x3,%r8
  0x00007e009000014a:   test   %r8,%r8
  0x00007e009000014d:   je     0x00007e008ffffd8d
  0x00007e0090000153:   mov    %r8,(%rsp)
  0x00007e0090000157:   call   0x00007e0097583a60           ;   {runtime_call g1_pre_barrier_slow}
  0x00007e009000015c:   jmp    0x00007e008ffffd8d
  0x00007e0090000161:   mov    0x18(%rax),%esi              ; implicit exception: dispatches to 0x00007e0090000219
  0x00007e0090000164:   shl    $0x3,%rsi
  0x00007e0090000168:   test   %rsi,%rsi
  0x00007e009000016b:   je     0x00007e008ffffdf5
  0x00007e0090000171:   mov    %rsi,(%rsp)
  0x00007e0090000175:   call   0x00007e0097583a60           ;   {runtime_call g1_pre_barrier_slow}
  0x00007e009000017a:   jmp    0x00007e008ffffdf5
  0x00007e009000017f:   call   0x00007e009757c660           ; ImmutableOopMap {rbx=Oop rdi=Oop [56]=Oop [64]=Oop [80]=Oop }
                                                            ;*putfield next {reexecute=1 rethrow=0 return_oop=0}
                                                            ; - (reexecute) java.util.HashMap::resize@335 (line 748)
                                                            ;   {runtime_call throw_null_pointer_exception_blob (C1 runtime)}
  0x00007e0090000184:   mov    %rax,(%rsp)
  0x00007e0090000188:   mov    %rbx,0x8(%rsp)
  0x00007e009000018d:   call   0x00007e009757bd60           ; ImmutableOopMap {rbx=Oop rdi=Oop [56]=Oop [64]=Oop [80]=Oop }
                                                            ;*aastore {reexecute=1 rethrow=0 return_oop=0}
                                                            ; - (reexecute) java.util.HashMap::resize@346 (line 749)
                                                            ;   {runtime_call throw_range_check_failed_blob (C1 runtime)}
  0x00007e0090000192:   call   0x00007e009757c660           ; ImmutableOopMap {rbx=Oop rdi=Oop [56]=Oop [64]=Oop [80]=Oop }
                                                            ;*aastore {reexecute=1 rethrow=0 return_oop=0}
                                                            ; - (reexecute) java.util.HashMap::resize@346 (line 749)
                                                            ;   {runtime_call throw_null_pointer_exception_blob (C1 runtime)}
  0x00007e0090000197:   mov    %rdi,(%rsp)
  0x00007e009000019b:   call   0x00007e009757f0e0           ; ImmutableOopMap {rbx=Oop rdi=Oop [56]=Oop [64]=Oop [80]=Oop }
                                                            ;*aastore {reexecute=1 rethrow=0 return_oop=0}
                                                            ; - (reexecute) java.util.HashMap::resize@346 (line 749)
                                                            ;   {runtime_call throw_array_store_exception_blob (C1 runtime)}
  0x00007e00900001a0:   mov    (%rax),%esi
  0x00007e00900001a2:   shl    $0x3,%rsi
  0x00007e00900001a6:   test   %rsi,%rsi
  0x00007e00900001a9:   je     0x00007e008ffffeea
  0x00007e00900001af:   mov    %rsi,(%rsp)
  0x00007e00900001b3:   call   0x00007e0097583a60           ;   {runtime_call g1_pre_barrier_slow}
  0x00007e00900001b8:   jmp    0x00007e008ffffeea
  0x00007e00900001bd:   movabs $0x92479430,%r10             ;   {metadata({method} {0x0000000092479430} &apos;resize&apos; &apos;()[Ljava/util/HashMap$Node;&apos; in &apos;java/util/HashMap&apos;)}
  0x00007e00900001c7:   mov    %r10,0x8(%rsp)
  0x00007e00900001cc:   movq   $0x15e,(%rsp)
  0x00007e00900001d4:   call   0x00007e0097582fe0           ; ImmutableOopMap {rbx=Oop [56]=Oop [64]=Oop [80]=Oop }
                                                            ;*goto {reexecute=1 rethrow=0 return_oop=0}
                                                            ; - (reexecute) java.util.HashMap::resize@350 (line 714)
                                                            ;   {runtime_call counter_overflow_blob (C1 runtime)}
  0x00007e00900001d9:   jmp    0x00007e008fffff44
  0x00007e00900001de:   movabs $0x7e008fffff83,%r10         ;   {internal_word}
  0x00007e00900001e8:   mov    %r10,0x510(%r15)
  0x00007e00900001ef:   jmp    0x00007e00974afb60           ;   {runtime_call SafepointBlob}
  0x00007e00900001f4:   movabs $0x7e008fffff9d,%r10         ;   {internal_word}
  0x00007e00900001fe:   mov    %r10,0x510(%r15)
  0x00007e0090000205:   jmp    0x00007e00974afb60           ;   {runtime_call SafepointBlob}
  0x00007e009000020a:   call   0x00007e009757c660           ; ImmutableOopMap {rsi=Oop rax=Oop rdi=Oop rcx=Oop rbx=Oop rdx=Oop [56]=Oop [64]=Oop [80]=Oop }
                                                            ;*putfield next {reexecute=1 rethrow=0 return_oop=0}
                                                            ; - (reexecute) java.util.HashMap::resize@268 (line 732)
                                                            ;   {runtime_call throw_null_pointer_exception_blob (C1 runtime)}
  0x00007e009000020f:   call   0x00007e009757c660           ; ImmutableOopMap {rcx=Oop rbx=Oop rdx=Oop rsi=Oop rdi=Oop rax=Oop [56]=Oop [64]=Oop [80]=Oop }
                                                            ;*putfield next {reexecute=1 rethrow=0 return_oop=0}
                                                            ; - (reexecute) java.util.HashMap::resize@294 (line 739)
                                                            ;   {runtime_call throw_null_pointer_exception_blob (C1 runtime)}
  0x00007e0090000214:   call   0x00007e009757c660           ; ImmutableOopMap {rdi=Oop rax=Oop rbx=Oop rdx=Oop rsi=Oop [56]=Oop [64]=Oop [80]=Oop }
                                                            ;*putfield next {reexecute=1 rethrow=0 return_oop=0}
                                                            ; - (reexecute) java.util.HashMap::resize@317 (line 744)
                                                            ;   {runtime_call throw_null_pointer_exception_blob (C1 runtime)}
  0x00007e0090000219:   call   0x00007e009757c660           ; ImmutableOopMap {rbx=Oop rax=Oop rdi=Oop [56]=Oop [64]=Oop [80]=Oop }
                                                            ;*putfield next {reexecute=1 rethrow=0 return_oop=0}
                                                            ; - (reexecute) java.util.HashMap::resize@335 (line 748)
                                                            ;   {runtime_call throw_null_pointer_exception_blob (C1 runtime)}
  0x00007e009000021e:   mov    0x5c0(%r15),%rax
  0x00007e0090000225:   movq   $0x0,0x5c0(%r15)
  0x00007e0090000230:   movq   $0x0,0x5c8(%r15)
  0x00007e009000023b:   add    $0x60,%rsp
  0x00007e009000023f:   pop    %rbp
  0x00007e0090000240:   jmp    0x00007e009757b760           ;   {runtime_call unwind_exception_blob (C1 runtime)}
  0x00007e0090000245:   hlt    
  0x00007e0090000246:   hlt    
  0x00007e0090000247:   hlt    
[Stub Code]
  0x00007e0090000248:   movabs $0x0,%rbx                    ;   {static_stub}
  0x00007e0090000252:   jmp    0x00007e0090000252           ;   {runtime_call nmethod}
[Exception Handler]
  0x00007e0090000257:   call   0x00007e009757ede0           ;   {runtime_call handle_exception_from_callee_blob (C1 runtime)}
  0x00007e009000025c:   movabs $0x7e00ad93aec4,%rdi         ;   {external_word}
  0x00007e0090000266:   and    $0xfffffffffffffff0,%rsp
  0x00007e009000026a:   call   0x00007e00ad391cc0           ;   {runtime_call MacroAssembler::debug64(char*, long, long*)}
  0x00007e009000026f:   hlt    
  0x00007e0090000270:   call   0x00007e00974afe60           ;   {runtime_call DeoptimizationBlob}
[Deopt Handler Entry Point]
  0x00007e0090000275:   jmp    0x00007e0090000270
  0x00007e0090000277:   hlt    
--------------------------------------------------------------------------------
[/Disassembly]
