
============================= C1-compiled nmethod ==============================
----------------------------------- Assembly -----------------------------------

Compiled method (c1) 412   29       3       java.util.ImmutableCollections$AbstractImmutableList::iterator (13 bytes)
 total in heap  [0x000077845ffff008,0x000077845ffff430] = 1064
 main code      [0x000077845ffff100,0x000077845ffff3f8] = 760
 stub code      [0x000077845ffff3f8,0x000077845ffff430] = 56
 mutable data [0x0000778408014f00,0x0000778408014f68] = 104
 relocation     [0x0000778408014f00,0x0000778408014f50] = 80
 metadata       [0x0000778408014f50,0x0000778408014f68] = 24
 immutable data [0x0000778408014d90,0x0000778408014ef4] = 356
 dependencies   [0x0000778408014d90,0x0000778408014d98] = 8
 scopes pcs     [0x0000778408014d98,0x0000778408014e78] = 224
 scopes data    [0x0000778408014e78,0x0000778408014ef0] = 120

[Disassembly]
--------------------------------------------------------------------------------
[Constant Pool (empty)]

--------------------------------------------------------------------------------

[Instructions begin]
  0x000077845ffff100:   data16 data16 nopw 0x0(%rax,%rax,1)
  0x000077845ffff10b:   data16 data16 xchg %ax,%ax
  0x000077845ffff10f:   data16 xchg %ax,%ax
[Entry Point]
  # {method} {0x000000003826ced0} &apos;iterator&apos; &apos;()Ljava/util/Iterator;&apos; in &apos;java/util/ImmutableCollections$AbstractImmutableList&apos;
  #           [sp+0x70]  (sp of caller)
  0x000077845ffff112:   mov    0x8(%rsi),%r10d
  0x000077845ffff116:   cmp    0x8(%rax),%r10d
  0x000077845ffff11a:   jne    0x00007784674ad6e0           ;   {runtime_call ic_miss_blob (shared runtime)}
[Verified Entry Point]
  0x000077845ffff120:   mov    %eax,-0x14000(%rsp)
  0x000077845ffff127:   push   %rbp
  0x000077845ffff128:   sub    $0x60,%rsp
  0x000077845ffff12c:   cmpl   $0x1,0x20(%r15)
  0x000077845ffff134:   je     0x000077845ffff13b
  0x000077845ffff136:   call   Stub::method_entry_barrier_stub (stub gen)
                                                            ;   {runtime_call Stub::method_entry_barrier_stub (stub gen)}
  0x000077845ffff13b:   movabs $0x778418132820,%rdx         ;   {metadata(method data for {method} {0x000000003826ced0} &apos;iterator&apos; &apos;()Ljava/util/Iterator;&apos; in &apos;java/util/ImmutableCollections$AbstractImmutableList&apos;)}
  0x000077845ffff145:   mov    0x90(%rdx),%edi
  0x000077845ffff14b:   add    $0x2,%edi
  0x000077845ffff14e:   mov    %edi,0x90(%rdx)
  0x000077845ffff154:   and    $0x7fe,%edi
  0x000077845ffff15a:   test   %edi,%edi
  0x000077845ffff15c:   je     0x000077845ffff327
  0x000077845ffff162:   movabs $0x382bca60,%rdx             ;   {metadata(&apos;java/util/ImmutableCollections$ListItr&apos;)}
  0x000077845ffff16c:   mov    %rsi,%rbx
  0x000077845ffff16f:   mov    0x1b0(%r15),%rax
  0x000077845ffff176:   lea    0x20(%rax),%rdi
  0x000077845ffff17a:   cmp    0x1c0(%r15),%rdi
  0x000077845ffff181:   ja     0x000077845ffff348
  0x000077845ffff187:   mov    %rdi,0x1b0(%r15)
  0x000077845ffff18e:   movq   $0x1,(%rax)
  0x000077845ffff195:   mov    %rdx,%rcx
  0x000077845ffff198:   mov    $0x38000000,%r10d
  0x000077845ffff19e:   sub    %r10,%rcx
  0x000077845ffff1a1:   mov    %ecx,0x8(%rax)
  0x000077845ffff1a4:   xor    %rcx,%rcx
  0x000077845ffff1a7:   mov    %ecx,0xc(%rax)
  0x000077845ffff1aa:   xor    %rcx,%rcx
  0x000077845ffff1ad:   mov    %rcx,0x10(%rax)
  0x000077845ffff1b1:   mov    %rcx,0x18(%rax)              ;*new {reexecute=0 rethrow=0 return_oop=0}
                                                            ; - java.util.ImmutableCollections$AbstractImmutableList::iterator@0 (line 300)
  0x000077845ffff1b5:   mov    %rbx,%rsi
  0x000077845ffff1b8:   movabs $0x778418132820,%rdi         ;   {metadata(method data for {method} {0x000000003826ced0} &apos;iterator&apos; &apos;()Ljava/util/Iterator;&apos; in &apos;java/util/ImmutableCollections$AbstractImmutableList&apos;)}
  0x000077845ffff1c2:   mov    0x8(%rsi),%esi
  0x000077845ffff1c5:   mov    $0x38000000,%r10d
  0x000077845ffff1cb:   add    %r10,%rsi
  0x000077845ffff1ce:   mov    $0x1c,%r10d
  0x000077845ffff1d4:   cmp    (%rdi,%r10,8),%rsi
  0x000077845ffff1d8:   je     0x000077845ffff211
  0x000077845ffff1da:   add    $0x2,%r10
  0x000077845ffff1de:   cmp    $0x20,%r10
  0x000077845ffff1e2:   jne    0x000077845ffff1d4
  0x000077845ffff1e4:   mov    $0x1c,%r10d
  0x000077845ffff1ea:   cmpq   $0x0,(%rdi,%r10,8)
  0x000077845ffff1ef:   je     0x000077845ffff1fd
  0x000077845ffff1f1:   add    $0x2,%r10
  0x000077845ffff1f5:   cmp    $0x20,%r10
  0x000077845ffff1f9:   jne    0x000077845ffff1ea
  0x000077845ffff1fb:   jmp    0x000077845ffff209
  0x000077845ffff1fd:   push   %rax
  0x000077845ffff1fe:   xor    %rax,%rax
  0x000077845ffff201:   cmpxchg %rsi,(%rdi,%r10,8)
  0x000077845ffff206:   pop    %rax
  0x000077845ffff207:   jmp    0x000077845ffff1ce
  0x000077845ffff209:   mov    $0x1b,%r10d
  0x000077845ffff20f:   jmp    0x000077845ffff215
  0x000077845ffff211:   add    $0x1,%r10
  0x000077845ffff215:   addq   $0x1,(%rdi,%r10,8)
  0x000077845ffff21a:   mov    %rbx,%rsi                    ;*invokevirtual size {reexecute=0 rethrow=0 return_oop=0}
                                                            ; - java.util.ImmutableCollections$AbstractImmutableList::iterator@6 (line 300)
  0x000077845ffff21d:   mov    %rbx,0x50(%rsp)
  0x000077845ffff222:   mov    %rax,0x48(%rsp)
  0x000077845ffff227:   nopw   0x0(%rax,%rax,1)
  0x000077845ffff22d:   movabs $0x778408015020,%rax
  0x000077845ffff237:   call   0x00007784674adce0           ; ImmutableOopMap {[72]=Oop [80]=Oop }
                                                            ;*invokevirtual size {reexecute=0 rethrow=0 return_oop=0}
                                                            ; - java.util.ImmutableCollections$AbstractImmutableList::iterator@6 (line 300)
                                                            ;   {virtual_call}
  0x000077845ffff23c:   nopl   0x234(%rax,%rax,1)           ;*invokevirtual size {reexecute=0 rethrow=0 return_oop=0}
                                                            ; - java.util.ImmutableCollections$AbstractImmutableList::iterator@6 (line 300)
                                                            ;   {post_call_nop}
  0x000077845ffff244:   mov    0x48(%rsp),%rsi
  0x000077845ffff249:   movabs $0x778418132820,%rdi         ;   {metadata(method data for {method} {0x000000003826ced0} &apos;iterator&apos; &apos;()Ljava/util/Iterator;&apos; in &apos;java/util/ImmutableCollections$AbstractImmutableList&apos;)}
  0x000077845ffff253:   addq   $0x1,0x108(%rdi)
  0x000077845ffff25b:   movabs $0x778418132978,%rsi         ;   {metadata(method data for {method} {0x00000000382bcd88} &apos;&lt;init&gt;&apos; &apos;(Ljava/util/List;I)V&apos; in &apos;java/util/ImmutableCollections$ListItr&apos;)}
  0x000077845ffff265:   mov    0x90(%rsi),%edi
  0x000077845ffff26b:   add    $0x2,%edi
  0x000077845ffff26e:   mov    %edi,0x90(%rsi)
  0x000077845ffff274:   and    $0x1ffffe,%edi
  0x000077845ffff27a:   test   %edi,%edi
  0x000077845ffff27c:   je     0x000077845ffff355
  0x000077845ffff282:   mov    0x48(%rsp),%rsi
  0x000077845ffff287:   movabs $0x778418132978,%rdi         ;   {metadata(method data for {method} {0x00000000382bcd88} &apos;&lt;init&gt;&apos; &apos;(Ljava/util/List;I)V&apos; in &apos;java/util/ImmutableCollections$ListItr&apos;)}
  0x000077845ffff291:   addq   $0x1,0xd8(%rdi)
  0x000077845ffff299:   movabs $0x778418132730,%rsi         ;   {metadata(method data for {method} {0x00000000384a6d78} &apos;&lt;init&gt;&apos; &apos;()V&apos; in &apos;java/lang/Object&apos;)}
  0x000077845ffff2a3:   mov    0x90(%rsi),%edi
  0x000077845ffff2a9:   add    $0x2,%edi
  0x000077845ffff2ac:   mov    %edi,0x90(%rsi)
  0x000077845ffff2b2:   and    $0x1ffffe,%edi
  0x000077845ffff2b8:   test   %edi,%edi
  0x000077845ffff2ba:   je     0x000077845ffff376
  0x000077845ffff2c0:   movsbl 0x48(%r15),%esi
  0x000077845ffff2c5:   test   %esi,%esi
  0x000077845ffff2c7:   mov    0x48(%rsp),%rsi
  0x000077845ffff2cc:   jne    0x000077845ffff397
  0x000077845ffff2d2:   mov    0x50(%rsp),%rdi
  0x000077845ffff2d7:   mov    %rdi,%r10
  0x000077845ffff2da:   shr    $0x3,%r10
  0x000077845ffff2de:   mov    %r10d,0x18(%rsi)
  0x000077845ffff2e2:   mov    %rsi,%rdx
  0x000077845ffff2e5:   xor    %rdi,%rdx
  0x000077845ffff2e8:   shr    $0x17,%rdx
  0x000077845ffff2ec:   je     0x000077845ffff306
  0x000077845ffff2ee:   test   %rdi,%rdi
  0x000077845ffff2f1:   je     0x000077845ffff306
  0x000077845ffff2f3:   mov    %rsi,%rdx
  0x000077845ffff2f6:   shr    $0x9,%rdx
  0x000077845ffff2fa:   add    0x50(%r15),%rdx
  0x000077845ffff2fe:   cmpb   $0xff,(%rdx)
  0x000077845ffff301:   jne    0x000077845ffff306
  0x000077845ffff303:   movb   $0x0,(%rdx)                  ;*putfield list {reexecute=0 rethrow=0 return_oop=0}
                                                            ; - java.util.ImmutableCollections$ListItr::&lt;init&gt;@6 (line 374)
                                                            ; - java.util.ImmutableCollections$AbstractImmutableList::iterator@9 (line 300)
  0x000077845ffff306:   mov    %eax,0xc(%rsi)               ;*putfield size {reexecute=0 rethrow=0 return_oop=0}
                                                            ; - java.util.ImmutableCollections$ListItr::&lt;init&gt;@11 (line 375)
                                                            ; - java.util.ImmutableCollections$AbstractImmutableList::iterator@9 (line 300)
  0x000077845ffff309:   movl   $0x0,0x10(%rsi)              ;*putfield cursor {reexecute=0 rethrow=0 return_oop=0}
                                                            ; - java.util.ImmutableCollections$ListItr::&lt;init&gt;@16 (line 376)
                                                            ; - java.util.ImmutableCollections$AbstractImmutableList::iterator@9 (line 300)
  0x000077845ffff310:   movb   $0x0,0x14(%rsi)              ;*putfield isListIterator {reexecute=0 rethrow=0 return_oop=0}
                                                            ; - java.util.ImmutableCollections$ListItr::&lt;init&gt;@21 (line 377)
                                                            ; - java.util.ImmutableCollections$AbstractImmutableList::iterator@9 (line 300)
  0x000077845ffff314:   mov    %rsi,%rax
  0x000077845ffff317:   add    $0x60,%rsp
  0x000077845ffff31b:   pop    %rbp
  0x000077845ffff31c:   cmp    0x28(%r15),%rsp              ;   {poll_return}
  0x000077845ffff320:   ja     0x000077845ffff3b5
  0x000077845ffff326:   ret    
  0x000077845ffff327:   movabs $0x3826ced0,%r10             ;   {metadata({method} {0x000000003826ced0} &apos;iterator&apos; &apos;()Ljava/util/Iterator;&apos; in &apos;java/util/ImmutableCollections$AbstractImmutableList&apos;)}
  0x000077845ffff331:   mov    %r10,0x8(%rsp)
  0x000077845ffff336:   movq   $0xffffffffffffffff,(%rsp)
  0x000077845ffff33e:   call   0x0000778467581ce0           ; ImmutableOopMap {rsi=Oop }
                                                            ;*synchronization entry
                                                            ; - java.util.ImmutableCollections$AbstractImmutableList::iterator@-1 (line 300)
                                                            ;   {runtime_call counter_overflow_blob (C1 runtime)}
  0x000077845ffff343:   jmp    0x000077845ffff162
  0x000077845ffff348:   mov    %rdx,%rdx
  0x000077845ffff34b:   call   0x000077846757cae0           ; ImmutableOopMap {rbx=Oop }
                                                            ;*new {reexecute=0 rethrow=0 return_oop=0}
                                                            ; - java.util.ImmutableCollections$AbstractImmutableList::iterator@0 (line 300)
                                                            ;   {runtime_call fast_new_instance_blob (C1 runtime)}
  0x000077845ffff350:   jmp    0x000077845ffff1b5
  0x000077845ffff355:   movabs $0x382bcd88,%r10             ;   {metadata({method} {0x00000000382bcd88} &apos;&lt;init&gt;&apos; &apos;(Ljava/util/List;I)V&apos; in &apos;java/util/ImmutableCollections$ListItr&apos;)}
  0x000077845ffff35f:   mov    %r10,0x8(%rsp)
  0x000077845ffff364:   movq   $0xffffffffffffffff,(%rsp)
  0x000077845ffff36c:   call   0x0000778467581ce0           ; ImmutableOopMap {[72]=Oop [80]=Oop }
                                                            ;*synchronization entry
                                                            ; - java.util.ImmutableCollections$ListItr::&lt;init&gt;@-1 (line 373)
                                                            ; - java.util.ImmutableCollections$AbstractImmutableList::iterator@9 (line 300)
                                                            ;   {runtime_call counter_overflow_blob (C1 runtime)}
  0x000077845ffff371:   jmp    0x000077845ffff282
  0x000077845ffff376:   movabs $0x384a6d78,%r10             ;   {metadata({method} {0x00000000384a6d78} &apos;&lt;init&gt;&apos; &apos;()V&apos; in &apos;java/lang/Object&apos;)}
  0x000077845ffff380:   mov    %r10,0x8(%rsp)
  0x000077845ffff385:   movq   $0xffffffffffffffff,(%rsp)
  0x000077845ffff38d:   call   0x0000778467581ce0           ; ImmutableOopMap {[72]=Oop [80]=Oop }
                                                            ;*synchronization entry
                                                            ; - java.lang.Object::&lt;init&gt;@-1 (line 46)
                                                            ; - java.util.ImmutableCollections$ListItr::&lt;init&gt;@1 (line 373)
                                                            ; - java.util.ImmutableCollections$AbstractImmutableList::iterator@9 (line 300)
                                                            ;   {runtime_call counter_overflow_blob (C1 runtime)}
  0x000077845ffff392:   jmp    0x000077845ffff2c0
  0x000077845ffff397:   mov    0x18(%rsi),%edi
  0x000077845ffff39a:   shl    $0x3,%rdi
  0x000077845ffff39e:   test   %rdi,%rdi
  0x000077845ffff3a1:   je     0x000077845ffff2d2
  0x000077845ffff3a7:   mov    %rdi,(%rsp)
  0x000077845ffff3ab:   call   0x00007784675822e0           ;   {runtime_call g1_pre_barrier_slow}
  0x000077845ffff3b0:   jmp    0x000077845ffff2d2
  0x000077845ffff3b5:   movabs $0x77845ffff31c,%r10         ;   {internal_word}
  0x000077845ffff3bf:   mov    %r10,0x510(%r15)
  0x000077845ffff3c6:   jmp    0x00007784674afb60           ;   {runtime_call SafepointBlob}
  0x000077845ffff3cb:   mov    0x5c0(%r15),%rax
  0x000077845ffff3d2:   movq   $0x0,0x5c0(%r15)
  0x000077845ffff3dd:   movq   $0x0,0x5c8(%r15)
  0x000077845ffff3e8:   add    $0x60,%rsp
  0x000077845ffff3ec:   pop    %rbp
  0x000077845ffff3ed:   jmp    0x000077846757ae60           ;   {runtime_call unwind_exception_blob (C1 runtime)}
  0x000077845ffff3f2:   hlt    
  0x000077845ffff3f3:   hlt    
  0x000077845ffff3f4:   hlt    
  0x000077845ffff3f5:   hlt    
  0x000077845ffff3f6:   hlt    
  0x000077845ffff3f7:   hlt    
[Stub Code]
  0x000077845ffff3f8:   nopl   0x0(%rax,%rax,1)             ;   {other}
  0x000077845ffff3fd:   movabs $0x0,%rbx                    ;   {static_stub}
  0x000077845ffff407:   jmp    0x000077845ffff407           ;   {runtime_call nmethod}
[Exception Handler]
  0x000077845ffff40c:   call   0x000077846757e460           ;   {runtime_call handle_exception_from_callee_blob (C1 runtime)}
  0x000077845ffff411:   movabs $0x77847ff3aec4,%rdi         ;   {external_word}
  0x000077845ffff41b:   and    $0xfffffffffffffff0,%rsp
  0x000077845ffff41f:   call   0x000077847f991cc0           ;   {runtime_call MacroAssembler::debug64(char*, long, long*)}
  0x000077845ffff424:   hlt    
  0x000077845ffff425:   call   0x00007784674afe60           ;   {runtime_call DeoptimizationBlob}
[Deopt Handler Entry Point]
  0x000077845ffff42a:   jmp    0x000077845ffff425
  0x000077845ffff42c:   hlt    
  0x000077845ffff42d:   hlt    
  0x000077845ffff42e:   hlt    
  0x000077845ffff42f:   hlt    
--------------------------------------------------------------------------------
[/Disassembly]
