
============================= C1-compiled nmethod ==============================
----------------------------------- Assembly -----------------------------------

Compiled method (c1) 408   29       3       jdk.internal.classfile.impl.AbstractPoolEntry$AbstractRefEntry::&lt;init&gt; (24 bytes)
 total in heap  [0x000070fd53fff008,0x000070fd53fff4b0] = 1192
 main code      [0x000070fd53fff100,0x000070fd53fff478] = 888
 stub code      [0x000070fd53fff478,0x000070fd53fff4b0] = 56
 mutable data [0x000070fcfc015000,0x000070fcfc015080] = 128
 relocation     [0x000070fcfc015000,0x000070fcfc015058] = 88
 metadata       [0x000070fcfc015058,0x000070fcfc015080] = 40
 immutable data [0x000070fcfc014e20,0x000070fcfc014fec] = 460
 dependencies   [0x000070fcfc014e20,0x000070fcfc014e30] = 16
 nul chk table  [0x000070fcfc014e30,0x000070fcfc014e40] = 16
 scopes pcs     [0x000070fcfc014e40,0x000070fcfc014f30] = 240
 scopes data    [0x000070fcfc014f30,0x000070fcfc014fe8] = 184

[Disassembly]
--------------------------------------------------------------------------------
[Constant Pool (empty)]

--------------------------------------------------------------------------------

[Instructions begin]
  0x000070fd53fff100:   data16 data16 nopw 0x0(%rax,%rax,1)
  0x000070fd53fff10b:   data16 data16 xchg %ax,%ax
  0x000070fd53fff10f:   data16 xchg %ax,%ax
[Entry Point]
  # {method} {0x000000009c340f68} &apos;&lt;init&gt;&apos; &apos;(Ljava/lang/classfile/constantpool/ConstantPool;IILjava/lang/classfile/constantpool/PoolEntry;)V&apos; in &apos;jdk/internal/classfile/impl/AbstractPoolEntry$AbstractRefEntry&apos;
  # this:     rsi:rsi   = &apos;jdk/internal/classfile/impl/AbstractPoolEntry$AbstractRefEntry&apos;
  # parm0:    rdx:rdx   = &apos;java/lang/classfile/constantpool/ConstantPool&apos;
  # parm1:    rcx       = int
  # parm2:    r8        = int
  # parm3:    r9:r9     = &apos;java/lang/classfile/constantpool/PoolEntry&apos;
  #           [sp+0x90]  (sp of caller)
  0x000070fd53fff112:   mov    0x8(%rsi),%r10d
  0x000070fd53fff116:   cmp    0x8(%rax),%r10d
  0x000070fd53fff11a:   jne    0x000070fd5b4ad6e0           ;   {runtime_call ic_miss_blob (shared runtime)}
[Verified Entry Point]
  0x000070fd53fff120:   mov    %eax,-0x14000(%rsp)
  0x000070fd53fff127:   push   %rbp
  0x000070fd53fff128:   sub    $0x80,%rsp
  0x000070fd53fff12f:   nop
  0x000070fd53fff130:   cmpl   $0x1,0x20(%r15)
  0x000070fd53fff138:   je     0x000070fd53fff13f
  0x000070fd53fff13a:   call   Stub::method_entry_barrier_stub (stub gen)
                                                            ;   {runtime_call Stub::method_entry_barrier_stub (stub gen)}
  0x000070fd53fff13f:   movabs $0x70fd0c136aa8,%rdi         ;   {metadata(method data for {method} {0x000000009c340f68} &apos;&lt;init&gt;&apos; &apos;(Ljava/lang/classfile/constantpool/ConstantPool;IILjava/lang/classfile/constantpool/PoolEntry;)V&apos; in &apos;jdk/internal/classfile/impl/AbstractPoolEntry$AbstractRefEntry&apos;)}
  0x000070fd53fff149:   mov    0x90(%rdi),%ebx
  0x000070fd53fff14f:   add    $0x2,%ebx
  0x000070fd53fff152:   mov    %ebx,0x90(%rdi)
  0x000070fd53fff158:   and    $0x7fe,%ebx
  0x000070fd53fff15e:   test   %ebx,%ebx
  0x000070fd53fff160:   je     0x000070fd53fff373           ;*aload_0 {reexecute=0 rethrow=0 return_oop=0}
                                                            ; - jdk.internal.classfile.impl.AbstractPoolEntry$AbstractRefEntry::&lt;init&gt;@0 (line 526)
  0x000070fd53fff166:   mov    %r8d,0x5c(%rsp)
  0x000070fd53fff16b:   mov    %ecx,0x58(%rsp)
  0x000070fd53fff16f:   mov    %rdx,0x60(%rsp)
  0x000070fd53fff174:   mov    %rsi,0x50(%rsp)
  0x000070fd53fff179:   cmp    (%r9),%rax                   ; implicit exception: dispatches to 0x000070fd53fff394
  0x000070fd53fff17c:   mov    %r9,%rdi
  0x000070fd53fff17f:   movabs $0x70fd0c136aa8,%rbx         ;   {metadata(method data for {method} {0x000000009c340f68} &apos;&lt;init&gt;&apos; &apos;(Ljava/lang/classfile/constantpool/ConstantPool;IILjava/lang/classfile/constantpool/PoolEntry;)V&apos; in &apos;jdk/internal/classfile/impl/AbstractPoolEntry$AbstractRefEntry&apos;)}
  0x000070fd53fff189:   mov    0x8(%rdi),%edi
  0x000070fd53fff18c:   mov    $0x9c000000,%r10d
  0x000070fd53fff192:   add    %r10,%rdi
  0x000070fd53fff195:   mov    $0x1c,%r10d
  0x000070fd53fff19b:   cmp    (%rbx,%r10,8),%rdi
  0x000070fd53fff19f:   je     0x000070fd53fff1d8
  0x000070fd53fff1a1:   add    $0x2,%r10
  0x000070fd53fff1a5:   cmp    $0x20,%r10
  0x000070fd53fff1a9:   jne    0x000070fd53fff19b
  0x000070fd53fff1ab:   mov    $0x1c,%r10d
  0x000070fd53fff1b1:   cmpq   $0x0,(%rbx,%r10,8)
  0x000070fd53fff1b6:   je     0x000070fd53fff1c4
  0x000070fd53fff1b8:   add    $0x2,%r10
  0x000070fd53fff1bc:   cmp    $0x20,%r10
  0x000070fd53fff1c0:   jne    0x000070fd53fff1b1
  0x000070fd53fff1c2:   jmp    0x000070fd53fff1d0
  0x000070fd53fff1c4:   push   %rax
  0x000070fd53fff1c5:   xor    %rax,%rax
  0x000070fd53fff1c8:   cmpxchg %rdi,(%rbx,%r10,8)
  0x000070fd53fff1cd:   pop    %rax
  0x000070fd53fff1ce:   jmp    0x000070fd53fff195
  0x000070fd53fff1d0:   mov    $0x1b,%r10d
  0x000070fd53fff1d6:   jmp    0x000070fd53fff1dc
  0x000070fd53fff1d8:   add    $0x1,%r10
  0x000070fd53fff1dc:   addq   $0x1,(%rbx,%r10,8)
  0x000070fd53fff1e1:   mov    %r9,%rsi                     ;*invokeinterface index {reexecute=0 rethrow=0 return_oop=0}
                                                            ; - jdk.internal.classfile.impl.AbstractPoolEntry$AbstractRefEntry::&lt;init&gt;@6 (line 526)
  0x000070fd53fff1e4:   mov    %r9,0x68(%rsp)
  0x000070fd53fff1e9:   nopl   0x0(%rax)
  0x000070fd53fff1ed:   movabs $0x70fcfc0150c0,%rax
  0x000070fd53fff1f7:   call   0x000070fd5b4adce0           ; ImmutableOopMap {[80]=Oop [96]=Oop [104]=Oop }
                                                            ;*invokeinterface index {reexecute=0 rethrow=0 return_oop=0}
                                                            ; - jdk.internal.classfile.impl.AbstractPoolEntry$AbstractRefEntry::&lt;init&gt;@6 (line 526)
                                                            ;   {virtual_call}
  0x000070fd53fff1fc:   nopl   0x1f4(%rax,%rax,1)           ;*invokeinterface index {reexecute=0 rethrow=0 return_oop=0}
                                                            ; - jdk.internal.classfile.impl.AbstractPoolEntry$AbstractRefEntry::&lt;init&gt;@6 (line 526)
                                                            ;   {post_call_nop}
  0x000070fd53fff204:   movabs $0x70fd0c136aa8,%rsi         ;   {metadata(method data for {method} {0x000000009c340f68} &apos;&lt;init&gt;&apos; &apos;(Ljava/lang/classfile/constantpool/ConstantPool;IILjava/lang/classfile/constantpool/PoolEntry;)V&apos; in &apos;jdk/internal/classfile/impl/AbstractPoolEntry$AbstractRefEntry&apos;)}
  0x000070fd53fff20e:   addq   $0x1,0x108(%rsi)
  0x000070fd53fff216:   movabs $0x70fd0c1369a0,%rsi         ;   {metadata(method data for {method} {0x000000009c33fbd0} &apos;hash1&apos; &apos;(II)I&apos; in &apos;jdk/internal/classfile/impl/AbstractPoolEntry&apos;)}
  0x000070fd53fff220:   mov    0x90(%rsi),%edi
  0x000070fd53fff226:   add    $0x2,%edi
  0x000070fd53fff229:   mov    %edi,0x90(%rsi)
  0x000070fd53fff22f:   and    $0x1ffffe,%edi
  0x000070fd53fff235:   test   %edi,%edi
  0x000070fd53fff237:   je     0x000070fd53fff399
  0x000070fd53fff23d:   mov    0x50(%rsp),%rsi
  0x000070fd53fff242:   movabs $0x70fd0c136aa8,%rdi         ;   {metadata(method data for {method} {0x000000009c340f68} &apos;&lt;init&gt;&apos; &apos;(Ljava/lang/classfile/constantpool/ConstantPool;IILjava/lang/classfile/constantpool/PoolEntry;)V&apos; in &apos;jdk/internal/classfile/impl/AbstractPoolEntry$AbstractRefEntry&apos;)}
  0x000070fd53fff24c:   addq   $0x1,0x118(%rdi)
  0x000070fd53fff254:   mov    $0x13c4b2d1,%esi
  0x000070fd53fff259:   mov    0x58(%rsp),%ecx
  0x000070fd53fff25d:   imul   %esi,%ecx
  0x000070fd53fff260:   add    %eax,%ecx
  0x000070fd53fff262:   or     $0x40000000,%ecx
  0x000070fd53fff268:   movabs $0x70fd0c136870,%rsi         ;   {metadata(method data for {method} {0x000000009c33fac8} &apos;&lt;init&gt;&apos; &apos;(Ljava/lang/classfile/constantpool/ConstantPool;II)V&apos; in &apos;jdk/internal/classfile/impl/AbstractPoolEntry&apos;)}
  0x000070fd53fff272:   mov    0x90(%rsi),%edi
  0x000070fd53fff278:   add    $0x2,%edi
  0x000070fd53fff27b:   mov    %edi,0x90(%rsi)
  0x000070fd53fff281:   and    $0x1ffffe,%edi
  0x000070fd53fff287:   test   %edi,%edi
  0x000070fd53fff289:   je     0x000070fd53fff3ba
  0x000070fd53fff28f:   mov    0x50(%rsp),%rsi
  0x000070fd53fff294:   movabs $0x70fd0c136870,%rdi         ;   {metadata(method data for {method} {0x000000009c33fac8} &apos;&lt;init&gt;&apos; &apos;(Ljava/lang/classfile/constantpool/ConstantPool;II)V&apos; in &apos;jdk/internal/classfile/impl/AbstractPoolEntry&apos;)}
  0x000070fd53fff29e:   addq   $0x1,0xd8(%rdi)
  0x000070fd53fff2a6:   movabs $0x70fd0c136780,%rsi         ;   {metadata(method data for {method} {0x000000009c4a6d78} &apos;&lt;init&gt;&apos; &apos;()V&apos; in &apos;java/lang/Object&apos;)}
  0x000070fd53fff2b0:   mov    0x90(%rsi),%edi
  0x000070fd53fff2b6:   add    $0x2,%edi
  0x000070fd53fff2b9:   mov    %edi,0x90(%rsi)
  0x000070fd53fff2bf:   and    $0x1ffffe,%edi
  0x000070fd53fff2c5:   test   %edi,%edi
  0x000070fd53fff2c7:   je     0x000070fd53fff3db
  0x000070fd53fff2cd:   mov    0x50(%rsp),%rsi
  0x000070fd53fff2d2:   mov    0x5c(%rsp),%r8d
  0x000070fd53fff2d7:   mov    %r8d,0xc(%rsi)               ;*putfield index {reexecute=0 rethrow=0 return_oop=0}
                                                            ; - jdk.internal.classfile.impl.AbstractPoolEntry::&lt;init&gt;@6 (line 91)
                                                            ; - jdk.internal.classfile.impl.AbstractPoolEntry$AbstractRefEntry::&lt;init&gt;@14 (line 526)
  0x000070fd53fff2db:   mov    %ecx,0x10(%rsi)              ;*putfield hash {reexecute=0 rethrow=0 return_oop=0}
                                                            ; - jdk.internal.classfile.impl.AbstractPoolEntry::&lt;init&gt;@11 (line 92)
                                                            ; - jdk.internal.classfile.impl.AbstractPoolEntry$AbstractRefEntry::&lt;init&gt;@14 (line 526)
  0x000070fd53fff2de:   movsbl 0x48(%r15),%edi
  0x000070fd53fff2e3:   test   %edi,%edi
  0x000070fd53fff2e5:   jne    0x000070fd53fff3fc
  0x000070fd53fff2eb:   mov    0x60(%rsp),%rdx
  0x000070fd53fff2f0:   mov    %rdx,%r10
  0x000070fd53fff2f3:   shr    $0x3,%r10
  0x000070fd53fff2f7:   mov    %r10d,0x14(%rsi)
  0x000070fd53fff2fb:   mov    %rsi,%rbx
  0x000070fd53fff2fe:   xor    %rdx,%rbx
  0x000070fd53fff301:   shr    $0x17,%rbx
  0x000070fd53fff305:   je     0x000070fd53fff31f
  0x000070fd53fff307:   test   %rdx,%rdx
  0x000070fd53fff30a:   je     0x000070fd53fff31f
  0x000070fd53fff30c:   mov    %rsi,%rbx
  0x000070fd53fff30f:   shr    $0x9,%rbx
  0x000070fd53fff313:   add    0x50(%r15),%rbx
  0x000070fd53fff317:   cmpb   $0xff,(%rbx)
  0x000070fd53fff31a:   jne    0x000070fd53fff31f
  0x000070fd53fff31c:   movb   $0x0,(%rbx)                  ;*putfield constantPool {reexecute=0 rethrow=0 return_oop=0}
                                                            ; - jdk.internal.classfile.impl.AbstractPoolEntry::&lt;init&gt;@16 (line 93)
                                                            ; - jdk.internal.classfile.impl.AbstractPoolEntry$AbstractRefEntry::&lt;init&gt;@14 (line 526)
  0x000070fd53fff31f:   movsbl 0x48(%r15),%edi
  0x000070fd53fff324:   test   %edi,%edi
  0x000070fd53fff326:   jne    0x000070fd53fff41a
  0x000070fd53fff32c:   mov    0x68(%rsp),%r9
  0x000070fd53fff331:   mov    %r9,%r10
  0x000070fd53fff334:   shr    $0x3,%r10
  0x000070fd53fff338:   mov    %r10d,0x18(%rsi)
  0x000070fd53fff33c:   mov    %rsi,%rbx
  0x000070fd53fff33f:   xor    %r9,%rbx
  0x000070fd53fff342:   shr    $0x17,%rbx
  0x000070fd53fff346:   je     0x000070fd53fff360
  0x000070fd53fff348:   test   %r9,%r9
  0x000070fd53fff34b:   je     0x000070fd53fff360
  0x000070fd53fff34d:   mov    %rsi,%rbx
  0x000070fd53fff350:   shr    $0x9,%rbx
  0x000070fd53fff354:   add    0x50(%r15),%rbx
  0x000070fd53fff358:   cmpb   $0xff,(%rbx)
  0x000070fd53fff35b:   jne    0x000070fd53fff360
  0x000070fd53fff35d:   movb   $0x0,(%rbx)                  ;*putfield ref1 {reexecute=0 rethrow=0 return_oop=0}
                                                            ; - jdk.internal.classfile.impl.AbstractPoolEntry$AbstractRefEntry::&lt;init&gt;@20 (line 527)
  0x000070fd53fff360:   add    $0x80,%rsp
  0x000070fd53fff367:   pop    %rbp
  0x000070fd53fff368:   cmp    0x28(%r15),%rsp              ;   {poll_return}
  0x000070fd53fff36c:   ja     0x000070fd53fff438
  0x000070fd53fff372:   ret    
  0x000070fd53fff373:   movabs $0x9c340f68,%r10             ;   {metadata({method} {0x000000009c340f68} &apos;&lt;init&gt;&apos; &apos;(Ljava/lang/classfile/constantpool/ConstantPool;IILjava/lang/classfile/constantpool/PoolEntry;)V&apos; in &apos;jdk/internal/classfile/impl/AbstractPoolEntry$AbstractRefEntry&apos;)}
  0x000070fd53fff37d:   mov    %r10,0x8(%rsp)
  0x000070fd53fff382:   movq   $0xffffffffffffffff,(%rsp)
  0x000070fd53fff38a:   call   0x000070fd5b582fe0           ; ImmutableOopMap {rsi=Oop rdx=Oop r9=Oop }
                                                            ;*synchronization entry
                                                            ; - jdk.internal.classfile.impl.AbstractPoolEntry$AbstractRefEntry::&lt;init&gt;@-1 (line 526)
                                                            ;   {runtime_call counter_overflow_blob (C1 runtime)}
  0x000070fd53fff38f:   jmp    0x000070fd53fff166
  0x000070fd53fff394:   call   0x000070fd5b57cae0           ; ImmutableOopMap {r9=Oop [80]=Oop [96]=Oop }
                                                            ;*invokeinterface index {reexecute=0 rethrow=0 return_oop=0}
                                                            ; - jdk.internal.classfile.impl.AbstractPoolEntry$AbstractRefEntry::&lt;init&gt;@6 (line 526)
                                                            ;   {runtime_call throw_null_pointer_exception_blob (C1 runtime)}
  0x000070fd53fff399:   movabs $0x9c33fbd0,%r10             ;   {metadata({method} {0x000000009c33fbd0} &apos;hash1&apos; &apos;(II)I&apos; in &apos;jdk/internal/classfile/impl/AbstractPoolEntry&apos;)}
  0x000070fd53fff3a3:   mov    %r10,0x8(%rsp)
  0x000070fd53fff3a8:   movq   $0xffffffffffffffff,(%rsp)
  0x000070fd53fff3b0:   call   0x000070fd5b582fe0           ; ImmutableOopMap {[80]=Oop [96]=Oop [104]=Oop }
                                                            ;*synchronization entry
                                                            ; - jdk.internal.classfile.impl.AbstractPoolEntry::hash1@-1 (line 58)
                                                            ; - jdk.internal.classfile.impl.AbstractPoolEntry$AbstractRefEntry::&lt;init&gt;@11 (line 526)
                                                            ;   {runtime_call counter_overflow_blob (C1 runtime)}
  0x000070fd53fff3b5:   jmp    0x000070fd53fff23d
  0x000070fd53fff3ba:   movabs $0x9c33fac8,%r10             ;   {metadata({method} {0x000000009c33fac8} &apos;&lt;init&gt;&apos; &apos;(Ljava/lang/classfile/constantpool/ConstantPool;II)V&apos; in &apos;jdk/internal/classfile/impl/AbstractPoolEntry&apos;)}
  0x000070fd53fff3c4:   mov    %r10,0x8(%rsp)
  0x000070fd53fff3c9:   movq   $0xffffffffffffffff,(%rsp)
  0x000070fd53fff3d1:   call   0x000070fd5b582fe0           ; ImmutableOopMap {[80]=Oop [96]=Oop [104]=Oop }
                                                            ;*synchronization entry
                                                            ; - jdk.internal.classfile.impl.AbstractPoolEntry::&lt;init&gt;@-1 (line 90)
                                                            ; - jdk.internal.classfile.impl.AbstractPoolEntry$AbstractRefEntry::&lt;init&gt;@14 (line 526)
                                                            ;   {runtime_call counter_overflow_blob (C1 runtime)}
  0x000070fd53fff3d6:   jmp    0x000070fd53fff28f
  0x000070fd53fff3db:   movabs $0x9c4a6d78,%r10             ;   {metadata({method} {0x000000009c4a6d78} &apos;&lt;init&gt;&apos; &apos;()V&apos; in &apos;java/lang/Object&apos;)}
  0x000070fd53fff3e5:   mov    %r10,0x8(%rsp)
  0x000070fd53fff3ea:   movq   $0xffffffffffffffff,(%rsp)
  0x000070fd53fff3f2:   call   0x000070fd5b582fe0           ; ImmutableOopMap {[80]=Oop [96]=Oop [104]=Oop }
                                                            ;*synchronization entry
                                                            ; - java.lang.Object::&lt;init&gt;@-1 (line 46)
                                                            ; - jdk.internal.classfile.impl.AbstractPoolEntry::&lt;init&gt;@1 (line 90)
                                                            ; - jdk.internal.classfile.impl.AbstractPoolEntry$AbstractRefEntry::&lt;init&gt;@14 (line 526)
                                                            ;   {runtime_call counter_overflow_blob (C1 runtime)}
  0x000070fd53fff3f7:   jmp    0x000070fd53fff2cd
  0x000070fd53fff3fc:   mov    0x14(%rsi),%edi
  0x000070fd53fff3ff:   shl    $0x3,%rdi
  0x000070fd53fff403:   test   %rdi,%rdi
  0x000070fd53fff406:   je     0x000070fd53fff2eb
  0x000070fd53fff40c:   mov    %rdi,(%rsp)
  0x000070fd53fff410:   call   0x000070fd5b5835e0           ;   {runtime_call g1_pre_barrier_slow}
  0x000070fd53fff415:   jmp    0x000070fd53fff2eb
  0x000070fd53fff41a:   mov    0x18(%rsi),%edi
  0x000070fd53fff41d:   shl    $0x3,%rdi
  0x000070fd53fff421:   test   %rdi,%rdi
  0x000070fd53fff424:   je     0x000070fd53fff32c
  0x000070fd53fff42a:   mov    %rdi,(%rsp)
  0x000070fd53fff42e:   call   0x000070fd5b5835e0           ;   {runtime_call g1_pre_barrier_slow}
  0x000070fd53fff433:   jmp    0x000070fd53fff32c
  0x000070fd53fff438:   movabs $0x70fd53fff368,%r10         ;   {internal_word}
  0x000070fd53fff442:   mov    %r10,0x510(%r15)
  0x000070fd53fff449:   jmp    0x000070fd5b4afb60           ;   {runtime_call SafepointBlob}
  0x000070fd53fff44e:   mov    0x5c0(%r15),%rax
  0x000070fd53fff455:   movq   $0x0,0x5c0(%r15)
  0x000070fd53fff460:   movq   $0x0,0x5c8(%r15)
  0x000070fd53fff46b:   add    $0x80,%rsp
  0x000070fd53fff472:   pop    %rbp
  0x000070fd53fff473:   jmp    0x000070fd5b57b760           ;   {runtime_call unwind_exception_blob (C1 runtime)}
[Stub Code]
  0x000070fd53fff478:   nopl   0x0(%rax,%rax,1)             ;   {other}
  0x000070fd53fff47d:   movabs $0x0,%rbx                    ;   {static_stub}
  0x000070fd53fff487:   jmp    0x000070fd53fff487           ;   {runtime_call nmethod}
[Exception Handler]
  0x000070fd53fff48c:   call   0x000070fd5b57ede0           ;   {runtime_call handle_exception_from_callee_blob (C1 runtime)}
  0x000070fd53fff491:   movabs $0x70fd73f3aec4,%rdi         ;   {external_word}
  0x000070fd53fff49b:   and    $0xfffffffffffffff0,%rsp
  0x000070fd53fff49f:   call   0x000070fd73991cc0           ;   {runtime_call MacroAssembler::debug64(char*, long, long*)}
  0x000070fd53fff4a4:   hlt    
  0x000070fd53fff4a5:   call   0x000070fd5b4afe60           ;   {runtime_call DeoptimizationBlob}
[Deopt Handler Entry Point]
  0x000070fd53fff4aa:   jmp    0x000070fd53fff4a5
  0x000070fd53fff4ac:   hlt    
  0x000070fd53fff4ad:   hlt    
  0x000070fd53fff4ae:   hlt    
  0x000070fd53fff4af:   hlt    
--------------------------------------------------------------------------------
[/Disassembly]
