
============================= C1-compiled nmethod ==============================
----------------------------------- Assembly -----------------------------------

Compiled method (c1) 72    3       3       java.lang.Math::min (11 bytes)
 total in heap  [0x00007223a3fff008,0x00007223a3fff218] = 528
 main code      [0x00007223a3fff100,0x00007223a3fff1f8] = 248
 stub code      [0x00007223a3fff1f8,0x00007223a3fff218] = 32
 mutable data [0x000072234c014d20,0x000072234c014d50] = 48
 relocation     [0x000072234c014d20,0x000072234c014d48] = 40
 metadata       [0x000072234c014d48,0x000072234c014d50] = 8
 immutable data [0x000072234c014c70,0x000072234c014d14] = 164
 dependencies   [0x000072234c014c70,0x000072234c014c78] = 8
 scopes pcs     [0x000072234c014c78,0x000072234c014ce8] = 112
 scopes data    [0x000072234c014ce8,0x000072234c014d10] = 40

[Disassembly]
--------------------------------------------------------------------------------
[Constant Pool (empty)]

--------------------------------------------------------------------------------

[Verified Entry Point]
  # {method} {0x000000001f490a88} &apos;min&apos; &apos;(II)I&apos; in &apos;java/lang/Math&apos;
  # parm0:    rsi       = int
  # parm1:    rdx       = int
  #           [sp+0x30]  (sp of caller)
  0x00007223a3fff100:   mov    %eax,-0x14000(%rsp)
  0x00007223a3fff107:   push   %rbp
  0x00007223a3fff108:   sub    $0x20,%rsp
  0x00007223a3fff10c:   cmpl   $0x1,0x20(%r15)
  0x00007223a3fff114:   je     0x00007223a3fff11b
  0x00007223a3fff116:   call   Stub::method_entry_barrier_stub (stub gen)
                                                            ;   {runtime_call Stub::method_entry_barrier_stub (stub gen)}
  0x00007223a3fff11b:   movabs $0x72235c00d380,%rax         ;   {metadata(method data for {method} {0x000000001f490a88} &apos;min&apos; &apos;(II)I&apos; in &apos;java/lang/Math&apos;)}
  0x00007223a3fff125:   mov    0x90(%rax),%edi
  0x00007223a3fff12b:   add    $0x2,%edi
  0x00007223a3fff12e:   mov    %edi,0x90(%rax)
  0x00007223a3fff134:   and    $0x7fe,%edi
  0x00007223a3fff13a:   test   %edi,%edi
  0x00007223a3fff13c:   je     0x00007223a3fff197           ;*iload_0 {reexecute=0 rethrow=0 return_oop=0}
                                                            ; - java.lang.Math::min@0 (line 2120)
  0x00007223a3fff142:   cmp    %edx,%esi
  0x00007223a3fff144:   movabs $0x72235c00d380,%rax         ;   {metadata(method data for {method} {0x000000001f490a88} &apos;min&apos; &apos;(II)I&apos; in &apos;java/lang/Math&apos;)}
  0x00007223a3fff14e:   mov    $0xd8,%edi
  0x00007223a3fff153:   jg     0x00007223a3fff15a
  0x00007223a3fff155:   mov    $0xe8,%edi
  0x00007223a3fff15a:   mov    (%rax,%rdi,1),%rbx
  0x00007223a3fff15e:   lea    0x1(%rbx),%rbx
  0x00007223a3fff162:   mov    %rbx,(%rax,%rdi,1)
  0x00007223a3fff166:   jg     0x00007223a3fff181           ;*if_icmpgt {reexecute=0 rethrow=0 return_oop=0}
                                                            ; - java.lang.Math::min@2 (line 2120)
  0x00007223a3fff16c:   movabs $0x72235c00d380,%rax         ;   {metadata(method data for {method} {0x000000001f490a88} &apos;min&apos; &apos;(II)I&apos; in &apos;java/lang/Math&apos;)}
  0x00007223a3fff176:   incl   0xf8(%rax)
  0x00007223a3fff17c:   jmp    0x00007223a3fff184           ;*goto {reexecute=0 rethrow=0 return_oop=0}
                                                            ; - java.lang.Math::min@6 (line 2120)
  0x00007223a3fff181:   mov    %rdx,%rsi                    ;*ireturn {reexecute=0 rethrow=0 return_oop=0}
                                                            ; - java.lang.Math::min@10 (line 2120)
  0x00007223a3fff184:   mov    %rsi,%rax
  0x00007223a3fff187:   add    $0x20,%rsp
  0x00007223a3fff18b:   pop    %rbp
  0x00007223a3fff18c:   cmp    0x28(%r15),%rsp              ;   {poll_return}
  0x00007223a3fff190:   ja     0x00007223a3fff1b5
  0x00007223a3fff196:   ret    
  0x00007223a3fff197:   movabs $0x1f490a88,%r10             ;   {metadata({method} {0x000000001f490a88} &apos;min&apos; &apos;(II)I&apos; in &apos;java/lang/Math&apos;)}
  0x00007223a3fff1a1:   mov    %r10,0x8(%rsp)
  0x00007223a3fff1a6:   movq   $0xffffffffffffffff,(%rsp)
  0x00007223a3fff1ae:   call   0x00007223ab583460           ; ImmutableOopMap {}
                                                            ;*synchronization entry
                                                            ; - java.lang.Math::min@-1 (line 2120)
                                                            ;   {runtime_call counter_overflow_blob (C1 runtime)}
  0x00007223a3fff1b3:   jmp    0x00007223a3fff142
  0x00007223a3fff1b5:   movabs $0x7223a3fff18c,%r10         ;   {internal_word}
  0x00007223a3fff1bf:   mov    %r10,0x510(%r15)
  0x00007223a3fff1c6:   jmp    0x00007223ab4afb60           ;   {runtime_call SafepointBlob}
  0x00007223a3fff1cb:   mov    0x5c0(%r15),%rax
  0x00007223a3fff1d2:   movq   $0x0,0x5c0(%r15)
  0x00007223a3fff1dd:   movq   $0x0,0x5c8(%r15)
  0x00007223a3fff1e8:   add    $0x20,%rsp
  0x00007223a3fff1ec:   pop    %rbp
  0x00007223a3fff1ed:   jmp    0x00007223ab57b760           ;   {runtime_call unwind_exception_blob (C1 runtime)}
  0x00007223a3fff1f2:   hlt    
  0x00007223a3fff1f3:   hlt    
  0x00007223a3fff1f4:   hlt    
  0x00007223a3fff1f5:   hlt    
  0x00007223a3fff1f6:   hlt    
  0x00007223a3fff1f7:   hlt    
[Exception Handler]
  0x00007223a3fff1f8:   call   0x00007223ab57f2e0           ;   {runtime_call handle_exception_from_callee_blob (C1 runtime)}
  0x00007223a3fff1fd:   movabs $0x7223c3f3aec4,%rdi         ;   {external_word}
  0x00007223a3fff207:   and    $0xfffffffffffffff0,%rsp
  0x00007223a3fff20b:   call   0x00007223c3991cc0           ;   {runtime_call MacroAssembler::debug64(char*, long, long*)}
  0x00007223a3fff210:   hlt    
  0x00007223a3fff211:   call   0x00007223ab4afe60           ;   {runtime_call DeoptimizationBlob}
[Deopt Handler Entry Point]
  0x00007223a3fff216:   jmp    0x00007223a3fff211
--------------------------------------------------------------------------------
[/Disassembly]
