
============================= C1-compiled nmethod ==============================
----------------------------------- Assembly -----------------------------------

Compiled method (c1) 446   29       3       jdk.internal.util.ArraysSupport::hashCode (42 bytes)
 total in heap  [0x00007e677ffff008,0x00007e677ffff410] = 1032
 main code      [0x00007e677ffff100,0x00007e677ffff3d8] = 728
 stub code      [0x00007e677ffff3d8,0x00007e677ffff410] = 56
 mutable data [0x00007e6728014fa0,0x00007e6728015008] = 104
 relocation     [0x00007e6728014fa0,0x00007e6728014ff8] = 88
 metadata       [0x00007e6728014ff8,0x00007e6728015008] = 16
 immutable data [0x00007e6728014d50,0x00007e6728014f94] = 580
 dependencies   [0x00007e6728014d50,0x00007e6728014d58] = 8
 nul chk table  [0x00007e6728014d58,0x00007e6728014d78] = 32
 scopes pcs     [0x00007e6728014d78,0x00007e6728014ec8] = 336
 scopes data    [0x00007e6728014ec8,0x00007e6728014f90] = 200

[Disassembly]
--------------------------------------------------------------------------------
[Constant Pool (empty)]

--------------------------------------------------------------------------------

[Verified Entry Point]
  # {method} {0x000000001b48e720} &apos;hashCode&apos; &apos;([Ljava/lang/Object;III)I&apos; in &apos;jdk/internal/util/ArraysSupport&apos;
  # parm0:    rsi:rsi   = &apos;[Ljava/lang/Object;&apos;
  # parm1:    rdx       = int
  # parm2:    rcx       = int
  # parm3:    r8        = int
  #           [sp+0x60]  (sp of caller)
  0x00007e677ffff100:   mov    %eax,-0x14000(%rsp)
  0x00007e677ffff107:   push   %rbp
  0x00007e677ffff108:   sub    $0x50,%rsp
  0x00007e677ffff10c:   cmpl   $0x1,0x20(%r15)
  0x00007e677ffff114:   je     0x00007e677ffff11b
  0x00007e677ffff116:   call   Stub::method_entry_barrier_stub (stub gen)
                                                            ;   {runtime_call Stub::method_entry_barrier_stub (stub gen)}
  0x00007e677ffff11b:   mov    %rsi,0x38(%rsp)
  0x00007e677ffff120:   movabs $0x7e673413bcc8,%rdi         ;   {metadata(method data for {method} {0x000000001b48e720} &apos;hashCode&apos; &apos;([Ljava/lang/Object;III)I&apos; in &apos;jdk/internal/util/ArraysSupport&apos;)}
  0x00007e677ffff12a:   mov    0x90(%rdi),%ebx
  0x00007e677ffff130:   add    $0x2,%ebx
  0x00007e677ffff133:   mov    %ebx,0x90(%rdi)
  0x00007e677ffff139:   and    $0x7fe,%ebx
  0x00007e677ffff13f:   test   %ebx,%ebx
  0x00007e677ffff141:   je     0x00007e677ffff316           ;*iload_3 {reexecute=0 rethrow=0 return_oop=0}
                                                            ; - jdk.internal.util.ArraysSupport::hashCode@0 (line 321)
  0x00007e677ffff147:   add    %edx,%ecx
  0x00007e677ffff149:   mov    %ecx,0x40(%rsp)
  0x00007e677ffff14d:   data16 xchg %ax,%ax
  0x00007e677ffff150:   cmp    %ecx,%edx
  0x00007e677ffff152:   movabs $0x7e673413bcc8,%rdi         ;   {metadata(method data for {method} {0x000000001b48e720} &apos;hashCode&apos; &apos;([Ljava/lang/Object;III)I&apos; in &apos;jdk/internal/util/ArraysSupport&apos;)}
  0x00007e677ffff15c:   mov    $0xd8,%ebx
  0x00007e677ffff161:   jge    0x00007e677ffff168
  0x00007e677ffff163:   mov    $0xe8,%ebx
  0x00007e677ffff168:   mov    (%rdi,%rbx,1),%rax
  0x00007e677ffff16c:   lea    0x1(%rax),%rax
  0x00007e677ffff170:   mov    %rax,(%rdi,%rbx,1)
  0x00007e677ffff174:   jge    0x00007e677ffff303           ;*if_icmpge {reexecute=0 rethrow=0 return_oop=0}
                                                            ; - jdk.internal.util.ArraysSupport::hashCode@15 (line 323)
  0x00007e677ffff17a:   mov    %r8,%rdi
  0x00007e677ffff17d:   shl    $0x5,%r8d
  0x00007e677ffff181:   sub    %edi,%r8d
  0x00007e677ffff184:   cmp    0xc(%rsi),%edx               ; implicit exception: dispatches to 0x00007e677ffff337
  0x00007e677ffff187:   jae    0x00007e677ffff341
  0x00007e677ffff18d:   movslq %edx,%rdi
  0x00007e677ffff190:   mov    0x10(%rsi,%rdi,4),%edi
  0x00007e677ffff194:   shl    $0x3,%rdi                    ;*aaload {reexecute=0 rethrow=0 return_oop=0}
                                                            ; - jdk.internal.util.ArraysSupport::hashCode@26 (line 324)
  0x00007e677ffff198:   movabs $0x7e673413bcc8,%rbx         ;   {metadata(method data for {method} {0x000000001b48e720} &apos;hashCode&apos; &apos;([Ljava/lang/Object;III)I&apos; in &apos;jdk/internal/util/ArraysSupport&apos;)}
  0x00007e677ffff1a2:   addq   $0x1,0xf8(%rbx)
  0x00007e677ffff1aa:   movabs $0x7e673413bb48,%rbx         ;   {metadata(method data for {method} {0x000000001b21ede8} &apos;hashCode&apos; &apos;(Ljava/lang/Object;)I&apos; in &apos;java/util/Objects&apos;)}
  0x00007e677ffff1b4:   mov    0x90(%rbx),%eax
  0x00007e677ffff1ba:   add    $0x2,%eax
  0x00007e677ffff1bd:   mov    %eax,0x90(%rbx)
  0x00007e677ffff1c3:   and    $0x1ffffe,%eax
  0x00007e677ffff1c8:   test   %eax,%eax
  0x00007e677ffff1ca:   je     0x00007e677ffff34f
  0x00007e677ffff1d0:   test   %rdi,%rdi
  0x00007e677ffff1d3:   movabs $0x7e673413bb48,%rbx         ;   {metadata(method data for {method} {0x000000001b21ede8} &apos;hashCode&apos; &apos;(Ljava/lang/Object;)I&apos; in &apos;java/util/Objects&apos;)}
  0x00007e677ffff1dd:   mov    $0xd8,%eax
  0x00007e677ffff1e2:   je     0x00007e677ffff1e9
  0x00007e677ffff1e4:   mov    $0xe8,%eax
  0x00007e677ffff1e9:   mov    (%rbx,%rax,1),%r9
  0x00007e677ffff1ed:   lea    0x1(%r9),%r9
  0x00007e677ffff1f1:   mov    %r9,(%rbx,%rax,1)
  0x00007e677ffff1f5:   mov    %r8d,0x30(%rsp)
  0x00007e677ffff1fa:   mov    %edx,0x34(%rsp)
  0x00007e677ffff1fe:   je     0x00007e677ffff2a1           ;*ifnull {reexecute=0 rethrow=0 return_oop=0}
                                                            ; - java.util.Objects::hashCode@1 (line 97)
                                                            ; - jdk.internal.util.ArraysSupport::hashCode@27 (line 324)
  0x00007e677ffff204:   cmp    (%rdi),%rax                  ; implicit exception: dispatches to 0x00007e677ffff370
  0x00007e677ffff207:   mov    %rdi,%rbx
  0x00007e677ffff20a:   movabs $0x7e673413bb48,%rax         ;   {metadata(method data for {method} {0x000000001b21ede8} &apos;hashCode&apos; &apos;(Ljava/lang/Object;)I&apos; in &apos;java/util/Objects&apos;)}
  0x00007e677ffff214:   mov    0x8(%rbx),%ebx
  0x00007e677ffff217:   mov    $0x1b000000,%r10d
  0x00007e677ffff21d:   add    %r10,%rbx
  0x00007e677ffff220:   mov    $0x20,%r10d
  0x00007e677ffff226:   cmp    (%rax,%r10,8),%rbx
  0x00007e677ffff22a:   je     0x00007e677ffff269
  0x00007e677ffff22c:   add    $0x2,%r10
  0x00007e677ffff230:   cmp    $0x24,%r10
  0x00007e677ffff234:   jne    0x00007e677ffff226
  0x00007e677ffff236:   mov    $0x20,%r10d
  0x00007e677ffff23c:   cmpq   $0x0,(%rax,%r10,8)
  0x00007e677ffff241:   je     0x00007e677ffff24f
  0x00007e677ffff243:   add    $0x2,%r10
  0x00007e677ffff247:   cmp    $0x24,%r10
  0x00007e677ffff24b:   jne    0x00007e677ffff23c
  0x00007e677ffff24d:   jmp    0x00007e677ffff261
  0x00007e677ffff24f:   push   %rcx
  0x00007e677ffff250:   mov    %rax,%rcx
  0x00007e677ffff253:   xor    %rax,%rax
  0x00007e677ffff256:   cmpxchg %rbx,(%rcx,%r10,8)
  0x00007e677ffff25b:   mov    %rcx,%rax
  0x00007e677ffff25e:   pop    %rcx
  0x00007e677ffff25f:   jmp    0x00007e677ffff220
  0x00007e677ffff261:   mov    $0x1f,%r10d
  0x00007e677ffff267:   jmp    0x00007e677ffff26d
  0x00007e677ffff269:   add    $0x1,%r10
  0x00007e677ffff26d:   addq   $0x1,(%rax,%r10,8)
  0x00007e677ffff272:   mov    %rdi,%rsi                    ;*invokevirtual hashCode {reexecute=0 rethrow=0 return_oop=0}
                                                            ; - java.util.Objects::hashCode@5 (line 97)
                                                            ; - jdk.internal.util.ArraysSupport::hashCode@27 (line 324)
  0x00007e677ffff275:   movabs $0x7e67280150c0,%rax
  0x00007e677ffff27f:   call   0x00007e67874adce0           ; ImmutableOopMap {[56]=Oop }
                                                            ;*invokevirtual hashCode {reexecute=0 rethrow=0 return_oop=0}
                                                            ; - java.util.Objects::hashCode@5 (line 97)
                                                            ; - jdk.internal.util.ArraysSupport::hashCode@27 (line 324)
                                                            ;   {virtual_call}
  0x00007e677ffff284:   nopl   0x27c(%rax,%rax,1)           ;*invokevirtual hashCode {reexecute=0 rethrow=0 return_oop=0}
                                                            ; - java.util.Objects::hashCode@5 (line 97)
                                                            ; - jdk.internal.util.ArraysSupport::hashCode@27 (line 324)
                                                            ;   {post_call_nop}
  0x00007e677ffff28c:   movabs $0x7e673413bb48,%rsi         ;   {metadata(method data for {method} {0x000000001b21ede8} &apos;hashCode&apos; &apos;(Ljava/lang/Object;)I&apos; in &apos;java/util/Objects&apos;)}
  0x00007e677ffff296:   incl   0x128(%rsi)
  0x00007e677ffff29c:   jmp    0x00007e677ffff2a6           ;*goto {reexecute=0 rethrow=0 return_oop=0}
                                                            ; - java.util.Objects::hashCode@8 (line 97)
                                                            ; - jdk.internal.util.ArraysSupport::hashCode@27 (line 324)
  0x00007e677ffff2a1:   mov    $0x0,%eax                    ;*ireturn {reexecute=0 rethrow=0 return_oop=0}
                                                            ; - java.util.Objects::hashCode@12 (line 97)
                                                            ; - jdk.internal.util.ArraysSupport::hashCode@27 (line 324)
  0x00007e677ffff2a6:   mov    0x30(%rsp),%r8d
  0x00007e677ffff2ab:   add    %r8d,%eax
  0x00007e677ffff2ae:   mov    0x34(%rsp),%edx
  0x00007e677ffff2b2:   inc    %edx
  0x00007e677ffff2b4:   movabs $0x7e673413bcc8,%rsi         ;   {metadata(method data for {method} {0x000000001b48e720} &apos;hashCode&apos; &apos;([Ljava/lang/Object;III)I&apos; in &apos;jdk/internal/util/ArraysSupport&apos;)}
  0x00007e677ffff2be:   mov    0x94(%rsi),%edi
  0x00007e677ffff2c4:   add    $0x2,%edi
  0x00007e677ffff2c7:   mov    %edi,0x94(%rsi)
  0x00007e677ffff2cd:   and    $0x3ffe,%edi
  0x00007e677ffff2d3:   test   %edi,%edi
  0x00007e677ffff2d5:   je     0x00007e677ffff375           ;*goto {reexecute=0 rethrow=0 return_oop=0}
                                                            ; - jdk.internal.util.ArraysSupport::hashCode@36 (line 323)
  0x00007e677ffff2db:   mov    0x30(%r15),%r10              ; ImmutableOopMap {[56]=Oop }
                                                            ;*goto {reexecute=1 rethrow=0 return_oop=0}
                                                            ; - (reexecute) jdk.internal.util.ArraysSupport::hashCode@36 (line 323)
  0x00007e677ffff2df:   test   %eax,(%r10)                  ;   {poll}
  0x00007e677ffff2e2:   movabs $0x7e673413bcc8,%rsi         ;   {metadata(method data for {method} {0x000000001b48e720} &apos;hashCode&apos; &apos;([Ljava/lang/Object;III)I&apos; in &apos;jdk/internal/util/ArraysSupport&apos;)}
  0x00007e677ffff2ec:   incl   0x108(%rsi)
  0x00007e677ffff2f2:   mov    %rax,%r8
  0x00007e677ffff2f5:   mov    0x40(%rsp),%ecx
  0x00007e677ffff2f9:   mov    0x38(%rsp),%rsi
  0x00007e677ffff2fe:   jmp    0x00007e677ffff150           ;*goto {reexecute=0 rethrow=0 return_oop=0}
                                                            ; - jdk.internal.util.ArraysSupport::hashCode@36 (line 323)
  0x00007e677ffff303:   mov    %r8,%rax
  0x00007e677ffff306:   add    $0x50,%rsp
  0x00007e677ffff30a:   pop    %rbp
  0x00007e677ffff30b:   cmp    0x28(%r15),%rsp              ;   {poll_return}
  0x00007e677ffff30f:   ja     0x00007e677ffff396
  0x00007e677ffff315:   ret    
  0x00007e677ffff316:   movabs $0x1b48e720,%r10             ;   {metadata({method} {0x000000001b48e720} &apos;hashCode&apos; &apos;([Ljava/lang/Object;III)I&apos; in &apos;jdk/internal/util/ArraysSupport&apos;)}
  0x00007e677ffff320:   mov    %r10,0x8(%rsp)
  0x00007e677ffff325:   movq   $0xffffffffffffffff,(%rsp)
  0x00007e677ffff32d:   call   0x00007e6787581860           ; ImmutableOopMap {rsi=Oop [56]=Oop }
                                                            ;*synchronization entry
                                                            ; - jdk.internal.util.ArraysSupport::hashCode@-1 (line 321)
                                                            ;   {runtime_call counter_overflow_blob (C1 runtime)}
  0x00007e677ffff332:   jmp    0x00007e677ffff147
  0x00007e677ffff337:   call   0x00007e678757bd60           ; ImmutableOopMap {rsi=Oop [56]=Oop }
                                                            ;*aaload {reexecute=0 rethrow=0 return_oop=0}
                                                            ; - jdk.internal.util.ArraysSupport::hashCode@26 (line 324)
                                                            ;   {runtime_call throw_null_pointer_exception_blob (C1 runtime)}
  0x00007e677ffff33c:   call   0x00007e678757bd60           ; ImmutableOopMap {rsi=Oop [56]=Oop }
                                                            ;*aaload {reexecute=0 rethrow=0 return_oop=0}
                                                            ; - jdk.internal.util.ArraysSupport::hashCode@26 (line 324)
                                                            ;   {runtime_call throw_null_pointer_exception_blob (C1 runtime)}
  0x00007e677ffff341:   mov    %rdx,(%rsp)
  0x00007e677ffff345:   mov    %rsi,0x8(%rsp)
  0x00007e677ffff34a:   call   0x00007e678757afe0           ; ImmutableOopMap {rsi=Oop [56]=Oop }
                                                            ;*aaload {reexecute=0 rethrow=0 return_oop=0}
                                                            ; - jdk.internal.util.ArraysSupport::hashCode@26 (line 324)
                                                            ;   {runtime_call throw_range_check_failed_blob (C1 runtime)}
  0x00007e677ffff34f:   movabs $0x1b21ede8,%r10             ;   {metadata({method} {0x000000001b21ede8} &apos;hashCode&apos; &apos;(Ljava/lang/Object;)I&apos; in &apos;java/util/Objects&apos;)}
  0x00007e677ffff359:   mov    %r10,0x8(%rsp)
  0x00007e677ffff35e:   movq   $0xffffffffffffffff,(%rsp)
  0x00007e677ffff366:   call   0x00007e6787581860           ; ImmutableOopMap {rsi=Oop rdi=Oop [56]=Oop }
                                                            ;*synchronization entry
                                                            ; - java.util.Objects::hashCode@-1 (line 97)
                                                            ; - jdk.internal.util.ArraysSupport::hashCode@27 (line 324)
                                                            ;   {runtime_call counter_overflow_blob (C1 runtime)}
  0x00007e677ffff36b:   jmp    0x00007e677ffff1d0
  0x00007e677ffff370:   call   0x00007e678757bd60           ; ImmutableOopMap {rdi=Oop [56]=Oop }
                                                            ;*invokevirtual hashCode {reexecute=0 rethrow=0 return_oop=0}
                                                            ; - java.util.Objects::hashCode@5 (line 97)
                                                            ; - jdk.internal.util.ArraysSupport::hashCode@27 (line 324)
                                                            ;   {runtime_call throw_null_pointer_exception_blob (C1 runtime)}
  0x00007e677ffff375:   movabs $0x1b48e720,%r10             ;   {metadata({method} {0x000000001b48e720} &apos;hashCode&apos; &apos;([Ljava/lang/Object;III)I&apos; in &apos;jdk/internal/util/ArraysSupport&apos;)}
  0x00007e677ffff37f:   mov    %r10,0x8(%rsp)
  0x00007e677ffff384:   movq   $0x24,(%rsp)
  0x00007e677ffff38c:   call   0x00007e6787581860           ; ImmutableOopMap {[56]=Oop }
                                                            ;*goto {reexecute=1 rethrow=0 return_oop=0}
                                                            ; - (reexecute) jdk.internal.util.ArraysSupport::hashCode@36 (line 323)
                                                            ;   {runtime_call counter_overflow_blob (C1 runtime)}
  0x00007e677ffff391:   jmp    0x00007e677ffff2db
  0x00007e677ffff396:   movabs $0x7e677ffff30b,%r10         ;   {internal_word}
  0x00007e677ffff3a0:   mov    %r10,0x510(%r15)
  0x00007e677ffff3a7:   jmp    0x00007e67874afb60           ;   {runtime_call SafepointBlob}
  0x00007e677ffff3ac:   mov    0x5c0(%r15),%rax
  0x00007e677ffff3b3:   movq   $0x0,0x5c0(%r15)
  0x00007e677ffff3be:   movq   $0x0,0x5c8(%r15)
  0x00007e677ffff3c9:   add    $0x50,%rsp
  0x00007e677ffff3cd:   pop    %rbp
  0x00007e677ffff3ce:   jmp    0x00007e678757a560           ;   {runtime_call unwind_exception_blob (C1 runtime)}
  0x00007e677ffff3d3:   hlt    
  0x00007e677ffff3d4:   hlt    
  0x00007e677ffff3d5:   hlt    
  0x00007e677ffff3d6:   hlt    
  0x00007e677ffff3d7:   hlt    
[Stub Code]
  0x00007e677ffff3d8:   nopl   0x0(%rax,%rax,1)             ;   {other}
  0x00007e677ffff3dd:   movabs $0x0,%rbx                    ;   {static_stub}
  0x00007e677ffff3e7:   jmp    0x00007e677ffff3e7           ;   {runtime_call nmethod}
[Exception Handler]
  0x00007e677ffff3ec:   call   0x00007e678757db60           ;   {runtime_call handle_exception_from_callee_blob (C1 runtime)}
  0x00007e677ffff3f1:   movabs $0x7e67a093aec4,%rdi         ;   {external_word}
  0x00007e677ffff3fb:   and    $0xfffffffffffffff0,%rsp
  0x00007e677ffff3ff:   call   0x00007e67a0391cc0           ;   {runtime_call MacroAssembler::debug64(char*, long, long*)}
  0x00007e677ffff404:   hlt    
  0x00007e677ffff405:   call   0x00007e67874afe60           ;   {runtime_call DeoptimizationBlob}
[Deopt Handler Entry Point]
  0x00007e677ffff40a:   jmp    0x00007e677ffff405
  0x00007e677ffff40c:   hlt    
  0x00007e677ffff40d:   hlt    
  0x00007e677ffff40e:   hlt    
  0x00007e677ffff40f:   hlt    
--------------------------------------------------------------------------------
[/Disassembly]
