
============================= C1-compiled nmethod ==============================
----------------------------------- Assembly -----------------------------------

Compiled method (c1) 210    3       3       java.lang.String::&lt;init&gt; (15 bytes)
 total in heap  [0x00007fc84ffff008,0x00007fc84ffff2b0] = 680
 main code      [0x00007fc84ffff100,0x00007fc84ffff290] = 400
 stub code      [0x00007fc84ffff290,0x00007fc84ffff2b0] = 32
 mutable data [0x00007fc7f8014dc0,0x00007fc7f8014e00] = 64
 relocation     [0x00007fc7f8014dc0,0x00007fc7f8014df0] = 48
 metadata       [0x00007fc7f8014df0,0x00007fc7f8014e00] = 16
 immutable data [0x00007fc7f8014d00,0x00007fc7f8014db4] = 180
 dependencies   [0x00007fc7f8014d00,0x00007fc7f8014d08] = 8
 scopes pcs     [0x00007fc7f8014d08,0x00007fc7f8014d78] = 112
 scopes data    [0x00007fc7f8014d78,0x00007fc7f8014db0] = 56

[Disassembly]
--------------------------------------------------------------------------------
[Constant Pool (empty)]

--------------------------------------------------------------------------------

[Instructions begin]
  0x00007fc84ffff100:   data16 data16 nopw 0x0(%rax,%rax,1)
  0x00007fc84ffff10b:   data16 data16 xchg %ax,%ax
  0x00007fc84ffff10f:   data16 xchg %ax,%ax
[Entry Point]
  # {method} {0x00000000254a1fc8} &apos;&lt;init&gt;&apos; &apos;([BB)V&apos; in &apos;java/lang/String&apos;
  # this:     rsi:rsi   = &apos;java/lang/String&apos;
  # parm0:    rdx:rdx   = &apos;[B&apos;
  # parm1:    rcx       = byte
  #           [sp+0x40]  (sp of caller)
  0x00007fc84ffff112:   mov    0x8(%rsi),%r10d
  0x00007fc84ffff116:   cmp    0x8(%rax),%r10d
  0x00007fc84ffff11a:   jne    0x00007fc8574ad6e0           ;   {runtime_call ic_miss_blob (shared runtime)}
[Verified Entry Point]
  0x00007fc84ffff120:   mov    %eax,-0x14000(%rsp)
  0x00007fc84ffff127:   push   %rbp
  0x00007fc84ffff128:   sub    $0x30,%rsp
  0x00007fc84ffff12c:   cmpl   $0x1,0x20(%r15)
  0x00007fc84ffff134:   je     0x00007fc84ffff13b
  0x00007fc84ffff136:   call   Stub::method_entry_barrier_stub (stub gen)
                                                            ;   {runtime_call Stub::method_entry_barrier_stub (stub gen)}
  0x00007fc84ffff13b:   movabs $0x7fc80401b090,%rdi         ;   {metadata(method data for {method} {0x00000000254a1fc8} &apos;&lt;init&gt;&apos; &apos;([BB)V&apos; in &apos;java/lang/String&apos;)}
  0x00007fc84ffff145:   mov    0x90(%rdi),%ebx
  0x00007fc84ffff14b:   add    $0x2,%ebx
  0x00007fc84ffff14e:   mov    %ebx,0x90(%rdi)
  0x00007fc84ffff154:   and    $0x7fe,%ebx
  0x00007fc84ffff15a:   test   %ebx,%ebx
  0x00007fc84ffff15c:   je     0x00007fc84ffff1ed           ;*aload_0 {reexecute=0 rethrow=0 return_oop=0}
                                                            ; - java.lang.String::&lt;init&gt;@0 (line 5173)
  0x00007fc84ffff162:   mov    %rsi,%rdi
  0x00007fc84ffff165:   movabs $0x7fc80401b090,%rbx         ;   {metadata(method data for {method} {0x00000000254a1fc8} &apos;&lt;init&gt;&apos; &apos;([BB)V&apos; in &apos;java/lang/String&apos;)}
  0x00007fc84ffff16f:   addq   $0x1,0xd8(%rbx)
  0x00007fc84ffff177:   movabs $0x7fc80401afa0,%rdi         ;   {metadata(method data for {method} {0x00000000254a6d78} &apos;&lt;init&gt;&apos; &apos;()V&apos; in &apos;java/lang/Object&apos;)}
  0x00007fc84ffff181:   mov    0x90(%rdi),%ebx
  0x00007fc84ffff187:   add    $0x2,%ebx
  0x00007fc84ffff18a:   mov    %ebx,0x90(%rdi)
  0x00007fc84ffff190:   and    $0x1ffffe,%ebx
  0x00007fc84ffff196:   test   %ebx,%ebx
  0x00007fc84ffff198:   je     0x00007fc84ffff20e
  0x00007fc84ffff19e:   movsbl 0x48(%r15),%edi
  0x00007fc84ffff1a3:   test   %edi,%edi
  0x00007fc84ffff1a5:   jne    0x00007fc84ffff22f
  0x00007fc84ffff1ab:   mov    %rdx,%r10
  0x00007fc84ffff1ae:   shr    $0x3,%r10
  0x00007fc84ffff1b2:   mov    %r10d,0x14(%rsi)
  0x00007fc84ffff1b6:   mov    %rsi,%rbx
  0x00007fc84ffff1b9:   xor    %rdx,%rbx
  0x00007fc84ffff1bc:   shr    $0x17,%rbx
  0x00007fc84ffff1c0:   je     0x00007fc84ffff1da
  0x00007fc84ffff1c2:   test   %rdx,%rdx
  0x00007fc84ffff1c5:   je     0x00007fc84ffff1da
  0x00007fc84ffff1c7:   mov    %rsi,%rbx
  0x00007fc84ffff1ca:   shr    $0x9,%rbx
  0x00007fc84ffff1ce:   add    0x50(%r15),%rbx
  0x00007fc84ffff1d2:   cmpb   $0xff,(%rbx)
  0x00007fc84ffff1d5:   jne    0x00007fc84ffff1da
  0x00007fc84ffff1d7:   movb   $0x0,(%rbx)                  ;*putfield value {reexecute=0 rethrow=0 return_oop=0}
                                                            ; - java.lang.String::&lt;init&gt;@6 (line 5174)
  0x00007fc84ffff1da:   mov    %cl,0x10(%rsi)               ;*putfield coder {reexecute=0 rethrow=0 return_oop=0}
                                                            ; - java.lang.String::&lt;init&gt;@11 (line 5175)
  0x00007fc84ffff1dd:   add    $0x30,%rsp
  0x00007fc84ffff1e1:   pop    %rbp
  0x00007fc84ffff1e2:   cmp    0x28(%r15),%rsp              ;   {poll_return}
  0x00007fc84ffff1e6:   ja     0x00007fc84ffff24d
  0x00007fc84ffff1ec:   ret    
  0x00007fc84ffff1ed:   movabs $0x254a1fc8,%r10             ;   {metadata({method} {0x00000000254a1fc8} &apos;&lt;init&gt;&apos; &apos;([BB)V&apos; in &apos;java/lang/String&apos;)}
  0x00007fc84ffff1f7:   mov    %r10,0x8(%rsp)
  0x00007fc84ffff1fc:   movq   $0xffffffffffffffff,(%rsp)
  0x00007fc84ffff204:   call   0x00007fc857583460           ; ImmutableOopMap {rsi=Oop rdx=Oop }
                                                            ;*synchronization entry
                                                            ; - java.lang.String::&lt;init&gt;@-1 (line 5173)
                                                            ;   {runtime_call counter_overflow_blob (C1 runtime)}
  0x00007fc84ffff209:   jmp    0x00007fc84ffff162
  0x00007fc84ffff20e:   movabs $0x254a6d78,%r10             ;   {metadata({method} {0x00000000254a6d78} &apos;&lt;init&gt;&apos; &apos;()V&apos; in &apos;java/lang/Object&apos;)}
  0x00007fc84ffff218:   mov    %r10,0x8(%rsp)
  0x00007fc84ffff21d:   movq   $0xffffffffffffffff,(%rsp)
  0x00007fc84ffff225:   call   0x00007fc857583460           ; ImmutableOopMap {rsi=Oop rdx=Oop }
                                                            ;*synchronization entry
                                                            ; - java.lang.Object::&lt;init&gt;@-1 (line 46)
                                                            ; - java.lang.String::&lt;init&gt;@1 (line 5173)
                                                            ;   {runtime_call counter_overflow_blob (C1 runtime)}
  0x00007fc84ffff22a:   jmp    0x00007fc84ffff19e
  0x00007fc84ffff22f:   mov    0x14(%rsi),%edi
  0x00007fc84ffff232:   shl    $0x3,%rdi
  0x00007fc84ffff236:   test   %rdi,%rdi
  0x00007fc84ffff239:   je     0x00007fc84ffff1ab
  0x00007fc84ffff23f:   mov    %rdi,(%rsp)
  0x00007fc84ffff243:   call   0x00007fc857583a60           ;   {runtime_call g1_pre_barrier_slow}
  0x00007fc84ffff248:   jmp    0x00007fc84ffff1ab
  0x00007fc84ffff24d:   movabs $0x7fc84ffff1e2,%r10         ;   {internal_word}
  0x00007fc84ffff257:   mov    %r10,0x510(%r15)
  0x00007fc84ffff25e:   jmp    0x00007fc8574afb60           ;   {runtime_call SafepointBlob}
  0x00007fc84ffff263:   mov    0x5c0(%r15),%rax
  0x00007fc84ffff26a:   movq   $0x0,0x5c0(%r15)
  0x00007fc84ffff275:   movq   $0x0,0x5c8(%r15)
  0x00007fc84ffff280:   add    $0x30,%rsp
  0x00007fc84ffff284:   pop    %rbp
  0x00007fc84ffff285:   jmp    0x00007fc85757b760           ;   {runtime_call unwind_exception_blob (C1 runtime)}
  0x00007fc84ffff28a:   hlt    
  0x00007fc84ffff28b:   hlt    
  0x00007fc84ffff28c:   hlt    
  0x00007fc84ffff28d:   hlt    
  0x00007fc84ffff28e:   hlt    
  0x00007fc84ffff28f:   hlt    
[Exception Handler]
  0x00007fc84ffff290:   call   0x00007fc85757f2e0           ;   {runtime_call handle_exception_from_callee_blob (C1 runtime)}
  0x00007fc84ffff295:   movabs $0x7fc86f13aec4,%rdi         ;   {external_word}
  0x00007fc84ffff29f:   and    $0xfffffffffffffff0,%rsp
  0x00007fc84ffff2a3:   call   0x00007fc86eb91cc0           ;   {runtime_call MacroAssembler::debug64(char*, long, long*)}
  0x00007fc84ffff2a8:   hlt    
  0x00007fc84ffff2a9:   call   0x00007fc8574afe60           ;   {runtime_call DeoptimizationBlob}
[Deopt Handler Entry Point]
  0x00007fc84ffff2ae:   jmp    0x00007fc84ffff2a9
--------------------------------------------------------------------------------
[/Disassembly]
