
============================= C1-compiled nmethod ==============================
----------------------------------- Assembly -----------------------------------

Compiled method (c1) 416   29       3       java.lang.invoke.MethodType::equals (27 bytes)
 total in heap  [0x000078c03bfff008,0x000078c03bfff518] = 1296
 main code      [0x000078c03bfff100,0x000078c03bfff4e8] = 1000
 stub code      [0x000078c03bfff4e8,0x000078c03bfff518] = 48
 mutable data [0x000078bfdc014fd0,0x000078bfdc015048] = 120
 relocation     [0x000078bfdc014fd0,0x000078bfdc015038] = 104
 metadata       [0x000078bfdc015038,0x000078bfdc015048] = 16
 immutable data [0x000078bfdc014d90,0x000078bfdc014fc4] = 564
 dependencies   [0x000078bfdc014d90,0x000078bfdc014d98] = 8
 nul chk table  [0x000078bfdc014d98,0x000078bfdc014da8] = 16
 scopes pcs     [0x000078bfdc014da8,0x000078bfdc014f18] = 368
 scopes data    [0x000078bfdc014f18,0x000078bfdc014fc0] = 168

[Disassembly]
--------------------------------------------------------------------------------
[Constant Pool (empty)]

--------------------------------------------------------------------------------

[Instructions begin]
  0x000078c03bfff100:   data16 data16 nopw 0x0(%rax,%rax,1)
  0x000078c03bfff10b:   data16 data16 xchg %ax,%ax
  0x000078c03bfff10f:   data16 xchg %ax,%ax
[Entry Point]
  # {method} {0x00000000791f4a30} &apos;equals&apos; &apos;(Ljava/lang/Object;)Z&apos; in &apos;java/lang/invoke/MethodType&apos;
  # this:     rsi:rsi   = &apos;java/lang/invoke/MethodType&apos;
  # parm0:    rdx:rdx   = &apos;java/lang/Object&apos;
  #           [sp+0x50]  (sp of caller)
  0x000078c03bfff112:   mov    0x8(%rsi),%r10d
  0x000078c03bfff116:   cmp    0x8(%rax),%r10d
  0x000078c03bfff11a:   jne    0x000078c0434ad6e0           ;   {runtime_call ic_miss_blob (shared runtime)}
[Verified Entry Point]
  0x000078c03bfff120:   mov    %eax,-0x14000(%rsp)
  0x000078c03bfff127:   push   %rbp
  0x000078c03bfff128:   sub    $0x40,%rsp
  0x000078c03bfff12c:   cmpl   $0x1,0x20(%r15)
  0x000078c03bfff134:   je     0x000078c03bfff13b
  0x000078c03bfff136:   call   Stub::method_entry_barrier_stub (stub gen)
                                                            ;   {runtime_call Stub::method_entry_barrier_stub (stub gen)}
  0x000078c03bfff13b:   movabs $0x78bff414a5b0,%rdi         ;   {metadata(method data for {method} {0x00000000791f4a30} &apos;equals&apos; &apos;(Ljava/lang/Object;)Z&apos; in &apos;java/lang/invoke/MethodType&apos;)}
  0x000078c03bfff145:   mov    0x90(%rdi),%ebx
  0x000078c03bfff14b:   add    $0x2,%ebx
  0x000078c03bfff14e:   mov    %ebx,0x90(%rdi)
  0x000078c03bfff154:   and    $0x7fe,%ebx
  0x000078c03bfff15a:   test   %ebx,%ebx
  0x000078c03bfff15c:   je     0x000078c03bfff42d           ;*aload_0 {reexecute=0 rethrow=0 return_oop=0}
                                                            ; - java.lang.invoke.MethodType::equals@0 (line 891)
  0x000078c03bfff162:   cmp    %rdx,%rsi
  0x000078c03bfff165:   movabs $0x78bff414a5b0,%rdi         ;   {metadata(method data for {method} {0x00000000791f4a30} &apos;equals&apos; &apos;(Ljava/lang/Object;)Z&apos; in &apos;java/lang/invoke/MethodType&apos;)}
  0x000078c03bfff16f:   mov    $0xe8,%ebx
  0x000078c03bfff174:   je     0x000078c03bfff17b
  0x000078c03bfff176:   mov    $0xd8,%ebx
  0x000078c03bfff17b:   mov    (%rdi,%rbx,1),%rax
  0x000078c03bfff17f:   lea    0x1(%rax),%rax
  0x000078c03bfff183:   mov    %rax,(%rdi,%rbx,1)
  0x000078c03bfff187:   je     0x000078c03bfff418           ;*if_acmpne {reexecute=0 rethrow=0 return_oop=0}
                                                            ; - java.lang.invoke.MethodType::equals@2 (line 891)
  0x000078c03bfff18d:   test   %rdx,%rdx
  0x000078c03bfff190:   movabs $0x78bff414a5b0,%rax         ;   {metadata(method data for {method} {0x00000000791f4a30} &apos;equals&apos; &apos;(Ljava/lang/Object;)Z&apos; in &apos;java/lang/invoke/MethodType&apos;)}
  0x000078c03bfff19a:   jne    0x000078c03bfff1a8
  0x000078c03bfff19c:   orb    $0x1,0xf1(%rax)
  0x000078c03bfff1a3:   jmp    0x000078c03bfff22a
  0x000078c03bfff1a8:   mov    0x8(%rdx),%ecx
  0x000078c03bfff1ab:   mov    $0x79000000,%r10d
  0x000078c03bfff1b1:   add    %r10,%rcx
  0x000078c03bfff1b4:   mov    $0x20,%r10d
  0x000078c03bfff1ba:   cmp    (%rax,%r10,8),%rcx
  0x000078c03bfff1be:   je     0x000078c03bfff1fd
  0x000078c03bfff1c0:   add    $0x2,%r10
  0x000078c03bfff1c4:   cmp    $0x24,%r10
  0x000078c03bfff1c8:   jne    0x000078c03bfff1ba
  0x000078c03bfff1ca:   mov    $0x20,%r10d
  0x000078c03bfff1d0:   cmpq   $0x0,(%rax,%r10,8)
  0x000078c03bfff1d5:   je     0x000078c03bfff1e3
  0x000078c03bfff1d7:   add    $0x2,%r10
  0x000078c03bfff1db:   cmp    $0x24,%r10
  0x000078c03bfff1df:   jne    0x000078c03bfff1d0
  0x000078c03bfff1e1:   jmp    0x000078c03bfff1f5
  0x000078c03bfff1e3:   push   %rbx
  0x000078c03bfff1e4:   mov    %rax,%rbx
  0x000078c03bfff1e7:   xor    %rax,%rax
  0x000078c03bfff1ea:   cmpxchg %rcx,(%rbx,%r10,8)
  0x000078c03bfff1ef:   mov    %rbx,%rax
  0x000078c03bfff1f2:   pop    %rbx
  0x000078c03bfff1f3:   jmp    0x000078c03bfff1b4
  0x000078c03bfff1f5:   mov    $0x1f,%r10d
  0x000078c03bfff1fb:   jmp    0x000078c03bfff201
  0x000078c03bfff1fd:   add    $0x1,%r10
  0x000078c03bfff201:   addq   $0x1,(%rax,%r10,8)
  0x000078c03bfff206:   movabs $0x791f4790,%rcx             ;   {metadata(&apos;java/lang/invoke/MethodType&apos;)}
  0x000078c03bfff210:   mov    0x8(%rdx),%ebx
  0x000078c03bfff213:   mov    $0x79000000,%r10d
  0x000078c03bfff219:   add    %r10,%rbx
  0x000078c03bfff21c:   cmp    %rbx,%rcx
  0x000078c03bfff21f:   jne    0x000078c03bfff22a
  0x000078c03bfff225:   jmp    0x000078c03bfff22f
  0x000078c03bfff22a:   xor    %rdi,%rdi
  0x000078c03bfff22d:   jmp    0x000078c03bfff234
  0x000078c03bfff22f:   mov    $0x1,%edi                    ;*instanceof {reexecute=0 rethrow=0 return_oop=0}
                                                            ; - java.lang.invoke.MethodType::equals@8 (line 894)
  0x000078c03bfff234:   test   %edi,%edi
  0x000078c03bfff236:   movabs $0x78bff414a5b0,%rdi         ;   {metadata(method data for {method} {0x00000000791f4a30} &apos;equals&apos; &apos;(Ljava/lang/Object;)Z&apos; in &apos;java/lang/invoke/MethodType&apos;)}
  0x000078c03bfff240:   mov    $0x128,%ebx
  0x000078c03bfff245:   je     0x000078c03bfff24c
  0x000078c03bfff247:   mov    $0x138,%ebx
  0x000078c03bfff24c:   mov    (%rdi,%rbx,1),%rax
  0x000078c03bfff250:   lea    0x1(%rax),%rax
  0x000078c03bfff254:   mov    %rax,(%rdi,%rbx,1)
  0x000078c03bfff258:   je     0x000078c03bfff403           ;*ifeq {reexecute=0 rethrow=0 return_oop=0}
                                                            ; - java.lang.invoke.MethodType::equals@11 (line 894)
  0x000078c03bfff25e:   test   %rdx,%rdx
  0x000078c03bfff261:   movabs $0x78bff414a5b0,%rbx         ;   {metadata(method data for {method} {0x00000000791f4a30} &apos;equals&apos; &apos;(Ljava/lang/Object;)Z&apos; in &apos;java/lang/invoke/MethodType&apos;)}
  0x000078c03bfff26b:   jne    0x000078c03bfff279
  0x000078c03bfff26d:   orb    $0x1,0x141(%rbx)
  0x000078c03bfff274:   jmp    0x000078c03bfff2fb
  0x000078c03bfff279:   mov    0x8(%rdx),%eax
  0x000078c03bfff27c:   mov    $0x79000000,%r10d
  0x000078c03bfff282:   add    %r10,%rax
  0x000078c03bfff285:   mov    $0x2a,%r10d
  0x000078c03bfff28b:   cmp    (%rbx,%r10,8),%rax
  0x000078c03bfff28f:   je     0x000078c03bfff2ce
  0x000078c03bfff291:   add    $0x2,%r10
  0x000078c03bfff295:   cmp    $0x2e,%r10
  0x000078c03bfff299:   jne    0x000078c03bfff28b
  0x000078c03bfff29b:   mov    $0x2a,%r10d
  0x000078c03bfff2a1:   cmpq   $0x0,(%rbx,%r10,8)
  0x000078c03bfff2a6:   je     0x000078c03bfff2b4
  0x000078c03bfff2a8:   add    $0x2,%r10
  0x000078c03bfff2ac:   cmp    $0x2e,%r10
  0x000078c03bfff2b0:   jne    0x000078c03bfff2a1
  0x000078c03bfff2b2:   jmp    0x000078c03bfff2c6
  0x000078c03bfff2b4:   push   %rcx
  0x000078c03bfff2b5:   mov    %rax,%rcx
  0x000078c03bfff2b8:   xor    %rax,%rax
  0x000078c03bfff2bb:   cmpxchg %rcx,(%rbx,%r10,8)
  0x000078c03bfff2c0:   mov    %rcx,%rax
  0x000078c03bfff2c3:   pop    %rcx
  0x000078c03bfff2c4:   jmp    0x000078c03bfff285
  0x000078c03bfff2c6:   mov    $0x29,%r10d
  0x000078c03bfff2cc:   jmp    0x000078c03bfff2d2
  0x000078c03bfff2ce:   add    $0x1,%r10
  0x000078c03bfff2d2:   addq   $0x1,(%rbx,%r10,8)
  0x000078c03bfff2d7:   movabs $0x791f4790,%rax             ;   {metadata(&apos;java/lang/invoke/MethodType&apos;)}
  0x000078c03bfff2e1:   mov    0x8(%rdx),%edi
  0x000078c03bfff2e4:   mov    $0x79000000,%r10d
  0x000078c03bfff2ea:   add    %r10,%rdi
  0x000078c03bfff2ed:   cmp    %rdi,%rax
  0x000078c03bfff2f0:   jne    0x000078c03bfff44e
  0x000078c03bfff2f6:   jmp    0x000078c03bfff2fb           ;*checkcast {reexecute=0 rethrow=0 return_oop=0}
                                                            ; - java.lang.invoke.MethodType::equals@15 (line 894)
  0x000078c03bfff2fb:   mov    %rsi,%rdi
  0x000078c03bfff2fe:   movabs $0x78bff414a5b0,%rbx         ;   {metadata(method data for {method} {0x00000000791f4a30} &apos;equals&apos; &apos;(Ljava/lang/Object;)Z&apos; in &apos;java/lang/invoke/MethodType&apos;)}
  0x000078c03bfff308:   addq   $0x1,0x178(%rbx)
  0x000078c03bfff310:   movabs $0x78bff414a7a0,%rdi         ;   {metadata(method data for {method} {0x00000000794803c8} &apos;equals&apos; &apos;(Ljava/lang/invoke/MethodType;)Z&apos; in &apos;java/lang/invoke/MethodType&apos;)}
  0x000078c03bfff31a:   mov    0x90(%rdi),%ebx
  0x000078c03bfff320:   add    $0x2,%ebx
  0x000078c03bfff323:   mov    %ebx,0x90(%rdi)
  0x000078c03bfff329:   and    $0x1ffffe,%ebx
  0x000078c03bfff32f:   test   %ebx,%ebx
  0x000078c03bfff331:   je     0x000078c03bfff457
  0x000078c03bfff337:   mov    0xc(%rsi),%edi
  0x000078c03bfff33a:   shl    $0x3,%rdi                    ;*getfield rtype {reexecute=0 rethrow=0 return_oop=0}
                                                            ; - java.lang.invoke.MethodType::equals@1 (line 901)
                                                            ; - java.lang.invoke.MethodType::equals@21 (line 895)
  0x000078c03bfff33e:   mov    0xc(%rdx),%ebx               ; implicit exception: dispatches to 0x000078c03bfff478
  0x000078c03bfff341:   shl    $0x3,%rbx                    ;*getfield rtype {reexecute=0 rethrow=0 return_oop=0}
                                                            ; - java.lang.invoke.MethodType::equals@5 (line 901)
                                                            ; - java.lang.invoke.MethodType::equals@21 (line 895)
  0x000078c03bfff345:   cmp    %rbx,%rdi
  0x000078c03bfff348:   movabs $0x78bff414a7a0,%rdi         ;   {metadata(method data for {method} {0x00000000794803c8} &apos;equals&apos; &apos;(Ljava/lang/invoke/MethodType;)Z&apos; in &apos;java/lang/invoke/MethodType&apos;)}
  0x000078c03bfff352:   mov    $0xd8,%ebx
  0x000078c03bfff357:   jne    0x000078c03bfff35e
  0x000078c03bfff359:   mov    $0xe8,%ebx
  0x000078c03bfff35e:   mov    (%rdi,%rbx,1),%rax
  0x000078c03bfff362:   lea    0x1(%rax),%rax
  0x000078c03bfff366:   mov    %rax,(%rdi,%rbx,1)
  0x000078c03bfff36a:   jne    0x000078c03bfff3ce           ;*if_acmpne {reexecute=0 rethrow=0 return_oop=0}
                                                            ; - java.lang.invoke.MethodType::equals@8 (line 901)
                                                            ; - java.lang.invoke.MethodType::equals@21 (line 895)
  0x000078c03bfff370:   mov    0x10(%rsi),%esi
  0x000078c03bfff373:   shl    $0x3,%rsi                    ;*getfield ptypes {reexecute=0 rethrow=0 return_oop=0}
                                                            ; - java.lang.invoke.MethodType::equals@12 (line 901)
                                                            ; - java.lang.invoke.MethodType::equals@21 (line 895)
  0x000078c03bfff377:   mov    0x10(%rdx),%edx
  0x000078c03bfff37a:   shl    $0x3,%rdx                    ;*getfield ptypes {reexecute=0 rethrow=0 return_oop=0}
                                                            ; - java.lang.invoke.MethodType::equals@16 (line 901)
                                                            ; - java.lang.invoke.MethodType::equals@21 (line 895)
  0x000078c03bfff37e:   movabs $0x78bff414a7a0,%rdi         ;   {metadata(method data for {method} {0x00000000794803c8} &apos;equals&apos; &apos;(Ljava/lang/invoke/MethodType;)Z&apos; in &apos;java/lang/invoke/MethodType&apos;)}
  0x000078c03bfff388:   addq   $0x1,0xf8(%rdi)
  0x000078c03bfff390:   nopl   0x0(%rax)
  0x000078c03bfff397:   call   0x000078c0434adfe0           ; ImmutableOopMap {}
                                                            ;*invokestatic equals {reexecute=0 rethrow=0 return_oop=0}
                                                            ; - java.lang.invoke.MethodType::equals@19 (line 902)
                                                            ; - java.lang.invoke.MethodType::equals@21 (line 895)
                                                            ;   {static_call}
  0x000078c03bfff39c:   nopl   0x394(%rax,%rax,1)           ;*invokestatic equals {reexecute=0 rethrow=0 return_oop=0}
                                                            ; - java.lang.invoke.MethodType::equals@19 (line 902)
                                                            ; - java.lang.invoke.MethodType::equals@21 (line 895)
                                                            ;   {post_call_nop}
  0x000078c03bfff3a4:   test   %eax,%eax
  0x000078c03bfff3a6:   movabs $0x78bff414a7a0,%rax         ;   {metadata(method data for {method} {0x00000000794803c8} &apos;equals&apos; &apos;(Ljava/lang/invoke/MethodType;)Z&apos; in &apos;java/lang/invoke/MethodType&apos;)}
  0x000078c03bfff3b0:   mov    $0x118,%esi
  0x000078c03bfff3b5:   jne    0x000078c03bfff3bc
  0x000078c03bfff3b7:   mov    $0x108,%esi
  0x000078c03bfff3bc:   mov    (%rax,%rsi,1),%rdi
  0x000078c03bfff3c0:   lea    0x1(%rdi),%rdi
  0x000078c03bfff3c4:   mov    %rdi,(%rax,%rsi,1)
  0x000078c03bfff3c8:   jne    0x000078c03bfff3d8           ;*ifeq {reexecute=0 rethrow=0 return_oop=0}
                                                            ; - java.lang.invoke.MethodType::equals@22 (line 902)
                                                            ; - java.lang.invoke.MethodType::equals@21 (line 895)
  0x000078c03bfff3ce:   mov    $0x0,%eax
  0x000078c03bfff3d3:   jmp    0x000078c03bfff3ed           ;*ireturn {reexecute=0 rethrow=0 return_oop=0}
                                                            ; - java.lang.invoke.MethodType::equals@30 (line 901)
                                                            ; - java.lang.invoke.MethodType::equals@21 (line 895)
  0x000078c03bfff3d8:   movabs $0x78bff414a7a0,%rax         ;   {metadata(method data for {method} {0x00000000794803c8} &apos;equals&apos; &apos;(Ljava/lang/invoke/MethodType;)Z&apos; in &apos;java/lang/invoke/MethodType&apos;)}
  0x000078c03bfff3e2:   incl   0x128(%rax)
  0x000078c03bfff3e8:   mov    $0x1,%eax                    ;*goto {reexecute=0 rethrow=0 return_oop=0}
                                                            ; - java.lang.invoke.MethodType::equals@26 (line 902)
                                                            ; - java.lang.invoke.MethodType::equals@21 (line 895)
  0x000078c03bfff3ed:   and    $0x1,%eax
  0x000078c03bfff3f0:   and    $0x1,%eax
  0x000078c03bfff3f3:   add    $0x40,%rsp
  0x000078c03bfff3f7:   pop    %rbp
  0x000078c03bfff3f8:   cmp    0x28(%r15),%rsp              ;   {poll_return}
  0x000078c03bfff3fc:   ja     0x000078c03bfff47d
  0x000078c03bfff402:   ret                                 ;*ireturn {reexecute=0 rethrow=0 return_oop=0}
                                                            ; - java.lang.invoke.MethodType::equals@24 (line 895)
  0x000078c03bfff403:   mov    $0x0,%eax
  0x000078c03bfff408:   add    $0x40,%rsp
  0x000078c03bfff40c:   pop    %rbp
  0x000078c03bfff40d:   cmp    0x28(%r15),%rsp              ;   {poll_return}
  0x000078c03bfff411:   ja     0x000078c03bfff493
  0x000078c03bfff417:   ret                                 ;*ireturn {reexecute=0 rethrow=0 return_oop=0}
                                                            ; - java.lang.invoke.MethodType::equals@26 (line 897)
  0x000078c03bfff418:   mov    $0x1,%eax
  0x000078c03bfff41d:   add    $0x40,%rsp
  0x000078c03bfff421:   pop    %rbp
  0x000078c03bfff422:   cmp    0x28(%r15),%rsp              ;   {poll_return}
  0x000078c03bfff426:   ja     0x000078c03bfff4a9
  0x000078c03bfff42c:   ret    
  0x000078c03bfff42d:   movabs $0x791f4a30,%r10             ;   {metadata({method} {0x00000000791f4a30} &apos;equals&apos; &apos;(Ljava/lang/Object;)Z&apos; in &apos;java/lang/invoke/MethodType&apos;)}
  0x000078c03bfff437:   mov    %r10,0x8(%rsp)
  0x000078c03bfff43c:   movq   $0xffffffffffffffff,(%rsp)
  0x000078c03bfff444:   call   0x000078c043582fe0           ; ImmutableOopMap {rsi=Oop rdx=Oop }
                                                            ;*synchronization entry
                                                            ; - java.lang.invoke.MethodType::equals@-1 (line 891)
                                                            ;   {runtime_call counter_overflow_blob (C1 runtime)}
  0x000078c03bfff449:   jmp    0x000078c03bfff162
  0x000078c03bfff44e:   mov    %rdx,(%rsp)
  0x000078c03bfff452:   call   0x000078c04357f3e0           ; ImmutableOopMap {rsi=Oop }
                                                            ;*checkcast {reexecute=0 rethrow=0 return_oop=0}
                                                            ; - java.lang.invoke.MethodType::equals@15 (line 894)
                                                            ;   {runtime_call throw_class_cast_exception_blob (C1 runtime)}
  0x000078c03bfff457:   movabs $0x794803c8,%r10             ;   {metadata({method} {0x00000000794803c8} &apos;equals&apos; &apos;(Ljava/lang/invoke/MethodType;)Z&apos; in &apos;java/lang/invoke/MethodType&apos;)}
  0x000078c03bfff461:   mov    %r10,0x8(%rsp)
  0x000078c03bfff466:   movq   $0xffffffffffffffff,(%rsp)
  0x000078c03bfff46e:   call   0x000078c043582fe0           ; ImmutableOopMap {rsi=Oop rdx=Oop }
                                                            ;*synchronization entry
                                                            ; - java.lang.invoke.MethodType::equals@-1 (line 901)
                                                            ; - java.lang.invoke.MethodType::equals@21 (line 895)
                                                            ;   {runtime_call counter_overflow_blob (C1 runtime)}
  0x000078c03bfff473:   jmp    0x000078c03bfff337
  0x000078c03bfff478:   call   0x000078c04357c660           ; ImmutableOopMap {rsi=Oop rdx=Oop rdi=Oop }
                                                            ;*getfield rtype {reexecute=1 rethrow=0 return_oop=0}
                                                            ; - (reexecute) java.lang.invoke.MethodType::equals@5 (line 901)
                                                            ; - java.lang.invoke.MethodType::equals@21 (line 895)
                                                            ;   {runtime_call throw_null_pointer_exception_blob (C1 runtime)}
  0x000078c03bfff47d:   movabs $0x78c03bfff3f8,%r10         ;   {internal_word}
  0x000078c03bfff487:   mov    %r10,0x510(%r15)
  0x000078c03bfff48e:   jmp    0x000078c0434afb60           ;   {runtime_call SafepointBlob}
  0x000078c03bfff493:   movabs $0x78c03bfff40d,%r10         ;   {internal_word}
  0x000078c03bfff49d:   mov    %r10,0x510(%r15)
  0x000078c03bfff4a4:   jmp    0x000078c0434afb60           ;   {runtime_call SafepointBlob}
  0x000078c03bfff4a9:   movabs $0x78c03bfff422,%r10         ;   {internal_word}
  0x000078c03bfff4b3:   mov    %r10,0x510(%r15)
  0x000078c03bfff4ba:   jmp    0x000078c0434afb60           ;   {runtime_call SafepointBlob}
  0x000078c03bfff4bf:   mov    0x5c0(%r15),%rax
  0x000078c03bfff4c6:   movq   $0x0,0x5c0(%r15)
  0x000078c03bfff4d1:   movq   $0x0,0x5c8(%r15)
  0x000078c03bfff4dc:   add    $0x40,%rsp
  0x000078c03bfff4e0:   pop    %rbp
  0x000078c03bfff4e1:   jmp    0x000078c04357b760           ;   {runtime_call unwind_exception_blob (C1 runtime)}
  0x000078c03bfff4e6:   hlt    
  0x000078c03bfff4e7:   hlt    
[Stub Code]
  0x000078c03bfff4e8:   movabs $0x0,%rbx                    ;   {static_stub}
  0x000078c03bfff4f2:   jmp    0x000078c03bfff4f2           ;   {runtime_call nmethod}
[Exception Handler]
  0x000078c03bfff4f7:   call   0x000078c04357ede0           ;   {runtime_call handle_exception_from_callee_blob (C1 runtime)}
  0x000078c03bfff4fc:   movabs $0x78c05b13aec4,%rdi         ;   {external_word}
  0x000078c03bfff506:   and    $0xfffffffffffffff0,%rsp
  0x000078c03bfff50a:   call   0x000078c05ab91cc0           ;   {runtime_call MacroAssembler::debug64(char*, long, long*)}
  0x000078c03bfff50f:   hlt    
  0x000078c03bfff510:   call   0x000078c0434afe60           ;   {runtime_call DeoptimizationBlob}
[Deopt Handler Entry Point]
  0x000078c03bfff515:   jmp    0x000078c03bfff510
  0x000078c03bfff517:   hlt    
--------------------------------------------------------------------------------
[/Disassembly]
