
============================= C1-compiled nmethod ==============================
----------------------------------- Assembly -----------------------------------

Compiled method (c1) 443   29       3       java.lang.invoke.LambdaForm::argument (27 bytes)
 total in heap  [0x00007e51c7fff008,0x00007e51c7fff3a0] = 920
 main code      [0x00007e51c7fff100,0x00007e51c7fff370] = 624
 stub code      [0x00007e51c7fff370,0x00007e51c7fff3a0] = 48
 mutable data [0x00007e5168014f70,0x00007e5168014fd0] = 96
 relocation     [0x00007e5168014f70,0x00007e5168014fc0] = 80
 metadata       [0x00007e5168014fc0,0x00007e5168014fd0] = 16
 immutable data [0x00007e5168014d80,0x00007e5168014f5c] = 476
 dependencies   [0x00007e5168014d80,0x00007e5168014d88] = 8
 nul chk table  [0x00007e5168014d88,0x00007e5168014da8] = 32
 scopes pcs     [0x00007e5168014da8,0x00007e5168014ee8] = 320
 scopes data    [0x00007e5168014ee8,0x00007e5168014f58] = 112

[Disassembly]
--------------------------------------------------------------------------------
[Constant Pool (empty)]

--------------------------------------------------------------------------------

[Verified Entry Point]
  # {method} {0x000000000e47b2f8} &apos;argument&apos; &apos;(ILjava/lang/invoke/LambdaForm$BasicType;)Ljava/lang/invoke/LambdaForm$Name;&apos; in &apos;java/lang/invoke/LambdaForm&apos;
  # parm0:    rsi       = int
  # parm1:    rdx:rdx   = &apos;java/lang/invoke/LambdaForm$BasicType&apos;
  #           [sp+0x60]  (sp of caller)
  0x00007e51c7fff100:   mov    %eax,-0x14000(%rsp)
  0x00007e51c7fff107:   push   %rbp
  0x00007e51c7fff108:   sub    $0x50,%rsp
  0x00007e51c7fff10c:   cmpl   $0x1,0x20(%r15)
  0x00007e51c7fff114:   je     0x00007e51c7fff11b
  0x00007e51c7fff116:   call   Stub::method_entry_barrier_stub (stub gen)
                                                            ;   {runtime_call Stub::method_entry_barrier_stub (stub gen)}
  0x00007e51c7fff11b:   mov    %rsi,%rbx
  0x00007e51c7fff11e:   mov    %rdx,%r8
  0x00007e51c7fff121:   movabs $0x7e518014a770,%rdx         ;   {metadata(method data for {method} {0x000000000e47b2f8} &apos;argument&apos; &apos;(ILjava/lang/invoke/LambdaForm$BasicType;)Ljava/lang/invoke/LambdaForm$Name;&apos; in &apos;java/lang/invoke/LambdaForm&apos;)}
  0x00007e51c7fff12b:   mov    0x90(%rdx),%esi
  0x00007e51c7fff131:   add    $0x2,%esi
  0x00007e51c7fff134:   mov    %esi,0x90(%rdx)
  0x00007e51c7fff13a:   and    $0x7fe,%esi
  0x00007e51c7fff140:   test   %esi,%esi
  0x00007e51c7fff142:   je     0x00007e51c7fff2c1           ;*iload_0 {reexecute=0 rethrow=0 return_oop=0}
                                                            ; - java.lang.invoke.LambdaForm::argument@0 (line 1571)
  0x00007e51c7fff148:   cmp    $0xa,%ebx
  0x00007e51c7fff14b:   movabs $0x7e518014a770,%rdx         ;   {metadata(method data for {method} {0x000000000e47b2f8} &apos;argument&apos; &apos;(ILjava/lang/invoke/LambdaForm$BasicType;)Ljava/lang/invoke/LambdaForm$Name;&apos; in &apos;java/lang/invoke/LambdaForm&apos;)}
  0x00007e51c7fff155:   mov    $0xd8,%esi
  0x00007e51c7fff15a:   jl     0x00007e51c7fff161
  0x00007e51c7fff15c:   mov    $0xe8,%esi
  0x00007e51c7fff161:   mov    (%rdx,%rsi,1),%rdi
  0x00007e51c7fff165:   lea    0x1(%rdi),%rdi
  0x00007e51c7fff169:   mov    %rdi,(%rdx,%rsi,1)
  0x00007e51c7fff16d:   jl     0x00007e51c7fff209           ;*if_icmplt {reexecute=0 rethrow=0 return_oop=0}
                                                            ; - java.lang.invoke.LambdaForm::argument@3 (line 1571)
  0x00007e51c7fff173:   movabs $0xe283ad8,%rdx              ;   {metadata(&apos;java/lang/invoke/LambdaForm$Name&apos;)}
  0x00007e51c7fff17d:   mov    0x1b0(%r15),%rax
  0x00007e51c7fff184:   lea    0x20(%rax),%rdi
  0x00007e51c7fff188:   cmp    0x1c0(%r15),%rdi
  0x00007e51c7fff18f:   ja     0x00007e51c7fff2e2
  0x00007e51c7fff195:   mov    %rdi,0x1b0(%r15)
  0x00007e51c7fff19c:   movq   $0x1,(%rax)
  0x00007e51c7fff1a3:   mov    %rdx,%rcx
  0x00007e51c7fff1a6:   mov    $0xe000000,%r10d
  0x00007e51c7fff1ac:   sub    %r10,%rcx
  0x00007e51c7fff1af:   mov    %ecx,0x8(%rax)
  0x00007e51c7fff1b2:   xor    %rcx,%rcx
  0x00007e51c7fff1b5:   mov    %ecx,0xc(%rax)
  0x00007e51c7fff1b8:   xor    %rcx,%rcx
  0x00007e51c7fff1bb:   mov    %rcx,0x10(%rax)
  0x00007e51c7fff1bf:   mov    %rcx,0x18(%rax)              ;*new {reexecute=0 rethrow=0 return_oop=0}
                                                            ; - java.lang.invoke.LambdaForm::argument@6 (line 1572)
  0x00007e51c7fff1c3:   mov    %rax,%rdx
  0x00007e51c7fff1c6:   movabs $0x7e518014a770,%rcx         ;   {metadata(method data for {method} {0x000000000e47b2f8} &apos;argument&apos; &apos;(ILjava/lang/invoke/LambdaForm$BasicType;)Ljava/lang/invoke/LambdaForm$Name;&apos; in &apos;java/lang/invoke/LambdaForm&apos;)}
  0x00007e51c7fff1d0:   addq   $0x1,0xf8(%rcx)
  0x00007e51c7fff1d8:   mov    %rbx,%rdx
  0x00007e51c7fff1db:   mov    %r8,%rcx
  0x00007e51c7fff1de:   mov    %rax,%rsi                    ;*invokespecial &lt;init&gt; {reexecute=0 rethrow=0 return_oop=0}
                                                            ; - java.lang.invoke.LambdaForm::argument@12 (line 1572)
  0x00007e51c7fff1e1:   mov    %rax,0x38(%rsp)
  0x00007e51c7fff1e6:   nop
  0x00007e51c7fff1e7:   call   0x00007e51cf4ad9e0           ; ImmutableOopMap {[56]=Oop }
                                                            ;*invokespecial &lt;init&gt; {reexecute=0 rethrow=0 return_oop=0}
                                                            ; - java.lang.invoke.LambdaForm::argument@12 (line 1572)
                                                            ;   {optimized virtual_call}
  0x00007e51c7fff1ec:   nopl   0x1e4(%rax,%rax,1)           ;*invokespecial &lt;init&gt; {reexecute=0 rethrow=0 return_oop=0}
                                                            ; - java.lang.invoke.LambdaForm::argument@12 (line 1572)
                                                            ;   {post_call_nop}
  0x00007e51c7fff1f4:   mov    0x38(%rsp),%rax
  0x00007e51c7fff1f9:   add    $0x50,%rsp
  0x00007e51c7fff1fd:   pop    %rbp
  0x00007e51c7fff1fe:   cmp    0x28(%r15),%rsp              ;   {poll_return}
  0x00007e51c7fff202:   ja     0x00007e51c7fff2ef
  0x00007e51c7fff208:   ret                                 ;*areturn {reexecute=0 rethrow=0 return_oop=0}
                                                            ; - java.lang.invoke.LambdaForm::argument@15 (line 1572)
  0x00007e51c7fff209:   cmp    (%r8),%rax                   ; implicit exception: dispatches to 0x00007e51c7fff305
                                                            ;*invokevirtual ordinal {reexecute=0 rethrow=0 return_oop=0}
                                                            ; - java.lang.invoke.LambdaForm::argument@20 (line 1573)
  0x00007e51c7fff20c:   mov    %r8,%rax
  0x00007e51c7fff20f:   movabs $0x7e518014a770,%rsi         ;   {metadata(method data for {method} {0x000000000e47b2f8} &apos;argument&apos; &apos;(ILjava/lang/invoke/LambdaForm$BasicType;)Ljava/lang/invoke/LambdaForm$Name;&apos; in &apos;java/lang/invoke/LambdaForm&apos;)}
  0x00007e51c7fff219:   mov    0x8(%rax),%eax
  0x00007e51c7fff21c:   mov    $0xe000000,%r10d
  0x00007e51c7fff222:   add    %r10,%rax
  0x00007e51c7fff225:   mov    $0x22,%r10d
  0x00007e51c7fff22b:   cmp    (%rsi,%r10,8),%rax
  0x00007e51c7fff22f:   je     0x00007e51c7fff26e
  0x00007e51c7fff231:   add    $0x2,%r10
  0x00007e51c7fff235:   cmp    $0x26,%r10
  0x00007e51c7fff239:   jne    0x00007e51c7fff22b
  0x00007e51c7fff23b:   mov    $0x22,%r10d
  0x00007e51c7fff241:   cmpq   $0x0,(%rsi,%r10,8)
  0x00007e51c7fff246:   je     0x00007e51c7fff254
  0x00007e51c7fff248:   add    $0x2,%r10
  0x00007e51c7fff24c:   cmp    $0x26,%r10
  0x00007e51c7fff250:   jne    0x00007e51c7fff241
  0x00007e51c7fff252:   jmp    0x00007e51c7fff266
  0x00007e51c7fff254:   push   %rbx
  0x00007e51c7fff255:   mov    %rax,%rbx
  0x00007e51c7fff258:   xor    %rax,%rax
  0x00007e51c7fff25b:   cmpxchg %rbx,(%rsi,%r10,8)
  0x00007e51c7fff260:   mov    %rbx,%rax
  0x00007e51c7fff263:   pop    %rbx
  0x00007e51c7fff264:   jmp    0x00007e51c7fff225
  0x00007e51c7fff266:   mov    $0x21,%r10d
  0x00007e51c7fff26c:   jmp    0x00007e51c7fff272
  0x00007e51c7fff26e:   add    $0x1,%r10
  0x00007e51c7fff272:   addq   $0x1,(%rsi,%r10,8)
  0x00007e51c7fff277:   mov    0xc(%r8),%eax                ;*getfield ordinal {reexecute=0 rethrow=0 return_oop=0}
                                                            ; - java.lang.Enum::ordinal@1 (line 128)
                                                            ; - java.lang.invoke.LambdaForm::argument@20 (line 1573)
  0x00007e51c7fff27b:   mov    $0x5,%esi
  0x00007e51c7fff280:   movabs $0x41f814160,%rdi            ;   {oop(a &apos;java/lang/invoke/LambdaForm$Name&apos;[][5] {0x000000041f814160})}
  0x00007e51c7fff28a:   cmp    %eax,%esi
  0x00007e51c7fff28c:   jbe    0x00007e51c7fff30a
  0x00007e51c7fff292:   movslq %eax,%rax
  0x00007e51c7fff295:   mov    0x10(%rdi,%rax,4),%eax
  0x00007e51c7fff299:   shl    $0x3,%rax                    ;*aaload {reexecute=0 rethrow=0 return_oop=0}
                                                            ; - java.lang.invoke.LambdaForm::argument@23 (line 1573)
  0x00007e51c7fff29d:   cmp    0xc(%rax),%ebx               ; implicit exception: dispatches to 0x00007e51c7fff318
  0x00007e51c7fff2a0:   jae    0x00007e51c7fff322
  0x00007e51c7fff2a6:   movslq %ebx,%rbx
  0x00007e51c7fff2a9:   mov    0x10(%rax,%rbx,4),%eax
  0x00007e51c7fff2ad:   shl    $0x3,%rax                    ;*aaload {reexecute=0 rethrow=0 return_oop=0}
                                                            ; - java.lang.invoke.LambdaForm::argument@25 (line 1573)
  0x00007e51c7fff2b1:   add    $0x50,%rsp
  0x00007e51c7fff2b5:   pop    %rbp
  0x00007e51c7fff2b6:   cmp    0x28(%r15),%rsp              ;   {poll_return}
  0x00007e51c7fff2ba:   ja     0x00007e51c7fff330
  0x00007e51c7fff2c0:   ret    
  0x00007e51c7fff2c1:   movabs $0xe47b2f8,%r10              ;   {metadata({method} {0x000000000e47b2f8} &apos;argument&apos; &apos;(ILjava/lang/invoke/LambdaForm$BasicType;)Ljava/lang/invoke/LambdaForm$Name;&apos; in &apos;java/lang/invoke/LambdaForm&apos;)}
  0x00007e51c7fff2cb:   mov    %r10,0x8(%rsp)
  0x00007e51c7fff2d0:   movq   $0xffffffffffffffff,(%rsp)
  0x00007e51c7fff2d8:   call   0x00007e51cf580f60           ; ImmutableOopMap {r8=Oop }
                                                            ;*synchronization entry
                                                            ; - java.lang.invoke.LambdaForm::argument@-1 (line 1571)
                                                            ;   {runtime_call counter_overflow_blob (C1 runtime)}
  0x00007e51c7fff2dd:   jmp    0x00007e51c7fff148
  0x00007e51c7fff2e2:   mov    %rdx,%rdx
  0x00007e51c7fff2e5:   call   0x00007e51cf57bd60           ; ImmutableOopMap {r8=Oop }
                                                            ;*new {reexecute=0 rethrow=0 return_oop=0}
                                                            ; - java.lang.invoke.LambdaForm::argument@6 (line 1572)
                                                            ;   {runtime_call fast_new_instance_blob (C1 runtime)}
  0x00007e51c7fff2ea:   jmp    0x00007e51c7fff1c3
  0x00007e51c7fff2ef:   movabs $0x7e51c7fff1fe,%r10         ;   {internal_word}
  0x00007e51c7fff2f9:   mov    %r10,0x510(%r15)
  0x00007e51c7fff300:   jmp    0x00007e51cf4afb60           ;   {runtime_call SafepointBlob}
  0x00007e51c7fff305:   call   0x00007e51cf57b460           ; ImmutableOopMap {r8=Oop }
                                                            ;*invokevirtual ordinal {reexecute=0 rethrow=0 return_oop=0}
                                                            ; - java.lang.invoke.LambdaForm::argument@20 (line 1573)
                                                            ;   {runtime_call throw_null_pointer_exception_blob (C1 runtime)}
  0x00007e51c7fff30a:   mov    %rax,(%rsp)
  0x00007e51c7fff30e:   mov    %rdi,0x8(%rsp)
  0x00007e51c7fff313:   call   0x00007e51cf57ab60           ; ImmutableOopMap {rdi=Oop }
                                                            ;*aaload {reexecute=0 rethrow=0 return_oop=0}
                                                            ; - java.lang.invoke.LambdaForm::argument@23 (line 1573)
                                                            ;   {runtime_call throw_range_check_failed_blob (C1 runtime)}
  0x00007e51c7fff318:   call   0x00007e51cf57b460           ; ImmutableOopMap {rax=Oop }
                                                            ;*aaload {reexecute=0 rethrow=0 return_oop=0}
                                                            ; - java.lang.invoke.LambdaForm::argument@25 (line 1573)
                                                            ;   {runtime_call throw_null_pointer_exception_blob (C1 runtime)}
  0x00007e51c7fff31d:   call   0x00007e51cf57b460           ; ImmutableOopMap {rax=Oop }
                                                            ;*aaload {reexecute=0 rethrow=0 return_oop=0}
                                                            ; - java.lang.invoke.LambdaForm::argument@25 (line 1573)
                                                            ;   {runtime_call throw_null_pointer_exception_blob (C1 runtime)}
  0x00007e51c7fff322:   mov    %rbx,(%rsp)
  0x00007e51c7fff326:   mov    %rax,0x8(%rsp)
  0x00007e51c7fff32b:   call   0x00007e51cf57ab60           ; ImmutableOopMap {rax=Oop }
                                                            ;*aaload {reexecute=0 rethrow=0 return_oop=0}
                                                            ; - java.lang.invoke.LambdaForm::argument@25 (line 1573)
                                                            ;   {runtime_call throw_range_check_failed_blob (C1 runtime)}
  0x00007e51c7fff330:   movabs $0x7e51c7fff2b6,%r10         ;   {internal_word}
  0x00007e51c7fff33a:   mov    %r10,0x510(%r15)
  0x00007e51c7fff341:   jmp    0x00007e51cf4afb60           ;   {runtime_call SafepointBlob}
  0x00007e51c7fff346:   mov    0x5c0(%r15),%rax
  0x00007e51c7fff34d:   movq   $0x0,0x5c0(%r15)
  0x00007e51c7fff358:   movq   $0x0,0x5c8(%r15)
  0x00007e51c7fff363:   add    $0x50,%rsp
  0x00007e51c7fff367:   pop    %rbp
  0x00007e51c7fff368:   jmp    0x00007e51cf57a0e0           ;   {runtime_call unwind_exception_blob (C1 runtime)}
  0x00007e51c7fff36d:   hlt    
  0x00007e51c7fff36e:   hlt    
  0x00007e51c7fff36f:   hlt    
[Stub Code]
  0x00007e51c7fff370:   movabs $0x0,%rbx                    ;   {static_stub}
  0x00007e51c7fff37a:   jmp    0x00007e51c7fff37a           ;   {runtime_call nmethod}
[Exception Handler]
  0x00007e51c7fff37f:   call   0x00007e51cf57d260           ;   {runtime_call handle_exception_from_callee_blob (C1 runtime)}
  0x00007e51c7fff384:   movabs $0x7e51e653aec4,%rdi         ;   {external_word}
  0x00007e51c7fff38e:   and    $0xfffffffffffffff0,%rsp
  0x00007e51c7fff392:   call   0x00007e51e5f91cc0           ;   {runtime_call MacroAssembler::debug64(char*, long, long*)}
  0x00007e51c7fff397:   hlt    
  0x00007e51c7fff398:   call   0x00007e51cf4afe60           ;   {runtime_call DeoptimizationBlob}
[Deopt Handler Entry Point]
  0x00007e51c7fff39d:   jmp    0x00007e51c7fff398
  0x00007e51c7fff39f:   hlt    
--------------------------------------------------------------------------------
[/Disassembly]
